a7a3e71e-b0ab-400b-bae7-236611c168f4	gb:HM370979|Organism:Influenza	94.098	881	29	18	1	866	877	5	0.0	1317
6cf401e9-5e80-4fcc-8579-80035ee2046b	gb:HM370979|Organism:Influenza	97.149	877	14	10	1	870	13	885	0.0	1471
17fad085-fdb4-4c2f-be73-d263fef848c2	gb:HM370979|Organism:Influenza	95.982	871	18	13	1	860	13	877	0.0	1399
51502563-aefc-4c7d-a4b1-ae8a5a2cc046	gb:HM370979|Organism:Influenza	95.732	867	14	16	1	846	13	877	0.0	1375
c195c053-5c10-4b7b-ac46-916b2dac6424	gb:HM370979|Organism:Influenza	96.326	871	11	14	1	856	877	13	0.0	1411
9d9caa68-2919-4f9e-82ef-9fd247770a64	gb:HM370979|Organism:Influenza	97.126	870	15	8	1	865	877	13	0.0	1459
29f49641-f0c8-4694-88e8-921b03a08c0c	gb:HM370979|Organism:Influenza	98.404	877	6	6	5	877	885	13	0.0	1535
d7213a73-91a8-4c68-85cb-2cf9823471ab	gb:HM370979|Organism:Influenza	95.057	870	27	14	1	859	13	877	0.0	1354
6e060688-4d24-4d6f-900e-ef392b15ed6a	gb:HM370979|Organism:Influenza	91.811	867	31	28	3	834	874	13	0.0	1171
c975aac6-81b5-4d55-8dbc-c40d08656ecd	gb:HM370979|Organism:Influenza	96.305	866	21	11	4	864	872	13	0.0	1411
d779c6eb-6511-4072-b9b1-875ac1a60b51	gb:HM370979|Organism:Influenza	96.233	876	10	19	1	864	13	877	0.0	1413
bf9ffc4f-4aff-4d96-972e-ac4742c78d54	gb:HM370979|Organism:Influenza	97.477	872	9	10	1	866	877	13	0.0	1476
e3f6dd0a-8428-4626-a0a9-93651085ab00	gb:HM370979|Organism:Influenza	94.725	872	15	21	1	848	877	13	0.0	1327
a94a64a7-8ce1-485b-a61b-929753fa879b	gb:HM370979|Organism:Influenza	88.526	889	55	38	1	866	13	877	0.0	1033
3c142958-8773-4097-a90a-d03ddeb86edc	gb:HM370979|Organism:Influenza	96.203	869	19	10	1	859	13	877	0.0	1410
b82b1809-e02a-460a-85f0-aa8e75918155	gb:HM370979|Organism:Influenza	96.822	881	9	16	1	878	13	877	0.0	1454
32eed685-fc6d-42d7-904e-cc23ed5dbfba	gb:HM370979|Organism:Influenza	97.383	879	9	12	4	872	887	13	0.0	1483
90b95825-9b05-470a-9a45-2912dcc8c20d	gb:HM370979|Organism:Influenza	97.238	869	12	10	1	861	877	13	0.0	1461
e5284831-da3d-4fc0-a6f6-4ad4d72bfdae	gb:HM370979|Organism:Influenza	96.767	866	11	13	1	850	877	13	0.0	1428
41d7946d-57f7-4617-b026-0925d52d738f	gb:HM370979|Organism:Influenza	98.962	867	6	3	1	866	877	13	0.0	1548
445bad1e-b8ca-4aed-ab5d-fc21937d6c5f	gb:HM370979|Organism:Influenza	98.155	867	5	10	6	866	874	13	0.0	1502
62c6d2a6-4ba8-42a7-91d1-51d1f25d1709	gb:HM370979|Organism:Influenza	87.986	874	54	36	1	832	13	877	0.0	985
364177d7-f82a-45a3-8006-14cc9efc64a4	gb:HM370979|Organism:Influenza	98.284	874	9	6	96	965	6	877	0.0	1526
41e6508b-f0d5-41d7-b26d-9426ecd41432	gb:HM370979|Organism:Influenza	98.499	866	4	7	1	858	13	877	0.0	1519
755db5cc-334b-4878-8538-ce7917ca75d7	gb:HM370979|Organism:Influenza	95.647	873	18	14	1	861	13	877	0.0	1384
a334eb51-91c9-44ae-b1ba-c2e531dc814c	gb:HM370979|Organism:Influenza	94.394	874	24	18	1	858	13	877	0.0	1319
ea5040aa-2ed7-4a46-904f-a33a15d50dbe	gb:HM370979|Organism:Influenza	98.728	865	9	2	1	863	877	13	0.0	1535
0646c2e2-883f-423b-8b13-2efe4519b290	gb:HM370966|Organism:Influenza	95.745	282	6	3	1	276	2220	1939	1.83e-125	449
68223693-a313-4dad-a2cb-f45dd7870397	gb:HM370979|Organism:Influenza	97.232	867	11	12	4	864	872	13	0.0	1456
5387e0a3-4205-436c-a932-08b36272bf39	gb:HM370979|Organism:Influenza	92.148	866	31	31	1	834	13	873	0.0	1188
bd05f124-9503-40ed-9f9f-5862a4542e0a	gb:HM370979|Organism:Influenza	96.433	869	12	14	1	854	13	877	0.0	1415
40d617e7-17b1-448f-b7e2-5ca66188e3e6	gb:HM370979|Organism:Influenza	95.069	872	21	19	1	857	13	877	0.0	1352
553db1d3-96f6-40cb-acb0-4a0a2c7fc097	gb:HM370979|Organism:Influenza	92.554	873	24	29	1	840	13	877	0.0	1214
5984853c-b9eb-4238-bb1c-b0c2f05e14a5	gb:HM370979|Organism:Influenza	94.104	865	24	21	4	846	872	13	0.0	1290
90635e87-3152-43c9-b048-f2cb5317dea6	gb:HM370979|Organism:Influenza	91.959	883	33	25	2	852	1	877	0.0	1203
d90b9bce-5899-43b5-9d25-6da37cbcc435	gb:HM370979|Organism:Influenza	89.171	868	44	38	1	827	13	871	0.0	1037
db957ae8-e258-4909-9377-b017a5028e10	gb:HM370979|Organism:Influenza	93.005	872	26	26	1	844	13	877	0.0	1240
5892b3b4-bfdd-49c1-98f9-0ae1b17fc75e	gb:HM370979|Organism:Influenza	93.424	882	20	25	10	864	883	13	0.0	1273
75c70f33-718b-4683-b812-a370860ee7b2	gb:HM370979|Organism:Influenza	96.087	869	19	13	1	858	877	13	0.0	1402
e35ecb92-4552-46e2-a195-8677a07bd87c	gb:HM370979|Organism:Influenza	89.103	881	46	41	7	845	7	879	0.0	1050
3a0d7b91-7fbc-442f-9700-d43443ba99b3	gb:HM370979|Organism:Influenza	98.155	867	6	8	1	859	13	877	0.0	1504
a6ce0256-8971-439e-9609-ea7586b6d50e	gb:HM370979|Organism:Influenza	98.260	862	9	6	4	861	872	13	0.0	1504
db449146-8767-40bd-a9c5-463502de3e0d	gb:HM370979|Organism:Influenza	97.843	881	11	8	96	972	889	13	0.0	1515
b62529c3-3cb7-422f-8ad7-cd7565301bf0	gb:HM370979|Organism:Influenza	93.037	876	29	27	16	875	872	13	0.0	1251
2bde63ce-db58-4d82-99cd-1b840fab975a	gb:HM370979|Organism:Influenza	95.470	883	17	16	4	869	887	11	0.0	1387
21bf6c12-e7c0-437f-8f75-ab3dfdbd55f4	gb:HM370979|Organism:Influenza	97.486	875	9	7	1	872	13	877	0.0	1482
6bc058cd-2b04-4cff-976c-5c7b9f2e1ec8	gb:HM370979|Organism:Influenza	97.468	869	9	11	1	863	13	874	0.0	1471
627ce8a3-ce87-40a0-b0c1-2b1cbe829dcb	gb:HM370979|Organism:Influenza	96.207	870	10	13	1	852	877	13	0.0	1402
ee146e2a-4e17-49eb-8df3-bbd56f8593a4	gb:HM370979|Organism:Influenza	93.029	875	27	23	1	856	877	18	0.0	1247
5937a66a-00f2-4e41-911e-be94674f8de9	gb:HM370979|Organism:Influenza	93.242	873	35	18	1	857	877	13	0.0	1264
388a9b7a-8818-44d5-9223-4371887b5b17	gb:HM370979|Organism:Influenza	97.347	867	10	13	1	856	13	877	0.0	1461
c91aeb41-de32-4d2a-a655-91d13ef93ca4	gb:HM370979|Organism:Influenza	87.413	866	55	37	131	959	864	16	0.0	946
8fe0fc0d-99aa-4db9-943f-616228381464	gb:HM370979|Organism:Influenza	96.904	872	12	12	1	864	13	877	0.0	1447
408dc7f8-b9df-48f7-9ca7-83984ef80793	gb:HM370979|Organism:Influenza	98.501	867	7	6	1	863	13	877	0.0	1524
5c4ad8b2-5c85-42d1-b147-5fc553e2618f	gb:HM370979|Organism:Influenza	92.760	884	28	26	1	867	13	877	0.0	1245
9d1d456d-d5c5-480a-bf13-e3d5bacbd358	gb:HM370979|Organism:Influenza	95.578	882	19	14	9	879	885	13	0.0	1395
ff907afb-9d1a-41ae-869c-a373e3362f79	gb:HM370979|Organism:Influenza	98.272	868	12	3	1	868	877	13	0.0	1517
1b794fa4-e626-420f-b871-27f65eb8c462	gb:HM370979|Organism:Influenza	98.295	880	4	9	1	871	890	13	0.0	1531
c19d8ec5-00a6-4972-b317-0cbb11b830ba	gb:HM370979|Organism:Influenza	92.614	880	30	29	1	860	13	877	0.0	1232
aff337d8-8312-4c07-a9a1-4471a3d33c8b	gb:HM370979|Organism:Influenza	94.743	875	24	18	1	863	877	13	0.0	1341
d3dad51f-aa28-49b4-88ee-4d3a9b29aea5	gb:HM370979|Organism:Influenza	97.279	882	13	9	4	881	887	13	0.0	1485
20a9cbce-542f-4979-a005-56c11d7bd351	gb:HM370979|Organism:Influenza	96.900	871	9	17	6	867	874	13	0.0	1443
3aa532ce-22c2-4316-baab-2268bec02ecf	gb:HM370979|Organism:Influenza	98.039	867	8	6	1	860	13	877	0.0	1498
14f32c09-600e-470d-8624-2e3e85f5ec6f	gb:HM370979|Organism:Influenza	94.767	879	20	22	1	867	877	13	0.0	1345
28c65523-ad30-460f-8c02-624ffec17a27	gb:HM370979|Organism:Influenza	95.810	883	17	18	2	870	1	877	0.0	1408
be469d5d-3b8e-4c40-be26-147e13b5b2e2	gb:HM370979|Organism:Influenza	86.475	902	55	48	1	872	13	877	0.0	928
94eca9ed-7104-4024-b7f8-0c7d71190f06	gb:HM370979|Organism:Influenza	96.135	414	5	8	1	407	12	421	0.0	665
a5056cda-865f-4541-99f6-6f467082981e	gb:HM370979|Organism:Influenza	98.387	868	3	7	1	860	13	877	0.0	1515
eb078c62-a04a-4947-a839-c5c87876cba8	gb:HM370979|Organism:Influenza	94.966	874	20	16	1	859	877	13	0.0	1349
c4a6a63b-44b1-454c-9c60-c0474a4f272c	gb:HM370979|Organism:Influenza	98.046	870	11	5	1	869	13	877	0.0	1507
6af0ea6e-c995-40be-b0d6-e2ca83edb8c0	gb:HM370979|Organism:Influenza	95.139	864	22	18	17	865	873	15	0.0	1345
2d235385-b965-4f0d-8181-5b0b02da1a57	gb:HM370979|Organism:Influenza	96.237	877	18	12	1	874	877	13	0.0	1423
c5783f2c-6e46-4595-b91a-6aa9007f2e31	gb:HM370979|Organism:Influenza	98.731	867	6	5	1	864	13	877	0.0	1535
fd94ffbe-a72a-4d48-a452-35489dcbdbe8	gb:HM370979|Organism:Influenza	97.326	860	10	11	4	850	872	13	0.0	1448
e430d69b-39ed-4726-9dc3-0dc81d05ec86	gb:HM370979|Organism:Influenza	98.214	56	1	0	1	56	877	822	2.68e-20	99.0
f8783861-1023-4804-b673-0452ef79b323	gb:HM370979|Organism:Influenza	97.589	871	10	10	1	866	877	13	0.0	1482
9a918251-4ef9-4777-afb8-28beb629642c	gb:HM370979|Organism:Influenza	93.700	873	22	27	1	848	13	877	0.0	1277
32d30cb3-a3d0-4da2-b16a-e12ef010b108	gb:HM370979|Organism:Influenza	96.181	864	14	13	5	853	872	13	0.0	1395
7cfba8cb-5018-4be5-83fc-f44872794a74	gb:HM370979|Organism:Influenza	96.785	871	13	12	1	862	877	13	0.0	1439
c8fd2163-4b7a-44ad-84f4-3749f52f46c4	gb:HM370979|Organism:Influenza	92.972	868	28	24	21	868	872	18	0.0	1234
4fe294ed-8f9c-4cd2-a9dc-765db75e762a	gb:HM370979|Organism:Influenza	96.886	867	16	7	1	858	13	877	0.0	1441
6d276732-974c-4fe5-8659-4c16a6103e27	gb:HM370979|Organism:Influenza	95.449	879	14	23	1	867	877	13	0.0	1378
6ce47643-3bdd-4ef0-b3e4-13607afc7436	gb:HM370979|Organism:Influenza	96.005	876	14	17	1	866	877	13	0.0	1404
b4358112-9f1d-4904-8cd2-5b998995d1e6	gb:HM370979|Organism:Influenza	94.579	867	22	20	5	857	873	18	0.0	1317
d9985826-7148-4898-90a9-ac182d5a3e83	gb:HM370979|Organism:Influenza	96.552	870	7	16	1	852	877	13	0.0	1419
3ccc4059-7e2b-4d69-a06f-c5bf5d9bd8f1	gb:HM370979|Organism:Influenza	98.843	864	6	4	1	862	13	874	0.0	1537
3b2da5fc-0ceb-4113-8a55-7a5e0dd5b73b	gb:HM370979|Organism:Influenza	90.981	887	36	32	8	862	887	13	0.0	1155
d066c608-74cf-4707-a4fa-b81dcf26c133	gb:HM370979|Organism:Influenza	97.123	869	13	9	1	861	13	877	0.0	1456
d8d5cda9-afc7-4db3-827b-c488d208cc29	gb:HM370979|Organism:Influenza	89.220	872	51	40	112	952	872	13	0.0	1050
347874b8-b7bc-4088-ae44-8c636ff1fb81	gb:HM370979|Organism:Influenza	93.915	871	28	20	1	852	877	13	0.0	1291
bf1f0bba-9e08-40c2-b17e-8e6f4386588d	gb:HM370979|Organism:Influenza	97.936	872	8	8	1	869	13	877	0.0	1502
ca3e2443-c9fc-4450-8b5e-94cb1d9a4966	gb:HM370979|Organism:Influenza	96.667	870	12	13	1	857	878	13	0.0	1430
cddaead2-3e37-4541-891e-2fc949831aab	gb:HM370979|Organism:Influenza	97.929	869	11	6	1	866	13	877	0.0	1498
da47ac09-78f7-4484-abcd-14c3a0994185	gb:HM370979|Organism:Influenza	93.548	868	20	26	18	858	871	13	0.0	1260
ce909803-2999-45fe-bddd-5a4c5ae7bccf	gb:HM370979|Organism:Influenza	98.157	868	11	5	1	866	13	877	0.0	1509
6d4963d3-2c86-4c72-b22e-4bca5cad9a73	gb:HM370979|Organism:Influenza	93.486	875	28	29	1	855	13	878	0.0	1273
c679b3dc-856d-44fe-85e4-ab0b0c6c33a6	gb:HM370979|Organism:Influenza	97.699	869	9	10	1	862	877	13	0.0	1483
d31ab2e2-7363-4464-925d-97b0e5ebcce4	gb:HM370979|Organism:Influenza	97.356	870	11	8	1	863	13	877	0.0	1469
bbffd3b5-7147-46f4-8ef4-042c60ba25d0	gb:HM370979|Organism:Influenza	95.581	611	10	12	1	605	12	611	0.0	963
a837d55e-4403-4eb4-ae1d-a16a383f7b30	gb:HM370979|Organism:Influenza	98.849	869	3	7	1	866	877	13	0.0	1543
7584f26b-46c8-4254-8a4e-d5653d0d0f62	gb:HM370979|Organism:Influenza	93.545	883	24	27	7	867	884	13	0.0	1284
21a6073b-1143-45d1-bc2d-7afa8d6ff7f9	gb:HM370979|Organism:Influenza	97.811	868	9	10	1	861	13	877	0.0	1489
6bbcafcb-f45c-43e6-92a6-22340307f181	gb:HM370979|Organism:Influenza	98.270	867	9	6	1	863	13	877	0.0	1513
9328cb4a-0dae-4b8d-9ab5-3823e460c216	gb:HM370979|Organism:Influenza	93.448	870	30	20	1	854	13	871	0.0	1266
e4d45b62-b644-4975-8a40-95bcd335066e	gb:HM370979|Organism:Influenza	98.845	866	3	7	1	860	13	877	0.0	1537
310e25b5-daa3-4fec-a0db-c6dd68f36e4f	gb:HM370979|Organism:Influenza	96.932	880	12	12	95	966	885	13	0.0	1461
1f6c8b0d-429e-46dd-988b-f6883d86123c	gb:HM370979|Organism:Influenza	88.435	882	53	36	7	855	12	877	0.0	1018
ca61b619-2927-4803-ba69-cc90c8fa040d	gb:HM370979|Organism:Influenza	98.274	869	7	8	1	864	12	877	0.0	1515
8665c01e-2069-4885-894f-af6c6d118188	gb:HM370979|Organism:Influenza	88.686	875	42	39	1	828	13	877	0.0	1014
db8e6eba-8e97-42e3-bef2-5e9b9ce45414	gb:HM370979|Organism:Influenza	98.389	869	3	8	1	861	12	877	0.0	1517
826b3e57-fa66-4694-8f98-7d61369ebe3e	gb:HM370979|Organism:Influenza	95.293	871	15	18	1	851	13	877	0.0	1358
378e39ce-97ee-4900-8dbb-5c0692170d49	gb:HM370979|Organism:Influenza	96.257	855	14	16	16	857	862	13	0.0	1386
046b8f53-3947-4427-a46e-628378460e60	gb:HM370979|Organism:Influenza	97.055	883	15	10	2	879	1	877	0.0	1476
65ea3815-e123-46df-91c8-2f00b0518178	gb:HM370979|Organism:Influenza	99.187	861	6	1	4	864	872	13	0.0	1550
10334675-fd54-48a0-b38e-2ee1f49dbdf7	gb:HM370979|Organism:Influenza	98.616	867	6	6	1	863	13	877	0.0	1530
5b3f943c-e087-4b85-a4e3-cf2f2c51d251	gb:HM370979|Organism:Influenza	94.543	898	10	10	5	901	872	13	0.0	1351
b44221fa-7284-479d-95eb-71b0401fed9a	gb:HM370979|Organism:Influenza	96.778	869	12	11	1	857	13	877	0.0	1435
6f2b71ed-dc4d-430a-b1dd-ea767168691b	gb:HM370979|Organism:Influenza	96.886	867	10	9	3	858	873	13	0.0	1435
835287a8-34c1-465b-a642-e3b4598f66aa	gb:HM370979|Organism:Influenza	97.924	867	4	7	6	863	874	13	0.0	1489
b905eaac-7fab-4d92-b299-fe49905184a1	gb:HM370979|Organism:Influenza	95.543	875	16	15	3	867	874	13	0.0	1378
319cd148-e4f7-4bef-93e5-80ac662ebd56	gb:HM370979|Organism:Influenza	98.385	867	2	6	1	857	13	877	0.0	1513
2acf16b3-e02e-4e04-8e17-1bc541d64edc	gb:HM370979|Organism:Influenza	98.268	866	8	5	1	860	13	877	0.0	1509
cb9c795e-c2c7-46f3-9772-784f61f1f4c6	gb:HM370979|Organism:Influenza	98.144	862	6	4	6	857	874	13	0.0	1495
de1e5910-3243-451b-bab3-d40e44ff125d	gb:HM370979|Organism:Influenza	96.347	876	15	14	1	870	13	877	0.0	1424
c6e52b15-7c37-4f17-a297-b03d61b599f0	gb:HM370979|Organism:Influenza	95.528	872	20	18	1	860	877	13	0.0	1376
951f4dfd-5eeb-4487-9565-245605eb006f	gb:HM370979|Organism:Influenza	97.838	879	7	11	1	873	13	885	0.0	1507
9bd52ade-108a-4f50-b793-75f18a444754	gb:HM370979|Organism:Influenza	92.132	877	30	29	1	853	877	16	0.0	1201
4dc00cc2-8dc5-4b64-86af-3f17d4e75f14	gb:HM370979|Organism:Influenza	92.890	872	32	23	1	849	13	877	0.0	1240
a5bc4313-1097-4dd9-a7f8-be0ef67a7272	gb:HM370979|Organism:Influenza	98.039	867	7	5	1	860	13	876	0.0	1498
4f25e2d0-8cf6-4d87-b33b-f18acf473f12	gb:HM370979|Organism:Influenza	97.126	870	13	6	1	863	13	877	0.0	1458
9089cb11-8a26-46bb-a230-bc1bedca60ef	gb:HM370979|Organism:Influenza	99.079	869	4	4	1	869	13	877	0.0	1557
5305cdaa-d77a-47e8-b36e-7da042f71242	gb:HM370979|Organism:Influenza	96.897	870	7	11	1	855	13	877	0.0	1439
1fe484b8-4503-414e-b63c-d75b0fe145e4	gb:HM370966|Organism:Influenza	97.872	282	3	2	1	279	2220	1939	5.08e-136	484
95982bc2-6121-4f38-8228-be8db60737dc	gb:HM370979|Organism:Influenza	97.350	868	11	9	1	859	877	13	0.0	1465
a3249fa4-8a6c-4e1f-9214-85fc91859f08	gb:HM370979|Organism:Influenza	94.023	870	24	25	8	861	20	877	0.0	1293
f96f8a63-f682-46fa-bca6-8f92ae3ff092	gb:HM370979|Organism:Influenza	97.460	866	8	10	1	853	13	877	0.0	1465
537656ef-588e-4241-9ba6-9df2e48b7817	gb:HM370979|Organism:Influenza	97.696	868	16	4	1	867	13	877	0.0	1489
5ab98188-2164-408c-9e61-c3cc443d2fc6	gb:HM370979|Organism:Influenza	89.298	869	53	34	103	946	890	37	0.0	1053
6a2d1891-8a1a-4e7d-b268-49da9123d6e0	gb:HM370979|Organism:Influenza	89.480	808	36	36	18	786	33	830	0.0	976
489ac9f4-78f3-4d88-99be-ac8d8dd0e44d	gb:HM370979|Organism:Influenza	88.838	869	50	40	1	835	13	868	0.0	1024
5a63b47e-cee6-41e0-8957-ca761c359a3d	gb:HM370979|Organism:Influenza	92.144	891	38	26	1	872	890	13	0.0	1229
0d88cdf3-9e6a-48c9-a0c1-cbefe368d126	gb:HM370979|Organism:Influenza	93.177	894	18	32	1	868	889	13	0.0	1273
ef3acfa3-083f-4819-a5bd-2c5789b43089	gb:HM370979|Organism:Influenza	98.272	868	9	5	1	865	13	877	0.0	1515
ae2d8f5e-e16a-4e2a-ada8-783d0a013737	gb:HM370979|Organism:Influenza	98.041	868	11	5	1	864	12	877	0.0	1504
4da5383d-bacc-4827-a955-764b777ad6c3	gb:HM370979|Organism:Influenza	95.490	887	17	19	4	879	887	13	0.0	1395
ef30701f-1b59-4a14-a813-68be5a2ee650	gb:HM370979|Organism:Influenza	96.560	872	11	13	1	860	13	877	0.0	1426
cf1143ab-1999-41a5-bcc3-eed9ed514b3c	gb:HM370979|Organism:Influenza	90.225	890	50	27	1	866	877	1	0.0	1127
6ba5c398-d865-4184-bd4c-aa9b2a9e64eb	gb:HM370979|Organism:Influenza	97.338	864	6	13	1	854	13	869	0.0	1452
1e1d8eba-78c7-4e4d-bb17-633adf13b98f	gb:HM370979|Organism:Influenza	98.039	867	11	5	1	863	877	13	0.0	1502
62dea621-937e-4cc9-8346-53a0c0957ca7	gb:HM370979|Organism:Influenza	96.871	863	10	12	4	854	872	15	0.0	1428
0d7af81a-38e3-4d79-8ea4-1edd0b99d2b7	gb:HM370979|Organism:Influenza	92.588	877	27	34	1	851	13	877	0.0	1225
0fa040d9-4d2c-4c29-b9ab-d5746b061ddc	gb:HM370979|Organism:Influenza	93.707	874	25	27	1	858	13	872	0.0	1282
4d241ad0-9693-42eb-b69d-191af80dcdbc	gb:HM370979|Organism:Influenza	96.128	878	17	17	1	874	877	13	0.0	1417
973c2e8e-3bc0-4997-83d1-3742ad47feb9	gb:HM370979|Organism:Influenza	97.696	868	12	7	1	863	877	13	0.0	1485
c864a117-e126-4828-a917-79d826d6e09f	gb:HM370979|Organism:Influenza	96.453	874	14	13	1	866	13	877	0.0	1426
b36f2bb8-5efc-403c-a2fb-3c6d1e32c3be	gb:HM370979|Organism:Influenza	99.076	866	6	2	1	865	877	13	0.0	1554
9b32bd3f-f656-48da-a516-b046e504aaf8	gb:HM370979|Organism:Influenza	93.685	871	32	19	1	854	13	877	0.0	1282
5b9b1b28-edfd-4334-b69a-a93954054315	gb:HM370979|Organism:Influenza	90.828	894	37	29	1	866	877	1	0.0	1155
d81c877e-f0a1-4522-91e8-ae8324b6f75d	gb:HM370979|Organism:Influenza	95.298	872	20	13	1	857	13	878	0.0	1363
986957ae-9037-4bcb-a41e-373b0de23365	gb:HM370979|Organism:Influenza	95.843	866	19	13	1	850	877	13	0.0	1384
53557333-d796-435e-8af6-3ba183dba994	gb:HM370979|Organism:Influenza	99.422	865	4	1	1	864	877	13	0.0	1568
7c3597a3-0e9c-4d78-9a73-2150114b6c96	gb:HM370979|Organism:Influenza	98.616	867	2	5	1	859	13	877	0.0	1526
ead8b547-a9d1-430e-b385-53e3813ddb2f	gb:HM370979|Organism:Influenza	94.839	872	29	14	1	863	13	877	0.0	1347
daf356f2-6993-4523-b18c-dd8c7c4e3a15	gb:HM370979|Organism:Influenza	96.918	876	13	9	1	873	13	877	0.0	1456
5e54f483-c069-44b7-853f-08188e57d740	gb:HM370979|Organism:Influenza	98.849	869	4	6	1	867	877	13	0.0	1544
400fbf6f-a564-4289-9d89-a0a015a86e8b	gb:HM370979|Organism:Influenza	97.704	871	5	11	1	862	877	13	0.0	1483
9b330b42-dc8e-43cd-b5bc-973da34af951	gb:HM370979|Organism:Influenza	94.927	887	17	21	1	881	877	13	0.0	1363
3be0e16d-2f53-45eb-b39e-d654ea0d5823	gb:HM370979|Organism:Influenza	97.926	868	5	8	1	858	13	877	0.0	1491
e36dac82-2021-49bb-b8f9-7256010ca046	gb:HM370979|Organism:Influenza	93.678	870	26	19	5	854	873	13	0.0	1275
0ec00f8d-7df8-48ce-bf3c-5dce1aaee4d9	gb:HM370979|Organism:Influenza	93.743	863	24	22	14	849	872	13	0.0	1267
ce85a461-23e0-44bb-8736-501b63bdac83	gb:HM370979|Organism:Influenza	87.991	891	54	38	1	856	13	885	0.0	1003
e3a84690-9d8a-47ca-87fc-b3afcf109d02	gb:HM370979|Organism:Influenza	96.347	876	17	14	1	872	877	13	0.0	1426
38e6fe5e-a057-4b68-8b8a-7b3055bb4d24	gb:HM370979|Organism:Influenza	89.712	904	42	38	1	879	13	890	0.0	1107
3baf5b6d-766a-49a7-bb51-12e5335a7acc	gb:HM370979|Organism:Influenza	97.359	871	11	10	1	865	877	13	0.0	1471
bbdc279b-335b-4941-934e-3e176403b25d	gb:HM370979|Organism:Influenza	95.381	866	22	14	1	849	13	877	0.0	1362
febaef7d-0b6c-41bd-95fd-a82af601c1b8	gb:HM370979|Organism:Influenza	96.785	871	14	10	1	863	13	877	0.0	1441
95a98d56-ddc7-462f-90e8-4291096d6ca4	gb:HM370979|Organism:Influenza	98.041	868	7	10	1	861	13	877	0.0	1500
6e8e9e94-5228-4d7a-8713-5901f1d982c8	gb:HM370979|Organism:Influenza	97.011	870	10	15	1	859	877	13	0.0	1448
cd96d10b-1a22-466e-92b7-da0abfd8ff8f	gb:HM370979|Organism:Influenza	97.015	871	9	15	1	860	877	13	0.0	1448
f8e3cce8-87c6-4025-b9d8-5be518760e74	gb:HM370979|Organism:Influenza	98.159	869	9	6	1	866	877	13	0.0	1509
57c45c26-84e8-4ce0-b528-84290ba7f616	gb:HM370979|Organism:Influenza	92.914	875	30	23	1	853	13	877	0.0	1243
e22f7b46-93c3-4584-ab64-108a50aa878a	gb:HM370979|Organism:Influenza	92.193	871	33	26	1	842	13	877	0.0	1199
e0ec2a91-3fab-48ef-999a-945ed860389c	gb:HM370979|Organism:Influenza	95.968	868	18	15	1	855	14	877	0.0	1393
ef5c89c0-6cba-45dd-9f5e-f3fd50879df3	gb:HM370979|Organism:Influenza	99.068	858	5	2	17	871	870	13	0.0	1537
ff28d484-0bbe-440e-a0ea-5da8fb8f97b8	gb:HM370979|Organism:Influenza	97.116	867	12	10	1	856	13	877	0.0	1450
4a6261ff-4692-4160-a92b-011fcd0535d0	gb:HM370979|Organism:Influenza	97.110	865	19	5	5	867	873	13	0.0	1454
e774a08e-ec30-4611-b664-1b088e00aa55	gb:HM370979|Organism:Influenza	97.806	866	12	5	1	863	877	16	0.0	1487
89ff5f7a-4d68-4e07-82d0-97a7a52c5241	gb:HM370979|Organism:Influenza	95.465	882	27	11	2	875	1	877	0.0	1395
9e7533a6-cd71-4db4-914e-bba6578261eb	gb:HM370979|Organism:Influenza	90.249	882	32	42	1	842	13	880	0.0	1103
4ee8548d-503e-45f7-9f06-c14fd6c0f82c	gb:HM370979|Organism:Influenza	98.157	868	10	6	1	865	13	877	0.0	1509
0bb3c240-7885-41a6-822f-f73dea88da3e	gb:HM370979|Organism:Influenza	98.963	868	5	4	1	866	12	877	0.0	1550
111c605c-0c8e-4766-917d-542972686073	gb:HM370979|Organism:Influenza	98.962	867	6	3	1	866	877	13	0.0	1548
aa5a40d5-d1c7-4781-a3af-e0e6750c7fc4	gb:HM370979|Organism:Influenza	95.086	875	23	16	1	865	877	13	0.0	1360
bed935bc-7c19-4ecb-81c6-5416e578bb1d	gb:HM370979|Organism:Influenza	98.039	867	7	8	1	859	877	13	0.0	1498
e713429d-ba46-4231-bc29-3657f3d5a828	gb:HM370979|Organism:Influenza	98.961	866	4	4	1	862	877	13	0.0	1544
7e618251-4241-4570-b2f5-6406f5775462	gb:HM370979|Organism:Influenza	96.309	867	13	16	1	850	877	13	0.0	1406
f1ee893c-f59f-4185-b017-c6ee4eb56c11	gb:HM370979|Organism:Influenza	99.425	869	1	3	1	869	877	13	0.0	1574
6928ed88-3d16-4cf0-8992-d30a5d61db0a	gb:HM370979|Organism:Influenza	92.890	872	36	20	1	853	877	13	0.0	1243
bcd9e1d9-fb91-49e4-af91-035520d71309	gb:HM370979|Organism:Influenza	92.945	893	24	25	2	872	888	13	0.0	1264
a4d25ce5-0d60-4118-b933-626cf1c4939c	gb:HM370979|Organism:Influenza	93.922	872	26	20	1	852	877	13	0.0	1291
3c7cf62d-4898-41a3-965b-1e471a20033c	gb:HM370979|Organism:Influenza	94.960	873	25	15	1	862	877	13	0.0	1351
d53c832e-da3d-4a0c-82a8-3b529b1e1df4	gb:HM370979|Organism:Influenza	91.354	879	32	32	1	849	877	13	0.0	1162
41e59053-6f30-4531-8c32-c755bc11584c	gb:HM370979|Organism:Influenza	95.293	871	22	13	1	858	877	13	0.0	1363
35ce17af-0fe2-4710-875f-6805f3ce8a70	gb:HM370979|Organism:Influenza	98.159	869	7	7	1	864	13	877	0.0	1507
a51bb2c2-e7ae-43a1-8651-081814b48557	gb:HM370979|Organism:Influenza	96.651	866	12	16	6	859	873	13	0.0	1423
56a15bc4-ba28-404a-a5d8-3ae72894c611	gb:HM370979|Organism:Influenza	94.023	870	27	18	1	850	877	13	0.0	1295
15e09da8-0dac-4fbc-9797-1d14f190e200	gb:HM370979|Organism:Influenza	96.897	870	10	10	1	858	877	13	0.0	1441
88e1b8d8-f8eb-4c15-a647-6b36329c84fb	gb:HM370979|Organism:Influenza	97.929	869	8	9	1	863	13	877	0.0	1496
c04445cc-284e-4377-a852-950db1169c4d	gb:HM370979|Organism:Influenza	94.616	873	21	23	1	855	877	13	0.0	1328
3a25aca1-4e9c-49d2-a241-0aabfcaf7391	gb:HM370979|Organism:Influenza	90.304	887	34	37	1	851	12	882	0.0	1114
8149fd57-5fbb-4ddd-a408-a731d0d287fc	gb:HM370979|Organism:Influenza	98.614	866	6	3	1	861	877	13	0.0	1528
8f30bba6-5eb0-4d18-adde-97c5685311a1	gb:HM370979|Organism:Influenza	97.691	866	9	7	1	856	877	13	0.0	1478
d3e0b5f8-d86f-4659-af0f-b8a2cbfb5b87	gb:HM370979|Organism:Influenza	93.822	874	22	20	1	859	877	21	0.0	1286
6a098de3-8b1f-4ac7-afa2-e597c81d9b17	gb:HM370979|Organism:Influenza	93.234	872	28	20	1	848	13	877	0.0	1254
9cc1e400-e565-4bc3-8cf0-996044d77546	gb:HM370979|Organism:Influenza	93.456	871	27	20	1	847	877	13	0.0	1266
98ec97bd-fceb-4cc6-a5fb-e37a06c5d0b1	gb:HM370979|Organism:Influenza	98.048	871	5	10	1	865	877	13	0.0	1504
e4f7c066-2a77-4003-a295-b9d8220251a2	gb:HM370979|Organism:Influenza	99.075	865	4	4	1	861	13	877	0.0	1550
40173735-df10-4867-be9d-53dbf4f8898d	gb:HM370979|Organism:Influenza	89.091	880	49	37	13	864	12	872	0.0	1050
53457f01-2abf-44e5-adfc-66ef7492e2a7	gb:HM370979|Organism:Influenza	95.843	866	17	11	19	872	19	877	0.0	1382
53832f40-691f-4bba-9bcf-77e36d669759	gb:HM370979|Organism:Influenza	99.306	865	4	2	1	863	13	877	0.0	1563
547d40ce-0ce4-46df-90de-216cd7cac65a	gb:HM370979|Organism:Influenza	91.448	877	43	24	1	857	877	13	0.0	1175
ec574442-9a4c-46ae-a7e2-36669ba8bfb3	gb:HM370979|Organism:Influenza	95.293	871	21	19	13	868	12	877	0.0	1363
6fadf344-985f-4c69-9dac-549a0eae37ff	gb:HM370979|Organism:Influenza	93.341	886	31	23	86	952	1	877	0.0	1284
0a6b7f8c-857f-49d2-a601-d06645a47416	gb:HM370979|Organism:Influenza	97.350	868	8	8	1	856	877	13	0.0	1461
69f0770f-772e-45c0-a2d4-57efcb0e2ff4	gb:HM370979|Organism:Influenza	99.077	867	4	4	1	865	877	13	0.0	1554
99aa945a-a067-4671-b131-fae9fdbe4e16	gb:HM370979|Organism:Influenza	96.811	878	11	12	1	873	12	877	0.0	1450
a3e4ba09-39ea-4b3e-9e14-2393567c087b	gb:HM370979|Organism:Influenza	92.622	881	34	26	1	859	877	6	0.0	1238
c1e1b1dd-b9a3-481e-a832-c24d99023291	gb:HM370979|Organism:Influenza	96.497	885	15	12	1	876	13	890	0.0	1448
883e4ac2-280f-4d47-8331-6f38386a38ae	gb:HM370979|Organism:Influenza	93.034	890	35	21	5	883	886	13	0.0	1275
10ae9406-8e73-4e80-8760-64189ee335bc	gb:HM370979|Organism:Influenza	86.667	885	55	45	6	850	874	13	0.0	922
e1990687-edc5-488b-83f2-690def1c95b1	gb:HM370979|Organism:Influenza	97.018	872	14	9	1	867	877	13	0.0	1456
0783fe28-d66d-4754-aef9-033fe48a442b	gb:HM370979|Organism:Influenza	87.711	887	53	43	3	858	874	13	0.0	983
e4858641-556d-4994-b756-1e8ae99d2b46	gb:HM370979|Organism:Influenza	97.463	867	12	8	1	859	877	13	0.0	1471
b65b9f85-e2c7-4a04-b7aa-60b166394c0a	gb:HM370979|Organism:Influenza	99.538	866	3	1	1	866	13	877	0.0	1576
034c3ce6-f6d2-48da-8487-23f5557479ee	gb:HM370979|Organism:Influenza	96.544	868	13	14	6	862	874	13	0.0	1421
aa4ae23a-5504-460f-adf2-96b280e53f82	gb:HM370979|Organism:Influenza	92.655	885	26	28	1	872	13	871	0.0	1238
4a84ec1d-caae-4850-88c3-a72a738e8a13	gb:HM370979|Organism:Influenza	97.693	867	10	9	1	859	877	13	0.0	1482
3a5b7b4c-c3e9-4988-baea-95d3abb2c6f0	gb:HM370979|Organism:Influenza	97.806	866	4	8	1	852	13	877	0.0	1480
a82ae214-e14a-451a-96aa-a7ad26a6f696	gb:HM370979|Organism:Influenza	98.041	868	7	8	1	861	877	13	0.0	1500
c143a391-7480-449a-b0f7-5fb71e42c878	gb:HM370979|Organism:Influenza	96.114	875	18	9	1	869	877	13	0.0	1413
cefa7cda-769d-4876-95f8-d692643df237	gb:HM370979|Organism:Influenza	99.079	869	3	4	1	868	877	13	0.0	1555
cbec5398-0ea4-40a0-8272-e9f71e7fd891	gb:HM370979|Organism:Influenza	97.156	879	16	6	1	876	877	5	0.0	1476
3af83c8f-af49-453a-a648-0d8103ffdd1d	gb:HM370979|Organism:Influenza	98.270	867	10	5	1	864	13	877	0.0	1513
d6f51d4e-3374-4c8c-8426-9e28d3b65f75	gb:HM370979|Organism:Influenza	98.848	868	2	6	1	863	13	877	0.0	1541
839a0ca4-1612-4886-9ed7-65ce7b37d27f	gb:HM370979|Organism:Influenza	97.460	866	8	10	1	853	877	13	0.0	1465
c78ee05f-8aab-45c6-921d-478f15b979f0	gb:HM370979|Organism:Influenza	98.958	864	4	4	1	860	877	15	0.0	1541
6e0c018b-2aaa-4752-844c-240749d29fca	gb:HM370979|Organism:Influenza	88.712	877	46	43	1	836	13	877	0.0	1022
bc346f16-1910-4de7-a10b-2b8265e6788c	gb:HM370979|Organism:Influenza	98.501	867	5	8	1	861	877	13	0.0	1522
99716a82-bf0e-4894-80c9-59c5a8ed5a42	gb:HM370979|Organism:Influenza	98.622	871	4	4	1	868	12	877	0.0	1535
dc727e71-e204-454f-a147-3299aa5f4249	gb:HM370979|Organism:Influenza	98.140	860	4	8	1	852	13	868	0.0	1489
19abdae1-c67a-4016-8aad-3c8110257bec	gb:HM370979|Organism:Influenza	95.995	874	14	15	1	862	13	877	0.0	1400
9e4650fd-1586-4ba0-9627-aa9000895435	gb:HM370979|Organism:Influenza	96.886	867	15	11	1	857	13	877	0.0	1441
0ffb74a2-3c3b-4a23-9f90-13468a2d2494	gb:HM370966|Organism:Influenza	93.056	288	11	8	1	285	1939	2220	2.49e-114	412
ca89b92d-4ce4-41bc-8821-af68cec552f3	gb:HM370979|Organism:Influenza	97.120	868	17	8	1	863	13	877	0.0	1458
1e0a5b14-9c4f-4982-9028-8e4a8e92e77d	gb:HM370979|Organism:Influenza	99.309	868	3	3	1	868	877	13	0.0	1567
adb09d82-fb18-488a-ad44-4120938a73b7	gb:HM370979|Organism:Influenza	97.042	879	11	9	1	870	13	885	0.0	1465
9bdb0aa7-22ce-4cb8-8102-6bdee21fe973	gb:HM370979|Organism:Influenza	97.288	885	10	9	1	878	890	13	0.0	1489
223ad1eb-5b4d-46f7-ba9e-24ffabb21820	gb:HM370979|Organism:Influenza	94.834	871	20	20	1	852	13	877	0.0	1336
5a98fa6f-d532-44f4-9524-db6083398644	gb:HM370979|Organism:Influenza	95.108	879	23	15	1	873	877	13	0.0	1367
1f24eb27-5a4e-4f72-a9f3-d661f06530c1	gb:HM370979|Organism:Influenza	96.670	871	19	9	1	867	13	877	0.0	1439
9cc98ab8-b6c4-404d-91c5-576cd51b9c22	gb:HM370979|Organism:Influenza	96.101	872	15	11	3	868	871	13	0.0	1404
ebd7972e-8090-49f2-970b-5301b7235e21	gb:HM370979|Organism:Influenza	89.603	856	50	31	1	832	877	37	0.0	1051
44faa2ec-c40b-44e5-8a0a-79fb789f44b0	gb:HM370979|Organism:Influenza	96.224	874	14	15	1	864	13	877	0.0	1413
a3fd3030-4070-4f2c-918f-1061808ce42d	gb:HM370979|Organism:Influenza	97.712	874	8	9	1	871	877	13	0.0	1493
f37c5bfe-de43-49ae-b919-dc8b3348d8cf	gb:HM370979|Organism:Influenza	97.356	870	14	6	1	866	877	13	0.0	1471
16ec079a-659f-4e51-bb4f-179a061072a2	gb:HM370979|Organism:Influenza	94.834	871	18	22	1	850	13	877	0.0	1334
d080b50e-f74c-4e6c-ac1c-fe52932b3b05	gb:HM370979|Organism:Influenza	97.709	873	8	9	1	869	877	13	0.0	1491
3179fe97-fa05-4bdd-be11-f4df6554b48e	gb:HM370979|Organism:Influenza	93.926	889	14	28	1	865	877	5	0.0	1306
07a48946-91fd-4d2b-8e24-dd4b6c801118	gb:HM370979|Organism:Influenza	92.157	867	34	29	5	845	872	14	0.0	1194
5862876a-ea8f-4b22-976b-6ec371dfc4ec	gb:HM370979|Organism:Influenza	94.839	872	16	16	1	850	13	877	0.0	1334
b970a302-3fae-4b22-b991-169f95d3c183	gb:HM370979|Organism:Influenza	98.502	868	4	8	1	861	12	877	0.0	1522
e60295bb-2cd1-4a53-9f3a-24c9e2312d5f	gb:HM370979|Organism:Influenza	96.793	873	10	15	1	863	877	13	0.0	1441
fc55da7e-2801-4468-8bd0-311658b7af5c	gb:HM370979|Organism:Influenza	96.027	881	12	13	1	874	13	877	0.0	1411
d3d55552-6a57-4b8b-a4e1-b4463d6ddca8	gb:HM370979|Organism:Influenza	94.875	878	20	17	1	866	13	877	0.0	1349
28a25c89-71d0-4a22-b64f-4c81aa296a08	gb:HM370979|Organism:Influenza	98.169	874	3	6	1	870	13	877	0.0	1513
3e9ae336-3631-422a-9935-f9f386490865	gb:HM370979|Organism:Influenza	96.886	867	11	12	118	973	874	13	0.0	1437
e67ce46f-ba33-4e1a-a986-ea8105237a38	gb:HM370979|Organism:Influenza	99.077	867	5	3	1	866	877	13	0.0	1554
24ae1e42-30fb-4287-8a0f-04d270f98bac	gb:HM370979|Organism:Influenza	94.158	873	26	15	1	856	13	877	0.0	1306
984e2281-2a95-4ebc-87af-82f3cd14c73d	gb:HM370979|Organism:Influenza	98.077	884	9	6	2	884	1	877	0.0	1531
1208050f-a93b-486b-ac0b-2ffdddb88ac3	gb:HM370979|Organism:Influenza	96.233	876	12	17	15	879	12	877	0.0	1415
41454608-3d26-4b27-9851-d3f9225b909b	gb:HM370979|Organism:Influenza	98.055	874	6	9	1	872	13	877	0.0	1509
fcd28853-4c52-43b0-a7cd-7788fc08e8a0	gb:HM370979|Organism:Influenza	94.413	877	26	20	2	861	3	873	0.0	1327
493691a5-016e-4213-a293-a46ce6b95e16	gb:HM370979|Organism:Influenza	96.246	879	16	14	10	880	8	877	0.0	1424
b6ee9545-802a-43c3-97a5-1ca044996409	gb:HM370979|Organism:Influenza	94.834	871	24	20	1	856	13	877	0.0	1339
b321b0aa-bc3c-4a97-af9e-4a0c39909729	gb:HM370979|Organism:Influenza	86.277	889	57	54	1	848	13	877	0.0	905
3e40a63c-b8f1-4ec4-ab96-aa28a13bf4f0	gb:HM370979|Organism:Influenza	94.084	879	17	24	14	879	869	13	0.0	1303
c189eb5c-aac2-48b9-802d-594107df9397	gb:HM370979|Organism:Influenza	98.270	867	11	4	1	865	877	13	0.0	1515
eeb68476-347f-417f-809f-d9ae92e332ad	gb:HM370979|Organism:Influenza	95.986	872	16	12	5	869	872	13	0.0	1399
3e7c2b3c-482a-49ee-976a-7aaf1017e71c	gb:HM370979|Organism:Influenza	93.127	873	25	25	1	846	13	877	0.0	1247
63461150-72cf-4b7a-beb3-e478183f9bb2	gb:HM370964|Organism:Influenza	89.932	884	39	40	105	950	884	13	0.0	1094
fdc2f4ab-5855-4f48-a2a2-f6d9a2e6c5bf	gb:HM370979|Organism:Influenza	98.048	871	7	9	1	867	877	13	0.0	1506
fada4fb8-fd7a-47fd-ab4b-397121dd8b38	gb:HM370979|Organism:Influenza	97.465	868	8	11	1	857	877	13	0.0	1469
e0492937-ed42-41dd-a6a8-068616ec6b54	gb:HM370979|Organism:Influenza	98.964	869	3	6	1	867	13	877	0.0	1550
6f2264df-9da3-4a59-afd5-7ac4b5a442e8	gb:HM370979|Organism:Influenza	91.451	889	39	28	5	872	885	13	0.0	1186
55ebcbb7-b21c-41de-8985-c5ae4c6d4efb	gb:HM370979|Organism:Influenza	95.418	873	23	15	1	864	13	877	0.0	1375
df30abb6-6dfc-4467-9cfa-ee2d85048903	gb:HM370979|Organism:Influenza	98.041	868	10	5	1	864	877	13	0.0	1502
dc44d108-dab1-4fb4-bf11-bdb863e6ce5e	gb:HM370979|Organism:Influenza	94.533	878	21	21	1	864	877	13	0.0	1330
502dd3a7-b307-46b7-8308-7a508f858f59	gb:HM370979|Organism:Influenza	90.412	897	42	33	1	875	13	887	0.0	1140
5d1678c2-041e-4a0e-b49d-fd9fe9ac1d37	gb:HM370979|Organism:Influenza	98.731	867	4	6	1	862	877	13	0.0	1533
f31378e5-28d5-48bb-83d1-27e74cff9e4a	gb:HM370979|Organism:Influenza	95.872	872	18	14	1	861	13	877	0.0	1395
1dbc48b0-71bc-4df7-ba5b-feadf44bd109	gb:HM370979|Organism:Influenza	96.441	871	15	15	7	871	17	877	0.0	1423
01c75b55-efc1-4a41-b5c8-b7195975bb50	gb:HM370979|Organism:Influenza	98.155	867	10	6	1	863	13	877	0.0	1507
8aad0bb1-a703-476e-9617-9d9bb20c0f55	gb:HM370979|Organism:Influenza	95.977	870	22	10	1	862	877	13	0.0	1400
5367617d-a352-4b13-a0b3-def23ca3922e	gb:HM370979|Organism:Influenza	97.931	870	10	7	1	867	13	877	0.0	1500
4a3c6096-e9de-4a15-b4ee-caec328884f9	gb:HM370979|Organism:Influenza	98.380	864	2	6	1	852	13	876	0.0	1507
4ec337d2-16e5-4b26-9409-ebb386bf9a35	gb:HM370979|Organism:Influenza	98.613	865	6	4	1	859	877	13	0.0	1526
616eb68b-7c58-44b7-a7a2-a67be82c5fdb	gb:HM370979|Organism:Influenza	87.755	882	56	40	1	847	13	877	0.0	983
afd7ca18-3078-4a6b-935b-8c6402568976	gb:HM370979|Organism:Influenza	97.123	869	15	9	1	863	877	13	0.0	1458
ef4e262c-b11c-4293-8df7-92b7c38cdbd6	gb:HM370979|Organism:Influenza	95.475	884	15	18	1	878	877	13	0.0	1387
369b1f68-25ea-4f75-9984-de4f4878eed1	gb:HM370979|Organism:Influenza	98.161	870	5	9	1	864	877	13	0.0	1507
9d6da7d6-28f4-4c72-81e5-552814a01e2e	gb:HM370979|Organism:Influenza	98.270	867	9	4	1	863	13	877	0.0	1513
c6dac44a-cc5c-4884-972a-d86469431c86	gb:HM370979|Organism:Influenza	99.306	865	2	2	1	861	877	13	0.0	1561
d1dea74b-be1f-4311-b1d4-891ac8c75f02	gb:HM370979|Organism:Influenza	95.367	885	15	20	5	875	885	13	0.0	1384
7c85d25d-b50a-46bb-afd3-275c9daa5c68	gb:MH546999|Organism:Influenza	92.096	873	41	21	3	859	861	1	0.0	1205
efba052c-03b3-4874-84b5-f648670ed343	gb:HM370979|Organism:Influenza	95.408	871	19	12	1	856	13	877	0.0	1367
535fa377-cf24-4f14-9dc3-573ed4b6f090	gb:HM370979|Organism:Influenza	96.921	877	11	11	1	873	877	13	0.0	1456
668bab31-44c2-4bb9-b6bb-206ddaf911a6	gb:HM370979|Organism:Influenza	96.998	866	17	8	1	858	13	877	0.0	1447
f7899d01-bb6e-48c2-9c2d-fc9511c68eec	gb:HM370979|Organism:Influenza	96.454	846	16	13	6	839	20	863	0.0	1384
36ad3834-da12-4f3a-bb40-3c6314d12668	gb:HM370979|Organism:Influenza	99.194	868	3	4	1	867	13	877	0.0	1561
1b486713-0d7b-44b6-88ce-10a07ad11fe3	gb:HM370979|Organism:Influenza	98.495	864	9	4	3	864	874	13	0.0	1520
8f49a381-ac19-4cd5-9fad-cbf9894960fe	gb:HM370979|Organism:Influenza	98.957	863	3	6	1	860	13	872	0.0	1539
db480fa5-72dc-422d-b6bb-ed8def5ad9e2	gb:HM370979|Organism:Influenza	99.193	867	3	4	1	865	877	13	0.0	1559
b1a749ae-9925-4398-a52d-29aea4681f08	gb:HM370979|Organism:Influenza	93.801	371	7	11	2	362	1	365	1.09e-153	544
ea72e823-19d7-4713-9800-1428a804b9e9	gb:HM370979|Organism:Influenza	92.220	874	40	20	1	855	877	13	0.0	1212
6c7329b8-a1ce-40b3-959b-10bae949e4f5	gb:HM370979|Organism:Influenza	98.030	863	9	6	107	965	19	877	0.0	1493
4ad9c5f4-4157-4e9a-8038-f0f1e179466e	gb:HM370979|Organism:Influenza	97.015	871	13	9	1	864	877	13	0.0	1452
d3c58614-3c1a-4220-849c-92cb8eafb2ce	gb:HM370979|Organism:Influenza	93.242	873	24	29	92	936	12	877	0.0	1253
4540b749-3f7c-4007-bc07-c95d41b392a2	gb:HM370979|Organism:Influenza	99.078	868	4	4	1	867	13	877	0.0	1555
0f768ecc-e473-4b9c-ae85-9ca2a86a828e	gb:HM370979|Organism:Influenza	90.400	875	41	30	1	842	877	13	0.0	1110
cd5f40f2-1b67-435d-8bc0-cfd15974a972	gb:HM370979|Organism:Influenza	92.897	887	31	24	1	864	890	13	0.0	1260
500ed560-1672-45b5-ace4-65678d38426f	gb:HM370979|Organism:Influenza	96.198	868	24	7	1	862	13	877	0.0	1411
a9fce8df-cee7-4d59-ac6d-bc18bb97d54b	gb:HM370979|Organism:Influenza	95.688	858	11	18	1	837	13	865	0.0	1356
8c0418c9-60b0-4a9f-b18e-15734f3c56ce	gb:HM370979|Organism:Influenza	97.011	870	6	13	1	855	13	877	0.0	1445
e48c4017-8a56-4438-b2a0-8fce9a2d3b56	gb:HM370979|Organism:Influenza	98.497	865	5	4	1	857	877	13	0.0	1519
875cfc4e-2588-4412-9401-dc4503daa814	gb:HM370979|Organism:Influenza	96.141	881	16	14	2	868	1	877	0.0	1423
2454925d-1c55-429a-8f5c-734390e52b0e	gb:HM370979|Organism:Influenza	94.966	874	21	16	1	860	13	877	0.0	1349
35e4bb93-b5cc-4209-be7e-39201ec844f8	gb:HM370979|Organism:Influenza	91.403	884	42	31	1	861	13	885	0.0	1181
b16440d2-c317-491a-8df6-74a144440022	gb:HM370979|Organism:Influenza	97.035	877	7	12	13	881	12	877	0.0	1458
6295cdfb-e687-40b4-9059-1579f27f341a	gb:HM370979|Organism:Influenza	94.273	873	26	18	1	857	13	877	0.0	1314
85fbd2ae-8bbc-42a0-ad01-167f154e7384	gb:HM370979|Organism:Influenza	98.734	869	5	5	1	867	13	877	0.0	1539
3af03d46-a817-4fa7-b6f8-3f29c01ec0e3	gb:HM370979|Organism:Influenza	96.682	874	13	11	1	867	877	13	0.0	1439
2136e028-5b44-416e-964e-521b5568472d	gb:HM370979|Organism:Influenza	99.193	867	4	3	1	866	13	877	0.0	1559
6892d244-bcde-4bf9-b644-01742a3942b5	gb:HM370979|Organism:Influenza	94.954	872	23	21	1	858	13	877	0.0	1347
50dd4746-1875-45c9-a0f1-a80387e6df7a	gb:HM370979|Organism:Influenza	98.276	870	5	6	1	865	877	13	0.0	1515
38dd7d95-b192-462c-9856-a0c14aa8324a	gb:HM370979|Organism:Influenza	97.491	877	10	10	1	869	13	885	0.0	1487
f73fa1a0-df51-4211-9e88-75438f515158	gb:HM370979|Organism:Influenza	97.471	870	12	8	1	865	13	877	0.0	1476
605571b7-a1ed-4b9d-8190-382bdeb1e43b	gb:HM370979|Organism:Influenza	99.079	869	3	2	1	868	877	13	0.0	1555
8d351a24-e837-484c-8c68-101782b5aa3e	gb:HM370979|Organism:Influenza	95.381	866	20	14	1	847	13	877	0.0	1360
679aa76c-f83b-41b6-98b5-329a98a1b6bf	gb:HM370979|Organism:Influenza	98.730	866	3	7	1	861	877	15	0.0	1531
fa0f0c34-69f4-43fa-8f5d-c8e66593c2cb	gb:HM370979|Organism:Influenza	85.927	874	59	42	5	828	872	13	0.0	874
8ceb2cc4-dcf0-4f07-a818-f3d729b3d452	gb:HM370979|Organism:Influenza	95.074	873	20	14	1	857	12	877	0.0	1352
a84c02c9-aea6-4e2a-a535-fe084647b821	gb:HM370979|Organism:Influenza	97.011	870	16	9	1	865	13	877	0.0	1454
07fe8395-21b0-4666-a43f-43f1c600d81a	gb:HM370979|Organism:Influenza	94.919	866	25	15	5	857	872	13	0.0	1338
2471c336-7aca-460f-9c0e-6353575a1c7b	gb:HM370979|Organism:Influenza	96.674	872	17	12	13	877	11	877	0.0	1439
755a68fc-f352-417f-ae72-f7a94c35e047	gb:HM370979|Organism:Influenza	90.380	894	45	30	1	882	877	13	0.0	1136
8600cefa-dc39-4fb7-a45d-b8ee5e04a58a	gb:HM370979|Organism:Influenza	98.272	868	7	8	1	863	13	877	0.0	1513
bd15282e-5013-484d-92de-41d239f85cb2	gb:HM370979|Organism:Influenza	98.610	863	7	5	5	864	873	13	0.0	1522
6ae23090-865c-4c95-bfb3-11c80fdd7f60	gb:HM370979|Organism:Influenza	98.501	867	6	7	1	861	12	877	0.0	1522
cd579a10-53d9-430f-8ebd-4cfb008df3d5	gb:HM370979|Organism:Influenza	95.767	874	17	18	1	863	13	877	0.0	1391
7be4a322-670c-4c83-9e3f-933b51909671	gb:HM370979|Organism:Influenza	99.076	866	3	2	1	861	13	878	0.0	1550
319d66fe-c99e-42a6-9db6-5ce0341fec69	gb:HM370979|Organism:Influenza	95.370	864	11	22	99	937	872	13	0.0	1347
b82bcfa0-e1df-4783-b246-c847a355e16e	gb:HM370979|Organism:Influenza	87.302	882	59	41	1	846	13	877	0.0	959
39d490ba-a316-4c59-a6f6-8a14928d408e	gb:HM370979|Organism:Influenza	97.238	869	12	11	1	861	13	877	0.0	1461
2891bcc5-fa88-4bd4-9d7b-174b5b1ccd02	gb:HM370979|Organism:Influenza	96.897	870	12	10	1	860	877	13	0.0	1443
405acf0e-ee63-45a7-b36e-d67365d9c183	gb:HM370979|Organism:Influenza	97.819	871	7	12	1	865	13	877	0.0	1493
fc6f1d9b-e94d-464a-87f4-6376f2a76691	gb:HM370979|Organism:Influenza	98.502	868	6	5	1	864	13	877	0.0	1524
0ed23d45-e58c-43a8-8ae6-3ab6282d5827	gb:HM370979|Organism:Influenza	97.624	884	9	10	1	878	13	890	0.0	1506
b402989d-30cb-49c6-b04a-b670345011fe	gb:HM370979|Organism:Influenza	97.959	882	9	9	1	877	890	13	0.0	1520
871a2bf6-3fbb-42d8-aa40-d727c3d1e396	gb:HM370979|Organism:Influenza	97.709	873	7	11	1	868	877	13	0.0	1489
f9ba96d3-2883-4cd2-837f-d027735ed59f	gb:HM370979|Organism:Influenza	95.872	872	19	14	1	862	877	13	0.0	1395
ca4bb655-d0f4-47ac-a8b5-92bfe2dfa9d7	gb:HM370979|Organism:Influenza	97.356	870	13	9	1	865	13	877	0.0	1471
b2bb8dea-a7ee-44f3-90cf-c59b64cbde0f	gb:HM370979|Organism:Influenza	99.187	861	4	3	1	859	877	18	0.0	1548
2076cdc2-b281-43aa-9c43-71f8430c1826	gb:HM370979|Organism:Influenza	98.048	871	6	8	1	866	13	877	0.0	1504
8f315ce2-4f6f-4e5a-8a10-777d42727c1e	gb:HM370979|Organism:Influenza	95.211	877	20	16	1	860	877	6	0.0	1367
c9fe39f5-5bfb-4868-a182-9380cf887def	gb:HM370979|Organism:Influenza	98.382	865	12	2	1	863	13	877	0.0	1519
62d74a32-51e6-41a6-84b7-98ff1a66a4bb	gb:HM370979|Organism:Influenza	96.457	875	12	19	1	866	13	877	0.0	1426
9405452c-e075-4983-a5ce-0b2c150a1bbd	gb:HM370979|Organism:Influenza	97.589	871	6	10	1	862	877	13	0.0	1478
ea2f91ab-6713-4cb1-b9ce-3249045b550a	gb:HM370979|Organism:Influenza	97.693	867	5	9	1	853	878	13	0.0	1476
4c768188-333b-4dbf-acc1-89dae4a61282	gb:HM370979|Organism:Influenza	96.886	867	19	6	1	861	13	877	0.0	1445
cede6635-4c85-491b-bfc2-d918c6ae7209	gb:HM370979|Organism:Influenza	97.460	866	8	8	1	853	13	877	0.0	1465
0a8775d8-b93a-42a5-9179-b4407e48315c	gb:HM370979|Organism:Influenza	95.732	867	18	15	1	850	877	13	0.0	1378
b6c4c95f-d24c-4c6a-9cfc-caf3677c5cea	gb:HM370979|Organism:Influenza	97.477	872	11	11	1	868	13	877	0.0	1478
72fa5d2a-5a56-4997-aae6-1560db64c5f1	gb:HM370979|Organism:Influenza	96.889	868	13	13	17	878	872	13	0.0	1441
150128e4-b857-48af-a3d1-fa311bb0f20b	gb:HM370979|Organism:Influenza	98.961	866	3	4	1	861	13	877	0.0	1544
6394ac3c-dd54-48e7-9a2c-b1d8cee68e06	gb:HM370979|Organism:Influenza	97.245	871	11	9	1	864	13	877	0.0	1463
45df5aed-9b4e-49a5-ad25-601a3189394d	gb:HM370979|Organism:Influenza	93.107	856	24	26	30	856	862	13	0.0	1221
989b77ac-d5bd-4c1f-916b-b1c0e7368ba9	gb:HM370979|Organism:Influenza	96.092	870	14	12	1	855	877	13	0.0	1400
18dbd1c9-4fa5-4e6c-98ac-2ef5e8e5f08d	gb:HM370979|Organism:Influenza	98.274	869	7	6	1	865	13	877	0.0	1515
2e289383-065e-4298-bb57-83e9eadf4af0	gb:HM370979|Organism:Influenza	98.157	868	8	5	1	863	877	13	0.0	1507
28534032-9a5e-472f-981d-e866eb8459b6	gb:HM370979|Organism:Influenza	96.897	870	10	12	1	858	13	877	0.0	1441
b8af2e3d-763b-477c-b61b-1767d03124b0	gb:HM370979|Organism:Influenza	97.696	868	11	7	1	862	877	13	0.0	1483
6226ac82-0e6e-481c-9ba4-2b5402cacfb5	gb:HM370979|Organism:Influenza	96.785	871	18	9	1	867	877	13	0.0	1445
fd49e165-481e-409c-bbd2-b109c44a27b7	gb:HM370979|Organism:Influenza	91.073	885	31	36	91	953	889	31	0.0	1153
84e3cd56-1602-48e7-98ec-da3c04c5fc14	gb:HM370979|Organism:Influenza	97.691	866	11	6	1	861	877	16	0.0	1480
c8552e51-9ebd-43ef-9219-49ee1d658d28	gb:HM370979|Organism:Influenza	96.318	869	18	13	1	859	13	877	0.0	1415
64b06d28-1ee0-40b0-8582-f0c9516e6604	gb:HM370979|Organism:Influenza	97.732	882	9	9	4	881	887	13	0.0	1507
0603eaa1-582a-4dbf-aaa9-0c2ee24f3d5e	gb:HM370979|Organism:Influenza	98.113	212	1	3	1	210	12	222	3.21e-100	366
0603eaa1-582a-4dbf-aaa9-0c2ee24f3d5e	gb:HM370979|Organism:Influenza	84.314	204	7	13	207	391	199	2	5.81e-43	176
a8dc2a22-e621-48af-92a6-3ba75d519566	gb:HM370979|Organism:Influenza	96.998	866	10	15	1	851	877	13	0.0	1441
0b3aa88a-52b9-4996-8e85-8e255cf5b8a8	gb:HM370979|Organism:Influenza	96.301	865	18	10	1	853	877	15	0.0	1408
c1814890-8476-4959-aa0d-d2f4bc49f549	gb:HM370979|Organism:Influenza	98.490	861	3	6	1	852	877	18	0.0	1509
25e86896-4990-49aa-b5ec-04f668037b87	gb:HM370979|Organism:Influenza	95.713	863	21	10	4	853	872	13	0.0	1375
3c3ba2ec-b906-4f5b-bad9-54d1ff510ca2	gb:HM370979|Organism:Influenza	91.686	878	38	24	1	856	13	877	0.0	1184
77c2b26a-cd09-4651-b2ec-534184963c12	gb:HM370979|Organism:Influenza	96.998	866	7	13	1	848	13	877	0.0	1437
09471c3e-fc4c-417e-93c5-b17bf8399242	gb:HM370979|Organism:Influenza	97.924	867	4	10	1	855	877	13	0.0	1489
ae11119f-87bf-42b3-bb1a-2cc68bf9d5db	gb:HM370979|Organism:Influenza	93.166	878	40	18	1	867	13	881	0.0	1271
35703070-9010-40ee-a3c5-d16397666731	gb:HM370979|Organism:Influenza	95.563	879	23	11	4	870	887	13	0.0	1393
a645f728-d456-422f-8275-90734eb4536e	gb:HM370979|Organism:Influenza	97.819	871	8	10	1	866	13	877	0.0	1493
73d5b200-0b64-4747-ac18-4e50973f403a	gb:HM370979|Organism:Influenza	89.875	879	46	33	1	850	13	877	0.0	1090
4dc49c3a-a4eb-412e-94c1-9bf12316fd3d	gb:HM370979|Organism:Influenza	88.128	876	57	36	1	840	877	13	0.0	998
ce3a0e9b-24f5-4c75-ae27-f9ed0bbc024e	gb:HM370964|Organism:Influenza	94.495	872	22	20	1	853	877	13	0.0	1321
c66c697e-25d5-4ffe-a1e9-6b542a4a1645	gb:HM370979|Organism:Influenza	95.429	875	17	13	1	862	877	13	0.0	1373
f16a2fd6-e740-4d4d-986d-19f77a5c8d7d	gb:HM370979|Organism:Influenza	94.118	884	29	16	2	869	1	877	0.0	1323
f3c5e279-38bc-4ff3-bc0a-c4d1b5dfb038	gb:HM370979|Organism:Influenza	99.077	867	6	2	1	867	877	13	0.0	1555
9c9ad1a7-c66f-40ae-b8b6-96062a0d7ac7	gb:HM370979|Organism:Influenza	95.074	873	23	18	1	863	13	875	0.0	1356
f8ee6cb2-53f2-4667-9de9-e83fe2b9e40b	gb:HM370979|Organism:Influenza	91.695	879	32	28	1	852	877	13	0.0	1181
d803bcfe-d037-467f-9166-a5bb5ee79b36	gb:HM370979|Organism:Influenza	97.696	868	10	7	1	861	877	13	0.0	1483
4535dafa-4ba2-4b86-b362-8b498f315853	gb:HM370979|Organism:Influenza	99.075	865	6	2	1	863	13	877	0.0	1552
4af86ce8-f5ad-4612-8041-5ff41af9c95a	gb:HM370979|Organism:Influenza	98.284	874	1	10	1	869	13	877	0.0	1519
ffbd48ad-a5c2-41a0-ad8e-c816165ebb12	gb:HM370979|Organism:Influenza	94.954	872	24	18	1	859	13	877	0.0	1349
db2593ae-d3a2-4e8a-b7a4-f75fdbb0aa70	gb:HM370979|Organism:Influenza	96.564	873	17	9	1	868	13	877	0.0	1434
b6503a1d-6c87-402d-8a54-688fcea6c92b	gb:HM370979|Organism:Influenza	97.569	864	6	12	1	856	877	21	0.0	1465
15f69709-6ad8-405e-b23d-1a1929155897	gb:HM370979|Organism:Influenza	98.383	866	6	7	1	859	13	877	0.0	1515
3e9ac8fa-4668-4c53-b0e5-025b353b4f5e	gb:HM370979|Organism:Influenza	93.151	876	35	19	1	862	13	877	0.0	1262
fb060242-69b4-41d5-8acf-7eaa809e92cb	gb:HM370979|Organism:Influenza	99.306	865	3	2	1	862	877	13	0.0	1561
efdc2928-18e5-4266-9259-3895e47e6ee3	gb:HM370979|Organism:Influenza	98.041	868	9	7	1	863	13	877	0.0	1502
2e97bbd8-1d6d-4677-be33-2c2595313e60	gb:HM370979|Organism:Influenza	98.614	866	9	3	1	864	877	13	0.0	1530
9ab82cac-fa55-489f-b451-95296b7316d2	gb:HM370979|Organism:Influenza	95.533	873	16	15	1	857	12	877	0.0	1375
f87d00a0-04ac-44f6-90e0-be99a0213e54	gb:HM370979|Organism:Influenza	98.961	866	2	4	1	860	13	877	0.0	1543
2313e94b-c419-476f-919b-85dcee97f03f	gb:HM370979|Organism:Influenza	96.322	870	19	13	1	862	13	877	0.0	1417
e6a2f3c2-58af-4bb8-8683-353c7cf0804c	gb:HM370979|Organism:Influenza	96.829	883	16	11	1	876	890	13	0.0	1465
aedf2393-887f-4297-a279-498d33bb6566	gb:HM370979|Organism:Influenza	93.950	876	29	20	1	863	13	877	0.0	1303
6be1f6f3-3ec9-4fab-8175-e8970ce60f6e	gb:HM370979|Organism:Influenza	96.096	871	19	13	1	861	12	877	0.0	1406
9bed6e86-c5bf-423f-b22c-955942e58602	gb:HM370979|Organism:Influenza	97.143	875	12	11	1	872	877	13	0.0	1465
23d16da4-2b5d-44ad-8de9-a450c0251841	gb:HM370979|Organism:Influenza	96.433	869	16	14	1	858	13	877	0.0	1419
71bd1e07-abda-4b91-af03-faa7aed64bb2	gb:HM370979|Organism:Influenza	97.159	880	8	14	103	970	887	13	0.0	1471
