8579200d-c2b2-470b-ae26-080845939a00	gb:HM370978|Organism:Influenza	97.080	274	2	5	1	268	1014	741	1.06e-127	457
af92aff9-4f45-43db-b513-3ee73f8fe8ec	gb:HM370978|Organism:Influenza	99.270	274	1	1	1	273	741	1014	8.24e-139	494
a9d3a646-6436-4ae3-8ed5-f888a8946a92	gb:HM370957|Organism:Influenza	100.000	255	0	0	1	255	13	267	6.72e-132	472
a9d3a646-6436-4ae3-8ed5-f888a8946a92	gb:HM370957|Organism:Influenza	99.061	213	0	2	247	458	2117	2328	1.17e-104	381
9294e2c9-a957-4a30-bd3a-222b2b69dc24	gb:HM370978|Organism:Influenza	94.203	276	11	4	1	273	1014	741	1.84e-115	416
80c2074b-c5c5-48df-b123-fd8bf9d76bf9	gb:HM370978|Organism:Influenza	97.101	276	3	5	1	273	741	1014	8.36e-129	460
04043459-ec5c-483c-b982-2ee10e7e191e	gb:HM370978|Organism:Influenza	98.909	275	2	1	1	275	1014	741	1.07e-137	490
9341ae04-87f0-41ed-828f-1f75d5eae337	gb:HM370979|Organism:Influenza	94.270	890	25	23	1	876	890	13	0.0	1338
424c6fa9-f864-455e-98ba-2aa1c6ec6e9d	gb:HM370978|Organism:Influenza	85.036	274	11	13	1	244	741	1014	4.84e-66	252
7c93838b-3a38-4c57-ac16-1dc02c25e474	gb:HM370978|Organism:Influenza	96.377	276	6	4	1	274	1014	741	5.05e-126	451
fc9370ee-13eb-43c0-8fee-f00f19c513ce	gb:HM370978|Organism:Influenza	88.214	280	15	15	1	268	741	1014	5.22e-86	318
8211687c-2123-4e85-8470-a9dd8bd3699e	gb:HM370978|Organism:Influenza	97.811	1005	13	9	1	999	13	1014	0.0	1725
191703df-588a-483a-a8ac-3cc4f7c69c3d	gb:HM370979|Organism:Influenza	93.096	869	34	21	1	847	13	877	0.0	1249
47863d94-0019-44f9-bd37-dffa538cc4ee	gb:HM370978|Organism:Influenza	97.815	1007	10	11	1	1000	1014	13	0.0	1727
d6c480ca-b29e-4bb2-b667-e0d74500f24d	gb:HM370979|Organism:Influenza	96.005	876	14	16	1	866	13	877	0.0	1404
6013f4b4-4c2e-4ca5-8127-62f1ca1d3555	gb:HM370978|Organism:Influenza	95.683	278	7	5	1	277	1014	741	3.08e-123	442
cd1c28cb-e0d3-4ba0-b1b6-10ad666167c1	gb:HM370978|Organism:Influenza	89.825	285	6	15	99	366	736	1014	1.20e-93	344
2631ebd9-6401-4c35-8ab1-b9b0dc3c307d	gb:HM370978|Organism:Influenza	94.834	271	6	5	1	263	741	1011	1.78e-115	416
a0ce58cc-d888-4824-b0db-a9d2ec2efb7a	gb:HM370979|Organism:Influenza	95.517	870	19	16	4	863	872	13	0.0	1373
dac9aa4e-2124-4cbc-8f89-85dae2704998	gb:HM370978|Organism:Influenza	93.116	276	6	10	25	296	748	1014	3.37e-108	392
efeecf60-afc5-4975-af04-644aa8b95ae8	gb:HM370957|Organism:Influenza	96.457	254	7	2	1	252	13	266	9.03e-116	418
efeecf60-afc5-4975-af04-644aa8b95ae8	gb:HM370957|Organism:Influenza	93.722	223	1	7	245	465	2117	2328	7.28e-87	322
61d9d205-9344-4590-a6ce-ef58344363c5	gb:HM370979|Organism:Influenza	94.937	869	17	17	23	883	862	13	0.0	1336
981253ef-e201-4d13-924f-5dee41a1634b	gb:HM370979|Organism:Influenza	97.589	871	9	9	1	865	877	13	0.0	1482
81401087-15a2-4f24-9b57-30d8061c4a15	gb:HM370957|Organism:Influenza	100.000	255	0	0	205	459	267	13	6.74e-132	472
81401087-15a2-4f24-9b57-30d8061c4a15	gb:HM370957|Organism:Influenza	98.122	213	3	1	1	213	2328	2117	2.53e-101	370
07ee2d41-98fd-449c-835d-efa509c87464	gb:HM370978|Organism:Influenza	95.185	270	7	6	1	266	1014	747	4.12e-117	422
4e260a85-eecd-460b-bf2e-1488c7e4425b	gb:HM370978|Organism:Influenza	96.727	275	4	4	1	271	1014	741	1.39e-126	453
318b9dc7-3166-4ffd-92be-b46e1ef69341	gb:HM370978|Organism:Influenza	95.255	274	2	4	1	263	1014	741	1.05e-117	424
73d82632-2c8f-4390-b118-4a9baf428c5c	gb:HM370979|Organism:Influenza	97.693	867	10	9	1	858	12	877	0.0	1482
9430b1cb-ac7b-4e68-8a86-494c500a4094	gb:HM370979|Organism:Influenza	95.147	886	17	23	5	877	885	13	0.0	1375
cbacb540-234d-41df-813b-4abccab55aa7	gb:HM370978|Organism:Influenza	97.810	274	0	4	1	268	1014	741	4.89e-131	468
061e0fe3-e3f0-44b6-b090-4bffbab2a6c5	gb:HM370979|Organism:Influenza	95.876	873	25	8	10	877	880	14	0.0	1402
e5bb4186-f180-4e7d-8fea-23fe842c1fe7	gb:HM370978|Organism:Influenza	97.080	274	4	4	1	271	741	1013	2.99e-128	459
32dbaf1b-6b6d-45f1-a58c-152f102bd862	gb:HM370978|Organism:Influenza	93.165	278	8	9	1	271	741	1014	6.94e-110	398
3206590f-67d6-4cbb-86de-14e21a977b32	gb:HM370978|Organism:Influenza	96.727	275	3	5	1	270	1014	741	1.38e-126	453
bcfc06e9-0670-4ecd-ac43-881aa75ff6cc	gb:HM370978|Organism:Influenza	95.941	271	6	5	6	275	748	1014	5.11e-121	435
8a45b8d1-e50b-419b-b58a-e0506fe7d7c6	gb:HM370978|Organism:Influenza	98.551	276	2	1	1	276	1014	741	1.40e-136	486
8b9a0db1-41a0-446a-b4c4-15ed2cf561bc	gb:HM370978|Organism:Influenza	98.909	275	1	2	1	274	1014	741	1.07e-137	490
8d8778b6-1213-4c21-80ce-aeffde9cb389	gb:HM370978|Organism:Influenza	98.540	274	2	1	1	272	1014	741	1.78e-135	483
947cda9e-f611-41fc-9e9f-e39818ba2347	gb:HM370978|Organism:Influenza	97.810	274	1	4	1	269	1014	741	4.92e-131	468
35a0015a-3b06-4532-a867-397c39918947	gb:HM370978|Organism:Influenza	93.907	279	5	9	1	272	1014	741	8.50e-114	411
0688a476-bcc7-4c56-bb8e-f4bb320678d0	gb:HM370979|Organism:Influenza	97.583	869	11	9	1	862	12	877	0.0	1480
48d98293-f6b2-4e09-829f-8465f0e3fe64	gb:HM370978|Organism:Influenza	96.350	274	5	4	1	269	1014	741	2.30e-124	446
8b95b92a-ce73-45e4-aca0-cc13100d3a82	gb:HM370978|Organism:Influenza	92.527	281	8	9	10	279	736	1014	1.14e-107	390
99dfe9e1-c9a7-45f2-9b88-a693a3f29a32	gb:HM370978|Organism:Influenza	96.429	280	0	3	1	276	1014	741	1.42e-126	453
7407ad7c-eeb4-4f85-8bf3-a189993f7e9c	gb:HM370979|Organism:Influenza	95.547	741	18	11	225	955	748	13	0.0	1171
f944df36-d0fa-444d-a652-4acce811e9e7	gb:HM370978|Organism:Influenza	96.377	276	5	4	1	273	741	1014	1.81e-125	449
e6ded0a6-3825-4996-85a7-3b15f5a783cc	gb:HM370978|Organism:Influenza	95.255	274	7	6	13	280	740	1013	2.44e-119	429
8f603e04-7654-4aba-998c-821c96a4e579	gb:HM370978|Organism:Influenza	97.826	276	3	3	1	275	741	1014	1.08e-132	473
3dda5ec4-aba7-4cae-a8f0-fba6a0b5f5a3	gb:HM370979|Organism:Influenza	97.374	876	11	9	9	880	18	885	0.0	1480
0497b743-a5cb-4246-866b-e4af90791467	gb:HM370978|Organism:Influenza	97.313	1005	20	7	1	1001	13	1014	0.0	1700
361289d8-a884-46cc-94e1-5fce5edf86f0	gb:HM370979|Organism:Influenza	97.583	869	12	8	1	864	877	13	0.0	1480
3259249c-e551-4db7-b88b-55495d791465	gb:HM370979|Organism:Influenza	98.044	869	8	9	1	864	877	13	0.0	1502
9e44a664-0e5a-4c61-8326-d41061b8edd8	gb:HM370979|Organism:Influenza	98.703	617	3	4	1	616	877	265	0.0	1090
9e44a664-0e5a-4c61-8326-d41061b8edd8	gb:HM370979|Organism:Influenza	93.023	172	7	5	606	774	696	865	8.35e-64	246
d901af60-405e-4777-8d47-a089f769324f	gb:HM370978|Organism:Influenza	95.652	276	1	8	1	267	1014	741	1.78e-120	433
7f23c87d-973b-4469-9fd6-6199aa99cac5	gb:HM370978|Organism:Influenza	92.780	277	11	8	1	271	1014	741	3.07e-108	392
ca541b9c-298f-42e3-bcee-a869b45ee696	gb:HM370978|Organism:Influenza	97.297	999	8	14	12	997	22	1014	0.0	1677
c3df472c-1331-4081-a722-7bfedd8d63d6	gb:HM370978|Organism:Influenza	89.170	277	17	13	1	267	741	1014	1.86e-90	333
6b78df81-02d0-447b-8b58-60a47e04380b	gb:HM370978|Organism:Influenza	95.255	274	4	5	1	265	741	1014	2.95e-118	425
5b9ab54f-746c-454b-bb63-8399b3ce5006	gb:HM370978|Organism:Influenza	87.755	294	18	14	1	283	741	1027	9.20e-89	327
19ce5eb2-c17f-4ebb-95cd-1aedc32616a1	gb:HM370957|Organism:Influenza	99.219	256	1	1	205	460	267	13	1.46e-128	460
19ce5eb2-c17f-4ebb-95cd-1aedc32616a1	gb:HM370957|Organism:Influenza	95.833	216	2	3	1	213	2328	2117	5.53e-93	342
6b92bfed-d640-4cda-a4b2-bb6128b073b3	gb:HM370978|Organism:Influenza	94.203	276	6	8	1	268	741	1014	2.33e-114	412
10a3a48d-646c-42ee-baec-b83c6d0e6fb6	gb:HM370978|Organism:Influenza	97.219	1007	14	11	1	998	13	1014	0.0	1692
3b20ac66-f002-49ed-b412-8c2a3c1eacc8	gb:HM370978|Organism:Influenza	92.000	275	9	10	1	263	1014	741	1.08e-102	374
fcc9dd45-2682-4e62-8dbc-643b73596009	gb:HM370978|Organism:Influenza	84.229	279	23	18	1	263	1014	741	5.26e-66	252
d1cde2bf-da02-4f6e-a459-99f76c421d80	gb:HM370978|Organism:Influenza	93.885	278	7	10	1	272	741	1014	8.50e-114	411
0a05c105-0d6f-4933-954e-d54347686994	gb:HM370978|Organism:Influenza	98.807	1006	6	6	1	1004	13	1014	0.0	1786
6fa310a8-9e5d-415b-a1f3-b26002638e61	gb:HM370972|Organism:Influenza	96.262	214	5	3	350	562	2117	2328	1.47e-94	348
6fa310a8-9e5d-415b-a1f3-b26002638e61	gb:HM370972|Organism:Influenza	95.135	185	5	3	174	358	87	267	9.03e-77	289
db4caa59-0bd3-47a2-8fd6-870cb15676d2	gb:HM370979|Organism:Influenza	94.502	873	18	24	1	852	14	877	0.0	1319
dabd7a46-27ff-4075-b7fa-afbdd84ded9f	gb:HM370978|Organism:Influenza	95.545	1010	21	22	1	994	13	1014	0.0	1594
5596782f-48fa-4f9f-ae13-10c65e35e4c2	gb:HM370978|Organism:Influenza	92.430	1004	43	27	8	991	1003	13	0.0	1402
b542aec3-ca69-458a-8269-1af6f3906244	gb:HM370978|Organism:Influenza	96.377	276	5	3	1	273	1014	741	1.81e-125	449
9145ff15-e0b6-4da6-a5bd-ba39e71374e0	gb:HM370979|Organism:Influenza	97.219	863	12	9	10	864	19	877	0.0	1450
e0560979-b960-45bd-aec2-afa4f60a54ce	gb:HM370978|Organism:Influenza	91.367	278	5	12	1	266	741	1011	2.40e-99	363
27190cf6-20e8-46c5-b608-31365e7f68b6	gb:HM370972|Organism:Influenza	90.521	211	9	8	1	208	2328	2126	9.62e-71	268
27190cf6-20e8-46c5-b608-31365e7f68b6	gb:HM370972|Organism:Influenza	82.397	267	31	12	208	465	272	13	9.83e-56	219
0ed9c0e4-2e9d-4f9c-b440-0f2169a732cc	gb:HM370978|Organism:Influenza	96.390	277	2	7	1	272	1014	741	1.80e-125	449
932a6042-66ab-4812-bd9b-a7e5db2dbfd9	gb:HM370978|Organism:Influenza	91.144	271	12	9	94	352	744	1014	1.48e-97	357
d320208e-121e-4277-b8e4-d9cfa296088b	gb:HM370978|Organism:Influenza	94.853	272	3	6	12	275	746	1014	6.65e-115	414
c688262f-331e-4da7-a2f5-82e956c2624c	gb:HM370978|Organism:Influenza	98.545	275	1	2	1	273	1014	741	1.78e-135	483
d5ec2f63-e03c-4f68-b3fa-e5cf3ea15530	gb:HM370978|Organism:Influenza	94.964	278	6	7	1	271	1014	738	2.43e-119	429
af8ed2a1-7524-4f63-aa73-f805f2811929	gb:HM370957|Organism:Influenza	90.076	262	12	10	200	450	271	13	1.51e-88	327
af8ed2a1-7524-4f63-aa73-f805f2811929	gb:HM370957|Organism:Influenza	92.195	205	8	6	4	200	2338	2134	3.32e-75	283
a45cdca8-69a2-4211-95e3-93b933a8b6bf	gb:HM370978|Organism:Influenza	98.504	1003	6	8	1	995	13	1014	0.0	1760
53b158ca-147f-4648-a6c6-4566ce927068	gb:HM370979|Organism:Influenza	97.468	869	9	13	1	860	877	13	0.0	1471
0f649dcb-f7d8-4815-8381-704ecdeb2b68	gb:HM370957|Organism:Influenza	99.216	255	2	0	1	255	13	267	1.46e-128	460
0f649dcb-f7d8-4815-8381-704ecdeb2b68	gb:HM370957|Organism:Influenza	99.061	213	1	1	247	459	2117	2328	1.17e-104	381
e3ef3395-57c5-438e-bdb9-ef08e0c1303a	gb:HM370978|Organism:Influenza	98.540	274	3	1	1	273	1014	741	1.78e-135	483
4dc211cd-1ff0-4aa0-b7de-6882fe256abb	gb:HM370978|Organism:Influenza	97.842	278	2	4	1	278	1014	741	8.47e-134	477
5a67cc70-5675-423e-95c4-8aa2ddf3e324	gb:HM370978|Organism:Influenza	96.310	271	5	3	5	270	1011	741	1.08e-122	440
219fdc18-4e67-4855-bcc3-10ceabe4700b	gb:HM370978|Organism:Influenza	90.288	278	13	10	1	268	741	1014	5.14e-96	351
9633673f-beb6-4641-bd10-2af4b0e97715	gb:HM370979|Organism:Influenza	92.551	886	29	23	1	863	14	885	0.0	1236
67b8e04d-db22-4c1f-9c3d-03fc6bf837e8	gb:HM370957|Organism:Influenza	92.537	268	10	8	2	261	1	266	5.44e-103	375
67b8e04d-db22-4c1f-9c3d-03fc6bf837e8	gb:HM370957|Organism:Influenza	91.457	199	3	9	271	459	2134	2328	1.59e-68	261
384f310c-086f-489c-96aa-57b6d0a87831	gb:HM370979|Organism:Influenza	98.960	865	5	2	1	861	877	13	0.0	1544
8d13f265-95ed-4b56-abf4-0195d74dd917	gb:HM370978|Organism:Influenza	96.727	275	2	7	1	269	1014	741	4.95e-126	451
78590a7c-1dfc-49f1-82ce-f7cbea6d639f	gb:HM370978|Organism:Influenza	99.270	274	0	1	1	272	1014	741	8.21e-139	494
6022391f-3459-495d-8c67-a36271278f8a	gb:HM370978|Organism:Influenza	99.002	1002	4	6	1	996	1014	13	0.0	1790
6cf3d341-984c-43bb-bc20-5e0e58a472ef	gb:HM370978|Organism:Influenza	92.883	281	10	8	93	368	736	1011	2.58e-110	399
27ee57ff-9629-4458-8ff4-3a8b86f93359	gb:HM370978|Organism:Influenza	91.901	284	10	12	1	274	741	1021	5.38e-106	385
248aa777-ccbf-457c-b36e-d14fdcbe2844	gb:HM370978|Organism:Influenza	97.080	274	0	6	1	266	1014	741	3.78e-127	455
ef5eebd5-b9dc-41bd-9b09-cb9fd7eb9306	gb:HM370978|Organism:Influenza	96.377	276	3	5	1	271	741	1014	6.46e-125	448
4072b8eb-b822-4b04-bfbb-cf28356ac08d	gb:HM370978|Organism:Influenza	94.681	282	5	10	9	283	736	1014	2.45e-119	429
f8009490-d61b-47fb-9e9c-050e6af350fe	gb:HM370978|Organism:Influenza	94.752	1010	26	21	1	991	1014	13	0.0	1546
77fc1d62-701a-4108-bcd3-396f49b4863f	gb:HM370978|Organism:Influenza	96.715	274	3	5	1	268	1014	741	4.93e-126	451
8140e382-115b-44e3-921f-e14eb519df95	gb:JN683632|Organism:Influenza	88.811	286	13	14	14	291	740	1014	2.04e-90	333
35fbc79f-cc15-45c7-9a26-e1521c6167a3	gb:HM370979|Organism:Influenza	93.836	876	23	22	1	858	13	875	0.0	1290
1c13cf62-f44e-4b32-9d9d-3beec82e2bb7	gb:HM370978|Organism:Influenza	98.182	275	1	4	1	272	1014	741	8.27e-134	477
e49e858c-167c-47e5-9c16-ac2189f9c02f	gb:HM370979|Organism:Influenza	96.420	866	14	14	1	850	13	877	0.0	1411
d8c51e42-5a5a-4bb8-ad15-4f09ec04e314	gb:HM370979|Organism:Influenza	96.461	876	8	19	1	864	13	877	0.0	1424
83e2ea33-1272-4792-a92c-8baf9ebcc3b6	gb:HM370979|Organism:Influenza	95.200	875	21	15	1	863	13	878	0.0	1363
0465a46c-c3ec-4851-9e79-6aca9793063a	gb:HM370978|Organism:Influenza	96.390	277	5	4	1	275	741	1014	5.07e-126	451
6c0403b9-6055-4d70-b2ff-ef4f02d33487	gb:HM370978|Organism:Influenza	92.251	271	8	11	19	280	748	1014	4.14e-102	372
8b0bccb4-a5f6-408b-bfc2-ef709b6377af	gb:HM370978|Organism:Influenza	96.226	106	2	2	1	104	1014	909	1.56e-42	172
739a50a0-9366-4b68-8911-608d2bf05e08	gb:HM370979|Organism:Influenza	96.334	873	10	14	1	859	13	877	0.0	1415
84f68ad9-53e1-4337-9c4f-0e37a4e78906	gb:HM370979|Organism:Influenza	97.474	871	11	7	1	866	13	877	0.0	1476
8bf607b2-65be-498a-96c9-38286276dbe5	gb:HM370978|Organism:Influenza	94.928	276	4	7	1	268	741	1014	1.07e-117	424
9b416bde-622b-41fc-9d39-bbc4ea5c5bcb	gb:HM370978|Organism:Influenza	94.982	279	5	6	1	275	741	1014	2.38e-119	429
9e6035ea-68a5-4447-a9cf-8c623084b9bb	gb:HM370978|Organism:Influenza	98.905	274	1	2	1	272	1014	741	3.82e-137	488
cbd73758-c13b-49be-926e-dd5b8003dd3f	gb:HM370979|Organism:Influenza	94.406	876	25	20	1	863	877	13	0.0	1325
69a70b6a-3605-48d9-9967-3b24c66de365	gb:HM370979|Organism:Influenza	98.142	861	7	7	9	861	18	877	0.0	1493
de877c33-fa81-45ff-8135-90699d3a806b	gb:MH546999|Organism:Influenza	85.618	890	77	41	13	876	865	1	0.0	887
6d27ff48-349b-4dae-96ca-bf18ce9bd32f	gb:HM370979|Organism:Influenza	95.687	881	18	17	106	974	885	13	0.0	1399
2d6619f8-dd31-4385-be47-88bbd7fdab8f	gb:HM370978|Organism:Influenza	97.818	275	1	4	1	271	1014	741	1.38e-131	470
25d54ce3-4119-4f7b-8446-833947347aa1	gb:HM370978|Organism:Influenza	92.143	280	13	8	1	277	1014	741	1.46e-106	387
922c5070-8f2d-4e6e-a3fa-f157925a0d9e	gb:HM370978|Organism:Influenza	95.374	281	7	5	1	278	1014	737	3.21e-123	442
4eed2f3c-13ea-4e4d-8bf7-1ed88526c305	gb:HM370978|Organism:Influenza	98.905	274	2	1	1	273	1014	741	3.83e-137	488
f333d4a0-2572-441a-a1e7-72d5e273fe4c	gb:HM370979|Organism:Influenza	95.800	881	13	16	4	868	885	13	0.0	1400
d243a4c9-867e-41f6-9197-9fd0ffb42c4b	gb:HM370978|Organism:Influenza	96.751	277	2	7	1	274	742	1014	3.91e-127	455
86b87772-661c-4b7b-ae39-0d1c6dd6305f	gb:HM370978|Organism:Influenza	94.907	1021	24	17	101	1111	1024	22	0.0	1572
8697bb0d-2eae-4377-8b1e-9e0d6ca80eca	gb:HM370978|Organism:Influenza	97.445	274	5	2	1	272	1014	741	1.79e-130	466
a206da86-a215-42c6-b4f3-6dc644a71216	gb:HM370978|Organism:Influenza	99.259	270	0	2	6	274	1009	741	1.38e-136	486
474400e9-b116-4903-a2f7-333e01214c41	gb:HM370979|Organism:Influenza	98.847	867	4	5	1	863	877	13	0.0	1541
e155b525-bafc-4161-8146-f9096605b771	gb:HM370957|Organism:Influenza	94.203	276	4	7	2	274	1	267	1.56e-113	411
e155b525-bafc-4161-8146-f9096605b771	gb:HM370957|Organism:Influenza	97.653	213	4	1	266	478	2117	2328	1.23e-99	364
a82e2d3a-dec6-4424-afe7-421940b8f43a	gb:HM370978|Organism:Influenza	94.464	289	7	7	1	282	741	1027	1.46e-121	436
f1a84c33-cc63-4e07-9c60-80e6880e7e2c	gb:HM370978|Organism:Influenza	95.636	275	5	7	1	269	741	1014	4.99e-121	435
1b0c85b6-9802-409d-895c-15b3333b30ba	gb:HM370978|Organism:Influenza	93.190	279	7	9	1	272	741	1014	1.84e-110	399
7906970b-1b5b-42a4-9b7c-78a3bfb61b14	gb:HM370979|Organism:Influenza	98.618	868	5	5	1	864	877	13	0.0	1530
e1089c43-2496-4776-ae0a-64f27ca68e66	gb:HM370978|Organism:Influenza	93.662	284	4	10	1	275	1014	736	3.00e-114	412
4062b4e0-3f26-4ef6-86c6-63a2c6bd2d4b	gb:HM370978|Organism:Influenza	95.668	277	4	7	1	272	1014	741	3.90e-122	438
11f955c6-7aba-4221-8db4-6a7721a1de0a	gb:HM370978|Organism:Influenza	90.545	275	10	12	104	364	742	1014	2.57e-95	350
