bc747639-9e25-4296-875f-f5d694a38322	gb:HM370978|Organism:Influenza	94.545	275	9	5	1	270	741	1014	1.40e-116	420
16daf0e7-95cb-4c26-bcc8-d43f4e24d4ba	gb:HM370978|Organism:Influenza	96.763	278	5	3	1	278	1014	741	8.53e-129	460
2cc05382-7bb5-4b22-857a-f90e698c103a	gb:HM370966|Organism:Influenza	95.470	287	6	7	1	285	1939	2220	5.27e-126	451
9263b8be-6282-4938-aa06-aa359e9a7e42	gb:HM370978|Organism:Influenza	93.262	282	11	7	9	286	736	1013	3.27e-113	409
1f242ea9-7f61-4901-9c2a-4ff3fdba0af7	gb:HM370966|Organism:Influenza	95.904	293	8	4	10	300	2229	1939	4.26e-132	472
c072d3eb-f4d0-49e2-8ed8-e49656f922ec	gb:CY180305|Organism:Influenza	92.281	285	13	6	1	279	1927	2208	2.45e-109	396
a7f1cd66-4d28-4add-a9f7-832709bc404e	gb:CY180104|Organism:Influenza	93.993	283	9	4	1	276	2208	1927	3.99e-117	422
db67f6a0-886a-4823-89a0-c9ca1a7e9876	gb:HM370978|Organism:Influenza	98.905	274	1	2	1	272	1014	741	3.82e-137	488
ede0e07b-d197-4305-b09e-a5f3013342c4	gb:HM370978|Organism:Influenza	98.175	274	2	3	1	271	741	1014	2.96e-133	475
0e873b85-3b87-4320-8bd5-1ee0dfb3e69b	gb:HM370978|Organism:Influenza	93.594	281	7	9	1	277	741	1014	3.12e-113	409
e59c65d0-717a-4386-9775-7db967d125af	gb:HM370978|Organism:Influenza	91.697	277	17	6	1	275	1014	742	2.54e-104	379
b1d186ab-6a82-4dcc-8a3f-a193d4c6c6a7	gb:HM370978|Organism:Influenza	96.113	283	4	5	6	282	1022	741	4.03e-127	455
da1edbb9-cc42-465b-b65e-0d1b9b1f8613	gb:HM370978|Organism:Influenza	97.810	274	1	3	1	269	1014	741	4.92e-131	468
a0769d0e-3e8b-4c75-b531-1932c661ce40	gb:HM370966|Organism:Influenza	95.423	284	7	5	1	280	1939	2220	6.69e-125	448
9264bbf9-a603-4525-b151-46855d68dcb8	gb:HM370978|Organism:Influenza	94.182	275	8	5	1	268	741	1014	2.33e-114	412
3d475a25-a03f-4dd4-9c7c-81254575f76f	gb:HM370978|Organism:Influenza	93.455	275	6	8	1	264	741	1014	6.41e-110	398
58d217fa-af8c-4d61-9997-8c763dee86ab	gb:HM370978|Organism:Influenza	97.266	256	4	3	1	254	741	995	7.03e-120	431
a4bf8a77-9480-4009-a41c-83349f7d7eaf	gb:HM370978|Organism:Influenza	98.175	274	2	3	1	271	741	1014	2.96e-133	475
fde44e59-8b5a-4710-84e9-00218e312170	gb:MH546994|Organism:Influenza	95.070	284	8	5	1	280	1927	2208	3.11e-123	442
b97cb33e-1402-4271-8d01-afc16347e3f9	gb:HM370966|Organism:Influenza	99.291	282	2	0	1	282	2220	1939	8.48e-144	510
33c2b23b-e88a-42c5-90a4-6347bd063264	gb:CY014707|Organism:Influenza	95.192	208	1	5	103	302	2230	2024	2.27e-86	320
33c2b23b-e88a-42c5-90a4-6347bd063264	gb:CY014707|Organism:Influenza	95.763	118	5	0	287	404	2099	2216	1.86e-47	191
ef31f912-51ed-4d99-8970-bd537f13d071	gb:HM370978|Organism:Influenza	94.182	275	4	6	1	264	741	1014	2.96e-113	409
e8f6d891-6d5a-4688-b7e5-48f37211ff87	gb:HM370978|Organism:Influenza	90.182	275	15	9	1	264	1014	741	6.54e-95	348
403196d0-ce0e-4022-9251-0c59c4cdf3de	gb:HM370978|Organism:Influenza	97.908	1004	12	8	1	997	13	1014	0.0	1729
d2cffc6b-ded7-4f30-9b7c-1c62240741ab	gb:HM370978|Organism:Influenza	99.636	275	0	1	1	275	1014	741	4.97e-141	501
001955a3-6fcb-4583-9427-4ca9b78b1dee	gb:HM370966|Organism:Influenza	90.210	286	16	11	1	278	1939	2220	2.47e-99	363
fa3ce964-3100-4703-bc75-60192ad2e2ab	gb:HM370966|Organism:Influenza	96.842	285	4	4	1	283	2220	1939	4.02e-132	472
361a1119-9fd2-410f-844d-4d20bed077f0	gb:HM370978|Organism:Influenza	93.818	275	13	4	1	272	1014	741	8.50e-114	411
93d3dc74-fc94-484c-8e6f-f6c4b6f45417	gb:HM370966|Organism:Influenza	98.936	282	2	1	1	281	2220	1939	1.41e-141	503
7fd9056c-44d1-4b6d-8e46-9012be7c1548	gb:HM370966|Organism:Influenza	90.657	289	13	12	1	286	1939	2216	4.29e-102	372
5c4f8a50-19d4-4aa7-b444-fc5ffafe8d81	gb:HM370978|Organism:Influenza	99.273	275	0	2	1	274	1014	741	2.30e-139	496
fd97d0ef-eb97-4acf-bc40-6fea934879ca	gb:HM370966|Organism:Influenza	96.853	286	2	5	108	391	1940	2220	5.68e-132	472
1931ea90-3d52-40f4-a58e-ca43c971c7e0	gb:HM370974|Organism:Influenza	89.804	255	12	11	30	277	2186	1939	7.00e-85	315
f114c535-d511-4f94-ba44-068b027e1e09	gb:HM370978|Organism:Influenza	88.571	280	17	14	1	271	741	1014	3.16e-88	326
6f6fe60e-a934-4eee-b7fb-944d9e2c6913	gb:HM370978|Organism:Influenza	96.727	275	1	6	1	268	741	1014	4.93e-126	451
45062a15-fe5f-475a-bb3b-10170c959f93	gb:HM370978|Organism:Influenza	96.014	276	3	7	1	270	1014	741	2.99e-123	442
382fc86d-c6b4-40c5-818d-a6de8d1753bb	gb:HM370978|Organism:Influenza	91.007	278	11	9	4	274	1011	741	2.43e-99	363
26520d96-fc1c-4f15-aa7f-eb15b99cc6d7	gb:HM370966|Organism:Influenza	96.820	283	3	5	1	278	1939	2220	5.10e-131	468
90f66ba8-0772-4600-b160-3a0c2dddc4f9	gb:HM370966|Organism:Influenza	97.872	282	4	2	1	280	2220	1939	1.42e-136	486
4796bee3-9130-40cd-a27b-19ccf7ae82b8	gb:HM370966|Organism:Influenza	95.789	285	7	5	1	283	1939	2220	4.05e-127	455
c2664fbd-88b3-4beb-ba06-f5962302b1f9	gb:HM370978|Organism:Influenza	93.841	276	9	8	1	270	1014	741	3.03e-113	409
19751e2e-8c94-4218-b79e-dafffb7a1e76	gb:HM370978|Organism:Influenza	97.455	275	0	3	1	269	741	1014	2.29e-129	462
ca8068a4-89f5-4b74-ab5e-357515981410	gb:HM370978|Organism:Influenza	98.540	274	1	1	1	271	741	1014	6.37e-135	481
be5693fc-eaaf-4c62-9cf8-369ad86a00e2	gb:HM370978|Organism:Influenza	98.204	1002	12	5	1	996	13	1014	0.0	1746
3464ad7c-6478-4780-9eb3-9e6dff30883a	gb:HM370978|Organism:Influenza	94.182	275	11	5	1	271	741	1014	6.55e-115	414
82deafb9-67c2-49a9-9c16-5fedf1abf3d0	gb:HM370966|Organism:Influenza	93.333	285	11	7	1	280	2220	1939	6.79e-115	414
a0c49b89-e549-40f7-9200-cb8aa5b667db	gb:HM370966|Organism:Influenza	95.760	283	10	2	1	283	1939	2219	4.06e-127	455
d5846fb8-51d1-42bf-a17b-fa55d56cdf81	gb:HM370966|Organism:Influenza	97.518	282	6	1	1	281	2220	1939	6.62e-135	481
edfbeb38-1b97-4764-8ed8-b8f8e1868482	gb:HM370978|Organism:Influenza	99.636	275	0	1	1	275	1014	741	4.97e-141	501
b763d525-75f6-44bf-910d-5da53949dbd7	gb:HM370978|Organism:Influenza	95.455	286	0	7	4	280	1022	741	8.66e-124	444
d11d23fa-4792-47e0-b71a-1a2fa230ebe6	gb:HM370978|Organism:Influenza	83.929	280	17	16	1	258	741	1014	3.10e-63	243
e191b18a-93dd-4119-86ac-cee5cf673c39	gb:HM370978|Organism:Influenza	96.663	1019	10	19	1	1012	1014	13	0.0	1672
0779063d-a994-4925-95cc-4bcfd098bc3c	gb:HM370978|Organism:Influenza	93.992	516	16	12	1	509	13	520	0.0	767
4554c2a9-f5ad-4501-aae3-cff7a8b934b0	gb:HM370978|Organism:Influenza	90.647	278	8	14	173	437	742	1014	2.42e-96	353
8887907c-2847-4887-9bbf-572dd1ed8deb	gb:HM370978|Organism:Influenza	95.652	276	2	6	1	268	741	1014	4.96e-121	435
c9809c61-0dae-45ac-8bff-83fd4ef2ae39	gb:HM370978|Organism:Influenza	95.124	1005	26	19	1	985	13	1014	0.0	1563
42d4c54c-c590-4124-bcf7-74df2527f3d6	gb:HM370966|Organism:Influenza	98.582	282	2	2	1	280	2220	1939	6.55e-140	497
7389e274-1f1b-45d7-b280-c247feb7a891	gb:HM370978|Organism:Influenza	99.617	261	0	1	9	268	1001	741	2.93e-133	475
dd7f040a-a868-4094-971c-e3920629773f	gb:HM370978|Organism:Influenza	96.715	274	7	2	1	272	1014	741	3.87e-127	455
999478a5-1910-4ef7-9f16-6e92bb02f298	gb:HM370978|Organism:Influenza	93.141	277	14	5	1	275	741	1014	5.18e-111	401
1c3a4401-4804-48fb-ab95-d646a44cf979	gb:HM370978|Organism:Influenza	98.540	274	0	2	1	270	1014	741	6.34e-135	481
76b65aad-f6c8-4103-813d-6707c7a96b4b	gb:HM370966|Organism:Influenza	97.173	283	3	4	1	279	2220	1939	1.10e-132	473
32fe2e2b-a28e-4b46-9611-44d50d356160	gb:HM370966|Organism:Influenza	92.734	289	9	10	1	284	2220	1939	1.15e-112	407
