658254b8-b8fe-43a9-836a-b6be49fe5209	gb:HM370979|Organism:Influenza	91.704	892	29	25	4	876	872	7	0.0	1195
52aa531d-b6bf-45ce-8982-79271d2302a7	gb:HM370979|Organism:Influenza	97.583	869	8	10	1	860	13	877	0.0	1476
29ee1f51-dff5-48d0-b13f-c2f7f4743272	gb:HM370979|Organism:Influenza	97.326	860	8	13	8	857	867	13	0.0	1447
2b99def8-3be2-49e3-b67a-d149c226774b	gb:HM370979|Organism:Influenza	97.600	875	8	9	1	871	12	877	0.0	1487
8541297d-236c-4c34-a757-111f7f6cc994	gb:HM370979|Organism:Influenza	95.752	871	16	16	1	856	877	13	0.0	1384
0490ed1c-ccee-4750-a67e-4233d49b6882	gb:HM370979|Organism:Influenza	98.048	871	5	8	1	865	877	13	0.0	1504
61706518-9c03-4947-959b-9ecffc2dd8c4	gb:HM370979|Organism:Influenza	96.237	877	23	8	2	868	1	877	0.0	1428
a2ac1421-82dc-47b6-a985-2324811c26bf	gb:HM370979|Organism:Influenza	97.929	869	9	7	1	864	13	877	0.0	1496
6a25105b-e5c7-405b-bb6c-34c77539df90	gb:HM370978|Organism:Influenza	98.218	1010	1	14	1	1001	1014	13	0.0	1749
8658b30e-d59d-4e12-a5a1-2cbe0f93733c	gb:HM370979|Organism:Influenza	98.276	870	8	5	1	868	13	877	0.0	1517
ec0abc11-3b03-47e4-8202-5fb5be481e52	gb:HM370974|Organism:Influenza	98.058	515	6	4	1	512	13	526	0.0	893
ec0abc11-3b03-47e4-8202-5fb5be481e52	gb:HM370974|Organism:Influenza	93.689	412	12	12	506	910	1801	2205	1.32e-171	604
f1237839-c397-4bd0-b7c9-4e69e48034fc	gb:KX232513|Organism:Influenza	94.937	869	33	5	1	862	865	1	0.0	1351
a8e763b6-5880-4841-a34a-27315dbde24c	gb:HM370979|Organism:Influenza	98.737	871	2	7	1	868	877	13	0.0	1539
68c7e486-68f4-4756-b02c-447c460b3fbb	gb:HM370972|Organism:Influenza	99.293	283	2	0	1	283	2046	2328	2.37e-144	512
05a5b60c-0327-43cc-bcf6-f25006236a2a	gb:HM370979|Organism:Influenza	97.921	866	8	6	1	857	13	877	0.0	1491
02d07302-5321-4359-941d-e51e03e5441a	gb:HM370979|Organism:Influenza	99.306	865	3	2	1	862	13	877	0.0	1561
7eb4ff84-ec49-4eeb-897f-ff5e8ebe63fe	gb:HM370979|Organism:Influenza	97.235	868	10	11	1	857	13	877	0.0	1458
7db5b0a8-6221-4dab-863b-c9171fcdf505	gb:HM370978|Organism:Influenza	88.458	1031	71	42	1	1012	1014	13	0.0	1201
dddb46c7-0764-4d6e-b731-2fe2f1ebe746	gb:HM370972|Organism:Influenza	99.293	283	1	1	1	282	2328	2046	8.48e-144	510
5a9bb9ce-7c8a-4ca8-ab4c-889b7afbe537	gb:HM370972|Organism:Influenza	97.535	284	5	2	1	283	2046	2328	5.16e-136	484
0ad6fd5c-a5fd-42db-b763-0f27fa98db66	gb:HM370972|Organism:Influenza	96.127	284	8	3	2	282	2045	2328	8.66e-129	460
ab8adee3-d357-4631-a0ed-069142cdb298	gb:HM370978|Organism:Influenza	97.612	1005	9	14	1	993	1014	13	0.0	1709
f7b7d97f-76bc-4b14-8008-fdef27c1a2f8	gb:HM370979|Organism:Influenza	98.000	250	2	3	1	250	13	259	9.14e-120	431
0c0c52fc-3840-4063-9e54-b48176b365d3	gb:HM370979|Organism:Influenza	97.110	865	13	10	1	858	13	872	0.0	1448
0bb244f8-972c-41df-8648-466a4a19d2d5	gb:HM370979|Organism:Influenza	95.282	869	21	14	1	853	13	877	0.0	1360
5fe30e9b-5904-4b7b-8d01-cb80dd26151a	gb:HM370978|Organism:Influenza	96.238	1010	18	18	1	998	1014	13	0.0	1637
7b312c6c-04f5-49fa-a6d4-4e9065f66436	gb:HM370979|Organism:Influenza	89.597	894	51	35	2	870	1	877	0.0	1098
387bd178-6d83-470a-93cd-a898274bdbcc	gb:KX859370|Organism:Influenza	85.099	906	70	45	1	870	877	1	0.0	865
0e8b6218-3cbe-4f5c-9586-eb25d441d4bb	gb:HM370979|Organism:Influenza	96.712	882	6	16	1	876	13	877	0.0	1447
f8b88ef1-859e-459a-8006-e61e6d674309	gb:HM370979|Organism:Influenza	90.868	876	40	33	1	838	877	4	0.0	1138
d083e339-bfbd-4835-be35-3a458d27c6d1	gb:HM370979|Organism:Influenza	97.921	866	8	9	1	857	13	877	0.0	1491
3ce0df6a-527f-4c17-89e5-7281d3e19960	gb:HM370979|Organism:Influenza	95.862	870	16	16	1	856	14	877	0.0	1389
e159f396-4b5d-4124-a201-c560c475b11a	gb:HM370972|Organism:Influenza	94.845	291	4	9	1	288	2328	2046	8.93e-124	444
a0911e17-733a-4c47-a3ca-25d51876bc38	gb:HM370979|Organism:Influenza	95.413	872	19	15	1	858	877	13	0.0	1369
19e6cc6b-c416-47f0-8048-9326d86eee3c	gb:HM370979|Organism:Influenza	94.111	883	21	23	1	870	13	877	0.0	1314
eeeb30e2-cca1-42fb-9e3b-136b93df5390	gb:HM370979|Organism:Influenza	97.933	871	7	10	1	866	13	877	0.0	1498
d81b2228-b1c3-463a-b1e6-23e29c7271c4	gb:HM370972|Organism:Influenza	97.193	285	6	2	1	285	2046	2328	6.73e-135	481
23fc8a2e-3942-4273-81eb-3d62f661d8a3	gb:HM370979|Organism:Influenza	87.713	879	53	36	1	838	13	877	0.0	974
f1b6d19d-acb1-4705-915d-a9b0fa58bc34	gb:HM370979|Organism:Influenza	94.743	875	18	21	1	857	13	877	0.0	1336
1044c7ac-d91c-4c1b-a217-0dc4a59be037	gb:HM370979|Organism:Influenza	96.339	874	19	10	1	870	877	13	0.0	1424
4d510013-2888-471f-9275-581c72e34e36	gb:CY130127|Organism:Influenza	81.918	730	82	39	1	695	1	715	1.47e-161	571
4d510013-2888-471f-9275-581c72e34e36	gb:CY130127|Organism:Influenza	90.000	260	20	6	750	1006	740	996	2.71e-89	331
be8ad468-ca63-497f-8a94-45fd4bb375c5	gb:HM370979|Organism:Influenza	96.335	191	4	3	4	191	5	195	7.72e-84	311
be8ad468-ca63-497f-8a94-45fd4bb375c5	gb:HM370979|Organism:Influenza	100.000	56	0	0	185	240	68	13	1.41e-21	104
56105963-9ff5-48f1-a69d-1651db3a099c	gb:HM370979|Organism:Influenza	99.071	861	3	3	5	860	873	13	0.0	1541
4434bf65-5b12-4f0d-b3e5-314005143a50	gb:HM370978|Organism:Influenza	98.018	1009	8	8	1	1004	1014	13	0.0	1742
2a8202e7-46a6-4eef-b7cd-b708960c7e9c	gb:HM370972|Organism:Influenza	95.789	285	10	2	1	285	2328	2046	3.15e-128	459
94df1f5c-8cd6-404c-8252-899df5971c00	gb:HM370979|Organism:Influenza	98.385	867	10	4	1	865	877	13	0.0	1520
3526adeb-e3db-4b8e-ae58-8a4539ae4f9b	gb:HM370978|Organism:Influenza	98.804	1003	5	6	1	997	13	1014	0.0	1779
b8334e06-7494-463b-8772-690ec1f31d12	gb:HM370979|Organism:Influenza	97.586	870	10	9	1	864	877	13	0.0	1480
b1589882-b507-4d32-8e48-10ce5d7c0e47	gb:HM370979|Organism:Influenza	96.701	879	10	9	1	874	877	13	0.0	1445
1821996c-c113-4e6d-a731-af739b2884db	gb:HM370972|Organism:Influenza	89.510	286	10	15	7	277	2043	2323	9.07e-94	344
b0be8b53-a31a-4989-aac5-6f63651fa23a	gb:HM370978|Organism:Influenza	98.800	1000	3	8	1	999	1014	23	0.0	1772
e3d3c2d5-659d-4648-80ec-65ba4405004c	gb:HM370972|Organism:Influenza	100.000	283	0	0	1	283	2046	2328	1.09e-147	523
ac1dfcb3-fb0a-4e16-8d46-227d5c0ef020	gb:HM370978|Organism:Influenza	90.300	1000	45	44	1	956	1014	23	0.0	1262
3cc6290b-d54f-46a7-8e96-5686e0d29a43	gb:HM370979|Organism:Influenza	98.955	861	4	5	5	861	872	13	0.0	1535
2a45e16a-2461-43e2-a1f8-ab18f55baa90	gb:HM370972|Organism:Influenza	94.198	293	9	8	5	291	2336	2046	1.17e-122	440
7e0a2089-8a6d-4c84-9a6f-1ebde6bb3252	gb:HM370979|Organism:Influenza	97.350	868	10	11	1	858	13	877	0.0	1463
88f687d4-dc78-4a47-ab7d-99334123f03b	gb:HM370979|Organism:Influenza	97.811	868	7	10	7	868	874	13	0.0	1487
285ad1d6-9be1-4f9d-b274-28ab75c12cd3	gb:HM370978|Organism:Influenza	97.418	1007	10	15	1	996	1014	13	0.0	1701
61a86839-396c-44d4-aa18-9ba4e7a6b1ae	gb:HM370978|Organism:Influenza	96.571	175	4	2	1	173	1027	853	4.16e-77	289
e224366a-a826-4dcc-98ea-1438fefd7721	gb:HM370979|Organism:Influenza	98.157	868	12	3	1	867	877	13	0.0	1511
58216ed7-87ed-441a-adc5-b858b3676ea1	gb:HM370972|Organism:Influenza	99.648	284	0	1	1	284	2328	2046	5.11e-146	518
87f74377-330a-4a77-8eb9-b9a6a26bc654	gb:HM370979|Organism:Influenza	97.569	864	16	4	19	880	873	13	0.0	1474
da5e3615-899d-446d-be04-09404131b8d8	gb:HM370979|Organism:Influenza	97.356	870	15	8	1	867	13	877	0.0	1472
df5d9a46-e874-4d20-84ce-746f798fabce	gb:HM370979|Organism:Influenza	98.041	868	8	7	1	862	13	877	0.0	1500
31bf07a5-1bc5-46ce-b7a3-44291d0f51ae	gb:HM370979|Organism:Influenza	94.052	891	29	18	2	882	1	877	0.0	1330
f6096975-d63e-46ff-a488-532a293b9dec	gb:HM370979|Organism:Influenza	98.733	868	8	3	1	868	13	877	0.0	1539
1933cf60-a41c-4878-9bc1-32dfe717596c	gb:HM370979|Organism:Influenza	96.655	867	16	9	1	856	877	13	0.0	1428
ed9e9380-b8d8-4273-861c-7f4931126b77	gb:HM370979|Organism:Influenza	93.088	868	31	21	5	851	872	13	0.0	1243
af0ecc8d-1d2c-43b3-aece-9a9c70a7af14	gb:HM370978|Organism:Influenza	98.213	1007	10	8	1	1004	1014	13	0.0	1753
53282ff9-7e60-4687-b7d3-158a01a6f39e	gb:HM370979|Organism:Influenza	97.701	870	6	11	1	861	877	13	0.0	1483
99571160-2896-43ef-9eba-ee31ccff14d2	gb:HM370979|Organism:Influenza	99.306	865	4	1	1	863	13	877	0.0	1563
0b5d14cd-a0a8-4804-8b9e-149264015742	gb:HM370979|Organism:Influenza	96.556	871	19	9	1	866	877	13	0.0	1432
3e7c5ad3-83d1-4d03-a1aa-72da109abf54	gb:HM370979|Organism:Influenza	94.828	870	24	19	5	862	873	13	0.0	1338
745a926f-506c-4a29-98a1-b0a70526b2b6	gb:HM370979|Organism:Influenza	97.359	871	12	9	1	866	13	877	0.0	1471
da9ea890-ec7b-4b18-b975-e2a560f03ae6	gb:HM370978|Organism:Influenza	97.012	1004	8	15	1	984	1014	13	0.0	1668
d74b8c94-9b45-4707-b9f0-ae5f986ceb37	gb:HM370979|Organism:Influenza	96.900	871	11	13	1	861	13	877	0.0	1445
f4d5c26d-c7d0-468e-bbd8-645fc04cd6cb	gb:HM370979|Organism:Influenza	98.725	863	9	2	3	863	875	13	0.0	1531
94c39c80-7da4-4feb-894c-0a4e70e7cf23	gb:HM370979|Organism:Influenza	94.151	872	29	16	1	857	13	877	0.0	1308
4dbc3be7-3fe3-4d4f-94ab-03ca8244b367	gb:HM370974|Organism:Influenza	99.031	516	1	4	406	919	526	13	0.0	922
4dbc3be7-3fe3-4d4f-94ab-03ca8244b367	gb:HM370974|Organism:Influenza	95.337	386	6	7	39	412	2186	1801	4.72e-171	603
eaaa65aa-eeca-4826-977e-112285d6b488	gb:HM370979|Organism:Influenza	97.921	866	12	4	1	861	877	13	0.0	1495
a6004611-c8d1-4c06-989e-a4503ab40eae	gb:HM370979|Organism:Influenza	98.845	866	6	4	1	863	877	13	0.0	1541
4b0bd706-cf23-4360-820a-9088d60a9cdf	gb:HM370978|Organism:Influenza	94.882	1016	16	26	1	994	1014	13	0.0	1555
b3b556d7-f25d-4d7e-9ab2-7afa66fd580f	gb:HM370979|Organism:Influenza	95.447	637	15	13	291	921	249	877	0.0	1003
b3b556d7-f25d-4d7e-9ab2-7afa66fd580f	gb:HM370979|Organism:Influenza	97.423	194	1	2	90	279	5	198	3.19e-88	327
9e801d14-403c-465a-8c8c-663ad59347ba	gb:HM370978|Organism:Influenza	97.520	1008	12	13	1	1001	13	1014	0.0	1711
e3a067c9-0310-4bb2-a929-34e818a4ae6d	gb:HM370979|Organism:Influenza	97.116	867	9	12	1	853	877	13	0.0	1448
06dcf832-0199-4399-a773-28cf0e3e5bde	gb:HM370978|Organism:Influenza	98.704	1003	5	7	1	996	1014	13	0.0	1773
b57da69a-c044-4bcb-af95-25e3ec4185ec	gb:HM370979|Organism:Influenza	97.738	442	6	4	1	441	13	451	0.0	758
b57da69a-c044-4bcb-af95-25e3ec4185ec	gb:HM370979|Organism:Influenza	94.175	206	5	6	622	821	673	877	3.69e-82	307
50168e21-7fb2-4337-97cf-6db5b992d1e1	gb:HM370974|Organism:Influenza	95.164	517	12	13	1	507	13	526	0.0	804
50168e21-7fb2-4337-97cf-6db5b992d1e1	gb:HM370974|Organism:Influenza	97.531	405	5	4	502	902	1802	2205	0.0	688
08333b3f-b417-4fae-b890-cf699abaaeca	gb:HM370979|Organism:Influenza	87.401	881	59	41	1	845	13	877	0.0	965
0f99d115-bc66-4cb6-9c71-6251fd0b0dc3	gb:HM370978|Organism:Influenza	94.291	1016	23	31	1	995	1014	13	0.0	1522
48778db1-6488-4d8c-97da-8fecf5757a98	gb:HM370979|Organism:Influenza	97.595	873	8	9	1	868	13	877	0.0	1483
96cee3d4-2fbd-40f9-9c75-66cbff409889	gb:HM370964|Organism:Influenza	88.578	893	53	38	91	954	885	13	0.0	1038
8047e057-f8b4-4d44-8ec5-e1d02a40da9f	gb:HM370979|Organism:Influenza	86.712	888	65	39	13	876	872	14	0.0	937
a8226365-6bbe-4789-beff-5cd02bb5af42	gb:HM370972|Organism:Influenza	100.000	283	0	0	1	283	2046	2328	1.09e-147	523
088b6826-dedb-4fd6-b334-ba8bed89b019	gb:HM370979|Organism:Influenza	98.383	866	6	6	1	859	877	13	0.0	1515
5ed7c34b-b8f2-4e6e-9497-71918414e440	gb:HM370979|Organism:Influenza	99.307	866	5	1	1	866	13	877	0.0	1565
b35a7cc6-f79e-4681-ae86-c68d857e4ccb	gb:HM370979|Organism:Influenza	97.471	870	15	7	1	868	13	877	0.0	1478
97a434cd-f7b9-4f58-98a5-f8c24a81295f	gb:HM370979|Organism:Influenza	97.359	871	12	8	1	866	13	877	0.0	1471
b2377b34-3714-4891-ae90-30a3de186a82	gb:HM370979|Organism:Influenza	98.849	869	4	5	1	867	877	13	0.0	1544
c1675501-87a5-4d4c-b0f5-4baa3eb0f5b7	gb:HM370979|Organism:Influenza	96.110	874	20	11	1	869	13	877	0.0	1413
c5ae1d5f-1035-477f-92ad-441d3e031131	gb:HM370979|Organism:Influenza	97.581	868	9	8	1	859	877	13	0.0	1476
13884370-131a-4bab-8f46-0ed6e5fece6d	gb:HM370978|Organism:Influenza	91.369	869	46	25	141	987	153	1014	0.0	1162
d78a623d-cffc-4d35-9734-1f199ab1924c	gb:HM370972|Organism:Influenza	96.503	286	6	3	1	285	2328	2046	1.46e-131	470
89bb9115-9169-4af3-b970-cab03d8e67bc	gb:HM370979|Organism:Influenza	95.645	597	16	9	16	605	27	620	0.0	950
89bb9115-9169-4af3-b970-cab03d8e67bc	gb:HM370979|Organism:Influenza	97.674	43	0	1	744	785	835	877	1.40e-11	73.1
3c639846-f627-4195-8443-fed3b9daace1	gb:HM370979|Organism:Influenza	97.235	868	9	10	1	856	877	13	0.0	1456
3caf683d-8146-441d-8924-e1acd2ad7b68	gb:HM370979|Organism:Influenza	98.734	869	4	6	1	866	13	877	0.0	1537
c6f99280-2f14-4c7d-8ae6-ff84537ce372	gb:HM370979|Organism:Influenza	99.192	866	4	2	1	864	13	877	0.0	1557
d6ea21db-13d8-44d1-8ace-2d58e73d7e43	gb:HM370979|Organism:Influenza	97.251	873	20	4	7	875	5	877	0.0	1476
efaa2494-31f9-41c8-80f5-75569874bcfa	gb:HM370979|Organism:Influenza	89.162	895	51	31	2	868	1	877	0.0	1074
44d38aa1-b40d-40ba-ab0e-5577397c53c5	gb:HM370979|Organism:Influenza	98.504	869	7	3	1	867	13	877	0.0	1528
bece9dce-8886-48df-a238-9728522f8213	gb:HM370979|Organism:Influenza	97.709	873	5	9	1	867	12	875	0.0	1487
a6dab152-f71a-4148-a2c8-f1db6c761f02	gb:HM370972|Organism:Influenza	92.150	293	16	7	1	289	2046	2335	1.19e-112	407
bb2dbc12-08c3-4c45-a76a-350d8725596d	gb:HM370979|Organism:Influenza	95.737	868	25	12	1	859	13	877	0.0	1387
66c6d767-5162-47bc-b938-2117e5886502	gb:HM370979|Organism:Influenza	97.140	874	6	16	5	873	872	13	0.0	1458
fb0b46bd-2262-4170-8076-77b48fb9e831	gb:HM370979|Organism:Influenza	98.730	866	5	4	1	861	877	13	0.0	1533
a0552ea9-b9c9-4d01-9de3-cdb0dd9ff2a3	gb:HM370978|Organism:Influenza	97.324	1009	13	14	1	1002	13	1014	0.0	1701
ff2f005d-8b15-4a72-8867-3eb902d9af7f	gb:HM370979|Organism:Influenza	92.546	872	33	28	8	859	872	13	0.0	1221
f46637ed-8bc5-44b0-92bf-75df86c117ab	gb:HM370978|Organism:Influenza	96.008	1002	21	15	1	988	1014	18	0.0	1611
308bab98-688e-4675-adce-0c6fc1daa80c	gb:HM370966|Organism:Influenza	94.191	241	7	7	91	328	2233	1997	1.20e-98	361
ad1e525f-2b46-4562-886d-ed6771d78236	gb:HM370979|Organism:Influenza	99.418	859	4	1	5	862	871	13	0.0	1557
0d0828c8-3bc0-4cd8-8aed-c3a81f464e4c	gb:HM370978|Organism:Influenza	98.405	1003	9	5	1	997	13	1014	0.0	1757
0f266562-276e-4171-a42e-aa10908cdb1e	gb:HM370979|Organism:Influenza	97.241	870	14	9	1	865	877	13	0.0	1465
9fa33b10-562b-49a2-958e-ab2cd372fd95	gb:HM370979|Organism:Influenza	97.586	870	10	10	1	864	877	13	0.0	1480
bc7e75eb-0a06-412b-bb45-1ac3c3224149	gb:HM370972|Organism:Influenza	96.831	284	5	2	1	281	2046	2328	3.99e-132	472
49141eb4-17e6-43de-989c-11749c7aaebf	gb:HM370972|Organism:Influenza	95.736	258	3	5	1	253	2046	2300	3.10e-113	409
ce0700c1-5d61-4acd-8ca6-8195aa4e420c	gb:HM370979|Organism:Influenza	96.693	877	13	11	1	873	13	877	0.0	1445
399e7c1b-c168-4c63-b8b6-37a820eba38d	gb:HM370979|Organism:Influenza	96.994	865	12	12	6	860	873	13	0.0	1441
2756ea9d-9d0e-47a1-b039-177c6c1a6283	gb:HM370979|Organism:Influenza	96.659	868	15	11	1	857	13	877	0.0	1430
4dd2759d-7765-416f-84d7-876ef481b5e0	gb:HM370979|Organism:Influenza	95.848	867	17	10	1	850	13	877	0.0	1384
7f88f0c1-932b-48c9-92a6-7268ee65b493	gb:HM370979|Organism:Influenza	96.301	865	14	9	18	870	19	877	0.0	1404
75b1ed93-fe34-4e5d-baa3-22f2dcca5546	gb:HM370972|Organism:Influenza	92.708	288	12	7	5	288	2323	2041	1.20e-112	407
b8e1c386-99d1-42e5-862e-39b4e1bcd92b	gb:HM370979|Organism:Influenza	97.480	873	7	9	1	866	877	13	0.0	1476
095398f0-49af-4548-b62a-3cf140e39959	gb:HM370972|Organism:Influenza	96.918	292	1	6	1	285	2046	2336	1.89e-135	483
1b3a7a3e-0880-4356-a856-f648a1fe3a86	gb:HM370979|Organism:Influenza	98.157	868	7	7	1	862	13	877	0.0	1506
679aa02d-d362-4da8-a498-f3813a98f326	gb:HM370972|Organism:Influenza	85.616	292	13	19	1	272	2046	2328	2.50e-74	279
8a47246b-9fc0-46ef-bfd1-e3fb105c8ce1	gb:HM370972|Organism:Influenza	95.775	284	8	3	1	281	2046	2328	4.01e-127	455
86f4d92a-5f60-49c8-96e9-764ce5ec4240	gb:HM370978|Organism:Influenza	97.012	1004	14	14	1	990	13	1014	0.0	1674
8ddaf3e7-88fe-4bee-af20-d2112a2ee1d1	gb:HM370979|Organism:Influenza	92.182	793	33	23	69	839	92	877	0.0	1094
cec9bfdb-59d8-4ad3-9c9e-865ecb109a36	gb:HM370979|Organism:Influenza	96.326	871	15	9	1	859	12	877	0.0	1415
ed81b575-7103-469a-b91d-d733b768cea3	gb:HM370979|Organism:Influenza	97.806	866	6	12	1	854	13	877	0.0	1482
488bb729-c437-4a99-a311-c89cd8e32b00	gb:HM370979|Organism:Influenza	94.641	877	21	18	1	863	13	877	0.0	1336
35aded40-164d-4f90-a9c5-72b420ab640d	gb:HM370979|Organism:Influenza	96.998	866	11	12	4	860	872	13	0.0	1441
6105d053-cf8c-459e-9999-525fb15d085e	gb:HM370979|Organism:Influenza	97.120	868	13	11	1	859	877	13	0.0	1454
b3a2cbf1-2389-422f-a15c-1605064860ea	gb:HM370972|Organism:Influenza	95.105	286	6	6	1	282	2328	2047	8.72e-124	444
4ece8c80-8577-4dda-91cb-b1761ad2ccef	gb:HM370979|Organism:Influenza	86.780	885	55	50	1	843	877	13	0.0	929
7cd64df8-d9dc-411a-b54e-0514d0c7d789	gb:HM370979|Organism:Influenza	96.355	878	12	16	6	868	885	13	0.0	1426
5e1ee488-49d0-4c1d-a442-c4451ae5d519	gb:HM370979|Organism:Influenza	98.272	868	10	5	1	866	877	13	0.0	1515
607420cf-e3c9-4898-8189-486b6f41c18e	gb:HM370979|Organism:Influenza	95.867	871	17	16	1	858	877	13	0.0	1391
dbab4811-5ebc-4209-bcd6-7a47cc94314c	gb:HM370979|Organism:Influenza	95.598	886	23	15	2	880	1	877	0.0	1406
79557a30-f40f-4580-b7aa-6e61548a3712	gb:HM370979|Organism:Influenza	92.777	886	29	27	1	872	13	877	0.0	1249
70683702-5c69-48da-a5ac-f7d79e186b5b	gb:HM370978|Organism:Influenza	98.701	1001	7	5	5	1001	1011	13	0.0	1772
995bf04e-10fd-48cf-a55b-2995b019cbb4	gb:HM370979|Organism:Influenza	96.815	879	13	9	6	878	874	5	0.0	1454
000f99eb-09cd-4ef6-a3cd-2a673db15873	gb:HM370979|Organism:Influenza	97.133	872	6	14	1	860	13	877	0.0	1454
82c9afa1-3644-466c-9e7f-89ae77454f28	gb:HM370979|Organism:Influenza	98.264	864	9	3	5	866	872	13	0.0	1507
5c764f5d-39bf-43ce-b6b0-0f34121a4843	gb:HM370979|Organism:Influenza	97.575	866	13	8	1	859	13	877	0.0	1476
fe1f4705-83d4-4daa-b604-6bcb0532d804	gb:HM370979|Organism:Influenza	97.245	871	14	9	1	867	877	13	0.0	1467
e9d9eb6d-5726-45c1-94f0-b6cae53a4f45	gb:HM370979|Organism:Influenza	97.123	869	10	11	1	858	13	877	0.0	1452
05d1af5f-de0d-47db-a9f1-df62a0020545	gb:HM370979|Organism:Influenza	97.245	871	15	8	1	868	877	13	0.0	1467
28982179-a6ea-467d-8b22-b635450d2574	gb:HM370978|Organism:Influenza	96.264	1017	17	18	1	1004	13	1021	0.0	1648
5ee18ebf-e8ea-49bc-b585-916eb7c68550	gb:HM370978|Organism:Influenza	95.858	1014	20	15	1	1004	1014	13	0.0	1620
561aa3d0-7e19-4334-9f97-d0f1672176a6	gb:HM370979|Organism:Influenza	96.416	865	13	10	5	855	873	13	0.0	1410
15564f80-5f14-4d33-8d69-20a98b677c29	gb:HM370978|Organism:Influenza	98.121	1011	3	13	1	1004	13	1014	0.0	1748
b9b4f8e9-d915-4fca-a916-e7c07ab27fc8	gb:HM370972|Organism:Influenza	98.288	292	3	1	1	292	2046	2335	8.97e-144	510
6df89963-b3df-49b5-9faf-adf094d7d181	gb:HM370979|Organism:Influenza	96.449	873	20	8	1	870	877	13	0.0	1430
0db828ac-4d5e-476e-9b75-f12bab325495	gb:HM370978|Organism:Influenza	93.042	1006	25	36	103	1077	1022	31	0.0	1428
94f8d4c9-748f-4b37-96e5-0584e54cce0e	gb:HM370979|Organism:Influenza	89.374	894	49	37	11	884	18	885	0.0	1083
f73813ef-d758-4104-9965-f165263b04b9	gb:HM370972|Organism:Influenza	99.647	283	1	0	1	283	2046	2328	5.09e-146	518
d316c2f8-6caa-4d2a-98be-837ab34f40b2	gb:HM370978|Organism:Influenza	96.238	1010	12	18	1	992	1014	13	0.0	1631
5bdb600a-b5b1-477d-b258-f01746965185	gb:HM370972|Organism:Influenza	96.113	283	5	4	1	277	2328	2046	1.10e-127	457
1396644f-79b8-4188-8fc8-e3f404b0f7db	gb:HM370979|Organism:Influenza	97.238	869	13	9	1	862	877	13	0.0	1461
76f7466b-7bec-43bc-a1ec-60e1abb0c5f0	gb:HM370979|Organism:Influenza	99.076	866	5	2	1	864	877	13	0.0	1552
a54b708f-880e-4e46-a39e-ad07fa11255a	gb:HM370979|Organism:Influenza	94.124	868	27	17	1	848	13	876	0.0	1299
96fa1ae4-d6ff-462b-a846-6977dd1d3e97	gb:HM370972|Organism:Influenza	97.222	288	2	4	1	287	2046	2328	1.88e-135	483
b23e28ec-4683-430a-8607-2312d764e70a	gb:HM370979|Organism:Influenza	97.508	883	13	9	1	879	890	13	0.0	1500
c6fb5f2e-19a2-43cb-b64c-7d012d1dc666	gb:HM370979|Organism:Influenza	92.238	889	32	30	8	874	5	878	0.0	1225
47ac3ca4-5de0-4dc4-8b4f-ce910241fe25	gb:HM370979|Organism:Influenza	99.192	866	2	4	1	862	877	13	0.0	1555
9d7fb993-722b-4ec2-b310-47c12a51fcfa	gb:HM370979|Organism:Influenza	98.507	871	2	10	1	866	13	877	0.0	1526
7fbb7ed9-be0a-4c18-a491-d348bb7b9328	gb:HM370979|Organism:Influenza	97.693	867	8	7	1	857	877	13	0.0	1480
4fee4646-60a8-4644-825d-27b0d24df9aa	gb:HM370979|Organism:Influenza	97.693	867	12	7	1	861	13	877	0.0	1483
81aabfdd-9e05-4e17-a5cc-5d9161eb6659	gb:HM370979|Organism:Influenza	86.067	890	60	52	1	851	13	877	0.0	898
3393501f-96b5-4e7f-bd8d-8973cd0d5561	gb:HM370979|Organism:Influenza	97.929	869	12	5	1	867	877	13	0.0	1500
ea89f5cc-4473-49fb-95ee-a9e57b98ff6b	gb:HM370974|Organism:Influenza	96.863	510	6	9	1	502	13	520	0.0	845
ea89f5cc-4473-49fb-95ee-a9e57b98ff6b	gb:HM370974|Organism:Influenza	93.314	344	11	7	507	840	1808	2149	2.23e-139	497
db31026c-09eb-443a-9812-9746702914b3	gb:HM370979|Organism:Influenza	94.834	871	28	15	1	860	13	877	0.0	1343
17707ced-accb-418b-bc75-084a30f85bc9	gb:HM370979|Organism:Influenza	94.374	871	23	16	1	851	13	877	0.0	1314
38aa2939-8a23-4983-a149-ec8898f0af25	gb:HM370972|Organism:Influenza	97.887	284	4	2	1	283	2328	2046	1.11e-137	490
c2174e46-cb16-4e1e-9edf-38e4ec4aeced	gb:HM370979|Organism:Influenza	99.306	865	2	4	1	861	877	13	0.0	1561
b5e62862-5bb8-4aac-a96b-4ac374c73609	gb:HM370979|Organism:Influenza	97.273	880	14	9	6	882	885	13	0.0	1483
e0a49455-add4-437c-ace9-da8528da28c9	gb:HM370979|Organism:Influenza	98.046	870	10	5	1	868	13	877	0.0	1506
d979377c-3d09-4904-9147-ab4ae2d63010	gb:HM370979|Organism:Influenza	97.575	866	9	10	1	855	13	877	0.0	1472
e8dcfefd-d044-4490-8477-eec5003b1071	gb:HM370972|Organism:Influenza	97.183	284	6	2	1	283	2046	2328	2.40e-134	479
c6dd34ff-5f5c-475e-a524-45bcdf27d36b	gb:HM370979|Organism:Influenza	98.618	868	7	5	1	866	13	877	0.0	1531
ac9fbf0d-de8e-4b6f-9a27-3df86d59a83d	gb:HM370979|Organism:Influenza	98.847	867	6	4	1	865	877	13	0.0	1543
73edb178-3ed7-40ec-b02e-7e7d6b06d9a2	gb:HM370979|Organism:Influenza	94.808	886	21	20	6	879	5	877	0.0	1358
0799df3f-4f78-45a3-b9da-d89b792e2e93	gb:HM370978|Organism:Influenza	94.444	1026	30	24	94	1104	1	1014	0.0	1554
4e283df8-4ca3-4e7a-85f4-a57f26869c06	gb:HM370972|Organism:Influenza	93.333	285	10	5	1	278	2046	2328	2.42e-114	412
efb20cab-a4c2-4826-83d3-0c8a64b02ab9	gb:HM370979|Organism:Influenza	96.449	873	21	9	1	871	13	877	0.0	1432
46cb37ec-6a77-45d0-a3e1-72f5873c8e30	gb:HM370979|Organism:Influenza	98.737	871	4	4	1	870	877	13	0.0	1541
0cb135fb-3b64-441e-bd90-8299d04c3b76	gb:HM370979|Organism:Influenza	95.200	875	20	18	1	863	877	13	0.0	1363
b4f8e863-9801-444e-8794-261602d72a1a	gb:HM370979|Organism:Influenza	98.292	878	8	6	2	873	1	877	0.0	1531
4dfa62d9-11bb-40d8-a304-7e13c376d714	gb:HM370979|Organism:Influenza	98.845	866	5	3	1	862	877	13	0.0	1539
3cd5282e-edcf-45e6-926c-3873212ac231	gb:HM370979|Organism:Influenza	98.845	866	7	3	1	864	13	877	0.0	1541
74fcc936-e230-4fdc-9dec-d8b23fb01b4f	gb:HM370979|Organism:Influenza	98.849	869	4	4	1	866	12	877	0.0	1544
642eb003-25fb-47aa-85a2-f99f3e1b1269	gb:HM370979|Organism:Influenza	98.621	870	3	4	1	866	13	877	0.0	1531
54a4b17a-275d-4620-a26e-ada2a48afa2f	gb:HM370979|Organism:Influenza	98.385	867	6	6	1	861	13	877	0.0	1517
1374f686-50a2-43e5-a617-daa3a9484d1f	gb:HM370979|Organism:Influenza	96.437	870	16	11	1	860	13	877	0.0	1421
09018d21-07e2-45a3-8d0b-4c5135dbcded	gb:HM370978|Organism:Influenza	98.805	1004	5	7	1	999	1014	13	0.0	1781
57c0d72b-49e1-4690-8d9a-ee76a52687af	gb:HM370979|Organism:Influenza	96.508	859	16	10	1	847	877	21	0.0	1408
98cbd625-bc2a-4e5b-8de8-91502e34ea85	gb:HM370979|Organism:Influenza	96.009	877	18	11	1	872	13	877	0.0	1410
9a950475-3831-4654-8f44-0601b3f8fc5a	gb:HM370979|Organism:Influenza	97.442	860	15	6	9	864	20	876	0.0	1459
71564100-979a-4512-90d5-b9f3f438b15c	gb:HM370979|Organism:Influenza	95.074	873	19	18	1	857	13	877	0.0	1352
86b672be-93e0-4bfa-b290-8649f76feee6	gb:HM370979|Organism:Influenza	98.616	867	6	5	1	863	13	877	0.0	1530
b55b5fac-aef3-4d41-a718-6e7202f75a26	gb:HM370979|Organism:Influenza	93.279	863	31	24	12	859	18	868	0.0	1247
2224306f-e962-4101-b500-27ff01b037f4	gb:HM370979|Organism:Influenza	97.463	867	10	10	1	857	877	13	0.0	1469
af835034-554d-4ae1-9638-2964cac6d3a5	gb:HM370978|Organism:Influenza	95.558	1013	18	18	1	997	13	1014	0.0	1596
828a9841-ca0c-470a-8b4c-3939ad061d12	gb:HM370979|Organism:Influenza	98.163	871	8	5	1	869	877	13	0.0	1513
d109a9b7-fede-45fa-bba8-bfecbe1aa483	gb:HM370979|Organism:Influenza	96.441	871	17	14	1	863	13	877	0.0	1424
45a5934c-6585-49a5-80f0-66bf23c2164a	gb:HM370979|Organism:Influenza	99.306	865	5	1	1	864	877	13	0.0	1563
271e3dea-706f-4c7f-b51d-450546700464	gb:HM370979|Organism:Influenza	91.334	877	41	26	1	854	13	877	0.0	1166
78432501-8d7d-428c-8bcc-731f1e7fb91e	gb:HM370979|Organism:Influenza	96.825	882	9	15	1	872	13	885	0.0	1456
761033ed-ae56-4b6a-b96f-6f56e3cab3e1	gb:HM370972|Organism:Influenza	98.596	285	2	2	1	285	2046	2328	1.44e-141	503
c9a082bd-7741-4be5-ad80-defd127fca71	gb:HM370979|Organism:Influenza	95.276	889	16	19	2	876	1	877	0.0	1386
f6a0476e-81ba-4e26-b9b6-758eb4edc87e	gb:HM370972|Organism:Influenza	100.000	283	0	0	1	283	2328	2046	1.09e-147	523
0415f2eb-a083-4a8c-aa9a-304bd4964808	gb:HM370972|Organism:Influenza	98.587	283	3	1	1	282	2328	2046	1.84e-140	499
68dd91a8-6806-406b-b6ed-876e9467427f	gb:HM370972|Organism:Influenza	97.527	283	4	3	1	280	2046	2328	6.60e-135	481
cf014a95-bff7-46b1-975b-e0b5d9956cc2	gb:HM370979|Organism:Influenza	95.396	847	22	15	1	836	877	37	0.0	1332
ba89d738-b3e3-4871-a5d6-5e708f86adec	gb:HM370972|Organism:Influenza	98.587	283	3	1	1	282	2328	2046	1.84e-140	499
b182ceba-3fd8-4ee4-bae5-1f04b0092b42	gb:HM370979|Organism:Influenza	97.814	869	10	7	1	864	877	13	0.0	1491
de2e81b0-fbe3-4bac-abd1-497ca73d3cf9	gb:HM370979|Organism:Influenza	95.716	887	16	17	2	876	1	877	0.0	1408
08d34039-863d-4b07-aa2d-f1f9cf52b3ff	gb:HM370979|Organism:Influenza	93.800	871	31	20	1	854	877	13	0.0	1288
a42acd1f-adf2-4bfc-b9d6-b1db798ded01	gb:HM370979|Organism:Influenza	98.053	873	6	6	1	870	877	13	0.0	1507
253fb7ef-bb28-481e-a335-8342d740665e	gb:HM370979|Organism:Influenza	98.962	867	1	6	1	861	877	13	0.0	1544
8e0803b0-1eee-478c-a5e4-cd3f0c3ff4d0	gb:HM370979|Organism:Influenza	97.924	867	5	11	1	855	12	877	0.0	1489
5f8240dd-d88e-40bc-a70e-8e63716a2fad	gb:HM370979|Organism:Influenza	96.445	872	15	12	1	863	877	13	0.0	1424
0899c8cd-96de-40a4-91f2-93156da99ef5	gb:HM370979|Organism:Influenza	90.471	871	40	34	5	843	872	13	0.0	1109
3b5b9c6e-1d40-4653-bb4d-5e54b94e607d	gb:HM370979|Organism:Influenza	98.618	868	3	8	1	862	13	877	0.0	1528
7aada3f7-6541-4de7-ad8a-a64017f18105	gb:HM370979|Organism:Influenza	97.235	868	16	7	1	863	13	877	0.0	1463
9a0ef6e2-3049-44f6-aa7e-ea8f5faea1ea	gb:HM370978|Organism:Influenza	95.941	1010	23	17	1	1000	13	1014	0.0	1622
157964a2-7d3a-4df1-b093-46795d471b15	gb:HM370972|Organism:Influenza	98.947	285	0	3	1	284	2328	2046	1.11e-142	507
94ec8099-d1f3-4bb2-8a2a-67ce34e659e4	gb:HM370979|Organism:Influenza	95.677	879	16	16	1	871	877	13	0.0	1393
b62d03d8-e913-4271-a2ba-06cc510866ee	gb:HM370979|Organism:Influenza	91.523	873	30	32	1	841	13	873	0.0	1162
7fae15f1-1c02-4a63-87e7-442af5c335a3	gb:HM370974|Organism:Influenza	97.065	511	5	8	505	1007	526	18	0.0	852
7fae15f1-1c02-4a63-87e7-442af5c335a3	gb:HM370974|Organism:Influenza	93.842	406	9	12	121	511	2205	1801	2.42e-169	597
c495e9ca-7009-4a13-b8cd-040e57fc552a	gb:HM370972|Organism:Influenza	90.667	300	17	9	1	299	2046	2335	4.50e-107	388
c22a464b-90d9-4d1d-ae26-3a40693b0102	gb:HM370979|Organism:Influenza	94.755	877	20	19	1	863	13	877	0.0	1341
26dfa92b-4f7c-48cd-bd3b-c5e4e9345b3d	gb:HM370979|Organism:Influenza	98.743	875	7	3	7	879	885	13	0.0	1552
6fb6b6cf-52d4-4993-b2ff-6f6388535a7e	gb:HM370978|Organism:Influenza	99.202	1003	5	3	1	1001	13	1014	0.0	1805
9669591f-44ac-4c49-98d8-08199833be5a	gb:HM370979|Organism:Influenza	96.110	874	20	13	1	869	13	877	0.0	1413
da926e2f-2537-4944-aa9c-6f2d099eb8bc	gb:HM370979|Organism:Influenza	97.703	827	8	10	45	867	832	13	0.0	1411
fa1ca563-cf4c-4414-a11e-41daaf40830a	gb:HM370966|Organism:Influenza	96.437	421	9	5	1	416	2220	1801	0.0	689
fa1ca563-cf4c-4414-a11e-41daaf40830a	gb:HM370966|Organism:Influenza	94.038	369	5	11	410	769	526	166	2.83e-153	544
21d40d4c-365a-427e-b2ef-ae594bc86688	gb:HM370979|Organism:Influenza	94.425	843	25	17	1	823	877	37	0.0	1277
2b8a56d3-7c80-4d96-8072-ba9a23db9230	gb:HM370979|Organism:Influenza	93.678	870	33	20	1	853	877	13	0.0	1282
b98fc870-9eb4-4396-bcb9-d7b61c2a45a9	gb:HM370979|Organism:Influenza	92.161	893	35	27	1	873	13	890	0.0	1229
cc2d944d-e884-44c0-9ad4-720bb6259204	gb:HM370972|Organism:Influenza	96.992	266	5	3	1	264	2328	2064	8.76e-124	444
72598fc8-43a6-41b3-88e9-fe90ca99ce2a	gb:HM370978|Organism:Influenza	96.918	1006	14	13	1	993	1014	13	0.0	1670
720b20cd-0c9f-4cd0-80a9-21950099d0b5	gb:HM370979|Organism:Influenza	88.475	885	49	44	1	852	877	13	0.0	1020
842681db-dd30-4e6a-9ff4-eaf73631920c	gb:HM370979|Organism:Influenza	98.159	869	7	6	1	864	13	877	0.0	1507
b158c708-468b-4efb-8e8f-b4497bbfa5e2	gb:HM370979|Organism:Influenza	97.471	870	12	10	1	865	13	877	0.0	1476
091fdf4b-eefa-4399-b7b6-1461b37142a1	gb:HM370979|Organism:Influenza	94.233	867	24	23	5	851	873	13	0.0	1301
d9b599f2-0d2b-40d4-aed6-d204907722f9	gb:HM370979|Organism:Influenza	98.739	872	3	4	1	871	877	13	0.0	1543
ece53c9c-364a-499e-ba8f-0f93542711cc	gb:HM370978|Organism:Influenza	97.024	1008	11	17	1	995	13	1014	0.0	1677
350ab761-98df-4233-b51f-64e537f81708	gb:HM370978|Organism:Influenza	95.768	1016	20	16	1	1007	1014	13	0.0	1616
01660e81-e675-49cf-a9d9-fff46f4f124b	gb:HM370979|Organism:Influenza	96.939	882	12	12	2	873	1	877	0.0	1465
938d09a6-7dda-4c74-9935-563d1caf9a22	gb:HM370978|Organism:Influenza	96.835	1011	17	12	1	1005	13	1014	0.0	1676
c7a9b276-a416-46aa-9951-9d5b336a3c82	gb:HM370979|Organism:Influenza	90.183	876	33	35	1	834	877	13	0.0	1092
4286b0d2-9676-4e41-bb4e-8f53f4721214	gb:HM370978|Organism:Influenza	96.847	1015	14	15	1	1009	1015	13	0.0	1681
22b7ba23-7486-4e6c-91ef-b9429f9ad8a3	gb:HM370979|Organism:Influenza	98.041	868	9	8	1	863	877	13	0.0	1502
0b342f7a-6f8e-4f53-9e3b-f81287aa4921	gb:HM370972|Organism:Influenza	91.803	122	5	2	1	117	2328	2207	2.75e-40	165
1e8b25d4-6aa6-4da4-bbde-2bdec9b2583a	gb:HM370979|Organism:Influenza	98.391	870	7	7	1	868	877	13	0.0	1522
08b8ac43-021e-4e2a-913f-276697316ac8	gb:HM370979|Organism:Influenza	96.674	872	15	12	1	865	13	877	0.0	1437
f42f328e-3698-41d5-a645-0b1c5aa2afc3	gb:HM370978|Organism:Influenza	97.228	1010	10	15	1	1000	1014	13	0.0	1694
850b4c9c-575e-4a7c-827c-5d50b530d382	gb:HM370978|Organism:Influenza	98.708	1006	6	5	1	1003	13	1014	0.0	1779
4a6cd304-fa34-4b8a-b2c4-79ea79f6dff7	gb:HM370979|Organism:Influenza	98.724	862	7	4	6	863	874	13	0.0	1528
e9c517a1-2985-4432-8047-bb0d25d30e27	gb:HM370979|Organism:Influenza	97.938	873	8	7	1	871	877	13	0.0	1504
10a75cb5-09aa-4b49-8444-74943e4d446d	gb:HM370979|Organism:Influenza	96.556	871	20	9	1	867	877	13	0.0	1434
9692d85a-ab0d-48bf-b9d4-e68301b91f12	gb:HM370978|Organism:Influenza	93.984	1014	29	25	4	996	18	1020	0.0	1506
4929bde0-0d7b-4ca7-bcb2-6e0ca846c549	gb:HM370972|Organism:Influenza	89.931	288	15	12	14	292	2045	2327	3.39e-98	359
ed1d6c43-4483-4e3d-ac3d-87bda51d2ab4	gb:HM370972|Organism:Influenza	98.239	284	4	1	1	284	2046	2328	2.39e-139	496
763cd415-7727-4f80-a048-899fbf7db02b	gb:HM370979|Organism:Influenza	98.913	92	1	0	95	186	890	799	6.42e-40	165
763cd415-7727-4f80-a048-899fbf7db02b	gb:HM370979|Organism:Influenza	91.935	62	4	1	182	242	816	877	5.14e-16	86.1
cdaf5ad5-6362-43a4-8f74-e49de0a102d2	gb:HM370979|Organism:Influenza	96.678	873	9	16	1	861	877	13	0.0	1434
de7679fc-9961-45e2-8f64-de9dd34055a6	gb:HM370979|Organism:Influenza	98.389	869	6	6	1	865	877	13	0.0	1520
39a08d92-ea4c-4ae3-918e-23709e6d8bcf	gb:HM370972|Organism:Influenza	98.596	285	2	2	1	285	2328	2046	1.44e-141	503
43f5e2e4-0651-4e31-b73b-f7906e0f1f39	gb:HM370972|Organism:Influenza	97.880	283	3	3	1	280	2328	2046	1.42e-136	486
49e19585-17ea-437b-a15e-9be7d0b09df7	gb:HM370978|Organism:Influenza	86.782	522	31	23	1	493	1014	502	1.39e-154	547
49e19585-17ea-437b-a15e-9be7d0b09df7	gb:HM370978|Organism:Influenza	90.805	87	2	4	493	578	943	1024	2.16e-23	111
869388bf-995c-4292-b1e5-e1d46b4185b6	gb:HM370978|Organism:Influenza	98.310	1006	9	7	1	1002	13	1014	0.0	1757
21a03c2e-5b91-41dd-9def-fcad26e06970	gb:HM370979|Organism:Influenza	98.744	876	8	3	1	874	13	887	0.0	1554
638568a7-037c-47d5-8754-f7b3db7f1508	gb:HM370979|Organism:Influenza	95.652	874	9	16	5	862	873	13	0.0	1376
fc010eda-1d7a-4832-b12a-5f185021d92a	gb:HM370979|Organism:Influenza	97.909	861	10	6	11	864	18	877	0.0	1483
29c77ff5-5c2c-425f-bd51-3db3c2f96e87	gb:HM370979|Organism:Influenza	97.241	870	11	11	1	861	12	877	0.0	1461
4fe3bb91-7128-465c-b263-2b99f1ae5ce7	gb:HM370978|Organism:Influenza	97.708	960	10	11	1	954	1027	74	0.0	1640
4fe3bb91-7128-465c-b263-2b99f1ae5ce7	gb:HM370978|Organism:Influenza	100.000	98	0	0	949	1046	917	1014	2.99e-44	182
5e7d5365-bf1f-4b5e-bce6-179d01de1434	gb:HM370979|Organism:Influenza	97.039	878	12	10	1	870	877	6	0.0	1465
167179d5-56b9-4f03-9b1e-5a47a3e8e7b8	gb:HM370979|Organism:Influenza	96.663	869	17	10	1	862	14	877	0.0	1434
20e66e7d-f530-4a6d-8bd4-98807fbbadc4	gb:HM370979|Organism:Influenza	95.271	867	13	19	17	862	864	5	0.0	1349
0563ba2f-d35c-49d3-bf67-8f453e002124	gb:HM370974|Organism:Influenza	97.852	512	6	4	1	509	13	522	0.0	880
0563ba2f-d35c-49d3-bf67-8f453e002124	gb:HM370974|Organism:Influenza	98.267	404	6	1	506	908	1802	2205	0.0	706
0758290a-acd9-4c58-9f34-8465c023d980	gb:HM370979|Organism:Influenza	98.963	868	4	5	1	866	877	13	0.0	1548
ced34490-b35c-4c2a-a448-62efd6c6fe93	gb:HM370979|Organism:Influenza	98.266	865	4	8	1	854	13	877	0.0	1504
641743e4-620e-4005-9100-d5292cd13289	gb:HM370979|Organism:Influenza	97.022	873	13	10	1	868	877	13	0.0	1456
ca27652f-4cd6-4b4c-8c6f-391e12110250	gb:HM370978|Organism:Influenza	96.040	1010	22	18	1	1000	13	1014	0.0	1628
e0f9dcf7-f621-447f-a532-407eac2f28bc	gb:HM370978|Organism:Influenza	94.089	1015	21	30	1	989	13	1014	0.0	1506
e3538d2e-b89b-4001-b954-5e1264f22f0e	gb:HM370979|Organism:Influenza	90.508	885	43	31	3	858	885	13	0.0	1131
a00b1fc4-547d-40fb-b163-1a295f9ff2f1	gb:HM370979|Organism:Influenza	91.991	874	26	22	1	839	877	13	0.0	1186
ebd66828-cd1c-47b5-9764-479be66ad5e7	gb:HM370979|Organism:Influenza	98.152	866	10	6	6	869	874	13	0.0	1506
1656ede5-04a0-4226-b3f7-486a133ae914	gb:HM370979|Organism:Influenza	97.583	869	10	11	1	862	13	877	0.0	1478
4ef3ea27-2ac0-4cd8-b16c-fd78e33c71e5	gb:HM370979|Organism:Influenza	97.022	873	11	14	1	866	13	877	0.0	1454
65c1549b-b135-4eb9-80cd-641d4807fef5	gb:HM370972|Organism:Influenza	99.648	284	0	1	1	284	2046	2328	5.11e-146	518
d0829b7a-cf9d-480d-b291-f0560f860f8d	gb:HM370979|Organism:Influenza	98.037	866	11	5	1	861	877	13	0.0	1500
536aecba-1c50-4703-8b25-8fb2e6fd910b	gb:HM370972|Organism:Influenza	91.265	332	13	11	91	411	2002	2328	6.08e-122	438
c7dfc196-ced8-4d32-947a-fcc6b20540aa	gb:HM370979|Organism:Influenza	96.216	872	15	16	1	861	13	877	0.0	1411
6eb3557b-9f90-4082-af13-101eb8977fa3	gb:HM370979|Organism:Influenza	98.616	867	7	5	1	864	877	13	0.0	1530
5091c998-2c12-4ae3-8d3e-17a7f9ab247a	gb:HM370972|Organism:Influenza	98.239	284	1	4	1	281	2328	2046	8.51e-139	494
c3459076-3157-4af8-9e3a-e8cbba754cee	gb:HM370979|Organism:Influenza	97.814	869	5	12	1	859	877	13	0.0	1487
009c3506-ddf8-4e93-a823-58a8a6925d7e	gb:HM370979|Organism:Influenza	97.581	868	9	8	1	859	877	13	0.0	1476
e0741407-bb47-4dc6-a5ec-85c0ee6fd25a	gb:HM370979|Organism:Influenza	96.437	870	15	11	1	859	877	13	0.0	1421
10c09651-487a-4b82-a6e5-dbbcfde80888	gb:HM370979|Organism:Influenza	92.081	644	23	23	1	634	13	638	0.0	881
10c09651-487a-4b82-a6e5-dbbcfde80888	gb:HM370979|Organism:Influenza	91.919	99	3	4	687	781	780	877	6.29e-30	134
d16ba98b-f591-47d9-9fc2-8661cb80e499	gb:HM370979|Organism:Influenza	92.027	878	31	27	1	852	13	877	0.0	1197
9f99dd76-fff9-4c6d-a0fd-37c76c020882	gb:HM370979|Organism:Influenza	98.497	865	8	5	1	860	877	13	0.0	1520
e90d5a52-f4c6-4957-86b9-e5cba5550b8f	gb:HM370979|Organism:Influenza	97.909	861	3	10	4	850	872	13	0.0	1476
d7008a2b-a213-4dce-9759-770b3bc99f74	gb:HM370979|Organism:Influenza	97.035	877	9	15	1	864	13	885	0.0	1459
99746372-b7f9-43d0-a1e1-e784a4ea1cea	gb:HM370974|Organism:Influenza	95.720	514	11	9	1	507	13	522	0.0	817
99746372-b7f9-43d0-a1e1-e784a4ea1cea	gb:HM370974|Organism:Influenza	93.171	410	13	11	504	904	1802	2205	1.32e-166	588
15f1e01b-9b42-4a2f-9b3e-42a7a632be14	gb:HM370979|Organism:Influenza	95.195	874	26	15	1	867	877	13	0.0	1367
d78a0021-4869-45cf-9d9d-133e2a9d8366	gb:HM370979|Organism:Influenza	97.933	871	7	9	1	866	13	877	0.0	1498
ff239dad-4b95-40a2-be1b-0391b8afc0da	gb:HM370979|Organism:Influenza	97.583	869	9	9	1	860	12	877	0.0	1478
7f4c7174-38b1-4fb5-9b1b-2150168b971c	gb:HM370979|Organism:Influenza	89.342	882	45	39	1	850	13	877	0.0	1062
b5723295-7f5d-4951-b2a1-def9a4852e19	gb:HM370979|Organism:Influenza	93.402	879	32	17	1	869	877	15	0.0	1279
bb0f7cf9-0a68-4b6a-bd77-408770571fab	gb:HM370979|Organism:Influenza	97.238	869	15	9	1	864	877	13	0.0	1463
85f6d716-522f-4bb9-98af-c69bb94c8745	gb:HM370979|Organism:Influenza	96.659	868	14	11	1	856	13	877	0.0	1428
d969d230-8052-4c49-b06d-a50b9d6c56c1	gb:HM370979|Organism:Influenza	96.318	869	15	10	1	856	13	877	0.0	1411
d932ce8c-10f4-4dd8-b96e-4b4b3793fbcb	gb:HM370979|Organism:Influenza	98.629	875	5	4	1	871	13	884	0.0	1543
c7bea2af-b7ef-470c-9892-fe49cafc2d68	gb:HM370979|Organism:Influenza	96.216	872	19	13	1	865	877	13	0.0	1415
ab145d18-f00f-4e26-a989-292986e66abc	gb:HM370978|Organism:Influenza	94.450	1009	28	19	1	988	13	1014	0.0	1528
10f71e9b-97d9-4577-bde8-4ad0548e6965	gb:HM370978|Organism:Influenza	96.620	1006	24	8	1	1000	13	1014	0.0	1661
036d6562-d5ba-491f-9f08-1245644db8b8	gb:HM370979|Organism:Influenza	98.041	868	6	7	1	860	877	13	0.0	1498
2ee37cd2-e1f1-47b6-996b-028ec495526a	gb:HM370972|Organism:Influenza	98.596	285	2	1	1	285	2328	2046	1.44e-141	503
34010662-9eb2-4cd8-a25c-46b13843402f	gb:HM370972|Organism:Influenza	98.940	283	2	1	1	282	2046	2328	3.95e-142	505
1e1a60e2-0747-474c-b193-8450331b9a61	gb:HM370979|Organism:Influenza	96.167	887	10	18	1	872	890	13	0.0	1428
f55c2269-256e-47d3-a20c-4ac26f3f121f	gb:HM370979|Organism:Influenza	94.071	877	21	19	1	858	877	13	0.0	1303
1774f410-7c2e-42b6-8fc2-655cad3b7046	gb:HM370974|Organism:Influenza	99.029	515	2	3	415	927	526	13	0.0	920
1774f410-7c2e-42b6-8fc2-655cad3b7046	gb:HM370974|Organism:Influenza	97.549	408	6	4	15	421	2205	1801	0.0	695
faaf67b4-6dc5-4a17-8c2b-07b2df04fa3a	gb:HM370979|Organism:Influenza	97.116	867	17	8	1	861	877	13	0.0	1456
f1f01874-93ce-48aa-a545-bf9d97478b6f	gb:HM370979|Organism:Influenza	98.960	865	7	1	1	863	13	877	0.0	1546
91fe5b7c-d4c8-4e2e-9bae-d248495ef1d9	gb:HM370978|Organism:Influenza	99.102	1002	5	4	1	998	1014	13	0.0	1797
88c4e451-2ffd-4878-93c0-e86e8638f217	gb:HM370979|Organism:Influenza	95.637	871	20	11	1	859	13	877	0.0	1382
5c8c5c44-8928-4bc9-a3e6-963a92e8e588	gb:HM370979|Organism:Influenza	94.585	868	15	22	6	849	18	877	0.0	1314
d6113236-7744-4542-927a-0608615d0118	gb:HM370979|Organism:Influenza	95.293	871	16	17	1	852	877	13	0.0	1358
b3cf9800-f695-4799-81d3-71aea9171936	gb:HM370978|Organism:Influenza	94.721	1023	20	27	1	1002	13	1022	0.0	1559
b4a6a280-2a3c-4106-87b5-24e2fc346a4a	gb:HM370979|Organism:Influenza	97.699	869	10	9	1	863	877	13	0.0	1485
bc1e89f5-c33a-4e1d-8905-07f5ce6f8266	gb:HM370979|Organism:Influenza	95.955	890	15	16	8	891	887	13	0.0	1424
c65ce042-46aa-4844-9814-d6854ef5e2f3	gb:HM370979|Organism:Influenza	93.701	889	20	21	1	877	13	877	0.0	1299
2252e345-162c-4183-a4c9-6fac884491c6	gb:HM370979|Organism:Influenza	96.536	866	14	12	9	864	18	877	0.0	1419
1b404cf4-96e0-4c1b-92a9-3db89521e956	gb:HM370978|Organism:Influenza	97.112	1004	9	13	1	986	1014	13	0.0	1676
d75616f7-9fc9-4a12-9bce-787053fef4c4	gb:HM370979|Organism:Influenza	92.114	875	33	28	1	849	13	877	0.0	1201
3689225d-3a68-49a3-a4b0-5ced292bc0a6	gb:HM370979|Organism:Influenza	95.533	873	24	11	1	866	13	877	0.0	1382
e792feef-0c7c-43cf-8c29-eb7d1cd05114	gb:HM370979|Organism:Influenza	98.961	866	7	2	1	865	13	877	0.0	1548
e70ff9cf-0dc4-4d41-b89a-b04f7d12beee	gb:HM370979|Organism:Influenza	95.848	867	15	18	1	854	13	871	0.0	1382
e99c7e32-d92e-433e-8ead-2f93984e1a25	gb:HM370979|Organism:Influenza	97.578	867	11	6	1	859	877	13	0.0	1476
d1c2f42f-fb76-418c-b319-6b3fe8d58e49	gb:HM370972|Organism:Influenza	89.236	288	16	13	4	285	2324	2046	2.56e-94	346
c8445baf-4370-49d9-8aa0-ab1af10f59c3	gb:HM370979|Organism:Influenza	96.608	855	11	17	18	862	31	877	0.0	1402
26c007fb-3360-400a-afdb-f7b8b9ff38c6	gb:HM370979|Organism:Influenza	95.145	865	28	11	4	859	872	13	0.0	1352
aeb4a829-ae86-4ede-9583-22bfa2b8f076	gb:HM370979|Organism:Influenza	90.713	883	45	30	94	949	885	13	0.0	1142
44209acb-b760-4352-8c1d-51587f2fa6b9	gb:HM370979|Organism:Influenza	89.875	879	44	37	1	848	13	877	0.0	1088
b2c9f7a6-3a6b-4af1-b820-5d03e5623ccd	gb:HM370979|Organism:Influenza	96.921	877	16	8	1	871	877	6	0.0	1459
1a9c82fd-3f92-4cd0-a406-1a9ce5f46dbf	gb:KM244073|Organism:Influenza	100.000	40	0	0	1	40	2019	2058	1.64e-13	75.0
44fddee0-218b-472c-9f2d-b72bdb54d186	gb:HM370979|Organism:Influenza	98.621	870	3	6	1	866	877	13	0.0	1531
5a49facb-311d-45d7-aa48-f3c38cabbda1	gb:HM370979|Organism:Influenza	97.468	869	12	9	1	863	877	13	0.0	1474
f66f59c1-4ee2-4705-9637-3b04730fbe62	gb:HM370979|Organism:Influenza	97.586	870	9	8	1	863	877	13	0.0	1480
af695543-0b29-4b50-b831-c5ffcafe05d9	gb:HM370978|Organism:Influenza	97.428	1011	8	12	1	1002	13	1014	0.0	1707
0257f1f7-9cf2-4216-9cbc-d5bc2b052000	gb:HM370979|Organism:Influenza	97.241	870	11	12	1	862	877	13	0.0	1461
342796db-689e-455f-8311-a67e9026d2e0	gb:HM370979|Organism:Influenza	99.192	866	4	3	1	864	13	877	0.0	1557
6167d10b-6d21-487d-90ab-944eb800b143	gb:HM370979|Organism:Influenza	97.836	878	7	10	5	874	886	13	0.0	1506
d1df1f60-49c2-444a-8baa-eea5dd6b3d61	gb:HM370972|Organism:Influenza	97.872	235	1	3	1	232	2046	2279	1.52e-111	403
a559f797-7586-49b4-a877-99a77ff58e83	gb:HM370979|Organism:Influenza	98.163	871	7	8	1	868	877	13	0.0	1511
67dfc302-0189-439e-8f98-286c5bda01c3	gb:HM370979|Organism:Influenza	96.524	863	18	8	5	856	16	877	0.0	1417
e2359ed2-200b-4661-9857-0cb4f942efd0	gb:HM370978|Organism:Influenza	99.302	1003	1	6	1	998	1014	13	0.0	1808
008adca6-92a9-42be-9482-6e7d9066794a	gb:HM370979|Organism:Influenza	93.871	881	28	20	1	863	12	884	0.0	1304
da75fc5d-2d94-44e0-a49b-2be25b5a70fc	gb:HM370972|Organism:Influenza	99.281	278	0	2	6	282	2322	2046	5.10e-141	501
393d7321-ca1d-4c1d-ba05-216c0f6ec3de	gb:HM370979|Organism:Influenza	95.886	875	18	15	1	867	13	877	0.0	1400
87ee0f35-a423-459b-931e-d4cb66f47845	gb:HM370979|Organism:Influenza	98.619	869	5	5	1	866	13	877	0.0	1531
921e99f2-6ca3-4f42-b400-1e21eac7dd79	gb:HM370972|Organism:Influenza	99.291	141	0	1	1	140	2046	2186	1.59e-66	254
921e99f2-6ca3-4f42-b400-1e21eac7dd79	gb:HM370972|Organism:Influenza	92.593	81	3	3	131	211	2118	2041	2.82e-24	113
22120311-f4f3-480d-9cef-ef0fef0112d9	gb:HM370979|Organism:Influenza	97.819	871	11	4	1	869	877	13	0.0	1496
4d7dee27-b5ef-430e-85fe-b8c84900abbc	gb:HM370979|Organism:Influenza	94.438	881	22	20	1	870	877	13	0.0	1330
e5e84c43-b369-421b-85b4-163cfde804bc	gb:HM370979|Organism:Influenza	97.592	872	8	10	1	866	13	877	0.0	1482
9a15730f-354a-4062-aed4-298b0dbd25b4	gb:HM370979|Organism:Influenza	97.049	881	13	11	5	880	5	877	0.0	1471
2f42c5fa-22b0-4f9f-81eb-dd9b363ba85f	gb:HM370979|Organism:Influenza	98.155	867	8	6	1	861	877	13	0.0	1506
033bc5c3-c7a0-47f3-9ff2-c4ef761f5f38	gb:HM370979|Organism:Influenza	92.325	873	46	18	1	860	13	877	0.0	1221
