b3c0593f-2cd7-4177-a612-561e0e306945	gb:HM370966|Organism:Influenza	96.454	282	8	2	1	280	2220	1939	6.64e-130	464
61bedd9e-0f99-4a10-b7ab-0b4d08503b6d	gb:HM370972|Organism:Influenza	100.000	116	0	0	1	116	2328	2213	2.67e-55	215
3afe7a48-e7b1-416e-820a-ce4473fbdcf4	gb:HM370978|Organism:Influenza	97.101	276	3	4	1	273	1014	741	8.36e-129	460
16422855-b202-4dd8-b7f4-e5f21fc24e9b	gb:HM370974|Organism:Influenza	99.245	265	2	0	15	279	2203	1939	2.36e-134	479
91e96e77-32dd-44c9-8700-6e3a18d598ac	gb:HM370978|Organism:Influenza	90.126	1033	51	34	2	1003	1025	13	0.0	1295
0d9a6f9d-518a-4d31-93ea-b8146e51342a	gb:HM370978|Organism:Influenza	93.893	262	7	6	27	285	996	741	1.51e-106	387
0870f156-54b0-4ca8-a79f-e42e1138679f	gb:HM370966|Organism:Influenza	96.454	282	5	3	1	277	2220	1939	8.49e-129	460
2fdb2356-4cd1-4504-a9e4-b561f2001d59	gb:HM370972|Organism:Influenza	96.000	125	3	2	102	226	2335	2213	4.53e-51	202
b5e1438f-e85c-43de-9e43-4f5f02be4d10	gb:HM370978|Organism:Influenza	95.730	281	7	4	9	286	736	1014	6.85e-125	448
1bb0cfbe-5ff0-41b9-b8a3-8cdf62d6d769	gb:HM370979|Organism:Influenza	95.512	869	17	19	5	859	873	13	0.0	1369
b2550a59-3a99-48e2-b0b3-5dbd8ed286cb	gb:HM370966|Organism:Influenza	98.587	283	2	2	1	282	2220	1939	1.84e-140	499
a3db1ad6-7038-461c-b4f9-b1ac65882556	gb:HM370978|Organism:Influenza	93.090	1013	36	26	1	990	13	1014	0.0	1452
0615b783-5980-42bf-8467-73ee6b085335	gb:HM370966|Organism:Influenza	95.374	281	7	4	3	277	1940	2220	3.08e-123	442
cd1484d4-edf1-4a0f-b84f-aae2b267a9ed	gb:HM370978|Organism:Influenza	97.230	1011	10	16	4	1008	16	1014	0.0	1696
c37877c6-ff72-445e-8f8a-c322bf0c9400	gb:HM370978|Organism:Influenza	97.143	1015	15	11	9	1013	4	1014	0.0	1701
ce0e1354-93e8-4988-bb9d-772ed39a0f07	gb:HM370972|Organism:Influenza	100.000	116	0	0	1	116	2328	2213	2.67e-55	215
8dc41921-b2d2-4dcd-a159-95158b87a8f4	gb:HM370978|Organism:Influenza	95.747	1011	19	18	1	996	13	1014	0.0	1607
f3715f6b-aec3-4d59-8f9b-2e24d934cc26	gb:HM370966|Organism:Influenza	96.140	285	2	5	4	285	1942	2220	1.13e-127	457
a42292a8-27ab-499d-bd6c-053bb93efce3	gb:HM370966|Organism:Influenza	98.582	282	2	1	1	280	2220	1939	6.55e-140	497
68f83ff1-4703-45e5-aad6-d24cbdc1dba4	gb:HM370966|Organism:Influenza	99.291	282	2	0	1	282	1939	2220	8.48e-144	510
9282cfba-ba3a-4e50-8c16-d19b6e7c350b	gb:HM370966|Organism:Influenza	97.112	277	5	3	140	416	1947	2220	1.02e-129	464
9758505c-d7e3-4fa3-8225-3ecd0bb45940	gb:HM370978|Organism:Influenza	97.101	276	3	5	1	273	1014	741	8.36e-129	460
397b64b9-a88f-4e5a-a478-c05ff44f0672	gb:HM370966|Organism:Influenza	98.566	279	3	1	5	282	1942	2220	3.07e-138	492
65c14ea1-b613-4504-a5d6-03eb405313db	gb:HM370966|Organism:Influenza	89.796	294	17	8	11	300	2223	1939	7.44e-100	364
ff0efaec-93a9-4296-8e70-5fe1e34283d8	gb:HM370979|Organism:Influenza	97.001	867	12	9	1	855	13	877	0.0	1445
325de4c6-5f68-4f87-8db0-f9a42196f78b	gb:HM370978|Organism:Influenza	89.822	1012	54	34	1	973	1014	13	0.0	1253
9122193f-a8f1-460f-b7be-d7e4bf5ec382	gb:HM370979|Organism:Influenza	98.963	868	3	6	1	865	13	877	0.0	1548
31c092b0-6037-4443-b2f9-1dbc350ac1d9	gb:HM370966|Organism:Influenza	95.760	283	8	3	1	280	2220	1939	1.44e-126	453
70166508-5946-4d42-b928-aa619c06aa11	gb:HM370966|Organism:Influenza	97.163	282	6	1	1	280	1939	2220	3.07e-133	475
d93fada5-ea73-4cb6-ae68-2949ea6132dd	gb:HM370978|Organism:Influenza	97.811	1005	11	10	1	997	1014	13	0.0	1724
3a718a84-9e84-4dbe-a624-055df7bcf56d	gb:HM370966|Organism:Influenza	94.464	289	11	4	91	376	1934	2220	1.54e-122	440
199c1ff0-1d9e-47ab-b27d-be1fdd74b72b	gb:HM370966|Organism:Influenza	97.842	278	3	3	5	280	2215	1939	8.53e-134	477
c20bdae5-fb6d-4cbf-a424-40f094f3e3e2	gb:HM370966|Organism:Influenza	97.880	283	4	2	1	282	2220	1939	3.97e-137	488
5ee3df8b-ed5e-46a4-bb1f-0116be18aba1	gb:HM370966|Organism:Influenza	98.233	283	4	1	1	283	1939	2220	8.57e-139	494
a184a366-1015-494e-9918-a7affea9ca8c	gb:KM244074|Organism:Influenza	97.794	272	6	0	1	272	1386	1657	2.93e-131	470
a184a366-1015-494e-9918-a7affea9ca8c	gb:KM244074|Organism:Influenza	87.815	238	13	11	262	485	1611	1376	1.49e-69	265
94818d61-dd73-422c-bb38-d39e96bbdfc0	gb:HM370972|Organism:Influenza	95.690	116	3	2	1	114	2213	2328	2.05e-46	185
a0808542-4a48-437c-bdd2-abf954a55b28	gb:HM370979|Organism:Influenza	95.017	863	22	16	18	864	870	13	0.0	1336
f5a730d0-2f1e-4622-95b9-42d2b49472c5	gb:HM370966|Organism:Influenza	98.587	283	2	2	1	282	1939	2220	1.84e-140	499
fa42b3e5-bec5-48a7-8a45-42afcc39baec	gb:HM370978|Organism:Influenza	96.234	1009	20	15	1	998	13	1014	0.0	1637
8d2ed835-5572-4f06-ae2c-6d906351bd54	gb:HM370978|Organism:Influenza	90.448	1005	39	42	1	960	13	1005	0.0	1271
4b1488af-9fda-471d-aedc-d98ea1e85e49	gb:HM370966|Organism:Influenza	99.103	223	2	0	417	639	1998	2220	1.27e-110	401
a0fbde69-b126-4077-aa80-c2d592f5aeb8	gb:HM370966|Organism:Influenza	95.122	287	5	8	5	286	2216	1934	1.06e-123	444
ecc4c931-cc71-41ad-a47a-0b3d30f8c3ec	gb:CY149737|Organism:Influenza	90.345	290	17	8	1	287	1927	2208	1.53e-101	370
68ad97b8-92d8-4a01-9add-4798378544ed	gb:CY139254|Organism:Influenza	99.065	107	0	1	1	106	2316	2210	5.71e-48	191
05e625b9-76a3-451d-bc17-48c6554aab7a	gb:HM370966|Organism:Influenza	96.842	285	2	7	1	281	1939	2220	1.43e-131	470
0957767d-a983-437c-9c60-9f1f6560c016	gb:HM370978|Organism:Influenza	97.512	1005	11	14	1	994	13	1014	0.0	1705
b0412a7c-b292-4fd1-8406-c8a885e03215	gb:HM370966|Organism:Influenza	98.606	287	2	2	10	295	1935	2220	1.15e-142	507
117749b9-9c3c-43a7-ab84-55d6eea974ef	gb:HM370966|Organism:Influenza	98.940	283	2	1	1	283	2220	1939	3.96e-142	505
07962980-7089-44c2-89d0-92584976d591	gb:HM370978|Organism:Influenza	97.834	277	2	3	1	276	1014	741	3.02e-133	475
ee85de42-6985-44a1-834c-322151b0c0b9	gb:HM370966|Organism:Influenza	98.582	282	2	2	1	280	2220	1939	6.55e-140	497
de07ee1a-073b-4e05-bbc7-2065c60007c0	gb:HM370966|Organism:Influenza	98.582	282	3	1	1	281	2220	1939	6.58e-140	497
5ef266f4-e83c-41a0-b2fc-776879568e2d	gb:HM370966|Organism:Influenza	96.853	286	8	1	10	294	1935	2220	9.00e-134	477
56947b20-490d-4e0a-b07b-652ce05360b4	gb:HM370966|Organism:Influenza	97.509	281	4	2	2	279	1940	2220	8.50e-134	477
7237ec1c-cf10-4fba-b1ed-13341f3d9d20	gb:HM370979|Organism:Influenza	97.581	868	11	9	1	861	877	13	0.0	1478
2445640e-5865-44be-9e2a-39d0f4034cf0	gb:HM370979|Organism:Influenza	97.819	871	9	6	1	867	877	13	0.0	1495
f8353c11-c49d-46b5-9020-b8b9949c7234	gb:HM370966|Organism:Influenza	98.233	283	3	2	1	282	1939	2220	8.54e-139	494
34a53bdf-0033-40c3-9cae-4d0a2fac9d7b	gb:HM370978|Organism:Influenza	97.455	275	2	3	1	271	1014	741	6.41e-130	464
7ad17f03-cbbc-4382-82fa-ccaf52d517eb	gb:HM370966|Organism:Influenza	98.233	283	3	2	1	282	2220	1939	8.54e-139	494
efd81e71-ab96-4a49-814c-c88b84df83ac	gb:HM370966|Organism:Influenza	97.872	282	3	3	1	279	1939	2220	5.08e-136	484
7251e2fb-40ae-44fe-b84e-c33decba3e73	gb:HM370978|Organism:Influenza	98.411	1007	4	11	1	1000	13	1014	0.0	1760
63f9bb8e-697d-4201-8359-a64ab90d56b7	gb:HM370972|Organism:Influenza	95.868	121	0	1	1	116	2213	2333	4.79e-48	191
6e2599e8-4f31-4d79-9f1f-06b49e86f7ef	gb:HM370979|Organism:Influenza	91.270	882	39	33	3	861	11	877	0.0	1168
92d32297-4b79-46ef-991e-be9e0ceb5a14	gb:HM370966|Organism:Influenza	97.872	282	6	0	1	282	2220	1939	3.97e-137	488
8aeee8ab-0614-419c-9283-aa7aea8ce44f	gb:HM370979|Organism:Influenza	96.041	884	17	17	2	874	1	877	0.0	1423
55cdb79f-491a-4899-be23-9939bb4afcf9	gb:HM370966|Organism:Influenza	98.582	282	3	1	1	281	1939	2220	6.58e-140	497
593d06e2-5594-4599-962d-a17061706e14	gb:HM370966|Organism:Influenza	95.053	283	8	5	1	278	2220	1939	1.11e-122	440
2bc9d64a-f791-4964-97cd-ce3a2299991f	gb:HM370966|Organism:Influenza	97.260	292	4	4	102	390	2229	1939	4.35e-138	492
9c945cb7-3857-4ce8-87df-c9bad1329802	gb:HM370978|Organism:Influenza	98.506	1004	8	6	1	999	1014	13	0.0	1764
16b59b27-9da5-4915-a47c-04b5cfe9b3db	gb:HM370979|Organism:Influenza	93.988	865	27	18	4	848	872	13	0.0	1286
55e73fde-49da-4d13-bc8f-5e39ff4c922b	gb:HM370966|Organism:Influenza	97.173	283	4	3	1	280	2220	1939	3.07e-133	475
72ba8523-28e8-4d5d-a599-3bf8828f7bc0	gb:HM370966|Organism:Influenza	95.789	285	4	7	1	280	2220	1939	1.44e-126	453
303c1a00-150e-4eb2-bb60-c3f6bca50676	gb:HM370979|Organism:Influenza	98.625	873	7	3	1	869	877	6	0.0	1541
208d308f-6b7e-4b7f-899b-4251ffdec7bf	gb:HM370966|Organism:Influenza	99.291	282	2	0	1	282	1939	2220	8.48e-144	510
f5293c67-c5f6-445b-ad22-b46dc47c19c0	gb:HM370978|Organism:Influenza	96.344	1012	20	13	1	1005	13	1014	0.0	1648
6de32460-aba4-4f4c-9fc6-6a9c3ff84746	gb:HM370979|Organism:Influenza	96.544	868	7	14	1	848	877	13	0.0	1415
d0125f93-32d6-44d2-8bc3-c1ef83427376	gb:HM370966|Organism:Influenza	97.880	283	4	2	1	282	1939	2220	3.97e-137	488
8a176747-255d-411f-bc76-6a53a40a07dc	gb:HM370966|Organism:Influenza	97.183	284	3	4	1	281	1939	2220	3.08e-133	475
c8830b72-8ad0-4230-b233-0b26a0a4121f	gb:HM370966|Organism:Influenza	91.549	284	13	7	15	290	1940	2220	7.15e-105	381
41e38109-bf6a-440d-ba3d-fdf96e5fd7ed	gb:HM370966|Organism:Influenza	94.014	284	10	5	1	279	1939	2220	1.12e-117	424
a218ddec-31e7-4bd1-bda0-fd5872df4abd	gb:JN706699|Organism:Influenza	99.291	282	2	0	1	282	1939	2220	8.48e-144	510
2c223cd8-1b71-4bd5-8fe4-755818e0eb71	gb:HM370978|Organism:Influenza	96.146	1012	20	15	1	1003	13	1014	0.0	1635
10079582-632c-460e-8046-fde0e61ad6ac	gb:HM370978|Organism:Influenza	97.222	72	0	2	48	118	83	13	6.11e-27	121
77c68a42-40d7-47db-bc4e-b51e2321ca17	gb:HM370966|Organism:Influenza	98.233	283	3	2	1	282	2220	1939	8.54e-139	494
a1566f69-dc8d-4aa0-9186-2c8ad108f950	gb:HM370966|Organism:Influenza	97.544	285	3	2	1	284	2220	1939	5.18e-136	484
0f492df8-a056-41e1-8a45-fa995bc1740e	gb:HM370966|Organism:Influenza	96.429	280	5	2	10	289	1946	2220	1.15e-127	457
1a6e5f1c-a0da-4746-bf40-81af293db186	gb:HM370966|Organism:Influenza	97.455	275	4	1	6	277	2213	1939	1.83e-130	466
dd8b930d-85b0-4abb-b79e-75aeca1ec6cb	gb:HM370978|Organism:Influenza	90.310	1032	43	41	1	1005	13	1014	0.0	1299
8300693f-2e72-432b-88d0-0097729cec2c	gb:HM370976|Organism:Influenza	96.807	783	14	10	1	776	1552	774	0.0	1297
17c32bf7-02ef-4285-ba22-32cc33cd4a57	gb:HM370966|Organism:Influenza	94.346	283	9	7	1	277	1939	2220	8.62e-119	427
3e43413c-42e7-4116-81c4-dee8b3876043	gb:HM370966|Organism:Influenza	93.972	282	9	4	1	274	2220	1939	1.42e-116	420
412809de-a0d3-4a4e-865f-65dc4405e12c	gb:HM370966|Organism:Influenza	95.070	284	10	4	1	282	1939	2220	8.72e-124	444
ae2bb3bc-4f39-4583-b1d0-8c1793967037	gb:HM370966|Organism:Influenza	96.454	282	7	2	1	279	1939	2220	2.38e-129	462
dd27e326-1ffb-46cf-8996-149a94061901	gb:HM370978|Organism:Influenza	96.040	1010	23	16	1	1001	13	1014	0.0	1628
d4daa12c-ce9c-488c-a18e-8b153b015955	gb:HM370979|Organism:Influenza	97.838	879	8	9	1	874	5	877	0.0	1507
dad3f699-ef12-4820-bd89-fa395010954a	gb:HM370979|Organism:Influenza	96.136	880	17	15	12	881	885	13	0.0	1421
23777516-2bb7-411c-9f67-2e6641e586f3	gb:HM370966|Organism:Influenza	98.233	283	2	2	1	281	1939	2220	3.06e-138	492
df95aacd-9db5-43b3-82fb-8fd68e6f32a7	gb:HM370966|Organism:Influenza	99.283	279	2	0	6	284	2217	1939	3.98e-142	505
1da8d637-1587-4d8c-9f35-a52f3cb218ef	gb:HM370979|Organism:Influenza	94.948	871	28	12	1	861	13	877	0.0	1351
4926ded6-179a-47fa-bba9-faeee04277b6	gb:HM370966|Organism:Influenza	98.582	282	4	0	1	282	1939	2220	1.84e-140	499
f4346fa0-5e50-429c-b6d1-548a21ac0b93	gb:HM370966|Organism:Influenza	99.275	276	2	0	1	276	1939	2214	1.83e-140	499
d1957821-9048-4a5f-a9f4-43e566b4676a	gb:HM370978|Organism:Influenza	88.298	1034	57	52	1	1002	13	1014	0.0	1181
70d29ecb-d7db-4554-b366-ba1598d4be2a	gb:HM370966|Organism:Influenza	95.848	289	5	5	11	297	1937	2220	9.13e-129	460
cf02a538-26be-4953-8ea3-5c4ac70c364c	gb:HM370966|Organism:Influenza	96.528	288	3	4	1	287	1939	2220	1.47e-131	470
874ea4b8-9ddf-4857-947f-f032a1f96e67	gb:HM370966|Organism:Influenza	98.233	283	3	2	1	282	1939	2220	8.54e-139	494
84a3fd55-dafe-4870-96ce-e2167ac16061	gb:HM370966|Organism:Influenza	94.881	293	11	4	99	390	2228	1939	5.71e-127	455
79caf1a2-11f8-4015-9ab9-7d26665d3ed7	gb:KM244073|Organism:Influenza	98.864	88	1	0	30	117	2280	2193	4.81e-38	158
268d6480-72a0-4a93-99aa-b2327c5d4395	gb:HM370978|Organism:Influenza	95.626	1006	21	17	1	987	13	1014	0.0	1592
4eb7882f-fccc-4472-b256-be8639fc1100	gb:HM370966|Organism:Influenza	98.936	282	3	0	1	282	1939	2220	3.95e-142	505
3296eaaf-35d6-43f6-b0c9-4ffd97e69557	gb:HM370966|Organism:Influenza	97.163	282	6	2	1	280	1939	2220	3.07e-133	475
2cc933d3-73f8-403c-bcb4-c7395e202f2c	gb:HM370978|Organism:Influenza	92.907	1001	35	25	11	983	22	1014	0.0	1423
dd2dec9f-2589-4b3b-b39d-271552e4c3df	gb:HM370979|Organism:Influenza	97.819	871	8	10	1	866	877	13	0.0	1493
32af4b2a-0f7a-44c7-96d7-74efc9bb5ad3	gb:HM370978|Organism:Influenza	98.622	1016	5	9	2	1010	1	1014	0.0	1790
95328e80-6c28-4d2a-8c99-c1be5a24f0ee	gb:HM370979|Organism:Influenza	99.654	867	1	2	1	866	13	878	0.0	1583
b2b72d84-60db-4187-a7c8-b6731804d12e	gb:HM370979|Organism:Influenza	98.731	867	8	3	1	866	877	13	0.0	1537
2006b674-863f-432e-b02b-5d60005f2874	gb:HM370966|Organism:Influenza	96.831	284	6	3	1	283	2220	1939	4.02e-132	472
36861110-a923-4d1f-83f7-beefbfd78f6d	gb:HM370979|Organism:Influenza	96.774	868	17	9	1	860	13	877	0.0	1437
af65cd30-03ce-4da9-8e64-39f26b754c51	gb:HM370979|Organism:Influenza	93.493	876	26	26	1	856	13	877	0.0	1273
290cca48-508a-4170-9c76-4ca1ea0a6498	gb:KX978371|Organism:Influenza	95.745	94	2	2	2	93	2340	2247	8.38e-36	150
42f4dbea-c8d0-4234-8b76-1c0e1e547395	gb:HM370978|Organism:Influenza	98.213	1007	8	7	1	1002	1014	13	0.0	1751
53027d2d-6cf1-40b3-b509-4101d289964c	gb:HM370978|Organism:Influenza	96.014	276	4	4	1	271	1014	741	3.00e-123	442
635053f0-8227-43a6-b35a-bf2cf9f9661c	gb:HM370966|Organism:Influenza	95.760	283	6	4	1	278	2220	1939	5.13e-126	451
6a84e050-2732-464e-a07c-f4e4d1cd273f	gb:HM370978|Organism:Influenza	98.535	273	1	3	13	282	742	1014	2.39e-134	479
ff11ccac-b655-4e3b-a301-8c12f8d3161d	gb:CY181050|Organism:Influenza	96.809	282	6	3	1	279	1927	2208	5.12e-131	468
66e8749c-a42e-4882-9a40-afb1a1e7fe33	gb:HM370966|Organism:Influenza	93.127	291	11	6	11	296	1934	2220	5.55e-116	418
fd7cd1e7-263d-4e58-b0b7-a3175513ca84	gb:JN706699|Organism:Influenza	96.886	289	7	2	8	296	1934	2220	1.94e-135	483
9243edef-73da-4ac5-aafe-7f9c640d0620	gb:CY039865|Organism:Influenza	89.726	292	18	10	1	280	1939	2230	2.52e-99	363
1371002f-84ce-4000-960a-2933919f405c	gb:HM370978|Organism:Influenza	97.512	1005	13	7	5	1003	1011	13	0.0	1707
42f0260f-e0cd-48b8-bcca-77b1ee55ebdb	gb:HM370972|Organism:Influenza	99.138	116	0	1	1	115	2328	2213	4.41e-53	207
c3fc5e90-dc1d-4383-be4e-fd6fc260ad28	gb:KX978623|Organism:Influenza	95.608	296	7	3	1	291	1939	2233	1.51e-131	470
d1d01087-3f61-4a18-8672-d9c956cf2e4b	gb:KJ889434|Organism:Influenza	89.455	275	18	7	1	269	745	1014	1.45e-91	337
7d5e8a27-4ba7-44f3-8f1a-58b16cb883bd	gb:HM370966|Organism:Influenza	97.173	283	5	2	1	281	1939	2220	3.08e-133	475
67c1b0ae-2dde-49b3-8e3e-9ea314501f6c	gb:HM370966|Organism:Influenza	97.518	282	4	2	1	279	2220	1939	2.36e-134	479
aaea3ddd-a8c8-446b-b54f-2a8a2e803e1b	gb:HM370978|Organism:Influenza	95.122	1025	17	24	1	1015	1014	13	0.0	1585
91c9b9b2-40c8-48e1-8d1e-9ff0771f40d2	gb:KX254922|Organism:Influenza	98.810	84	0	1	1	84	2328	2246	2.95e-35	148
c4af191c-1426-4a32-abaf-c4b77e3edb03	gb:HM370966|Organism:Influenza	97.527	283	5	2	1	282	2220	1939	1.85e-135	483
ba3fc379-501b-4590-a51d-d7f6a9945d5b	gb:HM370978|Organism:Influenza	98.218	1010	5	11	1	1005	13	1014	0.0	1753
6822fc79-3549-4e5f-b56a-557c461e899b	gb:HM370978|Organism:Influenza	97.313	1005	6	13	1	987	1014	13	0.0	1687
06306257-2e3a-450a-9ccf-4f63a00d7a45	gb:HM370978|Organism:Influenza	98.406	1004	7	9	1	997	1014	13	0.0	1757
dc52b63d-f77b-4565-adad-8f5b35e7ed64	gb:HM370966|Organism:Influenza	95.848	289	4	7	1	288	1939	2220	8.87e-129	460
dec9e03c-2714-4a00-a5b0-ab613cf3cf79	gb:HM370978|Organism:Influenza	97.324	1009	7	14	1	996	1014	13	0.0	1696
b6743fd8-95a4-47a1-a0fe-de0bab844c13	gb:HM370978|Organism:Influenza	99.273	275	0	2	1	274	741	1014	2.30e-139	496
93ec0354-f1c8-46ad-919a-4ec93747dc5b	gb:HM370966|Organism:Influenza	93.238	281	9	8	4	276	2217	1939	4.02e-112	405
cc4f5449-7bf2-41e6-84ef-c73860e132e6	gb:HM370979|Organism:Influenza	94.725	872	21	22	1	853	13	878	0.0	1332
d7500a3c-f096-43d1-85ed-94a60263ca70	gb:HM370978|Organism:Influenza	97.923	1011	4	13	1	1003	13	1014	0.0	1735
2e289c60-ddfa-44fb-9aa2-f8ecf95177d4	gb:HM370966|Organism:Influenza	90.459	283	15	10	22	300	1946	2220	2.68e-99	363
9700da46-689a-4948-9b76-fbf84660af2b	gb:HM370966|Organism:Influenza	94.014	284	9	6	1	278	1939	2220	1.12e-117	424
09dab827-ab96-4f8c-90bd-b7ab21f93af9	gb:HM370978|Organism:Influenza	98.704	1003	6	7	1	997	1014	13	0.0	1773
428fb48f-d6b6-4493-8613-063cb997a2d0	gb:HM370966|Organism:Influenza	96.127	284	5	4	1	280	1939	2220	3.09e-128	459
b94416e3-4cc1-4226-98e5-e336bb985694	gb:HM370972|Organism:Influenza	93.966	116	6	1	1	115	2328	2213	4.48e-43	174
dd48942b-5fd8-4dad-96b0-1a20df168f9e	gb:HM370979|Organism:Influenza	92.177	882	32	30	1	854	13	885	0.0	1212
7f2ffc25-b5ea-4cb9-9269-cda200836cc4	gb:HM370978|Organism:Influenza	92.464	690	20	29	166	840	685	13	0.0	957
7f2ffc25-b5ea-4cb9-9269-cda200836cc4	gb:HM370978|Organism:Influenza	92.353	170	7	3	1	166	1014	847	5.02e-61	237
8e5b45ee-8eb1-406d-a277-a1457408c079	gb:HM370966|Organism:Influenza	96.057	279	5	5	4	278	2215	1939	1.85e-125	449
d1957d35-c59f-48a5-886e-1c3d56838688	gb:HM370966|Organism:Influenza	97.518	282	5	2	1	280	2220	1939	6.60e-135	481
c32f48f6-c34e-4308-ab9a-8301156e9528	gb:HM370978|Organism:Influenza	97.311	1004	8	15	1	987	13	1014	0.0	1687
9dd99ed2-5f70-4d9e-bd0b-f6b96512fb47	gb:HM370979|Organism:Influenza	91.937	893	30	32	1	870	877	4	0.0	1212
608b2268-305e-4b52-bf6d-c9bcc733dee6	gb:HM370966|Organism:Influenza	98.582	282	3	1	1	281	2220	1939	6.58e-140	497
0169557d-ea7d-45ff-ad93-52fc63fe36eb	gb:HM370966|Organism:Influenza	99.291	282	2	0	1	282	1939	2220	8.48e-144	510
4c2ff036-4804-4b82-b1fc-a858fd5e3592	gb:HM370978|Organism:Influenza	96.443	1012	11	19	1	997	13	1014	0.0	1646
99b60e41-0803-4c8f-b5fe-8170163cdff2	gb:HM370978|Organism:Influenza	93.353	1008	21	32	1	968	13	1014	0.0	1448
b66b1193-90d5-4717-8d7c-14b3161ed17e	gb:HM370966|Organism:Influenza	97.173	283	2	2	1	278	2220	1939	1.10e-132	473
d93378b5-c6a6-4831-840a-6f03683e49b2	gb:HM370979|Organism:Influenza	96.474	397	6	7	341	732	406	13	0.0	649
d93378b5-c6a6-4831-840a-6f03683e49b2	gb:HM370979|Organism:Influenza	98.780	328	2	1	5	332	873	548	4.86e-165	582
ffa48563-8d6f-4c22-945a-dc346d5f9bd4	gb:HM370978|Organism:Influenza	96.322	1006	19	15	1	992	13	1014	0.0	1637
b22cd9fa-fa33-4d1b-b760-c7cfa9d484a2	gb:HM370978|Organism:Influenza	99.201	1001	4	4	2	998	1013	13	0.0	1801
3a969706-153e-41ae-959c-5b6837f0b158	gb:HM370966|Organism:Influenza	98.582	282	2	1	1	280	2220	1939	6.55e-140	497
2ac59f36-aa0d-4abe-82bf-97bb97e1cb49	gb:HM370966|Organism:Influenza	97.527	283	3	3	1	280	1939	2220	6.60e-135	481
669e04b8-c7ae-4948-9eb3-135dff50c19a	gb:HM370966|Organism:Influenza	94.035	285	10	5	1	281	2220	1939	3.15e-118	425
538ee6d2-ec15-468b-9e74-d028df08238e	gb:HM370979|Organism:Influenza	98.734	869	4	6	1	866	13	877	0.0	1537
616e60da-7e60-406d-bc32-46ef3e2f858e	gb:HM370966|Organism:Influenza	98.239	284	3	2	1	284	1939	2220	2.39e-139	496
f43af48d-28be-4744-bdb4-e31ce3009f05	gb:JN706699|Organism:Influenza	96.113	283	4	4	1	277	1939	2220	3.95e-127	455
fa6756c3-133a-4581-b8d8-4692f5e353d3	gb:HM370966|Organism:Influenza	99.291	282	2	0	1	282	2220	1939	8.48e-144	510
003905f2-76d0-4e94-a574-4c8691f80079	gb:HM370979|Organism:Influenza	94.030	871	25	17	1	850	13	877	0.0	1295
ec6eec83-a26c-484a-98ff-f56af111c14d	gb:HM370966|Organism:Influenza	97.887	284	3	3	1	283	2220	1939	3.99e-137	488
36b91e71-2a38-4ff2-acd7-93b00332d098	gb:HM370966|Organism:Influenza	98.929	280	3	0	1	280	1939	2218	5.14e-141	501
114ae57d-6b7e-45ec-8f14-77cafb1eff94	gb:HM370979|Organism:Influenza	97.931	870	11	7	1	868	13	877	0.0	1500
47fddd15-5a28-4a2e-b0ef-d424f075fec9	gb:HM370966|Organism:Influenza	98.227	282	5	0	1	282	1939	2220	8.54e-139	494
da9b6b73-d4cb-4a25-ad7a-7be079229032	gb:HM370966|Organism:Influenza	96.864	287	4	3	1	287	2220	1939	3.15e-133	475
9b52193a-b0d3-4c53-8243-5c930ddb99c3	gb:HM370978|Organism:Influenza	97.892	996	7	11	8	992	22	1014	0.0	1711
77c807bb-5b5f-460c-9b3f-023255917a21	gb:HM370979|Organism:Influenza	88.422	881	63	27	8	857	885	13	0.0	1026
8dc7adfc-0e62-4bac-97c7-f868394b5eeb	gb:HM370979|Organism:Influenza	96.670	871	14	11	1	862	877	13	0.0	1434
2656cd36-96ab-48ab-a4e5-32533d5f0c60	gb:HM370972|Organism:Influenza	100.000	116	0	0	1	116	2213	2328	2.67e-55	215
ad20998c-5014-4538-ae19-4e55ec149706	gb:HM370979|Organism:Influenza	93.417	881	19	24	1	858	13	877	0.0	1269
b83ff7b6-e4e5-421c-9c2c-6040083a0582	gb:HM370966|Organism:Influenza	95.035	282	7	2	1	275	2220	1939	1.42e-121	436
50be5c4d-b777-4a8d-a570-0518e40b5bd5	gb:MH546994|Organism:Influenza	96.479	284	5	4	3	284	1928	2208	6.75e-130	464
b5438584-9fe1-4a0f-863b-dbac9e0758e8	gb:CY005328|Organism:Influenza	89.420	293	17	13	88	369	2228	1939	1.56e-97	357
99e9b988-3964-4282-9483-00eb2a60d682	gb:HM370979|Organism:Influenza	99.194	868	1	5	1	865	877	13	0.0	1559
e4982f91-f3af-43c2-9699-342667ef0164	gb:HM370966|Organism:Influenza	89.789	284	14	12	13	284	1940	2220	1.97e-95	350
7a4dfe81-2711-4c34-ac07-96447cb8e126	gb:HM370966|Organism:Influenza	94.810	289	7	3	1	288	1939	2220	8.93e-124	444
c523ce21-5a8c-414d-9057-8aad23a1e7ba	gb:HM370978|Organism:Influenza	100.000	69	0	0	1	69	741	809	4.00e-29	128
61088898-7654-42b2-bb1a-bd6b522ba97c	gb:HM370979|Organism:Influenza	98.393	871	7	5	1	870	877	13	0.0	1524
8e5901eb-bc76-44ef-be6f-1e7da8b1e53c	gb:HM370966|Organism:Influenza	98.582	282	3	1	1	281	2220	1939	6.58e-140	497
53c21c5e-523d-4a36-b083-1636b76ab467	gb:HM370979|Organism:Influenza	98.272	868	6	7	1	862	877	13	0.0	1511
e3ffb8d9-1ef7-41bc-a5fd-2ef678d8f683	gb:HM370979|Organism:Influenza	94.834	871	21	20	1	853	13	877	0.0	1338
6ee49c00-bde8-418e-b107-3ab0fd02f4d0	gb:HM370966|Organism:Influenza	95.946	296	5	7	103	392	1926	2220	1.58e-132	473
9d9cf90d-d438-4aaf-86ae-029ddecf64f2	gb:HM370979|Organism:Influenza	95.556	585	14	11	1	575	13	595	0.0	926
9d9cf90d-d438-4aaf-86ae-029ddecf64f2	gb:HM370979|Organism:Influenza	85.311	531	29	32	567	1059	520	1	6.00e-141	503
b231cd20-a74e-4892-a6cf-d780348a97bb	gb:HM370966|Organism:Influenza	94.056	286	6	6	1	279	2220	1939	1.12e-117	424
ac093db3-6635-4a06-9710-8bb5ec27ca61	gb:HM370966|Organism:Influenza	94.118	289	8	6	1	282	2220	1934	7.00e-120	431
b26c40c2-7913-4499-a8ef-6bae5d05be1e	gb:HM370979|Organism:Influenza	92.986	884	26	28	1	867	877	13	0.0	1256
d200d3f0-94ec-4569-94b9-e4e133aeed1a	gb:HM370966|Organism:Influenza	98.582	282	3	1	1	281	2220	1939	6.58e-140	497
f0827b49-14d7-45ff-9f6c-d8e136d766f0	gb:HM370972|Organism:Influenza	99.138	116	1	0	1	116	2213	2328	1.24e-53	209
aa972d2f-e2b8-4775-bcfc-a9ad55e32263	gb:HM370966|Organism:Influenza	98.936	282	2	1	1	281	2220	1939	1.41e-141	503
0c7ae198-e947-4351-9f41-1776d8a68280	gb:CY117068|Organism:Influenza	89.469	1016	75	21	1	998	1002	1	0.0	1254
a433f789-f980-4887-bb6d-ad25d06dbdda	gb:HM370979|Organism:Influenza	95.429	875	11	20	1	856	13	877	0.0	1367
62351d2f-8503-4d2d-a7e3-e9317820e3e1	gb:HM370978|Organism:Influenza	96.589	1026	14	16	1	1016	13	1027	0.0	1681
55fcdbda-c38d-4bc3-92af-5c3239d0939a	gb:HM370979|Organism:Influenza	97.819	871	10	8	1	868	877	13	0.0	1495
71d0163c-bf96-4c1c-95b6-ab7b9714023d	gb:HM370979|Organism:Influenza	92.712	837	26	26	1	808	877	47	0.0	1175
f3fb0f94-2f06-422a-9301-14bfeb0bdd83	gb:HM370978|Organism:Influenza	97.549	979	11	12	22	989	38	1014	0.0	1663
35883924-3e7f-4811-a9c5-83fcf608bf6b	gb:HM370966|Organism:Influenza	92.281	285	8	10	1	274	2220	1939	3.11e-108	392
0f41700e-66aa-4a63-8511-d641de76c25c	gb:HM370979|Organism:Influenza	95.910	489	14	5	1	484	13	500	0.0	787
e39f45bc-91fa-49f5-98c3-44cf92f3bed6	gb:HM370978|Organism:Influenza	97.810	274	4	2	1	272	741	1014	3.85e-132	472
e60e6be0-7adf-4881-981a-b95c1f788939	gb:HM370966|Organism:Influenza	94.346	283	12	2	1	280	2220	1939	6.74e-120	431
352c2330-1daa-4c4e-99e6-46a1d9a3b869	gb:HM370966|Organism:Influenza	96.831	284	3	2	1	280	2220	1939	1.43e-131	470
55e32e42-d7f1-4b55-9765-307a0361a3c3	gb:HM370966|Organism:Influenza	92.308	286	8	9	1	276	2220	1939	8.70e-109	394
c007688b-fcf1-42e9-ad9c-9ff90eb1a321	gb:HM370978|Organism:Influenza	99.104	1004	5	3	1	1002	1014	13	0.0	1801
8af40068-dd03-4da5-9cb9-7655e721d15c	gb:HM370966|Organism:Influenza	95.760	283	5	5	1	277	2220	1939	1.84e-125	449
6b48016f-d31b-493e-a611-d1320639b654	gb:HM370966|Organism:Influenza	98.596	285	3	1	1	284	2220	1936	1.47e-141	503
e0c72961-5b1a-4860-93c3-8c3087bb71df	gb:HM370978|Organism:Influenza	97.535	1014	6	17	1	1007	1014	13	0.0	1716
d72417de-1fe2-43ae-9cda-1ef3bcb25e22	gb:HM370972|Organism:Influenza	100.000	115	0	0	1	115	2328	2214	9.49e-55	213
7c25706f-2112-4587-888f-4bf44811ffd0	gb:HM370966|Organism:Influenza	98.582	282	4	0	1	282	2220	1939	1.84e-140	499
8f1c064a-fa42-46f4-b6dd-83e952b8548a	gb:HM370978|Organism:Influenza	95.379	1017	31	16	1	1010	1014	7	0.0	1604
62770f2c-b10e-4007-ad1c-01fc8c8afcc6	gb:HM370966|Organism:Influenza	97.500	280	3	3	1	279	1939	2215	3.09e-133	475
d8ea9c1a-2be4-4b2a-a782-d7acb48e7908	gb:HM370966|Organism:Influenza	92.254	284	10	9	1	274	2220	1939	3.11e-108	392
7c2d7143-4ff7-4782-ba53-f33c1c4a68d3	gb:HM370978|Organism:Influenza	86.465	1027	53	60	104	1074	1009	13	0.0	1048
f496895c-8bc0-40e1-876b-56f3c7db708f	gb:HM370978|Organism:Influenza	99.635	274	0	1	1	273	1014	741	1.77e-140	499
5c111559-3ee7-4ac4-8140-1f0087548a6f	gb:HM370966|Organism:Influenza	96.820	283	7	2	1	282	1939	2220	4.00e-132	472
ebb78695-02bf-4f28-a580-8efc0ce0c5aa	gb:HM370979|Organism:Influenza	97.353	869	15	8	1	865	13	877	0.0	1471
cfa0eee3-c398-4837-a3a0-21169ec031d3	gb:HM370966|Organism:Influenza	96.127	284	5	5	1	280	2220	1939	3.09e-128	459
3b53c2b5-5355-429d-9a22-ba4a4cd411dc	gb:HM370978|Organism:Influenza	92.977	1011	38	27	1	987	13	1014	0.0	1443
e80eea82-f411-40de-9850-01ae9c4bcda6	gb:HM370966|Organism:Influenza	97.880	283	4	2	1	282	2220	1939	3.97e-137	488
3c9d7fcc-cf92-4bc9-b485-f1465ad33335	gb:HM370972|Organism:Influenza	92.373	118	7	2	1	118	2213	2328	7.74e-41	167
8384851e-b048-4639-a007-9d7d7a4a70c9	gb:HM370966|Organism:Influenza	96.842	285	4	5	1	283	2220	1939	4.02e-132	472
14afaa62-62c5-4ed6-a2c4-9fa92bae2959	gb:HM370978|Organism:Influenza	96.835	1011	16	13	6	1012	1011	13	0.0	1676
878c1050-ed4e-4fb5-b581-2406827d1efc	gb:HM370978|Organism:Influenza	96.713	1004	14	14	1	987	13	1014	0.0	1653
a31692e5-96d9-4336-976e-f3d2f712f750	gb:HM370966|Organism:Influenza	97.535	284	3	3	1	282	2220	1939	1.85e-135	483
2a282298-f148-4e83-a6bd-a645f42556e6	gb:MF682711|Organism:Influenza	91.039	279	15	8	117	391	1948	2220	7.67e-101	368
97e70402-d736-48e8-8094-8a8fb7a6107c	gb:HM370978|Organism:Influenza	90.476	273	8	9	11	265	742	1014	8.50e-94	344
4e3cef3b-2dac-49ac-aef6-875ce649aa2b	gb:HM370966|Organism:Influenza	88.136	295	12	18	92	366	2230	1939	3.37e-89	329
1d71a01c-6171-4a48-9ec2-51bdd8dd99b3	gb:HM370978|Organism:Influenza	97.126	1009	10	16	1	997	1014	13	0.0	1685
f8a42dd0-4869-42e1-97d5-0edab8df3fc7	gb:HM370966|Organism:Influenza	93.624	298	9	6	1	291	2233	1939	1.51e-121	436
76595505-f99e-4e85-86ed-0dbabd14312b	gb:HM370978|Organism:Influenza	98.509	1006	9	6	1	1004	1014	13	0.0	1770
8ca1c722-9cc3-4c28-80ec-6714f57a1832	gb:HM370978|Organism:Influenza	97.413	1005	11	12	1	993	1014	13	0.0	1698
118ac437-db67-47d2-b79c-a6bd32ae7e0f	gb:KJ889434|Organism:Influenza	91.179	1009	69	15	1	996	1014	13	0.0	1352
e22a93e2-a4b5-4262-9cc3-b6b13536b9c3	gb:HM370978|Organism:Influenza	92.899	1014	37	31	1	991	13	1014	0.0	1441
4cf27003-4537-4ff7-8856-1696abc73767	gb:HM370972|Organism:Influenza	96.552	116	1	3	1	113	2213	2328	1.56e-47	189
508769f8-2b1d-446e-a9d4-2bb522b9f02d	gb:HM370966|Organism:Influenza	97.173	283	3	4	1	279	2220	1939	1.10e-132	473
5df9c928-af6c-4952-8420-392ae7d4eb44	gb:HM370966|Organism:Influenza	98.233	283	4	1	1	283	1939	2220	8.57e-139	494
dd4b4a03-3567-42be-b683-bc2d4d927161	gb:HM370966|Organism:Influenza	98.936	282	3	0	1	282	1939	2220	3.95e-142	505
18eb947f-ae7f-455f-ad43-b7082050c032	gb:HM370966|Organism:Influenza	93.640	283	10	7	1	276	2220	1939	1.86e-115	416
4b8937a6-cb63-4720-bd3c-9044741d37d5	gb:HM370966|Organism:Influenza	95.105	286	4	6	1	280	2220	1939	3.11e-123	442
20fed0f1-e89a-40a2-ba44-e3d589a87ad2	gb:HM370972|Organism:Influenza	95.455	110	3	2	6	113	2323	2214	4.38e-43	174
324f5aa6-8304-4b84-a5f2-40492e001d83	gb:HM370972|Organism:Influenza	93.966	116	6	1	1	115	2213	2328	4.48e-43	174
944855a8-37dd-4479-94fa-a8d28e2e78cc	gb:HM370978|Organism:Influenza	97.510	1004	13	9	1	994	1014	13	0.0	1705
9ab59856-2d2b-4582-9fd0-271749f94307	gb:HM370966|Organism:Influenza	95.139	288	5	7	1	280	2220	1934	2.48e-124	446
38fc42a3-082d-4120-bff7-97e60010d345	gb:HM370966|Organism:Influenza	98.577	281	4	0	14	294	1940	2220	6.91e-140	497
419a7b39-d9c0-467e-90d5-c1c314d09961	gb:HM370978|Organism:Influenza	96.751	277	2	5	1	273	741	1014	3.89e-127	455
be24cf77-2d69-4094-9570-ae7df503c80b	gb:HM370979|Organism:Influenza	95.763	118	4	1	1	117	877	760	1.63e-47	189
29b26ccb-7d6f-463b-bec5-e15792a78af7	gb:HM370978|Organism:Influenza	97.904	1002	5	7	2	988	14	1014	0.0	1720
b68860b1-df8e-49c8-9554-1dc32e991d6f	gb:HM370978|Organism:Influenza	96.538	1011	16	15	4	1007	16	1014	0.0	1655
bc0d2b26-7f23-45c0-b6c7-7874df42fb28	gb:HM370966|Organism:Influenza	97.527	283	2	4	1	279	2220	1939	2.36e-134	479
93e9def6-0ccf-47f5-ad8f-766e4a754cc8	gb:HM370966|Organism:Influenza	98.582	282	3	1	1	281	2220	1939	6.58e-140	497
667e31f7-97d9-44da-b768-1e68362c265c	gb:HM370966|Organism:Influenza	97.173	283	4	3	1	280	2220	1939	3.07e-133	475
ac8516b2-9696-4fa4-b8db-ba1a945cb2e9	gb:HM370978|Organism:Influenza	97.222	1008	10	14	1	996	13	1014	0.0	1690
42afc1d3-dedd-4d13-b7cc-fcebdaf64cf6	gb:HM370966|Organism:Influenza	91.873	283	12	9	1	273	2220	1939	5.18e-106	385
b01b63e6-a785-48f5-b03b-a45f63a92e0d	gb:HM370978|Organism:Influenza	98.207	1004	8	8	1	996	13	1014	0.0	1746
4c0039bb-f838-4558-912f-db3e41c73b71	gb:HM370979|Organism:Influenza	96.774	868	18	7	1	861	13	877	0.0	1439
c0871a6d-4d04-4ea9-9c7c-e8df4e94637f	gb:HM370966|Organism:Influenza	97.917	288	4	2	10	296	1934	2220	6.93e-140	497
07b00473-4800-4d55-a7f4-b16c24e42a54	gb:HM370978|Organism:Influenza	98.310	1006	5	10	1	998	1014	13	0.0	1753
a07d4772-3b27-4d30-88d3-85c8d9d15080	gb:HM370978|Organism:Influenza	97.455	275	4	2	1	273	1014	741	1.80e-130	466
b359e6ac-a687-4002-b92c-289258d8d0ff	gb:HM370966|Organism:Influenza	96.831	284	7	2	1	284	1939	2220	1.12e-132	473
e0aef7cb-44a8-4159-b148-bf1b4abd8309	gb:HM370966|Organism:Influenza	95.760	283	7	4	1	279	1939	2220	5.15e-126	451
ec76fa3a-e225-43e1-a0ad-63858ad146c7	gb:HM370979|Organism:Influenza	96.552	870	13	12	1	858	13	877	0.0	1424
25dd36f0-7fff-48f2-8c15-302fca451663	gb:HM370978|Organism:Influenza	95.545	1010	22	18	1	995	1014	13	0.0	1594
56a47eed-84f3-457c-9849-5344b6ce0b0f	gb:HM370966|Organism:Influenza	96.610	295	3	6	1	288	1939	2233	1.89e-135	483
7cb0da51-8373-4d59-9f49-4daf16edc96f	gb:HM370966|Organism:Influenza	96.831	284	5	3	1	282	2220	1939	4.00e-132	472
51a814fd-5ddb-4325-bf8d-288cb856297a	gb:HM370978|Organism:Influenza	97.378	534	6	5	1	526	13	546	0.0	902
6f17241e-c55a-486a-b880-c3cc4cc0cf25	gb:HM370966|Organism:Influenza	94.346	283	11	4	1	279	1939	2220	2.41e-119	429
0c9e9554-4e4c-4b83-9bb1-220687cea1aa	gb:HM370966|Organism:Influenza	99.291	282	2	0	1	282	1939	2220	8.48e-144	510
02c46c92-ab1c-43f6-9152-88083e785d9b	gb:HM370972|Organism:Influenza	97.196	107	2	1	1	106	2213	2319	1.08e-44	180
bf1b9124-fe40-4359-b58f-cd56ef265f85	gb:HM370966|Organism:Influenza	98.233	283	2	3	1	281	2220	1939	3.06e-138	492
7cff798d-dd33-43e2-b8dd-7c290c170c09	gb:HM370966|Organism:Influenza	96.679	271	5	3	1	267	2220	1950	6.98e-125	448
dc3d43f9-9754-4ec6-8609-fece941ef65a	gb:HM370978|Organism:Influenza	99.212	1015	2	4	1	1009	13	1027	0.0	1825
66904435-dd21-4c1c-86b2-a64c08e27064	gb:HM370966|Organism:Influenza	97.193	285	3	5	1	283	2220	1939	9.13e-134	477
7b80ef97-9957-4f57-8741-5a188cab27b1	gb:HM370978|Organism:Influenza	96.630	1009	18	13	1	1000	1014	13	0.0	1661
d61fb05a-b113-450d-ac7e-30a08639a28a	gb:HM370966|Organism:Influenza	97.887	284	4	2	1	284	1939	2220	1.11e-137	490
d462c3a3-6665-4f59-a6b0-3c106538eac9	gb:HM370966|Organism:Influenza	98.195	277	2	2	1	274	2220	1944	6.57e-135	481
5b457933-1c2c-4a32-bd4e-111c6962c2cb	gb:KJ889434|Organism:Influenza	88.027	1019	89	29	1	1003	13	1014	0.0	1175
19f37153-b641-4b95-85e5-c2fb6b0aaa81	gb:HM370978|Organism:Influenza	94.384	1015	27	24	1	999	1014	14	0.0	1531
5bb09481-9ba1-498c-ab45-52e0f257dfcc	gb:HM370966|Organism:Influenza	97.518	282	6	1	1	281	1939	2220	6.62e-135	481
9d4ec2ac-382f-4d3b-9aa1-b672550b5855	gb:HM370972|Organism:Influenza	99.145	117	0	1	1	117	2328	2213	1.25e-53	209
aca16b36-b769-4860-844d-b00f466abcb7	gb:HM370978|Organism:Influenza	96.810	1003	16	10	1	988	13	1014	0.0	1661
01cfc339-0d24-4442-9e63-4abfeb90c382	gb:HM370966|Organism:Influenza	98.233	283	3	2	1	282	1939	2220	8.54e-139	494
d8c179fa-7f67-408a-b471-01480c29e592	gb:HM370972|Organism:Influenza	99.145	117	0	1	1	117	2328	2213	1.25e-53	209
fb98a5f0-6c69-46be-9a9b-a682bf16896d	gb:HM370978|Organism:Influenza	98.115	1008	6	10	1	1001	1014	13	0.0	1744
2d6955c0-22b9-4c22-bfc0-e9bcdaac7b57	gb:HM370966|Organism:Influenza	98.587	283	3	1	1	283	2220	1939	1.84e-140	499
afc66d3c-a555-4239-8d31-d32af7d7f5e1	gb:HM370966|Organism:Influenza	94.406	286	8	5	1	282	2220	1939	1.89e-120	433
7c5c16dd-d241-43ae-a2be-84d717f749ad	gb:HM370979|Organism:Influenza	95.995	874	18	15	1	866	877	13	0.0	1404
9114eae9-8985-4f52-8b5c-e47cad75d1ab	gb:HM370966|Organism:Influenza	97.518	282	5	1	1	280	2220	1939	6.60e-135	481
