2b86cc0f-cc19-47e8-a097-34f9f0a4b5d9	gb:HM370972|Organism:Influenza	97.552	286	1	5	1	283	2046	2328	5.16e-136	484
66c04db7-cc1b-44eb-a95f-9a0579a78e96	gb:HM370972|Organism:Influenza	99.293	283	2	0	1	283	2046	2328	2.37e-144	512
b97da13e-abe9-4016-9fba-9c1b3d697d7e	gb:HM370972|Organism:Influenza	98.587	283	2	2	16	297	2047	2328	1.93e-140	499
a075bc9d-9228-44db-9b04-9394713d7857	gb:HM370972|Organism:Influenza	98.944	284	2	1	1	284	2328	2046	1.11e-142	507
6a2d2e21-6ea4-4230-b121-893f416bce9d	gb:HM370972|Organism:Influenza	94.014	284	6	6	1	274	2046	2328	1.42e-116	420
375c0a8c-6156-4d25-8755-fcf433125f9a	gb:HM370972|Organism:Influenza	83.920	199	13	15	69	249	2138	2335	4.03e-42	172
375c0a8c-6156-4d25-8755-fcf433125f9a	gb:HM370972|Organism:Influenza	100.000	30	0	0	1	30	2046	2075	4.24e-07	56.5
faeb48ab-0f10-4f05-a010-e3dcae90d437	gb:HM370972|Organism:Influenza	98.592	284	3	1	1	284	2046	2328	5.14e-141	501
e6917710-0a59-46ea-8f70-e0a416990180	gb:HM370972|Organism:Influenza	97.193	285	4	3	1	283	2328	2046	2.40e-134	479
d92f04a7-fca0-4fd7-aa9f-8413aa2ca6f4	gb:HM370972|Organism:Influenza	92.982	285	11	8	1	278	2328	2046	1.13e-112	407
b771f8ab-657f-4a0e-988b-ab36120fafb9	gb:MH598172|Organism:Influenza	88.433	268	14	11	13	266	2052	2316	1.12e-82	307
d7b0af52-37b9-4295-a00b-2991dd743b4d	gb:HM370972|Organism:Influenza	89.510	286	13	12	1	280	2046	2320	2.53e-94	346
9a599537-31e5-43b9-9d13-4b0ef0fe7680	gb:HM370972|Organism:Influenza	95.455	286	5	6	1	281	2046	2328	1.87e-125	449
2ad27a3e-ac2e-4915-a053-5568145879d8	gb:HM370972|Organism:Influenza	94.425	287	5	6	1	280	2328	2046	6.74e-120	431
db490049-eff6-4fc5-9be0-4c4f2b48d1ec	gb:HM370972|Organism:Influenza	94.366	284	6	7	1	275	2046	2328	8.55e-119	427
347fe1bc-b5c6-4f3d-96aa-57d30f64c551	gb:HM370972|Organism:Influenza	97.578	289	1	3	1	289	2328	2046	1.13e-137	490
095abc2c-7a5d-498e-ae93-3a8c71340c8e	gb:HM370972|Organism:Influenza	97.535	284	5	2	1	283	2046	2328	5.16e-136	484
80845455-3454-4ada-8736-502120157844	gb:HM370972|Organism:Influenza	95.455	286	3	6	19	300	2325	2046	7.19e-125	448
d52f1ad2-5cde-4027-9fe7-4357c67bd419	gb:HM370972|Organism:Influenza	92.334	287	10	7	1	279	2046	2328	6.81e-110	398
e6c5d522-1f57-4de3-951a-e74a484e7df7	gb:HM370972|Organism:Influenza	96.831	284	3	3	1	279	2328	2046	1.42e-131	470
e490c383-9ee0-486b-b810-63f054facee2	gb:HM370972|Organism:Influenza	97.544	285	1	4	1	281	2046	2328	1.84e-135	483
d3fe4a33-635d-41b0-a188-00ee1cbda3b6	gb:HM370972|Organism:Influenza	91.638	287	17	7	1	284	2046	2328	1.16e-107	390
9f32a335-a875-4298-bc26-5f8e146150e9	gb:HM370972|Organism:Influenza	99.647	283	0	1	1	282	2328	2046	1.82e-145	516
aeddbf00-462c-45e0-bf05-ce4f7c60788d	gb:HM370972|Organism:Influenza	90.845	284	19	5	1	278	2046	2328	1.14e-102	374
4c2d4a5e-9e96-4202-95c8-0e963e5e4c14	gb:HM370972|Organism:Influenza	99.647	283	0	1	1	282	2046	2328	1.82e-145	516
d579f022-8e1b-4ff7-90fa-639a88dfd726	gb:HM370972|Organism:Influenza	92.333	300	8	8	5	301	2041	2328	2.63e-114	412
7b1e58ed-a558-4df6-9401-46d7f446761b	gb:HM370972|Organism:Influenza	97.887	284	4	2	1	283	2046	2328	1.11e-137	490
6ebd4c15-e252-452a-9963-b90576d668c4	gb:HM370972|Organism:Influenza	98.311	296	5	0	1	296	2341	2046	1.48e-146	520
e27b38f5-056e-43c4-931d-30197457d18a	gb:HM370972|Organism:Influenza	97.173	283	6	2	1	281	2328	2046	8.57e-134	477
9912ff5a-d1dd-4d11-9021-e663fc7b6c29	gb:HM370972|Organism:Influenza	98.944	284	0	2	1	282	2046	2328	3.95e-142	505
4bb8ffce-9c3e-4053-abf5-a34d67fd26d1	gb:HM370972|Organism:Influenza	97.895	285	3	3	1	284	2046	2328	1.11e-137	490
7fe66b00-7b82-4875-b529-c9a60f39b733	gb:HM370972|Organism:Influenza	92.642	299	10	9	12	306	2336	2046	1.60e-116	420
97bed9e8-1e9c-4222-b48e-ac78b4ed7fec	gb:HM370972|Organism:Influenza	93.662	284	9	8	1	278	2046	2326	1.89e-115	416
c1a3e161-5034-4881-baf2-28bd7bbea28f	gb:HM370972|Organism:Influenza	98.239	284	3	2	1	283	2046	2328	2.38e-139	496
6ebc731c-a62d-4b9d-80bf-d70d5d64c9b3	gb:HM370972|Organism:Influenza	97.887	284	1	5	3	284	2326	2046	1.44e-136	486
98c6b09a-99ed-4c09-8428-5476b19e5e2b	gb:HM370972|Organism:Influenza	99.306	288	2	0	1	288	2328	2041	5.09e-147	521
c95ca48c-f95f-454f-a0b6-a0ae8b73c420	gb:KF424183|Organism:Influenza	87.241	290	14	13	1	274	2019	2301	3.22e-83	309
25d3e18f-6d94-4326-bf74-2f2c59dc148e	gb:HM370972|Organism:Influenza	98.872	266	1	2	13	277	2064	2328	1.09e-132	473
67760ad4-184f-4bea-b5fc-f261ccb518a6	gb:HM370972|Organism:Influenza	93.684	285	3	9	1	272	2046	2328	2.36e-114	412
c9949880-fd90-435d-a9e0-f2bc272acb9e	gb:HM370972|Organism:Influenza	99.296	284	0	2	1	283	2328	2046	2.37e-144	512
8edf86cb-3ed4-4d49-9351-a7dcaf2e966f	gb:HM370972|Organism:Influenza	95.804	286	8	3	1	285	2328	2046	3.15e-128	459
eaf3366a-cc79-4a30-ad82-f9b5c69d1a09	gb:HM370972|Organism:Influenza	97.270	293	5	3	3	293	2337	2046	8.91e-139	494
0b8c8e2b-c820-4241-9f44-47d027e61071	gb:HM370972|Organism:Influenza	98.252	286	1	3	1	285	2046	2328	6.68e-140	497
a5be9076-77bb-48a9-8070-8418a1c0aa39	gb:HM370972|Organism:Influenza	94.737	285	8	6	1	280	2328	2046	1.45e-121	436
e555637c-5f8a-49ce-afbe-95faf8b076db	gb:HM370972|Organism:Influenza	96.113	283	4	4	1	276	2046	2328	3.94e-127	455
632aa277-2922-4fd1-af2f-577b65e438f6	gb:HM370972|Organism:Influenza	94.014	284	11	5	94	373	2341	2060	4.42e-118	425
96126334-c317-48bf-863d-90a950b8be71	gb:HM370972|Organism:Influenza	92.281	285	10	8	1	275	2046	2328	8.67e-109	394
0939d3d5-ec10-4c46-a998-61a3d9fcf6f7	gb:HM370972|Organism:Influenza	97.552	286	3	4	1	285	2328	2046	1.45e-136	486
c692b75b-2018-495e-a752-5045bd30664d	gb:HM370972|Organism:Influenza	97.880	283	2	1	1	279	2046	2328	1.41e-136	486
de5c2457-2b6c-4fbc-9888-48d527da1ca1	gb:HM370972|Organism:Influenza	99.647	283	1	0	1	283	2046	2328	5.09e-146	518
0ef4adfc-dbe6-4ca1-a5c6-a48f2e1430af	gb:HM370972|Organism:Influenza	99.647	283	1	0	1	283	2328	2046	5.09e-146	518
9368dc77-c508-4224-91d4-5844eb249e81	gb:HM370972|Organism:Influenza	100.000	276	0	0	10	285	2053	2328	8.58e-144	510
9594676d-a708-4707-9781-77e16ca547c2	gb:HM370972|Organism:Influenza	98.944	284	0	3	1	282	2328	2046	3.95e-142	505
974363dd-b7e1-4d2d-abf5-896d6acfb4d1	gb:HM370972|Organism:Influenza	93.950	281	6	7	1	271	2046	2325	6.97e-115	414
ae34c467-88d6-46c7-8426-c7d0341183a1	gb:HM370972|Organism:Influenza	97.887	284	3	3	1	282	2046	2328	3.97e-137	488
b461414d-dcd5-452f-80b5-0c0a817aed35	gb:HM370972|Organism:Influenza	97.213	287	3	4	1	286	2046	2328	6.75e-135	481
0b043969-959a-45c4-b7df-7cdb2c5e81a1	gb:HM370972|Organism:Influenza	97.183	284	6	2	1	283	2328	2046	2.40e-134	479
37c89d5f-b62f-4290-a809-760706bbb3a4	gb:HM370972|Organism:Influenza	99.242	264	0	1	1	262	2046	2309	3.15e-133	475
4c63324b-8702-4ad2-8021-8c1438d88e59	gb:HM370972|Organism:Influenza	96.622	296	4	5	4	296	2338	2046	1.50e-136	486
5101a7fb-0c41-42d2-b8fd-7389382b87b8	gb:HM370972|Organism:Influenza	98.940	283	1	1	1	281	2046	2328	3.93e-142	505
3980ed3b-24b8-41ad-a0cf-c89c04cc627b	gb:HM370972|Organism:Influenza	93.624	298	8	9	1	291	2046	2339	5.48e-121	435
2ebd6cd8-0f01-4b55-971f-75f0120b7319	gb:HM370972|Organism:Influenza	97.193	285	4	4	1	283	2328	2046	2.40e-134	479
5d72f624-e9c5-4977-941e-c46e0162abf1	gb:HM370972|Organism:Influenza	97.535	284	5	2	1	283	2328	2046	5.16e-136	484
6c8f4da5-3b5a-46aa-b939-c3853500ef76	gb:HM370972|Organism:Influenza	100.000	283	0	0	1	283	2328	2046	1.09e-147	523
2f1ef4d0-83db-416e-946b-f79d6908acc4	gb:HM370972|Organism:Influenza	91.844	282	11	12	14	288	2322	2046	1.97e-105	383
33b0808e-d0a9-4353-82a8-f11827afca0e	gb:HM370972|Organism:Influenza	93.772	289	8	5	1	285	2328	2046	3.20e-118	425
1570f711-9b40-4bf1-bec9-d04765a31b40	gb:HM370972|Organism:Influenza	98.246	285	2	2	1	284	2046	2328	2.39e-139	496
ddc6519a-118f-446f-ad7c-ce6623ed493f	gb:HM370972|Organism:Influenza	90.106	283	11	12	1	266	2046	2328	5.10e-96	351
c48ef1f9-c97b-443d-bb28-975161219ec5	gb:HM370972|Organism:Influenza	100.000	283	0	0	1	283	2046	2328	1.09e-147	523
fcbd8c68-40c7-4769-b154-8b846c942bf4	gb:HM370972|Organism:Influenza	98.940	283	1	2	1	281	2046	2328	3.93e-142	505
210bc8ce-c538-4e8e-a0de-67b81d74a7a7	gb:HM370972|Organism:Influenza	94.737	285	6	8	1	278	2328	2046	5.17e-121	435
cc07514e-f829-4cae-bfbc-05fbecf7a5b6	gb:HM370972|Organism:Influenza	99.293	283	2	0	1	283	2328	2046	2.37e-144	512
50efc6d9-f85d-4639-89f1-99cba78e51f1	gb:HM370972|Organism:Influenza	98.239	284	3	2	1	283	2046	2328	2.38e-139	496
118ad7b7-0139-496c-9cc6-59a57fe2f82c	gb:HM370972|Organism:Influenza	100.000	283	0	0	1	283	2046	2328	1.09e-147	523
da8ffabf-3633-4504-b5b8-c591e5aa2a5a	gb:HM370972|Organism:Influenza	99.296	284	1	1	1	284	2328	2046	2.38e-144	512
538aeb9f-fdfb-4496-811e-63824c94e31a	gb:HM370972|Organism:Influenza	96.820	283	3	3	1	277	2328	2046	5.08e-131	468
1a2af84a-20b9-4e54-9790-35f5d087e963	gb:HM370972|Organism:Influenza	98.577	281	1	3	14	292	2041	2320	9.17e-139	494
146d11ac-f0c8-45e5-80ad-74edfeea4589	gb:HM370972|Organism:Influenza	97.544	285	3	4	1	283	2328	2046	5.16e-136	484
f1831265-a880-43ad-ac83-9166bae674bf	gb:HM370972|Organism:Influenza	96.140	285	6	5	1	282	2046	2328	8.66e-129	460
cbedf442-cb72-475c-976e-4b887685f37d	gb:HM370972|Organism:Influenza	96.466	283	6	4	1	279	2328	2046	6.62e-130	464
0ab9bcc9-4643-4068-a1cb-006608b61136	gb:CY004538|Organism:Influenza	90.690	290	18	3	1	288	2328	2046	9.18e-104	377
578829e6-d3d6-45b4-a462-b5f6015dd833	gb:HM370972|Organism:Influenza	97.183	284	4	3	1	281	2046	2328	8.57e-134	477
46bb5a27-4ef2-46be-a42f-4cafabea742d	gb:HM370972|Organism:Influenza	97.183	284	4	4	1	281	2046	2328	8.57e-134	477
0bf430a2-a236-4d2c-a3af-1ead810182ce	gb:HM370972|Organism:Influenza	91.724	290	10	12	1	283	2328	2046	1.16e-107	390
10c2707f-5a0b-49c1-869a-ad49b35f5c9b	gb:HM370972|Organism:Influenza	98.233	283	5	0	1	283	2328	2046	2.38e-139	496
4185a228-eb30-4c49-8e73-dd52bdb62063	gb:HM370972|Organism:Influenza	97.173	283	6	2	1	281	2328	2046	8.57e-134	477
8d9622a6-a2ea-4499-ad10-3f5fbd4518ca	gb:HM370972|Organism:Influenza	96.831	284	1	4	1	277	2046	2328	5.08e-131	468
6451a24f-b5c7-4b66-9d4f-05ac768a19b7	gb:HM370972|Organism:Influenza	94.718	284	6	7	1	276	2328	2046	1.84e-120	433
c302cc04-9266-4e33-a0af-f7fb18ca069b	gb:HM370972|Organism:Influenza	98.299	294	2	3	105	396	2338	2046	3.39e-144	512
622db5de-1ea9-4896-a8cf-cb7d7c1406a2	gb:HM370972|Organism:Influenza	94.774	287	10	4	1	286	2328	2046	3.19e-123	442
473dace5-5c9f-422f-a9ba-4ac3ebdd2751	gb:HM370972|Organism:Influenza	98.587	283	0	3	1	279	2046	2328	6.53e-140	497
5257eaf6-39c5-4d65-802d-0670fa4460c8	gb:HM370972|Organism:Influenza	89.789	284	14	12	1	270	2046	2328	1.87e-95	350
5c3c1321-b6ee-4aec-98ac-e67121242f70	gb:HM370972|Organism:Influenza	96.853	286	3	5	1	283	2328	2046	1.12e-132	473
44f09f7c-7208-4f91-8341-8011157a3023	gb:HM370972|Organism:Influenza	97.535	284	4	3	1	282	2046	2328	1.85e-135	483
28c948c1-30d4-4b38-a814-9fb1f0cf4cb9	gb:HM370972|Organism:Influenza	97.535	284	3	3	1	281	2046	2328	1.84e-135	483
1eb01afe-0478-4458-b20a-4b11ddfbe454	gb:HM370972|Organism:Influenza	100.000	283	0	0	1	283	2046	2328	1.09e-147	523
b0e76edd-62e3-4787-834e-e3475b95dd03	gb:HM370972|Organism:Influenza	99.648	284	0	1	1	284	2046	2328	5.11e-146	518
a7f246f0-d444-43de-9540-f2e0a1fea0da	gb:HM370972|Organism:Influenza	97.938	291	1	4	9	294	2336	2046	1.92e-140	499
e1bf574c-7b06-485b-846e-59a42c5eea85	gb:HM370972|Organism:Influenza	98.940	283	2	1	1	282	2328	2046	3.95e-142	505
16c86a11-fec0-40c5-aaa2-44ce8a660c07	gb:HM370972|Organism:Influenza	96.269	268	3	5	1	265	2328	2065	2.59e-120	433
db51d01a-5593-474e-89f9-389a6a488989	gb:HM370972|Organism:Influenza	100.000	283	0	0	1	283	2046	2328	1.09e-147	523
081fd121-5392-4616-b2d7-1d8b4df6a359	gb:HM370972|Organism:Influenza	96.853	286	5	3	1	285	2046	2328	3.13e-133	475
f77de2d8-7bdc-44da-b07b-379b85754f05	gb:HM370972|Organism:Influenza	96.528	288	2	7	1	285	2328	2046	1.46e-131	470
0c8b11f5-513b-4dfa-ad60-ba3576d87208	gb:HM370972|Organism:Influenza	96.479	284	6	4	1	281	2046	2328	1.85e-130	466
6ff4b57d-e868-4e64-9a3b-96467a378177	gb:HM370972|Organism:Influenza	92.734	289	8	11	1	279	2046	2331	4.25e-112	405
72beacc8-74ba-45d2-aeb3-83578f5b4142	gb:HM370972|Organism:Influenza	97.193	285	5	3	1	284	2046	2328	2.41e-134	479
225dc746-16ed-42b5-a5e4-9b71f9bbc197	gb:HM370972|Organism:Influenza	97.535	284	2	5	1	280	2328	2046	6.60e-135	481
acc26b76-86ba-44e3-b6c6-44644a431a51	gb:HM370972|Organism:Influenza	96.842	285	3	5	1	281	2046	2328	3.99e-132	472
d146ecd4-6870-4a43-a555-0cebc2433c5d	gb:HM370972|Organism:Influenza	97.333	300	4	2	1	300	2046	2341	1.17e-142	507
dcba71b6-962a-49ce-ad9c-6ab00d3ba186	gb:HM370972|Organism:Influenza	98.208	279	2	2	16	292	2051	2328	5.34e-136	484
0749a534-7fc1-4cc5-84c1-c1f71d097989	gb:HM370972|Organism:Influenza	89.967	299	18	9	105	397	2338	2046	4.66e-103	375
b21fa28b-d513-491b-a03a-38c42c0b3c1b	gb:HM370972|Organism:Influenza	99.648	284	0	1	1	284	2328	2046	5.11e-146	518
76384f1d-0168-44f4-8c3f-0634af4e64dc	gb:HM370972|Organism:Influenza	87.629	291	11	16	1	274	2046	2328	6.91e-85	315
a4189a00-1b2a-4516-8475-da306473e890	gb:CY139820|Organism:Influenza	91.450	269	13	7	1	260	2034	2301	8.90e-99	361
cc160c75-28e6-4c32-93c9-f53850ab7a30	gb:HM370972|Organism:Influenza	93.403	288	8	8	1	277	2328	2041	1.92e-115	416
d4c9bcdc-cd73-4f18-86d1-51c3f3dcc4e1	gb:HM370972|Organism:Influenza	96.466	283	7	3	1	280	2046	2328	6.64e-130	464
bfba1ea7-63e7-414b-8397-d9c6cec68e4a	gb:HM370972|Organism:Influenza	98.239	284	1	3	1	281	2046	2328	8.51e-139	494
b44d07e3-7d44-49d3-8c3b-897d83c04de9	gb:HM370972|Organism:Influenza	94.737	285	9	5	1	281	2328	2046	4.04e-122	438
a1c5dde8-a545-4930-b710-0eb7cd782746	gb:HM370972|Organism:Influenza	98.294	293	2	3	1	292	2046	2336	9.00e-144	510
84dab5e6-36d4-4b01-9afc-f723cf189058	gb:HM370972|Organism:Influenza	98.264	288	4	1	10	297	2042	2328	1.50e-141	503
158e015c-0352-42df-a570-bdf1ecb59bf8	gb:HM370972|Organism:Influenza	96.466	283	6	3	1	279	2046	2328	6.62e-130	464
417778ba-e0a3-40c9-8f7f-a115351bff7c	gb:HM370972|Organism:Influenza	98.940	283	3	0	1	283	2328	2046	1.10e-142	507
07072c8a-6d52-4d27-b457-f50bbf135b25	gb:HM370972|Organism:Influenza	97.627	295	3	3	5	297	2338	2046	1.50e-141	503
c4673f38-7640-4b4f-8d93-c9684f7665a1	gb:HM370972|Organism:Influenza	91.579	285	12	11	1	275	2046	2328	1.88e-105	383
730078a2-22bf-4aef-ab8f-d2b49d4df9c6	gb:HM370972|Organism:Influenza	98.556	277	2	2	1	276	2328	2053	4.07e-137	488
9c9fb2a9-4561-478b-908e-89ea6c5baa2d	gb:HM370972|Organism:Influenza	98.980	294	1	2	4	296	2338	2046	3.18e-148	525
dec370bc-b66f-4662-8e04-02942599cbb0	gb:HM370972|Organism:Influenza	96.875	288	3	5	1	287	2328	2046	8.77e-134	477
107c34fd-fb12-47a2-b914-72901090853a	gb:HM370972|Organism:Influenza	95.341	279	7	5	5	279	2322	2046	4.01e-122	438
9be7d2c4-1db8-4daf-b225-55e4c00fe864	gb:HM370972|Organism:Influenza	96.886	289	3	5	1	289	2328	2046	2.46e-134	479
bbb2f960-ff5d-4cf2-9a31-141b653907c8	gb:HM370972|Organism:Influenza	97.887	284	5	1	1	284	2328	2046	1.11e-137	490
60c8ba4e-6f7d-41d1-832f-5e606f035cc9	gb:HM370972|Organism:Influenza	94.810	289	6	7	1	286	2046	2328	3.19e-123	442
9589f3a2-0f10-4b2e-aa94-a1dea7e102a9	gb:HM370972|Organism:Influenza	90.210	286	10	11	7	286	2319	2046	1.19e-97	357
f6d59e0f-36c3-4571-8a32-0b43d15b7e12	gb:HM370972|Organism:Influenza	97.417	271	3	2	1	270	2046	2313	3.09e-128	459
ddde7016-5882-4153-966d-1d95694f6a68	gb:HM370972|Organism:Influenza	93.594	281	3	8	7	275	2051	2328	4.00e-112	405
15d17a27-6824-4a5f-8860-5c0ea2841292	gb:HM370972|Organism:Influenza	96.466	283	6	4	1	279	2046	2328	6.62e-130	464
68819eed-3ee3-48de-ab0e-0c08397b079a	gb:HM370972|Organism:Influenza	97.895	285	0	5	1	281	2328	2046	3.96e-137	488
27bd7cae-5577-4f15-8691-8d48d48b3f00	gb:HM370972|Organism:Influenza	97.895	285	3	2	1	284	2046	2328	1.11e-137	490
11455a19-50ff-4df9-90aa-1e0f9d99f56c	gb:HM370972|Organism:Influenza	94.275	262	3	9	1	257	2046	2300	1.13e-107	390
818a4068-1e8c-4e9c-a7ae-cd8b6981e042	gb:HM370972|Organism:Influenza	100.000	269	0	0	1	269	2328	2060	6.63e-140	497
f406a568-a77e-4107-91b6-dd671b79559c	gb:HM370972|Organism:Influenza	96.140	285	6	5	1	282	2328	2046	8.66e-129	460
c39fd151-8090-4cf0-a141-788300b85784	gb:HM370972|Organism:Influenza	95.470	287	4	5	1	282	2046	2328	1.88e-125	449
aa56809b-de41-496f-a2e1-c6e71f1b42c4	gb:HM370972|Organism:Influenza	96.820	283	5	3	1	279	2046	2328	1.42e-131	470
d773c2a5-e306-4f68-b542-5ef95b63b5fd	gb:HM370972|Organism:Influenza	95.070	284	8	6	1	279	2046	2328	3.10e-123	442
8591b441-6448-4b58-87ac-3c9c792da123	gb:HM370972|Organism:Influenza	97.887	284	3	3	1	282	2328	2046	3.97e-137	488
864744ff-6e64-4cdc-ae73-110cc1a7410f	gb:HM370972|Organism:Influenza	97.909	287	2	2	1	287	2046	2328	8.71e-139	494
8d183a11-e139-4829-816d-f71a3ab0246a	gb:HM370972|Organism:Influenza	96.491	285	3	5	1	280	2328	2046	6.64e-130	464
e4374734-5600-44e2-acbc-42ae0c997ec7	gb:HM370972|Organism:Influenza	96.853	286	2	5	1	282	2046	2328	4.00e-132	472
ccc42adb-266c-4831-a3ed-bf27f7be3c86	gb:HM370972|Organism:Influenza	88.502	287	15	15	1	273	2046	2328	6.84e-90	331
c72c8201-f6d5-4dc5-b223-fae00f08e002	gb:HM370972|Organism:Influenza	96.466	283	5	3	1	278	2328	2046	2.37e-129	462
b962967f-dee9-46d1-ac61-562fc37a9410	gb:HM370972|Organism:Influenza	99.293	283	0	2	1	281	2328	2046	8.45e-144	510
5c1fb1dc-3add-4537-9412-87ee7d15e2d1	gb:HM370972|Organism:Influenza	96.466	283	7	2	1	280	2328	2046	6.64e-130	464
65afa593-fe32-461a-a7a5-7ccdef01b0ea	gb:HM370972|Organism:Influenza	100.000	278	0	0	1	278	2046	2323	8.67e-145	514
b345f389-5d85-45ae-bdc6-e5ecd1276643	gb:HM370972|Organism:Influenza	98.940	283	0	1	1	280	2328	2046	1.41e-141	503
ae30e1dc-b164-4e1e-b693-dd0872ed8c14	gb:HM370972|Organism:Influenza	99.647	283	1	0	1	283	2046	2328	5.09e-146	518
272244d3-a02d-48d0-9dba-0ee9128d43d5	gb:HM370972|Organism:Influenza	97.810	274	4	2	1	274	2328	2057	4.05e-132	472
32828024-7564-414e-a1bf-83488255a72e	gb:HM370972|Organism:Influenza	94.774	287	9	5	1	285	2328	2046	3.17e-123	442
e4c3e214-0741-421e-be28-9fc9c7b9ae5b	gb:HM370972|Organism:Influenza	90.000	290	13	9	1	281	2046	2328	9.00e-99	361
fa81cd87-779a-4724-956f-ed6886a79312	gb:HM370972|Organism:Influenza	96.167	287	3	8	1	283	2328	2046	2.42e-129	462
da71bc60-0484-48fc-abfc-ea60532a0082	gb:HM370972|Organism:Influenza	98.940	283	2	1	1	282	2046	2328	3.95e-142	505
032fa366-88a2-4ed6-8ae8-23d6a1b0f45a	gb:HM370972|Organism:Influenza	98.944	284	2	1	1	284	2328	2046	1.11e-142	507
d10ed06c-4c98-4093-92ad-65fb715c2f98	gb:HM370972|Organism:Influenza	100.000	283	0	0	1	283	2328	2046	1.09e-147	523
be1c51d3-a200-4cb4-86b2-4c876ead933a	gb:HM370972|Organism:Influenza	97.473	277	4	2	14	287	2322	2046	1.47e-131	470
c0b0f57e-6c6e-43b7-af05-f7ceeae2884e	gb:HM370972|Organism:Influenza	98.611	288	0	3	11	295	2042	2328	1.15e-142	507
30b4cd19-2fde-4314-9b8b-97e61e7c8cd8	gb:HM370972|Organism:Influenza	98.239	284	2	2	1	282	2046	2328	8.54e-139	494
f1b90223-30a6-4b60-a70f-3be8cae2ad7b	gb:HM370972|Organism:Influenza	96.691	272	1	5	1	268	2046	2313	2.37e-124	446
cc0c5cb0-69b5-4c55-9206-189e90d211c0	gb:HM370972|Organism:Influenza	96.503	286	7	3	1	286	2046	2328	1.46e-131	470
0b0bf711-6755-4284-90ba-9d1943f8b5ab	gb:HM370972|Organism:Influenza	99.296	284	1	1	1	284	2328	2046	2.38e-144	512
dbd5d887-52d3-42df-97bc-47d5bcf3e928	gb:HM370972|Organism:Influenza	99.648	284	0	1	1	284	2046	2328	5.11e-146	518
8b839a9d-84d8-4066-b56d-1d83a01db967	gb:HM370972|Organism:Influenza	98.973	292	1	2	1	291	2046	2336	5.16e-147	521
b2cb075d-28f2-4619-b203-942b50432dcb	gb:HM370972|Organism:Influenza	97.887	284	5	1	1	284	2328	2046	1.11e-137	490
0172cd9e-85cf-4ea9-8d1f-d1728b850096	gb:HM370972|Organism:Influenza	96.113	283	11	0	1	283	2328	2046	2.42e-129	462
a7a72fbb-6a83-4fcf-ba14-a8ba706e325f	gb:HM370972|Organism:Influenza	97.544	285	3	3	1	283	2046	2328	5.16e-136	484
f74b354f-df38-4a03-863d-3aca7d6787bb	gb:HM370972|Organism:Influenza	96.491	285	2	6	1	279	2046	2328	6.62e-130	464
3831ddcf-05bf-4914-9263-2160ea30faba	gb:HM370972|Organism:Influenza	96.466	283	4	4	1	277	2046	2328	2.36e-129	462
ef8d8b22-850f-40a7-8083-0040d36eacbc	gb:HM370972|Organism:Influenza	95.775	284	6	5	1	279	2328	2046	1.43e-126	453
e8402001-8ae4-4510-bf79-b57b0b3164e5	gb:HM370972|Organism:Influenza	98.587	283	0	1	1	279	2046	2328	6.53e-140	497
1513c860-fdc6-45cb-91d4-977f86c23363	gb:HM370972|Organism:Influenza	97.535	284	2	5	1	280	2328	2046	6.60e-135	481
9593b99c-133f-43ee-9a08-e6435ca20e4f	gb:HM370972|Organism:Influenza	95.105	286	6	8	1	280	2046	2329	8.66e-124	444
9d8d7222-e8a4-4f89-af27-05f0fed2101e	gb:HM370972|Organism:Influenza	97.183	284	4	4	1	281	2046	2328	8.57e-134	477
8b0eede8-5374-414f-af34-37b81c1e3ecb	gb:HM370972|Organism:Influenza	98.940	283	1	2	1	281	2046	2328	3.93e-142	505
010f74d3-9e3d-4c93-b7fb-640da695db3d	gb:HM370972|Organism:Influenza	99.640	278	0	1	7	283	2051	2328	1.10e-142	507
ab4ae5be-d038-4192-85b6-c548b69b198e	gb:HM370972|Organism:Influenza	100.000	283	0	0	1	283	2046	2328	1.09e-147	523
5d136fdf-3b50-42f4-b5f6-32fe3e4ecb6e	gb:HM370972|Organism:Influenza	95.423	284	5	6	1	277	2328	2046	2.38e-124	446
4e019d65-0502-4f67-bb2b-9a9344b5a6db	gb:HM370972|Organism:Influenza	91.901	284	12	7	1	274	2046	2328	1.44e-106	387
939110d0-d558-473d-bf4d-f7c22771c7fb	gb:HM370972|Organism:Influenza	94.118	289	8	6	1	286	2046	2328	6.90e-120	431
00550f53-f778-43cc-9e4d-6b1ca731f2bb	gb:HM370972|Organism:Influenza	96.167	287	7	4	1	287	2328	2046	1.90e-130	466
f7d94081-61f0-4f52-83a3-8659bf9439cb	gb:HM370972|Organism:Influenza	97.193	285	4	4	1	283	2328	2046	2.40e-134	479
d0f47cac-3d49-480b-bd80-b63fefffa308	gb:HM370972|Organism:Influenza	99.647	283	1	0	1	283	2328	2046	5.09e-146	518
3a2fe639-6cb7-4c5e-b2c1-e097c48047a1	gb:HM370972|Organism:Influenza	88.380	284	17	15	20	292	2324	2046	9.52e-89	327
f0057289-27c4-44e2-ab4c-0135a8a16970	gb:HM370972|Organism:Influenza	95.775	284	7	4	1	280	2046	2328	1.44e-126	453
ba8d8364-37db-4353-b478-a42839dda2bf	gb:HM370972|Organism:Influenza	98.940	283	2	1	1	282	2328	2046	3.95e-142	505
bf63a579-9bb4-4b71-8d14-62c7ea8f00e6	gb:HM370972|Organism:Influenza	95.804	286	6	5	1	283	2046	2328	1.12e-127	457
7b74f360-021e-4198-a754-51ea2c820b59	gb:HM370972|Organism:Influenza	90.036	281	13	12	7	280	2051	2323	1.98e-95	350
abe1bd64-a290-42c7-84d1-d3763162a566	gb:HM370972|Organism:Influenza	98.944	284	1	2	1	283	2328	2046	1.10e-142	507
17d9d256-d858-41f7-a176-422ceba36d22	gb:HM370972|Organism:Influenza	95.502	289	6	5	1	287	2329	2046	4.11e-127	455
7c369369-9fee-4d4a-8a71-c0216381b4fb	gb:HM370972|Organism:Influenza	90.175	285	15	9	1	277	2048	2327	3.19e-98	359
c1278135-0f1b-4005-a59d-dd2f44e08136	gb:HM370972|Organism:Influenza	93.706	286	9	8	1	280	2328	2046	1.46e-116	420
46407b4c-1f3e-44b1-a4a5-92a64e950dda	gb:HM370972|Organism:Influenza	100.000	283	0	0	1	283	2046	2328	1.09e-147	523
63b672a5-3c67-4ce3-9f50-479642c7763f	gb:HM370972|Organism:Influenza	97.473	277	5	2	15	289	2322	2046	4.11e-132	472
07d0d53f-1f63-4a92-a78e-f917b7bb4212	gb:HM370972|Organism:Influenza	96.466	283	5	3	1	278	2046	2328	2.37e-129	462
31d494df-fed0-4538-9448-3f597f04516d	gb:HM370972|Organism:Influenza	91.844	282	10	5	19	291	2051	2328	7.18e-105	381
a45a0b27-f818-4cf9-9377-6a94a0754478	gb:HM370972|Organism:Influenza	93.548	279	13	3	1	275	2046	2323	8.78e-114	411
8cffb1e1-535a-464f-b208-5d2250e37cf5	gb:HM370972|Organism:Influenza	99.313	291	1	1	5	294	2336	2046	3.17e-148	525
5297471a-6654-410c-8706-06c915b04332	gb:HM370972|Organism:Influenza	98.587	283	2	1	1	281	2046	2328	1.83e-140	499
96533648-4d6c-41e8-bdda-883f2127bb67	gb:HM370972|Organism:Influenza	92.203	295	14	9	1	290	2046	2336	3.29e-113	409
7aa237d2-2dbb-4cac-80d0-d1d53cb556ab	gb:HM370972|Organism:Influenza	95.139	288	7	4	1	286	2046	2328	6.85e-125	448
