ff0f9394-e9f5-408a-8e10-430d67f664ab	gb:HM370979|Organism:Influenza	95.637	871	16	16	1	855	13	877	0.0	1378
e03509db-7839-44f5-b0c4-1bee7ab1acd3	gb:HM370979|Organism:Influenza	97.597	874	7	11	1	868	13	878	0.0	1485
9506216e-237d-40ec-a053-8a68ca01c393	gb:HM370979|Organism:Influenza	98.730	866	7	2	1	863	13	877	0.0	1535
3c115d59-1f87-4b2a-9232-c6f27880b0c4	gb:HM370979|Organism:Influenza	97.143	875	16	5	4	869	887	13	0.0	1469
d38bcc6d-e7e9-4b5f-a238-959e395534a0	gb:HM370979|Organism:Influenza	98.507	871	6	4	1	870	13	877	0.0	1530
327a7047-e997-431a-9f44-2a256277ecad	gb:HM370979|Organism:Influenza	92.486	865	32	25	1	842	13	867	0.0	1206
7c383320-3ed5-42e2-bf1e-72a3f07cfa53	gb:HM370978|Organism:Influenza	93.060	1023	31	34	1	1007	13	1011	0.0	1459
e3c1cb6e-83f3-4767-ae41-cb60dcfa6f57	gb:HM370972|Organism:Influenza	94.755	286	4	7	3	282	2326	2046	5.25e-121	435
55e613ac-4fba-4b6d-8435-c8f37ff0eb95	gb:HM370979|Organism:Influenza	93.135	874	29	26	1	852	877	13	0.0	1253
866a6a60-1360-43fc-bd6d-e4f3b772741b	gb:HM370979|Organism:Influenza	98.975	878	4	3	1	874	877	1	0.0	1567
2b13dcf9-edde-469a-9bc7-7d4203300d71	gb:HM370979|Organism:Influenza	96.889	868	11	11	4	861	874	13	0.0	1439
d60a7594-4a12-4199-b0dc-b89439979cb7	gb:HM370978|Organism:Influenza	96.189	971	19	14	25	981	48	1014	0.0	1572
71956c98-4dac-4ead-a281-355fa308ecf7	gb:HM370979|Organism:Influenza	97.035	877	15	8	1	870	877	5	0.0	1465
1349919a-b64e-400c-8616-5a7e734b6476	gb:HM370979|Organism:Influenza	90.263	873	48	31	1	844	13	877	0.0	1107
6fd27206-3d18-482e-9b32-1e046084a55d	gb:HM370979|Organism:Influenza	97.929	869	6	7	1	861	877	13	0.0	1495
970f5807-6929-4833-a494-dee9abd29183	gb:HM370978|Organism:Influenza	96.912	1004	15	12	1	990	1014	13	0.0	1668
40e708c5-4b56-43d2-bbb9-0f4ebb58dadc	gb:HM370966|Organism:Influenza	98.592	284	2	1	1	284	2220	1939	5.14e-141	501
41e9d266-b0d8-4751-91d1-edbf3bdfc2e1	gb:HM370966|Organism:Influenza	95.070	284	10	3	1	282	2220	1939	8.72e-124	444
8fb991b1-da02-467d-8772-29f7fbfb3baa	gb:HM370978|Organism:Influenza	95.272	994	20	25	12	988	996	13	0.0	1550
ce8bc1b9-7a2c-48ee-8d25-30fa1365600a	gb:HM370979|Organism:Influenza	98.144	862	8	6	4	859	872	13	0.0	1496
924ebdb0-e0cb-468b-9641-4edd0a7a9d81	gb:HM370978|Organism:Influenza	89.171	1025	50	37	20	1010	30	1027	0.0	1221
05586a26-eb89-425b-81e7-29c415200365	gb:HM370979|Organism:Influenza	97.332	862	11	8	9	860	18	877	0.0	1454
71e9a847-a0cc-4d63-ab7b-8c0c143b08e0	gb:HM370966|Organism:Influenza	93.706	286	9	8	1	281	1939	2220	1.46e-116	420
ed55c7f4-469a-41c8-b345-668afa011239	gb:HM370974|Organism:Influenza	98.489	397	5	1	234	629	409	13	0.0	699
ed55c7f4-469a-41c8-b345-668afa011239	gb:HM370974|Organism:Influenza	96.035	227	5	3	16	239	2205	1980	4.56e-100	366
f4906aa4-8c92-4f67-a8dc-7368be2989eb	gb:HM370978|Organism:Influenza	96.699	1030	14	16	1	1025	13	1027	0.0	1696
632f5e09-8d71-425a-8361-b922570bd15b	gb:HM370979|Organism:Influenza	98.621	870	2	7	1	865	877	13	0.0	1531
cbbb2818-98e7-41d0-9946-58bae2521087	gb:HM370966|Organism:Influenza	95.390	282	9	4	112	390	1940	2220	3.43e-124	446
07abc521-1723-461e-ad42-d44ce98978f1	gb:HM370978|Organism:Influenza	95.846	1011	16	21	1	994	1014	13	0.0	1611
85965360-538a-484e-9ac2-4c28e497860b	gb:JN706699|Organism:Influenza	97.173	283	4	4	13	293	1940	2220	3.23e-133	475
cad02a6d-0708-4fd7-a83f-87e9462d99e9	gb:HM370979|Organism:Influenza	98.148	864	7	9	6	864	872	13	0.0	1498
8d7776c0-5758-490e-991c-b7fa816b0c53	gb:HM370964|Organism:Influenza	95.848	867	19	12	1	852	13	877	0.0	1386
b2d8f99e-bde0-493f-99c8-85c867f24401	gb:HM370979|Organism:Influenza	95.857	869	15	14	1	852	13	877	0.0	1386
1b36c45b-b614-4a1f-96e3-4a6ed2ac8c3a	gb:HM370966|Organism:Influenza	95.760	283	8	4	1	280	2220	1939	1.44e-126	453
bddb9d87-b329-4733-8688-066ef0cf999e	gb:HM370979|Organism:Influenza	98.962	867	3	5	1	863	13	877	0.0	1546
612a4099-3e8b-4e27-881d-8b1c615c31e2	gb:CY117140|Organism:Influenza	89.751	1005	85	17	14	1007	1001	4	0.0	1269
4511e0ce-2952-42cd-bfa7-d50230ea4860	gb:HM370979|Organism:Influenza	96.897	870	16	9	1	864	877	13	0.0	1447
4cf22eb3-f31c-44e2-a142-aa2df5fc16c9	gb:JN683632|Organism:Influenza	90.693	1010	46	38	19	1006	999	16	0.0	1301
42fd9d71-8dec-485d-9d0a-f73f974eeffc	gb:HM370972|Organism:Influenza	98.940	283	1	2	1	281	2046	2328	3.93e-142	505
483fe670-aa40-4e75-ba00-80935d2e0692	gb:HM370972|Organism:Influenza	95.760	283	2	3	1	273	2046	2328	6.51e-125	448
2cee64e0-3aa6-4cfa-9fde-0a42842e9f97	gb:HM370972|Organism:Influenza	97.518	282	0	4	3	278	2326	2046	3.05e-133	475
157ff463-b3be-4432-a3b1-4424909bdef1	gb:HM370966|Organism:Influenza	96.831	284	7	2	1	284	2220	1939	1.12e-132	473
20cb5f8d-1d64-42f9-ba44-d9099b945fce	gb:HM370979|Organism:Influenza	93.685	871	30	24	5	865	873	18	0.0	1280
1b61f2e9-8cf0-4e30-b218-67af0c38478c	gb:HM370966|Organism:Influenza	92.606	284	14	6	1	279	2220	1939	5.26e-111	401
fbd95600-923e-4581-b017-28e95e2bf122	gb:HM370979|Organism:Influenza	96.433	869	13	15	1	858	13	874	0.0	1417
adfb7609-7aeb-4542-b659-3021d0aed51c	gb:HM370978|Organism:Influenza	93.799	1016	27	26	2	987	5	1014	0.0	1495
10328e19-1d9c-4851-b81e-458c6c0a9b09	gb:HM370972|Organism:Influenza	94.097	288	6	10	3	286	2326	2046	8.92e-119	427
27151ad5-114f-4012-9479-2f4ef7077a09	gb:HM370978|Organism:Influenza	98.228	1016	9	7	1	1009	1014	1	0.0	1768
497e7825-f9e1-4002-bf64-cd6f2ea11ca1	gb:HM370972|Organism:Influenza	96.454	282	6	4	1	279	2046	2326	2.40e-129	462
68dd17c4-1d7e-4038-ae09-4e6dbb99302e	gb:HM370979|Organism:Influenza	97.586	870	10	10	1	864	13	877	0.0	1480
5d6dcdc5-6c1c-4896-a3b8-efd3c6e128a2	gb:HM370978|Organism:Influenza	96.813	1004	12	12	1	986	13	1014	0.0	1659
3888bfeb-faa6-4ac0-9b6a-1eac24c738fe	gb:HM370966|Organism:Influenza	95.423	284	4	8	1	277	1939	2220	8.55e-124	444
9e5ceaf2-0a9c-49e5-b0bb-d9c0c15b9b58	gb:HM370979|Organism:Influenza	97.575	866	7	12	5	862	872	13	0.0	1471
dcb9c163-9662-47c7-924c-9f7ac439e2cf	gb:HM370979|Organism:Influenza	97.589	871	13	7	1	869	13	877	0.0	1485
3c333d57-f6cb-49b4-8b2e-500c04d0b046	gb:HM370979|Organism:Influenza	97.691	866	8	9	3	861	873	13	0.0	1478
805d07fc-79e7-409c-b411-8fd410b41bdf	gb:HM370972|Organism:Influenza	94.595	296	10	6	7	299	2338	2046	1.54e-126	453
f3d7f48c-6baf-4188-bba4-e4060d4a057f	gb:HM370979|Organism:Influenza	98.971	875	5	4	101	971	887	13	0.0	1563
86c82dad-f864-4ea4-a9f9-2816aba62d03	gb:HM370972|Organism:Influenza	99.644	281	0	1	1	280	2046	2326	2.36e-144	512
5a733e67-6162-427e-ab36-731119d79a7a	gb:HM370978|Organism:Influenza	99.303	1004	3	4	1	1002	1014	13	0.0	1812
8dc8b0af-2e7d-4218-9813-fc5e6491dc58	gb:HM370979|Organism:Influenza	94.671	882	22	16	1	865	877	4	0.0	1345
44beeb76-4df7-4d88-821f-7d6572c0be60	gb:HM370979|Organism:Influenza	96.330	872	16	13	1	862	877	12	0.0	1419
c9c12bec-3c12-4dd6-bf36-d032d8bebc2c	gb:HM370979|Organism:Influenza	98.152	866	10	5	1	861	877	13	0.0	1506
5c0b6b2c-671d-42e2-ac00-3da9ed297eac	gb:HM370966|Organism:Influenza	97.561	287	7	0	9	295	1934	2220	3.23e-138	492
d70a032c-9404-45ba-9e47-bae285e94991	gb:HM370978|Organism:Influenza	97.716	1007	10	12	1	999	13	1014	0.0	1720
ed0082b2-97fe-4d91-a00e-7c8335daa582	gb:HM370979|Organism:Influenza	93.111	871	31	22	1	850	877	15	0.0	1249
3f95c77d-1936-4894-b329-758e8cd831a5	gb:HM370979|Organism:Influenza	97.583	869	13	7	1	865	877	13	0.0	1482
387c8578-da73-475c-be78-cac4f7b68f9e	gb:HM370972|Organism:Influenza	97.872	282	4	2	1	281	2046	2326	1.43e-136	486
c52b3efb-3d42-41e0-808a-cac4370d70a3	gb:HM370979|Organism:Influenza	98.504	869	7	6	1	867	13	877	0.0	1528
b9d4535c-697b-4c7f-9740-2ba74aa6da5a	gb:HM370979|Organism:Influenza	96.651	866	12	13	3	856	873	13	0.0	1423
a551cbef-1879-482b-81b1-f2c526da06da	gb:HM370978|Organism:Influenza	97.915	1007	11	10	1	1002	13	1014	0.0	1735
a530454f-5a30-41aa-86a7-63b628689c0e	gb:HM370979|Organism:Influenza	96.793	873	8	11	1	861	877	13	0.0	1439
2becbc7c-87a3-4397-b974-f8738e4f7f9a	gb:HM370979|Organism:Influenza	98.041	868	10	5	1	864	13	877	0.0	1502
2455704a-57de-40d4-acac-ce3c1655f79e	gb:HM370979|Organism:Influenza	96.044	809	16	13	90	885	72	877	0.0	1303
78ff861e-fb55-487c-af6b-cf4d5d1e2e31	gb:HM370978|Organism:Influenza	97.311	1004	12	9	1	991	1014	13	0.0	1690
83f24468-8dcf-406e-b192-a98788e09957	gb:HM370979|Organism:Influenza	97.123	869	8	10	1	856	877	13	0.0	1450
4e91f758-c2a5-4b86-a9b8-15bd7ccc6001	gb:HM370966|Organism:Influenza	88.850	287	13	9	1	273	1939	2220	5.29e-91	335
442de2f2-b859-4e46-85c6-af90594aef76	gb:HM370979|Organism:Influenza	95.080	874	25	12	1	865	877	13	0.0	1360
31a3caa6-0729-44da-8bcc-114dcd6b2631	gb:HM370978|Organism:Influenza	97.222	1008	18	10	1	1004	13	1014	0.0	1698
1cc83832-909c-4cf2-8c6f-c3a525ef2514	gb:HM370972|Organism:Influenza	92.334	287	7	10	1	276	2046	2328	8.70e-109	394
7f850ba1-18cc-48de-99b0-8d702d37218f	gb:HM370979|Organism:Influenza	95.647	873	16	19	1	859	877	13	0.0	1382
2138fd2e-9250-455e-a15b-bb1f006a45e2	gb:HM370966|Organism:Influenza	92.937	269	7	9	13	271	1954	2220	6.64e-105	381
3ef0acd1-497d-44ab-92b0-4739a3640a3f	gb:JN683632|Organism:Influenza	88.900	1018	53	45	1	974	1014	13	0.0	1199
c4ba837a-3520-4708-8b37-b50f01232f60	gb:HM370979|Organism:Influenza	94.802	885	19	21	4	873	885	13	0.0	1354
dee070af-589c-44cd-867f-4075bdefb5a0	gb:HM370979|Organism:Influenza	94.643	840	17	22	8	826	833	1	0.0	1277
1f90bad9-e3d4-4f39-a3b9-8d4adc8f71d3	gb:HM370966|Organism:Influenza	97.872	282	3	2	1	279	2220	1939	5.08e-136	484
37b435b6-ab66-4664-a76b-e920ba199249	gb:HM370979|Organism:Influenza	98.847	867	4	4	1	863	877	13	0.0	1541
a83a7548-4716-4436-8061-f67e1114c1e5	gb:HM370979|Organism:Influenza	96.935	881	13	11	1	873	13	887	0.0	1465
0a8ceb09-3b0c-4994-9789-bf820abc505e	gb:HM370979|Organism:Influenza	96.886	867	18	8	1	860	877	13	0.0	1443
6a0067db-da3c-49d9-9745-a68b78e33b19	gb:HM370979|Organism:Influenza	96.667	870	11	14	1	857	13	877	0.0	1430
6e2f86a5-9625-4fc4-ac8c-8017739479fd	gb:HM370979|Organism:Influenza	97.578	867	8	10	4	864	872	13	0.0	1472
1159da95-6e1c-4016-a501-fd275522e207	gb:HM370979|Organism:Influenza	95.320	876	23	15	1	869	877	13	0.0	1375
a9fc1e61-d703-485b-a5bb-25289da46f04	gb:HM370979|Organism:Influenza	96.583	878	5	17	1	866	13	877	0.0	1432
21a67458-1aa1-4db8-903e-e3e5359c3577	gb:HM370979|Organism:Influenza	96.330	872	12	17	1	862	13	874	0.0	1415
ae35da6a-4d94-43a6-bee5-3ab7c1ae17eb	gb:HM370979|Organism:Influenza	93.491	338	7	13	1	333	13	340	5.73e-137	488
2b727453-c9ae-432d-92aa-748fe5e8b836	gb:HM370979|Organism:Influenza	96.900	871	11	7	1	861	13	877	0.0	1445
b7abce76-e6d7-405c-bde1-e22c724adc39	gb:HM370979|Organism:Influenza	99.203	878	2	5	4	879	887	13	0.0	1578
6c0ec698-de48-4648-868c-f90239bc229a	gb:HM370978|Organism:Influenza	97.128	766	13	7	1	762	13	773	0.0	1284
6c0ec698-de48-4648-868c-f90239bc229a	gb:HM370978|Organism:Influenza	97.059	612	5	10	755	1356	609	1	0.0	1018
7c78a4a2-932c-4261-af82-1782a6218837	gb:HM370979|Organism:Influenza	98.621	870	5	6	1	868	13	877	0.0	1533
2178fc67-d9c1-462d-971f-9b5b092c0921	gb:HM370979|Organism:Influenza	97.616	881	11	8	2	876	1	877	0.0	1502
74f13f2e-5c25-4708-a7d6-22acc61a01df	gb:HM370974|Organism:Influenza	98.995	398	0	4	237	631	409	13	0.0	710
74f13f2e-5c25-4708-a7d6-22acc61a01df	gb:HM370974|Organism:Influenza	94.323	229	8	3	16	242	2205	1980	5.95e-94	346
7e5a95df-f854-405b-909b-e72c4b5c4f28	gb:HM370966|Organism:Influenza	94.755	286	7	6	1	282	1939	2220	4.06e-122	438
db995a90-e3e8-4ff9-9f5f-d275875e5c12	gb:HM370978|Organism:Influenza	96.982	994	18	8	11	1001	997	13	0.0	1659
f4df8206-a6ac-49fc-87bd-7ab17c60344f	gb:HM370979|Organism:Influenza	98.155	867	9	4	1	862	13	877	0.0	1506
62dfaad8-8c30-4280-b33b-a2fb79e587ab	gb:HM370966|Organism:Influenza	96.809	282	7	2	1	280	2220	1939	1.43e-131	470
dd2bfa1c-21ca-4f1a-a784-62930a02b5ef	gb:HM370979|Organism:Influenza	91.030	903	37	37	1	884	13	890	0.0	1179
16b7712b-d535-47ad-8a70-bf407dce2ab7	gb:HM370972|Organism:Influenza	98.239	284	2	2	1	282	2046	2328	8.54e-139	494
8ecf615f-9634-4316-8504-e2b9c24f1b83	gb:HM370979|Organism:Influenza	96.457	875	9	18	1	863	877	13	0.0	1424
63695a17-97dc-4e2d-8720-35db834fc3fb	gb:HM370974|Organism:Influenza	97.243	399	6	4	1	396	13	409	0.0	671
63695a17-97dc-4e2d-8720-35db834fc3fb	gb:HM370974|Organism:Influenza	97.817	229	2	2	391	619	1980	2205	7.58e-108	392
eb84d8c6-9587-442c-a6db-8025fa7c82d8	gb:HM370979|Organism:Influenza	93.409	880	23	22	1	860	13	877	0.0	1271
4034d85f-7b25-4ca9-b70e-7231ef369ba1	gb:HM370979|Organism:Influenza	96.796	874	13	13	1	868	877	13	0.0	1445
c11b6b1a-5695-46c1-bd64-5b5a47a34796	gb:HM370979|Organism:Influenza	96.882	866	15	10	1	855	877	13	0.0	1439
20bd3925-ae0b-45de-8cd7-b603a06a17b7	gb:HM370977|Organism:Influenza	95.288	1443	37	25	1	1422	1445	13	0.0	2259
78ec64e0-60c7-4dfd-b7ab-38606cf00c96	gb:HM370966|Organism:Influenza	90.493	284	12	11	1	271	2220	1939	8.65e-99	361
b8774403-c2fa-4fb9-afc2-9e2e0fcbd8bd	gb:HM370979|Organism:Influenza	98.037	866	5	8	2	857	876	13	0.0	1495
55e65fa2-97e0-4c83-baec-18a956dfee4a	gb:HM370978|Organism:Influenza	98.708	1006	4	9	1	1001	1014	13	0.0	1777
51da6452-96d8-4354-b4f1-994dbec6cfcf	gb:HM370979|Organism:Influenza	98.272	868	2	8	1	858	877	13	0.0	1507
12e6f8c9-d478-4c99-8d44-ef3b80c5a143	gb:HM370978|Organism:Influenza	99.104	1004	4	3	1	1001	1014	13	0.0	1799
ba3bf356-cf7a-4726-8ef6-8b2fa49b892c	gb:HM370972|Organism:Influenza	97.183	284	5	3	1	284	2046	2326	8.74e-134	477
d1b5c789-c100-47e4-b88e-411836d2a17e	gb:HM370979|Organism:Influenza	97.816	870	8	10	1	864	877	13	0.0	1491
3ff4512c-9c09-4f56-aeb7-d56e833f8cd3	gb:HM370966|Organism:Influenza	95.789	285	6	5	1	282	1939	2220	4.03e-127	455
c502cde3-a51f-4238-92dc-853b22dda5cf	gb:HM370979|Organism:Influenza	96.782	870	16	9	1	863	877	13	0.0	1441
d21b1ccf-9ed7-4d1e-a590-7dbe98d1da25	gb:HM370979|Organism:Influenza	98.385	867	5	6	1	860	13	877	0.0	1515
d2074530-6c68-4418-8487-e107f0da448e	gb:MF147907|Organism:Influenza	83.398	1030	122	42	1	996	1027	13	0.0	909
7eeff3ac-de1f-4893-9be0-118cf1625989	gb:HM370979|Organism:Influenza	95.857	869	15	13	4	860	872	13	0.0	1386
84fc85ed-28f4-4672-bb69-60c6f79a5f90	gb:HM370979|Organism:Influenza	97.948	877	7	9	5	873	886	13	0.0	1509
dcb231e6-01e1-4e22-8c6d-d39f1a1e9dd9	gb:HM370979|Organism:Influenza	98.048	871	8	7	1	868	13	877	0.0	1506
295599ae-debf-47c9-9a54-e0f7b2330e96	gb:HM370979|Organism:Influenza	98.504	869	8	4	1	868	877	13	0.0	1528
534e1ddb-2601-4bea-aa90-f1b251f67c95	gb:HM370966|Organism:Influenza	98.936	282	3	0	1	282	1939	2220	3.95e-142	505
a7a1dd8d-0c86-4625-8922-a3f14c1b16c2	gb:HM370966|Organism:Influenza	98.227	282	5	0	1	282	1939	2220	8.54e-139	494
aa98236c-2dd6-4029-aa74-90ee4e36a1f6	gb:HM370979|Organism:Influenza	94.533	878	21	22	1	864	877	13	0.0	1330
3159d49e-4f7c-4797-a945-aac768f27391	gb:HM370979|Organism:Influenza	97.811	868	13	6	1	866	877	14	0.0	1493
ffaff884-93fc-4bef-9cf3-a75f90390359	gb:HM370979|Organism:Influenza	95.752	871	24	8	1	864	877	13	0.0	1391
2fedef54-c3f2-4cc3-8f3c-8c035e995560	gb:HM370979|Organism:Influenza	96.441	871	14	13	1	860	13	877	0.0	1421
1fe42ca2-a6fe-4277-bcb3-b88c6a114d93	gb:HM370979|Organism:Influenza	96.782	870	12	13	1	859	13	877	0.0	1437
0d7a7db5-deb3-42a2-8693-d245e67e80ed	gb:MH546999|Organism:Influenza	92.184	870	33	28	4	847	861	1	0.0	1197
0d5feb51-8dfe-4277-b24e-c84fe8b065a9	gb:HM370979|Organism:Influenza	91.364	880	47	27	1	860	877	7	0.0	1177
b3c64607-a0ff-4300-9eaf-ef30888bb39c	gb:HM370979|Organism:Influenza	97.238	869	14	10	1	863	877	13	0.0	1463
47bd1c0b-d022-4312-8661-4e2019cd7f38	gb:HM370979|Organism:Influenza	94.521	876	23	20	1	862	877	13	0.0	1328
c4d3d66e-fdb8-43d5-b00d-f4b015044b03	gb:HM370979|Organism:Influenza	96.785	871	9	12	1	858	877	13	0.0	1435
c8d500e7-c86d-4f5f-be18-14808d595805	gb:HM370979|Organism:Influenza	97.814	869	9	7	1	864	13	876	0.0	1491
9c40be39-f3d4-4505-bd11-ba25f407c59e	gb:HM370979|Organism:Influenza	98.037	866	11	6	1	860	13	878	0.0	1500
04784211-e56c-4709-879f-b3263d500013	gb:HM370979|Organism:Influenza	97.821	872	4	7	1	864	877	13	0.0	1491
8223fce3-555f-4ee2-9e0e-6bea1f12f617	gb:HM370972|Organism:Influenza	98.833	257	1	2	1	255	2328	2072	1.12e-127	457
1ed0b298-afc8-4185-88ce-15fc54e6b602	gb:HM370979|Organism:Influenza	92.832	865	35	19	2	841	875	13	0.0	1229
cdf9187a-7de4-4815-abfc-16e4298bbb7a	gb:HM370979|Organism:Influenza	98.619	869	7	3	1	868	877	13	0.0	1533
5fc00e49-5c7b-4529-9ee6-00917e25a3f9	gb:HM370979|Organism:Influenza	95.972	869	19	14	1	857	13	877	0.0	1397
262e0f45-60d4-4870-8eee-b95edb717e0d	gb:HM370966|Organism:Influenza	97.872	282	4	1	1	280	1939	2220	1.42e-136	486
b83012aa-8a01-4b84-a590-235f19c78d9b	gb:HM370979|Organism:Influenza	95.161	868	27	14	1	856	13	877	0.0	1356
f2de031b-23ec-4e64-8f52-d44d559f00ef	gb:HM370979|Organism:Influenza	95.320	876	23	16	1	869	13	877	0.0	1375
dde4484f-a296-486b-8469-40f84448356a	gb:HM370979|Organism:Influenza	93.127	873	27	24	1	848	877	13	0.0	1249
b207bbc8-91e7-42ab-be3c-891215a4ba97	gb:HM370979|Organism:Influenza	97.931	870	8	8	1	865	877	13	0.0	1498
98d458ef-09d0-4224-b1a5-55a502ca97be	gb:HM370979|Organism:Influenza	97.045	880	15	9	2	873	1	877	0.0	1471
eeb1747b-a0e8-4bd9-a8b0-1c3fb51d1f56	gb:HM370972|Organism:Influenza	94.545	275	9	5	1	272	2046	2317	3.27e-116	420
eeb1747b-a0e8-4bd9-a8b0-1c3fb51d1f56	gb:HM370972|Organism:Influenza	88.278	273	11	15	268	527	2305	2041	2.66e-82	307
ce6d0495-ca5f-4d16-b0bf-1bc2162c7be6	gb:HM370974|Organism:Influenza	96.020	402	3	8	230	623	409	13	0.0	641
ce6d0495-ca5f-4d16-b0bf-1bc2162c7be6	gb:HM370974|Organism:Influenza	93.392	227	10	5	12	235	2204	1980	1.65e-89	331
d3eb03ff-3a77-4bcf-87a6-22f5733f84a2	gb:HM370972|Organism:Influenza	96.479	284	4	6	1	279	2046	2328	6.62e-130	464
e7ee8117-a788-4641-8e4b-727a9485024b	gb:HM370979|Organism:Influenza	94.647	878	19	23	5	864	20	887	0.0	1336
9f8f0a0f-8797-4efb-9f02-40f9800df34f	gb:HM370978|Organism:Influenza	96.535	1010	18	14	1	1001	13	1014	0.0	1655
5047c719-2978-48c7-aa6c-2e32dd8dcecf	gb:HM370979|Organism:Influenza	97.814	869	9	9	1	863	13	877	0.0	1491
