fc0af4c8-fab5-4372-ba9c-abe375f44a4d	gb:KX101202|Organism:Influenza	98.667	75	0	1	1	74	13	87	2.52e-30	132
fc0af4c8-fab5-4372-ba9c-abe375f44a4d	gb:KX101202|Organism:Influenza	97.561	41	1	0	68	108	2180	2220	5.58e-12	71.3
3bbfd48c-49b8-43f2-aeb5-8926706387c7	gb:HM370972|Organism:Influenza	98.592	284	2	2	1	283	2046	2328	5.12e-141	501
f2a887dd-c228-4dee-9445-0515de08a2f1	gb:HM370966|Organism:Influenza	96.140	285	5	5	1	282	2220	1939	8.66e-129	460
43facd4d-bc04-4518-91f4-822b1188658b	gb:HM370975|Organism:Influenza	95.339	236	7	4	165	399	245	13	6.06e-102	372
43facd4d-bc04-4518-91f4-822b1188658b	gb:HM370975|Organism:Influenza	95.480	177	2	2	1	171	1764	1588	1.36e-73	278
cce98750-24f6-48a2-b3eb-c28310eee780	gb:HM370978|Organism:Influenza	87.882	1048	63	48	1	1020	13	1024	0.0	1173
b9665e89-af0a-4bfb-bb9a-2d43178303a7	gb:HM370978|Organism:Influenza	98.310	1006	11	6	1	1004	13	1014	0.0	1759
64319dfe-5d47-443b-89bb-1638aa884c25	gb:HM370979|Organism:Influenza	98.725	863	4	6	10	868	18	877	0.0	1526
ba105643-d768-47ce-b1f3-05a6c1a32fa8	gb:HM370975|Organism:Influenza	95.279	233	7	2	164	392	245	13	2.76e-100	366
ba105643-d768-47ce-b1f3-05a6c1a32fa8	gb:HM370975|Organism:Influenza	92.135	178	5	5	1	170	1764	1588	4.86e-63	243
4be3e70f-c93f-4689-b2e7-a2e5eb17a6ae	gb:HM370972|Organism:Influenza	96.503	286	4	5	1	283	2046	2328	5.20e-131	468
13143e5b-9a8d-4463-9ca5-c29cbd108611	gb:HM370978|Organism:Influenza	95.933	1008	17	18	1	990	13	1014	0.0	1613
96acd948-c5fb-4c26-ac37-f20be0acdebc	gb:HM370966|Organism:Influenza	92.014	288	9	9	1	280	1939	2220	3.18e-108	392
d59a6a44-199b-46a3-bc60-187f1cad6fc8	gb:HM370966|Organism:Influenza	97.527	283	3	2	1	280	2220	1939	6.60e-135	481
3cc78d22-916c-4fc6-9988-d37dd03437fd	gb:HM370966|Organism:Influenza	99.291	282	2	0	1	282	1939	2220	8.48e-144	510
0f283f15-8ddb-4d89-88f1-ffcd70e71204	gb:HM370966|Organism:Influenza	97.887	284	3	2	1	283	2220	1939	3.99e-137	488
d6cb94cf-81d4-40a8-b5aa-7e8bef968761	gb:HM370972|Organism:Influenza	98.168	273	1	3	9	279	2316	2046	1.10e-132	473
e2b9f2ce-8870-4468-adff-090d2225bd37	gb:HM370978|Organism:Influenza	95.050	1010	17	16	1	985	13	1014	0.0	1557
a5c0c529-abd3-4ebb-9a0b-0500c024936a	gb:HM370978|Organism:Influenza	92.388	289	11	11	1	280	741	1027	6.56e-111	401
05aa79d6-0863-4daf-a7b1-4a1b38cf49a1	gb:HM370978|Organism:Influenza	98.117	1009	4	12	1	1001	13	1014	0.0	1744
941b3f19-09df-4887-b019-3488eb0f0475	gb:HM370978|Organism:Influenza	97.515	1006	12	7	1	997	1014	13	0.0	1707
f0b9635c-f46c-4771-a441-934b2cde48c0	gb:HM370972|Organism:Influenza	97.527	283	5	2	1	281	2046	2328	1.84e-135	483
fd80909a-eaa3-42b4-9e64-a30da19451ff	gb:HM370979|Organism:Influenza	97.474	871	9	11	1	864	877	13	0.0	1474
023ef66e-3430-4ac4-b3c2-d7a29a547c8e	gb:HM370966|Organism:Influenza	96.820	283	3	4	1	281	1939	2217	5.52e-131	468
73b8c77e-0716-4dd4-baea-6c34d0de442e	gb:HM370979|Organism:Influenza	97.005	868	10	14	1	858	877	16	0.0	1445
fe7dc21a-1a3e-46db-a752-4186f01899e9	gb:JN706699|Organism:Influenza	88.811	286	18	12	1	276	1939	2220	4.14e-92	339
3ddc6f4f-f446-4fc5-93f9-3e12da278428	gb:HM370972|Organism:Influenza	91.549	284	11	8	4	280	2323	2046	2.48e-104	379
ccd3e51f-3302-41c6-bc17-e3aaa004fd17	gb:HM370972|Organism:Influenza	97.527	283	3	4	1	279	2046	2328	6.57e-135	481
145d59f9-39c4-47e2-8ab2-674660a57dd1	gb:HM370978|Organism:Influenza	95.064	1013	16	24	6	1001	19	1014	0.0	1563
21018357-2a16-4f75-9e70-98d933052f4a	gb:HM370972|Organism:Influenza	95.088	285	6	7	1	279	2328	2046	3.10e-123	442
ddf54eb0-7a1d-43d3-a15d-f7f6cee80137	gb:HM370972|Organism:Influenza	96.364	110	2	1	111	218	2323	2214	2.04e-44	180
bc0e67f6-4e6f-4dbe-a9ea-a280506f0103	gb:HM370978|Organism:Influenza	92.293	1025	37	28	1	998	13	1022	0.0	1417
6d291f20-1e47-4c26-b534-849a1b1be487	gb:HM370978|Organism:Influenza	96.139	1010	19	16	1	999	1014	14	0.0	1631
45e54847-1df5-4d5a-8137-8221108e0217	gb:HM370973|Organism:Influenza	97.778	225	2	2	170	391	237	13	7.61e-106	385
33ee83da-b7a8-4c9a-9226-f01449c63286	gb:HM370979|Organism:Influenza	95.895	877	20	12	6	871	6	877	0.0	1406
012ab3f2-ea8f-4b4e-9469-ca7169a8eed1	gb:HM370978|Organism:Influenza	97.120	1007	11	14	1	994	1014	13	0.0	1683
0c10655e-7ca4-4347-a1b5-18ce8bf5aee8	gb:HM370966|Organism:Influenza	96.842	285	5	4	1	284	2220	1939	1.12e-132	473
945d39ae-30a9-45f0-bc1e-ff5e19942074	gb:HM370962|Organism:Influenza	90.778	553	31	16	5	549	1441	901	0.0	721
d87a0f6c-e8f3-41de-a248-1d6abeda1f30	gb:HM370978|Organism:Influenza	90.570	1018	45	45	1	983	1014	13	0.0	1301
6559b801-1045-4f99-9a4c-c19bc51ff1fb	gb:HM370972|Organism:Influenza	94.118	119	3	3	1	119	2328	2214	3.61e-44	178
df10ef9b-17d7-4805-8f8d-1cee902f4f7f	gb:HM370966|Organism:Influenza	96.842	285	4	5	1	283	1939	2220	4.02e-132	472
23068fda-0954-440c-9880-dd8e8cf542a0	gb:HM370976|Organism:Influenza	95.000	40	1	1	90	129	1565	1527	4.20e-09	62.1
6391713e-c721-4979-9308-bf4ca8bfe0e0	gb:HM370957|Organism:Influenza	99.301	143	1	0	85	227	155	13	2.67e-68	259
20f26c47-3fc0-4cd2-93fe-57093ab1ba0e	gb:HM370978|Organism:Influenza	92.429	1017	35	34	1	990	1014	13	0.0	1413
83eced17-a3f0-417b-b041-406d0bbee04a	gb:KX977871|Organism:Influenza	92.818	181	4	5	1	180	1565	1393	3.06e-66	254
83eced17-a3f0-417b-b041-406d0bbee04a	gb:KX977871|Organism:Influenza	84.393	173	9	10	368	524	1383	1553	3.19e-36	154
5fdcbf96-1220-476d-b67a-15199cffd216	gb:HM370972|Organism:Influenza	96.820	283	3	6	1	277	2046	2328	5.08e-131	468
ae47c30c-36a5-4663-b235-812c06debcbc	gb:HM370978|Organism:Influenza	88.867	1015	41	55	1	965	1014	22	0.0	1182
7652d1bf-6892-4f12-b891-8596f982c06d	gb:HM370978|Organism:Influenza	97.026	269	5	3	1	267	741	1008	1.87e-125	449
89de1e1a-566c-479b-8cbb-7b3614ff0808	gb:HM370977|Organism:Influenza	97.615	545	8	4	4	544	1443	900	0.0	929
0e9f60de-75bd-4965-ba46-1a6ee672b40c	gb:HM370979|Organism:Influenza	97.120	868	11	7	1	857	13	877	0.0	1452
dc671a28-fa5a-4ea0-8a73-574e41d2ea56	gb:HM370972|Organism:Influenza	99.248	266	0	2	1	265	2046	2310	2.35e-134	479
c7622217-8887-4a41-8c93-619af0fb90dd	gb:HM370972|Organism:Influenza	91.901	284	8	9	1	270	2046	2328	1.84e-105	383
7cc5b51d-f621-4b20-b9f4-b20446abe973	gb:HM370972|Organism:Influenza	95.439	285	8	4	1	282	2046	2328	1.88e-125	449
198f8055-9592-4bb4-aefc-3f77e970af7e	gb:KX101202|Organism:Influenza	100.000	75	0	0	2	76	13	87	1.54e-32	139
198f8055-9592-4bb4-aefc-3f77e970af7e	gb:KX101202|Organism:Influenza	97.561	41	1	0	70	110	2180	2220	5.71e-12	71.3
a379e9f8-f7d2-4e0c-a79a-e72197baf177	gb:HM370966|Organism:Influenza	98.936	282	2	1	1	281	2220	1939	1.41e-141	503
c3eaf910-6fa5-46e3-950e-81c2805aeb99	gb:KX101202|Organism:Influenza	100.000	75	0	0	35	109	87	13	1.53e-32	139
463c2744-1232-4996-b188-0b506b1c1180	gb:HM370978|Organism:Influenza	88.929	280	15	14	13	280	739	1014	7.03e-90	331
e15dc6c7-1f00-472e-aed0-8c6171f962f1	gb:HM370972|Organism:Influenza	100.000	116	0	0	1	116	2328	2213	2.67e-55	215
e16be5f9-0aed-42f3-affb-263075550933	gb:HM370957|Organism:Influenza	93.706	143	4	3	1	138	13	155	2.68e-53	209
cc7991c4-dea1-4fa0-b7f4-174cd3d7494d	gb:HM370972|Organism:Influenza	98.214	280	3	2	111	388	2325	2046	5.59e-137	488
0bf4fd81-857c-4c3e-9e5d-1b659bf20b85	gb:HM370976|Organism:Influenza	100.000	30	0	0	1	30	1527	1556	2.05e-08	56.5
50f182db-b132-49b4-8342-92fb4b42a3b9	gb:HM370978|Organism:Influenza	97.197	999	16	11	9	998	19	1014	0.0	1679
4198fc64-f95c-4fc5-b59b-012a9ef000be	gb:HM370979|Organism:Influenza	93.943	875	33	16	1	865	877	13	0.0	1304
8bb9283f-0caa-4500-b373-1f7b13d6d8b1	gb:HM370966|Organism:Influenza	96.503	286	2	6	1	282	2220	1939	1.86e-130	466
13a79757-10b2-4229-9b65-7205f1336d55	gb:MF146209|Organism:Influenza	96.000	75	2	1	1	74	13	87	5.46e-27	121
13a79757-10b2-4229-9b65-7205f1336d55	gb:MF146209|Organism:Influenza	100.000	41	0	0	68	108	2180	2220	1.20e-13	76.8
1b529aca-28ee-45fc-afc5-64d8086d3bd8	gb:KX979005|Organism:Influenza	95.122	82	1	3	1	79	2213	2294	1.15e-28	126
b38a82d0-1a60-49fd-8173-cc33a2935930	gb:HM370978|Organism:Influenza	92.607	257	8	10	1	249	741	994	4.18e-98	359
28a04c93-dfe6-4855-82f8-5f2b06744572	gb:HM370978|Organism:Influenza	98.905	274	1	2	1	272	741	1014	3.82e-137	488
fca338be-337e-4aa8-97a8-52e0c872378b	gb:HM050398|Organism:Influenza	96.000	75	1	2	35	107	87	13	5.40e-27	121
fca338be-337e-4aa8-97a8-52e0c872378b	gb:HM050398|Organism:Influenza	97.561	41	1	0	1	41	2220	2180	5.51e-12	71.3
25cbb85b-5997-47bc-819f-7262c3ed147d	gb:HM370966|Organism:Influenza	97.163	282	6	1	1	280	2220	1939	3.07e-133	475
1591e2be-0cb4-4f2b-ab5c-414330f251a2	gb:HM370966|Organism:Influenza	98.936	282	3	0	1	282	1939	2220	3.95e-142	505
e3b6138c-15c0-411f-897a-4cec4d4ce143	gb:KX101202|Organism:Influenza	100.000	75	0	0	1	75	13	87	1.53e-32	139
e3b6138c-15c0-411f-897a-4cec4d4ce143	gb:KX101202|Organism:Influenza	97.561	41	1	0	69	109	2180	2220	5.65e-12	71.3
8d4f6bf7-b08e-47b9-900a-ceb52caed171	gb:HM370966|Organism:Influenza	97.887	284	2	3	1	282	2220	1939	3.97e-137	488
323e0e2f-6304-404b-b039-1aa4a3f77d95	gb:HM370978|Organism:Influenza	97.527	1011	12	7	1	1007	1014	13	0.0	1716
f2dd886d-d996-42c3-8734-e657c83842ed	gb:HM370972|Organism:Influenza	100.000	283	0	0	1	283	2046	2328	1.09e-147	523
ae1f8702-987d-4170-9349-b2c32fb9d616	gb:HM370978|Organism:Influenza	98.615	1011	2	10	1	1008	1014	13	0.0	1779
4765c881-a215-49d6-a000-c8a9caac439a	gb:JN706699|Organism:Influenza	93.448	290	9	8	1	288	2220	1939	4.18e-117	422
501e8a50-a7a2-497b-bf39-e2272177b013	gb:HM370966|Organism:Influenza	94.035	285	5	8	1	276	2220	1939	3.99e-117	422
c54abf8e-b66a-4e45-bf10-def0a8ab1857	gb:HM370978|Organism:Influenza	98.606	287	0	2	1	283	741	1027	3.96e-142	505
bba516d4-dd27-479d-a21c-0f947fe99589	gb:HM370979|Organism:Influenza	98.847	867	5	5	1	864	13	877	0.0	1541
39446914-33c1-4a54-a44d-126929d0137d	gb:HM370978|Organism:Influenza	88.856	1023	53	44	1	983	1014	13	0.0	1201
5f8e01e2-4ed0-4421-b15e-aec1d9f9428b	gb:HM370957|Organism:Influenza	97.902	143	3	0	1	143	13	155	5.83e-65	248
764d3f52-fbbe-4f4f-aaf6-075a94323106	gb:HM370966|Organism:Influenza	94.014	284	8	4	1	277	1939	2220	4.01e-117	422
df521270-4f16-40c3-9f38-4d87f485a5f7	gb:HM370972|Organism:Influenza	98.944	284	0	3	1	282	2046	2328	3.95e-142	505
d74bb1cc-7065-405a-bd90-fff53d4345e6	gb:HM370966|Organism:Influenza	93.728	287	8	10	1	282	1939	2220	4.09e-117	422
ec6d1904-0f1d-41de-abbf-59f68dd782a2	gb:HM370966|Organism:Influenza	98.582	282	2	2	1	280	2220	1939	6.55e-140	497
a6a4649d-1ec5-4db1-9acf-5032a4a36f8e	gb:HM370978|Organism:Influenza	95.690	1021	25	16	2	1009	1027	13	0.0	1624
43d1f6b7-61c8-4192-a172-7ce6d60c5ea0	gb:HM370972|Organism:Influenza	93.793	290	10	8	1	284	2328	2041	2.55e-119	429
18477a8d-1a98-4ff9-bf4f-3bca8ecc3311	gb:HM370966|Organism:Influenza	97.173	283	5	3	1	281	2220	1939	3.08e-133	475
58778e1c-d377-4add-8452-662b39f63897	gb:HM370966|Organism:Influenza	97.810	274	5	1	14	287	1945	2217	4.13e-132	472
cabf0b07-a2c2-4033-904e-d5d23908049b	gb:HM370966|Organism:Influenza	96.809	282	6	3	1	279	2220	1939	5.12e-131	468
59fd049b-88f7-4c77-a74d-d9cacd639691	gb:HM370966|Organism:Influenza	95.439	285	4	4	1	278	2220	1938	3.12e-124	446
ca7d54b5-40f1-4dc7-aebb-78ccb172caa4	gb:HM370966|Organism:Influenza	94.483	290	7	9	1	289	2220	1939	4.17e-122	438
cea8bd73-7f26-4993-a739-1944fc6a9924	gb:HM370966|Organism:Influenza	98.233	283	3	2	1	282	1939	2220	8.54e-139	494
e6e4379b-95f6-414b-ba6a-d8a17e012d39	gb:HM370978|Organism:Influenza	95.379	1017	24	19	1	1009	1014	13	0.0	1596
5009495a-4603-48cb-ade7-0ec464b69fd8	gb:HM370978|Organism:Influenza	97.815	1007	6	14	1	996	1014	13	0.0	1724
70c75df8-717e-469c-b611-e14a3ff3996c	gb:HM370957|Organism:Influenza	99.306	144	0	1	87	230	155	13	2.71e-68	259
e411a6be-87d2-405d-b01d-fe9e82e2b0f7	gb:HM370979|Organism:Influenza	98.845	866	4	4	1	861	877	13	0.0	1539
440f4297-447c-4cf5-ac89-9697cfdc07e3	gb:HM370978|Organism:Influenza	98.410	1006	7	8	1	1001	1014	13	0.0	1760
b9e00036-06e6-45ae-9b7c-0bf44c821867	gb:MH546990|Organism:Influenza	95.105	1001	31	15	119	1109	18	1010	0.0	1561
17ba224d-101c-4da1-99f2-f53a219f3fcf	gb:HM370978|Organism:Influenza	95.850	1012	18	22	1	998	1014	13	0.0	1615
c5c1de32-0e84-43af-a931-4ae1ad7770d5	gb:HM370966|Organism:Influenza	98.582	282	4	0	1	282	1939	2220	1.84e-140	499
811826da-92e5-4069-84dd-c9b87b2c25da	gb:HM370972|Organism:Influenza	98.940	283	1	2	1	281	2328	2046	3.93e-142	505
46035a5c-f318-4aea-9515-59e8d616b4e4	gb:HM370966|Organism:Influenza	96.466	283	8	2	1	282	2220	1939	1.86e-130	466
e5bd9bd7-b61b-4ddc-bf43-f9854952f0d7	gb:HM370979|Organism:Influenza	98.962	867	4	4	1	864	877	13	0.0	1546
048bb42c-83ea-4f66-bdc3-ab0dc26a4b3d	gb:HM370966|Organism:Influenza	96.875	288	2	5	1	287	1939	2220	3.15e-133	475
daf07300-8187-4501-9a41-f2c8fb28325c	gb:HM370978|Organism:Influenza	95.743	1010	21	19	1	996	1014	13	0.0	1607
95a727f1-2caa-45d2-890b-fd3aeda85c0c	gb:HM370966|Organism:Influenza	93.548	279	10	8	5	279	1946	2220	3.15e-113	409
131b4f49-c38f-41cc-9710-afa1c551b70b	gb:HM370972|Organism:Influenza	100.000	283	0	0	1	283	2328	2046	1.09e-147	523
22959289-8471-44ed-b888-67d182c92c2e	gb:HM370972|Organism:Influenza	100.000	116	0	0	1	116	2328	2213	2.67e-55	215
fb0602c8-f0b9-47f2-913d-da12da92cf6c	gb:HM370978|Organism:Influenza	98.545	275	0	4	1	272	741	1014	1.78e-135	483
3d1d3574-cd60-4732-8b5d-d835c8c1c432	gb:CY180665|Organism:Influenza	92.281	285	7	9	1	273	2203	1922	1.11e-107	390
2702d89b-4f32-4b15-80a4-34e34d5f3710	gb:HM370978|Organism:Influenza	98.509	1006	5	10	1	1000	13	1014	0.0	1766
e1d8f15f-47e9-40d7-9d5f-6bb0db871a40	gb:HM370972|Organism:Influenza	93.559	295	7	3	1	295	2328	2046	2.57e-119	429
48a1b3d3-ca5a-45b6-80b4-6e4c6d65ed23	gb:KX101202|Organism:Influenza	90.909	77	3	3	1	75	13	87	6.95e-21	100
4b2f70ac-8672-4996-82ad-3cebfa0ad1d5	gb:HM370972|Organism:Influenza	97.133	279	4	4	7	281	2050	2328	5.16e-131	468
0704f179-04fe-4533-8843-ce918375d1e7	gb:HM370978|Organism:Influenza	95.721	1005	24	16	6	997	1011	13	0.0	1600
5f2af7b6-8199-4f4e-9d11-e57bfee22ca8	gb:HM370966|Organism:Influenza	97.527	283	6	1	1	283	1939	2220	1.86e-135	483
e39d5d4c-8368-4c74-b679-7fe0339a9008	gb:HM370966|Organism:Influenza	97.872	282	3	3	11	290	1937	2217	5.38e-136	484
9294006c-ee36-4498-b4f1-f47c8292362e	gb:HM370966|Organism:Influenza	95.439	285	10	3	1	285	2220	1939	5.27e-126	451
d1611e98-de71-412c-b933-d000458b06fe	gb:HM370972|Organism:Influenza	89.865	296	14	12	1	285	2328	2038	2.00e-100	366
78c38bf8-a46c-404e-b72c-90d4766a11e1	gb:HM370977|Organism:Influenza	91.610	1466	64	48	3	1432	16	1458	0.0	1971
f8af0f47-ab3e-4dae-bda6-7a78393c4ed2	gb:HM370979|Organism:Influenza	90.794	869	43	29	14	859	867	13	0.0	1127
ac6ce775-7b62-4a7e-94ae-9601eba5ee6a	gb:HM370979|Organism:Influenza	98.389	869	5	7	1	864	13	877	0.0	1519
cdb98294-b6ab-478e-8acb-fc41c340c86f	gb:HM370972|Organism:Influenza	100.000	283	0	0	1	283	2328	2046	1.09e-147	523
ffa575bd-5d5a-41fa-92c0-3913c418cfa1	gb:HM370966|Organism:Influenza	91.156	294	16	9	4	289	2230	1939	1.18e-107	390
1d8a3ce1-b88d-4d69-98ac-17a682173089	gb:KX101202|Organism:Influenza	97.701	87	0	2	35	119	87	1	2.86e-35	148
1d8a3ce1-b88d-4d69-98ac-17a682173089	gb:KX101202|Organism:Influenza	97.561	41	1	0	1	41	2220	2180	6.38e-12	71.3
fd1fa199-c6b8-4061-8a9e-160cfb89f58f	gb:HM370979|Organism:Influenza	96.647	865	19	8	4	861	874	13	0.0	1428
4d16a1d3-7fb4-4104-81f5-3904d1bed285	gb:HM370957|Organism:Influenza	89.103	156	4	4	89	243	144	1	8.34e-45	182
864fcee8-8e7a-4acc-8cff-2a4abb3c2c31	gb:HM370972|Organism:Influenza	97.544	285	4	3	1	284	2046	2328	5.18e-136	484
3ae01065-c967-4167-a445-c056dba25c58	gb:HM370966|Organism:Influenza	95.423	284	3	8	1	276	2220	1939	8.52e-124	444
af603ce4-98c6-4f60-8962-f861b0900bfc	gb:HM370978|Organism:Influenza	94.928	276	4	6	1	268	741	1014	1.07e-117	424
479e3a5b-ab23-4c65-af3f-20002e75427b	gb:HM370972|Organism:Influenza	93.127	291	15	5	1	289	2328	2041	5.25e-117	422
60717c1d-89ed-4c85-a8bc-3c94aa2e48aa	gb:KX101202|Organism:Influenza	100.000	75	0	0	1	75	13	87	1.80e-32	139
ff71146b-412c-4527-8aa9-e56bba192cb6	gb:HM370972|Organism:Influenza	100.000	115	0	0	1	115	2214	2328	9.49e-55	213
34a6376a-daac-4bdd-a354-d05f481942d9	gb:HM370978|Organism:Influenza	92.391	276	10	8	1	267	1014	741	1.82e-105	383
1388bcad-7056-4ae8-b9d3-729dad7212b8	gb:MF146209|Organism:Influenza	97.561	41	1	0	1	41	2220	2180	5.51e-12	71.3
9ced6890-4cc1-489a-8e78-475b7a586e05	gb:KX978623|Organism:Influenza	88.502	287	17	10	1	276	1939	2220	1.92e-90	333
88d16d84-8097-4c60-b1b4-c52be1965b6f	gb:HM370978|Organism:Influenza	97.200	250	5	1	136	383	990	741	5.68e-117	422
02c42d80-acb8-4615-bcb6-64138f581d97	gb:HM370966|Organism:Influenza	98.545	275	4	0	4	278	1946	2220	1.41e-136	486
069ee276-61ba-4b5e-951b-9e8100aec54a	gb:HM370979|Organism:Influenza	98.961	866	5	4	1	863	13	877	0.0	1546
1c65a670-8ee8-4911-9be3-4ba1c9a80a3c	gb:HM370978|Organism:Influenza	97.515	1006	15	9	1	1000	13	1014	0.0	1711
7711f8bf-4723-4762-be0a-682e23811818	gb:CY180104|Organism:Influenza	93.403	288	11	8	1	286	2208	1927	1.49e-116	420
8ae703bb-5a64-4106-867e-b52bf87980e9	gb:HM370978|Organism:Influenza	95.273	275	2	10	5	271	743	1014	3.02e-118	425
7f7e09dd-8698-44a6-a47a-61a97e145c7a	gb:HM370979|Organism:Influenza	86.277	889	72	42	1	863	13	877	0.0	920
d2fa013f-a475-4183-8710-1122cf18cc66	gb:HM370978|Organism:Influenza	94.624	279	8	7	1	277	1014	741	3.10e-118	425
8d50b183-5f41-429e-9595-4417e89e55ab	gb:HM370978|Organism:Influenza	93.772	289	7	7	2	281	1027	741	1.13e-117	424
08cf3977-dcd7-4254-80ce-da6bda77c6d8	gb:HM370972|Organism:Influenza	93.706	286	7	9	1	278	2046	2328	5.21e-116	418
659c8c0a-be8a-4f93-9b8f-e5426269a524	gb:HM370979|Organism:Influenza	97.699	869	11	7	1	864	13	877	0.0	1485
4b2d1df5-e33c-42e1-a8e1-e4a7a1bdddd9	gb:EU982315|Organism:Influenza	89.565	115	7	5	1	111	2201	2314	4.34e-33	141
a2c57e59-8240-4dfb-92ed-6741a89b90aa	gb:HM370973|Organism:Influenza	97.333	225	6	0	1	225	13	237	2.42e-105	383
ae48053a-be82-41b3-9d81-4ba222bcfcc9	gb:HM370979|Organism:Influenza	98.733	868	4	5	1	864	877	13	0.0	1535
420203a0-bc14-4a76-82d0-d276b86b0983	gb:HM370978|Organism:Influenza	96.667	270	1	7	4	266	746	1014	2.94e-123	442
1e37ea1d-24cf-496e-b532-d330bb650fdb	gb:KX101202|Organism:Influenza	97.333	75	0	1	35	107	87	13	1.16e-28	126
1e37ea1d-24cf-496e-b532-d330bb650fdb	gb:KX101202|Organism:Influenza	97.561	41	1	0	1	41	2220	2180	5.51e-12	71.3
5ae59d7c-6f95-4f33-94ed-9e2fd6824a69	gb:HM370966|Organism:Influenza	97.279	294	2	3	4	293	2230	1939	8.91e-139	494
333a2fc6-da19-4fb7-bcfc-fc3fecff0b75	gb:KX101202|Organism:Influenza	100.000	75	0	0	1	75	13	87	1.51e-32	139
af339375-87b0-46d1-a2fb-7edc2a254093	gb:HM370978|Organism:Influenza	95.941	271	7	4	5	271	1011	741	1.40e-121	436
fd011abe-dd43-4edf-8483-1f41154744ad	gb:HM370978|Organism:Influenza	97.140	1014	10	13	1	1007	13	1014	0.0	1694
02926ea2-cea1-48c3-bebf-85e9050114da	gb:HM370972|Organism:Influenza	100.000	283	0	0	1	283	2046	2328	1.09e-147	523
b0f1f1d4-fd12-4650-be1e-f1e787d27094	gb:HM370978|Organism:Influenza	95.273	275	7	5	1	270	741	1014	6.48e-120	431
3e540c2a-18df-48d2-93cf-8b4f7263c07c	gb:HM370978|Organism:Influenza	95.273	275	8	4	1	271	1014	741	6.50e-120	431
8085744e-8f57-4b16-843c-386557d94f7c	gb:HM370966|Organism:Influenza	95.053	283	10	3	16	298	1942	2220	3.32e-123	442
835c0432-c501-45ee-8167-569496f75902	gb:HM370978|Organism:Influenza	97.316	1006	16	11	1	999	13	1014	0.0	1698
63b11484-2507-4b10-b9f7-c9df1379f9e1	gb:HM370957|Organism:Influenza	95.172	145	4	3	1	144	13	155	2.77e-58	226
04597e25-0cbe-4395-8e87-be1916911a67	gb:HM370966|Organism:Influenza	97.880	283	5	1	1	283	1939	2220	3.99e-137	488
fe6599a9-00a5-402a-b2d5-49fd6e66e666	gb:HM370972|Organism:Influenza	97.482	278	2	5	1	275	2328	2053	1.46e-131	470
00b03021-c3df-4659-add2-01696948d714	gb:HM370972|Organism:Influenza	100.000	283	0	0	1	283	2046	2328	1.09e-147	523
8c715dc2-82e4-4063-9fdb-8c06995ab69e	gb:HM370972|Organism:Influenza	94.737	266	2	6	1	255	2046	2310	1.40e-111	403
15b6c5c2-79d8-4014-a126-66829ab1b7ef	gb:KX101202|Organism:Influenza	100.000	66	0	0	43	108	78	13	1.52e-27	122
15b6c5c2-79d8-4014-a126-66829ab1b7ef	gb:KX101202|Organism:Influenza	92.857	42	2	1	1	42	2220	2180	1.21e-08	60.2
20e21b0d-d47e-4b32-9f49-26b9e63d0028	gb:HM370979|Organism:Influenza	93.295	880	30	23	1	865	12	877	0.0	1271
9668c591-587c-4cb1-9684-736d1b95a03c	gb:HM370979|Organism:Influenza	98.387	868	6	7	1	863	877	13	0.0	1519
6cc75e82-8445-4166-b1ac-709f2b5b9604	gb:LC318925|Organism:Influenza	91.026	78	3	3	1	77	2323	2249	2.57e-21	102
90c8d284-dfae-4db6-a5a8-a1e7dd944f71	gb:HM370966|Organism:Influenza	87.546	273	18	13	1	261	2220	1952	5.71e-81	302
5f5f9ba4-e240-4768-a5eb-797e93748db2	gb:HM370966|Organism:Influenza	97.500	280	6	1	18	297	1942	2220	9.06e-134	477
bbc07071-bdf3-4dba-83af-3b3355d5f31d	gb:GU182141|Organism:Influenza	96.226	53	0	2	17	67	11	63	1.80e-16	86.1
17caefaa-0ea3-425a-a798-3f032bf25e65	gb:HM370966|Organism:Influenza	95.439	285	10	3	1	285	1939	2220	5.27e-126	451
134d3310-4f0d-4db0-85b9-32699e067698	gb:HM370979|Organism:Influenza	95.397	869	18	18	1	853	13	875	0.0	1363
c5997aa5-16b5-436e-84b5-97654fd2777c	gb:HM370972|Organism:Influenza	98.592	284	0	3	1	281	2046	2328	1.83e-140	499
d8876878-57ac-4816-b154-d73458dfb3ce	gb:HM370978|Organism:Influenza	98.904	1004	7	3	1	1002	1014	13	0.0	1790
174d4cbf-0269-4501-912b-20dab8763a65	gb:CY117546|Organism:Influenza	92.933	283	12	4	104	379	2208	1927	5.65e-112	405
d094bbd9-6824-4815-aa93-8b45e386aaa4	gb:HM370972|Organism:Influenza	87.597	129	11	3	89	212	2341	2213	7.21e-34	145
c343a0cf-d543-4928-8aef-7e96a8d81eed	gb:KX101202|Organism:Influenza	98.684	76	0	1	36	111	87	13	7.27e-31	134
7648b426-d288-4f01-a06a-586a490fcb4b	gb:HM370972|Organism:Influenza	92.096	291	16	7	6	291	2334	2046	1.53e-111	403
77023365-7f79-4030-a16d-b927b5a78c4e	gb:HM370978|Organism:Influenza	87.943	282	15	15	4	274	1011	738	7.14e-85	315
0f8d95cd-fe78-4a06-a3d3-e7541a063bb1	gb:HM370975|Organism:Influenza	96.567	233	2	4	169	398	245	16	1.01e-104	381
0f8d95cd-fe78-4a06-a3d3-e7541a063bb1	gb:HM370975|Organism:Influenza	96.571	175	3	3	5	177	1759	1586	2.26e-76	287
22144e19-0a03-4b1c-b701-dccf3280bba8	gb:HM370978|Organism:Influenza	98.507	1005	7	7	1	1000	13	1014	0.0	1766
dc62e53d-7791-46fa-abb3-507fcea0ed0f	gb:HM370972|Organism:Influenza	98.587	283	3	1	1	282	2046	2328	1.84e-140	499
111a01c4-4345-4e29-a361-953be72dd310	gb:HM370972|Organism:Influenza	96.831	284	4	3	1	280	2046	2328	1.43e-131	470
4f373ed0-f91f-4e76-a439-24f3cf3896a3	gb:HM370972|Organism:Influenza	97.887	284	3	3	1	282	2328	2046	3.97e-137	488
f5e90574-1466-447a-a75c-e99ee1c0a2c7	gb:HM370957|Organism:Influenza	97.902	143	2	1	81	222	155	13	2.02e-64	246
db456d9a-176e-4a0c-a149-b9e585d248fa	gb:HM370978|Organism:Influenza	95.357	280	5	7	8	280	736	1014	4.03e-122	438
eaeeada4-9d8b-4bfb-9ec5-e0671debbc53	gb:HM370957|Organism:Influenza	97.902	143	1	2	2	142	13	155	2.08e-64	246
0f68659d-9de7-41c4-add4-8aec70d6bf74	gb:HM370972|Organism:Influenza	98.940	283	1	2	1	281	2328	2046	3.93e-142	505
5d514135-16f4-4d8c-98d5-ddf7d5680d6e	gb:HM370966|Organism:Influenza	89.895	287	17	10	1	280	2220	1939	3.23e-98	359
f7b78b43-d581-4146-b5be-285b9c8d8cef	gb:HM370978|Organism:Influenza	93.644	1007	31	26	7	992	19	1013	0.0	1474
d94830fa-171c-4664-ab2d-666e07df2ccc	gb:HM370966|Organism:Influenza	89.437	284	20	9	3	279	1940	2220	1.93e-95	350
ebe60f3c-4b89-4fa7-8712-2f1342ce1f3e	gb:HM370972|Organism:Influenza	99.138	116	0	1	1	115	2328	2213	4.41e-53	207
1709c1a1-ea28-4d94-af78-c5115c095e07	gb:HM370966|Organism:Influenza	97.880	283	4	2	1	282	2220	1939	3.97e-137	488
52a8c9e4-1d59-46d6-b9f1-dc67beb24ee3	gb:HM370972|Organism:Influenza	100.000	283	0	0	1	283	2328	2046	1.09e-147	523
b1ad082c-f13f-41ea-babf-d9cde9528bdf	gb:HM370972|Organism:Influenza	85.000	300	22	17	1	281	2046	2341	2.00e-75	283
aace5655-76e3-439f-9ed4-4e2544c4a5f3	gb:HM370978|Organism:Influenza	94.946	277	7	6	1	273	1014	741	8.48e-119	427
453dfc7a-fdac-4c72-b919-b6e1905a8042	gb:HM370972|Organism:Influenza	98.587	283	3	1	1	282	2328	2046	1.84e-140	499
5d8831d8-756e-49fc-9d84-1a9429c4ea43	gb:HM370979|Organism:Influenza	99.193	867	4	3	1	866	13	877	0.0	1559
d584778f-6435-4d2b-bc2d-de1c34071b48	gb:HM370966|Organism:Influenza	98.955	287	3	0	94	380	1934	2220	9.03e-145	514
ce00335f-2f98-4982-9e98-1eb0030c92cd	gb:HM370957|Organism:Influenza	99.270	137	1	0	1	137	13	149	5.69e-65	248
8e59fa74-559e-4c38-b2d9-56021058d0d7	gb:KX101202|Organism:Influenza	98.507	67	0	1	55	121	78	13	8.16e-26	117
8e59fa74-559e-4c38-b2d9-56021058d0d7	gb:KX101202|Organism:Influenza	91.837	49	3	1	6	54	2227	2180	8.33e-11	67.6
1ebfab9b-9efa-46ce-995c-6988fc3a6def	gb:HM370966|Organism:Influenza	94.158	291	10	5	104	388	2228	1939	2.06e-121	436
b68c0213-9fc8-4ba4-8e3b-89463c299a0c	gb:JN706699|Organism:Influenza	98.940	283	2	1	1	283	1939	2220	3.96e-142	505
43542428-04af-4d25-8c4e-0ec9670e08e7	gb:HM370972|Organism:Influenza	87.241	290	16	14	1	276	2328	2046	9.02e-84	311
44a9371c-e587-4d45-9386-25cb0969cf27	gb:HM370978|Organism:Influenza	94.882	1016	27	21	1	1005	1014	13	0.0	1565
099640f3-2983-44ed-bbd3-166c6967abbc	gb:EU735822|Organism:Influenza	93.349	872	43	11	1	864	1	865	0.0	1275
e63b93df-e961-4b4e-9c9c-b184f33b8e07	gb:CY005911|Organism:Influenza	98.667	75	0	1	1	74	13	87	2.52e-30	132
e63b93df-e961-4b4e-9c9c-b184f33b8e07	gb:CY005911|Organism:Influenza	97.561	41	1	0	68	108	2180	2220	5.58e-12	71.3
b58b9a7c-cf14-4696-93fb-d690a8d72987	gb:HM370979|Organism:Influenza	90.960	885	45	29	102	963	885	13	0.0	1158
7f5d09d8-ff20-4a51-aca0-a5d645f308dc	gb:HM370978|Organism:Influenza	96.825	1008	15	15	1	997	1014	13	0.0	1668
a29feecd-d3cf-4004-9666-e6659374b694	gb:HM370972|Organism:Influenza	90.877	285	11	12	1	272	2046	2328	5.19e-101	368
6aa0d2c2-1e2a-4c16-82d5-4d048431ac5a	gb:HM370972|Organism:Influenza	91.003	289	15	10	5	288	2323	2041	2.63e-104	379
c8e82d02-e455-4376-ab83-ca2ba27d18db	gb:HM370966|Organism:Influenza	91.724	290	8	10	1	282	2220	1939	4.15e-107	388
ac37c3eb-5651-4058-8bc3-84930df2eddf	gb:HM370966|Organism:Influenza	97.527	283	6	1	1	283	2220	1939	1.86e-135	483
5d209c3e-fd24-457f-a8e1-6179a7c4a771	gb:HM370972|Organism:Influenza	98.291	117	1	1	1	117	2328	2213	5.84e-52	204
29c25a72-e7c7-4e5d-8eee-e1b41860b653	gb:HM370979|Organism:Influenza	97.921	866	13	5	1	862	877	13	0.0	1495
c3c59394-f40a-46e4-a271-4da785ef0f70	gb:HM370975|Organism:Influenza	96.996	233	2	3	1	228	13	245	2.16e-106	387
c3c59394-f40a-46e4-a271-4da785ef0f70	gb:HM370975|Organism:Influenza	98.305	177	3	0	222	398	1588	1764	1.34e-83	311
1571bc63-7b9f-4529-8f8b-ff9130fa7722	gb:HM370979|Organism:Influenza	96.322	870	19	11	1	862	877	13	0.0	1417
d67c3de9-6988-44f9-9b45-aa25c5a699cd	gb:HM370972|Organism:Influenza	99.648	284	0	1	1	284	2046	2328	5.11e-146	518
a76d89e6-bf2c-47c5-9e99-0ddc10ad60b2	gb:HM370978|Organism:Influenza	96.364	275	2	8	1	268	1014	741	2.29e-124	446
87c713e1-1f9f-4740-b817-4c87c256427a	gb:HM370966|Organism:Influenza	94.014	284	9	7	4	284	2217	1939	1.15e-117	424
ca99dca1-00db-4850-8ae7-a9b57b20dc47	gb:HM370975|Organism:Influenza	97.967	246	3	2	80	324	1	245	5.74e-118	425
ca99dca1-00db-4850-8ae7-a9b57b20dc47	gb:HM370975|Organism:Influenza	97.175	177	4	1	318	493	1588	1764	1.31e-79	298
ea7d0967-eae4-4a5b-8a72-5c6dc867179b	gb:HM370979|Organism:Influenza	92.290	882	35	28	97	950	1	877	0.0	1221
6ca3a328-fe9b-434b-ba25-eb9fa6a6454f	gb:HM370957|Organism:Influenza	100.000	142	0	0	88	229	154	13	2.08e-69	263
41933ca4-7e2a-40c4-9ff0-f8881b1f5cd2	gb:HM370957|Organism:Influenza	100.000	143	0	0	90	232	155	13	5.87e-70	265
1076f619-dcbd-40fc-b03e-566de7095540	gb:HM370966|Organism:Influenza	96.454	282	9	1	1	281	1939	2220	6.67e-130	464
b773af06-86c0-4cee-a1bb-ad6386ee5e77	gb:HM370978|Organism:Influenza	99.270	274	0	1	1	272	1014	741	8.21e-139	494
2b105ecc-7b9e-43f5-8cf9-ac719dbb4218	gb:HM370972|Organism:Influenza	94.014	284	11	5	1	279	2046	2328	3.12e-118	425
b2c85a63-605c-4b16-9ad5-22c68bff8441	gb:HM370978|Organism:Influenza	96.044	1011	13	17	1	993	1014	13	0.0	1620
8f763593-717f-4821-a2b6-5a7c7f9b125d	gb:HM370973|Organism:Influenza	98.326	239	2	1	2	240	1	237	1.19e-115	418
8f763593-717f-4821-a2b6-5a7c7f9b125d	gb:HM370973|Organism:Influenza	92.000	225	7	6	391	604	237	13	9.65e-82	305
5108b4bb-de49-41f0-a660-6f656041742a	gb:EU980486|Organism:Influenza	92.683	287	10	7	1	279	2030	2313	1.46e-111	403
db213702-5be9-4f9f-b3c3-7fd735f2a580	gb:CY181034|Organism:Influenza	86.316	285	18	16	4	273	2205	1927	1.16e-77	291
fa54eaa1-502b-451e-8d76-78022ba36855	gb:HM370972|Organism:Influenza	96.491	285	6	3	1	283	2046	2328	5.20e-131	468
b7c90ffe-caa4-413f-aebb-4033f4f62fa3	gb:HM370978|Organism:Influenza	90.175	285	14	11	95	371	736	1014	4.36e-98	359
1afcf5ba-fb17-47ae-a99d-d5cc55181706	gb:HM370966|Organism:Influenza	98.233	283	4	1	1	283	1939	2220	8.57e-139	494
713c1572-c35c-4a98-92c0-2313a0f7ea06	gb:HM370978|Organism:Influenza	97.332	1012	12	14	1	1007	1014	13	0.0	1705
94557b86-b1b9-4f3a-adf2-ee6282a2f41a	gb:HM370978|Organism:Influenza	97.515	1006	8	9	1	1000	1014	20	0.0	1703
9b08875a-cb2c-48f2-b1be-bc422dcf3d58	gb:HM370978|Organism:Influenza	96.781	994	17	11	4	985	1024	34	0.0	1644
87f30dc4-a5f7-437e-99f5-d27d63685cc4	gb:KX101202|Organism:Influenza	100.000	68	0	0	139	206	87	20	2.65e-28	126
87f30dc4-a5f7-437e-99f5-d27d63685cc4	gb:KX101202|Organism:Influenza	98.000	50	1	0	96	145	2229	2180	1.25e-16	87.9
bb573496-da68-44e7-a3c7-b13cee6d9b59	gb:HM370978|Organism:Influenza	96.479	284	2	6	1	278	741	1022	2.56e-129	462
e9784ad1-8eb6-47e1-b123-9bed8fb11f45	gb:CY132362|Organism:Influenza	96.000	75	1	1	37	109	75	1	5.53e-27	121
e9784ad1-8eb6-47e1-b123-9bed8fb11f45	gb:CY132362|Organism:Influenza	93.023	43	1	2	1	43	2208	2168	3.40e-09	62.1
32c5e46f-8c5a-4577-9fb0-c4dbcc34553b	gb:HM370979|Organism:Influenza	99.192	866	3	4	1	863	877	13	0.0	1557
1e027411-2872-4296-a139-d663196eaea1	gb:HM370973|Organism:Influenza	98.222	225	1	1	1	222	13	237	1.64e-107	390
9766abba-d728-4d78-b8da-715e6fcff3cc	gb:HM370972|Organism:Influenza	87.063	286	10	16	1	262	2328	2046	6.63e-80	298
3d42d6b1-678d-4de8-acda-a357144261c1	gb:HM370966|Organism:Influenza	94.643	280	10	3	107	381	1941	2220	3.37e-119	429
08e3d8d4-0522-40d7-859f-127eeab92b80	gb:HM370979|Organism:Influenza	97.029	875	11	13	99	960	5	877	0.0	1458
cd45bf24-dfe4-49c3-bb59-cd3ddb5966aa	gb:HM370978|Organism:Influenza	96.154	1014	17	18	1	1004	13	1014	0.0	1637
cb066afa-6220-4424-996b-41fb4260c529	gb:HM370972|Organism:Influenza	95.423	284	9	4	1	281	2046	2328	1.87e-125	449
214c15e2-93d7-4cc2-8beb-81c1378c0e60	gb:HM370979|Organism:Influenza	97.933	871	4	10	1	863	13	877	0.0	1496
5372360f-9aa6-4b48-8abd-60cc9dbb5729	gb:CY101131|Organism:Influenza	96.000	75	0	3	32	105	73	1	1.89e-26	119
5372360f-9aa6-4b48-8abd-60cc9dbb5729	gb:CY101131|Organism:Influenza	94.737	38	2	0	1	38	2208	2171	1.16e-08	60.2
5dd79ab6-7679-434b-bfea-0db42e0d1841	gb:HM370966|Organism:Influenza	95.423	284	5	7	1	278	2220	1939	2.39e-124	446
0a8875f7-0b87-4f3b-b58f-03ecc3dba082	gb:HM370973|Organism:Influenza	98.611	216	1	1	1	214	2328	2113	1.01e-104	381
0a8875f7-0b87-4f3b-b58f-03ecc3dba082	gb:HM370973|Organism:Influenza	98.964	193	1	1	211	402	205	13	1.33e-93	344
05502f07-9910-4494-82ac-e15d3e918184	gb:HM370978|Organism:Influenza	99.102	668	1	4	1	665	1014	349	0.0	1195
05502f07-9910-4494-82ac-e15d3e918184	gb:HM370978|Organism:Influenza	90.402	448	19	21	659	1092	590	1027	2.16e-160	568
60d9c5a8-8eef-43d1-98eb-2a83e3b4132c	gb:JN683632|Organism:Influenza	95.030	1006	25	20	1	985	13	1014	0.0	1557
bb9c2dc2-9131-4db6-8395-0be7b41b97bd	gb:HM370972|Organism:Influenza	94.077	287	5	9	1	279	2046	2328	3.12e-118	425
6858c9f9-57c0-439f-afce-77f0dfa1abc0	gb:HM370978|Organism:Influenza	99.104	1004	3	6	1	1000	1014	13	0.0	1799
e6f0168d-6c41-48fe-8d14-7d0977df9937	gb:HM370972|Organism:Influenza	99.648	284	0	1	1	284	2046	2328	5.11e-146	518
a8fbdc64-e933-466f-af44-5e46d1487e54	gb:HM370978|Organism:Influenza	93.141	277	9	8	1	270	1014	741	6.57e-110	398
2fb16bb3-d2bd-4234-8875-f6f7858cdc38	gb:HM370972|Organism:Influenza	95.439	285	5	7	1	279	2328	2046	6.67e-125	448
8d96b47d-25cd-4413-82c9-66922b95d49a	gb:HM370979|Organism:Influenza	95.167	869	23	17	6	864	872	13	0.0	1354
48715894-e479-4dd9-a5e9-2a8a89a4b755	gb:HM370972|Organism:Influenza	98.246	285	2	2	1	284	2046	2328	2.39e-139	496
c7c846b8-80e7-4daa-8a52-0cc153ef4b31	gb:HM370975|Organism:Influenza	97.095	241	2	2	6	241	5	245	7.93e-111	401
c7c846b8-80e7-4daa-8a52-0cc153ef4b31	gb:HM370975|Organism:Influenza	94.944	178	5	2	235	409	1588	1764	5.02e-73	276
b80f922d-6df8-4196-9a54-6e77a43a6bc7	gb:HM370966|Organism:Influenza	95.789	285	8	4	1	284	1939	2220	1.13e-127	457
ecfc0372-23cb-4e0e-8ba0-c6c5759f0559	gb:KX978116|Organism:Influenza	100.000	45	0	0	3	47	743	787	3.73e-15	84.2
