e01f350a-1a35-47e5-b515-e17c7b098b91	gb:HM370979|Organism:Influenza	93.515	879	26	23	1	868	13	871	0.0	1279
043b2239-8926-46d4-8c1c-0da4186cf6ee	gb:HM370979|Organism:Influenza	96.198	868	18	13	1	856	877	13	0.0	1406
e835ce5d-dcad-4e34-a466-ea2418b55d65	gb:HM370978|Organism:Influenza	95.290	276	5	5	1	270	1014	741	6.48e-120	431
8a679e2c-2c33-47a3-8f39-c6d4deb598a2	gb:HM370978|Organism:Influenza	89.091	110	5	4	1	110	741	843	2.20e-29	130
8a679e2c-2c33-47a3-8f39-c6d4deb598a2	gb:HM370978|Organism:Influenza	94.340	53	2	1	102	154	787	736	2.25e-14	80.5
7d9c6472-1a8a-4ba5-a4c4-ecc7e8067f7b	gb:HM370979|Organism:Influenza	99.307	866	5	1	1	866	877	13	0.0	1565
fcd018eb-47f1-4aac-b9ab-bf451b8442eb	gb:HM370966|Organism:Influenza	94.386	285	5	7	1	277	1939	2220	8.62e-119	427
5791dfc5-20a1-4ebb-b0b7-925cf8d3374a	gb:HM370979|Organism:Influenza	98.039	867	8	9	1	860	13	877	0.0	1498
2874d556-39e1-4aa4-98c1-b886474ac104	gb:HM370979|Organism:Influenza	96.778	869	14	12	1	859	13	877	0.0	1437
2406adb7-1e4b-4f29-852e-24428a69790e	gb:HM370979|Organism:Influenza	95.449	879	15	17	1	868	13	877	0.0	1378
01c8fc41-a7f0-43ad-9218-8a12e6571867	gb:HM370966|Organism:Influenza	98.582	282	2	2	1	280	2220	1939	6.55e-140	497
e4d28211-5ad5-45d0-8acf-57d089d3c63e	gb:HM370966|Organism:Influenza	96.820	283	4	4	1	279	2220	1939	5.12e-131	468
2bb0ca12-cf65-4afa-be93-74762e1fb4b5	gb:HM370979|Organism:Influenza	92.379	866	34	27	117	958	19	876	0.0	1205
91aea5fb-11cc-4173-8c7e-41f2d071bdf9	gb:HM370979|Organism:Influenza	96.083	868	10	18	1	847	13	877	0.0	1393
e1e7e06a-be11-4251-8569-d686719074a0	gb:HM370979|Organism:Influenza	90.847	874	30	35	1	833	13	877	0.0	1125
9b5c122b-d2a3-41d7-b55d-57dbb9fb5858	gb:MH546994|Organism:Influenza	96.466	283	7	3	1	281	1927	2208	6.67e-130	464
c6849d59-aabb-4b9d-8940-1c3806aa0f9e	gb:HM370979|Organism:Influenza	91.173	895	40	31	2	875	1	877	0.0	1179
9d732597-6cc0-4539-8ce9-6353ecf72317	gb:HM370979|Organism:Influenza	92.440	873	37	24	5	860	873	13	0.0	1219
d40c38b4-4647-4503-81c0-5585c0fec496	gb:HM370966|Organism:Influenza	95.760	283	5	4	1	277	2220	1939	1.84e-125	449
c831c9fa-8d49-41ab-9583-e7e013a6fde9	gb:HM370977|Organism:Influenza	96.043	556	13	8	4	550	1455	900	0.0	896
a83a90a7-5106-4a4e-a4a1-20b6609ee378	gb:HM370976|Organism:Influenza	100.000	146	0	0	1	146	13	158	1.46e-71	270
a83a90a7-5106-4a4e-a4a1-20b6609ee378	gb:HM370976|Organism:Influenza	99.200	125	0	1	142	265	1428	1552	1.16e-57	224
fe68af4a-110b-405f-b292-99a3cb343541	gb:HM370979|Organism:Influenza	96.449	873	20	9	1	870	877	13	0.0	1430
10df68d2-8dcf-4b78-8ead-dfbb72fce589	gb:HM370977|Organism:Influenza	95.000	560	15	11	99	649	1455	900	0.0	867
eec88392-3831-4eff-87bf-052e880c7db8	gb:HM370979|Organism:Influenza	95.517	513	8	11	234	733	367	877	0.0	806
37f20966-4452-442d-8a49-ad91664bb613	gb:HM370979|Organism:Influenza	97.583	869	15	4	1	867	877	13	0.0	1483
4f4bd26f-ae7f-475f-8376-79b7a70a4406	gb:HM370979|Organism:Influenza	96.949	885	10	12	1	880	13	885	0.0	1469
64495261-55e1-40d3-a6fa-b2dc3b7a4d73	gb:HM370966|Organism:Influenza	97.163	282	4	1	1	278	2220	1939	1.10e-132	473
7995c9ec-ad9b-480b-a21d-1eb28eb84957	gb:HM370979|Organism:Influenza	97.008	869	9	9	1	856	13	877	0.0	1445
9f032d82-0d50-43d2-ab3b-96fac0d2fb01	gb:JN706699|Organism:Influenza	98.227	282	5	0	1	282	1939	2220	8.54e-139	494
8d75a6d0-4cbc-45f3-9d5e-180bc39c33c6	gb:HM370966|Organism:Influenza	94.700	283	10	4	1	279	1939	2220	5.19e-121	435
ca76d0d3-430f-46c1-8a69-38475dfb54b8	gb:HM370979|Organism:Influenza	94.318	880	23	25	1	868	13	877	0.0	1323
f1068707-68df-4fb9-89a0-9fe07d947821	gb:HM370966|Organism:Influenza	98.227	282	3	2	1	280	1939	2220	3.05e-138	492
719135f2-f4c8-4134-bb60-353a7dc8f1ff	gb:HM370979|Organism:Influenza	97.600	875	9	7	1	873	877	13	0.0	1489
cf389efa-830d-4918-9605-1ff56df79458	gb:HM370979|Organism:Influenza	96.789	872	20	7	1	871	13	877	0.0	1448
b1203aa2-6708-43af-bfc3-30a2191294a1	gb:CY185726|Organism:Influenza	92.473	279	11	6	5	274	2204	1927	1.12e-107	390
70191624-fe1a-4be4-a679-355ff55fdaa9	gb:CY207242|Organism:Influenza	99.167	120	0	1	1	119	2208	2089	4.17e-55	215
2b635c23-58c0-4d40-ab81-d1a89e3e6538	gb:HM370979|Organism:Influenza	98.845	866	6	4	1	863	13	877	0.0	1541
cd02f5a8-422f-403a-b44a-44040e461be1	gb:HM370966|Organism:Influenza	96.113	283	4	4	1	277	2220	1939	3.95e-127	455
77adada4-6ac2-4419-8007-01624ea66b08	gb:HM370966|Organism:Influenza	89.716	282	10	12	13	276	1940	2220	3.20e-93	342
63299f77-8ca4-486d-ae1c-a9f82b1f9ac8	gb:HM370979|Organism:Influenza	92.661	872	25	26	8	853	871	13	0.0	1219
5cc28341-0161-43cb-b119-cfab556adbec	gb:HM370962|Organism:Influenza	96.212	528	11	7	15	534	1427	901	0.0	856
7ee800e8-92cf-4d0d-b7e2-99566ce142c2	gb:HM370966|Organism:Influenza	91.608	286	14	8	14	294	1940	2220	1.56e-106	387
4778ddc7-fa9d-4613-a064-3e8085c730d6	gb:HM370966|Organism:Influenza	98.582	282	2	1	1	280	2220	1939	6.55e-140	497
bd94cafb-c90a-426f-9ddf-1a98eb9a8d97	gb:HM370979|Organism:Influenza	95.481	863	18	16	15	859	872	13	0.0	1358
99c5dc58-dd96-42cc-b95b-300b78720b10	gb:HM370976|Organism:Influenza	98.438	128	0	2	140	266	1426	1552	1.16e-57	224
99c5dc58-dd96-42cc-b95b-300b78720b10	gb:HM370976|Organism:Influenza	94.326	141	5	3	1	139	13	152	2.51e-54	213
d67660ce-f1b6-435a-8e85-625b5b34c86d	gb:HM370979|Organism:Influenza	98.845	866	5	3	1	862	877	13	0.0	1539
86cb6e45-d2bb-4cd6-a868-c2b3bd67c918	gb:HM370979|Organism:Influenza	89.628	887	44	37	1	861	13	877	0.0	1085
e81e231c-d93a-4627-87ef-fd14cfb53e1c	gb:HM370978|Organism:Influenza	98.405	1003	7	8	1	995	13	1014	0.0	1755
952a3571-a733-4a11-b535-a1f41924014b	gb:HM370977|Organism:Influenza	94.414	555	15	13	1	545	1458	910	0.0	839
a07fad38-4e39-4862-99f4-8c0f140b8bb0	gb:HM370979|Organism:Influenza	96.785	871	16	11	1	865	877	13	0.0	1443
e429ffb7-6a17-4c1c-8679-ee4c1814bd4c	gb:HM370966|Organism:Influenza	97.518	282	4	2	1	280	2220	1940	2.38e-134	479
a48f32cc-a8eb-4310-a1bd-5a76358f36ce	gb:HM370979|Organism:Influenza	98.159	869	10	4	1	867	13	877	0.0	1511
4a31f7aa-26c9-4a42-b791-78fed4809b9f	gb:HM370978|Organism:Influenza	93.548	279	10	7	1	276	741	1014	3.11e-113	409
5a934295-de65-489b-bd2e-59cdd8496ec9	gb:KX978623|Organism:Influenza	94.521	292	3	8	1	289	2220	1939	4.17e-122	438
e585a756-9fa8-409c-b2d7-0af0b6434b6a	gb:HM370979|Organism:Influenza	98.258	861	7	6	1	855	13	871	0.0	1500
71e69b91-8b5d-4bc8-bb9a-0e7cb42af8fb	gb:HM370966|Organism:Influenza	96.127	284	5	5	1	280	2220	1939	3.09e-128	459
b6705903-823b-466b-af92-f6cb1ff5dbc8	gb:HM370976|Organism:Influenza	99.310	145	0	1	1	144	14	158	8.70e-69	261
b6705903-823b-466b-af92-f6cb1ff5dbc8	gb:HM370976|Organism:Influenza	97.600	125	1	2	140	262	1428	1552	2.47e-54	213
8d5ef66e-c47f-4e4b-af2b-dbc045e41593	gb:HM370976|Organism:Influenza	97.279	147	3	1	116	262	158	13	6.77e-65	248
8d5ef66e-c47f-4e4b-af2b-dbc045e41593	gb:HM370976|Organism:Influenza	96.000	125	0	4	1	120	1552	1428	6.92e-50	198
b5829785-99fc-41fa-b33f-bed849e64614	gb:HM370966|Organism:Influenza	96.918	292	3	4	8	295	2228	1939	5.40e-136	484
819b48ba-3187-4c04-b48e-6f741ecb4ef4	gb:HM370979|Organism:Influenza	96.416	865	15	11	13	871	23	877	0.0	1411
ec7bebf7-bbb4-4e08-8b60-a0102b84d927	gb:HM370979|Organism:Influenza	96.800	875	11	11	1	868	877	13	0.0	1445
8aa99551-20c0-4ddb-8499-db09df65e796	gb:HM370979|Organism:Influenza	95.814	884	16	12	2	871	1	877	0.0	1408
58649d77-986c-4a0d-b1e7-c3beab5708cb	gb:HM370966|Organism:Influenza	94.178	292	10	7	5	291	2228	1939	4.20e-122	438
197b0ba1-4cfe-4772-b7f5-f4cc7f466af1	gb:HM370966|Organism:Influenza	96.809	282	7	2	1	280	1939	2220	1.43e-131	470
602f3f09-3e22-4caa-84fc-5250ad4740fc	gb:HM370976|Organism:Influenza	98.639	147	1	1	121	267	158	13	3.19e-68	259
602f3f09-3e22-4caa-84fc-5250ad4740fc	gb:HM370976|Organism:Influenza	97.619	126	1	2	1	125	1552	1428	7.01e-55	215
107b59ea-40cd-4509-bc02-362e402a4c0d	gb:HM370979|Organism:Influenza	93.908	870	22	23	1	845	14	877	0.0	1284
470322bf-cc24-4a61-90ae-a4e84009cc43	gb:HM370966|Organism:Influenza	98.592	284	2	2	1	284	2220	1939	5.14e-141	501
d1b1c57b-5f94-4243-8df6-af5a9d710d28	gb:HM370979|Organism:Influenza	95.887	851	16	13	1	840	877	35	0.0	1360
02f8f335-1451-4041-b164-0fe81727a4e9	gb:HM370966|Organism:Influenza	96.466	283	5	4	1	279	1939	2220	2.38e-129	462
5c1479b7-5e8f-4b53-8dc1-2fadf20c93be	gb:HM370976|Organism:Influenza	100.000	146	0	0	1	146	13	158	1.46e-71	270
5c1479b7-5e8f-4b53-8dc1-2fadf20c93be	gb:HM370976|Organism:Influenza	99.194	124	1	0	142	265	1428	1551	1.16e-57	224
3bb49ad2-fbca-460a-b044-8080a1527d8e	gb:HM370966|Organism:Influenza	90.780	282	15	11	4	276	1941	2220	1.90e-100	366
c117fdba-91d8-4538-8a1d-5c37c178381a	gb:HM370979|Organism:Influenza	96.110	874	18	10	6	875	874	13	0.0	1411
05f7ef34-1d5d-4a15-8181-a99eb3cfe2d5	gb:HM370966|Organism:Influenza	97.872	282	4	2	1	280	1939	2220	1.42e-136	486
f3f1e4f2-181b-4dd8-98bf-e336de60b988	gb:HM370979|Organism:Influenza	94.869	877	20	20	1	863	878	13	0.0	1347
94289304-f60c-41b9-8f7b-68532537b2c0	gb:HM370966|Organism:Influenza	98.227	282	2	2	1	279	2220	1939	1.09e-137	490
816cfff9-2f0a-489a-9b93-f9b0d5a8a1d0	gb:HM370966|Organism:Influenza	97.518	282	3	3	4	284	2217	1939	2.41e-134	479
9b852c84-87df-45a9-a6a2-4a87f6c841c3	gb:HM370978|Organism:Influenza	96.146	1012	19	16	1	1002	13	1014	0.0	1635
1e69becb-ffab-4c9c-8db0-8a8010266d05	gb:HM370978|Organism:Influenza	99.005	1005	0	7	1	998	1014	13	0.0	1792
b735ce05-d06f-453d-b781-2fa9b10bf15b	gb:HM370976|Organism:Influenza	99.301	143	1	0	122	264	155	13	3.15e-68	259
b735ce05-d06f-453d-b781-2fa9b10bf15b	gb:HM370976|Organism:Influenza	96.774	124	3	1	1	123	1552	1429	4.17e-52	206
cbb0dc82-63b6-4f75-97fa-0a07357bcf62	gb:HM370974|Organism:Influenza	98.120	798	9	3	228	1019	810	13	0.0	1386
cbb0dc82-63b6-4f75-97fa-0a07357bcf62	gb:HM370974|Organism:Influenza	98.618	217	2	1	18	234	2202	1987	7.44e-105	383
169d2ba4-9eb8-4170-8f89-7cc6f7761bf1	gb:HM370978|Organism:Influenza	95.331	1028	24	20	1	1017	1027	13	0.0	1611
17a5dc15-82fd-47cc-b5c0-f00bcb62a087	gb:HM370966|Organism:Influenza	97.527	283	4	3	1	281	2220	1939	6.62e-135	481
f3dd63e3-a754-47f9-afee-7116037c3c59	gb:HM370966|Organism:Influenza	99.291	282	2	0	1	282	1939	2220	8.48e-144	510
d0d63339-d496-44e9-a35f-23a0d9e940ac	gb:HM370966|Organism:Influenza	97.518	282	6	1	1	281	2220	1939	6.62e-135	481
c15cc333-82bb-4986-91c3-0b99c9d08cb3	gb:HM370978|Organism:Influenza	95.098	306	8	5	114	413	1	305	5.03e-133	475
5e89435b-6a3a-46cb-a090-7d59801e0837	gb:HM370979|Organism:Influenza	95.900	878	18	16	1	866	13	884	0.0	1406
0806076f-a1f9-4821-9e15-cd5985331d7d	gb:HM370979|Organism:Influenza	97.140	874	9	13	1	867	877	13	0.0	1461
d01c2d9a-42de-4a8f-a729-e5719adfc1a3	gb:HM370966|Organism:Influenza	98.227	282	2	2	1	279	1939	2220	1.09e-137	490
6897defc-f542-47fc-8179-38ad6666d5cd	gb:HM370979|Organism:Influenza	92.386	880	34	27	1	861	13	878	0.0	1223
a1bafd2f-2044-465d-8d2e-0bc83a3e5136	gb:HM370979|Organism:Influenza	98.159	869	4	12	1	861	13	877	0.0	1506
7f6aba5b-39b2-4fcb-a291-fc4a6a1b8f87	gb:HM370976|Organism:Influenza	100.000	143	0	0	123	265	155	13	6.81e-70	265
7f6aba5b-39b2-4fcb-a291-fc4a6a1b8f87	gb:HM370976|Organism:Influenza	99.194	124	1	0	1	124	1552	1429	1.16e-57	224
e1c61b2c-c3a3-472d-b1fe-7ab87f0faebc	gb:HM370966|Organism:Influenza	93.640	283	10	3	1	276	2220	1939	1.86e-115	416
7ae895d3-730d-4087-8373-990962986017	gb:HM370966|Organism:Influenza	95.775	284	6	5	1	280	1939	2220	1.44e-126	453
f67f2912-ce99-4fc4-ae3a-23b036a41d00	gb:HM370966|Organism:Influenza	96.831	284	3	5	1	280	2220	1939	1.43e-131	470
322ce706-c61c-47d1-8621-be2dd26e9967	gb:HM370979|Organism:Influenza	98.957	863	4	5	5	865	872	13	0.0	1539
861bcb3d-320b-4ff8-b333-6c18e10e4645	gb:HM370977|Organism:Influenza	91.979	561	25	15	12	563	896	1445	0.0	769
a81a8b23-049f-4057-88b6-feb685483e5b	gb:HM370979|Organism:Influenza	96.220	873	22	9	1	870	877	13	0.0	1419
4b5f928f-4267-4f19-a704-cb3bfc815e62	gb:HM370979|Organism:Influenza	91.986	886	40	25	14	887	879	13	0.0	1214
36dca11f-d673-4b6f-bb50-43771d0fa9f7	gb:HM370979|Organism:Influenza	98.730	866	6	3	6	870	874	13	0.0	1533
bb5a2221-0397-4f58-8722-21225df14f8b	gb:HM370966|Organism:Influenza	92.982	285	11	7	1	279	1939	2220	1.13e-112	407
21a94c56-6bfa-4f3e-b2d7-ddda45f64d1b	gb:JN706699|Organism:Influenza	96.864	287	5	3	9	291	1934	2220	8.90e-134	477
7a499e51-9f0c-4f83-9edc-23cf2865b9c8	gb:HM370978|Organism:Influenza	96.131	1008	10	22	1	985	1014	13	0.0	1618
5a63eb18-9e46-46ac-afec-e89ad807b4c8	gb:HM370966|Organism:Influenza	96.113	283	6	5	1	279	2220	1939	1.11e-127	457
41ef5a6b-2598-4b5a-95bb-57418a42a9c0	gb:HM370978|Organism:Influenza	98.495	997	8	7	5	998	22	1014	0.0	1751
c60f5a0a-140a-45c3-897a-022f42b8e736	gb:HM370966|Organism:Influenza	98.962	289	3	0	1	289	1939	2227	5.32e-146	518
9e478862-2263-4069-8df5-40b955829632	gb:HM370979|Organism:Influenza	98.389	869	7	7	1	866	13	877	0.0	1520
c5241f51-6167-4e18-baaa-ed4f907a049f	gb:HM370966|Organism:Influenza	97.518	282	3	1	1	278	2220	1939	2.35e-134	479
e137be1c-5a04-4613-a79c-959e2847e433	gb:HM370979|Organism:Influenza	95.890	876	16	17	1	867	877	13	0.0	1400
d42af009-b65f-481b-a9ab-1891c7c2f266	gb:HM370979|Organism:Influenza	98.855	873	6	2	1	870	19	890	0.0	1554
af9e0c77-e27f-4042-a87d-1dfe9ac20a5c	gb:HM370978|Organism:Influenza	96.429	280	3	6	1	279	741	1014	3.98e-127	455
eb84f198-30ba-406f-8702-52f35f23cde0	gb:HM370979|Organism:Influenza	95.637	871	17	14	1	856	13	877	0.0	1378
c05ecdf8-cd9e-4844-898d-5be3e130b353	gb:HM370978|Organism:Influenza	95.273	275	5	5	1	268	1014	741	2.31e-119	429
4fca0eeb-a3a8-4b51-b006-3a52dc5903d9	gb:HM370979|Organism:Influenza	97.232	867	8	13	7	862	5	866	0.0	1454
fe8d2f3e-2ade-46f6-b62e-f38dfb3fcaaa	gb:HM370966|Organism:Influenza	97.163	282	5	1	1	279	2220	1939	1.10e-132	473
c05eeafc-f6d5-44a6-a345-19aca5748cfb	gb:HM370979|Organism:Influenza	94.292	876	24	23	1	862	13	876	0.0	1317
6109b265-c3a7-4ee5-9a74-3bf564d885f4	gb:HM370979|Organism:Influenza	98.730	866	6	4	1	862	877	13	0.0	1533
c4b89561-89b5-424c-9d4c-de76e2488445	gb:HM370966|Organism:Influenza	93.357	286	14	5	1	285	1939	2220	5.35e-116	418
41cff1b1-1f61-4cd4-8fe9-355f1e865bda	gb:HM370966|Organism:Influenza	98.936	282	3	0	1	282	2220	1939	3.95e-142	505
d58c43b3-489c-43f5-a1a2-7ff995947f56	gb:HM370976|Organism:Influenza	91.156	147	6	5	1	141	13	158	3.12e-48	193
d58c43b3-489c-43f5-a1a2-7ff995947f56	gb:HM370976|Organism:Influenza	91.200	125	5	4	137	255	1428	1552	6.81e-40	165
54d929e2-c993-4194-ad80-458c741ada55	gb:HM370979|Organism:Influenza	86.429	899	64	49	10	876	885	13	0.0	931
8f4cf325-b7eb-41fd-916c-e4a88fb03df7	gb:HM370966|Organism:Influenza	94.257	296	8	8	98	389	2229	1939	1.23e-123	444
fd8dd685-95de-4c86-8bc5-7001801de2fb	gb:HM370979|Organism:Influenza	99.313	873	5	1	1	872	877	5	0.0	1578
73242827-a9eb-46fc-9fd0-215375be0d1e	gb:HM370966|Organism:Influenza	95.139	288	8	5	8	292	1936	2220	1.95e-125	449
bda142d1-4425-4fe1-a8fd-9c17f66c92be	gb:HM370979|Organism:Influenza	96.560	872	15	11	1	864	877	13	0.0	1430
ed8abc1b-50d6-4af4-9131-0f1b793ca453	gb:HM370966|Organism:Influenza	86.054	294	23	13	4	292	1940	2220	2.08e-80	300
27706a1e-09c0-455a-8e93-f45b6ca06c06	gb:HM370979|Organism:Influenza	98.157	868	7	6	1	862	877	13	0.0	1506
872459b4-5975-4d54-beab-61f289f0ca66	gb:HM370966|Organism:Influenza	96.831	284	4	3	1	281	2220	1939	1.43e-131	470
38810e21-1b23-47ae-a0a4-8dae79f96ddc	gb:HM370979|Organism:Influenza	95.895	877	21	9	6	871	885	13	0.0	1406
919300d5-95a6-4665-a327-d96239a978d8	gb:HM370979|Organism:Influenza	95.096	469	12	9	1	463	890	427	0.0	728
919300d5-95a6-4665-a327-d96239a978d8	gb:HM370979|Organism:Influenza	90.602	415	18	18	455	858	473	877	2.10e-149	531
231882c7-a8f9-4684-9a72-d7124a94d2c5	gb:CY146178|Organism:Influenza	93.662	284	13	5	1	281	1927	2208	1.46e-116	420
713f7630-561b-48d4-bc62-2df1f669e61a	gb:CY005079|Organism:Influenza	82.051	273	37	12	17	281	746	1014	4.43e-57	222
e72be58a-8ca5-4bb0-b7ed-c21bcce16ed1	gb:HM370979|Organism:Influenza	93.523	880	23	19	1	861	877	13	0.0	1279
ba0dbbff-152b-4d67-8d00-76e56e753740	gb:HM370966|Organism:Influenza	98.227	282	3	2	1	280	2220	1939	3.05e-138	492
79fee993-3d98-4ece-a661-e07118231a33	gb:HM370979|Organism:Influenza	98.161	870	6	8	1	865	877	13	0.0	1509
ba652010-3d7c-4a8e-a924-1ab9bc57a160	gb:HM370979|Organism:Influenza	96.207	870	20	12	1	862	13	877	0.0	1411
61eb4ed3-13d6-4661-8039-128416651f4c	gb:HM370978|Organism:Influenza	98.410	1006	8	7	1	1002	13	1014	0.0	1762
6913d1a6-7638-4305-aa0b-5d19d6c34ee5	gb:JN706699|Organism:Influenza	95.745	282	8	3	1	279	1940	2220	5.15e-126	451
cfe65aa9-99de-4fe3-9830-d81f9e3853a1	gb:HM370979|Organism:Influenza	98.085	470	7	2	1	469	13	481	0.0	817
cfe65aa9-99de-4fe3-9830-d81f9e3853a1	gb:HM370979|Organism:Influenza	86.560	439	17	28	464	867	432	1	8.52e-124	446
13cd4009-aa32-4fff-82f9-8ffc05cb76ed	gb:HM370976|Organism:Influenza	98.639	147	0	2	1	146	13	158	3.18e-68	259
13cd4009-aa32-4fff-82f9-8ffc05cb76ed	gb:HM370976|Organism:Influenza	98.400	125	2	0	142	266	1428	1552	1.50e-56	220
d840e9a1-ac89-4088-998e-fa77fbbc7b1f	gb:HM370966|Organism:Influenza	99.291	282	2	0	1	282	1939	2220	8.48e-144	510
b18268a3-e63a-4e87-a405-9746e35b18f4	gb:HM370979|Organism:Influenza	88.965	879	52	34	1	848	877	13	0.0	1044
e033d623-c7e1-48b1-ab1a-6ec2178c68d2	gb:HM370979|Organism:Influenza	93.750	880	32	22	1	868	13	881	0.0	1299
c656d965-7b3b-4fb0-865e-ae2af0d4c4ac	gb:HM370979|Organism:Influenza	92.405	869	31	25	1	838	13	877	0.0	1206
c78ab728-c98a-40e3-8e5f-9dd7f243817f	gb:HM370966|Organism:Influenza	97.150	421	5	4	426	839	1800	2220	0.0	704
c78ab728-c98a-40e3-8e5f-9dd7f243817f	gb:HM370966|Organism:Influenza	95.909	440	4	8	1	430	13	448	0.0	701
7f5005e0-ee99-4222-afba-1647faf1b184	gb:HM370966|Organism:Influenza	99.291	282	2	0	1	282	2220	1939	8.48e-144	510
9c8eee43-b130-492e-b956-f31e2b5c2561	gb:HM370978|Organism:Influenza	94.170	1012	31	20	1	994	1014	13	0.0	1517
6b198eb2-aad7-4349-89fd-9b72a442f34f	gb:HM370978|Organism:Influenza	97.413	1005	11	14	6	1001	1011	13	0.0	1698
794c7fe8-96cf-48c7-9b28-9527c1fcf8a7	gb:HM370976|Organism:Influenza	95.205	146	2	4	1	141	13	158	3.19e-58	226
794c7fe8-96cf-48c7-9b28-9527c1fcf8a7	gb:HM370976|Organism:Influenza	97.638	127	1	1	137	263	1428	1552	1.92e-55	217
1b448ddf-327c-422d-b80d-603da3b2c1e3	gb:HM370962|Organism:Influenza	98.155	542	4	5	16	554	1439	901	0.0	941
4211e55b-10ec-4cd4-8956-ddbccb5b9141	gb:HM370979|Organism:Influenza	97.912	862	6	6	9	860	18	877	0.0	1482
361e0cfc-1f8e-4fb6-b9d9-82a256ffd757	gb:HM370966|Organism:Influenza	97.173	283	6	2	1	282	2220	1939	8.60e-134	477
e99b96bb-1df6-43af-ad55-1e3249dea936	gb:HM370979|Organism:Influenza	96.330	872	11	16	1	858	13	877	0.0	1413
57c51018-51c1-4693-b292-60b1cab2eb85	gb:HM370979|Organism:Influenza	97.696	868	11	7	1	862	13	877	0.0	1483
d7fb3200-4f6e-45e3-b1c8-4e56a2e2c9c7	gb:HM370979|Organism:Influenza	89.683	882	50	31	3	863	874	13	0.0	1086
ec794f6d-c19a-41f1-8f9b-3429464b782d	gb:HM370966|Organism:Influenza	95.341	279	7	4	4	276	2217	1939	3.96e-122	438
508518d9-53ae-45a5-9937-d985c2f499a4	gb:HM370978|Organism:Influenza	97.431	1012	7	16	1	1003	13	1014	0.0	1707
5e0731fe-19e8-4973-9617-a827962acae1	gb:HM370977|Organism:Influenza	96.377	552	12	6	1	550	900	1445	0.0	902
9fd1a30a-c45c-4a18-9f49-e9111ccf8df9	gb:HM370979|Organism:Influenza	95.571	587	3	11	1	577	13	586	0.0	918
9fd1a30a-c45c-4a18-9f49-e9111ccf8df9	gb:HM370979|Organism:Influenza	91.749	303	5	12	611	908	590	877	5.07e-111	403
7725aaa9-4ec1-449a-80c4-1cbcc9a141aa	gb:HM370966|Organism:Influenza	97.518	282	6	1	1	281	2220	1939	6.62e-135	481
92bc5f31-56fc-46ae-b615-2bafcb61ee9c	gb:HM370977|Organism:Influenza	95.683	556	13	7	9	558	895	1445	0.0	883
511bda85-b93d-44a5-9e34-13ffc4ed2b6b	gb:HM370977|Organism:Influenza	98.355	547	6	3	1	545	1445	900	0.0	957
028447bd-facd-4aab-a297-1d01cde90f88	gb:HM370979|Organism:Influenza	97.581	868	16	5	1	866	13	877	0.0	1482
b9c4458a-b0b3-46cc-8e1b-a55f7cf4f78c	gb:HM370966|Organism:Influenza	93.357	286	9	7	1	280	2220	1939	6.79e-115	414
1f85c741-e422-45ed-9ab2-6e87fb1275c4	gb:HM370979|Organism:Influenza	97.814	869	12	7	1	866	877	13	0.0	1493
eee49590-8fd3-4ade-9ab3-caaa1f7b614f	gb:KX977764|Organism:Influenza	83.762	1010	112	40	1	966	1014	13	0.0	909
c9c63dca-4534-47cd-9828-39d04b6eb50b	gb:HM370979|Organism:Influenza	98.507	871	7	4	1	871	877	13	0.0	1531
846051e9-c327-4d1b-827a-c849a81404c4	gb:HM370979|Organism:Influenza	94.495	872	23	16	1	854	877	13	0.0	1321
4a6b61f1-3299-448e-aecf-2b4d8c26d532	gb:HM370978|Organism:Influenza	93.966	1011	16	31	1	975	13	1014	0.0	1487
b1fd2b1e-65d4-4b29-ab42-d334c56f409c	gb:HM370966|Organism:Influenza	96.140	285	5	5	1	283	2220	1940	8.73e-129	460
72de6819-5819-49b0-8c6e-ce27d5ab012f	gb:HM370966|Organism:Influenza	94.386	285	10	5	1	282	2220	1939	1.89e-120	433
02ffbd6c-a622-4498-a52d-864f45fe36b7	gb:HM370979|Organism:Influenza	95.876	873	21	11	1	866	877	13	0.0	1399
cf771758-6c38-472d-aedf-884627225426	gb:HM370979|Organism:Influenza	96.536	866	18	6	1	855	13	877	0.0	1423
3e4cb3b3-09c9-4342-8a0f-3e47313daabf	gb:HM370966|Organism:Influenza	97.527	283	4	3	1	281	2220	1939	6.62e-135	481
6aadeb32-d781-4d2b-8a22-19c56aeac6a6	gb:HM370976|Organism:Influenza	97.945	146	3	0	1	146	13	158	1.49e-66	254
6aadeb32-d781-4d2b-8a22-19c56aeac6a6	gb:HM370976|Organism:Influenza	95.276	127	3	3	142	267	1428	1552	7.06e-50	198
9ec06205-5199-4299-85c1-ea3b0dc59555	gb:HM370979|Organism:Influenza	93.208	854	31	23	17	853	871	28	0.0	1230
8ba46b95-0778-4823-958b-c31e70246e27	gb:HM370979|Organism:Influenza	92.245	864	30	24	16	848	870	13	0.0	1190
6bda8848-f797-415a-a3b3-ab5748a3f5e6	gb:HM370966|Organism:Influenza	97.183	284	4	2	1	282	2220	1939	8.60e-134	477
348d1eb7-3c1c-40f4-9c0b-71abd6c75563	gb:HM370979|Organism:Influenza	97.701	870	9	10	1	864	877	13	0.0	1485
4d979272-082e-455f-93fb-eac7e80ec1be	gb:HM370978|Organism:Influenza	96.421	1006	22	11	1	996	1014	13	0.0	1646
48ba66c5-cafd-4ded-b669-88ef920869d4	gb:HM370977|Organism:Influenza	94.149	564	17	9	1	553	1458	900	0.0	845
c887b7c2-ed82-4e43-bf49-352af869fed6	gb:HM370978|Organism:Influenza	98.556	277	0	3	1	276	741	1014	1.40e-136	486
f2fb956c-3fa3-4c33-87d1-eaa3b2415367	gb:HM370966|Organism:Influenza	97.872	282	5	1	1	281	2220	1939	1.42e-136	486
40bf03a7-e1a6-426d-a956-5d68340534c5	gb:HM370979|Organism:Influenza	94.185	877	26	21	1	864	877	13	0.0	1314
6e6f97fd-365c-4942-a454-23823cd42452	gb:HM370978|Organism:Influenza	98.022	1011	6	12	1	1006	13	1014	0.0	1744
89d41f6a-1dcf-41b5-8d55-fff4f7cd80da	gb:HM370978|Organism:Influenza	96.521	1006	13	17	1	988	13	1014	0.0	1644
f7606d72-be17-4267-a534-fe454927a88e	gb:HM370966|Organism:Influenza	96.140	285	7	4	1	284	1939	2220	2.43e-129	462
99be7d8c-4994-4493-b90f-bd3fd9b261c2	gb:HM370978|Organism:Influenza	89.160	1024	61	42	1	996	13	1014	0.0	1230
fe87473e-80af-454d-bc00-d02221f6ab50	gb:HM370966|Organism:Influenza	97.173	283	4	3	1	280	1939	2220	3.07e-133	475
b1c91355-ce46-44bf-8846-c3fc668b0396	gb:HM370966|Organism:Influenza	96.466	283	6	4	1	280	1939	2220	6.64e-130	464
8e2e5dcb-65e9-458b-9ed2-aa9cd0e5af0b	gb:HM370966|Organism:Influenza	93.127	291	7	12	9	290	1934	2220	7.05e-115	414
f7f9311a-01a7-4bb3-afba-155a16ff4c75	gb:HM370978|Organism:Influenza	97.617	1007	14	8	1	1002	1014	13	0.0	1718
1beb1de3-2175-49a7-95a8-b722f76dfa76	gb:HM370979|Organism:Influenza	97.022	873	8	15	6	871	874	13	0.0	1452
ee37bcfe-f93d-42f3-adf0-2db457f7687f	gb:HM370966|Organism:Influenza	97.173	283	6	2	1	282	1939	2220	8.60e-134	477
e84f8b84-74f8-462d-a972-72b318f419c1	gb:HM370978|Organism:Influenza	98.302	1001	11	6	3	998	15	1014	0.0	1749
1ad99d22-4320-48aa-8e9d-59770d21e966	gb:HM370966|Organism:Influenza	96.127	284	8	3	1	283	1939	2220	8.70e-129	460
52a33ded-6ff7-4a37-9bbf-35c05a615cc2	gb:HM370979|Organism:Influenza	97.569	864	8	9	1	862	13	865	0.0	1467
a2910f60-4abf-4041-b11e-a497facac6d0	gb:HM370966|Organism:Influenza	98.936	282	2	1	1	281	2220	1939	1.41e-141	503
c390b041-8c4b-4ff4-ab0b-03b6e4a46500	gb:HM370979|Organism:Influenza	94.527	877	26	19	1	867	877	13	0.0	1334
66b9c575-6146-442b-9165-e4b7c3d3b649	gb:HM370979|Organism:Influenza	96.560	872	17	12	1	866	877	13	0.0	1432
9497d215-1f0f-411b-be92-8f090f9b0688	gb:HM370966|Organism:Influenza	94.035	285	8	5	1	279	2220	1939	1.12e-117	424
6956b5bd-f419-4a81-a251-3d311f8bf69c	gb:HM370966|Organism:Influenza	97.183	284	5	3	1	283	2220	1939	8.64e-134	477
203685f5-6474-4ebc-bd90-1672d4004b5d	gb:HM370979|Organism:Influenza	94.948	871	23	17	1	856	13	877	0.0	1345
9acf81dd-8356-4797-afca-be96a34a6269	gb:HM370978|Organism:Influenza	93.580	1028	33	26	3	1015	5	1014	0.0	1502
c73f3a29-f6ba-45f0-9341-ce2cefda0447	gb:HM370979|Organism:Influenza	98.622	871	5	6	1	870	877	13	0.0	1535
89114b4a-c00b-42b7-adc2-6912da84f687	gb:HM370964|Organism:Influenza	89.977	878	46	33	1	857	877	21	0.0	1096
2d09f141-626f-4e1d-9468-fe507b473f8b	gb:HM370977|Organism:Influenza	95.612	547	8	10	1	532	1445	900	0.0	863
5eb287c2-9cf1-432b-88dd-ed0a925afd6c	gb:HM370978|Organism:Influenza	97.908	1004	13	7	1	998	13	1014	0.0	1731
2c535ad0-8bf2-4e0b-a699-503f59be1afb	gb:HM370966|Organism:Influenza	95.406	283	8	4	1	279	2220	1939	2.40e-124	446
d84d9dc7-6e64-4936-a5b0-a82f6f77a675	gb:HM370966|Organism:Influenza	94.615	260	8	5	141	398	1965	2220	9.97e-110	398
1a40462a-2602-460a-89f4-93200b6677cd	gb:HM370966|Organism:Influenza	96.809	282	5	4	1	279	2220	1940	5.14e-131	468
7d527f9d-b7af-4213-b363-42bf092a5de1	gb:HM370979|Organism:Influenza	97.359	871	13	8	1	867	13	877	0.0	1472
bb7a59d3-e3d3-44f8-bfdb-a5c55514cf0e	gb:HM370966|Organism:Influenza	98.592	284	2	1	1	284	2220	1939	5.14e-141	501
d2fb207f-aa75-4ac2-bcea-c86ed4c1efa2	gb:HM370979|Organism:Influenza	98.502	868	4	7	1	862	13	877	0.0	1522
c3d616ff-6e5f-4834-add7-562dd10a0f81	gb:HM370966|Organism:Influenza	99.291	282	2	0	1	282	1939	2220	8.48e-144	510
f9b15b11-6335-4cac-ab0e-732927b2ad2a	gb:HM370978|Organism:Influenza	98.207	1004	13	4	1	1001	1014	13	0.0	1749
23ec031d-fa8f-4714-ac68-bf290752d530	gb:HM370976|Organism:Influenza	100.000	125	0	0	140	264	1428	1552	6.88e-60	231
23ec031d-fa8f-4714-ac68-bf290752d530	gb:HM370976|Organism:Influenza	95.205	146	5	2	1	144	13	158	2.47e-59	230
711a886f-46cc-4466-8a27-9c8bd857f729	gb:HM370978|Organism:Influenza	94.701	1019	23	21	1	1005	13	1014	0.0	1554
96fcf5a3-c637-4fac-949e-c4868a6eaf4e	gb:HM370974|Organism:Influenza	98.123	799	10	5	1	795	13	810	0.0	1387
96fcf5a3-c637-4fac-949e-c4868a6eaf4e	gb:HM370974|Organism:Influenza	98.165	218	3	1	791	1008	1989	2205	9.66e-104	379
2c63aaca-5d0e-4bea-a334-351962a3ae01	gb:HM370979|Organism:Influenza	92.377	892	27	29	105	974	885	13	0.0	1232
d02a88e3-3f5d-4dc9-9d90-d0308c16602a	gb:HM370978|Organism:Influenza	99.270	274	0	1	1	272	1014	741	8.21e-139	494
dbd729dd-2f39-4db3-8b1e-4132d3baa9dc	gb:HM370966|Organism:Influenza	97.183	284	2	4	1	280	2220	1939	3.07e-133	475
f3340cf8-a1b2-4068-a58e-ba9f0771a97b	gb:HM370979|Organism:Influenza	95.413	872	23	12	1	862	13	877	0.0	1373
60eab29f-de38-4eff-93ad-fa6eb332a5a5	gb:HM370978|Organism:Influenza	96.436	1010	18	15	1	1000	1014	13	0.0	1650
e48382b0-a551-4114-a5a7-147f9fcd47cd	gb:HM370978|Organism:Influenza	97.810	274	1	3	1	269	1014	741	4.92e-131	468
2ff66b3b-bc36-43b4-98cb-f6942f50ea99	gb:HM370978|Organism:Influenza	99.635	274	1	0	1	274	1014	741	4.95e-141	501
013cf4d2-6fc6-4e57-9d7b-5012478c01fe	gb:HM370978|Organism:Influenza	92.058	277	9	10	1	267	741	1014	8.45e-104	377
67801a35-d901-485b-820c-a2a5f84f1302	gb:HM370966|Organism:Influenza	97.173	283	6	2	1	282	2220	1939	8.60e-134	477
e4f9f31d-80dd-47fc-975b-887d2a4df079	gb:HM370978|Organism:Influenza	96.844	1014	9	17	1	1003	13	1014	0.0	1674
3023194c-03de-4952-8b78-9c1833978a9b	gb:HM370978|Organism:Influenza	98.540	274	2	2	1	272	741	1014	1.78e-135	483
1042103c-ef33-4f4d-8c00-9d1e9dcc9551	gb:HM370979|Organism:Influenza	94.857	875	22	14	1	862	13	877	0.0	1345
6142d0cd-fc5a-4368-9f9c-f29296c9ae60	gb:HM370966|Organism:Influenza	94.257	296	11	4	1	291	1939	2233	6.98e-125	448
f7fb9873-0f46-409e-851d-6fa646782de5	gb:HM370966|Organism:Influenza	98.582	282	3	1	1	281	2220	1939	6.58e-140	497
f433814b-1bb3-4dc1-94c4-30b2bf3cd018	gb:HM370979|Organism:Influenza	97.130	871	16	8	1	868	13	877	0.0	1461
998db5bb-2e67-4074-9223-f67eb26678d4	gb:HM370974|Organism:Influenza	97.291	443	3	5	415	855	448	13	0.0	743
998db5bb-2e67-4074-9223-f67eb26678d4	gb:HM370974|Organism:Influenza	95.854	410	7	8	16	419	2205	1800	0.0	654
9b60f828-ae0b-4ee9-8c83-c9a43a1d7bbc	gb:HM370979|Organism:Influenza	95.853	868	16	15	1	851	877	13	0.0	1386
8e91cd0f-68cd-4aeb-957a-c67ea72035d2	gb:HM370966|Organism:Influenza	96.113	283	4	4	1	277	1939	2220	3.95e-127	455
3670fca0-0253-4c53-9935-17bb9f18d50b	gb:HM370979|Organism:Influenza	98.276	870	8	6	1	868	13	877	0.0	1517
62ea580f-13a8-4e91-9887-ea1c116e479b	gb:HM370966|Organism:Influenza	90.681	279	13	8	1	266	1939	2217	3.09e-98	359
780f2591-6bec-4fd3-b75f-5f453c359d9d	gb:HM370978|Organism:Influenza	96.832	1010	18	12	1	1004	13	1014	0.0	1676
b8bdc5ab-3417-4260-9c78-3abb71beb588	gb:HM370979|Organism:Influenza	98.152	866	2	10	3	858	874	13	0.0	1498
3194d290-a140-4721-9e1f-0915c38cdd36	gb:HM370979|Organism:Influenza	96.128	878	20	12	1	869	877	5	0.0	1421
50290b7a-4be6-441d-aaaa-17daa234481e	gb:HM370979|Organism:Influenza	97.116	867	10	9	1	854	877	13	0.0	1448
bd473ee5-5aab-4a20-8bc6-f6bfbca15179	gb:HM370979|Organism:Influenza	90.722	873	31	40	15	850	872	13	0.0	1118
f7602178-5196-43f1-a190-505d276396ce	gb:HM370979|Organism:Influenza	98.728	865	4	2	1	858	877	13	0.0	1530
cd6bd46b-f165-4ec9-9fef-0d04ee610016	gb:HM370966|Organism:Influenza	90.357	280	20	6	7	281	1943	2220	9.00e-99	361
5b2f3c5d-9743-471b-aa63-d66fd6a7affd	gb:HM370966|Organism:Influenza	98.227	282	4	1	1	281	1939	2220	3.06e-138	492
ee0d5327-9392-49b2-88a3-2faea87a98a5	gb:CY139546|Organism:Influenza	88.803	259	19	8	26	282	1958	2208	3.32e-83	309
aeccd66b-12bb-449a-b45d-68a3e56c06d0	gb:HM370979|Organism:Influenza	98.262	863	10	5	5	865	872	13	0.0	1506
8d770a9c-b481-47d5-a169-ce6582e4db36	gb:HM370979|Organism:Influenza	98.044	869	7	9	1	863	13	877	0.0	1502
aea8a56c-6ddb-4c29-b36a-eed1a783e4dd	gb:HM370974|Organism:Influenza	97.264	804	4	12	229	1020	810	13	0.0	1347
aea8a56c-6ddb-4c29-b36a-eed1a783e4dd	gb:HM370974|Organism:Influenza	95.946	222	4	5	16	235	2205	1987	1.62e-96	355
93a24a90-8cca-4507-8ad7-bb315581fae1	gb:HM370978|Organism:Influenza	93.455	275	7	7	1	270	1014	746	6.62e-110	398
71e38efd-e7ab-4212-a877-03f539b2a3ba	gb:HM370977|Organism:Influenza	96.364	550	10	7	1	544	1445	900	0.0	896
ba9d029d-8062-43bd-8652-bfb7681b2243	gb:HM370966|Organism:Influenza	96.099	282	3	6	1	274	1939	2220	1.40e-126	453
4f743b80-f6dc-4518-921b-3bae5bb7083a	gb:HM370966|Organism:Influenza	96.491	285	4	5	1	282	2220	1939	1.86e-130	466
c59fc548-1f62-4da9-80f6-ebed320b73f8	gb:HM370966|Organism:Influenza	96.809	282	7	2	1	280	1939	2220	1.43e-131	470
6c53810b-bfc4-4137-acd1-85f78522758a	gb:HM370979|Organism:Influenza	95.254	885	18	18	1	873	13	885	0.0	1380
5d226c79-ef57-4b14-b85e-79a3ff854770	gb:HM370979|Organism:Influenza	92.150	879	36	22	1	852	877	5	0.0	1210
bd4bb176-8b41-4164-8a52-86b937d6f05d	gb:HM370978|Organism:Influenza	98.209	1005	10	6	1	1001	1014	14	0.0	1749
dc818aa0-20c1-4d2e-90d0-0cb45f0a4df3	gb:HM370978|Organism:Influenza	92.806	278	8	11	1	270	1014	741	3.06e-108	392
392eeb38-86c1-4075-a756-868bd492624b	gb:HM370962|Organism:Influenza	94.364	550	12	12	5	546	1439	901	0.0	826
d8d95bce-d774-411c-9944-9def96450eca	gb:HM370978|Organism:Influenza	97.418	1007	8	15	1	994	1014	13	0.0	1700
13fbbeb9-5405-4049-86ef-f0784e3945e3	gb:HM370966|Organism:Influenza	95.604	273	4	4	1	268	2220	1951	6.92e-120	431
53fa62b0-1669-4323-ad6f-95073c205ec6	gb:HM370966|Organism:Influenza	93.103	290	9	7	98	380	2224	1939	9.42e-115	414
c537de5a-1738-4174-b9f9-313185af91ac	gb:JN706699|Organism:Influenza	96.466	283	5	4	1	279	1939	2220	2.38e-129	462
b44205ca-3f45-4019-ad4f-4a6ea5de547e	gb:HM370979|Organism:Influenza	97.073	854	8	12	1	844	13	859	0.0	1423
4a45a74c-6e4d-4a8e-a502-03e0479e837b	gb:HM370966|Organism:Influenza	85.714	294	23	15	1	281	1939	2226	3.44e-78	292
eb70b4d7-919b-472d-a94b-3e8cb1284404	gb:HM370966|Organism:Influenza	95.439	285	6	7	1	281	2220	1939	6.72e-125	448
d3d331af-37dc-4d30-a991-b690e8e4a596	gb:HM370979|Organism:Influenza	99.535	860	2	2	4	861	872	13	0.0	1565
987ccfdb-e72c-45f2-9f09-7f472e3d3e6c	gb:HM370966|Organism:Influenza	98.233	283	4	1	1	283	1939	2220	8.57e-139	494
6b5e5bb8-349d-422d-b7aa-0c09acf64b43	gb:HM370978|Organism:Influenza	98.540	274	2	1	1	272	1014	741	1.78e-135	483
96fb9591-8d0f-46d9-b303-59c16a8ee5c9	gb:HM370979|Organism:Influenza	98.270	867	5	6	1	859	877	13	0.0	1509
ec9d9732-32c5-476e-a322-3fb0b21e1b1e	gb:HM370979|Organism:Influenza	93.721	876	28	23	1	860	13	877	0.0	1288
4362060e-70a4-4203-bef7-25871567ea4e	gb:HM370978|Organism:Influenza	95.941	1010	17	21	4	995	11	1014	0.0	1616
a6c4c3b8-527b-4fdc-b8f5-7e4a70cd863a	gb:HM370964|Organism:Influenza	88.826	886	50	43	5	865	874	13	0.0	1042
2c5e3ac3-d518-4d0a-95ec-addd07f77095	gb:HM370978|Organism:Influenza	96.282	1022	16	15	9	1020	1022	13	0.0	1657
66857992-ccf8-4d6b-8b53-8e567611644b	gb:HM370976|Organism:Influenza	95.205	146	3	4	1	142	13	158	8.82e-59	228
66857992-ccf8-4d6b-8b53-8e567611644b	gb:HM370976|Organism:Influenza	94.531	128	1	5	138	262	1428	1552	3.22e-48	193
05a3b291-bb45-46a9-943f-1789a7d67f0a	gb:HM370966|Organism:Influenza	97.872	282	4	1	1	280	1939	2220	1.42e-136	486
f3eeb986-a381-4e31-8ef6-8367b0b8360e	gb:HM370978|Organism:Influenza	96.014	276	1	8	1	268	1014	741	1.07e-122	440
66eaf2d6-5b6a-4cd5-b1a3-6ff95924dc57	gb:HM370979|Organism:Influenza	96.556	871	13	13	1	860	877	13	0.0	1426
06fee35b-703c-432a-8c3e-3d8ee6703e2f	gb:HM370979|Organism:Influenza	97.921	866	4	11	15	873	871	13	0.0	1487
76ed902e-156d-4fc9-ac4f-9af4b49e4af0	gb:HM370979|Organism:Influenza	94.124	868	22	19	1	842	13	877	0.0	1293
d0cc7354-c5d9-4aa5-b917-b77bc8da9a90	gb:HM370978|Organism:Influenza	94.139	273	8	6	13	278	742	1013	3.16e-113	409
29c70bc1-f7ca-4479-9fac-834c8aece33f	gb:CY180433|Organism:Influenza	85.866	283	15	15	1	259	2208	1927	8.53e-74	278
86a61f4c-103a-48bc-a2e7-d68493c7b98a	gb:HM370979|Organism:Influenza	93.461	887	27	26	1	878	877	13	0.0	1288
332b7001-d77b-4082-b03a-900268bc0058	gb:HM370976|Organism:Influenza	96.667	90	2	1	76	164	1467	1556	4.41e-35	148
9536b89d-2d88-4e70-a20b-a0d4a25a70c8	gb:HM370966|Organism:Influenza	96.429	280	6	4	5	281	1942	2220	3.10e-128	459
6d002baa-75a6-4435-b464-069a55be35b6	gb:HM370979|Organism:Influenza	97.229	866	15	9	5	867	872	13	0.0	1458
c536669f-8c89-4dc0-86df-7f25acf34467	gb:HM370966|Organism:Influenza	96.454	282	6	3	1	278	2220	1939	2.37e-129	462
99364355-f017-4044-b0cc-d7950a056602	gb:HM370978|Organism:Influenza	98.903	1003	6	5	1	999	1014	13	0.0	1786
351915df-5360-44db-8ac1-013e6c06d206	gb:HM370966|Organism:Influenza	97.872	282	6	0	1	282	1939	2220	3.97e-137	488
cc1ad16b-b0a9-44c4-b987-21c36b78246f	gb:HM370962|Organism:Influenza	96.130	491	14	4	3	492	1439	953	0.0	797
cc1ad16b-b0a9-44c4-b987-21c36b78246f	gb:HM370962|Organism:Influenza	98.182	55	0	1	527	581	957	904	2.22e-18	95.3
34197608-208c-45f3-9416-2758b098ecd2	gb:HM370979|Organism:Influenza	94.564	883	21	18	1	874	13	877	0.0	1339
ab60ce58-7bfc-46b1-b3be-b9b140363187	gb:CY102153|Organism:Influenza	90.345	290	14	10	1	284	2208	1927	5.44e-101	368
b9181b3a-7992-458c-9f91-9376767c54bd	gb:HM370979|Organism:Influenza	96.445	872	16	13	1	864	877	13	0.0	1424
79e7f394-b8f1-4f52-8536-8fcc651ef8dd	gb:HM370966|Organism:Influenza	98.227	282	4	1	1	281	1939	2220	3.06e-138	492
15e7f220-a0ae-4f75-80cd-86e2cee4b511	gb:HM370966|Organism:Influenza	94.326	282	15	1	1	281	2220	1939	6.77e-120	431
721cf0ea-6b0c-4862-81b3-3ea77ad1950d	gb:HM370978|Organism:Influenza	96.713	1004	17	10	1	990	13	1014	0.0	1657
8183ec1d-8999-4d70-8b8d-6bd2525e0423	gb:HM370974|Organism:Influenza	95.492	244	5	5	1	239	1939	2181	6.99e-106	385
8183ec1d-8999-4d70-8b8d-6bd2525e0423	gb:HM370974|Organism:Influenza	100.000	55	0	0	232	286	1988	1934	7.88e-21	102
4e0a6d21-8391-4ea9-9c8d-e2f5f67fce03	gb:HM370966|Organism:Influenza	94.464	289	7	8	1	287	1939	2220	1.49e-121	436
34e4e1b8-bb72-4dde-9be6-00392c26ebb6	gb:HM370966|Organism:Influenza	98.233	283	4	1	1	283	2220	1939	8.57e-139	494
45438e80-ffc6-41aa-a61b-12b064ed0acb	gb:HM370979|Organism:Influenza	99.307	866	5	1	1	866	877	13	0.0	1565
fcc1035f-e51f-4b56-b11d-07418914fee3	gb:HM370966|Organism:Influenza	91.786	280	11	11	13	282	1940	2217	2.52e-104	379
5c31bd30-4bf0-416e-aefa-916bd263ad45	gb:HM370979|Organism:Influenza	97.704	871	9	8	1	866	13	877	0.0	1487
6aac0fe8-1bf4-475f-a223-6ddac03796ab	gb:HM370966|Organism:Influenza	97.880	283	3	3	1	281	1939	2220	1.42e-136	486
f9f78307-de8d-454c-970d-44a35f702e82	gb:HM370976|Organism:Influenza	94.483	145	4	4	122	262	157	13	1.48e-56	220
f9f78307-de8d-454c-970d-44a35f702e82	gb:HM370976|Organism:Influenza	92.188	128	5	5	1	125	1552	1427	3.24e-43	176
baab7738-6fd4-4a7f-8894-9965b3f707d5	gb:HM370978|Organism:Influenza	95.945	1011	19	19	1	998	1014	13	0.0	1620
60a405aa-e3c3-4970-8689-bc7d5a9f106c	gb:CY004581|Organism:Influenza	90.034	291	16	11	1	287	2220	1939	7.12e-100	364
5253c297-aa8c-48b7-aafe-af630898f30c	gb:HM370976|Organism:Influenza	100.000	146	0	0	121	266	158	13	1.47e-71	270
5253c297-aa8c-48b7-aafe-af630898f30c	gb:HM370976|Organism:Influenza	100.000	125	0	0	1	125	1552	1428	6.93e-60	231
1cb5b75f-8e7f-467d-b1bf-6b39825395d0	gb:HM370979|Organism:Influenza	95.449	879	18	18	1	871	877	13	0.0	1382
a0602efc-5d2e-4b52-b13e-13bc661070b7	gb:MH546994|Organism:Influenza	96.466	283	6	3	1	280	2208	1927	6.64e-130	464
9214bd59-4cab-4504-a4e4-8618b804626a	gb:HM370979|Organism:Influenza	95.900	878	13	15	1	868	13	877	0.0	1400
eda2d4ee-0840-4b1c-b62d-c9e333fd199f	gb:HM370979|Organism:Influenza	96.659	868	20	7	1	862	877	13	0.0	1434
ea71103f-9b9c-4e01-b71f-afb895b3eae0	gb:HM370966|Organism:Influenza	97.880	283	3	3	1	281	1939	2220	1.42e-136	486
993cde30-e7cd-4474-82cb-8c05d424f284	gb:HM370979|Organism:Influenza	96.096	871	15	14	5	860	871	5	0.0	1402
6f356ba4-1f0c-4d1e-a58d-9fe2cecf45c2	gb:HM370978|Organism:Influenza	96.230	1008	24	12	1	1000	13	1014	0.0	1639
e0e9173a-a208-433f-b697-b4311481cecb	gb:HM370978|Organism:Influenza	87.852	1029	62	48	1	993	13	1014	0.0	1149
54abce3d-0866-40c0-8b31-7640bcbca53e	gb:HM370976|Organism:Influenza	90.132	152	10	5	1	150	13	161	3.34e-48	193
54abce3d-0866-40c0-8b31-7640bcbca53e	gb:HM370976|Organism:Influenza	94.167	120	4	2	152	271	1436	1552	2.60e-44	180
24739b9b-a5c1-4378-801d-4185bb35a7d6	gb:HM370966|Organism:Influenza	95.105	286	6	6	1	282	2220	1939	8.72e-124	444
59c32854-9208-4acd-841e-bc4230ad2076	gb:HM370966|Organism:Influenza	95.105	286	5	8	1	281	1939	2220	3.13e-123	442
849fa35f-a590-44cc-a1f3-51750fbb1491	gb:HM370966|Organism:Influenza	95.370	432	10	8	2	426	2228	1800	0.0	678
849fa35f-a590-44cc-a1f3-51750fbb1491	gb:HM370966|Organism:Influenza	92.449	437	15	7	422	841	448	13	9.25e-173	608
6b5f1f68-1b4c-48f2-b8d7-3862b17b45c3	gb:HM370966|Organism:Influenza	95.035	282	8	6	4	281	2218	1939	4.04e-122	438
eee48b7a-be91-436f-84ef-3f198cf6f3a3	gb:HM370978|Organism:Influenza	93.281	253	4	10	99	339	737	988	1.21e-98	361
bb671580-e2c2-4d1c-8df7-2f1b89a04e1c	gb:HM370978|Organism:Influenza	95.545	1010	20	20	1	993	13	1014	0.0	1592
71c06517-f519-44dc-94cc-4665a3991886	gb:HM370976|Organism:Influenza	99.320	147	0	1	1	147	13	158	6.72e-70	265
71c06517-f519-44dc-94cc-4665a3991886	gb:HM370976|Organism:Influenza	85.156	128	8	6	143	262	1428	1552	1.54e-26	121
0809382a-6210-46bd-b4eb-f6382ebc8a15	gb:HM370978|Organism:Influenza	97.324	1009	8	17	1	997	13	1014	0.0	1696
60f1881e-a87b-48bc-89f2-88aff41064b7	gb:HM370962|Organism:Influenza	95.564	541	16	8	1	534	902	1441	0.0	859
daae5bf8-e660-4468-9655-1f75293ba644	gb:HM370979|Organism:Influenza	97.347	867	9	11	1	855	13	877	0.0	1461
6314f536-605d-454b-a04f-305ec51f9622	gb:HM370979|Organism:Influenza	97.926	868	5	8	1	858	13	877	0.0	1491
17c617e0-ffa6-4635-aa91-434a25ae0837	gb:HM370976|Organism:Influenza	95.620	137	4	2	6	142	1562	1428	5.80e-56	219
17c617e0-ffa6-4635-aa91-434a25ae0837	gb:HM370976|Organism:Influenza	93.289	149	5	5	138	284	158	13	7.50e-55	215
9cd03f64-0321-4f8f-ab42-b72a01c2c207	gb:HM370966|Organism:Influenza	98.944	284	3	0	97	380	1937	2220	4.20e-143	508
5be6f62c-3aa0-4bb4-b8ad-5602915b3477	gb:HM370978|Organism:Influenza	98.545	275	1	3	1	273	741	1014	1.78e-135	483
493f65ed-9b9a-4d10-9ec5-d2c490d45d22	gb:HM370966|Organism:Influenza	91.519	283	10	11	1	270	2220	1939	8.56e-104	377
31d03e25-ec3e-4483-ae2c-01d451fdee89	gb:HM370966|Organism:Influenza	97.887	284	3	3	1	283	2220	1939	3.99e-137	488
8c91bd32-c411-4e40-b7f3-1c9bf9de60ac	gb:HM370979|Organism:Influenza	93.096	869	33	22	18	868	872	13	0.0	1247
5cc395c4-0d9b-4288-9f19-be699bcc06ee	gb:HM370979|Organism:Influenza	99.191	865	5	2	1	863	13	877	0.0	1557
86188590-46fb-436e-88af-6cd4d9d1838f	gb:HM370977|Organism:Influenza	97.278	551	8	5	1	548	900	1446	0.0	928
b2cf8678-73ac-4e72-bf9a-bc0661ae87f7	gb:HM370966|Organism:Influenza	96.831	284	6	2	1	283	1939	2220	4.02e-132	472
775e9123-bf28-4de7-b6ba-30f79577b88b	gb:HM370966|Organism:Influenza	98.940	283	2	1	1	283	1939	2220	3.96e-142	505
626dc00d-36d0-4e2e-bc17-0436195c7854	gb:HM370966|Organism:Influenza	94.000	300	11	7	1	298	1939	2233	7.13e-125	448
d8d3d4d5-fe55-49ba-970a-1966701fe0c4	gb:HM370979|Organism:Influenza	97.926	868	6	10	1	859	13	877	0.0	1493
1ed4afc9-ba9b-41e0-af7d-e94b6adb412b	gb:HM370979|Organism:Influenza	91.580	867	30	34	25	869	858	13	0.0	1157
6436cda6-7f89-4850-89fe-d6a0c619b2a0	gb:HM370979|Organism:Influenza	95.886	875	14	15	1	863	13	877	0.0	1397
a979060c-4b41-4517-9e70-ebb57359c596	gb:HM370977|Organism:Influenza	98.532	545	6	2	1	544	900	1443	0.0	961
55ed96b1-39fd-4bfc-9ae3-827062051baf	gb:HM370979|Organism:Influenza	96.778	869	9	12	6	863	873	13	0.0	1432
f374108f-4abc-4551-97a9-ab2fc6f0868b	gb:HM370966|Organism:Influenza	95.439	285	7	5	1	282	2220	1939	1.88e-125	449
e6d4edd6-5797-4919-98c5-90d639743b4d	gb:HM370976|Organism:Influenza	96.454	141	2	3	1	141	13	150	2.51e-59	230
e6d4edd6-5797-4919-98c5-90d639743b4d	gb:HM370976|Organism:Influenza	98.387	124	2	0	145	268	1429	1552	5.44e-56	219
46c48d6c-480f-4f77-8182-f38811f9ce6a	gb:HM370979|Organism:Influenza	98.044	869	8	7	1	864	13	877	0.0	1502
fb6f4deb-6d46-47a8-a54b-abfff99ee629	gb:HM370974|Organism:Influenza	96.977	430	7	4	9	432	19	448	0.0	717
fb6f4deb-6d46-47a8-a54b-abfff99ee629	gb:HM370974|Organism:Influenza	96.145	415	7	5	426	838	1798	2205	0.0	669
f7ff9c79-2692-43d6-beb5-809dbefb6aab	gb:HM370979|Organism:Influenza	97.814	869	11	7	1	865	877	13	0.0	1493
647ae922-4fc0-44ed-9c02-9de5438a08f0	gb:HM370966|Organism:Influenza	98.233	283	3	2	1	282	2220	1939	8.54e-139	494
a7ab82b0-b424-4eac-bca0-9eaaea6ccdc2	gb:HM370978|Organism:Influenza	97.042	710	7	9	95	797	1027	325	0.0	1182
a7ab82b0-b424-4eac-bca0-9eaaea6ccdc2	gb:HM370978|Organism:Influenza	92.208	308	7	10	787	1088	718	1014	6.06e-116	420
a6e696ae-402d-4a31-98b7-73766b0094f6	gb:HM370979|Organism:Influenza	95.178	871	19	21	1	854	13	877	0.0	1354
a42749d4-7c2a-407a-b929-bd43bc5bd814	gb:HM370978|Organism:Influenza	94.203	276	7	7	1	269	1014	741	2.34e-114	412
8b1b9fa1-7f3e-4b8b-bb49-6bf4e3df1bc1	gb:JN706699|Organism:Influenza	97.518	282	3	4	2	280	1940	2220	2.37e-134	479
26913bfe-b45e-4679-855f-70768aa3faf0	gb:HM370976|Organism:Influenza	97.059	136	4	0	1	136	13	148	2.21e-59	230
cca8403e-3210-44a1-aeb6-28ab404aaf35	gb:KT361930|Organism:Influenza	86.283	226	20	6	1	216	849	625	5.32e-61	235
f89c6d90-6eb3-4e7c-8bfc-c38bf270110f	gb:HM370978|Organism:Influenza	95.858	1014	19	16	1	1003	1014	13	0.0	1618
0dd4ee80-59ac-4c20-9c06-3b030b2d7042	gb:HM370978|Organism:Influenza	94.565	276	5	8	1	268	1014	741	5.00e-116	418
884e2fd6-3ec5-4190-9173-1eb20969fbf8	gb:HM370966|Organism:Influenza	94.966	298	9	6	1	295	1939	2233	2.53e-129	462
eda36c82-edbe-4a64-b0af-9bad4b39da3f	gb:HM370978|Organism:Influenza	97.913	1006	6	11	1	995	13	1014	0.0	1727
9d4a42a6-ea7a-4f48-9f43-9d669cd6736d	gb:HM370966|Organism:Influenza	96.113	283	5	5	1	278	2220	1939	1.10e-127	457
bae7cc32-cb80-46a3-b18a-e1fee471a4db	gb:HM370966|Organism:Influenza	98.582	282	3	1	1	281	1939	2220	6.58e-140	497
2b8413a5-06e4-4a1f-8de2-ace49244452f	gb:HM370966|Organism:Influenza	96.479	284	5	4	1	281	1939	2220	6.67e-130	464
acdf17e1-21f8-4ad3-a301-5eee2290592c	gb:HM370979|Organism:Influenza	99.515	619	0	3	1	617	13	630	0.0	1123
acdf17e1-21f8-4ad3-a301-5eee2290592c	gb:HM370979|Organism:Influenza	85.035	568	41	28	644	1174	561	1	1.83e-151	538
ce0c4a18-344f-45b2-a525-f2c9e37eb872	gb:HM370966|Organism:Influenza	96.809	282	4	3	1	277	2220	1939	1.83e-130	466
8df9f2b1-02d3-4d3b-af2d-26bfa7b27f14	gb:KM244075|Organism:Influenza	100.000	59	0	0	1	59	1915	1973	1.77e-23	110
0804110f-545b-4a37-ac45-6c5933ba6ab1	gb:HM370976|Organism:Influenza	96.528	144	2	2	224	364	156	13	7.51e-61	235
0804110f-545b-4a37-ac45-6c5933ba6ab1	gb:HM370976|Organism:Influenza	91.111	135	4	6	96	224	1564	1432	4.62e-43	176
9f845ca2-a633-4a38-a126-60ae3d8c8091	gb:HM370966|Organism:Influenza	98.582	282	2	2	1	280	2220	1939	6.55e-140	497
8ad198da-a688-4152-ae0d-bb07f27d9903	gb:HM370966|Organism:Influenza	95.455	286	6	6	1	283	1939	2220	1.88e-125	449
39a54edb-7043-4902-91a6-0a90c26ba741	gb:HM370966|Organism:Influenza	98.936	282	2	1	1	281	2220	1939	1.41e-141	503
7b0853d6-86d3-494c-8af8-2bb5abdfda68	gb:HM370966|Organism:Influenza	93.972	282	4	9	1	270	1939	2219	6.55e-115	414
eda7ebc2-be07-4094-b54f-b491cb0d1f11	gb:HM370976|Organism:Influenza	100.000	142	0	0	3	144	17	158	2.43e-69	263
eda7ebc2-be07-4094-b54f-b491cb0d1f11	gb:HM370976|Organism:Influenza	100.000	124	0	0	140	263	1428	1551	2.46e-59	230
013a0f27-5496-4470-b437-a7dbf57a9792	gb:HM370979|Organism:Influenza	95.444	878	18	18	1	864	13	882	0.0	1380
09a8bc8c-1baa-435d-92bf-6d4b6eb5fe87	gb:HM370966|Organism:Influenza	95.789	285	6	6	1	282	2220	1939	4.03e-127	455
8449d8b6-9551-44c9-b81a-bdd40de649d9	gb:HM370966|Organism:Influenza	92.580	283	15	4	1	278	2220	1939	5.24e-111	401
dd4ba8e4-a04e-46df-b1ca-8503ba0ad8a4	gb:HM370979|Organism:Influenza	97.353	869	13	8	1	863	877	13	0.0	1469
fdbe8e11-2685-4647-9bdf-bbc47eb83b29	gb:HM370976|Organism:Influenza	90.909	143	6	6	125	261	154	13	5.36e-46	185
fdbe8e11-2685-4647-9bdf-bbc47eb83b29	gb:HM370976|Organism:Influenza	88.618	123	10	4	3	123	1551	1431	2.53e-34	147
8c3bcee5-d1c1-4a76-baf1-a06ed81885a9	gb:HM370974|Organism:Influenza	95.483	797	19	13	1	786	13	803	0.0	1256
8c3bcee5-d1c1-4a76-baf1-a06ed81885a9	gb:HM370974|Organism:Influenza	92.558	215	11	4	791	1001	1992	2205	5.94e-81	303
ff487ae9-15af-45f8-a513-2e424b0977df	gb:HM370966|Organism:Influenza	96.113	283	6	5	1	279	2220	1939	1.11e-127	457
0f92dbed-4b3f-46fd-b860-b20f3d82ab50	gb:HM370966|Organism:Influenza	96.127	284	4	4	1	279	2220	1939	1.11e-127	457
6d3313f9-d272-42c9-9bee-16414e38b324	gb:HM370976|Organism:Influenza	99.206	126	1	0	137	262	138	13	8.82e-59	228
6d3313f9-d272-42c9-9bee-16414e38b324	gb:HM370976|Organism:Influenza	93.443	122	6	2	1	120	1552	1431	2.51e-44	180
98fe7bf1-8c22-4edb-b8e3-48e6d8cfd68a	gb:HM370979|Organism:Influenza	98.048	871	5	7	1	865	877	13	0.0	1504
01aa0127-a485-46de-b58c-b760e506bfe5	gb:HM370966|Organism:Influenza	96.140	285	7	4	1	284	1939	2220	2.51e-129	462
cada8e87-5c9d-4b5e-8c65-6dc4f28fdf4e	gb:HM370979|Organism:Influenza	98.619	869	8	3	1	869	877	13	0.0	1535
9d4ee128-7a2b-44bb-b1ca-fc098148b09d	gb:HM370978|Organism:Influenza	97.080	274	4	3	1	270	741	1014	2.97e-128	459
176a980b-34a0-414c-a4d6-3f8c8dc48ae4	gb:HM370978|Organism:Influenza	90.206	1021	56	38	1	996	1014	13	0.0	1291
8c2bcb16-e588-49ff-8f07-e4235aad957c	gb:HM370979|Organism:Influenza	92.630	882	30	29	1	864	12	876	0.0	1236
877350a3-2e27-41a1-85e4-cbe8e4d0479c	gb:HM370978|Organism:Influenza	97.222	1008	13	11	1	999	13	1014	0.0	1692
b856dc84-b343-4f80-8a5b-579bacd87b67	gb:HM370966|Organism:Influenza	96.390	277	8	2	4	278	2215	1939	3.97e-127	455
04e59022-a114-4a4d-8be2-6f44853deef6	gb:HM370966|Organism:Influenza	90.588	425	21	13	426	835	1800	2220	7.30e-154	545
04e59022-a114-4a4d-8be2-6f44853deef6	gb:HM370966|Organism:Influenza	86.788	439	32	17	1	424	13	440	5.85e-130	466
e82dc922-c1c9-487b-bd70-4367888f538c	gb:HM370979|Organism:Influenza	98.849	869	4	4	1	867	877	13	0.0	1544
ce5236fa-68e9-4470-89eb-531f7970636d	gb:HM370978|Organism:Influenza	97.834	277	3	2	1	277	1014	741	3.03e-133	475
eb8fa3b7-3371-4a61-8000-a05163b90f8a	gb:HM370979|Organism:Influenza	97.241	870	13	8	4	870	874	13	0.0	1463
6795f331-fd4f-4649-9961-326c10c3cc0c	gb:CY164959|Organism:Influenza	91.188	1010	78	10	1	1007	1002	1	0.0	1362
ec9bd0d6-0ca2-4a96-8a8b-23772ee42ddf	gb:HM370966|Organism:Influenza	94.346	283	10	5	1	278	2220	1939	2.41e-119	429
ccf432e5-fcdf-435f-aa94-d42ee6ee123e	gb:HM370978|Organism:Influenza	96.446	1013	13	18	1	1001	1014	13	0.0	1650
ff7c65a7-78b2-49d0-bbb8-348776b4b734	gb:HM370979|Organism:Influenza	91.422	886	43	29	1	874	13	877	0.0	1184
d8610d9d-ec48-40a7-b767-1ba08db6be33	gb:HM370979|Organism:Influenza	97.347	867	12	9	1	858	13	877	0.0	1463
a6a40fb0-1f85-4b3b-beda-d697c65f6a33	gb:HM370979|Organism:Influenza	98.157	868	7	9	1	862	877	13	0.0	1506
1a22d3aa-6808-4937-9a6f-20b82fde9217	gb:HM370966|Organism:Influenza	99.308	289	2	0	1	289	1939	2227	1.14e-147	523
022bb280-5e64-4997-91d3-926ff89e7b02	gb:HM370979|Organism:Influenza	95.622	868	18	12	1	851	13	877	0.0	1375
e175a673-87f5-49a8-ab39-32da91ed13b9	gb:HM370979|Organism:Influenza	97.454	864	8	11	4	857	872	13	0.0	1461
06e70845-203c-40dc-8365-c785ad62ecf4	gb:HM370979|Organism:Influenza	97.353	869	14	9	1	864	13	877	0.0	1469
3cfd98fb-e5bb-43bc-89b6-76c03a1b0ed8	gb:HM370966|Organism:Influenza	96.154	286	6	5	1	285	1939	2220	2.44e-129	462
bbd1f7ac-9d45-4c75-8190-4dc4595c8fe9	gb:HM370978|Organism:Influenza	97.018	1006	15	13	1	995	13	1014	0.0	1677
383fa380-8844-4ae9-993f-9b2282be5636	gb:HM370966|Organism:Influenza	97.518	282	3	3	1	278	2220	1939	2.35e-134	479
50c0d067-b241-4e62-ab76-b41f6dd22d82	gb:HM370966|Organism:Influenza	95.872	218	6	2	1	218	2220	2006	2.01e-95	350
53e377c1-d7a6-41c6-bfdd-3882532f5d56	gb:HM370979|Organism:Influenza	97.356	870	11	7	1	863	877	13	0.0	1469
2461cd48-14e6-41cd-b262-98839ce220e7	gb:HM370979|Organism:Influenza	98.849	869	3	7	1	866	877	13	0.0	1543
a06f8e6a-4462-464f-a7d9-3dbc4cb77ad0	gb:HM370978|Organism:Influenza	92.727	275	11	5	1	270	1014	744	4.16e-107	388
70d421d1-8529-43db-8b1b-1629b97be598	gb:HM370978|Organism:Influenza	93.787	1014	37	22	2	1002	1013	13	0.0	1500
5050c808-674d-4fef-aea9-1464bc7aaf13	gb:HM370979|Organism:Influenza	97.465	868	10	11	1	859	877	13	0.0	1471
4c2d0352-7f57-4711-b31e-5042e4712086	gb:HM370978|Organism:Influenza	99.004	1004	6	4	1	1002	13	1014	0.0	1796
e7aa3ade-96ff-4887-8776-d06f0ed47b20	gb:HM370979|Organism:Influenza	88.470	876	56	34	4	850	872	13	0.0	1016
f2908489-86ee-4bab-80f3-53f35445fa69	gb:HM370979|Organism:Influenza	98.048	871	7	10	1	867	13	877	0.0	1506
759544f5-6053-4b6d-b542-f826f30caef2	gb:HM370979|Organism:Influenza	95.016	321	4	10	7	319	5	321	1.90e-138	494
759544f5-6053-4b6d-b542-f826f30caef2	gb:HM370979|Organism:Influenza	88.235	306	18	12	306	598	315	15	4.36e-95	350
adb9b2e2-bfea-460c-911f-3c5f6855dde1	gb:HM370979|Organism:Influenza	94.171	875	24	20	1	858	13	877	0.0	1308
0fe33327-1030-417d-961e-1c452d771e11	gb:HM370978|Organism:Influenza	98.209	1005	6	9	1	996	13	1014	0.0	1746
dda0f958-85df-43c5-ac48-df222dc03050	gb:HM370978|Organism:Influenza	97.576	990	13	10	1	982	1014	28	0.0	1685
290ef659-bdd9-4167-abf3-9e3b1c656db2	gb:HM370976|Organism:Influenza	94.558	147	4	3	1	144	13	158	1.21e-57	224
290ef659-bdd9-4167-abf3-9e3b1c656db2	gb:HM370976|Organism:Influenza	88.889	135	9	5	140	270	1428	1560	9.61e-39	161
1120b6b4-27c1-4b6b-9fdb-b6f030b7f2ad	gb:HM370966|Organism:Influenza	97.535	284	5	2	1	284	1939	2220	5.18e-136	484
c423732e-9177-4540-8b0d-f6e75fdda2be	gb:HM370978|Organism:Influenza	90.513	1033	48	42	94	1097	1024	13	0.0	1319
903d33a6-91ab-407d-93f0-5fdf2f61c661	gb:HM370979|Organism:Influenza	94.084	879	25	21	15	879	12	877	0.0	1310
ba45880c-7679-4e7c-8516-8ef8a1d78b33	gb:HM370966|Organism:Influenza	98.596	285	2	1	1	283	2220	1936	1.47e-141	503
b3e2b7d5-d1e4-4b81-8535-cf1d51614fd6	gb:HM370976|Organism:Influenza	96.689	151	0	1	1	151	13	158	2.52e-64	246
b3e2b7d5-d1e4-4b81-8535-cf1d51614fd6	gb:HM370976|Organism:Influenza	99.200	125	0	1	147	270	1428	1552	1.18e-57	224
c3a4d2e9-dabd-4778-ae5c-98a3ff1d4e9b	gb:HM370966|Organism:Influenza	95.390	282	8	2	1	277	1939	2220	8.55e-124	444
ed7feeeb-e948-4b7d-a70e-3a9eb57774ec	gb:HM370979|Organism:Influenza	86.883	892	64	43	102	959	885	13	0.0	950
dc87947f-2040-456f-8126-a49b2c44b5cf	gb:HM370976|Organism:Influenza	99.320	147	0	1	120	266	158	13	6.84e-70	265
dc87947f-2040-456f-8126-a49b2c44b5cf	gb:HM370976|Organism:Influenza	96.000	125	4	1	1	124	1552	1428	5.44e-51	202
a9e2110d-16a5-48b1-8232-06aa70aaf095	gb:HM370979|Organism:Influenza	92.386	880	33	24	14	873	12	877	0.0	1223
cdf619d2-e1ac-41ed-8ffa-5a05e5d5878e	gb:HM370977|Organism:Influenza	84.838	554	38	34	10	533	908	1445	3.59e-145	516
5afaa921-89f4-48ec-bbb7-f1aeec62affe	gb:HM370978|Organism:Influenza	98.111	1006	11	8	1	1002	1014	13	0.0	1746
48dd2d49-b883-46e1-9d0a-a7d26c339e1f	gb:HM370966|Organism:Influenza	98.917	277	3	0	2	278	1940	2216	2.37e-139	496
730d5e8a-8d62-49e8-9b71-03c35ab96d7b	gb:HM370966|Organism:Influenza	99.291	282	2	0	1	282	1939	2220	8.48e-144	510
a2827f8c-89ba-469a-b85c-4a179165dd45	gb:HM370966|Organism:Influenza	99.291	282	2	0	1	282	1939	2220	8.48e-144	510
369a6a98-9b2e-4f98-9e83-866aa66d1138	gb:HM370976|Organism:Influenza	100.000	146	0	0	1	146	13	158	1.48e-71	270
369a6a98-9b2e-4f98-9e83-866aa66d1138	gb:HM370976|Organism:Influenza	100.000	126	0	0	142	267	1428	1553	1.94e-60	233
e069288a-edf6-4c2e-88f2-944c4fb498ad	gb:HM370979|Organism:Influenza	93.044	877	33	26	1	861	877	13	0.0	1256
8082118b-e0d6-42d0-8685-2c1a3e5dbe5a	gb:HM370979|Organism:Influenza	97.353	869	13	9	1	864	12	875	0.0	1469
cca34389-eefe-417c-90b2-734fc0c085f0	gb:HM370966|Organism:Influenza	97.183	284	5	2	1	284	1940	2220	8.67e-134	477
b2c60750-1de3-46f6-8ca6-b0a740fe2ffd	gb:HM370966|Organism:Influenza	96.763	278	9	0	8	285	1943	2220	6.78e-130	464
c6c7edab-32e5-4cbc-9a4b-1c1605b68070	gb:HM370966|Organism:Influenza	95.390	282	7	5	4	282	2217	1939	8.72e-124	444
33873c9d-e9c4-4dc8-bd75-a4e57989d447	gb:HM370979|Organism:Influenza	97.811	868	13	4	1	865	13	877	0.0	1493
59286abc-ca4f-4abc-be82-93e6ff4c83c6	gb:HM370979|Organism:Influenza	90.766	888	35	38	5	860	5	877	0.0	1142
