5c2aefbc-dede-489d-89c7-6c1130c2a650	gb:HM370966|Organism:Influenza	96.220	291	8	3	1	289	1939	2228	1.17e-132	473
9c3e51db-cec4-4cc6-8b81-6077affb9e05	gb:HM370966|Organism:Influenza	96.127	284	8	3	1	283	1939	2220	8.70e-129	460
b96e3f43-b856-4a0c-acb5-b35aa1e7bab6	gb:HM370966|Organism:Influenza	93.525	278	6	8	15	282	1945	2220	1.48e-111	403
f21f25f1-d0b0-4866-a6d5-426c73fbe013	gb:HM370966|Organism:Influenza	97.173	283	6	2	1	282	1939	2220	8.60e-134	477
ef1d79bb-f277-4ec5-9896-613adcedf124	gb:HM370966|Organism:Influenza	91.273	275	13	9	1	269	2220	1951	6.85e-100	364
40782dc8-bec2-4684-85e2-52cc8e43b6f1	gb:HM370966|Organism:Influenza	97.552	286	4	3	12	297	1938	2220	1.51e-136	486
639f3bef-1721-4d0b-99f1-8227ec97cf6a	gb:HM370966|Organism:Influenza	95.745	282	6	4	1	276	2220	1939	1.83e-125	449
b09b5866-e6e7-4a20-91fe-08f57b49276a	gb:MH546306|Organism:Influenza	82.578	287	28	17	1	270	2216	1935	1.96e-60	233
d0da7367-1559-4f4b-8dcd-2963161ff910	gb:CY117232|Organism:Influenza	89.531	277	15	10	10	277	1926	2197	4.30e-92	339
99310d58-8315-4727-9460-44bad815ae70	gb:HM370966|Organism:Influenza	97.183	284	4	4	1	282	2220	1939	8.60e-134	477
2f3de633-e280-427a-a422-21f14f231eff	gb:HM370966|Organism:Influenza	95.222	293	9	4	3	293	2228	1939	3.25e-128	459
d34ff826-8033-461a-97dd-09a450d4a9e7	gb:HM370966|Organism:Influenza	92.982	285	11	7	1	279	1939	2220	1.13e-112	407
2190ad71-66fe-4d88-b801-69a7e3e25f4d	gb:HM370966|Organism:Influenza	91.873	283	10	10	1	271	2220	1939	1.85e-105	383
b57fe4d3-b0d0-49cb-94e4-3e7a7109e878	gb:HM370966|Organism:Influenza	98.208	279	5	0	5	283	1942	2220	3.99e-137	488
4c6c1e55-8c99-4bee-8419-5ceacbee1be0	gb:HM370966|Organism:Influenza	90.941	287	15	10	1	281	1939	2220	3.22e-103	375
924e5f59-4707-4317-9e66-3db55e790fbc	gb:HM370966|Organism:Influenza	96.466	283	7	3	1	281	1939	2220	6.67e-130	464
1b9614e9-58f0-4e03-bac6-f2c9c3be9731	gb:HM370966|Organism:Influenza	94.845	291	11	3	1	289	1939	2227	5.48e-126	451
0a8c4790-47bf-430b-8114-d3e0fcca6707	gb:HM370966|Organism:Influenza	94.346	283	7	5	1	275	2220	1939	3.07e-118	425
44dbf2ae-8e8d-4449-a9c3-36d8be3aaa45	gb:HM370966|Organism:Influenza	99.291	282	2	0	1	282	2220	1939	8.48e-144	510
f9c71c42-46b8-4099-8690-7c82c5df072d	gb:HM370966|Organism:Influenza	96.786	280	5	4	4	280	2217	1939	6.64e-130	464
35aaec67-4885-4433-bd90-8a799dfd01ad	gb:HM370966|Organism:Influenza	98.233	283	4	1	1	283	2220	1939	8.57e-139	494
01b6be01-ac8d-48bc-9b8f-ca76bb7ff67f	gb:HM370966|Organism:Influenza	99.149	235	2	0	34	268	1986	2220	1.07e-117	424
01b6be01-ac8d-48bc-9b8f-ca76bb7ff67f	gb:HM370966|Organism:Influenza	100.000	32	0	0	3	34	1942	1973	3.49e-08	60.2
d4b1e75c-6e4c-48e0-8e2f-08057a99cd68	gb:HM370966|Organism:Influenza	98.592	284	2	1	1	284	1939	2220	5.14e-141	501
e03bb4dd-48c5-4693-9d45-67cb2bd36236	gb:HM370966|Organism:Influenza	97.887	284	3	3	1	283	1939	2220	3.99e-137	488
aaf876ea-0b16-405a-b808-b6b3fe236471	gb:HM370966|Organism:Influenza	97.183	284	3	4	1	281	2220	1939	3.08e-133	475
5f6ec6f6-4590-4ce8-8af7-1b47d5b23470	gb:HM370966|Organism:Influenza	97.173	283	7	1	1	283	1939	2220	8.64e-134	477
11f03e3a-644d-4eda-ae93-29fd01b42330	gb:HM370966|Organism:Influenza	93.617	282	15	3	1	279	2220	1939	5.23e-116	418
c1ab8e04-ca08-46a7-a6a8-7339e4fa6775	gb:HM370966|Organism:Influenza	94.035	285	10	6	1	281	1939	2220	3.15e-118	425
4b11024a-478d-4f1f-a29d-24e2e7f17672	gb:HM370966|Organism:Influenza	95.760	283	9	2	1	281	2220	1939	1.44e-126	453
ed50a32a-97f7-4898-a799-9b0d42e2e977	gb:HM370966|Organism:Influenza	98.587	283	3	1	1	283	2220	1939	1.84e-140	499
605f0460-8ef8-42b3-a884-1b149c2e54ae	gb:HM370966|Organism:Influenza	96.466	283	5	3	1	279	2220	1939	2.38e-129	462
abbd123b-3e60-4120-9204-8378532a5f6f	gb:HM370966|Organism:Influenza	94.425	287	7	7	1	283	1939	2220	1.90e-120	433
bfa34fec-47c7-4857-acb0-e587eceb0e28	gb:HM370966|Organism:Influenza	93.310	284	13	5	1	280	1939	2220	6.79e-115	414
4cc8eac0-d294-48d6-9b9e-5d7437b88756	gb:GQ923378|Organism:Influenza	92.657	286	11	7	1	285	2208	1932	1.51e-111	403
424064fd-6b8d-4e04-8d84-a99832c98aca	gb:HM370966|Organism:Influenza	90.253	277	8	13	1	263	2220	1949	9.49e-94	344
314830a7-19a7-4eb0-87e0-5a609feee183	gb:HM370966|Organism:Influenza	94.035	285	10	7	1	281	1939	2220	3.15e-118	425
235795b9-0584-4b35-bbb0-d314d2dfd1a2	gb:HM370966|Organism:Influenza	97.473	277	4	2	18	292	1945	2220	1.50e-131	470
fddce54f-e629-4816-afc7-94b4349a7450	gb:HM370966|Organism:Influenza	94.718	284	8	6	1	280	1940	2220	5.21e-121	435
e9d22d4a-bf8e-4cf4-983b-b22c909fe1d5	gb:JN706699|Organism:Influenza	98.582	282	3	1	1	281	1939	2220	6.58e-140	497
80e68342-b5da-47d5-9d37-9634b2c4c63c	gb:HM370966|Organism:Influenza	97.241	290	3	3	8	296	2224	1939	1.50e-136	486
d72c8b57-b1c9-40f4-933b-ce96d40b2677	gb:HM370966|Organism:Influenza	97.163	282	5	1	1	279	2220	1939	1.10e-132	473
8b451484-d214-450a-aa0c-7d87ff7a9099	gb:HM370966|Organism:Influenza	97.527	283	4	3	1	281	1939	2220	6.62e-135	481
0414693f-0dd7-423b-9c9c-e33f52e79f15	gb:HM370966|Organism:Influenza	96.140	285	6	5	1	283	2220	1939	8.70e-129	460
87744b71-a6d4-4769-a8d1-81dd787d1ff0	gb:HM370966|Organism:Influenza	95.439	285	6	5	1	281	1939	2220	6.72e-125	448
610225b5-dea9-43d9-9ae1-542ea1e5b4fe	gb:HM370966|Organism:Influenza	97.535	284	4	3	1	283	1939	2220	1.86e-135	483
c98f2b31-1667-406a-8b04-9e853b5a3285	gb:HM370966|Organism:Influenza	96.820	283	7	2	1	282	2220	1939	4.00e-132	472
b694dc8f-d796-417f-a31d-d2a020472414	gb:CY005278|Organism:Influenza	92.908	282	13	4	5	283	1943	2220	1.49e-111	403
1e727747-4cc5-4241-b7f8-0e7aa94d93c1	gb:HM370966|Organism:Influenza	95.070	284	9	4	1	281	2220	1939	3.13e-123	442
ed1a8530-0968-4b03-b2fe-2a485d71637b	gb:HM370966|Organism:Influenza	94.810	289	9	4	106	393	2222	1939	3.46e-124	446
c0836f1d-59c7-4f80-a99c-d4e7f69a8c73	gb:HM370966|Organism:Influenza	97.880	283	4	2	1	282	2220	1939	3.97e-137	488
434e12b8-0bbf-4d19-b80a-6aedabf07576	gb:HM370966|Organism:Influenza	94.718	284	12	3	1	283	1939	2220	4.07e-122	438
10066306-dfd7-421c-977c-59da247c2af5	gb:HM370966|Organism:Influenza	97.193	285	2	5	1	282	2220	1939	8.60e-134	477
02fdcde7-436d-4c70-a2f4-f05968a0de0f	gb:HM370966|Organism:Influenza	93.662	284	11	6	1	279	2220	1939	5.23e-116	418
e1ddd32f-eb34-40d0-81ff-65fca7b11d58	gb:HM370966|Organism:Influenza	97.880	283	5	1	1	283	2220	1939	3.99e-137	488
87cc4c93-e736-4521-a0ce-af4a582f844c	gb:HM370966|Organism:Influenza	85.315	286	18	11	100	369	2229	1952	1.66e-72	274
dc797282-582f-4255-9d25-6c8e18397de5	gb:HM370966|Organism:Influenza	95.819	287	4	3	1	284	2220	1939	1.13e-127	457
cdc4d877-5f63-42e5-aa16-2720794c3d91	gb:HM370966|Organism:Influenza	98.227	282	2	1	1	279	2220	1939	1.09e-137	490
5b8a0aec-4f97-454e-965b-d5f74aa2897f	gb:HM370966|Organism:Influenza	96.491	285	5	3	1	283	1939	2220	1.87e-130	466
40034d78-82b6-482d-9ab0-6770b02c05da	gb:HM370966|Organism:Influenza	98.227	282	5	0	1	282	1939	2220	8.54e-139	494
ab1c0f07-02f7-4531-9097-0be5184fd3d3	gb:MH546994|Organism:Influenza	94.774	287	7	4	1	284	2208	1927	1.14e-122	440
0d74b514-170c-4bdd-83c9-877956156649	gb:HM370966|Organism:Influenza	98.582	282	4	0	1	282	1939	2220	1.84e-140	499
ee5ca313-ef18-4e83-b37c-9e951da1b7f8	gb:HM370966|Organism:Influenza	97.518	282	4	1	1	279	1939	2220	2.36e-134	479
05af7b0f-1f25-49f3-ac8e-7cac36be0023	gb:HM370966|Organism:Influenza	97.193	285	4	2	1	284	2220	1939	2.41e-134	479
77cb3c94-cfdf-4351-9977-4a98aa80c317	gb:HM370966|Organism:Influenza	96.466	283	6	4	1	280	2220	1939	6.64e-130	464
5828614b-0fdd-4e04-abbb-2c0b2d58755b	gb:HM370966|Organism:Influenza	97.518	282	5	1	1	280	2220	1939	6.60e-135	481
f09911ca-9535-4a13-a996-6341deaa0058	gb:HM370966|Organism:Influenza	95.789	285	5	5	1	281	1939	2220	1.44e-126	453
1976de14-d281-4175-a9c4-247225788843	gb:HM370966|Organism:Influenza	96.831	284	6	3	1	283	2220	1939	4.02e-132	472
d899d420-ad9c-4275-8405-c71bea82c279	gb:HM370966|Organism:Influenza	96.831	284	4	4	1	281	1939	2220	1.43e-131	470
0358bece-0919-4236-a131-40bd1689394a	gb:JN706699|Organism:Influenza	95.423	284	9	3	1	282	1939	2220	1.88e-125	449
415f8aac-21d1-4c07-8bd9-33a05038ffaf	gb:HM370966|Organism:Influenza	93.502	277	9	8	15	284	2213	1939	1.49e-111	403
e93dafd6-b741-4017-b6da-ad73739089d0	gb:HM370966|Organism:Influenza	97.143	280	5	3	8	286	1943	2220	1.46e-131	470
14964bbe-2030-462f-abf5-ca734318080a	gb:HM370966|Organism:Influenza	99.291	282	2	0	1	282	2220	1939	8.48e-144	510
29ea0917-6f0e-4947-aa35-57bd445b8cd6	gb:HM370966|Organism:Influenza	99.291	282	2	0	1	282	2220	1939	8.48e-144	510
709e922a-f103-402c-bb61-a91e9392fc3f	gb:HM370966|Organism:Influenza	96.864	287	4	4	1	287	1939	2220	3.15e-133	475
5f466cdb-c122-44ee-9f84-496e44ca158e	gb:JN706699|Organism:Influenza	95.745	282	7	4	13	290	1940	2220	1.93e-125	449
8b6a2e26-aad1-485b-9e1c-fc4e3e1e0217	gb:HM370966|Organism:Influenza	90.102	293	16	9	1	286	2220	1934	6.89e-101	368
97a8c53d-7c98-4804-98dd-53fb797d6131	gb:HM370966|Organism:Influenza	96.127	284	4	5	1	279	2220	1939	1.11e-127	457
8d79a1a9-11de-47c3-83a2-d2378f5d5091	gb:HM370966|Organism:Influenza	94.035	285	9	7	1	280	2220	1939	3.14e-118	425
a8c69355-7005-456e-b16c-304b9829f927	gb:KF972116|Organism:Influenza	93.311	299	10	1	1	299	1939	2227	2.04e-120	433
072b30d6-60eb-445f-862a-902b584af94e	gb:HM370966|Organism:Influenza	98.227	282	4	1	1	281	2220	1939	3.06e-138	492
3273becd-61c4-422e-b638-bb343ff74d0c	gb:HM370966|Organism:Influenza	97.865	281	2	2	14	290	1940	2220	1.91e-135	483
55c2f646-8f4d-497f-845e-d79b6e78a022	gb:HM370966|Organism:Influenza	89.474	285	15	10	1	273	2220	1939	2.44e-94	346
b0906a3c-f087-4e46-bd6c-bbe893d5651e	gb:HM370966|Organism:Influenza	88.421	285	14	16	21	293	1943	2220	3.44e-88	326
d4a8d82e-456c-408c-88a1-9dc3b56c6fc9	gb:HM370966|Organism:Influenza	97.872	282	5	1	1	281	1939	2220	1.42e-136	486
ad75f5c8-74a1-4ac5-b1ed-4e9a4033e8a7	gb:HM370966|Organism:Influenza	96.441	281	5	3	13	288	1940	2220	3.19e-128	459
431aaf41-badb-48de-ae04-26755d70f995	gb:HM370966|Organism:Influenza	97.527	283	3	3	1	281	1940	2220	6.62e-135	481
ebdfffe7-9ed6-4878-a88f-812ac0051c0b	gb:HM370966|Organism:Influenza	97.183	284	6	2	1	284	1939	2220	2.41e-134	479
9a247c65-761b-4b1a-be15-577fcbf25e87	gb:HM370966|Organism:Influenza	99.291	282	2	0	1	282	2220	1939	8.48e-144	510
3ccd7add-7bbd-4b25-abf2-791e628cadb3	gb:HM370966|Organism:Influenza	95.510	245	2	6	1	239	2220	1979	1.84e-105	383
9d81a656-6f39-40dd-92c9-555587f17461	gb:HM370966|Organism:Influenza	98.587	283	3	1	1	283	1939	2220	1.84e-140	499
f634f562-8341-4ed6-8341-05dfea5d125f	gb:HM370966|Organism:Influenza	94.014	284	14	3	1	283	2220	1939	8.82e-119	427
f1a08f9e-e636-4d3c-bd8b-10901375cf32	gb:HM370966|Organism:Influenza	92.929	297	11	8	7	299	2229	1939	1.21e-117	424
9ccfb74d-93e8-4f00-aa57-859de977884b	gb:HM370966|Organism:Influenza	96.516	287	2	4	1	284	1939	2220	5.22e-131	468
adfc0983-8ed8-469e-ac3e-23ed025dd5a7	gb:HM370966|Organism:Influenza	92.806	278	8	10	4	272	2213	1939	3.08e-108	392
91230e18-afb8-4302-9174-3cc25c69a282	gb:HM370966|Organism:Influenza	97.518	282	2	3	1	277	2220	1939	8.43e-134	477
4519436c-f793-4d3c-b97f-d71013fbe887	gb:HM370966|Organism:Influenza	92.657	286	6	12	1	275	2220	1939	6.70e-110	398
867a0f90-490e-42dd-8b93-8c9fc8bf327f	gb:HM370966|Organism:Influenza	94.700	283	13	2	1	282	2220	1939	4.06e-122	438
89026a82-5edc-4d73-aaf7-cd1f652c39e2	gb:HM370966|Organism:Influenza	97.872	282	3	2	1	279	2220	1939	5.08e-136	484
52833ab4-fc60-4afc-8892-2c959bf3d7c3	gb:HM370966|Organism:Influenza	98.936	282	2	1	1	281	2220	1939	1.41e-141	503
a29ead9c-78a6-4ebd-a441-fe03e1c64804	gb:HM370974|Organism:Influenza	90.370	270	11	10	14	273	2203	1939	1.14e-92	340
c8e77b73-8e58-457e-8238-cd6bdf521222	gb:HM370966|Organism:Influenza	96.466	283	8	2	1	282	1939	2220	1.86e-130	466
ac1cce6f-27a6-4697-9c90-2fbd55328250	gb:HM370966|Organism:Influenza	98.932	281	2	1	1	280	1940	2220	5.06e-141	501
314e3e09-20a4-4477-a422-1f53595a1bb1	gb:HM370966|Organism:Influenza	96.403	278	5	2	3	275	1943	2220	1.41e-126	453
c208d3cf-b91e-4b64-a041-5ad985aa8262	gb:HM370966|Organism:Influenza	98.582	282	3	1	1	281	2220	1939	6.58e-140	497
8f2bbed2-d561-48c2-823a-01e32ba48371	gb:HM370966|Organism:Influenza	93.080	289	13	7	10	293	1934	2220	1.98e-115	416
669b48f7-fd93-4035-926e-c454c84994ca	gb:JN706699|Organism:Influenza	95.406	283	6	5	15	292	1940	2220	9.06e-124	444
d88e7bda-c7b8-49c9-9937-54d005fd0e88	gb:JN706699|Organism:Influenza	98.233	283	3	2	1	282	1939	2220	8.54e-139	494
85dff4e5-96a1-406d-9d2a-9f0ed975d6b7	gb:HM370966|Organism:Influenza	96.454	282	7	3	1	279	2220	1939	2.38e-129	462
e1e318f8-b638-4037-ac86-a2736ece6116	gb:JN706699|Organism:Influenza	92.281	285	14	8	1	280	1939	2220	6.84e-110	398
4d663eed-0b4c-4cb4-b8d3-2ee09069c56f	gb:HM370966|Organism:Influenza	97.143	280	3	2	1	278	1939	2215	5.16e-131	468
35516463-e767-4db2-884c-6aeb725d7e3d	gb:HM370966|Organism:Influenza	97.880	283	4	2	1	282	2220	1939	3.97e-137	488
1bc6651f-4051-4439-bdb6-43579dca1e63	gb:CY080097|Organism:Influenza	88.421	285	13	12	3	273	2205	1927	3.18e-88	326
f8594735-8d37-4b5a-8b03-d46c26eca289	gb:HM370966|Organism:Influenza	99.291	282	2	0	1	282	1939	2220	8.48e-144	510
40636cf1-ff95-4d88-ade0-1ce8adbf52ca	gb:HM370966|Organism:Influenza	98.582	282	4	0	1	282	1939	2220	1.84e-140	499
df776e98-2b90-40ea-8d9e-0e7f3e1ee709	gb:HM370966|Organism:Influenza	96.853	286	2	5	1	283	2220	1939	4.02e-132	472
27b73120-e981-41db-98d5-5e375760341e	gb:HM370966|Organism:Influenza	96.466	283	5	4	1	279	2220	1939	2.38e-129	462
760ef16b-7a4c-4547-9fc2-3feb8c4b3a06	gb:HM370966|Organism:Influenza	96.466	283	6	4	1	280	2220	1939	6.64e-130	464
d2d7d588-7b68-47c1-beca-775a89150f24	gb:JN706699|Organism:Influenza	91.638	287	12	11	1	280	1939	2220	1.48e-106	387
980f76f8-d2d8-4ea1-aa47-24a56a22f75a	gb:HM370966|Organism:Influenza	97.193	285	4	4	1	284	1939	2220	2.41e-134	479
eb7ab606-1203-43c7-9121-99a4c0aa8daa	gb:CY122305|Organism:Influenza	85.563	284	16	14	1	265	2196	1919	1.18e-72	274
71e8ac55-d108-4ecc-a0bf-ddbf0bdfd63a	gb:KX215356|Organism:Influenza	96.581	234	4	4	1	231	2220	1988	5.49e-106	385
9a23ec30-551d-4c0f-9959-9430306ab91b	gb:HM370966|Organism:Influenza	92.833	293	6	7	7	285	2230	1939	8.95e-114	411
05ecc7e6-79ed-41cd-a008-747d398dd523	gb:CY097603|Organism:Influenza	83.972	287	19	21	1	265	2208	1927	1.91e-65	250
67f12d03-8c95-438d-b080-f7ee621f4312	gb:HM370966|Organism:Influenza	98.936	282	3	0	1	282	2220	1939	3.95e-142	505
6d60a3d5-46e0-4549-b46b-cbff5daf62ad	gb:HM370966|Organism:Influenza	96.454	282	6	2	1	278	1939	2220	2.37e-129	462
2553ec74-aef2-4b44-92b9-76b41a2983cb	gb:HM370966|Organism:Influenza	97.895	285	3	3	1	285	1939	2220	1.12e-137	490
870310c6-a5c3-4a73-ba65-a3171d291b1c	gb:HM370966|Organism:Influenza	95.139	288	5	5	1	282	2220	1936	3.16e-124	446
a6ea66fa-c223-4879-b9fe-ca18b6748935	gb:MH546994|Organism:Influenza	92.254	284	13	8	6	284	1929	2208	8.98e-109	394
3819ac41-7b3e-48c4-a4b5-ab436f2ea93f	gb:HM370966|Organism:Influenza	97.143	280	5	1	2	278	1941	2220	1.42e-131	470
746cc101-4008-4e4d-ab42-4b88f2b4580f	gb:HM370966|Organism:Influenza	99.291	282	2	0	1	282	2220	1939	8.48e-144	510
7af9cce1-7161-4587-b553-5879f2b792d3	gb:HM370966|Organism:Influenza	97.826	276	6	0	4	279	1945	2220	8.50e-134	477
1e3d8934-1cc3-49c3-9be2-68cc99ac6ac4	gb:HM370966|Organism:Influenza	97.213	287	2	3	1	286	2220	1939	6.75e-135	481
0371d3b5-b8ff-42bf-81cf-09fc5c0b94e4	gb:HM370966|Organism:Influenza	97.727	264	4	2	113	375	1958	2220	1.97e-126	453
09d6c0b1-1a67-4e77-ad7e-20db317321f1	gb:HM370966|Organism:Influenza	95.932	295	5	4	1	288	2233	1939	4.10e-132	472
cd34572e-1321-4ef9-a8bb-aa0d997f335f	gb:HM370966|Organism:Influenza	96.466	283	4	2	1	278	1939	2220	2.37e-129	462
556f1b45-1045-41e5-8410-12f8f8b706ba	gb:HM370966|Organism:Influenza	97.143	280	5	2	8	286	1943	2220	1.46e-131	470
3d9e0595-c96d-45ef-8ce4-c5fde09733db	gb:HM370966|Organism:Influenza	98.227	282	3	2	1	280	1939	2220	3.05e-138	492
ca324b37-a85c-4e0e-b6ac-b6a6cf56b58d	gb:JN706699|Organism:Influenza	97.552	286	3	3	1	286	1939	2220	1.45e-136	486
209d3e7f-b9d6-435d-bd20-6ff1e89c9e01	gb:HM370966|Organism:Influenza	97.849	279	5	1	4	282	1943	2220	6.65e-135	481
fd7f493d-27f0-468d-a16f-82166078c527	gb:HM370966|Organism:Influenza	94.834	271	10	3	1	268	2220	1951	1.44e-116	420
072e5a2b-e7b4-4c06-a403-2b82af9d374b	gb:HM370966|Organism:Influenza	97.241	290	4	4	5	293	1934	2220	4.14e-137	488
6248b507-eaa8-4f2f-8e13-15f55b0ef20e	gb:HM370966|Organism:Influenza	97.544	285	4	3	1	285	2220	1939	5.20e-136	484
dfb82490-1324-466d-809e-6735dce96ad2	gb:HM370966|Organism:Influenza	96.599	294	4	4	4	293	2230	1939	1.93e-135	483
a9f1a7fc-7eff-487c-8d54-84c9c78b0a84	gb:HM370966|Organism:Influenza	97.561	287	3	3	8	290	1934	2220	4.10e-137	488
78d82079-40e0-4c52-9728-dc4653b8c648	gb:HM370966|Organism:Influenza	96.127	284	3	5	1	278	2220	1939	1.10e-127	457
b0fbf268-7bf1-42da-92a6-dd31c1ebfeb4	gb:HM370966|Organism:Influenza	97.872	282	5	1	1	281	2220	1939	1.42e-136	486
fe625cfc-cc6b-435c-8f36-6761c4ba3185	gb:HM370966|Organism:Influenza	93.357	286	8	5	1	279	1939	2220	2.43e-114	412
c0a346da-0038-4b14-a005-ecf7e5fd1c56	gb:CY005580|Organism:Influenza	90.667	300	13	14	89	380	2231	1939	7.38e-106	385
98ef9327-83af-4ba1-bb31-2331b59f869d	gb:HM370966|Organism:Influenza	95.439	285	6	6	1	281	1939	2220	6.72e-125	448
41b9d783-b497-47e4-8c94-9ea1c9d6adb0	gb:HM370966|Organism:Influenza	96.181	288	3	6	1	286	2220	1939	6.80e-130	464
4f0179f0-f189-4e98-9233-e27d3b2be2ce	gb:JN706699|Organism:Influenza	92.905	296	4	12	1	293	1939	2220	7.13e-115	414
e3d79164-dc04-4c9c-839c-3c1365b5e6a3	gb:HM370966|Organism:Influenza	97.213	287	3	4	1	287	1939	2220	6.78e-135	481
58b5f9c1-d4c1-4116-bbe6-8574a6d76450	gb:HM370966|Organism:Influenza	96.774	279	7	2	17	294	1943	2220	7.01e-130	464
6837a3b0-e402-49f2-80cd-cf951349a495	gb:HM370966|Organism:Influenza	98.227	282	5	0	1	282	2220	1939	8.54e-139	494
2b7bc1b4-7beb-4132-bc55-141df9a685c6	gb:HM370966|Organism:Influenza	96.831	284	5	4	1	282	2220	1939	4.00e-132	472
4355f4ad-4934-4e14-8267-e30ff8a4fbdf	gb:HM370966|Organism:Influenza	93.684	285	11	6	1	281	1939	2220	1.46e-116	420
a03d0658-e0cf-4a8d-9725-431ac97052e5	gb:HM370966|Organism:Influenza	98.239	284	2	3	1	283	2220	1939	8.57e-139	494
1917e1b5-3cc8-4282-a38b-6b41fa1571e1	gb:HM370966|Organism:Influenza	88.421	285	18	13	1	273	2220	1939	2.46e-89	329
0838b31f-6931-469d-8eb5-8e859df2c560	gb:HM370966|Organism:Influenza	92.953	298	7	13	5	294	2230	1939	4.28e-117	422
74c84e5d-cd82-4c76-b1c4-45c88048cbc0	gb:HM370966|Organism:Influenza	98.195	277	3	2	4	279	1945	2220	1.83e-135	483
a49f4b4f-8a9d-4de8-8c31-2cda664d6ca6	gb:HM370966|Organism:Influenza	97.500	280	5	2	3	280	1940	2219	9.04e-134	477
e6b6bc0b-3b33-4749-b3ac-c156ca26c40b	gb:HM370966|Organism:Influenza	95.070	284	8	4	1	280	1939	2220	3.11e-123	442
57ca8a52-89fb-4375-862a-5e4dbf445abb	gb:HM370966|Organism:Influenza	93.515	293	9	7	8	293	2228	1939	9.16e-119	427
c1eaf3ee-987f-4ce5-8edb-b1637f5da869	gb:HM370966|Organism:Influenza	98.299	294	3	1	4	297	2230	1939	6.91e-145	514
247708db-bb16-4d45-93fa-ca85e2c74f27	gb:HM370966|Organism:Influenza	98.233	283	2	3	1	281	1939	2220	3.06e-138	492
7e3787e6-208e-4b96-b713-4d41d7012376	gb:HM370966|Organism:Influenza	94.681	282	6	4	1	273	2220	1939	2.36e-119	429
2bbcdddc-58e1-40f0-bde9-577d845b8e8c	gb:JN706699|Organism:Influenza	89.789	284	20	9	1	277	1939	2220	4.12e-97	355
ac0d1b84-c306-4eab-886c-59343613a0a4	gb:HM370966|Organism:Influenza	96.820	283	7	2	1	282	1939	2220	4.00e-132	472
05b4b866-bdbd-44e0-9284-f838534f8ae1	gb:KY644286|Organism:Influenza	93.426	289	11	4	96	376	2227	1939	5.56e-117	422
7358a87a-e66b-4ecb-b389-200c23da8c3c	gb:CY014707|Organism:Influenza	90.625	224	11	10	1	219	2220	2002	4.49e-77	289
d2627566-da65-4049-b542-285b1f1cd06c	gb:HM370966|Organism:Influenza	95.254	295	10	4	1	294	1939	2230	8.59e-130	464
1f03280c-6198-46f9-be0e-bc4acc1a9ec8	gb:HM370966|Organism:Influenza	96.466	283	8	2	1	282	2220	1939	1.86e-130	466
ecde64c0-d214-4979-aebd-5128d570e75e	gb:HM370966|Organism:Influenza	98.227	282	2	1	1	279	2220	1939	1.09e-137	490
e98cde51-4f77-4ad6-a5cc-3a7ffc236806	gb:HM370966|Organism:Influenza	98.233	283	4	1	1	283	1939	2220	8.57e-139	494
59f3d99a-3868-47ec-b404-8de477632285	gb:HM370966|Organism:Influenza	99.291	282	2	0	1	282	1939	2220	8.48e-144	510
7939c9ee-83ca-4828-99f0-3f6a15130ba5	gb:HM370966|Organism:Influenza	99.303	287	2	0	6	292	1934	2220	1.46e-146	520
680241a7-44c4-4692-8e23-9cad93417116	gb:HM370966|Organism:Influenza	97.880	283	2	4	1	280	1939	2220	1.42e-136	486
f5276004-7bd1-42ab-b524-1bb05a66aa6b	gb:HM370966|Organism:Influenza	96.466	283	5	5	1	279	2220	1939	2.38e-129	462
8245224c-e928-4df9-8b29-b747df013a79	gb:HM370966|Organism:Influenza	97.872	282	5	1	1	281	2220	1939	1.42e-136	486
30af6010-0ab5-4255-84f4-d1608d4d6872	gb:JN706699|Organism:Influenza	94.425	287	8	7	1	285	1940	2220	5.31e-121	435
67630c96-81a1-4cdd-84e4-24628a1b80d5	gb:JN706699|Organism:Influenza	95.760	283	6	4	5	285	1942	2220	5.27e-126	451
80fd5402-21a2-4f9b-ae9c-7d1a3a247cc4	gb:HM370966|Organism:Influenza	97.173	283	5	2	1	281	2220	1939	3.08e-133	475
968d539e-79fe-4fe4-b408-2db3a21ced90	gb:JN706699|Organism:Influenza	95.105	286	7	5	3	287	1941	2220	8.89e-124	444
aab85fb5-dd8b-4517-979b-4f5da59a51f5	gb:HM370966|Organism:Influenza	98.227	282	3	2	1	280	2220	1939	3.05e-138	492
9b18fdde-ce27-4462-945b-822a8148aba1	gb:HM370966|Organism:Influenza	95.804	286	8	3	11	295	1938	2220	3.27e-128	459
b8c415f1-4f26-480f-8cac-89002f99bcd1	gb:HM370966|Organism:Influenza	97.518	282	7	0	1	282	1939	2220	1.85e-135	483
aaad649a-61dd-45ba-b702-5f4535ef9b1f	gb:JN706699|Organism:Influenza	99.291	282	2	0	1	282	1939	2220	8.48e-144	510
d2c4f5fe-900d-4bc6-93a0-962886a403cb	gb:HM370966|Organism:Influenza	96.528	288	4	4	1	288	1939	2220	4.10e-132	472
9d4cca33-04b2-4ea2-ab0b-4c12b27b23a7	gb:CY080097|Organism:Influenza	90.086	232	10	10	1	223	2208	1981	4.98e-77	289
58052bab-adcf-4992-a6f4-2e80a1600fd0	gb:HM370966|Organism:Influenza	92.958	284	9	11	1	275	2220	1939	1.44e-111	403
9f38945e-434c-4446-a16d-8d27cdd5fdce	gb:HM370966|Organism:Influenza	95.918	294	7	4	3	295	2228	1939	4.20e-132	472
e6560de4-8066-4347-8c09-80690f049242	gb:JN706699|Organism:Influenza	97.122	278	4	4	5	281	1946	2220	1.85e-130	466
f6d3f7e6-87c3-4981-b316-17e0f232111c	gb:HM370966|Organism:Influenza	96.099	282	6	4	1	277	2220	1939	4.17e-127	455
b2a18e4d-a71b-4ae5-b90f-e93b8b20e8bd	gb:HM370966|Organism:Influenza	97.527	283	5	2	1	282	2220	1939	1.85e-135	483
defe397d-f0bd-409f-80ed-f446394e0d83	gb:HM370966|Organism:Influenza	98.239	284	3	2	1	284	2220	1939	2.39e-139	496
ad6f1e38-cedc-41be-a553-33d6e8a41a93	gb:HM370966|Organism:Influenza	97.887	284	4	2	1	284	1939	2220	1.11e-137	490
df27561e-2906-45d2-aa65-1017806bb50a	gb:HM370966|Organism:Influenza	98.227	282	4	1	1	281	2220	1939	3.23e-138	492
f1e99df0-321f-497c-a6a4-0ab0161cc22d	gb:HM370966|Organism:Influenza	96.454	282	6	1	1	278	2220	1939	2.37e-129	462
5b4d9636-f862-43c4-9b30-afd7cd1618ca	gb:HM370966|Organism:Influenza	97.880	283	4	2	1	282	1939	2220	3.97e-137	488
1a8da471-5dbc-427e-87d8-009df69eeb5d	gb:JN706699|Organism:Influenza	94.792	288	6	5	1	285	1939	2220	1.14e-122	440
fb966531-16aa-44e2-9cd1-978db2f9c437	gb:CY004350|Organism:Influenza	95.088	285	5	6	1	279	2220	1939	1.12e-122	440
6034f24b-37eb-43bb-a85a-1f1ac0ed2d40	gb:HM370966|Organism:Influenza	95.439	285	8	4	1	283	2220	1939	1.88e-125	449
91a01843-88a9-497f-a73e-b3240cfd9acc	gb:HM370966|Organism:Influenza	86.411	287	20	16	1	273	1939	2220	2.49e-79	296
f0d5dbec-ee10-4834-81c2-f8f2d67fcbaa	gb:JN706699|Organism:Influenza	96.140	285	3	7	1	281	1939	2219	3.12e-128	459
a15ac28b-9d19-4b4e-8bd8-27db05e34c20	gb:HM370966|Organism:Influenza	92.388	289	7	12	1	281	2220	1939	6.86e-110	398
20483b15-0507-4cae-8f82-1d549c9d69ed	gb:HM370966|Organism:Influenza	97.527	283	5	2	1	282	1939	2220	1.85e-135	483
f23fb4c7-5681-4fa8-bb5c-23e8c17b9db8	gb:JN706699|Organism:Influenza	99.293	283	1	1	1	283	1939	2220	8.51e-144	510
c708b2ea-ad8d-4dbf-afb6-f453f7d6767d	gb:HM370966|Organism:Influenza	95.775	284	9	3	1	283	1939	2220	4.05e-127	455
69c3d9a5-54b5-4655-8e5c-43e3ce999f28	gb:HM370966|Organism:Influenza	96.140	285	7	2	1	284	1939	2220	2.43e-129	462
9f3ef617-481c-4817-a178-def40e650eb2	gb:HM370966|Organism:Influenza	95.018	281	7	5	4	279	2217	1939	5.19e-121	435
0a3b037c-00e4-4200-b744-285d124baeaf	gb:HM370966|Organism:Influenza	98.227	282	2	1	1	279	2220	1939	1.09e-137	490
934b0c2a-50bd-443a-8ed5-c3d28475806d	gb:JN706699|Organism:Influenza	97.527	283	5	2	1	282	1939	2220	1.85e-135	483
b23c8451-595f-4779-9fd7-d9bd2ff2eccf	gb:CY101648|Organism:Influenza	84.502	271	20	16	4	258	1929	2193	7.03e-65	248
3cb0a159-0014-4d12-a123-a196bf434b69	gb:HM370966|Organism:Influenza	95.222	293	5	7	3	289	2228	1939	4.14e-127	455
05821149-268b-425e-8604-eff8b934d97e	gb:HM370966|Organism:Influenza	96.831	284	5	3	1	282	2220	1939	4.00e-132	472
7d87a9eb-d42a-443c-9280-86c440068161	gb:HM370966|Organism:Influenza	97.173	283	3	3	1	279	2220	1939	1.10e-132	473
cd473211-810e-401c-b7b6-2a0dafd02819	gb:HM370966|Organism:Influenza	98.276	290	2	2	1	290	2220	1934	4.16e-142	505
aff546c0-a4f2-46ee-9d65-7c8e87e839c2	gb:HM370966|Organism:Influenza	95.423	284	5	6	1	278	2220	1939	2.39e-124	446
c6abd8e4-de14-47e6-92c5-cc75f0cc1a4b	gb:HM370966|Organism:Influenza	99.291	282	2	0	1	282	2220	1939	8.48e-144	510
23b055af-5a55-4e30-abbe-25e3cc4d0127	gb:HM370966|Organism:Influenza	95.789	285	8	4	1	284	2220	1939	1.13e-127	457
6793b193-e89c-4819-93a6-96a53d9c2eb6	gb:HM370966|Organism:Influenza	97.887	284	2	4	1	282	2220	1939	3.97e-137	488
3edbdfb1-8f4d-4c52-a378-4831e074ee52	gb:HM370966|Organism:Influenza	92.982	285	5	12	1	273	2220	1939	5.14e-111	401
711b7537-5dc8-4bf4-b31b-234791548bd5	gb:HM370966|Organism:Influenza	93.617	282	7	8	13	284	1940	2220	8.92e-114	411
3ed8ffd2-1e7a-4281-99ab-f9b226774a7b	gb:HM370966|Organism:Influenza	98.582	282	3	1	1	281	2220	1939	6.58e-140	497
1e3af998-b4a3-4da2-ac8f-ad3370820f6b	gb:HM370966|Organism:Influenza	96.454	282	7	2	14	293	1940	2220	2.51e-129	462
1821f356-beb7-410b-bbdb-2b4948baff04	gb:HM370966|Organism:Influenza	96.454	282	4	6	14	290	1940	2220	8.93e-129	460
45e9bea4-82e1-46ab-9159-a3668a2b03c4	gb:HM370966|Organism:Influenza	95.390	282	7	5	1	279	1939	2217	8.72e-124	444
62e11c06-ed55-443d-8e81-3f2b3a65c9cb	gb:HM370966|Organism:Influenza	97.163	282	5	2	1	279	1939	2220	1.10e-132	473
78d11481-a84c-49eb-9485-87b45e993dbb	gb:HM370966|Organism:Influenza	96.479	284	4	5	1	281	2220	1940	7.08e-130	464
35f70066-b7e5-4acc-95e2-817c4891f5eb	gb:HM370966|Organism:Influenza	94.565	276	10	4	1	276	2220	1950	4.40e-117	422
ef955528-fe3b-45bd-8625-dc4dd7abbc51	gb:HM370966|Organism:Influenza	98.233	283	2	3	1	281	2220	1939	3.06e-138	492
6117efa4-e227-4296-9e20-efc3811544b2	gb:HM370966|Organism:Influenza	96.516	287	3	4	1	285	1939	2220	5.24e-131	468
f7393830-eed9-41db-ba0b-63b0fa3da1d1	gb:HM370966|Organism:Influenza	99.275	276	2	0	4	279	1945	2220	1.81e-140	499
11fe0730-760b-4eec-afc0-ee5a5d028be5	gb:HM370966|Organism:Influenza	96.167	287	5	3	1	286	2220	1939	6.80e-130	464
6faa4688-8532-4ac0-bebd-99a42f09526b	gb:HM370966|Organism:Influenza	99.291	282	2	0	1	282	1939	2220	8.48e-144	510
a080c16a-8d42-4f9c-96ce-e23fe0812f35	gb:HM370966|Organism:Influenza	97.173	283	3	4	1	279	2220	1939	1.10e-132	473
913bf72b-ce4b-4ae0-a118-10f6b278071c	gb:HM370966|Organism:Influenza	85.185	297	19	19	1	287	1939	2220	7.38e-75	281
5f7c7bcd-3f06-4246-962c-7a3e5df16488	gb:HM370966|Organism:Influenza	96.127	284	6	4	1	281	2220	1939	3.10e-128	459
1c31e696-cc03-4c31-b681-c57d7cf3c31a	gb:HM370966|Organism:Influenza	95.775	284	7	5	1	281	2220	1939	1.44e-126	453
7aeef0bb-3424-472b-bece-873f64b1cd00	gb:HM370966|Organism:Influenza	97.518	282	6	1	1	281	1939	2220	6.62e-135	481
2c138fd3-95a5-450b-a68e-87424cf50cae	gb:HM370966|Organism:Influenza	89.931	288	15	12	1	280	1939	2220	3.23e-98	359
add3bce5-aa5d-401b-a865-ac97678a184d	gb:HM370966|Organism:Influenza	97.872	282	5	1	1	281	1939	2220	1.42e-136	486
f629b6ce-2a32-4bae-a30b-47411667c279	gb:HM370966|Organism:Influenza	90.508	295	13	9	1	293	1939	2220	3.37e-103	375
7360395f-d469-441a-8942-98a6a8639242	gb:HM370966|Organism:Influenza	98.929	280	2	1	4	283	1942	2220	1.84e-140	499
95d5b031-b4dd-4fc1-8cad-d2358e3cdf3c	gb:HM370966|Organism:Influenza	86.316	285	22	13	1	272	2220	1940	9.01e-79	294
ffe9d2a7-578f-4d72-8429-ebae05bc9566	gb:HM370966|Organism:Influenza	97.173	283	6	2	1	282	1939	2220	8.60e-134	477
5f8cc7d7-69e1-4826-8886-10fae527c042	gb:HM370966|Organism:Influenza	94.828	290	6	9	1	289	1939	2220	8.96e-124	444
73bd202a-eefe-4bb3-b0f1-02510f728014	gb:HM370966|Organism:Influenza	94.558	294	7	7	1	290	1939	2227	2.55e-124	446
6cfd8624-a8aa-4bd9-ac71-aa03b62ab3a0	gb:HM370966|Organism:Influenza	98.592	284	2	2	1	284	2220	1939	5.14e-141	501
a7bd1c8b-4f0c-4423-a20c-96ac65ad1ca4	gb:HM370966|Organism:Influenza	96.113	283	3	7	13	289	1940	2220	4.14e-127	455
0b14d21a-893c-4264-8989-09269330c5ef	gb:HM370966|Organism:Influenza	90.625	288	15	10	1	277	2220	1934	4.18e-102	372
adb4b447-e501-4306-a2a7-d1c944ecffd3	gb:HM370966|Organism:Influenza	95.470	287	3	7	1	282	1939	2220	1.88e-125	449
99d34429-8767-4f20-8210-9ebf3ea759e3	gb:HM370966|Organism:Influenza	96.140	285	6	3	1	283	2220	1939	8.70e-129	460
5132c5ad-a527-4b01-9b1f-62cd6747af51	gb:HM370966|Organism:Influenza	98.582	282	4	0	1	282	1939	2220	1.84e-140	499
07b1f9f0-3418-4374-801d-c6fa51f80284	gb:HM370966|Organism:Influenza	96.491	285	5	4	1	283	1939	2220	1.87e-130	466
63cf7563-0971-4e43-b25c-67e7146e9c31	gb:HM370966|Organism:Influenza	95.486	288	6	4	1	287	1939	2220	1.48e-126	453
0b83e08a-4cb1-4621-bbdf-f89923ebced6	gb:HM370966|Organism:Influenza	99.291	282	2	0	1	282	2220	1939	8.48e-144	510
c465000c-ab90-4cdd-8bd3-6c561634d627	gb:HM370966|Organism:Influenza	96.809	282	5	2	1	278	2220	1939	5.10e-131	468
7d8f573b-fac0-4bb1-8ab9-6158246cf1e9	gb:HM370966|Organism:Influenza	97.552	286	3	2	1	286	2220	1939	1.45e-136	486
50b0d02f-2f7c-4207-abce-e7943abc79c2	gb:JN706699|Organism:Influenza	96.809	282	5	4	1	278	1939	2220	5.10e-131	468
bb47cf8c-fb32-4564-8dd3-0df101c72926	gb:HM370966|Organism:Influenza	96.540	289	6	4	10	297	1935	2220	3.26e-133	475
6adbf39b-1e92-4cf9-b959-dd0af9d43460	gb:CY207242|Organism:Influenza	95.041	121	2	4	126	245	2091	2208	1.39e-46	187
a4380b5d-7528-45aa-813b-8b97a6bc1983	gb:HM370966|Organism:Influenza	98.587	283	3	1	1	283	1939	2220	1.84e-140	499
98fb1bf0-dae0-4d57-9f46-5457465dea98	gb:HM370966|Organism:Influenza	93.960	298	9	8	1	292	1939	2233	3.26e-123	442
a2e27cbb-cda6-467f-9305-454ce9dadf7e	gb:HM370966|Organism:Influenza	98.233	283	3	2	1	282	1939	2220	8.54e-139	494
79ac7b36-8d07-4413-aac4-4630670ba0a1	gb:HM370966|Organism:Influenza	96.454	282	8	2	1	280	1939	2220	6.64e-130	464
ad54cc50-967e-4329-8084-41f21920ffe6	gb:JN706699|Organism:Influenza	95.489	266	5	7	23	284	1958	2220	5.33e-116	418
57cfa8b2-1922-4693-b486-9616c8f3d2aa	gb:HM370966|Organism:Influenza	98.582	282	3	1	14	295	1940	2220	6.94e-140	497
640e7875-9adf-47f9-afb1-b433f4849e36	gb:JN706699|Organism:Influenza	97.518	282	5	2	14	294	1940	2220	6.96e-135	481
971d56d6-b04f-467a-80a9-39d701733938	gb:HM370966|Organism:Influenza	93.603	297	12	6	1	292	2233	1939	1.52e-121	436
1f70f57f-ba25-475d-91a9-ed4d4f9e15f8	gb:HM370966|Organism:Influenza	90.625	288	13	12	1	280	2220	1939	1.49e-101	370
08cf7f45-1561-41a0-8caf-3cbb8829b8b2	gb:JN706699|Organism:Influenza	96.831	284	4	5	1	281	1939	2220	1.43e-131	470
93ec974d-b3d4-42a3-b791-21bdfbce7664	gb:HM370966|Organism:Influenza	96.479	284	3	4	1	279	2220	1939	2.38e-129	462
3a63f7b0-11c2-4b49-b747-b664c707e5d8	gb:HM370966|Organism:Influenza	91.696	289	11	10	1	283	2220	1939	4.16e-107	388
d4e67b38-5269-4c06-b18f-69df33cdb89b	gb:HM370966|Organism:Influenza	97.917	288	5	1	96	383	1934	2220	9.17e-140	497
c08f3f1f-dab8-4eed-b235-55e2ab275b0f	gb:KX978623|Organism:Influenza	95.730	281	8	4	18	296	1942	2220	1.97e-125	449
e3cb44e4-f6e9-4151-9dd5-6776a6e3e068	gb:HM370966|Organism:Influenza	94.406	286	8	6	1	282	2220	1939	1.89e-120	433
71305c85-2a23-491a-a204-3773c02965ce	gb:HM370966|Organism:Influenza	97.872	282	4	2	1	280	1939	2220	1.42e-136	486
ec25dc19-6c2e-4690-a3f0-16fac2af53cd	gb:HM370966|Organism:Influenza	97.473	277	3	3	1	274	2220	1945	1.52e-131	470
a1aac31d-c216-43a4-9028-438634d43ecf	gb:HM370966|Organism:Influenza	94.774	287	8	5	1	285	1939	2220	1.14e-122	440
fb906d4f-2bdb-498f-a814-7c271024201e	gb:HM370966|Organism:Influenza	98.936	282	3	0	1	282	2220	1939	3.95e-142	505
7184fd96-c7a4-44f6-b089-ef999f07299f	gb:HM370966|Organism:Influenza	97.872	282	5	1	1	281	1939	2220	1.42e-136	486
f200940a-139c-450b-93c2-3241b27f9cbf	gb:HM370966|Organism:Influenza	96.479	284	4	5	1	280	2220	1939	6.64e-130	464
4b463236-83f3-450e-a1f8-aeba42299909	gb:HM370966|Organism:Influenza	98.582	282	3	1	1	281	2220	1939	6.58e-140	497
6146788e-5647-46dc-9f57-72db815b4fb2	gb:HM370966|Organism:Influenza	98.227	282	2	1	1	279	2220	1939	1.09e-137	490
20a3b31e-1c17-48d9-b68f-2e5f3dabc5ec	gb:CY116848|Organism:Influenza	89.510	286	15	12	1	275	2208	1927	8.98e-95	348
127d73da-4336-44c6-a7f9-df82cbd290a0	gb:JN706699|Organism:Influenza	98.479	263	3	1	24	285	1958	2220	2.44e-129	462
3003c5a7-1b3d-4801-91f3-2bfbf1bbf286	gb:HM370966|Organism:Influenza	93.640	283	10	6	1	276	2220	1939	1.86e-115	416
3a3db66a-a009-4ce6-8ec4-0dc600fa220a	gb:HM370966|Organism:Influenza	92.440	291	6	10	1	284	2220	1939	5.37e-111	401
d94dd6d3-1e94-45e3-99e4-6ff562858f1c	gb:HM370966|Organism:Influenza	96.167	287	8	3	10	293	1934	2220	1.94e-130	466
47be965b-6132-48c3-a1c6-623c693c71ae	gb:HM370966|Organism:Influenza	97.518	282	5	2	1	280	2220	1939	6.60e-135	481
bd95a16b-d11d-41ee-93c4-38eabe3284e2	gb:HM370966|Organism:Influenza	98.252	286	3	1	8	291	1935	2220	1.90e-140	499
6d54e6a0-78bd-4a9d-9fc4-8e1169d7378b	gb:HM370966|Organism:Influenza	97.872	282	4	2	1	280	1939	2220	1.42e-136	486
56248150-15a1-441f-ac51-f4436f54dfdf	gb:HM370966|Organism:Influenza	96.491	285	4	4	1	282	2220	1939	1.86e-130	466
4dd7d386-76e9-42b4-acd1-de89a9a667d7	gb:HM370966|Organism:Influenza	93.972	282	8	8	107	385	1945	2220	7.38e-116	418
46bc5de5-70cd-4349-8217-b54e8b27426d	gb:HM370966|Organism:Influenza	98.587	283	3	1	1	283	2220	1939	1.84e-140	499
e94d8fcf-a3bc-4af3-bfb9-08cf229b031c	gb:HM370966|Organism:Influenza	85.121	289	26	14	1	276	2220	1936	3.34e-74	279
55186a67-8f41-44ff-b52a-741e1ce8a344	gb:HM370966|Organism:Influenza	95.833	288	4	6	1	286	1939	2220	3.16e-128	459
389040c3-a897-400e-b394-96e5c0466db8	gb:HM370966|Organism:Influenza	93.031	287	9	9	116	399	1942	2220	4.62e-113	409
dda047e9-293f-408f-8d5e-93d5f1fba44a	gb:HM370966|Organism:Influenza	97.527	283	2	2	1	279	2220	1939	2.36e-134	479
70357f89-a518-4a10-aa27-ea961e51f153	gb:HM370966|Organism:Influenza	98.227	282	4	1	1	281	2220	1939	3.06e-138	492
794cba00-31e2-4760-a1c2-90ffe9528967	gb:KX978623|Organism:Influenza	88.014	292	19	11	1	286	1939	2220	7.20e-90	331
269e904b-1dd1-49cb-980d-4f911ad464d6	gb:HM370966|Organism:Influenza	96.842	285	3	1	1	279	2220	1936	4.06e-132	472
9c73038c-548b-4c61-8bfc-9b7a9db200df	gb:HM370966|Organism:Influenza	98.936	282	3	0	1	282	1939	2220	3.95e-142	505
76917d9e-70bd-478c-94e5-0d8d815db427	gb:HM370966|Organism:Influenza	88.693	283	17	11	110	379	1940	2220	9.73e-90	331
0c68f51b-c08f-44c4-bbb9-d93e8b67c41a	gb:HM370966|Organism:Influenza	96.809	282	6	3	1	280	1940	2220	5.14e-131	468
6e8f5e9a-f46e-4117-95d1-05c9699230c3	gb:CY185726|Organism:Influenza	93.333	285	11	6	1	280	2208	1927	6.79e-115	414
76e6e144-7658-475f-a630-5057b851de83	gb:HM370966|Organism:Influenza	94.386	285	9	7	1	281	2220	1939	6.77e-120	431
39997384-b175-4c3e-91b4-5bf009d0f884	gb:HM370966|Organism:Influenza	98.587	283	3	1	1	283	1939	2220	1.84e-140	499
2bad59df-110b-4a9b-a909-f83b73730152	gb:HM370966|Organism:Influenza	98.582	282	4	0	1	282	1939	2220	1.84e-140	499
3325f22e-429f-4ee2-8344-b2156dd67e59	gb:HM370966|Organism:Influenza	96.099	282	4	2	1	275	2220	1939	1.41e-126	453
25de0cb3-c426-499e-b8ba-6b34a9e8bfe2	gb:HM370966|Organism:Influenza	97.153	281	5	1	13	290	1940	2220	4.13e-132	472
c94e1730-13f1-42a9-afc8-af1fe54f303b	gb:HM370966|Organism:Influenza	98.587	283	3	1	1	283	2220	1939	1.84e-140	499
31a08810-ce37-4bd3-9084-80f1c71d0bfb	gb:HM370966|Organism:Influenza	98.582	282	2	2	1	280	2220	1939	6.55e-140	497
4d55cc10-e89f-47ee-90d5-1b919dad0cd2	gb:HM370966|Organism:Influenza	97.173	283	4	3	1	280	1939	2220	3.07e-133	475
3107050b-12f1-4793-b20f-67cf2e604bf6	gb:HM370966|Organism:Influenza	97.880	283	4	2	1	282	1939	2220	3.97e-137	488
dd094d64-dcc3-4cd6-b136-c0163040420a	gb:HM370966|Organism:Influenza	98.233	283	4	1	1	283	2220	1939	8.57e-139	494
782ec2fc-4802-4471-9677-88fe9417b3ae	gb:CY185842|Organism:Influenza	85.366	287	24	16	115	393	2203	1927	1.03e-74	281
92279b5c-0bc2-4008-a686-29d0e33cb41b	gb:HM370966|Organism:Influenza	96.207	290	5	4	1	285	1939	2227	1.49e-131	470
97053df6-1d50-4592-a26e-a8227b44536e	gb:HM370966|Organism:Influenza	96.842	285	4	5	1	283	2220	1939	4.02e-132	472
4d9ca126-5a59-47b5-af5e-a1812b876b94	gb:HM370966|Organism:Influenza	98.214	280	2	3	15	293	1943	2220	1.49e-136	486
4889ea9a-6527-49d0-9d70-917d07ebd697	gb:HM370966|Organism:Influenza	93.706	286	7	9	1	279	1939	2220	5.23e-116	418
4210e071-715e-4470-9c0c-fa6b55bdb46c	gb:HM370966|Organism:Influenza	95.775	284	6	4	1	284	1939	2216	1.48e-126	453
edd34ada-74c6-4881-8f69-233bd0006e6e	gb:JN706699|Organism:Influenza	96.140	285	5	6	1	282	1939	2220	8.66e-129	460
0e671ae7-bbf4-4079-ac07-6faf02f1f638	gb:HM370966|Organism:Influenza	99.291	282	2	0	1	282	2220	1939	8.48e-144	510
d543b3fb-cdba-485d-a3b1-8153c331b196	gb:HM370966|Organism:Influenza	90.909	297	12	12	1	290	1939	2227	5.63e-106	385
14ba3f2d-4e4e-49e6-b618-fb09d18a0305	gb:HM370966|Organism:Influenza	97.880	283	4	2	1	282	2220	1939	3.97e-137	488
5186cf50-f958-4a6a-b686-0380d3bd81fb	gb:HM370966|Organism:Influenza	84.797	296	21	17	1	286	1939	2220	3.42e-73	276
6246e90f-30a2-4e7d-9ac1-fb7329dced39	gb:HM370966|Organism:Influenza	95.423	284	5	8	3	281	1940	2220	2.42e-124	446
b32bb4f0-a866-47d8-b7e5-df7fb2df5200	gb:HM370966|Organism:Influenza	95.760	283	9	3	1	281	1939	2220	1.44e-126	453
aba163db-782b-4dc7-a1dd-fd86061085d8	gb:HM370966|Organism:Influenza	96.820	283	3	3	1	278	2220	1939	5.10e-131	468
8deb451b-e907-4602-b598-ea1199fbc284	gb:HM370966|Organism:Influenza	98.227	282	2	1	1	279	2220	1939	1.09e-137	490
c5c56c77-7555-4cd8-891a-b49bf6829c4d	gb:JN706699|Organism:Influenza	92.632	285	8	10	13	284	1936	2220	6.94e-110	398
0e0cfb11-4ee9-495e-ae9c-ac1ff2cdf210	gb:HM370966|Organism:Influenza	97.518	282	4	3	1	279	2220	1939	2.36e-134	479
0c084c72-59dd-4789-9552-4435ae6ec377	gb:HM370966|Organism:Influenza	92.905	296	11	7	91	377	2233	1939	5.58e-117	422
76c5bc7b-019a-4415-ac6b-3ef752c99c0a	gb:CY019202|Organism:Influenza	93.165	278	12	5	7	279	2190	1915	5.26e-111	401
f472272d-d813-4d6d-9ff0-88c6e4dcff77	gb:HM370966|Organism:Influenza	94.881	293	5	7	99	383	2229	1939	2.60e-125	449
c1bb0d86-1a86-4c79-94a5-bda4a10f25b8	gb:HM370966|Organism:Influenza	97.872	282	3	2	1	279	2220	1939	5.08e-136	484
57610e4b-be66-4520-9b1f-d0af8bb9143c	gb:HM370966|Organism:Influenza	96.842	285	6	3	1	285	1939	2220	1.13e-132	473
b28816fd-baf8-4ce4-990e-33ad71544d55	gb:HM370966|Organism:Influenza	95.070	284	9	4	1	281	1939	2220	3.13e-123	442
e07ec51c-566b-44a9-944b-a74e53b1d4df	gb:HM370966|Organism:Influenza	91.519	283	17	6	1	277	1939	2220	1.89e-105	383
b6f18ed2-c629-4407-b0e7-5624440056f9	gb:HM370966|Organism:Influenza	96.491	285	5	4	1	283	2220	1939	1.87e-130	466
6f76b932-69a1-4a28-a9d5-8756a8cd43b8	gb:JN706699|Organism:Influenza	95.035	282	12	2	1	280	2220	1939	3.11e-123	442
84361869-2298-4a40-b9f3-34970ca90375	gb:HM370966|Organism:Influenza	97.902	286	2	2	1	286	1939	2220	3.12e-138	492
36d78b58-3e08-4faa-a46b-b4c939cbb13e	gb:KX978623|Organism:Influenza	95.139	288	6	5	1	286	2220	1939	6.85e-125	448
c9bfa9ff-97f4-46e8-bbeb-0314036e0b56	gb:HM370966|Organism:Influenza	95.053	283	10	4	1	280	1939	2220	3.11e-123	442
6c8e77e8-5b26-4673-b400-b33a68839cc1	gb:HM370966|Organism:Influenza	97.880	283	4	2	1	282	1939	2220	3.97e-137	488
46a7f867-861a-4db3-a31e-0db799fd419c	gb:HM370966|Organism:Influenza	96.939	294	4	4	1	294	1939	2227	4.23e-137	488
bf7f7eb2-7a46-4993-97ec-808e4e9e6be5	gb:HM370966|Organism:Influenza	91.459	281	15	8	13	286	2217	1939	9.11e-104	377
385be0fd-eada-4eee-ae1c-e66a16b40290	gb:HM370966|Organism:Influenza	99.291	282	2	0	1	282	2220	1939	8.48e-144	510
c8432871-356f-4fa0-b551-8745fa681e76	gb:HM370966|Organism:Influenza	99.291	282	2	0	1	282	2220	1939	8.48e-144	510
32640ed9-945c-49fa-a57f-e7247bc215fa	gb:MH546994|Organism:Influenza	96.078	255	5	5	123	375	1948	2199	1.21e-113	411
6fa90eae-61fb-4a76-9ddc-3788120b266a	gb:HM370966|Organism:Influenza	97.880	283	2	2	1	280	2220	1939	1.42e-136	486
26acd12e-3f0c-4081-9956-9c25cb002ce6	gb:HM370966|Organism:Influenza	92.226	283	16	6	10	289	1938	2217	3.33e-109	396
1dc32a45-eca6-4aef-a6d1-b3244f4015e9	gb:HM370966|Organism:Influenza	97.173	283	7	1	1	283	1939	2220	8.64e-134	477
68b5c429-7bd4-43b8-8322-1e2737b884bc	gb:HM370966|Organism:Influenza	97.518	282	4	3	1	279	1939	2220	2.36e-134	479
0faef94a-a96a-4c95-905f-74fb33814aaf	gb:HM370966|Organism:Influenza	98.582	282	3	1	1	281	2220	1939	6.58e-140	497
904b771e-43d4-4d70-abe3-6aef32658cb7	gb:JN706699|Organism:Influenza	97.865	281	3	3	17	294	1940	2220	1.94e-135	483
a37ef251-c0e1-4258-a489-76fd3ea4a25a	gb:HM370966|Organism:Influenza	93.640	283	9	7	1	275	2220	1939	6.65e-115	414
b6a24c4b-b16e-411c-9191-a1f85a1c2bac	gb:HM370966|Organism:Influenza	99.291	282	2	0	1	282	1939	2220	8.48e-144	510
0873aaa6-b24b-42d9-985a-97cbdacf2ce2	gb:HM370966|Organism:Influenza	97.193	285	4	3	1	284	1939	2220	2.41e-134	479
28316fd5-5477-41a6-9c75-95b115734858	gb:HM370966|Organism:Influenza	97.880	283	3	2	1	281	1939	2220	1.42e-136	486
a4517352-20cf-494f-9cd4-1e7958dc2404	gb:HM370966|Organism:Influenza	96.622	296	7	3	3	297	1940	2233	4.23e-137	488
9c917916-2211-45b5-b71e-c368b65206ce	gb:HM370966|Organism:Influenza	98.246	285	2	1	1	285	2220	1939	2.40e-139	496
306683ca-d050-4a22-a367-8ae6cfa13c67	gb:HM370966|Organism:Influenza	96.057	279	8	3	4	281	2215	1939	5.23e-126	451
fd48082a-be34-479e-b280-7bd1a5744ee9	gb:HM370966|Organism:Influenza	96.113	283	7	3	1	280	2220	1939	3.09e-128	459
63073c50-926a-45f1-b9be-c0a0ca9d70e7	gb:HM370966|Organism:Influenza	97.213	287	6	2	12	296	1934	2220	5.40e-136	484
bdaecb91-fd2c-454d-8fd6-9029a8ecf45c	gb:HM370966|Organism:Influenza	89.892	277	21	6	1	270	2220	1944	1.90e-95	350
e1abe357-264d-459e-8e0d-977829359ff3	gb:HM370966|Organism:Influenza	96.466	283	5	4	1	279	2220	1939	2.38e-129	462
b3c4e83d-8090-4786-a176-6d4e5efec1d9	gb:HM370966|Organism:Influenza	98.227	282	3	2	1	280	2220	1939	3.05e-138	492
fb2aa0af-98f8-4261-b592-fdaa7847db66	gb:HM370966|Organism:Influenza	97.143	280	4	2	3	282	1945	2220	1.44e-131	470
724e03c0-7792-42c6-b348-3a4de11ac28a	gb:HM370966|Organism:Influenza	98.582	282	4	0	1	282	1939	2220	1.84e-140	499
4540b8f8-b436-4c02-b43b-bf5594385902	gb:HM370966|Organism:Influenza	96.853	286	3	5	1	284	2220	1939	1.12e-132	473
3b1fafa4-ab5b-43fc-af99-62f82ec209cd	gb:HM370966|Organism:Influenza	96.113	283	3	6	1	276	2220	1939	3.94e-127	455
c588b210-0ac5-4880-a227-2784156ace4b	gb:HM370966|Organism:Influenza	97.173	283	4	4	1	280	2220	1939	3.24e-133	475
3018f30a-111c-4d3d-8f2e-0bfcdd796277	gb:HM370966|Organism:Influenza	96.466	283	7	3	1	281	2220	1939	6.67e-130	464
9da2da40-b5ef-4c61-a11f-2ad174e21e6a	gb:HM370966|Organism:Influenza	96.479	284	3	5	1	279	2220	1939	2.38e-129	462
96c8ae65-68f1-45da-832f-5cc4f446fa67	gb:HM370966|Organism:Influenza	97.872	282	2	2	1	278	2220	1939	5.06e-136	484
fcb93398-65e2-4f05-9055-a2531bf69212	gb:HM370966|Organism:Influenza	95.745	282	8	4	111	390	1941	2220	7.38e-126	451
2dcde80a-28bb-4589-8851-3ec22dbf5b23	gb:HM370966|Organism:Influenza	96.842	285	6	3	13	295	2222	1939	1.17e-132	473
adc6212e-6151-4eaa-8e81-ca6fef62bf82	gb:HM370966|Organism:Influenza	95.390	282	10	1	1	279	2220	1939	2.40e-124	446
58d8e814-d428-4a97-828a-996375551ed6	gb:HM370966|Organism:Influenza	95.804	286	6	5	1	284	1939	2220	1.13e-127	457
d9dc5805-7861-4fe4-a57a-33a7a81e67cf	gb:HM370966|Organism:Influenza	95.406	283	8	4	1	279	1939	2220	2.40e-124	446
5cedc2a0-54e6-4957-8417-063304a1d098	gb:JN706699|Organism:Influenza	97.518	282	5	2	1	280	1939	2220	6.60e-135	481
0f7db620-9fd0-42ad-95f6-2fe7773c9c63	gb:HM370966|Organism:Influenza	95.423	284	9	4	1	282	1939	2220	1.88e-125	449
56db7a0d-da36-41b1-9341-e0c0b4b41203	gb:HM370966|Organism:Influenza	98.227	282	3	1	1	280	1939	2220	3.05e-138	492
bacc3767-f165-43b8-a3c0-0491f0f65975	gb:HM370966|Organism:Influenza	94.346	283	6	4	1	274	2220	1939	3.06e-118	425
5885addd-b7b7-4b51-8461-bdac7a13acd6	gb:HM370966|Organism:Influenza	97.880	283	4	2	1	282	2220	1939	3.97e-137	488
724b2318-91a5-4470-aa2b-7e07e326260d	gb:HM370966|Organism:Influenza	96.809	282	4	4	1	277	2220	1939	1.83e-130	466
c09dc385-0baa-4583-beda-7e97f007843e	gb:HM370966|Organism:Influenza	96.127	284	4	7	1	279	1939	2220	1.11e-127	457
6a68246e-38a3-410c-9abd-c6a6ebd144a2	gb:HM370966|Organism:Influenza	95.070	284	7	6	1	279	2220	1939	1.12e-122	440
6979cac7-6d32-4923-875e-873b9d5476d8	gb:HM370966|Organism:Influenza	95.423	284	10	3	1	283	1939	2220	1.88e-125	449
8fcc7163-1ce5-4671-b707-4abc4fbadaa5	gb:HM370966|Organism:Influenza	93.357	286	7	8	1	278	2220	1939	2.42e-114	412
9e2bbe4f-8673-4408-9655-66e70dc621e0	gb:HM370966|Organism:Influenza	97.880	283	5	1	1	283	1939	2220	3.99e-137	488
61ec29ae-8412-43c4-83cc-88302afe671e	gb:HM370966|Organism:Influenza	99.265	272	2	0	13	284	1945	2216	3.13e-138	492
4838f042-85d2-4c5a-8dc7-33facd9bcaa9	gb:HM370966|Organism:Influenza	95.053	283	5	5	1	275	2220	1939	1.43e-121	436
ad99f30e-2ac7-461d-b339-78258337950a	gb:HM370966|Organism:Influenza	97.880	283	5	1	1	283	1939	2220	3.99e-137	488
0b1bfbf3-89b1-4535-abc4-6198dc867cb5	gb:JN706699|Organism:Influenza	96.127	284	5	5	1	280	1939	2220	3.09e-128	459
2b6af6c6-279e-4ef3-8346-a3b43ae44a07	gb:HM370966|Organism:Influenza	97.527	283	3	3	1	280	2220	1939	6.60e-135	481
df678e5e-b290-4c07-9376-a514f2dbdc4c	gb:MH546994|Organism:Influenza	96.441	281	5	5	1	276	1927	2207	3.06e-128	459
ae6b8dca-2873-402c-b750-19649d1f4525	gb:HM370966|Organism:Influenza	97.163	282	5	3	1	279	1939	2220	1.10e-132	473
9a57eba9-cbbf-4afc-ace5-5b4412dd85ac	gb:HM370966|Organism:Influenza	94.643	280	10	5	6	282	1943	2220	2.44e-119	429
cc95e370-8eb3-45a0-a605-45a218ec7d31	gb:HM370966|Organism:Influenza	94.444	288	6	7	1	284	2220	1939	5.29e-121	435
dcf4f4ae-5d4c-4b31-9f67-d78a95a973fb	gb:HM370966|Organism:Influenza	95.406	283	9	4	1	280	2220	1939	6.69e-125	448
147cd51a-6521-4b72-8932-451749f80ba0	gb:HM370966|Organism:Influenza	98.221	281	3	2	1	279	1940	2220	1.09e-137	490
b84e7e56-beec-4fbe-92b3-88e31b1449ae	gb:HM370966|Organism:Influenza	97.518	282	3	4	1	278	2220	1939	2.35e-134	479
4b8579af-d40c-47aa-9e72-96cd21b3f27a	gb:HM370966|Organism:Influenza	96.454	282	5	4	3	282	2217	1939	8.66e-129	460
79bbcdb6-12a6-4f0f-92a7-c3506ae189c2	gb:KX859392|Organism:Influenza	90.034	291	19	9	1	285	2220	1934	6.55e-101	368
e8f1ee13-d853-4010-888f-de57e4c26a6e	gb:HM370966|Organism:Influenza	90.210	286	9	15	1	271	2220	1939	4.03e-97	355
f9fe1e93-0f50-4937-91f1-ce92fbb3c5cd	gb:HM370966|Organism:Influenza	97.163	282	6	1	1	280	1939	2220	3.07e-133	475
2611e066-b488-4750-984e-7bcb4e1912a7	gb:HM370966|Organism:Influenza	92.784	291	9	6	1	288	2220	1939	9.06e-114	411
3e0e9784-830b-41f4-8c69-3afbd6c72477	gb:HM370966|Organism:Influenza	99.291	282	2	0	1	282	2220	1939	8.48e-144	510
c18856ad-8d86-4d93-bd5d-ffdc104cfbb3	gb:JN706699|Organism:Influenza	96.842	285	5	4	1	284	1939	2220	1.12e-132	473
31c74d79-ddb7-4e10-943e-b4b8fb81b9fe	gb:CY116848|Organism:Influenza	92.958	284	12	5	1	278	2208	1927	1.13e-112	407
c33ba27f-b9b9-4cc3-b167-36b5753d5e38	gb:HM370966|Organism:Influenza	95.819	287	6	4	1	286	1939	2220	3.16e-128	459
8105dba4-2ee3-438b-b411-652a7987ec33	gb:HM370966|Organism:Influenza	97.518	282	2	2	1	277	2220	1939	8.43e-134	477
9a245b5e-bbd0-4c93-8612-1ce28abc0b39	gb:HM370966|Organism:Influenza	98.940	283	2	1	1	283	2220	1939	3.96e-142	505
04ff89a4-0656-479f-9355-d6a581f33058	gb:HM370966|Organism:Influenza	94.198	293	11	4	1	291	1939	2227	3.84e-123	442
aab5c78d-55d7-4a88-acba-b00331c09a39	gb:HM370966|Organism:Influenza	97.518	282	4	3	1	279	1939	2220	2.36e-134	479
71024d59-a2c3-4bf6-940b-040228e2c905	gb:HM370966|Organism:Influenza	98.246	285	2	1	1	285	1939	2220	2.40e-139	496
533e21ae-e307-4244-a608-5a52bd6f0d8d	gb:HM370966|Organism:Influenza	89.456	294	19	8	110	401	1937	2220	1.32e-98	361
52243a3e-7e7d-4e84-96e9-5ef64d7f7027	gb:HM370966|Organism:Influenza	97.163	282	7	1	1	281	1939	2220	3.08e-133	475
00b14175-e5b1-42a2-9430-f42df568c48b	gb:HM370966|Organism:Influenza	91.289	287	15	9	1	282	2220	1939	1.93e-105	383
8ebb8a1b-7ca8-426e-9873-38cf66e357e0	gb:HM370966|Organism:Influenza	95.486	288	7	3	1	288	1939	2220	4.12e-127	455
fcc27606-d146-4608-acd5-2a0da1d0977b	gb:HM370966|Organism:Influenza	97.880	283	2	4	1	280	2220	1939	1.42e-136	486
6c7b1140-a673-4aeb-bd27-6c9fd4d8d3e0	gb:HM370966|Organism:Influenza	98.582	282	3	1	1	281	1939	2220	6.58e-140	497
3e36cf72-0957-4311-86c1-d51cda06bd94	gb:HM370966|Organism:Influenza	93.684	285	10	8	1	280	2220	1939	1.46e-116	420
f114b16c-f9a7-4514-9769-b95ac0e06060	gb:HM370966|Organism:Influenza	87.973	291	7	9	1	272	2220	1939	5.30e-86	318
3274de49-89e0-4e28-9102-6372fde3a8eb	gb:HM370966|Organism:Influenza	98.936	282	3	0	1	282	2220	1939	3.95e-142	505
f4740da4-c577-4e1d-8c60-42264a89ab2b	gb:HM370966|Organism:Influenza	96.820	283	5	4	1	280	1939	2220	1.43e-131	470
20d89dc0-d60f-43e6-b167-ab06ea099869	gb:HM370966|Organism:Influenza	97.173	283	5	3	1	281	1939	2220	3.08e-133	475
a4b502d8-40c0-46e4-ac58-b6b354c8eff9	gb:HM370966|Organism:Influenza	94.286	280	6	9	15	287	2215	1939	1.50e-116	420
ddaae03b-00a3-4ea9-b6ac-e0a51e8ccbb7	gb:HM370966|Organism:Influenza	97.518	282	2	3	1	277	2220	1939	8.43e-134	477
46b260a0-e92e-4ed5-aac6-ddd7d68ed93b	gb:HM370966|Organism:Influenza	95.848	289	4	3	1	288	2220	1939	8.87e-129	460
784eefc3-b05c-4632-8329-72ff1dd2b463	gb:HM370966|Organism:Influenza	96.099	282	4	7	1	275	2220	1939	1.41e-126	453
240e6279-e8d3-459e-bcce-c342a9e9b164	gb:HM370966|Organism:Influenza	94.891	274	8	6	1	269	2220	1948	1.42e-117	424
64baef56-69ec-41d3-ae9b-a1db53d1e193	gb:HM370966|Organism:Influenza	97.872	282	5	1	1	281	2220	1939	1.42e-136	486
9ec56808-0d75-417c-b57b-fe910a2cf6be	gb:HM370966|Organism:Influenza	97.173	283	5	3	1	281	2220	1939	3.08e-133	475
220dbad3-2f32-4e28-ab29-c2a92c392f37	gb:HM370966|Organism:Influenza	90.102	293	17	11	1	287	2220	1934	1.58e-101	370
65e35155-5c69-4e4a-8220-d04f4be94025	gb:HM370966|Organism:Influenza	97.163	282	7	1	1	281	1939	2220	3.08e-133	475
e4971ae3-ffc7-429f-8d40-c2ff1a3ff6ce	gb:HM370966|Organism:Influenza	97.183	284	6	1	1	284	2220	1939	2.41e-134	479
410ba70d-d29e-4b8b-ba0d-fbc11255545a	gb:JN706699|Organism:Influenza	97.527	283	5	2	1	282	1939	2220	1.85e-135	483
758a6041-3687-4fa6-b481-9bc08f4d7cf2	gb:HM370966|Organism:Influenza	92.199	282	10	4	1	270	2220	1939	3.95e-107	388
cdfd0153-a9b3-4e3d-9d21-0af7861ffcb3	gb:HM370966|Organism:Influenza	93.929	280	7	5	19	290	2216	1939	7.05e-115	414
ea654d60-a80c-45fb-9b40-fdd1c72ac3d0	gb:CY004581|Organism:Influenza	86.572	283	18	16	108	375	1943	2220	1.26e-78	294
2105bd30-cef3-403e-963c-09e47e275f7b	gb:HM370966|Organism:Influenza	89.769	303	15	14	1	295	1939	2233	1.22e-102	374
7879fb48-2e8f-424c-a3bb-048ec6250342	gb:HM370966|Organism:Influenza	97.880	283	2	4	1	280	1939	2220	1.42e-136	486
d6832861-5233-4a22-82d1-03385dba09db	gb:HM370966|Organism:Influenza	94.286	280	10	6	4	280	2215	1939	1.13e-117	424
1b6a1c1f-00e8-4e91-ac84-55d68a8fb1ed	gb:JN706699|Organism:Influenza	96.454	282	6	3	1	278	1939	2220	2.37e-129	462
7ed04c00-f52d-4469-ab9c-6bb08261a70a	gb:HM370966|Organism:Influenza	96.842	285	6	2	1	285	1939	2220	1.13e-132	473
7bfbdc82-86ce-4acd-b580-f911d9dd51ef	gb:HM370966|Organism:Influenza	90.426	282	14	11	1	272	1939	2217	3.16e-98	359
918bf840-6234-4a7a-9b12-a59cbe32f105	gb:HM370966|Organism:Influenza	97.518	282	4	3	1	279	1939	2220	2.36e-134	479
f7ca32c9-0a7c-496b-8d2d-32843fc358fd	gb:HM370966|Organism:Influenza	93.286	283	12	6	15	292	1940	2220	9.19e-114	411
be7089c3-216e-49cf-a7b4-19d0073f6e90	gb:HM370966|Organism:Influenza	95.789	285	8	3	1	284	1939	2220	1.13e-127	457
8da09567-e726-4823-94ee-42f9aef68af6	gb:HM370966|Organism:Influenza	98.582	282	2	2	1	280	2220	1939	6.55e-140	497
8cbe0b28-5679-4b8b-9351-529f54bf0be4	gb:HM370966|Organism:Influenza	98.940	283	2	1	1	283	2220	1939	3.96e-142	505
e0b9a2a0-e061-446b-8714-6d6b7c81c5b4	gb:HM370966|Organism:Influenza	99.283	279	2	0	4	282	1942	2220	3.95e-142	505
f7ec93ae-03ab-4518-82da-1008af1ba7fd	gb:HM370966|Organism:Influenza	93.662	284	10	7	1	278	2220	1939	5.21e-116	418
7ee81574-dfa9-4b97-bfb7-bc81e81d9c8e	gb:HM370966|Organism:Influenza	89.583	288	16	9	1	280	2220	1939	1.50e-96	353
c15a651d-5067-4046-8cb8-9b07885762ba	gb:HM370966|Organism:Influenza	96.831	284	4	5	1	281	2220	1939	1.43e-131	470
7f7fa7df-157c-4b3d-899e-91d67986b061	gb:HM370966|Organism:Influenza	97.173	283	7	1	1	283	1939	2220	8.64e-134	477
2bee02ff-4af1-4437-98d9-cae848c3443d	gb:HM370966|Organism:Influenza	95.745	282	5	4	1	275	2220	1939	6.56e-125	448
a0a17afb-6847-44d7-b8c5-0be36283adb4	gb:HM370966|Organism:Influenza	97.880	283	4	2	1	282	2220	1939	3.97e-137	488
3de21fa5-eafd-4279-b697-d39f0346a03d	gb:HM370966|Organism:Influenza	96.809	282	5	4	1	278	1939	2220	5.10e-131	468
11da967c-0278-4ae4-bcfe-8401b21ff507	gb:HM370966|Organism:Influenza	93.640	283	7	7	1	273	1939	2220	2.37e-114	412
376276c5-6a7a-442f-a4c8-c7ff5ccf7b79	gb:HM370966|Organism:Influenza	95.745	282	7	4	1	277	2220	1939	1.84e-125	449
4519cfb4-7a4f-4de5-b6e0-83b0cdfe1d9d	gb:HM370966|Organism:Influenza	97.193	285	3	3	1	283	1939	2220	8.64e-134	477
a27c86b8-a989-471c-a966-f8dec134fad2	gb:HM370966|Organism:Influenza	93.727	271	8	7	1	262	1939	2209	6.78e-110	398
37b23230-38b6-4098-85d7-95e986200b80	gb:HM370966|Organism:Influenza	91.986	287	12	10	1	281	1939	2220	3.19e-108	392
2b61e4e2-ffc5-4bdf-b49c-402817fc2419	gb:HM370966|Organism:Influenza	97.203	286	4	4	1	286	1939	2220	6.75e-135	481
5f6fa3c3-87c9-44a5-84b8-36c8f4242113	gb:HM370966|Organism:Influenza	93.310	284	10	7	1	277	1939	2220	8.68e-114	411
d6f385de-7116-4863-9061-2e63ca69843d	gb:HM370966|Organism:Influenza	98.936	282	2	1	1	281	2220	1939	1.41e-141	503
90c81165-4f6f-4906-8202-87a063f71d31	gb:HM370966|Organism:Influenza	98.936	282	2	1	1	281	1939	2220	1.41e-141	503
193205fd-20c9-40d9-8c1d-ed741a2b020c	gb:HM370966|Organism:Influenza	96.842	285	5	3	1	284	2220	1939	1.12e-132	473
e5603568-5aeb-411f-8fcb-82e2b57e7fd0	gb:KM244075|Organism:Influenza	96.377	138	3	2	99	234	2052	1915	2.80e-58	226
e5603568-5aeb-411f-8fcb-82e2b57e7fd0	gb:KM244075|Organism:Influenza	100.000	57	0	0	46	102	2151	2095	3.80e-22	106
dc852ac3-db2e-4a6c-900c-3e183e205ebc	gb:HM370966|Organism:Influenza	98.582	282	3	1	1	281	1939	2220	6.58e-140	497
9e02d926-839e-4b29-9ef6-5011f759eb2c	gb:HM370966|Organism:Influenza	97.902	286	2	3	1	286	2220	1939	3.12e-138	492
cc43928a-ed91-40ee-9b7f-215ab9739aff	gb:HM370966|Organism:Influenza	94.949	297	7	7	1	291	1939	2233	3.22e-128	459
869503e6-c1ff-41f9-9ab5-665a8c0f431b	gb:HM370966|Organism:Influenza	96.491	285	6	3	1	284	1939	2220	5.22e-131	468
2b38a540-2c75-4d1b-b59a-2414baeea2a8	gb:HM370966|Organism:Influenza	96.751	277	4	4	4	277	1946	2220	1.10e-127	457
c7dcd49a-28c3-4ac8-bee9-7128194b4f27	gb:HM370966|Organism:Influenza	97.544	285	4	3	1	282	2220	1936	5.32e-136	484
d5e4c7b3-5d78-468a-a2b1-7ce3fe67b413	gb:HM370966|Organism:Influenza	87.234	282	11	14	1	257	2220	1939	6.49e-80	298
c6c0c165-e3db-47ec-88a8-1fdbc8227cde	gb:HM370966|Organism:Influenza	93.426	289	8	10	1	282	2220	1936	5.45e-116	418
ba0fcb4e-662d-44c0-adc8-370d72dfdfd6	gb:HM370966|Organism:Influenza	92.414	290	14	4	1	290	2220	1939	1.18e-112	407
9d6fa875-bde2-4c8b-8c62-681f84583727	gb:HM370966|Organism:Influenza	97.872	282	5	1	1	281	2220	1939	1.42e-136	486
8681a4ff-8981-4af7-a6f1-3b9da5502b68	gb:HM370966|Organism:Influenza	96.113	283	9	2	1	282	1939	2220	8.66e-129	460
ea7a874d-6a0c-4747-bcdf-b9b6d81316db	gb:JN706699|Organism:Influenza	95.789	285	6	6	1	282	1939	2220	4.03e-127	455
2f045ad3-6f2a-41ca-9553-6b6112b996a8	gb:HM370966|Organism:Influenza	98.233	283	4	1	1	283	1939	2220	8.57e-139	494
04f13a1b-5646-4bd7-8f64-77cd459dab1a	gb:HM370966|Organism:Influenza	97.232	289	6	2	11	298	2226	1939	4.20e-137	488
8949f301-c44a-4d22-bfea-4c7978a705c6	gb:HM370966|Organism:Influenza	96.479	284	8	1	1	284	2220	1939	5.22e-131	468
6e08ae3b-357f-4779-a2a8-3c053fe5af0f	gb:HM370966|Organism:Influenza	96.809	282	3	2	1	276	2220	1939	1.82e-130	466
f75f49c9-ea49-4498-bc90-0f696bb66877	gb:HM370966|Organism:Influenza	96.466	283	7	3	1	281	2220	1939	6.67e-130	464
b8800701-9c72-4e9d-9294-1da7b8ba0101	gb:HM370966|Organism:Influenza	95.760	283	8	3	1	280	1939	2220	1.44e-126	453
3d079f09-b875-4234-81ec-fa04814876c6	gb:CY015124|Organism:Influenza	93.909	197	8	3	432	624	2024	2220	2.16e-78	294
41ca4d4a-4df2-4215-9263-ae9c5226c914	gb:HM370966|Organism:Influenza	98.587	283	3	1	1	283	2220	1939	1.84e-140	499
1d6d46ab-a5ff-471e-b17a-276876b2733d	gb:HM370966|Organism:Influenza	97.163	282	4	3	1	278	1939	2220	1.10e-132	473
a0cc1534-0688-4a39-9500-7141f41a5fc8	gb:HM370966|Organism:Influenza	97.880	283	3	2	1	281	1939	2220	1.42e-136	486
bcaf4dc7-ddda-4420-b68d-18d737ff9b08	gb:JN706699|Organism:Influenza	97.872	282	5	1	1	281	1939	2220	1.42e-136	486
5a38d4f0-5894-4979-9f30-2c5e0721a426	gb:HM370966|Organism:Influenza	94.737	285	8	3	1	280	2220	1938	1.52e-121	436
94086c93-ef94-4539-a114-d97cfe17ad71	gb:HM370966|Organism:Influenza	96.181	288	4	4	1	287	2220	1939	6.83e-130	464
5afdb98b-1c5d-4fe0-a212-00f9c2c5ef83	gb:HM370966|Organism:Influenza	96.113	283	6	5	1	279	1939	2220	1.11e-127	457
dee03c1e-fd71-42bf-b4a7-197800c6df54	gb:HM370966|Organism:Influenza	96.907	291	3	3	1	286	1939	2228	1.91e-135	483
06780a11-cc3e-4632-a589-c4520bb08016	gb:HM370966|Organism:Influenza	95.760	283	1	8	1	273	2220	1939	2.34e-124	446
ffbed094-a925-45d4-b0fb-3e34ca670d95	gb:HM370966|Organism:Influenza	98.582	282	3	1	1	282	1940	2220	6.60e-140	497
f45c8360-ec78-41d5-8a96-4e55d1ffa416	gb:JN706699|Organism:Influenza	92.334	287	6	7	1	276	1939	2220	8.70e-109	394
f951648d-2149-4db4-b3db-fa0ec266712a	gb:HM370966|Organism:Influenza	94.056	286	6	7	1	279	2220	1939	1.18e-117	424
c62d6c53-51e9-4c20-b268-436ebe5540e0	gb:HM370966|Organism:Influenza	95.406	283	9	3	4	283	2215	1934	6.93e-125	448
028a8c7e-8b2b-4812-a9e4-cedd7ab0be53	gb:JN706699|Organism:Influenza	92.361	288	16	6	9	291	1934	2220	4.26e-112	405
018bfbbd-6537-4432-aef2-1700bc720458	gb:HM370966|Organism:Influenza	92.958	284	10	9	1	280	1939	2216	4.13e-112	405
8834d8c4-3549-472c-8902-9a584e3f57a4	gb:HM370966|Organism:Influenza	96.820	283	4	3	1	279	1939	2220	5.12e-131	468
f9e5cb6c-720a-4d84-94d1-071b441ca38f	gb:HM370966|Organism:Influenza	97.872	282	4	2	1	280	2220	1939	1.42e-136	486
88482d9d-caf3-49d6-aa72-cd2ffae4ada6	gb:HM370966|Organism:Influenza	98.936	282	2	1	1	281	2220	1939	1.41e-141	503
245672e3-c9e6-40a3-add5-8a6fc335a3f2	gb:HM370966|Organism:Influenza	96.454	282	7	3	1	279	2220	1939	2.38e-129	462
379fa26e-1839-4ac4-aaed-3ec709f0a0e4	gb:HM370966|Organism:Influenza	92.281	285	13	8	1	279	1939	2220	2.45e-109	396
e32dea2f-5d5c-44d2-9c09-a2bfd00707fa	gb:HM370966|Organism:Influenza	97.895	285	2	4	1	284	2220	1939	1.17e-137	490
7ddebab1-c77c-43fe-b422-562cc94b3d83	gb:HM370966|Organism:Influenza	99.291	282	2	0	1	282	1939	2220	8.48e-144	510
f0c409e8-74cc-45da-af22-15df11b1a5d1	gb:HM370966|Organism:Influenza	91.608	286	14	8	1	280	1939	2220	1.48e-106	387
9f75b191-d9d6-4c4d-8619-645ef4f22db8	gb:HM370966|Organism:Influenza	95.088	285	6	6	1	280	2220	1939	3.11e-123	442
0bbca49d-931a-4ee6-a07e-a0261e804f11	gb:HM370966|Organism:Influenza	96.503	286	4	4	1	284	2220	1939	5.22e-131	468
70917375-2942-4189-8953-91ed5f5f4a77	gb:HM370966|Organism:Influenza	98.582	282	4	0	1	282	2220	1939	1.84e-140	499
e2d47c2c-e252-40a7-84c3-b8c639ceca08	gb:HM370966|Organism:Influenza	98.587	283	3	1	1	283	2220	1939	1.84e-140	499
affeda4c-064b-404b-9a1b-429efea92ef0	gb:HM370966|Organism:Influenza	96.809	282	3	5	1	276	2220	1939	1.82e-130	466
ced6b02b-15f0-423f-98cf-db8f69beca7e	gb:HM370966|Organism:Influenza	95.018	281	5	6	4	277	2217	1939	1.85e-120	433
aff0f049-cb24-49dc-882a-601c237d4b46	gb:HM370966|Organism:Influenza	95.760	283	7	5	1	279	2220	1939	5.15e-126	451
dbcb1d31-792e-45bd-887b-5a5ad002a86e	gb:HM370966|Organism:Influenza	98.582	282	4	0	1	282	1939	2220	1.84e-140	499
3e77caf8-f7f7-48e7-a18c-06ea51b8f88f	gb:HM370966|Organism:Influenza	98.227	282	2	2	1	279	2220	1939	1.09e-137	490
32c6b8c2-5520-42e9-915a-4d5c64405ec5	gb:HM370966|Organism:Influenza	93.993	283	7	9	1	274	1939	2220	1.42e-116	420
9b85877c-b2cc-4a11-8423-71b75992db8e	gb:HM370966|Organism:Influenza	98.582	282	3	1	1	281	2220	1939	6.58e-140	497
45a1e074-b589-45ce-921f-f879478b056d	gb:HM370966|Organism:Influenza	95.745	282	7	4	14	291	1940	2220	1.94e-125	449
24353658-d624-4c53-b698-052d91443601	gb:HM370966|Organism:Influenza	92.414	290	11	10	1	287	2220	1939	1.51e-111	403
64688659-965a-4505-8992-133bf18a0302	gb:HM370966|Organism:Influenza	95.406	283	9	3	1	280	1939	2220	6.69e-125	448
249f667c-a758-441e-a014-b621cd837e76	gb:HM370966|Organism:Influenza	93.907	279	7	4	4	274	2215	1939	2.38e-114	412
dad2889a-c7d1-4ec5-abb6-5c39e7236dad	gb:HM370966|Organism:Influenza	97.527	283	4	3	1	281	2220	1939	6.62e-135	481
825b7bb6-d696-49df-a623-284b8e0ab475	gb:HM370966|Organism:Influenza	96.113	283	2	4	1	275	2220	1939	1.41e-126	453
a514e656-88fa-4a44-900a-1119fed780a2	gb:HM370966|Organism:Influenza	97.527	283	5	2	1	282	1939	2220	1.85e-135	483
f2fecdac-7fd4-4fe8-9d49-3cce250953cf	gb:HM370966|Organism:Influenza	95.139	288	7	4	1	287	1939	2220	6.88e-125	448
56588e1b-92be-40bd-b074-a46c3b9f4277	gb:HM370966|Organism:Influenza	92.683	287	12	8	1	283	2220	1939	4.13e-112	405
62e85ca8-0375-435a-8770-4f6248f6ce53	gb:KX859392|Organism:Influenza	94.915	295	10	5	100	391	2231	1939	1.59e-127	457
a4bba35a-9ee0-44ec-94d2-d0524ca24094	gb:HM370966|Organism:Influenza	98.936	282	2	1	1	281	1939	2220	1.41e-141	503
9310a306-e6d2-4951-9861-b61fea54ed7b	gb:HM370966|Organism:Influenza	98.233	283	4	1	1	283	1939	2220	8.57e-139	494
36d5a044-a7e2-4c13-8ce6-f907f3b5e220	gb:HM370966|Organism:Influenza	96.886	289	4	5	1	286	2220	1934	2.58e-134	479
9b51bcb2-5cd6-4bc2-a4cf-b1ea7ca78640	gb:HM370966|Organism:Influenza	91.409	291	11	10	1	286	2220	1939	1.51e-106	387
8d7fe4e8-2963-49d3-b403-214eacce09ef	gb:HM370966|Organism:Influenza	97.880	283	3	2	1	281	1939	2220	1.42e-136	486
bdb51d56-9ac1-4aed-9b07-c8076a0f33f5	gb:HM370966|Organism:Influenza	98.227	282	3	2	1	280	2220	1939	3.05e-138	492
13d951ec-7c09-4cf7-b277-12478f171c20	gb:HM370966|Organism:Influenza	96.454	282	5	3	1	277	1939	2220	8.49e-129	460
6ddc431e-ba5f-47a7-ba8e-ee6043c6cbeb	gb:HM370966|Organism:Influenza	98.587	283	3	1	1	283	2220	1939	1.84e-140	499
4c3f59cf-305c-42a3-b523-8ae8e69039ff	gb:HM370966|Organism:Influenza	96.540	289	6	3	10	297	1935	2220	3.26e-133	475
3eeb6533-5864-423b-a375-3e1f7343d3e1	gb:HM370966|Organism:Influenza	97.426	272	4	3	1	270	2220	1950	1.14e-128	460
f25b04e8-e062-490a-8020-832789a6b0e0	gb:HM370966|Organism:Influenza	95.105	286	8	6	1	284	2220	1939	2.44e-124	446
9b9ad841-3a87-4eb0-9ad5-b7bce805dbde	gb:HM370966|Organism:Influenza	92.683	287	10	11	1	281	1939	2220	1.47e-111	403
d504124f-1c2d-4d19-a4a5-c29e683953ef	gb:HM370966|Organism:Influenza	87.456	287	22	13	1	281	2220	1942	5.81e-86	318
c259e2e8-467c-4cad-894f-b4cd6f48c587	gb:HM370966|Organism:Influenza	98.227	282	4	1	1	281	1939	2220	3.06e-138	492
f1d6c07e-a986-402d-95f8-a803837e5805	gb:HM370966|Organism:Influenza	97.183	284	3	3	1	281	2220	1939	3.08e-133	475
f58838dd-c42f-45b9-afdf-0a26c01adf79	gb:HM370966|Organism:Influenza	97.527	283	5	2	1	282	1939	2220	1.85e-135	483
42c49ae4-4879-490a-8bd6-bdcf05079000	gb:HM370966|Organism:Influenza	95.053	283	7	7	1	277	2220	1939	3.98e-122	438
05632a54-29be-47b1-b72d-9aa16111c156	gb:HM370966|Organism:Influenza	88.776	294	15	11	1	283	2220	1934	9.42e-94	344
1f5ca331-b72d-42a4-80c5-bef58eae3f00	gb:JN706699|Organism:Influenza	97.880	283	3	2	1	282	1940	2220	1.43e-136	486
3d696144-0ca6-4c90-a976-6e32c45f65b6	gb:HM370966|Organism:Influenza	98.582	282	4	0	1	282	1939	2220	1.84e-140	499
1f1763eb-f2bc-4586-a9fe-49317cae6169	gb:HM370966|Organism:Influenza	97.535	284	3	3	1	282	2220	1939	1.85e-135	483
50ad6a17-06bc-42e3-9f5f-ff3dc5f46c16	gb:HM370966|Organism:Influenza	90.244	287	10	12	1	275	1940	2220	3.16e-98	359
5c3c9764-160b-462e-86cb-6a00829f7d0a	gb:HM370966|Organism:Influenza	91.844	282	15	5	1	274	1939	2220	1.44e-106	387
6ffd651b-fb58-4300-98f3-f4d744a9d52b	gb:HM370966|Organism:Influenza	96.831	284	7	2	1	284	2220	1939	1.12e-132	473
fc041f6f-48fd-46d6-9d8d-17f951aefabf	gb:HM370966|Organism:Influenza	93.007	286	13	5	1	283	1939	2220	8.88e-114	411
2f983e4b-26ec-45aa-b1e2-f9ce9f8cc96c	gb:HM370966|Organism:Influenza	96.820	283	4	5	1	279	1939	2220	5.12e-131	468
ef221ad1-ce4b-4f57-9840-46c2c782a4f0	gb:HM370966|Organism:Influenza	94.700	283	6	7	1	275	1939	2220	6.61e-120	431
b9740dae-2d53-4594-aa77-bde0a35e9083	gb:HM370966|Organism:Influenza	99.291	282	2	0	1	282	1939	2220	8.48e-144	510
8c4b4421-622a-4eb2-a28b-ff6522d6ca7f	gb:HM370966|Organism:Influenza	94.774	287	5	5	1	282	2220	1939	4.06e-122	438
8a8b5d7b-3028-47ef-8836-41cf22eb3c51	gb:CY004126|Organism:Influenza	92.606	284	13	6	12	287	2222	1939	5.43e-111	401
ffcb9b49-6c29-4c92-bacf-5e008026aa9b	gb:HM370966|Organism:Influenza	98.582	282	4	0	1	282	1939	2220	1.84e-140	499
750b53ba-295f-411d-845a-db49efb59f03	gb:HM370966|Organism:Influenza	94.386	285	11	5	1	283	2220	1939	1.90e-120	433
3cbcbd20-b5c3-45d4-88ad-eb8d2dd27bcb	gb:HM370966|Organism:Influenza	98.936	282	2	1	1	281	1939	2220	1.41e-141	503
20afd94b-6562-4e55-aa4d-0753c0790d44	gb:JN706699|Organism:Influenza	94.318	264	4	7	33	286	1958	2220	9.05e-109	394
99c1c59f-e79b-4e18-8603-c2c6c81e493b	gb:MH546994|Organism:Influenza	88.396	293	17	14	1	286	2208	1926	1.55e-91	337
84b74a6a-992a-480e-81a8-0f2c488b6937	gb:HM370966|Organism:Influenza	97.518	282	2	2	1	277	2220	1939	8.43e-134	477
c054c147-5715-444b-89be-51f6ec95909d	gb:HM370966|Organism:Influenza	98.258	287	4	1	7	292	1934	2220	5.30e-141	501
c2089239-8c32-4e02-9dfc-214ab0bc22b1	gb:HM370966|Organism:Influenza	95.789	285	4	5	1	280	2220	1939	1.44e-126	453
a4aa6d96-a3b4-4cc0-a8b5-aa0a13aa44d3	gb:HM370966|Organism:Influenza	97.527	283	5	2	1	282	1939	2220	1.85e-135	483
04f51a4d-d78e-442b-8fdb-fe327bb6c9f4	gb:HM370966|Organism:Influenza	97.183	284	4	3	1	282	1939	2220	8.60e-134	477
9fa25a87-a1e7-463f-a377-a80465cb6984	gb:HM370966|Organism:Influenza	96.043	278	7	4	19	295	1946	2220	1.97e-125	449
5c021d1a-a242-4e28-8502-6fb6ec9d48d0	gb:HM370966|Organism:Influenza	98.592	284	2	1	1	284	1939	2220	5.14e-141	501
ddbf3833-8843-45b8-8568-64b52e27a4fe	gb:HM370966|Organism:Influenza	89.041	292	15	8	1	285	2220	1939	2.56e-94	346
5079b499-47e7-415b-bbe5-47630937731e	gb:HM370966|Organism:Influenza	90.169	295	13	12	1	285	1939	2227	1.55e-101	370
5b58d750-e299-4612-8744-eafa897509f5	gb:HM370966|Organism:Influenza	91.289	287	15	8	1	282	2220	1939	1.93e-105	383
06a02605-833f-4667-8dce-974e38a99074	gb:HM370966|Organism:Influenza	98.233	283	3	2	1	282	1939	2220	8.54e-139	494
e9911da6-099e-4d2d-aa83-fc6b3c6433bd	gb:HM370966|Organism:Influenza	97.173	283	6	2	1	282	2220	1939	8.60e-134	477
41ae5cc4-55c8-46b9-b8e4-b7f0489c7c38	gb:HM370966|Organism:Influenza	96.842	285	4	4	1	283	1939	2220	4.02e-132	472
db196225-fe1b-4748-914b-bc53077c48f0	gb:HM370966|Organism:Influenza	98.587	283	2	2	1	282	1939	2220	1.84e-140	499
2d647fcd-28b2-4450-9d63-2196a3be368b	gb:HM370966|Organism:Influenza	87.296	307	8	19	1	297	2220	1935	4.64e-87	322
40c2dcc0-16fc-43b7-a45c-97103ced0150	gb:HM370966|Organism:Influenza	96.809	282	3	3	1	276	2220	1939	1.82e-130	466
aecf2083-8857-4b0c-835b-8c03c236a753	gb:HM370966|Organism:Influenza	98.582	282	2	2	1	280	2220	1939	6.55e-140	497
f2a0d328-4575-4cf4-9ebe-ad9e68053ad8	gb:JN706699|Organism:Influenza	88.660	291	16	13	1	283	1939	2220	4.25e-92	339
70e39fae-6dd8-46fe-b629-f53d86e6e3bb	gb:HM370966|Organism:Influenza	90.941	287	14	9	1	281	1939	2219	3.23e-103	375
2d7c1191-2304-40f1-9236-d363bc3cb85d	gb:HM370974|Organism:Influenza	95.652	253	5	4	147	398	2186	1939	7.70e-111	401
369ce239-bf11-49d0-aebb-2929e218a771	gb:HM370966|Organism:Influenza	97.535	284	5	1	1	284	1939	2220	5.18e-136	484
7922dca3-9b35-46fe-8d07-3c3cfdef9624	gb:LC167789|Organism:Influenza	90.816	294	18	5	115	408	1930	2214	7.97e-106	385
4146211f-f569-46ab-849d-81a8d69f2475	gb:HM370966|Organism:Influenza	94.182	275	7	6	1	268	2220	1948	1.13e-113	411
bd453221-e70d-4f20-ae82-5af4e1395248	gb:HM370966|Organism:Influenza	99.291	282	2	0	1	282	1939	2220	8.48e-144	510
dff92d1a-2fa4-4119-8ce4-96baf6e14b10	gb:HM370966|Organism:Influenza	97.586	290	7	0	6	295	2228	1939	6.94e-140	497
7208a48c-b510-4b6b-8404-447182a497b6	gb:HM370966|Organism:Influenza	94.386	285	7	8	1	279	2220	1939	2.41e-119	429
e225f4e7-fc2e-4518-aa8c-a6194850e915	gb:HM370966|Organism:Influenza	97.872	282	4	1	1	280	1939	2220	1.42e-136	486
55f9ab57-12e3-4c89-b16d-b60c2e2abd3e	gb:HM370966|Organism:Influenza	98.936	282	3	0	1	282	1939	2220	3.95e-142	505
aaf1ddbc-0fbc-4139-83dd-02f8f6c89038	gb:HM370966|Organism:Influenza	94.964	278	5	8	16	284	1943	2220	8.85e-119	427
c714b26e-bffd-4826-8017-ef5b6bbe19be	gb:HM370966|Organism:Influenza	96.113	283	4	6	1	277	1939	2220	3.95e-127	455
967d9323-faeb-4d4a-8df7-c72b52e75baf	gb:HM370966|Organism:Influenza	91.003	289	8	14	1	278	1939	2220	1.14e-102	374
2a9275e4-5615-4d99-93f5-43d0e5215a5c	gb:HM370966|Organism:Influenza	91.667	288	10	11	1	280	2220	1939	1.48e-106	387
74869ea4-fcb6-43bc-90b8-ffb98b69725e	gb:JN706699|Organism:Influenza	88.153	287	16	12	1	274	1939	2220	3.19e-88	326
9235d73d-4df0-4ab5-9f4c-003c727ed45c	gb:HM370966|Organism:Influenza	93.357	286	14	4	1	285	1939	2220	5.35e-116	418
0a967268-6ec5-4b13-8a2f-a40ec339e514	gb:HM370966|Organism:Influenza	98.925	279	2	1	4	281	2217	1939	6.58e-140	497
71b04755-67af-4521-b8f0-a9904ab6f696	gb:HM370966|Organism:Influenza	97.880	283	2	2	1	280	2220	1939	1.42e-136	486
395c3ee6-697a-4bc3-9d55-00586520b973	gb:HM370966|Organism:Influenza	93.617	282	6	8	1	270	2220	1939	8.44e-114	411
be67083a-5e8e-4e17-ade1-45fe41242472	gb:HM370966|Organism:Influenza	93.525	278	6	11	1	267	2215	1939	1.39e-111	403
71135aed-2348-4465-af9c-33a5377dbf48	gb:HM370966|Organism:Influenza	96.809	282	4	2	1	277	2220	1939	1.83e-130	466
525f7ce0-007b-4353-8c5b-da4fb195764b	gb:HM370966|Organism:Influenza	97.872	282	3	3	1	279	2220	1939	5.08e-136	484
8f2e3c4b-8a83-4151-ba0a-15634cc6b1de	gb:LC318823|Organism:Influenza	91.209	273	15	6	10	273	1942	2214	2.43e-99	363
05909aef-b00f-40b2-b56f-fbba409ed922	gb:HM370966|Organism:Influenza	98.940	283	2	1	1	283	2220	1939	3.96e-142	505
525248e8-26aa-48f6-8f8d-1452fea7cc82	gb:HM370966|Organism:Influenza	98.582	282	2	1	1	280	2220	1939	6.55e-140	497
d2964e6a-90d9-4784-9aa2-84c0f5f935c0	gb:HM370966|Organism:Influenza	94.718	284	10	4	1	281	1939	2220	1.45e-121	436
fcc6afbe-c1aa-460e-ad3b-b1a6e76237d8	gb:HM370966|Organism:Influenza	94.346	283	7	8	1	275	2220	1939	3.07e-118	425
dc0e6828-3114-4f06-b8a4-b7cb5bb6fc27	gb:HM370966|Organism:Influenza	97.544	285	3	4	1	284	2220	1939	5.18e-136	484
b47754b2-80e2-4437-a535-33dd1b6ce9c3	gb:HM370966|Organism:Influenza	97.887	284	3	3	1	283	2220	1939	3.99e-137	488
268efb08-ec1c-4ec1-a190-d0bad9953383	gb:HM370966|Organism:Influenza	91.919	297	16	7	1	294	1939	2230	4.15e-113	409
f1f2e2e1-bdf4-47d6-9a76-7b3b1b467b5f	gb:CY127731|Organism:Influenza	90.278	288	14	9	1	280	2208	1927	6.93e-100	364
e1766dd5-0f9f-4abb-88e3-0c1a343e24e2	gb:HM370966|Organism:Influenza	97.872	282	4	2	1	280	2220	1939	1.42e-136	486
84c39830-d1a0-4df9-a71e-8133e3e41192	gb:HM370966|Organism:Influenza	94.253	261	12	3	32	290	1961	2220	2.55e-109	396
6652a8d8-7843-43fc-ab6a-10f9b88030e2	gb:HM370966|Organism:Influenza	95.486	288	5	5	1	286	2220	1939	1.47e-126	453
b10f1184-756b-4a06-91b0-e230e65cff9a	gb:HM370966|Organism:Influenza	98.233	283	4	1	1	283	1939	2220	8.57e-139	494
c4fd4de5-addb-41df-90db-4e4a5cd39328	gb:HM370966|Organism:Influenza	99.291	282	2	0	1	282	2220	1939	8.48e-144	510
7742cd39-30f7-4427-a657-038a2628cb11	gb:HM370966|Organism:Influenza	96.809	282	5	3	1	278	2220	1939	5.10e-131	468
41806948-e122-4bd1-9fbe-e681c9faa199	gb:CY004016|Organism:Influenza	93.640	283	8	6	1	274	2220	1939	6.63e-115	414
132d8ccd-fa5f-4dbe-b73b-e7a35305eee6	gb:HM370966|Organism:Influenza	96.786	280	6	3	3	280	2217	1939	6.64e-130	464
269b544c-325e-4c9a-bc03-ef98a07a6acf	gb:JN706699|Organism:Influenza	97.222	288	7	1	8	295	1934	2220	1.50e-136	486
ea67c9d6-f994-4801-bbb9-7a14508084da	gb:JN706699|Organism:Influenza	94.014	284	13	4	1	282	1939	2220	8.79e-119	427
c70d3fba-63de-40d6-83ba-64835538c6ee	gb:HM370966|Organism:Influenza	95.760	283	5	5	1	277	1939	2220	1.84e-125	449
9005c56b-8adb-4c3e-923f-6e884c198354	gb:HM370966|Organism:Influenza	97.535	284	4	3	1	283	2220	1939	1.86e-135	483
c11237ba-1865-4cdd-a457-b2b53f53a343	gb:JN706699|Organism:Influenza	94.077	287	6	8	1	281	1939	2220	3.15e-118	425
3fc73f75-5d0c-4e98-841d-0b103743c8ef	gb:HM370966|Organism:Influenza	92.069	290	11	8	1	286	2220	1939	7.00e-110	398
7796d959-9cfe-4a1d-927e-cdc5ea6e5baf	gb:HM370966|Organism:Influenza	98.587	283	3	1	1	283	2220	1939	1.84e-140	499
cde00fa1-1fa0-48bc-ab18-7fed13b6a1ab	gb:HM370966|Organism:Influenza	92.908	282	14	5	1	276	2220	1939	4.02e-112	405
bef3ab57-a830-45f0-8395-e5dd4df5d5ee	gb:HM370966|Organism:Influenza	96.797	281	5	3	3	280	1941	2220	1.85e-130	466
cdd70c82-59e7-4d87-a9f9-5e527d215f3f	gb:HM370966|Organism:Influenza	94.483	290	7	6	1	286	2220	1936	4.28e-122	438
c2c984f7-efe7-44d8-8614-614c352cda7b	gb:HM370966|Organism:Influenza	91.579	285	13	8	1	277	2220	1939	1.89e-105	383
ef6ac084-09ff-4cd4-9eb5-c55f6a2c8833	gb:KX978623|Organism:Influenza	85.567	291	17	17	1	275	2220	1939	7.04e-75	281
56219446-e54f-4e2d-adba-45287dceea2c	gb:HM370966|Organism:Influenza	94.444	288	10	6	12	295	1935	2220	4.26e-122	438
cad7a707-d49d-4fbc-b2fd-9fa711870534	gb:HM370966|Organism:Influenza	90.493	284	15	10	1	274	2220	1939	6.77e-100	364
a8bfacb1-56d0-4bbe-8e9b-a7128e34a13d	gb:JN706699|Organism:Influenza	97.173	283	3	3	13	292	1940	2220	1.16e-132	473
f0acd026-2a70-4757-b001-0b46c25530f7	gb:HM370974|Organism:Influenza	96.094	256	3	5	1	255	1939	2188	1.14e-113	411
8721fe18-b27b-4403-b7b1-b1da6de0fea4	gb:HM370966|Organism:Influenza	96.113	283	4	5	1	277	2220	1939	3.95e-127	455
0ee06d80-7d98-40c2-99e1-5265ffc79ecc	gb:HM370966|Organism:Influenza	98.936	282	3	0	1	282	2220	1939	3.95e-142	505
5b6aeab8-5cf2-4faf-b9f1-06ce57b7b0da	gb:JN706699|Organism:Influenza	87.329	292	7	20	1	268	1939	2224	1.16e-82	307
11c95e23-2cc6-43dd-b94d-f28993bad5de	gb:HM370966|Organism:Influenza	98.936	282	2	1	1	281	2220	1939	1.41e-141	503
bd50aed8-bc08-48b2-83ab-2d25795510d3	gb:HM370966|Organism:Influenza	98.592	284	2	2	1	284	1939	2220	5.14e-141	501
31d869bf-7fa4-4ed5-8766-3556ae537c32	gb:HM370966|Organism:Influenza	96.842	285	4	5	1	283	2220	1939	4.02e-132	472
70e936f6-badb-481c-b1f4-c570f2c6c9f8	gb:HM370966|Organism:Influenza	97.183	284	4	4	1	282	2220	1939	8.60e-134	477
91511003-281d-4005-b1f5-5bf91e2210b4	gb:HM370966|Organism:Influenza	96.140	285	7	4	1	284	2220	1939	2.43e-129	462
4fcfb930-1d3f-4b1e-80c0-e3835ca4eae9	gb:JN683628|Organism:Influenza	93.822	259	10	5	15	269	1945	2201	5.38e-106	385
e73f0e03-f5a9-48c3-8a0f-016ddb2b90e8	gb:HM370966|Organism:Influenza	96.831	284	5	4	1	282	2220	1939	4.00e-132	472
ef20991b-01f6-4b87-8a66-22eb9ca7fc3a	gb:HM370966|Organism:Influenza	97.232	289	6	2	1	289	2220	1934	4.17e-137	488
c3241cbe-5741-4be9-9064-6bc2f13a8d53	gb:HM370966|Organism:Influenza	98.582	282	3	1	1	281	1939	2220	6.58e-140	497
f9ad857c-c4b0-42fc-87be-e53fff9d0dcf	gb:HM370966|Organism:Influenza	96.099	282	5	5	1	276	1939	2220	3.94e-127	455
a97fecd2-6492-4486-a811-ad89aacdbbb3	gb:HM370966|Organism:Influenza	93.238	281	7	8	5	276	2216	1939	1.45e-111	403
1ee84feb-89c3-45ba-a927-359e8c30d267	gb:HM370966|Organism:Influenza	98.227	282	4	1	1	281	2220	1939	3.06e-138	492
8cf7de66-ab40-4b93-bbc2-81aa323dadcf	gb:HM370966|Organism:Influenza	92.042	289	8	13	1	281	2220	1939	3.19e-108	392
33597411-aa28-4321-a233-990da1b94c60	gb:HM370966|Organism:Influenza	92.254	284	10	6	1	274	2220	1939	3.11e-108	392
dbb65da8-a4c1-446f-982f-22b278bde741	gb:HM370966|Organism:Influenza	96.479	284	7	3	1	283	1939	2220	1.87e-130	466
68ca9f8b-c2b2-444e-8e0c-8f68c34c63c3	gb:HM370966|Organism:Influenza	95.745	282	5	5	1	275	2220	1939	6.56e-125	448
8ce8af9e-e4b2-471c-a71d-5ebcc3f93dc3	gb:HM370966|Organism:Influenza	98.587	283	3	1	1	283	1939	2220	1.84e-140	499
f5c7fa9f-0800-43f2-800f-aed76144ff22	gb:HM370966|Organism:Influenza	95.070	284	10	4	1	282	1939	2220	8.72e-124	444
d8395059-c91e-45fa-b2ef-91c14cc9862b	gb:HM370966|Organism:Influenza	90.000	300	15	14	1	290	2233	1939	1.20e-102	374
fe5b6f35-aec9-4014-aa9e-07de2e761799	gb:HM370966|Organism:Influenza	96.479	284	7	3	1	283	1939	2220	1.87e-130	466
44b235da-555b-4f78-b8f5-b3cda2b79b88	gb:HM370966|Organism:Influenza	95.390	282	5	5	1	274	2220	1939	3.04e-123	442
9863b18e-905d-4ac5-9db3-0e2e871a11e8	gb:HM370966|Organism:Influenza	97.872	282	4	2	1	280	1939	2220	1.42e-136	486
18488b68-59d0-4fd7-a6b2-499bd9976e3b	gb:HM370966|Organism:Influenza	97.527	283	5	2	1	282	2220	1939	1.85e-135	483
4122970b-0ca5-492c-9cb0-7ea148ef45ba	gb:HM370966|Organism:Influenza	98.566	279	2	2	112	390	2215	1939	4.35e-138	492
b0d7cbca-a526-4a18-b5cf-cbea3f1a78ac	gb:JN706699|Organism:Influenza	95.088	285	7	5	15	296	1940	2220	3.29e-123	442
b5f9a8fe-4fda-4b9d-8e0a-620ef611246c	gb:HM370966|Organism:Influenza	94.346	283	11	4	1	279	1939	2220	2.41e-119	429
82317b82-e1b0-484c-a63d-1c7e56464a0f	gb:HM370966|Organism:Influenza	95.804	286	7	3	1	285	1939	2220	1.13e-127	457
7ecd47e3-a313-47ad-8611-c90b7608dd69	gb:HM370966|Organism:Influenza	94.792	288	4	7	1	283	1939	2220	4.07e-122	438
5af3f837-284f-41b3-9e33-d68ef4c88596	gb:HM370966|Organism:Influenza	97.518	282	3	3	1	278	1939	2220	2.35e-134	479
d5e7cdaf-45d0-430c-9e04-6f010070b2c6	gb:JN706699|Organism:Influenza	90.877	285	18	8	1	280	1939	2220	3.20e-103	375
cf133a74-5f37-4b4b-bbde-8b07eb9145fe	gb:HM370966|Organism:Influenza	95.775	284	8	4	1	282	1939	2220	4.03e-127	455
2d134095-a004-4908-830a-d87ad161854a	gb:HM370966|Organism:Influenza	98.577	281	2	2	4	284	1942	2220	2.39e-139	496
9f715b11-811d-42fa-b480-8d70192daad3	gb:HM370966|Organism:Influenza	97.173	283	7	1	1	283	1939	2220	8.64e-134	477
b6b7d18c-0ec2-4c2c-941b-fb44861c2cf8	gb:HM370966|Organism:Influenza	97.872	282	4	1	1	280	2220	1939	1.42e-136	486
42d55542-e817-4c4f-9a35-f0fed9353677	gb:MH546994|Organism:Influenza	87.218	266	15	15	22	275	1950	2208	5.44e-76	285
9759b45d-ea90-4a1d-b4c9-2587c502b8fe	gb:HM370966|Organism:Influenza	98.940	283	2	1	1	283	1939	2220	3.96e-142	505
393bc5a2-8aba-4118-8ac1-024dfaa9e641	gb:HM370966|Organism:Influenza	94.521	292	7	5	97	384	1934	2220	4.37e-123	442
65419942-0d4d-4045-9d24-a717c07ae0c2	gb:HM370966|Organism:Influenza	97.880	283	4	2	1	282	2220	1939	3.97e-137	488
4925d6cf-8789-4228-abeb-e6de8527ddc3	gb:HM370966|Organism:Influenza	98.936	282	2	1	1	281	2220	1939	1.41e-141	503
e818a475-70f7-4ab7-9d26-38a8fe1ac17e	gb:HM370966|Organism:Influenza	96.454	282	6	3	1	278	1939	2220	2.37e-129	462
5abbb0a6-ca3f-42c7-9dbe-46236af1dd0b	gb:HM370966|Organism:Influenza	91.638	287	13	9	1	281	2220	1939	1.49e-106	387
2230b13f-ede0-4d17-8813-cbd322295b55	gb:HM370966|Organism:Influenza	98.233	283	4	1	1	283	2220	1939	8.57e-139	494
94e92385-423b-4861-997f-4e5ec2e9b14b	gb:MH546994|Organism:Influenza	93.007	286	9	8	4	285	2205	1927	1.16e-112	407
74e03c70-43ad-41a8-998c-c06ceaf61458	gb:CY178051|Organism:Influenza	91.986	287	11	9	1	280	2203	1922	3.18e-108	392
44ea8cdf-0e25-4e1d-95c3-571c65aadfe4	gb:HM370966|Organism:Influenza	96.194	289	3	3	1	288	1939	2220	1.91e-130	466
d6420c38-f308-4839-9453-4989a750b05e	gb:JN706699|Organism:Influenza	93.015	272	13	5	12	279	1951	2220	3.17e-108	392
1fa0d71e-1571-4889-be0b-8b4ba3765bd3	gb:HM370966|Organism:Influenza	93.403	288	9	6	1	284	1939	2220	5.33e-116	418
6180bf3b-c79c-4083-a6bb-d4780abb9941	gb:HM370966|Organism:Influenza	97.173	283	3	3	1	279	2220	1939	1.10e-132	473
535d8011-7616-4aac-ab73-e4d1bc90e84d	gb:HM370966|Organism:Influenza	97.872	282	5	1	1	281	2220	1939	1.42e-136	486
71875d64-b6ef-474c-8cfe-9ce42e66cfbd	gb:HM370966|Organism:Influenza	94.718	284	12	2	1	283	2220	1939	4.07e-122	438
bcd8b7d4-cb09-41ea-8b6a-781ce8a71910	gb:HM370966|Organism:Influenza	98.239	284	3	1	1	284	1939	2220	2.39e-139	496
e387281e-8ac8-4c2d-a3f4-8831ec54aee2	gb:HM370966|Organism:Influenza	97.561	287	6	1	11	297	1935	2220	1.16e-137	490
4b00c02e-cb4e-433e-a1f2-a9d21c0c9a31	gb:HM370966|Organism:Influenza	96.466	283	7	3	1	281	2220	1939	6.67e-130	464
4887ff98-f30d-493b-89a2-655d38d3e090	gb:HM370966|Organism:Influenza	92.708	288	10	10	19	305	1943	2220	4.47e-112	405
217ee7cf-5078-42ce-8877-a00f2d57fa4c	gb:HM370966|Organism:Influenza	98.233	283	3	2	1	282	1939	2220	8.54e-139	494
10b9f97d-ede1-427b-b2f6-37528f03529e	gb:JN706699|Organism:Influenza	97.880	283	4	2	13	293	1938	2220	4.14e-137	488
a5ab12ef-2d38-410d-9e77-4c64b697112a	gb:HM370966|Organism:Influenza	97.527	283	3	4	1	280	1939	2220	6.60e-135	481
ca787be4-c0b7-4455-b300-a0f514fff267	gb:HM370966|Organism:Influenza	98.936	282	2	1	1	281	2220	1939	1.41e-141	503
1ce5c583-f5d0-4762-8639-02b8000c8ba3	gb:HM370966|Organism:Influenza	96.113	283	5	5	1	278	1939	2220	1.10e-127	457
880cd2b7-caef-493f-8b92-ba35d9c02730	gb:HM370966|Organism:Influenza	94.035	285	10	7	1	281	1939	2220	3.15e-118	425
b2c90a31-a46c-4b0e-b403-e32b739c080d	gb:HM370966|Organism:Influenza	96.466	283	7	3	1	281	2220	1939	6.67e-130	464
e7b3dfd4-dd9c-4d5c-bd9c-442f0aa177dd	gb:HM370966|Organism:Influenza	96.127	284	9	2	1	284	1939	2220	2.43e-129	462
cc9c3f07-1bd7-4812-b3b0-a121db381eb8	gb:HM370966|Organism:Influenza	98.582	282	3	1	1	281	1939	2220	6.58e-140	497
09fed746-dbfe-44fe-8229-5385a43a2b29	gb:HM370966|Organism:Influenza	92.958	284	9	9	1	275	2220	1939	1.44e-111	403
c68855e0-c143-4d9e-9a30-9ce96127a3c4	gb:HM370966|Organism:Influenza	95.819	287	6	6	1	286	1939	2220	3.16e-128	459
cfb17a29-45e4-4112-a1ac-a42318a54785	gb:HM370966|Organism:Influenza	97.880	283	3	3	1	281	1939	2220	1.42e-136	486
c565aba7-abd8-49df-967b-4ebfd9b478bc	gb:HM370966|Organism:Influenza	92.491	293	9	10	4	284	2230	1939	1.15e-112	407
61a952b3-983d-485c-9703-d09a80de5718	gb:HM370966|Organism:Influenza	95.745	282	9	3	1	279	1939	2220	5.15e-126	451
a11587c3-b197-4bc3-ab0a-6d8cb97bd748	gb:HM370966|Organism:Influenza	99.291	282	2	0	1	282	2220	1939	8.48e-144	510
70a8e473-322c-4890-9fad-eff5c0d512fa	gb:HM370966|Organism:Influenza	94.700	283	10	4	1	279	2220	1939	5.19e-121	435
53611c36-c26a-4c07-99fb-7d24b0176848	gb:HM370966|Organism:Influenza	95.035	282	7	5	1	275	2220	1939	1.42e-121	436
220a3331-72d0-4dc8-ba82-111ace17950c	gb:HM370966|Organism:Influenza	97.163	282	3	3	1	277	1939	2220	3.92e-132	472
ce7a832a-f0fd-402a-bba5-943def10a735	gb:HM370966|Organism:Influenza	98.571	280	2	2	4	282	2217	1939	8.54e-139	494
77c0500a-03c4-4f49-ac97-5c866dd5b47f	gb:HM370966|Organism:Influenza	98.233	283	3	2	1	282	2220	1939	8.54e-139	494
b28d7948-5715-4e02-90b5-1fd9bba10124	gb:HM370966|Organism:Influenza	95.486	288	6	5	1	287	1939	2220	1.48e-126	453
191683fd-819a-436a-ad57-b6eab9878d42	gb:HM370966|Organism:Influenza	98.227	282	3	2	1	280	2220	1939	3.05e-138	492
9016e713-8371-4824-9a0b-48b737f5cc11	gb:HM370966|Organism:Influenza	98.958	288	2	1	6	293	1934	2220	6.84e-145	514
7728a74b-07b4-442d-923a-129d14b26b1e	gb:MH546994|Organism:Influenza	90.378	291	14	12	1	285	2208	1926	1.59e-101	370
85976374-dd67-4de1-8bbb-c8b780c00da5	gb:HM370966|Organism:Influenza	93.706	286	4	10	1	276	2220	1939	1.86e-115	416
dd673b9f-cfd4-4622-b17e-326efccca86c	gb:HM370966|Organism:Influenza	97.163	282	6	2	1	280	1939	2220	3.07e-133	475
4c2d1e12-4d55-4861-8e39-172276854a21	gb:HM370966|Organism:Influenza	95.053	283	6	5	1	276	2220	1939	3.96e-122	438
de1bf813-f131-48f7-8d68-83ac81dbc63b	gb:HM370966|Organism:Influenza	98.577	281	2	2	1	279	1940	2220	2.35e-139	496
fd04d7ed-2245-4a9c-a5b2-2655ef8d7c72	gb:HM370966|Organism:Influenza	97.163	282	1	4	1	275	1939	2220	1.40e-131	470
69239093-6aea-417c-8c4b-5b0c64b2e1eb	gb:HM370966|Organism:Influenza	97.518	282	3	2	1	278	2220	1939	2.35e-134	479
4f9acd90-79eb-4d99-b1dc-6747d2d748c3	gb:HM370966|Organism:Influenza	98.936	282	2	1	1	281	2220	1939	1.41e-141	503
072c651b-d5d7-4e55-86ee-b169375de72a	gb:HM370966|Organism:Influenza	97.173	283	5	2	1	281	1939	2220	3.08e-133	475
7fccc8c3-1904-465e-a687-dc02a3f1f128	gb:HM370966|Organism:Influenza	90.877	285	10	8	4	278	2217	1939	5.32e-101	368
5b1ee7cb-4c65-42ae-a52b-bd84212dc9ae	gb:HM370966|Organism:Influenza	98.227	282	3	2	1	280	2220	1939	3.05e-138	492
68a4a43f-7bd5-48e6-aa5d-1ea875ebf6c3	gb:HM370966|Organism:Influenza	95.423	284	7	6	1	280	2220	1939	6.69e-125	448
830c2af6-3ece-4ab7-a6eb-3cdf2ddf8f91	gb:LC121483|Organism:Influenza	88.889	288	15	10	1	277	2220	1939	4.15e-92	339
0ea4fc18-2d53-4690-a0ef-bd9dc4f81ce7	gb:HM370966|Organism:Influenza	96.181	288	9	1	1	286	1939	2226	1.47e-131	470
1ac0915f-7b98-4770-9830-bd9d36353c1b	gb:HM370966|Organism:Influenza	97.872	282	4	1	1	280	1939	2220	1.42e-136	486
378cecfc-a4cf-4089-9917-5cca43f2b4c7	gb:HM370966|Organism:Influenza	90.444	293	13	10	95	373	2230	1939	5.63e-102	372
807cfac2-e67a-434e-a1e9-6d8eb9ecd4e0	gb:HM370966|Organism:Influenza	95.053	283	8	5	1	278	2220	1939	1.11e-122	440
4967c62c-4b56-4d2d-8dd1-3a51eadc9e6b	gb:HM370966|Organism:Influenza	91.166	283	15	10	1	274	2220	1939	3.13e-103	375
a9d6090d-0834-4001-844d-c09c594fb8b1	gb:HM370966|Organism:Influenza	96.154	286	5	4	1	284	2220	1939	2.43e-129	462
147b834f-cb34-4e35-9707-3abc5cf5f01f	gb:JN706699|Organism:Influenza	98.227	282	4	1	1	281	1939	2220	3.06e-138	492
b61a7613-7b60-45c7-87f5-1a20f6a9c600	gb:HM370966|Organism:Influenza	93.127	291	10	8	1	290	1939	2220	5.45e-116	418
0021476e-0b27-4ee0-8a24-22e055bcc7e7	gb:HM370966|Organism:Influenza	97.518	282	4	3	1	280	1939	2219	2.37e-134	479
2fcb2863-1405-41c2-9fa0-458eb6140bc3	gb:MH546810|Organism:Influenza	93.617	282	12	4	1	276	1927	2208	1.86e-115	416
e5b6b390-7cd1-44dc-8bb8-b6be85e92536	gb:HM370966|Organism:Influenza	97.173	283	5	2	1	281	2220	1939	3.08e-133	475
308f140f-318c-4344-bc6b-f29e3f612a15	gb:HM370966|Organism:Influenza	96.140	285	4	4	1	281	2220	1939	3.10e-128	459
82db52f0-e5cd-43bc-9b0c-9d2105939a52	gb:HM370974|Organism:Influenza	96.310	271	4	4	17	284	2206	1939	1.14e-122	440
a74a01f4-8c6b-4910-bdc3-3aa995c181b1	gb:HM370966|Organism:Influenza	93.141	277	9	10	4	270	2215	1939	6.57e-110	398
1c0280e0-448d-4d88-9eb2-0d8f5d5ab7bd	gb:HM370966|Organism:Influenza	98.936	282	3	0	1	282	2220	1939	3.95e-142	505
f5f95d59-f588-481e-ac6a-eaaf672d2238	gb:HM370966|Organism:Influenza	94.406	286	6	10	1	280	2220	1939	6.74e-120	431
5fffdfc3-6565-423f-80b7-c2e7409b536a	gb:HM370966|Organism:Influenza	94.949	297	7	5	1	291	2233	1939	3.22e-128	459
7a6b6932-d40a-4a9c-b08d-d50a120b169e	gb:HM370966|Organism:Influenza	94.810	289	3	7	1	284	2220	1939	1.14e-122	440
458f13a7-d22d-4e5b-a415-f228682a6b93	gb:HM370966|Organism:Influenza	96.853	286	5	2	1	286	1939	2220	3.14e-133	475
e8be7fa2-e2b5-4d1e-9890-a71e2d9ec200	gb:HM370966|Organism:Influenza	94.681	282	8	6	1	275	1939	2220	6.61e-120	431
1aa297f4-bee3-46d1-83a3-f202e2eff34c	gb:HM370966|Organism:Influenza	97.213	287	5	3	7	290	1934	2220	1.91e-135	483
a361ec10-4375-4f0b-9a9e-fa1cb58b469a	gb:HM370966|Organism:Influenza	98.258	287	4	1	9	294	1934	2220	5.34e-141	501
bad9efb9-ebf5-4ea7-b6b3-b6a2c6b7f058	gb:HM370966|Organism:Influenza	97.586	290	2	4	1	285	1939	2228	3.17e-138	492
08cacd8b-4a89-416c-95a3-557c33f09bc4	gb:HM370966|Organism:Influenza	98.940	283	2	1	1	283	1939	2220	3.96e-142	505
c47afcfb-f2ca-409f-b193-0d850ead5265	gb:HM370966|Organism:Influenza	96.831	284	6	3	1	283	2220	1939	4.02e-132	472
8b5eef59-c6ad-46e8-8e3b-d9e523abd415	gb:HM370966|Organism:Influenza	96.140	285	4	6	1	281	2220	1939	3.10e-128	459
c35758d4-94e0-4c98-bcb3-cc4f9241ea03	gb:HM370966|Organism:Influenza	97.518	282	6	1	1	281	2220	1939	6.62e-135	481
ff492b92-5375-4310-b35a-82fefc724aaa	gb:HM370966|Organism:Influenza	98.227	282	4	1	1	281	2220	1939	3.06e-138	492
03c87e88-4122-4025-a533-e084c5c19009	gb:HM370966|Organism:Influenza	98.936	282	3	0	1	282	1939	2220	3.95e-142	505
660ddab6-a394-46d3-9173-f75074e8ed8d	gb:HM370966|Organism:Influenza	98.239	284	2	2	1	283	1939	2220	8.57e-139	494
efa2b5a2-d1b0-4d24-9376-787f5b958265	gb:HM370966|Organism:Influenza	93.617	282	7	7	1	271	1939	2220	8.47e-114	411
4531e4f3-46a7-4cd9-b7b7-dab8b553e30e	gb:AB741557|Organism:Influenza	89.931	288	18	6	1	288	1924	2200	9.43e-99	361
ed100013-f552-40d6-8a65-2a348396bd55	gb:JN706699|Organism:Influenza	97.183	284	4	3	1	282	1939	2220	8.60e-134	477
c39f15bb-c3a5-4bea-8387-f7fd8bbd8262	gb:HM370966|Organism:Influenza	96.516	287	4	4	1	286	1939	2220	1.46e-131	470
7c9e7b21-65ba-4dbe-bad3-d32a7c372844	gb:HM370966|Organism:Influenza	98.936	282	3	0	1	282	1939	2220	3.95e-142	505
ca6b6c4a-e12a-4e19-86e1-c33e0e5501a6	gb:HM370966|Organism:Influenza	97.518	282	6	1	14	295	1940	2220	6.99e-135	481
2b9b018a-039c-4e74-86be-3b876953993e	gb:HM370966|Organism:Influenza	97.535	284	5	2	1	283	2220	1938	5.28e-136	484
66560634-0f16-4c03-b752-376c5decc219	gb:HM370966|Organism:Influenza	91.608	286	15	8	1	281	1939	2220	1.49e-106	387
dda5a986-f23e-4fc8-9d58-d576976bd558	gb:HM370966|Organism:Influenza	98.582	282	2	1	1	280	2220	1939	6.55e-140	497
8ddadf0d-bd00-4c01-b0ad-7a2801f87ba3	gb:HM370966|Organism:Influenza	95.890	292	9	2	2	290	1940	2231	1.51e-131	470
fd75b2f8-6bf8-48e4-8b4e-79bf541a1d7e	gb:HM370966|Organism:Influenza	97.872	282	4	2	14	294	1940	2220	1.50e-136	486
b7c292c9-7115-41d9-82a7-8fe116e42655	gb:HM370966|Organism:Influenza	97.826	276	4	2	11	284	1945	2220	3.12e-133	475
2dfbc424-1ac4-4c91-9295-29b68ae35198	gb:HM370966|Organism:Influenza	98.221	281	3	1	13	291	1940	2220	1.14e-137	490
f6ab27f4-8443-4fad-a6c6-14b792ec84f0	gb:JN706699|Organism:Influenza	97.173	283	6	2	1	282	1939	2220	8.60e-134	477
33efc9b2-7617-4f72-a4ad-8f837001d7ad	gb:HM370966|Organism:Influenza	97.872	282	2	1	1	278	2220	1939	5.06e-136	484
3daa3163-76f1-4ff2-b893-686e97e726dd	gb:HM370966|Organism:Influenza	98.233	283	3	2	1	282	1939	2220	8.54e-139	494
a0eead9d-5dff-4e72-aee2-4a28e05bacd9	gb:HM370966|Organism:Influenza	98.582	282	4	0	1	282	1939	2220	1.84e-140	499
894ed9bc-7b2f-4ce4-899f-337b01d1422d	gb:HM370966|Organism:Influenza	97.288	295	4	4	4	297	2230	1939	6.96e-140	497
24e6cb81-9c27-46ba-ba79-30d4213a4e0a	gb:HM370966|Organism:Influenza	95.862	290	3	5	1	289	1939	2220	8.90e-129	460
ac89ab19-e87a-4300-b44f-047e6fa07e7c	gb:HM370966|Organism:Influenza	95.904	293	7	5	94	383	2229	1939	2.00e-131	470
11e8330b-d4c0-4668-b7d7-f669c586c564	gb:HM370966|Organism:Influenza	94.386	285	7	7	1	279	2220	1939	2.41e-119	429
96e371dd-edc9-4d24-a927-b02bbdf51dbf	gb:HM370966|Organism:Influenza	92.281	285	9	9	1	275	2220	1939	3.12e-108	392
6268d9a6-9a84-487a-8ed6-e6e216b94f56	gb:HM370966|Organism:Influenza	96.820	283	5	3	1	280	2220	1939	1.43e-131	470
a907e5b6-96ec-4ee4-99f0-4b9f4edbbee1	gb:HM370966|Organism:Influenza	94.643	280	9	5	4	277	1941	2220	2.40e-119	429
b0867c6f-e983-4bd1-81be-995e0a25941b	gb:HM370966|Organism:Influenza	95.341	279	7	5	1	274	2220	1943	4.15e-122	438
4f2caaeb-28ef-43ba-964b-6d8239e1d458	gb:HM370966|Organism:Influenza	97.193	285	4	4	1	284	1939	2220	2.41e-134	479
10465003-ae6c-457c-bc15-cfe7dda77586	gb:JN706699|Organism:Influenza	95.896	268	6	3	15	280	1956	2220	2.42e-119	429
ddf749e2-ae12-4fa7-ba67-2a895d344887	gb:HM370966|Organism:Influenza	97.880	283	5	1	1	283	2220	1939	3.99e-137	488
e1dba10b-714c-481a-9cd7-5be7508d6539	gb:HM370966|Organism:Influenza	96.113	283	4	4	1	277	2220	1939	3.95e-127	455
0c0daab1-f2a4-43e2-a62b-e6c5faf75bf0	gb:JN706699|Organism:Influenza	94.346	283	11	4	1	279	1939	2220	2.41e-119	429
7da82a67-501a-454d-aabc-db4b97e4a87c	gb:HM370966|Organism:Influenza	99.291	282	2	0	1	282	2220	1939	8.48e-144	510
ea4e9475-bec0-4c1c-a973-145bcf6bd2c7	gb:CY133247|Organism:Influenza	85.017	287	23	19	1	272	2208	1927	1.16e-72	274
b077870d-9d07-4833-938f-404ef5b2c03a	gb:HM370966|Organism:Influenza	96.454	282	5	3	1	277	2220	1939	8.49e-129	460
ef90368a-6dd6-48b8-9971-fd7026cdd68c	gb:HM370966|Organism:Influenza	95.423	284	6	5	1	279	2220	1939	2.40e-124	446
d586ac52-81bf-4e19-a044-96ab901f742b	gb:HM370966|Organism:Influenza	92.281	285	6	8	1	272	2220	1939	1.11e-107	390
1069b0f0-5a00-4e63-8238-a9f8042e4378	gb:JN706699|Organism:Influenza	95.760	283	5	4	1	277	1939	2220	1.84e-125	449
d6f42476-973b-4d99-99f4-afeb745cbf3d	gb:HM370966|Organism:Influenza	96.809	282	6	2	1	279	1939	2220	5.12e-131	468
6b8cd352-25d2-41fa-8749-f0719821e657	gb:HM370966|Organism:Influenza	97.163	282	5	2	1	280	1940	2220	1.10e-132	473
3811525f-d927-4c14-952e-8641cd78e69d	gb:HM370966|Organism:Influenza	98.227	282	4	1	1	281	2220	1939	3.06e-138	492
03533a19-ccbe-4aef-addf-063fb91996c7	gb:HM370966|Organism:Influenza	99.291	282	2	0	1	282	2220	1939	8.48e-144	510
0494d601-19e1-4093-b0f5-752f96df3ec1	gb:HM370966|Organism:Influenza	89.825	285	15	12	1	274	2220	1939	1.47e-96	353
20c59508-17c3-4d3e-a7fd-41957b5af52f	gb:MH546994|Organism:Influenza	96.820	283	3	5	1	278	2208	1927	5.10e-131	468
fe21959f-2b86-41b7-8409-18db8c95b9fd	gb:HM370966|Organism:Influenza	94.681	282	10	3	1	277	2220	1939	1.85e-120	433
6acc9029-509f-4c59-8efd-a4b8a2ef0e30	gb:JN706699|Organism:Influenza	92.642	299	10	9	1	291	1939	2233	1.52e-116	420
c658dca6-d076-4413-a0bd-6fe324198dc4	gb:HM370966|Organism:Influenza	98.936	282	3	0	1	282	2220	1939	3.95e-142	505
c5e02a76-1470-4c91-adc8-29b9f3daa9cb	gb:HM370966|Organism:Influenza	94.346	283	12	3	1	280	2220	1939	6.74e-120	431
3c6dc070-c4ab-451c-9fd3-731ee338eb35	gb:HM370966|Organism:Influenza	97.183	284	4	3	1	282	1939	2220	8.60e-134	477
dddd0fbf-6c59-4d71-8749-c87f3fbd609d	gb:HM370966|Organism:Influenza	98.227	282	4	1	1	281	1939	2220	3.06e-138	492
c4ae10f6-836a-4714-8a9d-ee82b785836f	gb:MH546994|Organism:Influenza	97.887	284	5	1	11	293	1925	2208	1.15e-137	490
91254638-5b37-41e2-a7ec-7b75f49d53a6	gb:HM370966|Organism:Influenza	98.239	284	2	3	1	283	1939	2220	8.57e-139	494
e4133cf1-58c1-4c17-8a4b-7923d6879cf8	gb:HM370966|Organism:Influenza	91.973	299	13	9	1	292	1939	2233	3.31e-113	409
dcfbbe57-9ba9-4cc5-9c61-6ad515f297ee	gb:HM370966|Organism:Influenza	98.233	283	2	3	1	281	2220	1939	3.06e-138	492
838cfa57-9c1c-4968-a530-214302405e43	gb:HM370966|Organism:Influenza	90.625	288	8	13	1	276	1940	2220	6.82e-100	364
30060baf-1af5-4063-ae3a-3bfb01034bcb	gb:HM370966|Organism:Influenza	88.390	267	12	14	15	264	1956	2220	1.44e-81	303
7ba36182-3ed6-4761-91d8-8e6bd20b89a6	gb:HM370966|Organism:Influenza	96.454	282	2	7	4	280	2217	1939	3.09e-128	459
5de75c92-0753-48ca-bb43-edbf9b2ff1f2	gb:HM370966|Organism:Influenza	95.593	295	6	4	1	288	1939	2233	1.91e-130	466
7a841d27-7e9f-4a9b-8f7a-8cd31fedc6ce	gb:HM370966|Organism:Influenza	93.426	289	6	11	1	283	2220	1939	1.91e-115	416
d6ac550b-22b6-45eb-b04a-f40034ada2da	gb:HM370966|Organism:Influenza	96.853	286	5	3	1	286	2220	1939	3.14e-133	475
cb470cc5-d1db-4b25-a366-aa154623f6f3	gb:HM370966|Organism:Influenza	95.517	290	4	9	1	289	2220	1939	4.14e-127	455
88f86bfe-8af0-46e7-b851-a860adb3238a	gb:HM370966|Organism:Influenza	95.439	285	6	7	1	281	2220	1939	6.72e-125	448
9829874d-9bea-44ba-b3e9-64efdc23b972	gb:HM370966|Organism:Influenza	94.276	297	9	7	1	291	1939	2233	6.98e-125	448
30004e17-f9ec-45d5-89c7-6acf10f8a495	gb:HM370966|Organism:Influenza	97.059	272	5	3	1	271	2220	1951	5.19e-127	455
17c14b42-ea63-45bc-9d95-be2b6f46ab2a	gb:HM370966|Organism:Influenza	94.035	285	13	4	1	284	1939	2220	2.46e-119	429
01903fc2-9e11-49ca-8a15-8f18e5fac454	gb:HM370966|Organism:Influenza	93.993	283	10	7	1	277	1939	2220	4.01e-117	422
100ebbac-4836-4334-9eb5-f94526453f26	gb:HM370966|Organism:Influenza	97.544	285	4	2	1	285	1939	2220	5.20e-136	484
b6a239f6-0eaa-432b-bd70-7b1745b4cfbc	gb:HM370966|Organism:Influenza	96.113	283	10	1	1	283	1939	2220	8.70e-129	460
c3538ae9-ad9e-438c-8d8a-40fe0424071f	gb:HM370966|Organism:Influenza	88.502	287	18	14	1	277	1939	2220	1.93e-90	333
d11eb457-919f-492a-b1cc-09b11ba7564e	gb:HM370966|Organism:Influenza	91.930	285	12	6	1	280	1939	2217	4.16e-107	388
302180c1-e062-4992-8de5-25f846b0191f	gb:HM370966|Organism:Influenza	97.163	282	8	0	1	282	1939	2220	8.60e-134	477
68e54762-ad2b-42f6-8a51-ce8b6a77dd1f	gb:HM370966|Organism:Influenza	94.700	283	7	7	1	276	2220	1939	1.95e-120	433
