68511d2b-a383-4d55-bc0a-feafda2e8019	gb:HM370966|Organism:Influenza	91.973	299	8	12	2	290	2231	1939	4.25e-112	405
9f1faf6b-c44f-4b47-ae89-5e6b455851e4	gb:HM370979|Organism:Influenza	96.211	871	13	16	1	857	13	877	0.0	1408
c23eb982-6acb-4091-9dc0-3d0dcbf47c88	gb:HM370966|Organism:Influenza	96.809	282	4	2	4	283	1942	2220	1.87e-130	466
c907c658-44c7-4138-9df3-5a5a4ff90f04	gb:HM370977|Organism:Influenza	94.928	138	5	2	1	136	1445	1308	3.25e-55	215
b8a26614-8c1b-49a4-9267-5ccf1bb98613	gb:KX254922|Organism:Influenza	95.238	84	1	1	27	107	2245	2328	8.97e-30	130
b30b428e-27b0-46e4-be60-0839aedea546	gb:HM370979|Organism:Influenza	96.351	877	16	9	6	870	885	13	0.0	1428
6d47bd35-4781-474a-b907-e959bb20e644	gb:JN706699|Organism:Influenza	98.936	282	2	1	1	281	1939	2220	1.41e-141	503
85d79297-4318-4947-ab50-f0685bbc5e96	gb:HM370966|Organism:Influenza	98.566	279	3	1	3	280	2217	1939	3.05e-138	492
6864f565-f9b5-42a9-b3a8-069c16e67107	gb:HM370966|Organism:Influenza	95.745	282	6	3	1	276	2220	1939	2.34e-125	449
0cb4c7b2-f346-489b-a9a8-215b5159c1b6	gb:KY284503|Organism:Influenza	96.809	94	2	1	101	193	2338	2245	3.46e-37	156
59e1c9b2-57a3-4f19-924b-291cb8a7ad95	gb:KX101128|Organism:Influenza	97.015	67	1	1	38	103	2250	2316	8.06e-24	111
df17d06a-45de-4016-bc6d-214a52c8a5cc	gb:KY684292|Organism:Influenza	100.000	84	0	0	39	122	2218	2301	1.75e-37	156
f3966882-f91a-44f3-9684-ce3751f21f30	gb:HM370966|Organism:Influenza	96.140	285	8	1	1	285	1939	2220	2.44e-129	462
e195b61b-d1ef-4d4c-84cd-4267034a4683	gb:KX960435|Organism:Influenza	98.810	84	1	0	27	110	2245	2328	7.13e-36	150
e4631460-86a1-4d7a-861d-dd691b2c4fb1	gb:KX254922|Organism:Influenza	100.000	84	0	0	27	110	2245	2328	1.53e-37	156
bd0325e6-8c25-435a-810f-ddce057428df	gb:KX254922|Organism:Influenza	98.824	85	0	1	27	111	2245	2328	7.21e-36	150
93c6a677-d73a-4764-8556-1c25e097f013	gb:HM370972|Organism:Influenza	89.583	288	14	13	111	383	2332	2046	7.55e-96	351
74ead2ce-78a3-454b-950a-b3d34e28e1b5	gb:KX254922|Organism:Influenza	100.000	84	0	0	1	84	2328	2245	1.53e-37	156
03279f2a-932d-41c0-9adc-312d964d4edb	gb:CY126514|Organism:Influenza	98.810	84	1	0	1	84	2316	2233	7.13e-36	150
bfea23f6-ddd4-4446-891a-4827b5aea326	gb:HM370978|Organism:Influenza	97.497	999	11	11	4	990	18	1014	0.0	1694
9960d137-00cf-4f3c-9f6f-4cdec3a8ae5a	gb:HM370976|Organism:Influenza	100.000	34	0	0	1	34	1527	1560	2.34e-10	63.9
8e37b8fb-ec28-4d1e-8a74-7cd5d63ca972	gb:HM370978|Organism:Influenza	93.629	1036	24	35	1	1015	13	1027	0.0	1509
c22c0dbb-84f2-47a1-b7b9-24930ea78a2d	gb:HM370978|Organism:Influenza	98.540	274	2	1	1	272	1014	741	1.78e-135	483
f0b05e5b-275b-4950-97c4-83cab5a2f013	gb:HM370972|Organism:Influenza	96.154	286	6	5	1	284	2046	2328	2.43e-129	462
d86f60a0-7fb1-42b5-8409-b9b5b587bf1b	gb:HM370966|Organism:Influenza	95.423	284	9	4	1	282	2220	1939	1.88e-125	449
837071bc-ce57-410d-bad4-a4bc3ba82778	gb:GU050166|Organism:Influenza	91.358	81	3	4	15	93	2311	2233	4.81e-23	108
29792606-1fed-4fca-a328-fd3f065d2446	gb:HM370966|Organism:Influenza	92.414	290	12	9	5	287	2230	1944	4.55e-112	405
eae9773c-ce0e-4854-8d50-c54e83b5aa7c	gb:HM370966|Organism:Influenza	98.214	280	2	3	1	278	1939	2217	1.42e-136	486
7ab35c8e-719a-437e-bc7c-26cb8fffc1ff	gb:HM370979|Organism:Influenza	95.522	871	15	16	1	853	13	877	0.0	1371
ba003913-8f0b-45a9-9a2c-11d99ba5dd17	gb:KX254922|Organism:Influenza	98.810	84	1	0	1	84	2328	2245	7.13e-36	150
cf8ab112-ab90-4de2-8e83-b6815095ed40	gb:HM370966|Organism:Influenza	96.820	283	5	3	1	280	2220	1939	1.43e-131	470
44e151ce-073b-4cc2-aeeb-e0650d856488	gb:HM370972|Organism:Influenza	97.535	284	5	2	1	283	2328	2046	5.16e-136	484
2b01dc1c-32a8-404c-980b-76fef5a275b7	gb:KX254922|Organism:Influenza	100.000	84	0	0	27	110	2245	2328	1.53e-37	156
29ac45f7-4ac8-41b8-bfe9-9f807626a84f	gb:HM370966|Organism:Influenza	95.789	285	8	3	1	284	2220	1939	1.13e-127	457
8586db86-30c4-4b84-957e-87a28e8534a9	gb:HM370966|Organism:Influenza	98.925	279	2	1	1	278	1939	2217	6.55e-140	497
8cbed4aa-96b9-4570-ac14-d5d439624898	gb:HM370978|Organism:Influenza	93.455	275	11	5	1	269	741	1014	5.06e-111	401
c18b652a-e8c2-4252-812d-7da9eb26c4bf	gb:KX254922|Organism:Influenza	97.500	80	1	1	33	112	2250	2328	2.04e-31	135
2ae35fb5-c8b8-4565-b771-33d5562dbce4	gb:HM370966|Organism:Influenza	97.173	283	6	2	1	282	1939	2220	8.60e-134	477
51ee73b8-1eea-4b6b-9a5a-f9f6ed54a2d4	gb:HM370972|Organism:Influenza	98.601	286	1	1	1	286	2328	2046	1.44e-141	503
192e0f55-800e-4bea-bf30-26d0c0efd45c	gb:HM370966|Organism:Influenza	94.700	283	6	7	4	281	2217	1939	6.77e-120	431
d4a176ac-bbf0-4a03-af99-2cb347135035	gb:LC332520|Organism:Influenza	100.000	96	0	0	97	192	2340	2245	7.34e-44	178
81295a53-403f-4d40-807e-0372b0f82abb	gb:HM370966|Organism:Influenza	97.518	282	3	4	3	283	2217	1939	2.40e-134	479
6470f1dd-846b-41ad-b5e4-0c90c994787f	gb:HM370976|Organism:Influenza	95.000	40	1	1	1	40	1565	1527	7.20e-10	62.1
7cb1c691-7407-4f2e-908b-071bf206ad8f	gb:HM370966|Organism:Influenza	97.407	270	4	3	1	267	2220	1951	1.09e-127	457
936a7683-fb03-4d70-8228-39dce127bf7e	gb:HM346516|Organism:Influenza	94.253	87	1	3	28	114	2234	2316	9.72e-30	130
6b1ff652-e4f2-493f-9132-be45dfed8bae	gb:KX254922|Organism:Influenza	100.000	84	0	0	1	84	2328	2245	1.51e-37	156
5d267ab6-9fc6-453c-9710-eac5f8dfee3f	gb:HM370978|Organism:Influenza	94.604	278	8	5	1	275	1014	741	1.11e-117	424
c53ec122-376e-47b0-bc57-3642848d2af1	gb:CY005572|Organism:Influenza	92.281	285	15	6	1	281	2220	1939	6.86e-110	398
30a4e3ad-b054-459c-8c12-7529c054c752	gb:KX254922|Organism:Influenza	100.000	84	0	0	1	84	2328	2245	1.53e-37	156
f771c2a3-36a8-4d08-b275-5d12edec327d	gb:KX254922|Organism:Influenza	96.471	85	0	3	27	109	2245	2328	5.49e-32	137
4f9a6e1e-a1d5-4f87-8de6-cbd201c5184f	gb:CY167116|Organism:Influenza	100.000	33	0	0	1	33	1	33	3.12e-09	62.1
ea4100eb-29b0-458e-9aed-966b0524228e	gb:HM370977|Organism:Influenza	92.908	141	3	6	1	140	1308	1442	3.41e-50	198
6df924f2-0e65-4842-bd2d-cdf30e1476c6	gb:KX254922|Organism:Influenza	100.000	77	0	0	36	112	2252	2328	1.22e-33	143
b541b085-ba10-4613-98b0-b2b16594bff0	gb:HM370966|Organism:Influenza	98.551	276	4	0	14	289	2214	1939	4.08e-137	488
1d2cc71f-4b4a-4368-9b75-155b2e39fa60	gb:HM370979|Organism:Influenza	97.005	868	15	8	1	860	13	877	0.0	1448
7fc6de69-138d-4f1e-a643-43ad2c0b75e5	gb:HM370966|Organism:Influenza	96.820	283	6	3	1	281	2220	1939	1.43e-131	470
72d2d917-212a-4495-84ba-e90048513aed	gb:HM370966|Organism:Influenza	98.566	279	3	1	1	278	1939	2217	3.05e-138	492
00e25cfe-abb3-4c67-aff9-d3264eee655a	gb:HM370966|Organism:Influenza	97.880	283	4	2	1	282	2220	1939	3.97e-137	488
8563ef06-afe2-4960-83de-e98096cecef1	gb:HM370978|Organism:Influenza	96.000	275	6	5	1	271	1014	741	3.00e-123	442
edd09ac7-c9f6-461e-b352-0222d21d7a3c	gb:HM370966|Organism:Influenza	93.380	287	10	5	1	283	2220	1939	1.91e-115	416
71f815b9-950f-4ac3-bcce-ee9e1da173cd	gb:KX254922|Organism:Influenza	90.476	84	3	3	1	79	2328	2245	1.47e-22	106
73192890-c374-4d68-89e4-d2389f8e0bc2	gb:HM370972|Organism:Influenza	94.483	290	6	7	1	287	2328	2046	4.14e-122	438
25db0a7c-8fab-464a-8c8e-29ee59c0e762	gb:KX254922|Organism:Influenza	95.294	85	3	1	27	111	2245	2328	7.27e-31	134
8d6547a9-7e6d-4719-b6ff-4da91b061427	gb:HM370966|Organism:Influenza	96.831	284	4	4	1	281	1939	2220	1.43e-131	470
a36d511c-45a5-4e83-8477-cf813cbefa75	gb:HM370979|Organism:Influenza	98.167	873	6	6	1	871	13	877	0.0	1515
4e103074-f440-40f7-a46d-4a01f8105c24	gb:MF147767|Organism:Influenza	92.500	80	1	5	5	80	2323	2245	1.15e-23	110
18e451b8-72b6-4a88-b8f5-38706363f52c	gb:HM370972|Organism:Influenza	97.740	177	2	2	1	176	2046	2221	1.11e-81	303
36965233-ac6e-4962-ab42-4082daf61142	gb:CY019202|Organism:Influenza	94.565	276	5	6	1	266	1915	2190	5.06e-116	418
d903a1cf-d57f-4d30-8155-9e1663acda2d	gb:HM370978|Organism:Influenza	92.254	284	11	7	1	283	1014	741	3.22e-108	392
e40190ee-4e45-47b6-93a5-65f6f5d9faad	gb:KX978623|Organism:Influenza	83.946	299	24	17	1	292	1939	2220	7.57e-70	265
e9ba4d0f-15a0-4e47-bccb-6eb2fbaf0552	gb:HM370966|Organism:Influenza	93.357	286	8	8	11	285	2224	1939	2.49e-114	412
92ef3551-f0c6-4374-bac1-0a6951d195f0	gb:HM370966|Organism:Influenza	94.643	280	3	7	3	272	2216	1939	1.09e-117	424
0618788e-fe62-4b7b-a9f2-f968b1ecee35	gb:HM370966|Organism:Influenza	96.113	283	4	4	1	277	2220	1939	3.95e-127	455
e3037a85-cac0-4053-bf29-d7ed24bc11b8	gb:HM370966|Organism:Influenza	98.233	283	2	3	1	281	1939	2220	3.06e-138	492
65ab872a-3e61-40de-af6c-a9367666c91f	gb:MF147767|Organism:Influenza	93.103	87	3	1	1	87	2328	2245	4.47e-28	124
7005c32d-5a98-4c69-add1-d1972335f1de	gb:HM370966|Organism:Influenza	95.439	285	4	6	3	284	2217	1939	2.44e-124	446
ecf1949c-19dc-46d2-9373-2c4801ebb5e3	gb:HM370976|Organism:Influenza	100.000	29	0	0	1	29	1527	1555	8.04e-08	54.7
bf0a5916-0d53-4259-8d3e-ed53b7045afc	gb:HM370972|Organism:Influenza	92.881	295	9	9	6	291	2338	2047	5.49e-116	418
b69021e5-77f3-444d-a034-9111f16d181d	gb:KM244075|Organism:Influenza	95.028	181	4	3	1	181	1915	2090	3.23e-74	279
b69021e5-77f3-444d-a034-9111f16d181d	gb:KM244075|Organism:Influenza	96.262	107	4	0	165	271	2016	1910	4.36e-43	176
b0789351-8abe-409b-a621-90720f1a48c7	gb:HM370976|Organism:Influenza	100.000	36	0	0	4	39	1562	1527	1.46e-11	67.6
3c278769-f5e4-4daf-b655-e7470fef8a93	gb:CY005330|Organism:Influenza	90.588	85	5	2	27	109	2245	2328	1.20e-23	110
1a8453f2-7c46-49fe-9e07-5e57a3e4beb9	gb:HM370976|Organism:Influenza	94.118	34	2	0	4	37	1562	1529	4.09e-07	52.8
0bddc5c8-f123-400c-93c9-d0c5d7377d52	gb:HM370966|Organism:Influenza	93.750	288	9	7	1	285	2220	1939	1.15e-117	424
73f17c5e-761d-40c6-b0a3-5b0a0e6fa95a	gb:HM370966|Organism:Influenza	95.517	290	12	1	7	296	2227	1939	2.53e-129	462
9e877492-2a7f-4462-a84d-2580a5551445	gb:HM370978|Organism:Influenza	95.059	1012	30	18	1	1002	1014	13	0.0	1574
69c7d7a4-20c4-4345-bfa7-16eecd0c5dc8	gb:HM370966|Organism:Influenza	97.133	279	4	2	1	275	1939	2217	5.08e-131	468
2180d0f5-33a7-4728-928b-edea97253991	gb:HM370966|Organism:Influenza	98.925	279	2	1	1	279	1939	2216	6.58e-140	497
009a1464-51e6-434f-8369-8b5a9ad6b683	gb:LC332520|Organism:Influenza	96.875	96	3	0	90	185	2340	2245	7.16e-39	161
aabe83cf-e722-4bd1-8989-b2224a89f7f2	gb:HM370979|Organism:Influenza	92.571	875	34	28	1	854	13	877	0.0	1227
043d538a-22a9-46de-92ee-cbc3ba91e0b6	gb:KX254922|Organism:Influenza	100.000	69	0	0	1	69	2328	2260	3.15e-29	128
179e9cb9-8e6e-4a3d-9ccd-04bbf50b7c77	gb:HM370966|Organism:Influenza	98.221	281	3	2	14	294	1942	2220	1.16e-137	490
2a603c21-e2df-47b3-9a97-c738ced9e609	gb:KX254922|Organism:Influenza	100.000	84	0	0	27	110	2245	2328	1.53e-37	156
50ad0c06-86a9-4d15-ac99-5b67d440449e	gb:HM370966|Organism:Influenza	97.880	283	4	2	14	296	1940	2220	4.17e-137	488
1292fbb4-9d2a-4717-918b-58e7c8b48c60	gb:HM370966|Organism:Influenza	96.820	283	5	3	1	280	2220	1939	1.43e-131	470
2ed2defd-8ada-45f6-89d9-d8e3105501fd	gb:HM370979|Organism:Influenza	97.005	868	17	8	1	862	13	877	0.0	1450
02957adf-8916-4987-90e8-a2e088b9a72e	gb:GQ257447|Organism:Influenza	98.701	77	0	1	37	112	2240	2316	2.04e-31	135
91870759-f051-44c8-a728-54580f97103d	gb:HM370966|Organism:Influenza	95.789	285	5	5	1	281	2220	1939	1.44e-126	453
28cf35c5-357b-4293-93da-ce368ca441ce	gb:KF972090|Organism:Influenza	100.000	83	0	0	1	83	2327	2245	5.45e-37	154
e55ee45c-4d2a-41ae-8aee-7f200d590fdf	gb:HM370966|Organism:Influenza	98.577	281	4	0	15	295	1940	2220	6.94e-140	497
fd0345ad-afae-45dd-a8e3-496b84156478	gb:KX254922|Organism:Influenza	97.647	85	0	1	1	83	2328	2244	3.32e-34	145
c2c3f1fb-be4c-4686-a6d1-a3acf6c3b6e6	gb:CY004992|Organism:Influenza	94.643	280	7	7	107	382	2214	1939	1.22e-118	427
11607406-04bc-4a2f-a025-40ef4e60361d	gb:GQ257447|Organism:Influenza	97.674	86	0	1	27	112	2233	2316	9.44e-35	147
b2f707ac-e992-4286-bb2d-aa8cbb778c49	gb:CY167116|Organism:Influenza	100.000	33	0	0	1	33	1	33	3.36e-09	62.1
a841ad12-c932-4810-a8f0-0037fa55fb02	gb:HM370978|Organism:Influenza	88.172	279	18	12	1	269	741	1014	5.24e-86	318
9417a512-22ab-426f-b1f6-65d95b52299e	gb:HM370978|Organism:Influenza	98.227	282	3	2	6	285	1022	741	3.11e-138	492
c9272cee-fd14-4422-aa10-9abab766c9c9	gb:HM370966|Organism:Influenza	97.203	286	4	3	1	286	1939	2220	6.75e-135	481
59a87b1c-9f6b-4016-bf43-6bcb934db9a7	gb:HM370966|Organism:Influenza	98.909	275	2	1	10	283	1946	2220	1.11e-137	490
2a27116f-2f21-4ef8-b900-3f0fe527f3f6	gb:HM370979|Organism:Influenza	98.039	867	7	8	1	859	13	877	0.0	1498
e7c39a73-cecb-4601-93c5-1d6c6f331f96	gb:HM370966|Organism:Influenza	96.809	282	3	5	1	276	2220	1939	1.82e-130	466
ebcfb720-c3e6-4380-8bba-8bd75c81bb8c	gb:HM370966|Organism:Influenza	94.326	282	6	8	1	272	2220	1939	1.09e-117	424
60399075-f745-4fc2-bac9-fe569ad34046	gb:HM370978|Organism:Influenza	92.553	282	14	7	1	278	1014	736	6.97e-110	398
c3501b5a-19ef-40c5-99ce-f13df761b213	gb:HM370977|Organism:Influenza	100.000	56	0	0	31	86	1390	1445	4.06e-22	104
0e6b32f9-91b0-41b1-9f53-3d8a0f030a91	gb:HM370978|Organism:Influenza	96.127	284	5	4	4	281	1024	741	3.10e-128	459
18879987-a80e-459b-a2d2-c9d76e0550fa	gb:HM370979|Organism:Influenza	97.344	866	14	8	1	858	13	877	0.0	1463
8795e021-eccd-4e7d-953a-36a51fdd0e8d	gb:HM370966|Organism:Influenza	98.582	282	3	1	14	295	1940	2220	6.94e-140	497
34e5cfbb-baab-4649-9836-043ca39ab656	gb:JN706699|Organism:Influenza	95.789	285	5	7	13	297	1940	2217	1.54e-126	453
9603d395-0a0f-49c2-a5a6-74a538e2fb92	gb:HM370972|Organism:Influenza	94.406	286	8	7	1	281	2046	2328	1.88e-120	433
412c1f55-b3b0-4d5e-9b4a-0fa99b707b0f	gb:HM370966|Organism:Influenza	93.357	286	9	6	1	280	2220	1939	6.79e-115	414
a35133e4-e6b5-4b18-b2c0-7776338d2ac5	gb:HM370972|Organism:Influenza	95.423	284	5	6	1	277	2328	2046	2.38e-124	446
7171ff9f-2f9a-4d5c-963a-68cee416e7d8	gb:HM370972|Organism:Influenza	99.640	278	1	0	5	282	2323	2046	3.05e-143	508
09402f99-beed-454d-a534-0c726f7b68a9	gb:HM370978|Organism:Influenza	91.948	1006	35	33	1	964	1014	13	0.0	1367
ebd35c4e-9570-4b49-b910-e23f1990857c	gb:KX254922|Organism:Influenza	100.000	84	0	0	27	110	2245	2328	1.53e-37	156
4f91e424-73ed-4c76-8042-eaaf57fe0cf2	gb:KX254922|Organism:Influenza	100.000	84	0	0	27	110	2245	2328	1.53e-37	156
15039741-dd28-4601-a7bc-52ea6d9caf3e	gb:HM370966|Organism:Influenza	94.257	296	5	6	3	291	2229	1939	3.25e-123	442
debd131a-744c-4131-876e-d6cb62708fb1	gb:HM370972|Organism:Influenza	95.205	292	11	3	108	398	2335	2046	4.51e-128	459
fd0a0bff-6e23-44f6-9d96-b70bc8445522	gb:HM370979|Organism:Influenza	98.611	864	7	5	17	879	872	13	0.0	1524
95b8839f-0238-4943-94df-eaa5bbe38bdf	gb:HM370972|Organism:Influenza	98.944	284	2	1	1	284	2046	2328	1.11e-142	507
