da66f857-ac46-4b77-8201-bfe0b43835b1	gb:HM370979|Organism:Influenza	92.063	189	6	9	1	183	198	13	7.50e-68	257
e7c76669-589c-4076-aee0-12fae6db6011	gb:HM370972|Organism:Influenza	94.737	285	6	8	1	278	2046	2328	5.17e-121	435
43deaafe-823c-44fc-a9b3-b76b3898cbfa	gb:HM370972|Organism:Influenza	99.306	288	1	1	1	287	2328	2041	1.48e-146	520
c5f56157-1490-4b36-882e-fb03fb23cd1d	gb:HM370972|Organism:Influenza	97.895	285	3	2	1	284	2046	2328	1.11e-137	490
a7a18051-242e-46fd-b871-f8ca44ad75a2	gb:HM370979|Organism:Influenza	95.322	855	22	16	35	876	28	877	0.0	1341
2f46a581-79c7-46dd-a498-70cfcb01ddbf	gb:HM370966|Organism:Influenza	91.931	347	14	11	1	337	2233	1891	1.42e-132	473
72552d21-0bdf-4a4c-a0cc-878ecf9a5561	gb:HM370966|Organism:Influenza	96.140	285	8	2	1	285	2220	1939	2.44e-129	462
f9bf3ab3-4572-4fdf-81a4-2d99d2133f52	gb:HM370976|Organism:Influenza	94.412	1557	42	33	1	1533	1552	17	0.0	2351
0dc95cbf-3334-4367-b835-bbacfc0c819b	gb:HM370973|Organism:Influenza	89.855	207	8	5	1	203	13	210	2.12e-66	254
0dc95cbf-3334-4367-b835-bbacfc0c819b	gb:HM370973|Organism:Influenza	86.842	190	10	11	195	372	2142	2328	1.01e-49	198
917d5079-0a66-4606-ae19-3ba3d3c16c79	gb:HM370978|Organism:Influenza	84.623	1021	86	62	1	969	13	1014	0.0	950
78a46b39-91c0-4278-b80c-d3332a22a167	gb:HM370978|Organism:Influenza	96.751	277	5	3	1	276	741	1014	3.04e-128	459
ef6ee7bc-5c19-4ff8-82fb-57f8a1adf4e9	gb:HM370979|Organism:Influenza	99.465	187	0	1	1	186	199	13	2.65e-92	339
17d67435-1c84-48e4-9424-50dde643e887	gb:HM370978|Organism:Influenza	97.817	1008	11	8	1	1003	13	1014	0.0	1729
dfda52ac-6e80-4661-8437-3c8199e47d55	gb:HM370977|Organism:Influenza	99.095	1436	9	3	1	1435	13	1445	0.0	2577
629a8ce6-4330-49cd-b43e-25b9aa41037e	gb:HM370979|Organism:Influenza	96.953	886	13	10	1	880	13	890	0.0	1474
215494ed-afa5-4e32-8852-ae86187042eb	gb:HM370979|Organism:Influenza	89.560	182	12	7	1	178	13	191	8.33e-58	224
a22495fe-f33b-46dc-a208-e0ecb8007178	gb:HM370979|Organism:Influenza	92.670	191	7	6	1	188	13	199	3.57e-71	268
bbb5e01b-2913-482f-8cce-a5535bba8f26	gb:HM370979|Organism:Influenza	96.897	870	15	12	1	863	13	877	0.0	1447
a9454c3b-fff8-4ffb-a633-6d082b96072c	gb:HM370979|Organism:Influenza	95.325	877	16	18	1	864	13	877	0.0	1369
fffb2ee3-8e20-474f-b226-700893789f48	gb:HM370978|Organism:Influenza	95.734	1008	18	24	1	989	13	1014	0.0	1600
be94e6db-578e-4b57-b24f-42ee700a386b	gb:HM370979|Organism:Influenza	97.821	872	8	10	1	868	877	13	0.0	1495
aa1b1c62-c075-4dcc-931a-00a57cbf8976	gb:HM370979|Organism:Influenza	94.709	189	4	6	1	185	13	199	2.69e-77	289
35c5d84e-1146-4e10-abf4-bdc200ac3b3b	gb:HM370979|Organism:Influenza	95.545	202	5	4	6	204	6	206	1.09e-86	320
78e955fb-5bcd-4dd7-8c07-d082b53eb596	gb:HM370979|Organism:Influenza	89.217	881	40	42	10	859	869	13	0.0	1050
4710aec4-50b8-438e-acd7-6ef95fd09a65	gb:HM370979|Organism:Influenza	95.752	871	21	13	6	869	874	13	0.0	1389
33b31e40-9402-4b88-a59d-c14b519e557d	gb:HM370979|Organism:Influenza	94.350	885	30	17	2	874	1	877	0.0	1339
610a76d9-d024-46e9-9414-2a7f089452ec	gb:HM370972|Organism:Influenza	95.804	286	6	5	1	283	2328	2046	1.12e-127	457
05a1ff0f-3bef-4801-b360-a03255845773	gb:HM370979|Organism:Influenza	97.861	187	1	2	1	184	199	13	9.49e-87	320
c5a73628-1b52-4ff2-8123-458ef590f10e	gb:HM370966|Organism:Influenza	97.527	283	3	2	1	280	1939	2220	6.60e-135	481
308b299d-895a-4b75-ae8e-933aa6e1626f	gb:HM370978|Organism:Influenza	94.909	275	4	8	1	267	741	1013	3.87e-117	422
ff724a70-1d90-4eb1-a227-3c7eec7ec880	gb:HM370979|Organism:Influenza	98.151	649	7	3	252	898	658	13	0.0	1127
8eb04638-4ed7-43eb-b50d-f10bd530ab08	gb:HM370979|Organism:Influenza	97.241	870	14	9	1	865	877	13	0.0	1465
a96a1a3a-bde2-4b3a-9ea0-09f7c7f8443d	gb:HM370973|Organism:Influenza	98.492	199	0	3	1	197	13	210	9.41e-95	348
a96a1a3a-bde2-4b3a-9ea0-09f7c7f8443d	gb:HM370973|Organism:Influenza	98.802	167	1	1	205	370	2162	2328	3.46e-79	296
695b5c08-c0c5-44b6-836d-71caaa7dd6aa	gb:HM370979|Organism:Influenza	96.005	876	10	17	1	862	877	13	0.0	1400
e1e8aa19-90f1-4108-94b6-ee8850372f73	gb:HM370972|Organism:Influenza	97.880	283	4	2	1	281	2046	2328	3.96e-137	488
14186a1b-0222-4b88-8d5b-cae8523e2381	gb:HM370978|Organism:Influenza	98.905	1005	7	4	1	1004	13	1014	0.0	1792
befe4fc0-40a0-4902-85bc-ff2a811e239e	gb:HM370979|Organism:Influenza	97.706	872	9	9	1	868	13	877	0.0	1489
bcbcf7f8-c512-4318-a88b-6c9509e7baf1	gb:HM370978|Organism:Influenza	98.709	1007	2	9	1	1001	1014	13	0.0	1777
670a6646-c865-4624-9b35-9252c4b68d31	gb:HM370978|Organism:Influenza	94.066	1028	27	24	2	1009	1	1014	0.0	1530
fc42fc65-4196-4039-85c7-bdd0ae4d911f	gb:HM370966|Organism:Influenza	97.544	285	3	2	1	284	2220	1939	5.18e-136	484
6ac12761-cc6a-4dd0-af8a-b0ccb4177799	gb:HM370979|Organism:Influenza	96.626	652	12	9	257	904	658	13	0.0	1074
9e116df0-84b1-410c-ba29-db626ae9caba	gb:HM370979|Organism:Influenza	87.179	195	18	7	1	190	199	7	4.93e-55	215
53b7726d-95c6-4830-94ee-565dbf78a1f0	gb:HM370979|Organism:Influenza	90.059	845	43	35	8	830	20	845	0.0	1057
01659ffb-3d20-4b44-88db-c1293dbb08f0	gb:HM370979|Organism:Influenza	97.063	647	13	6	253	894	658	13	0.0	1085
32483c02-ce01-4ce7-b65c-bc845d772c31	gb:HM370978|Organism:Influenza	98.607	1005	8	6	1	1002	13	1014	0.0	1773
c0c970db-49a9-4451-bd43-84df64e63884	gb:HM370979|Organism:Influenza	97.578	867	12	9	1	860	13	877	0.0	1476
261018c5-75cf-4669-8cdc-b7bb74a91a24	gb:HM370978|Organism:Influenza	97.915	1007	11	9	1	1002	1014	13	0.0	1735
39d44db2-5035-4f83-9f59-a1c63b147a62	gb:HM370979|Organism:Influenza	94.325	881	20	15	1	867	877	13	0.0	1323
b0deb7d4-7f63-4b3c-9bb3-5cf6b934a64d	gb:HM370979|Organism:Influenza	95.183	872	23	16	1	860	13	877	0.0	1360
e470b0da-a7e4-4545-8522-6c9d950f6dfc	gb:HM370957|Organism:Influenza	95.679	324	5	7	1	316	13	335	5.01e-144	512
27874f0d-d0d3-4f7b-8454-d8ced8c810f6	gb:HM370974|Organism:Influenza	95.470	574	11	10	322	883	583	13	0.0	902
27874f0d-d0d3-4f7b-8454-d8ced8c810f6	gb:HM370974|Organism:Influenza	96.646	328	5	4	16	337	2205	1878	3.60e-152	540
a4b5353b-938f-4e5b-88d1-f63d72f56851	gb:HM370979|Organism:Influenza	95.169	890	22	16	2	883	1	877	0.0	1386
144305ac-8bc3-4574-9717-2225133b4a46	gb:HM370978|Organism:Influenza	92.115	279	9	10	1	271	1014	741	6.64e-105	381
bc391365-f530-4710-a6e4-22904dd90696	gb:HM370966|Organism:Influenza	98.582	282	4	0	1	282	2220	1939	1.84e-140	499
9bcca478-7968-425b-8aac-67c30025859d	gb:HM370972|Organism:Influenza	98.592	284	3	1	1	284	2328	2046	5.14e-141	501
e0f71ee5-8ccd-42b5-bcab-824402e2c902	gb:HM370972|Organism:Influenza	96.842	285	6	3	1	284	2328	2046	1.12e-132	473
f6bb4ebf-f7e9-4e87-bfa8-9146b93850c6	gb:HM370979|Organism:Influenza	97.572	865	16	5	1	860	13	877	0.0	1476
0f2b6420-d875-4952-a1e6-dbffcbeb4e0a	gb:HM370978|Organism:Influenza	99.104	1004	4	5	1	1001	1014	13	0.0	1799
db9f2eb6-bdeb-4d5e-ae2a-675107e71479	gb:HM370979|Organism:Influenza	95.386	867	19	15	1	848	13	877	0.0	1360
122109c9-581e-45c5-8e71-fdeda8029f3b	gb:HM370979|Organism:Influenza	98.385	867	7	4	1	862	13	877	0.0	1517
2547e0ba-2d19-433e-a9c8-77f3bbfcec63	gb:HM370966|Organism:Influenza	95.775	284	7	4	1	281	2220	1939	1.44e-126	453
1ef74469-34bf-4a2e-932e-9e69045829c0	gb:HM370972|Organism:Influenza	98.246	285	2	3	1	284	2046	2328	2.39e-139	496
29ad4cf5-733c-4cca-ad55-b9cb7d6a162a	gb:HM370979|Organism:Influenza	96.296	189	4	3	1	188	13	199	7.57e-83	307
4777dfe4-59ae-4124-a195-96b0ee629d40	gb:HM370978|Organism:Influenza	98.805	1004	8	4	1	1002	1014	13	0.0	1784
7639deb2-7f96-4339-829c-b3c20138ebdf	gb:HM370973|Organism:Influenza	99.495	198	1	0	175	372	210	13	1.22e-98	361
7639deb2-7f96-4339-829c-b3c20138ebdf	gb:HM370973|Organism:Influenza	99.415	171	1	0	1	171	2328	2158	1.24e-83	311
584980e5-3571-4a3d-96c0-54ac48c52a55	gb:HM370972|Organism:Influenza	97.193	285	1	4	1	280	2046	2328	3.07e-133	475
0a413ba0-a26e-4d41-bf82-54d502d936a2	gb:HM370972|Organism:Influenza	97.260	292	2	4	8	297	2041	2328	1.16e-137	490
75cbd7b4-8f2b-468c-81cb-172ff4952bb2	gb:HM370972|Organism:Influenza	92.683	287	8	10	1	278	2328	2046	5.24e-111	401
f4c25e3c-c6a9-4d21-9691-049c63ec4b24	gb:HM370979|Organism:Influenza	98.963	868	3	5	1	865	13	877	0.0	1548
5fe7c9a5-18e4-4775-be20-2b8d4fad4d94	gb:HM370979|Organism:Influenza	94.464	867	19	21	1	840	877	13	0.0	1308
f0ccea0c-6c7e-4e21-8903-a69e592cc67c	gb:HM370972|Organism:Influenza	98.947	285	0	3	1	284	2328	2046	1.11e-142	507
2ffd2646-3dd7-498f-bd92-99181f4c08f6	gb:HM370972|Organism:Influenza	96.820	283	6	2	1	280	2046	2328	1.43e-131	470
e2ef782e-6b31-4e65-b1fd-6ced401adc70	gb:HM370979|Organism:Influenza	87.174	881	54	50	1	846	877	21	0.0	946
ac3ee843-721e-4fc2-bed9-363ef0dee0c7	gb:HM370979|Organism:Influenza	91.667	876	40	28	6	866	20	877	0.0	1182
8547c9c2-e3af-4dad-9e14-ef4c8b4ccb78	gb:HM370979|Organism:Influenza	99.465	187	0	1	1	186	13	199	2.65e-92	339
22e29d06-4f9d-4aa2-a8ad-2cd4b6c19265	gb:HM370978|Organism:Influenza	94.778	1015	25	23	1	1000	1014	13	0.0	1555
f5a0be1b-2f09-4ede-99bd-b6b1af0a37d9	gb:HM370966|Organism:Influenza	96.466	283	4	4	1	278	1939	2220	2.37e-129	462
8377fa7e-f917-4e46-92ac-2d96f3f63bdc	gb:HM370972|Organism:Influenza	92.409	303	11	9	1	298	2341	2046	4.32e-117	422
e3113cb4-97f1-44b4-951b-dfe56e7bec26	gb:HM370972|Organism:Influenza	97.627	295	1	4	4	294	2338	2046	5.34e-141	501
12122e95-1a8e-4e4b-a1ef-a16a40a65a14	gb:HM370979|Organism:Influenza	99.201	876	4	2	1	876	13	885	0.0	1576
0126639f-cc1a-4a4c-8e41-da05b3b5c2fa	gb:HM370972|Organism:Influenza	99.647	283	1	0	1	283	2046	2328	5.09e-146	518
359f448e-3886-44a8-a0ef-deaa11280063	gb:HM370979|Organism:Influenza	98.930	187	1	1	1	186	13	199	1.23e-90	333
bac35a27-7387-4a07-9e9d-82427a189ee3	gb:HM370979|Organism:Influenza	98.754	642	5	3	10	651	20	658	0.0	1138
ae98aaa3-12af-4d65-a916-36c37794573b	gb:HM370979|Organism:Influenza	93.177	894	20	29	2	871	1	877	0.0	1275
d429df4e-6230-4c7f-a861-a07d45e8a949	gb:HM370979|Organism:Influenza	93.989	183	1	4	7	180	206	25	3.60e-71	268
8eee2f65-9358-4732-87c6-6c535ce3dc88	gb:HM370979|Organism:Influenza	97.933	871	11	7	1	870	877	13	0.0	1502
3d7d68f8-2fe5-493c-847e-1cea674a87d2	gb:HM370979|Organism:Influenza	94.416	197	9	2	2	196	1	197	3.74e-81	302
b202c4c4-ea54-4590-9eda-f3707d4ce711	gb:HM370972|Organism:Influenza	91.071	280	13	12	14	283	2051	2328	5.42e-101	368
baa7600c-5d4d-4a73-aaa9-fbf4aee0fb6d	gb:CY116733|Organism:Influenza	88.636	1012	94	19	1	1001	1	1002	0.0	1212
98da091e-4313-437f-9f46-10d4d0b09e3e	gb:HM370979|Organism:Influenza	97.872	188	0	4	1	185	199	13	2.66e-87	322
b4f4d388-6f2f-4349-97bd-db8e019d55dd	gb:HM370979|Organism:Influenza	92.740	854	30	19	25	856	856	13	0.0	1205
cc823641-a9ca-432a-a6de-ac5a7e653221	gb:HM370979|Organism:Influenza	95.900	878	16	18	1	871	13	877	0.0	1404
47d05da6-8ce6-43af-96ef-05317bd15063	gb:HM370979|Organism:Influenza	95.408	196	4	4	6	198	206	13	8.04e-83	307
50fce780-a28d-4974-a6ce-2e3b15b7d256	gb:HM370979|Organism:Influenza	95.627	869	23	12	1	860	13	875	0.0	1380
5c55a983-0065-468f-b01e-8e3eaa84f7c8	gb:HM370972|Organism:Influenza	99.653	288	1	0	1	288	2328	2041	8.87e-149	527
623e16c7-6a0a-4914-8d79-9a6462849d2f	gb:HM370979|Organism:Influenza	94.299	877	23	21	1	862	13	877	0.0	1317
fd40c9cd-dad1-44c1-aafe-27d5fc6d8f7e	gb:HM370979|Organism:Influenza	94.925	867	21	19	1	848	13	875	0.0	1336
0f8fc636-a31e-4afe-abd1-16186588f520	gb:HM370979|Organism:Influenza	93.936	874	33	20	1	863	877	13	0.0	1303
952808de-d6ce-4954-8d3f-35422da71189	gb:HM370978|Organism:Influenza	98.308	1005	2	14	1	993	13	1014	0.0	1748
a393f594-4188-428e-9b7b-bce8cf997e62	gb:HM370979|Organism:Influenza	94.713	870	21	20	5	858	873	13	0.0	1328
2d518b68-d3d5-4c73-a0ff-f6fbb24c9f11	gb:HM370972|Organism:Influenza	98.596	285	0	3	1	283	2328	2046	5.12e-141	501
e015c5d6-4012-4ecc-b757-4a3f770accbc	gb:HM370979|Organism:Influenza	93.822	874	33	16	1	862	13	877	0.0	1295
a3c6a854-59fe-4bfe-a09e-29d471894d3e	gb:HM370979|Organism:Influenza	96.759	864	13	14	1	852	13	873	0.0	1426
ed8ad0cf-3857-40b6-8506-8f639c77937e	gb:HM370978|Organism:Influenza	97.222	1008	11	13	1	997	13	1014	0.0	1690
f493dfe9-2370-4ba8-b4ac-83c741c8f0f3	gb:HM370978|Organism:Influenza	94.261	1028	23	30	99	1104	1026	13	0.0	1539
1df80aee-347f-4ea8-8667-3f06f210d5e6	gb:HM370979|Organism:Influenza	87.317	205	11	14	2	197	1	199	1.08e-56	220
097bc86f-a0ea-4ea8-8457-565d2a517a4c	gb:HM370979|Organism:Influenza	95.408	871	22	16	1	859	13	877	0.0	1371
4a1577fb-25d7-437e-ae36-ce9bd4e5c236	gb:HM370972|Organism:Influenza	99.296	284	0	2	1	283	2328	2046	2.37e-144	512
419e46e2-9676-4fa8-9b74-48c10b9183c6	gb:HM370979|Organism:Influenza	95.795	880	14	16	1	872	877	13	0.0	1399
2149563b-8b6c-4523-9fb3-303f764a7e44	gb:HM370978|Organism:Influenza	95.437	1008	24	16	1	992	1014	13	0.0	1587
12e3a233-b5f1-47f1-8aeb-b51ebb4a3dcb	gb:HM370979|Organism:Influenza	99.192	866	2	3	1	862	13	877	0.0	1555
878bf3ac-c071-4a4b-9b65-b82532d0c9de	gb:HM370979|Organism:Influenza	98.841	863	3	3	6	862	874	13	0.0	1531
3ebc55dc-8404-4d86-84bb-f1d1d3bc2482	gb:HM370979|Organism:Influenza	98.507	871	6	7	1	870	877	13	0.0	1530
c11c9c91-88bc-4bc3-8f7f-98ac9a4bb2ed	gb:HM370978|Organism:Influenza	92.977	1011	43	24	4	1000	1009	13	0.0	1448
7d9cbec1-7fe4-4b15-8ea1-52b6381d4167	gb:HM370972|Organism:Influenza	98.239	284	1	4	1	281	2046	2328	8.51e-139	494
3d9ee7b5-bb0c-4efb-951e-e01ef6682c21	gb:HM370979|Organism:Influenza	98.302	648	7	4	1	646	13	658	0.0	1133
13ae17b5-e313-409f-a4cb-d77a73fb5048	gb:MF575128|Organism:Influenza	87.154	1012	72	48	1	971	1014	20	0.0	1096
15554461-c3f4-4b70-87e9-6652442a3f68	gb:HM370957|Organism:Influenza	100.000	323	0	0	256	578	335	13	1.36e-169	597
9b6859d7-a64f-4a0e-96af-9a88cb096648	gb:HM370966|Organism:Influenza	98.227	282	2	1	1	279	2220	1939	1.09e-137	490
c19c828c-9e4e-401a-8e79-0400e634daea	gb:HM370979|Organism:Influenza	98.039	867	9	5	4	867	874	13	0.0	1500
897812a0-3f4b-4762-9d4c-79c108c2f834	gb:HM370978|Organism:Influenza	98.205	1003	8	7	1	994	1014	13	0.0	1744
dc273e30-ab64-431d-9625-f38bad7f88d1	gb:HM370966|Organism:Influenza	97.778	270	6	0	1	270	2220	1951	1.93e-130	466
7ff6637d-9bf9-4c32-b8c1-c6b434de899d	gb:HM370972|Organism:Influenza	98.571	280	2	2	1	280	2328	2051	8.77e-139	494
925ab656-b69e-47a5-b172-54e1abd96a72	gb:HM370978|Organism:Influenza	96.085	281	4	5	1	275	741	1020	5.21e-126	451
d5539ff2-cd7b-485d-a04a-82d87250693f	gb:HM370972|Organism:Influenza	98.294	293	3	2	4	294	2338	2046	2.47e-144	512
a6c0299a-053c-4a5d-aa07-8eab364faa40	gb:HM370979|Organism:Influenza	97.583	869	10	8	1	862	13	877	0.0	1478
70b83b81-6333-4f84-9165-e4504af368dc	gb:HM370979|Organism:Influenza	97.018	872	7	11	1	860	877	13	0.0	1448
75dd8099-3aa5-4605-8ffe-a24ea553b472	gb:HM370979|Organism:Influenza	97.583	869	11	9	1	863	13	877	0.0	1480
27c51514-2ff2-4116-a5da-ed6a2deaa9ed	gb:HM370979|Organism:Influenza	95.642	872	14	16	1	855	877	13	0.0	1378
437a4041-947e-455b-985b-98096d79a41f	gb:HM370978|Organism:Influenza	99.104	1005	3	6	1	1002	1014	13	0.0	1801
0cae457a-b8cc-4d68-aee3-403fd19c7613	gb:HM370978|Organism:Influenza	98.307	1004	10	7	1	999	1014	13	0.0	1753
c404a8f7-46a6-4ab6-97dd-9225f535f439	gb:HM370979|Organism:Influenza	95.886	875	17	12	1	866	877	13	0.0	1399
14d17efe-4eba-42bf-bd37-fb28f05007e8	gb:HM370979|Organism:Influenza	96.500	200	6	1	2	201	1	199	1.75e-89	329
cb3f3642-f0e5-4b6b-9d5f-c969241c1c01	gb:HM370972|Organism:Influenza	98.142	323	2	1	1	319	13	335	1.78e-158	560
363b05fe-f64f-45a5-8c9f-586e831fe93d	gb:HM370972|Organism:Influenza	99.293	283	1	1	1	282	2328	2046	8.48e-144	510
8c188f5e-dbb4-44e5-98c7-bc9246107601	gb:HM370979|Organism:Influenza	85.492	193	11	9	7	185	206	17	3.77e-46	185
9d6352c9-c46b-4c91-93ef-3de49c315e1c	gb:HM370979|Organism:Influenza	97.436	858	14	7	1	851	13	869	0.0	1456
7e997a59-26be-4188-8e6d-55fc76ba1071	gb:HM370979|Organism:Influenza	97.699	869	13	6	1	865	878	13	0.0	1487
3f4c9c20-f0c4-4b25-9dc0-272da07df555	gb:HM370979|Organism:Influenza	92.893	197	4	9	86	274	5	199	9.07e-74	278
8e1c7835-80b0-4a20-b591-04d092d81547	gb:HM370979|Organism:Influenza	98.502	868	8	5	1	866	877	13	0.0	1526
9b597aa0-d2ba-427f-a370-7c8f4914de2c	gb:HM370972|Organism:Influenza	99.296	284	1	1	15	298	2328	2046	2.49e-144	512
6f0e3130-6de9-49a0-821e-efd6d8acc6e8	gb:HM370966|Organism:Influenza	95.789	285	4	6	1	280	2220	1939	1.44e-126	453
b191cc48-fe5a-4a85-9a5b-7e5edd4037b1	gb:HM370978|Organism:Influenza	93.367	995	34	26	115	1088	996	13	0.0	1443
fe84163a-d02a-4604-868d-ed217728a552	gb:HM370972|Organism:Influenza	96.820	283	8	1	1	282	2046	2328	4.00e-132	472
59a60582-8a40-4f6b-b255-5a05a4addd9e	gb:HM370978|Organism:Influenza	92.323	1016	34	34	1	986	1014	13	0.0	1404
c6f158fc-62dc-4817-b85c-c64d689e23f3	gb:HM370979|Organism:Influenza	97.359	871	6	14	1	860	13	877	0.0	1465
c9f2dcb7-af49-4688-9855-778d00b33003	gb:HM370979|Organism:Influenza	93.052	878	26	30	1	856	13	877	0.0	1251
028ce638-8bf0-49a8-86e6-8354c0d4197e	gb:HM370979|Organism:Influenza	97.022	873	8	14	1	863	13	877	0.0	1452
b0de46ea-2f47-4bf7-8969-b9e76eae61e6	gb:HM370973|Organism:Influenza	99.444	180	0	1	1	180	13	191	4.32e-88	326
b0de46ea-2f47-4bf7-8969-b9e76eae61e6	gb:HM370973|Organism:Influenza	93.137	102	1	6	266	363	2229	2328	1.30e-33	145
c7deb734-1c6b-4fe6-b085-408a050bb305	gb:HM370979|Organism:Influenza	96.946	884	8	15	88	963	5	877	0.0	1465
2c1a39e6-51f6-4f98-9bc1-2266e1ab1136	gb:HM370979|Organism:Influenza	96.807	877	10	11	1	863	877	5	0.0	1448
021a6d1d-8a3d-476b-8894-b45e7794d9db	gb:HM370979|Organism:Influenza	98.041	868	11	4	1	863	13	879	0.0	1504
ea5fce7f-50a8-45b9-92c7-d1784115f8a8	gb:HM370972|Organism:Influenza	94.700	283	13	2	1	281	2046	2328	4.04e-122	438
0ac7552e-0c36-4439-897d-8483b924ea2f	gb:HM370979|Organism:Influenza	98.502	868	5	5	1	863	13	877	0.0	1524
3211c8db-f7e9-420c-96b7-6fdcd9dd07ef	gb:HM370972|Organism:Influenza	96.491	285	5	5	1	282	2046	2328	1.86e-130	466
a14bdab0-6a1d-42d2-9f49-e976901a6728	gb:HM370974|Organism:Influenza	94.567	589	9	10	1	584	13	583	0.0	889
a14bdab0-6a1d-42d2-9f49-e976901a6728	gb:HM370974|Organism:Influenza	95.770	331	7	7	569	895	1878	2205	2.89e-148	527
b59ccacd-e904-4b5a-8fa6-de7b88631719	gb:HM370979|Organism:Influenza	95.652	184	3	4	11	193	192	13	7.86e-78	291
57a9bb8a-e9ee-452d-9305-b3afe38177d0	gb:HM370978|Organism:Influenza	97.505	1002	8	12	1	985	1014	13	0.0	1696
bc9c8757-b097-4bbc-bb3d-e5aa2e9594e8	gb:HM370972|Organism:Influenza	90.909	286	16	9	1	280	2046	2327	3.20e-103	375
26060d99-3a2c-46f9-8fbe-8a36bab4da6e	gb:HM370977|Organism:Influenza	96.868	1437	29	11	1	1425	13	1445	0.0	2390
f77790c9-904d-4a00-9b8c-74879c9dda6b	gb:HM370979|Organism:Influenza	95.923	466	15	4	100	563	890	427	0.0	752
f77790c9-904d-4a00-9b8c-74879c9dda6b	gb:HM370979|Organism:Influenza	99.462	186	1	0	555	740	473	658	1.58e-91	339
46cac406-acd5-4f9d-80b4-32ce2127ddf9	gb:HM370978|Organism:Influenza	97.520	1008	8	16	1	997	13	1014	0.0	1707
68862554-1049-4650-86f3-18cd4982811a	gb:HM370974|Organism:Influenza	99.650	572	1	1	320	891	583	13	0.0	1044
68862554-1049-4650-86f3-18cd4982811a	gb:HM370974|Organism:Influenza	94.833	329	7	10	16	335	2205	1878	1.32e-141	505
cab3ed4b-d5f4-4fd7-a9fa-778613356741	gb:HM370978|Organism:Influenza	97.018	1006	9	18	1	989	13	1014	0.0	1672
218889b3-0588-4e4e-8274-3c60e9f4ea75	gb:HM370979|Organism:Influenza	99.076	866	6	2	1	865	13	877	0.0	1554
c1b5bd65-8a71-478e-9374-a2f9508a6821	gb:HM370978|Organism:Influenza	98.504	1003	7	6	1	996	13	1014	0.0	1762
ae89b64a-4970-4e0a-858d-1cfbac2e5cd2	gb:HM370972|Organism:Influenza	99.648	284	0	1	1	284	2046	2328	5.11e-146	518
e4640728-0a0d-4a2d-8641-86e9d680facc	gb:HM370979|Organism:Influenza	99.465	187	0	1	1	186	199	13	2.65e-92	339
53354334-ae54-45d0-b692-716a90066f4c	gb:HM370972|Organism:Influenza	88.462	286	19	13	1	275	2328	2046	1.92e-90	333
c5c0cf1f-ec6e-4e66-aa42-3b662b19e4a5	gb:HM370978|Organism:Influenza	93.594	281	6	8	1	276	1014	741	3.11e-113	409
f5cf6d6c-198c-45fe-8249-2d34a21f2bb5	gb:HM370972|Organism:Influenza	97.552	286	2	5	1	284	2046	2328	5.18e-136	484
5f831e7f-a248-4720-ab0e-13804e962439	gb:HM370978|Organism:Influenza	96.249	1013	18	20	1	1004	13	1014	0.0	1642
ce752c79-2ced-4070-b042-1c8d8c2c2dcc	gb:HM370978|Organism:Influenza	97.813	1006	13	8	1	1001	1014	13	0.0	1727
48bec266-ddb4-4ef6-8a4c-9309994aee0c	gb:HM370972|Organism:Influenza	94.286	280	8	6	17	291	2322	2046	4.23e-117	422
4ded7ccd-e492-4563-b64d-ab7d52e3bd49	gb:HM370978|Organism:Influenza	97.612	1005	12	10	1	996	13	1014	0.0	1712
00617eaf-003c-4ef1-8882-4aa540f1657a	gb:HM370972|Organism:Influenza	95.714	280	4	7	5	278	2323	2046	8.59e-124	444
5cfc7aa5-67e1-4300-b36c-e9d253d9edb7	gb:HM370979|Organism:Influenza	98.396	187	1	2	1	185	13	199	5.71e-89	327
d1721e81-7210-4948-bf52-9b787fcedb06	gb:HM370979|Organism:Influenza	97.926	868	7	8	6	868	16	877	0.0	1493
056aed3b-5c32-4798-a58e-1fd3d574e7cf	gb:HM370972|Organism:Influenza	94.915	295	8	5	6	295	2338	2046	4.23e-127	455
224f4f25-b02f-4597-ab13-1abd74807345	gb:HM370972|Organism:Influenza	97.569	288	2	3	1	288	2046	2328	4.07e-137	488
9ca6c609-bfd8-40e7-8cb8-edbc078641e8	gb:HM370979|Organism:Influenza	97.814	869	9	7	1	863	13	877	0.0	1491
97689374-c6eb-4446-a4f4-365cd66de547	gb:HM370972|Organism:Influenza	99.647	283	1	0	1	283	2046	2328	5.09e-146	518
d2ff97dc-cca5-4bfa-8210-dc3ad25d2fa0	gb:HM370972|Organism:Influenza	95.946	296	6	6	97	389	2338	2046	4.37e-133	475
43bbb71e-dae2-4972-b0b3-93ecaf3cd074	gb:HM370979|Organism:Influenza	91.489	188	7	7	1	179	12	199	1.22e-65	250
5ae8f875-ba62-49b5-af8a-73694fa3201f	gb:HM370966|Organism:Influenza	96.403	278	9	1	108	385	2215	1939	1.56e-127	457
d4ef98b4-f529-4439-8668-d543d0c91e47	gb:HM370978|Organism:Influenza	97.423	1009	5	13	1	995	1014	13	0.0	1700
603dfcd3-e9e4-4859-8dc1-35c4c9ada449	gb:HM370979|Organism:Influenza	98.048	871	6	9	1	866	877	13	0.0	1504
4700bbfc-013a-4816-8c21-136d95c2be49	gb:HM370979|Organism:Influenza	98.497	865	7	4	1	859	13	877	0.0	1520
aa056013-4ffb-4b5a-aee6-ae0811119a43	gb:HM370979|Organism:Influenza	95.156	867	21	15	1	857	13	868	0.0	1349
18224228-4b13-452d-b035-70a4656592ba	gb:HM370979|Organism:Influenza	97.248	872	12	10	1	867	877	13	0.0	1467
84e49f06-b2d6-486c-8c94-320d6ab93ae1	gb:HM370978|Organism:Influenza	98.204	1002	11	5	1	995	1014	13	0.0	1744
19147461-d321-486d-bd83-24b427735f8b	gb:HM370972|Organism:Influenza	94.203	276	8	6	89	358	2338	2065	9.34e-115	414
e97c2caa-3d28-4a3a-a825-6ec899bb632a	gb:HM370979|Organism:Influenza	96.078	816	18	13	1	806	13	824	0.0	1317
3d611e73-e9f0-47ff-a27a-d92df6a0dc19	gb:CY016145|Organism:Influenza	88.390	267	13	16	13	262	2187	1922	3.96e-82	305
fed86439-1572-4b20-b7aa-64624a57c2a8	gb:HM370979|Organism:Influenza	91.457	199	12	5	1	198	13	207	4.91e-71	268
240d507f-7072-47fa-b07e-a81ddd05700e	gb:HM370978|Organism:Influenza	95.618	1004	23	20	4	991	1011	13	0.0	1591
3ec5910c-b391-4c5e-b93c-cecc4a37be97	gb:HM370979|Organism:Influenza	97.362	872	9	10	1	865	877	13	0.0	1471
85d833f7-b7b5-4589-8ffa-7559dda70608	gb:HM370972|Organism:Influenza	99.647	283	0	1	1	282	2328	2046	1.82e-145	516
3cc40666-32c8-4ea7-9e4f-94f8162b0758	gb:HM370979|Organism:Influenza	91.963	647	20	25	18	637	17	658	0.0	878
268702a2-be6b-40af-908b-81b522c84a5b	gb:HM370979|Organism:Influenza	98.837	860	5	4	6	861	871	13	0.0	1528
5420e0f6-15ee-4a2d-ab8c-4e4cd3dd8eb7	gb:HM370979|Organism:Influenza	89.294	878	49	35	1	845	12	877	0.0	1059
ed897a21-4fa3-46f5-b1a4-9a8fa1279342	gb:HM370978|Organism:Influenza	97.324	1009	9	15	1	998	13	1014	0.0	1698
b18bd521-5ffc-42a1-9d7c-a85ae45202a2	gb:HM370979|Organism:Influenza	89.260	838	47	33	62	879	818	4	0.0	1009
de5a2a91-e9b6-431a-8d4d-6790ea326b2b	gb:HM370972|Organism:Influenza	91.549	284	6	12	1	267	2046	2328	3.04e-103	375
a9dc809e-16b3-4c1e-b173-f0a7c2423022	gb:MH598172|Organism:Influenza	94.096	271	9	2	1	271	2316	2053	4.21e-112	405
36f2460f-a1a4-477c-912d-2f565014b018	gb:HM370978|Organism:Influenza	92.759	1022	36	35	2	1005	13	1014	0.0	1443
1a8849a9-9b09-4dcf-a614-cabef278ee0c	gb:HM370978|Organism:Influenza	98.117	1009	3	11	1	1000	1014	13	0.0	1744
c4c3c611-4712-4641-900e-9db6f20ca5af	gb:HM370978|Organism:Influenza	93.007	286	13	5	6	287	1023	741	9.02e-114	411
3f890273-6672-485a-8c3d-0318bfc1776b	gb:HM370978|Organism:Influenza	97.605	1002	8	11	5	993	16	1014	0.0	1703
34ebb1c6-b78c-4718-bf1c-c383cc58dc94	gb:HM370979|Organism:Influenza	98.961	866	5	3	1	863	13	877	0.0	1546
68ec1370-c3cf-4e81-9754-d38d3f3c3d4a	gb:HM370977|Organism:Influenza	96.745	1444	29	14	1	1437	13	1445	0.0	2390
0f35b2b2-7cfb-41ce-b097-5a904643f649	gb:HM370972|Organism:Influenza	96.691	272	8	1	10	281	2042	2312	5.46e-126	451
3ce06b6d-5107-4cbf-aa2c-40f829ea6a25	gb:HM370979|Organism:Influenza	98.499	866	7	5	1	861	877	13	0.0	1522
3fe50336-da55-425d-b9d7-3dd79853e9b2	gb:HM370979|Organism:Influenza	97.595	873	8	10	1	868	13	877	0.0	1483
aa4e5346-ae22-4417-9d63-391ba94905cf	gb:HM370979|Organism:Influenza	96.528	864	18	10	4	859	872	13	0.0	1419
cb53aeaf-3f72-4e78-b59a-dadcce9a1079	gb:HM370972|Organism:Influenza	98.596	285	2	2	13	295	2044	2328	1.49e-141	503
5d061558-bd38-4f4b-9bd5-34e258cf1369	gb:HM370979|Organism:Influenza	97.008	869	12	10	1	861	13	875	0.0	1448
f2edf0c6-eb61-435d-b9d1-22f6cecc10bb	gb:HM370972|Organism:Influenza	100.000	283	0	0	1	283	2328	2046	1.09e-147	523
a1a0e6f4-2208-496f-b47b-ade6e80c7925	gb:HM370978|Organism:Influenza	94.737	285	0	8	4	274	1024	741	2.37e-119	429
67b23fa3-aa9f-49d1-b087-c4eeb8b5465a	gb:HM370979|Organism:Influenza	90.315	888	42	37	4	862	885	13	0.0	1123
272b3b04-79fc-4757-8a94-9e39852351d2	gb:HM370979|Organism:Influenza	99.485	194	0	1	1	193	13	206	3.66e-96	351
b48eb3b3-a72f-4806-90cc-1f8fe97e350a	gb:HM370972|Organism:Influenza	92.391	276	11	9	4	275	2338	2069	5.78e-106	385
2e8fed35-a69f-4c1e-8627-6700504e5147	gb:HM370979|Organism:Influenza	98.389	869	6	7	1	865	13	877	0.0	1520
470e1315-498a-4cd1-b852-edcf8c459f75	gb:HM370979|Organism:Influenza	95.881	874	18	15	11	874	12	877	0.0	1399
a89ef977-12b7-41a4-80bf-60eacf618082	gb:HM370972|Organism:Influenza	94.077	287	8	8	1	282	2046	2328	8.79e-119	427
88c578f6-a051-4f5e-bad1-dffa2485eb13	gb:HM370979|Organism:Influenza	98.462	195	1	2	1	194	13	206	2.22e-93	342
681aa67d-9db8-4937-80fa-dc748ee03472	gb:HM370973|Organism:Influenza	97.927	193	4	0	1	193	13	205	7.37e-91	335
681aa67d-9db8-4937-80fa-dc748ee03472	gb:HM370973|Organism:Influenza	95.187	187	3	4	192	372	2142	2328	1.62e-77	291
9f23b6e6-d272-40cd-8156-e95fd8f3bb4e	gb:HM370979|Organism:Influenza	95.762	873	18	14	1	860	12	878	0.0	1389
28fe094a-a36b-41a1-833b-705dcfb52121	gb:HM370972|Organism:Influenza	98.940	283	1	2	1	281	2328	2046	3.93e-142	505
ee1ad9e0-cb07-4960-b939-c31d1bc32183	gb:HM370979|Organism:Influenza	98.411	881	5	7	2	877	1	877	0.0	1541
170093eb-27fd-4c16-8eeb-93357e25fe0e	gb:HM370979|Organism:Influenza	98.504	869	3	8	1	863	13	877	0.0	1524
f9f8c6c4-d200-42c1-8daf-854b4f12ef0a	gb:HM370979|Organism:Influenza	99.485	194	0	1	6	198	206	13	3.66e-96	351
13163a22-600e-41fd-86f8-1c6b8f4a9067	gb:HM370978|Organism:Influenza	90.775	271	11	11	1	258	1014	745	1.93e-95	350
908fdf50-2694-4f76-a071-2b83aa95929a	gb:HM370973|Organism:Influenza	98.000	200	2	2	1	200	13	210	3.54e-94	346
908fdf50-2694-4f76-a071-2b83aa95929a	gb:HM370973|Organism:Influenza	88.442	199	7	7	192	386	2142	2328	4.82e-58	226
89f584d0-4063-4efa-90e8-40301fd944cc	gb:HM370979|Organism:Influenza	98.504	869	5	6	1	865	13	877	0.0	1526
a3813826-9b92-4ef7-b0e5-da2a37207740	gb:HM370979|Organism:Influenza	94.816	868	23	18	1	849	877	13	0.0	1334
fd00f228-664b-4b59-af91-8429a4b86e91	gb:HM370979|Organism:Influenza	96.051	861	14	15	20	870	27	877	0.0	1384
d4579e53-4ded-4e86-aa38-bd3d4ca5fb6b	gb:HM370972|Organism:Influenza	97.887	284	1	5	1	280	2046	2328	1.42e-136	486
a03ae358-1940-4634-87fc-fd18c94f9473	gb:HM370979|Organism:Influenza	99.071	861	3	5	1	857	877	18	0.0	1541
0a59dac1-11b2-4a9e-a523-3fca101d0af2	gb:HM370978|Organism:Influenza	97.817	1008	11	10	1	1003	13	1014	0.0	1729
0efd8a32-9ee5-4736-88a7-1e7d3a956f8c	gb:HM370978|Organism:Influenza	97.723	1010	7	10	1	1002	13	1014	0.0	1724
7a99e09e-3b20-458a-a2b2-1742bae5b6d6	gb:HM370978|Organism:Influenza	93.262	282	8	8	1	279	741	1014	4.07e-112	405
42fa8feb-f1e0-4628-99ae-c83f74b75003	gb:HM370979|Organism:Influenza	97.049	881	12	13	1	873	3	877	0.0	1471
837d6b64-6817-4615-bd37-41550059a738	gb:HM370973|Organism:Influenza	98.492	199	1	2	1	198	13	210	2.62e-95	350
837d6b64-6817-4615-bd37-41550059a738	gb:HM370973|Organism:Influenza	92.513	187	8	4	190	370	2142	2328	3.51e-69	263
c75b9760-d3a3-4e8b-8fb4-6b3b7be5cd7d	gb:HM370979|Organism:Influenza	99.465	187	0	1	1	186	13	199	2.65e-92	339
7376bc7e-9f5e-4dd3-be32-ffa2241ab135	gb:HM370972|Organism:Influenza	97.527	283	4	3	1	280	2046	2328	6.60e-135	481
f0d8c277-66ac-409d-be11-d632930b1c93	gb:HM370957|Organism:Influenza	91.641	323	13	13	251	562	335	16	1.10e-120	435
c8f8c3df-03aa-42c1-b362-a9834750f55a	gb:HM370979|Organism:Influenza	96.544	868	15	12	1	856	877	13	0.0	1423
05733d74-ae5e-4136-8994-ca7d137b7ab7	gb:HM370978|Organism:Influenza	98.904	1004	4	6	1	999	13	1014	0.0	1786
78fdd14f-ef5e-4880-9f33-3d981f6ad80b	gb:HM370972|Organism:Influenza	94.097	288	7	7	1	283	2328	2046	2.45e-119	429
ae50a7c0-12f9-45b8-b56e-c7eb4413ad96	gb:HM370979|Organism:Influenza	98.382	865	11	3	1	862	13	877	0.0	1517
817b9773-d490-4721-8cdd-b58ab755ff93	gb:HM370979|Organism:Influenza	99.536	647	0	2	1	645	13	658	0.0	1175
0f8899c6-bd62-45a5-abb9-569e0c0d01e8	gb:HM370979|Organism:Influenza	87.757	874	61	38	1	853	13	861	0.0	979
2a17901d-7f7b-4125-9314-ef12ab1792b7	gb:HM370979|Organism:Influenza	98.918	647	5	2	1	646	13	658	0.0	1155
413a3e23-889c-4447-a6e4-32006b3445db	gb:HM370979|Organism:Influenza	96.564	873	14	11	1	865	13	877	0.0	1432
9234f201-3886-49dc-a10e-5db8b59ad7af	gb:HM370979|Organism:Influenza	94.470	868	28	15	1	857	877	19	0.0	1319
1ca6c70e-199b-479d-aabf-a0902abd1ee9	gb:HM370978|Organism:Influenza	90.459	283	12	11	11	283	737	1014	3.26e-98	359
5f988eca-3105-49e7-a6b1-2038cc8d38d4	gb:HM370972|Organism:Influenza	97.527	283	3	3	1	279	2046	2328	6.57e-135	481
85a86c5c-dce7-4f85-8944-8909a3bc6cb8	gb:HM370979|Organism:Influenza	98.962	867	6	2	1	866	877	13	0.0	1548
5bc98386-95e3-4999-a403-677da6538164	gb:HM370979|Organism:Influenza	94.231	884	14	24	1	853	13	890	0.0	1315
406e4d4c-dcbc-41da-b166-558192ac3d97	gb:HM370978|Organism:Influenza	96.727	275	7	2	1	274	741	1014	1.09e-127	457
9a040cb4-9e5a-48a4-8ac4-368e93f06970	gb:HM370978|Organism:Influenza	94.891	274	8	4	13	281	742	1014	1.13e-117	424
ffe59014-ca66-46d4-a0dc-0a0f4aa57507	gb:HM370979|Organism:Influenza	98.963	868	5	4	1	867	877	13	0.0	1550
5ac4672c-4dd9-4a09-973a-91efb14a674e	gb:HM370978|Organism:Influenza	96.432	1009	18	14	6	1006	1011	13	0.0	1648
69f4ec40-44f9-4241-942a-05b19b0227ca	gb:HM370972|Organism:Influenza	90.847	295	7	14	1	282	2328	2041	1.15e-103	377
1a6b46fc-6462-4251-b736-2a1b30c79a71	gb:HM370979|Organism:Influenza	97.811	868	12	7	1	864	877	13	0.0	1491
911676fa-a065-48bd-833a-8b23f5999bca	gb:HM370978|Organism:Influenza	93.294	1014	25	32	1	983	1014	13	0.0	1456
c64ea437-6235-40a1-8a39-27482b2c0b56	gb:HM370973|Organism:Influenza	96.209	211	5	3	2	210	1	210	4.49e-93	342
c64ea437-6235-40a1-8a39-27482b2c0b56	gb:HM370973|Organism:Influenza	92.021	188	4	9	202	379	2142	2328	2.17e-66	254
c4f3c8be-d919-4a82-996d-aa370be1c7d2	gb:HM370979|Organism:Influenza	98.962	867	4	5	1	864	877	13	0.0	1546
14f23a83-2f3a-47e5-8abc-f75d876152ae	gb:HM370972|Organism:Influenza	98.299	294	2	2	97	388	2338	2046	3.32e-144	512
bb276807-41f9-4c73-a63e-b467d8af2caa	gb:HM370979|Organism:Influenza	98.625	873	3	9	1	872	877	13	0.0	1537
9b0ea4bd-a182-47a6-bc9f-06e37655a3a8	gb:HM370966|Organism:Influenza	96.831	284	5	3	1	282	1939	2220	4.00e-132	472
44e8cf59-9a69-4af7-aef3-77205061e585	gb:HM370979|Organism:Influenza	92.308	871	37	20	1	851	13	873	0.0	1210
0ae4b57a-b737-4144-ae08-33c40dc970b9	gb:HM370978|Organism:Influenza	95.038	262	4	7	320	572	753	1014	3.14e-111	403
dcf5478c-4c6d-41a4-9883-b68346fd9660	gb:HM370972|Organism:Influenza	97.173	283	2	5	1	277	2328	2046	1.09e-132	473
63eb81c7-a712-4904-b355-d5c681d2ddce	gb:HM370979|Organism:Influenza	99.465	187	0	1	1	186	13	199	2.65e-92	339
948fbd38-48c4-4906-90d6-aadb45f34c5f	gb:HM370979|Organism:Influenza	98.851	870	4	5	1	869	877	13	0.0	1546
117270dd-2f01-468c-8b7c-08510dc3900a	gb:HM370979|Organism:Influenza	92.824	655	22	21	253	891	658	13	0.0	926
c49259bd-0aaa-4878-9be5-1569e8b66c3e	gb:HM370979|Organism:Influenza	97.359	871	10	12	1	864	13	877	0.0	1469
4f182b0e-b4ed-45bb-9aad-374d090ed5ea	gb:HM370978|Organism:Influenza	98.209	1005	5	9	1	995	1014	13	0.0	1744
4a5f8439-343b-4822-a42d-4d7e93a5ac0a	gb:HM370979|Organism:Influenza	94.681	188	6	4	1	185	13	199	2.69e-77	289
d39aafc2-6fc2-4806-837c-9a24f0cec8a2	gb:HM370972|Organism:Influenza	100.000	283	0	0	1	283	2046	2328	1.09e-147	523
32a85cde-61a3-4ff6-8b03-eb258e4bc250	gb:HM370978|Organism:Influenza	97.910	1005	11	8	1	998	13	1014	0.0	1731
30ab43bb-a9c3-4ba8-b2e3-3e7cf332fa6b	gb:HM370979|Organism:Influenza	92.168	881	38	29	1	866	877	13	0.0	1216
adacf14a-da0d-4892-a918-0aa30f410b83	gb:HM370978|Organism:Influenza	98.195	277	2	2	1	277	741	1014	6.65e-135	481
30f87406-8c86-4e29-8da5-8ea66c9076fc	gb:HM370979|Organism:Influenza	98.272	868	6	7	1	861	12	877	0.0	1511
4e74481a-76ed-4835-b65c-741a925368a0	gb:HM370979|Organism:Influenza	96.689	876	9	18	1	867	877	13	0.0	1439
4ac02bee-af88-40fa-b675-b87848d17eda	gb:HM370979|Organism:Influenza	98.502	868	7	5	1	865	877	13	0.0	1526
01fead2d-7ee8-40ab-8d6d-490c39efa463	gb:HM370979|Organism:Influenza	96.078	867	14	15	1	849	13	877	0.0	1395
0bd22abe-472a-41a2-856c-bea2cf2b7301	gb:HM370966|Organism:Influenza	97.518	282	4	2	1	279	2220	1939	2.36e-134	479
2b81eb59-17ca-4e9d-8349-8fbb18688683	gb:HM370979|Organism:Influenza	98.730	866	9	2	1	865	877	13	0.0	1537
01345a97-7b64-458c-a4c5-6637c7582e09	gb:HM370979|Organism:Influenza	93.984	881	30	21	14	884	880	13	0.0	1312
8907f632-b821-4add-977b-192437f48645	gb:HM370979|Organism:Influenza	95.980	199	1	5	97	292	5	199	2.06e-85	316
da2561d8-ccc1-4f3c-a26b-9e8873aefb16	gb:HM370979|Organism:Influenza	93.785	885	25	23	7	873	5	877	0.0	1303
fcd808f8-b84d-46fc-9824-927e4dd5e4bf	gb:HM370979|Organism:Influenza	92.971	882	28	25	1	865	13	877	0.0	1254
08381371-ea6f-4626-b511-d382e1323196	gb:HM370979|Organism:Influenza	97.792	317	3	4	112	425	890	575	1.52e-153	544
08381371-ea6f-4626-b511-d382e1323196	gb:HM370979|Organism:Influenza	93.333	90	2	3	408	493	788	877	5.04e-29	130
d61ea419-494c-4d6c-a120-777db8f4f9ba	gb:HM370979|Organism:Influenza	97.701	870	11	8	1	866	877	13	0.0	1487
57ec7e51-faaf-4801-a858-0fabb75ee5a0	gb:HM370978|Organism:Influenza	97.714	1006	9	12	1	996	1014	13	0.0	1718
02b3c15f-bb50-485a-9019-5e83aa4084ff	gb:HM370979|Organism:Influenza	95.543	875	21	12	1	867	13	877	0.0	1384
fa0ed84d-2376-4c60-b9a6-add0842fab32	gb:HM370973|Organism:Influenza	96.500	200	2	4	179	375	210	13	4.47e-88	326
fa0ed84d-2376-4c60-b9a6-add0842fab32	gb:HM370973|Organism:Influenza	96.809	188	4	2	1	187	2328	2142	3.48e-84	313
c88de136-840e-42b1-ba30-fc6fb273e556	gb:HM370978|Organism:Influenza	97.228	1010	16	11	1	1006	13	1014	0.0	1700
5b5efe2e-41ec-48cb-9d0d-6bdab079318d	gb:HM370979|Organism:Influenza	100.000	187	0	0	1	187	199	13	1.60e-94	346
fe4c0049-29cd-4032-b2f6-51d3d8828ba2	gb:HM370979|Organism:Influenza	95.767	874	18	16	1	864	13	877	0.0	1391
36852e5d-2006-4b98-9be3-6720e2b6d549	gb:HM370972|Organism:Influenza	95.439	285	6	7	1	280	2046	2328	6.69e-125	448
6760c298-e4ec-4da2-bf90-63c78df42fb1	gb:HM370979|Organism:Influenza	99.191	865	5	2	1	863	13	877	0.0	1557
9bcfd434-f37d-4b2e-babd-2f1d6029a7aa	gb:HM370972|Organism:Influenza	98.282	291	1	3	3	289	2336	2046	1.13e-142	507
2338642a-8f54-4ac7-b245-6dd433bbdbc3	gb:HM370978|Organism:Influenza	98.905	274	2	1	1	273	1014	741	3.83e-137	488
8cc62913-e05f-4755-bf97-ad5648c952a0	gb:HM370957|Organism:Influenza	96.037	328	6	7	253	578	335	13	1.81e-148	527
01d81555-ba25-4bd0-b1d6-7d0e9428dec8	gb:HM370972|Organism:Influenza	96.622	296	3	7	4	295	2338	2046	5.40e-136	484
a796197d-d3a7-4da7-8c11-fc31b8ec4081	gb:HM370979|Organism:Influenza	98.260	862	7	5	6	859	874	13	0.0	1502
8eadf407-390a-4578-b56e-7f1f22317029	gb:HM370979|Organism:Influenza	99.075	865	4	3	1	861	877	13	0.0	1550
5683d1b4-80f6-4c3b-abc0-9d9b6dfdc8b9	gb:HM370979|Organism:Influenza	98.501	867	10	3	1	866	877	13	0.0	1526
5fd2c7da-39c1-4b66-b5e2-6fe2cc237b02	gb:HM370973|Organism:Influenza	98.485	198	2	1	175	371	210	13	9.44e-95	348
5fd2c7da-39c1-4b66-b5e2-6fe2cc237b02	gb:HM370973|Organism:Influenza	94.652	187	6	4	1	183	2328	2142	2.09e-76	287
989eb1bd-d9fa-4b7a-99fb-2c872f3f79b7	gb:HM370979|Organism:Influenza	97.238	869	13	10	1	861	13	878	0.0	1461
64d16fe2-b356-4b9f-9846-0fcf4f406cf1	gb:HM370978|Organism:Influenza	89.085	284	17	10	10	284	736	1014	1.19e-92	340
51249f28-cb0b-4edf-a1d8-a054726956a1	gb:HM370979|Organism:Influenza	96.343	875	11	15	1	864	13	877	0.0	1419
a3cf8b56-17d0-45e7-b8d0-410bfe11a415	gb:HM370979|Organism:Influenza	97.238	869	16	8	1	865	13	877	0.0	1465
7349b4dc-63b8-4283-934c-132d7e33e25a	gb:HM370977|Organism:Influenza	98.396	1434	12	8	1	1424	1445	13	0.0	2510
f4369b4d-f01b-4ae9-a05c-258dff5507b9	gb:HM370979|Organism:Influenza	97.921	866	12	6	1	861	13	877	0.0	1495
868b3da5-8e0f-4bca-b56d-c523175ab0f5	gb:HM370979|Organism:Influenza	89.540	870	47	28	5	840	872	13	0.0	1062
590764ed-0041-4703-b822-359d0b2beebc	gb:HM370979|Organism:Influenza	97.365	873	5	11	1	863	877	13	0.0	1469
ed38829c-4610-4d14-94a0-4842479deff3	gb:HM370978|Organism:Influenza	95.472	1016	19	22	1	1003	13	1014	0.0	1596
fe5d8673-c067-44b2-9ca9-6396eb7a8e6e	gb:HM370978|Organism:Influenza	94.927	1025	17	18	1	1013	13	1014	0.0	1572
04840bb5-6fc7-4df2-9eea-73da93c52708	gb:HM370979|Organism:Influenza	92.517	882	33	30	1	866	13	877	0.0	1232
f9443583-257e-49f8-8fd1-524d3749c84f	gb:HM370972|Organism:Influenza	95.833	288	3	8	1	284	2328	2046	1.13e-127	457
8cbe93e9-9125-40ba-a1f6-f41891fb1c1e	gb:HM370979|Organism:Influenza	95.404	892	17	19	2	884	1	877	0.0	1399
1cfef14b-051c-4fe4-8c33-fcc97d46b900	gb:HM370979|Organism:Influenza	97.474	871	12	8	1	868	13	876	0.0	1478
a4f48e3b-1c92-4c8f-a0a6-1c17f0d9a555	gb:HM370972|Organism:Influenza	98.239	284	3	2	1	283	2328	2046	2.38e-139	496
e5eeeedd-c8d6-4bc6-8a15-f328144a03c6	gb:HM370966|Organism:Influenza	92.808	292	7	12	1	288	2220	1939	9.06e-114	411
86b939fa-e3cf-4632-adc9-1e8fb62bb8f4	gb:HM370978|Organism:Influenza	90.643	1026	37	38	102	1082	1024	13	0.0	1308
c57f74e3-994b-4594-bdf7-f0717baac935	gb:HM370979|Organism:Influenza	97.136	873	13	10	1	869	13	877	0.0	1463
8a3babd9-7fc4-4c58-b773-dc13b7462e3b	gb:HM370978|Organism:Influenza	98.529	272	3	1	3	273	743	1014	2.31e-134	479
8d04c476-6afb-4f08-a775-5fac14a72945	gb:HM370972|Organism:Influenza	96.113	283	7	4	1	279	2046	2328	3.08e-128	459
2c9c311f-cc41-478b-9806-f10ed642e014	gb:HM370979|Organism:Influenza	96.101	872	14	14	1	859	877	13	0.0	1404
5ae8c1c3-059c-4b2d-afe5-7712e8f66fde	gb:HM370979|Organism:Influenza	98.284	874	11	4	7	878	6	877	0.0	1528
4bf914ce-07eb-4bfc-9d54-cef4fc133138	gb:HM370979|Organism:Influenza	97.924	867	9	8	1	860	877	13	0.0	1493
335692aa-71e7-49ad-ac46-cfaec1ca4e83	gb:HM370979|Organism:Influenza	98.936	188	0	2	2	189	198	13	3.50e-91	335
138190ca-8241-4561-9440-2ccca53fcfe7	gb:HM370979|Organism:Influenza	96.334	873	16	13	1	865	877	13	0.0	1421
acb74825-b165-4cfc-b5f8-7b485d164729	gb:HM370978|Organism:Influenza	97.826	1012	6	12	1	1006	13	1014	0.0	1733
a10655d0-50d4-44f4-9559-76a9989c5ecc	gb:HM370978|Organism:Influenza	97.707	1003	13	8	1	994	13	1014	0.0	1716
309ccad5-2ddc-4259-92f3-0b94715fcf78	gb:HM370978|Organism:Influenza	96.528	1008	20	12	1	999	13	1014	0.0	1653
1d1423f6-f950-4273-a243-f56904d5186b	gb:HM370978|Organism:Influenza	96.000	275	5	6	1	271	741	1013	3.02e-123	442
e3950342-dbfe-4d6f-8f19-6ba02eabde26	gb:HM370972|Organism:Influenza	92.281	285	13	8	1	278	2046	2328	2.44e-109	396
aff83b05-b11d-4d44-b035-cfab90ab2af9	gb:HM370979|Organism:Influenza	98.733	868	3	7	1	863	877	13	0.0	1535
437a45f5-8178-4fb4-99ac-c53f8e1c549d	gb:HM370979|Organism:Influenza	96.540	867	15	11	4	862	872	13	0.0	1421
389d46a0-bfea-42ef-8fcd-8f01c0487ee6	gb:HM370979|Organism:Influenza	98.274	869	5	8	1	863	13	877	0.0	1513
1eaa83bb-a7c4-4b14-8578-55ebf56f561c	gb:HM370978|Organism:Influenza	94.809	944	22	17	159	1086	82	1014	0.0	1447
5ce12316-e602-4cfc-ae69-63eb5c4927f0	gb:HM370972|Organism:Influenza	99.647	283	1	0	1	283	2328	2046	5.09e-146	518
12f0745b-1446-4104-88b4-47f1a838085e	gb:HM370978|Organism:Influenza	96.841	1013	11	17	1	1003	1014	13	0.0	1674
84ec3eba-88e8-4991-83ee-5593e5750803	gb:HM370974|Organism:Influenza	97.735	574	7	5	1	571	13	583	0.0	983
84ec3eba-88e8-4991-83ee-5593e5750803	gb:HM370974|Organism:Influenza	96.341	328	5	5	556	876	1878	2205	6.08e-150	532
e5277ed1-97b9-4bda-b0e9-a7efbe77ed16	gb:HM370979|Organism:Influenza	97.926	868	6	10	1	859	877	13	0.0	1493
aea96d94-2bad-4bcc-8b14-1d8312166a5c	gb:HM370979|Organism:Influenza	96.343	875	9	18	1	862	877	13	0.0	1417
5df75e6d-5859-4166-b80b-c04fadb7e8e3	gb:HM370979|Organism:Influenza	96.233	876	15	15	1	869	13	877	0.0	1419
30471ee0-61ed-4278-bce3-2b95acfdcd23	gb:HM370979|Organism:Influenza	97.340	188	2	2	1	186	13	199	1.24e-85	316
e9d875a3-ca0f-48b9-864a-0487a3aed3db	gb:HM370973|Organism:Influenza	91.509	212	6	10	2	203	1	210	9.60e-75	281
e9d875a3-ca0f-48b9-864a-0487a3aed3db	gb:HM370973|Organism:Influenza	89.412	170	5	10	210	367	2160	2328	7.69e-51	202
771df6b9-bc32-4636-a15b-e7f993578a99	gb:HM370979|Organism:Influenza	96.686	875	18	9	6	873	885	15	0.0	1445
60f5aa27-037c-44b3-963e-a4a374eaa426	gb:HM370979|Organism:Influenza	96.114	875	9	17	1	860	13	877	0.0	1404
6d52d6f5-b4bc-454e-9b6e-6df20ab7c68b	gb:HM370978|Organism:Influenza	95.652	276	7	5	1	273	1014	741	3.92e-122	438
4691ba6d-def2-4dfb-831f-e17e7c066f49	gb:HM370972|Organism:Influenza	95.122	287	5	7	1	282	2328	2046	8.72e-124	444
97638011-2853-4cb6-b7d5-4f3fe9df658a	gb:HM370972|Organism:Influenza	94.737	285	8	6	1	280	2328	2046	1.45e-121	436
2fe8ba0b-140f-4163-bfd7-86a598cf9862	gb:HM370979|Organism:Influenza	98.159	869	10	5	1	867	877	13	0.0	1511
b682fe81-4ee2-4d22-a43c-27625a31e942	gb:HM370979|Organism:Influenza	99.193	867	2	5	1	864	877	13	0.0	1557
93399432-ab0a-49a7-951a-6bcd66d62319	gb:HM370979|Organism:Influenza	94.164	891	24	22	1	876	890	13	0.0	1332
153d9b90-30aa-42d8-93ea-cff7e7f096df	gb:HM370979|Organism:Influenza	98.065	775	6	8	1	770	877	107	0.0	1339
2d8c7ef5-d953-475e-89ac-d118c1acc8b4	gb:HM370978|Organism:Influenza	99.286	280	1	1	1	280	1014	736	4.02e-142	505
b4899219-ee5f-4387-a553-283be1323c3e	gb:HM370979|Organism:Influenza	98.942	189	1	1	12	199	11	199	1.03e-91	337
ba46c3a8-d8c0-44f4-8561-920ffa28cccd	gb:HM370978|Organism:Influenza	95.117	1024	20	19	4	1010	1023	13	0.0	1587
275fb466-146f-498c-aedb-40c0297d5e5e	gb:HM370979|Organism:Influenza	97.035	877	14	9	2	870	5	877	0.0	1465
82869858-b0f4-43d4-b662-bdb574b3948d	gb:HM370972|Organism:Influenza	98.239	284	3	2	1	283	2046	2328	2.38e-139	496
b0a79073-0abc-45b3-baed-573472b0043e	gb:HM370972|Organism:Influenza	96.516	287	6	3	1	287	2328	2046	4.08e-132	472
c67d6c5b-6cc9-4ef3-be77-61a1d8ef3c2f	gb:HM370979|Organism:Influenza	94.707	888	26	16	2	879	1	877	0.0	1360
01f4b12b-ca2d-4b25-87dd-649fbf97157e	gb:GU052823|Organism:Influenza	82.746	284	27	16	1	269	1002	726	2.02e-60	233
c4f374e5-d36b-4985-a574-5a27a71c0853	gb:HM370972|Organism:Influenza	96.429	280	5	4	20	298	2053	2328	1.19e-127	457
6db5084e-0d90-4147-a850-7208df259de6	gb:HM370978|Organism:Influenza	96.733	1010	19	7	1	1004	1014	13	0.0	1670
142d9c8a-4365-4f2b-9a5d-137830f027bf	gb:HM370978|Organism:Influenza	98.410	1006	3	8	1	997	1014	13	0.0	1757
bebc27eb-a4f7-4f3e-b650-f369cf5f7d2f	gb:HM370972|Organism:Influenza	97.902	286	1	3	1	284	2328	2046	1.11e-137	490
d7ae4dad-7bbd-422b-a40b-7b8a3d94a222	gb:HM370979|Organism:Influenza	98.300	647	7	4	254	897	658	13	0.0	1131
61224d0d-2228-48b7-859e-14a037e2ba44	gb:HM370957|Organism:Influenza	98.765	324	1	2	1	322	13	335	2.29e-162	573
79e87b0d-cfcd-4db9-ae4f-fee270c6f293	gb:HM370977|Organism:Influenza	97.145	1436	27	8	1	1425	13	1445	0.0	2412
aa9f5912-e4f0-4448-834f-4beab06a734e	gb:HM370966|Organism:Influenza	98.587	283	2	2	1	282	1939	2220	1.84e-140	499
e630e0bb-574a-40c9-bb61-5e41abe0413e	gb:HM370979|Organism:Influenza	89.456	882	47	33	1	853	877	13	0.0	1072
a9c12791-138f-4c2a-9ab2-89583eabde46	gb:HM370972|Organism:Influenza	95.833	288	4	5	1	286	2046	2327	3.32e-128	459
82c20ed1-5909-4540-b4ab-0f2b26d8bcd8	gb:HM370978|Organism:Influenza	99.635	274	0	1	1	273	741	1014	1.77e-140	499
9b097d29-58cb-4ea5-b50e-27fbc4670dfc	gb:HM370972|Organism:Influenza	97.902	286	0	4	1	283	2328	2046	1.11e-137	490
7ee5ca7f-2070-4f00-81da-17b7436c111b	gb:HM370978|Organism:Influenza	95.424	1027	16	22	100	1108	1	1014	0.0	1607
7151eb89-dc5a-4636-bf40-3748387ac1e4	gb:HM370978|Organism:Influenza	95.622	1005	25	16	4	995	16	1014	0.0	1594
f3fbc4ab-6f2a-4719-8f74-4bfdb6a57a7f	gb:HM370978|Organism:Influenza	92.444	1019	33	35	1	992	1014	13	0.0	1415
effc4e2c-13de-4d62-9280-d97863c2a108	gb:HM370957|Organism:Influenza	96.636	327	7	3	251	577	335	13	2.32e-152	540
d6b827d0-ccf7-4a30-8c26-692d4396ed83	gb:HM370979|Organism:Influenza	97.696	868	8	10	1	858	12	877	0.0	1482
fc753bc9-a8f8-4c66-b993-b7d137fd2843	gb:HM370973|Organism:Influenza	99.507	203	0	1	186	387	203	1	7.60e-101	368
fc753bc9-a8f8-4c66-b993-b7d137fd2843	gb:HM370973|Organism:Influenza	95.628	183	4	3	1	180	2328	2147	1.69e-77	291
a73cd11a-efbd-4081-a4b8-d8865a2143c6	gb:HM370979|Organism:Influenza	94.931	868	14	23	1	841	877	13	0.0	1332
0400034e-121f-4d72-a1d0-8196b59b6e96	gb:HM370979|Organism:Influenza	95.528	872	17	15	1	857	877	13	0.0	1375
5f60dcb4-0723-49ed-bb11-fe24238ca476	gb:HM370979|Organism:Influenza	98.847	867	3	5	1	862	877	13	0.0	1539
beef6d8f-3b67-4a51-bf2f-63b83f5078c4	gb:HM370978|Organism:Influenza	97.617	1007	12	12	1	1000	13	1014	0.0	1716
20cc669f-a43b-46ba-a0b5-387400dd63fd	gb:HM370972|Organism:Influenza	88.396	293	15	13	1	284	2046	2328	5.52e-91	335
dd398097-d756-48b8-80c9-d838fca70e6f	gb:HM370978|Organism:Influenza	96.758	1018	20	9	2	1010	1	1014	0.0	1685
6b1d1bda-b8c9-49dc-8563-970d8cb2fc13	gb:HM370978|Organism:Influenza	97.910	1005	5	10	1	992	13	1014	0.0	1725
1c90aa54-ab68-4a79-a08e-fc1f2e5b17e3	gb:HM370978|Organism:Influenza	99.301	1002	3	4	1	998	1014	13	0.0	1808
bf12802a-21f5-4778-9581-92896813f172	gb:HM370979|Organism:Influenza	87.713	879	61	38	1	846	13	877	0.0	981
2f950701-a038-4078-acbc-728829b47fed	gb:HM370978|Organism:Influenza	98.014	1007	13	6	1	1005	1014	13	0.0	1742
43f66d9c-dab2-46db-ba26-324b1ee05cd0	gb:HM370978|Organism:Influenza	99.204	1005	4	4	1	1004	1014	13	0.0	1808
44563bd1-a7a1-4e92-b28a-60a76828136e	gb:HM370978|Organism:Influenza	98.604	1003	5	6	1	995	1014	13	0.0	1766
a12424c9-8b41-44f5-9473-4c5ab9c83d35	gb:HM370966|Organism:Influenza	96.127	284	6	3	14	297	2217	1939	3.28e-128	459
a3942e8e-5065-4fca-90c7-4b6537f5d52a	gb:HM370979|Organism:Influenza	93.548	186	6	3	10	193	18	199	2.85e-72	272
fc671c68-b99b-492a-851f-8e9f2b41044a	gb:HM370978|Organism:Influenza	99.273	275	0	2	1	274	1014	741	2.30e-139	496
5f85fb52-14f5-45eb-9a44-4f17b630f6fc	gb:HM370979|Organism:Influenza	98.824	170	0	2	1	168	13	182	3.48e-81	302
e440d545-d605-406a-8b1c-45a22f02fa65	gb:HM370979|Organism:Influenza	95.867	871	21	14	1	862	13	877	0.0	1395
c27bfc4f-d0ba-4110-b523-ea470cfe3f7d	gb:HM370973|Organism:Influenza	98.990	198	1	1	180	376	210	13	2.06e-96	353
c27bfc4f-d0ba-4110-b523-ea470cfe3f7d	gb:HM370973|Organism:Influenza	94.709	189	7	3	1	188	2328	2142	1.64e-77	291
efb61de4-bc1d-43ca-82da-8f55299690b6	gb:HM370979|Organism:Influenza	96.774	186	2	3	9	190	18	203	7.95e-83	307
bcf5187b-4668-4f63-801e-0bd407c16ee4	gb:HM370979|Organism:Influenza	97.022	873	6	10	12	877	18	877	0.0	1450
217677e9-8795-47cb-be6c-64a1010c59f4	gb:HM370973|Organism:Influenza	94.652	187	4	4	1	181	2328	2142	7.64e-76	285
217677e9-8795-47cb-be6c-64a1010c59f4	gb:HM370973|Organism:Influenza	95.429	175	6	2	173	345	210	36	1.28e-73	278
71eb8dc3-c0b1-46e4-a00e-71881afa1515	gb:HM370979|Organism:Influenza	100.000	186	0	0	1	186	198	13	5.70e-94	344
86bfe024-08ce-4b23-92b5-a435bdecbcba	gb:HM370979|Organism:Influenza	97.237	760	9	10	68	822	125	877	0.0	1277
86bfe024-08ce-4b23-92b5-a435bdecbcba	gb:HM370979|Organism:Influenza	98.529	68	0	1	1	67	13	80	1.86e-25	119
6b55e744-6579-4b4f-a279-6fbac39ecd6b	gb:HM370979|Organism:Influenza	91.389	871	50	20	105	961	872	13	0.0	1170
aa79b538-449a-44ea-836e-ec73de383d99	gb:HM370978|Organism:Influenza	96.918	1006	19	11	1	998	13	1014	0.0	1676
b3bf177d-2a53-4858-aaae-15911cb17d84	gb:HM370957|Organism:Influenza	95.975	323	3	6	1	313	13	335	3.82e-145	516
2358bf86-ae16-4c47-843b-bdb0511d8f43	gb:HM370979|Organism:Influenza	96.296	189	2	5	1	187	198	13	2.71e-82	305
7df52fb5-acc7-49e6-ba17-b06f4d173a26	gb:HM370972|Organism:Influenza	94.014	284	7	7	1	275	2046	2328	3.98e-117	422
90e16fb1-fd52-4c33-956d-d978814bac46	gb:HM370978|Organism:Influenza	92.857	280	8	9	1	274	741	1014	2.40e-109	396
e0a8e61d-9df8-46bb-909c-9842a53be737	gb:HM370979|Organism:Influenza	95.418	873	22	15	1	862	12	877	0.0	1375
8df8d008-cb06-4a46-bd05-52a4285ac8f9	gb:HM370972|Organism:Influenza	99.647	283	0	1	1	282	2328	2046	1.82e-145	516
e0007f91-0435-413d-b0d3-000ff03e3abe	gb:HM370979|Organism:Influenza	97.561	861	9	5	12	861	872	13	0.0	1463
604f8ca1-8f1f-455c-a4ec-93452789a1a5	gb:HM370979|Organism:Influenza	98.622	871	5	6	1	870	13	877	0.0	1535
610f60ed-8c4b-47fe-bc31-d5818fe7dc2b	gb:HM370979|Organism:Influenza	95.767	874	14	9	1	860	877	13	0.0	1387
c14d75e7-23c0-4fa1-bb72-54e7c33c7aed	gb:HM370979|Organism:Influenza	98.297	881	6	6	2	877	1	877	0.0	1535
62f43282-efae-4344-87bd-07c197e03490	gb:HM370979|Organism:Influenza	94.595	185	3	5	1	178	13	197	1.59e-74	279
2e299b10-745d-4832-97cb-32a3e3b7a088	gb:HM370973|Organism:Influenza	100.000	198	0	0	1	198	13	210	2.64e-100	366
2e299b10-745d-4832-97cb-32a3e3b7a088	gb:HM370973|Organism:Influenza	95.745	188	6	2	190	376	2142	2328	7.56e-81	302
2ad14eaf-bab4-4279-be23-ea290c29a3c2	gb:HM370979|Organism:Influenza	95.573	881	13	18	1	871	13	877	0.0	1387
161edc50-88fb-4d5c-9769-4a509a1e95e4	gb:HM370972|Organism:Influenza	97.288	295	1	4	11	305	2041	2328	9.27e-139	494
6b39349d-5b8a-496f-b16c-619187e41b2e	gb:HM370972|Organism:Influenza	91.481	270	7	9	70	331	2067	2328	1.42e-97	357
8d0823e8-dc83-4a32-bf78-f06538208d6a	gb:HM370979|Organism:Influenza	98.618	868	5	6	1	864	877	13	0.0	1530
86ddbd35-c8ac-4a7f-861e-0de3824e32ab	gb:HM370974|Organism:Influenza	97.026	269	3	5	1	267	1939	2204	6.72e-125	448
575569e3-6c4b-4d69-9c75-fb7f34dd2189	gb:HM370978|Organism:Influenza	92.427	1030	43	30	4	1016	1024	13	0.0	1437
f13582e5-08a8-43fd-87b2-5c656e94ede9	gb:HM370973|Organism:Influenza	98.492	199	1	2	178	375	210	13	2.66e-95	350
f13582e5-08a8-43fd-87b2-5c656e94ede9	gb:HM370973|Organism:Influenza	96.791	187	5	1	1	186	2328	2142	1.25e-83	311
e2625385-eac3-4e7a-b838-e7c642f0b631	gb:HM370964|Organism:Influenza	95.512	869	20	14	19	879	870	13	0.0	1371
c51472f7-18df-478f-acd4-43c7921567d7	gb:HM370977|Organism:Influenza	96.632	1455	30	14	2	1447	1	1445	0.0	2398
a4da7d53-b257-434a-ac21-6553fe038836	gb:HM370979|Organism:Influenza	94.382	890	22	18	1	875	13	889	0.0	1341
a3e02df4-ca07-4d6b-87a3-f0b83cb685ca	gb:HM370979|Organism:Influenza	90.169	651	34	26	1	626	13	658	0.0	821
8248cb56-75ea-4d93-b3e9-39682be6337d	gb:HM370978|Organism:Influenza	95.825	1006	24	15	1	992	1014	13	0.0	1609
3ae1e72c-5553-4e98-b3b7-4ea37b4a78ed	gb:HM370978|Organism:Influenza	87.636	275	13	13	1	255	741	1014	1.79e-80	300
9717f5b1-2329-4d44-ae61-288dabe30771	gb:HM370979|Organism:Influenza	99.077	867	4	4	1	865	877	13	0.0	1554
7c7567f8-8e44-4dad-bcd6-32dd532f40f8	gb:HM370972|Organism:Influenza	99.648	284	0	1	1	284	2328	2046	5.11e-146	518
23d63268-5241-4f22-a1cf-a893409d3e40	gb:HM370957|Organism:Influenza	96.951	328	4	6	249	575	335	13	4.96e-154	545
e0c74e4c-6b5c-48e9-9451-663c08a559c9	gb:HM370966|Organism:Influenza	98.936	282	2	1	1	281	2220	1939	1.41e-141	503
81c1672c-6254-4a66-b214-d62586d769bb	gb:HM370979|Organism:Influenza	95.692	882	14	16	1	875	877	13	0.0	1397
c7c071cc-dbfe-42b3-9b2f-2b498805314e	gb:HM370972|Organism:Influenza	100.000	283	0	0	1	283	2046	2328	1.09e-147	523
980ca60a-2198-4afc-b40d-d1484ccf3a06	gb:HM370979|Organism:Influenza	95.853	651	16	10	1	645	13	658	0.0	1042
64e0e913-422b-4ef0-8cb2-8816bbbcc8fe	gb:HM370979|Organism:Influenza	94.875	878	20	22	1	866	13	877	0.0	1349
1211e231-dbe9-4073-a084-6133c6259882	gb:HM370979|Organism:Influenza	87.332	892	60	41	7	863	4	877	0.0	972
c8cc679c-1fd3-4cc0-84ca-eb71189df4b2	gb:HM370979|Organism:Influenza	94.598	870	24	20	1	852	877	13	0.0	1325
0f6b10a3-8354-437d-8f36-30d512d0a21e	gb:HM370979|Organism:Influenza	96.347	657	7	8	1	653	13	656	0.0	1064
68b0acb9-e5c5-4af5-b273-9286a39e48c7	gb:HM370979|Organism:Influenza	96.112	643	18	6	5	643	19	658	0.0	1042
82dfd3db-9474-4a30-81ec-4ed4df8a8a85	gb:HM370974|Organism:Influenza	97.117	555	6	4	11	557	12	564	0.0	928
82dfd3db-9474-4a30-81ec-4ed4df8a8a85	gb:HM370974|Organism:Influenza	98.031	254	4	1	610	862	1952	2205	3.71e-122	440
667e0fcb-4cd9-4f24-a90f-44e616411fb7	gb:HM370979|Organism:Influenza	97.819	871	11	7	1	869	13	877	0.0	1496
e13ccb52-bf6a-40ca-8a78-38e7f29dbb89	gb:HM370979|Organism:Influenza	91.570	866	34	30	6	840	20	877	0.0	1158
fa263ebf-6b2d-4eab-afef-03b51fa3af6f	gb:HM370979|Organism:Influenza	98.930	187	2	0	1	187	13	199	3.45e-91	335
c62e0308-59bd-4828-b610-d7a598589802	gb:HM370978|Organism:Influenza	97.036	1012	7	14	1	999	13	1014	0.0	1681
9310d5f8-31b4-40f9-8c32-7dbcf8c1b3e6	gb:HM370973|Organism:Influenza	99.495	198	0	1	176	372	210	13	4.37e-98	359
9310d5f8-31b4-40f9-8c32-7dbcf8c1b3e6	gb:HM370973|Organism:Influenza	94.149	188	6	4	1	184	2328	2142	9.74e-75	281
808ae8ae-4b55-400e-a306-a3b7fe90e44e	gb:HM370979|Organism:Influenza	91.967	859	32	33	40	882	37	874	0.0	1170
56519752-1b0e-4acc-abae-39486cb4b84f	gb:HM370972|Organism:Influenza	89.020	255	16	10	101	346	2336	2085	5.91e-82	305
fec946ba-ecae-4e64-ba9a-9173c7d8ae8c	gb:HM370973|Organism:Influenza	94.975	199	5	5	175	369	210	13	1.59e-82	307
fec946ba-ecae-4e64-ba9a-9173c7d8ae8c	gb:HM370973|Organism:Influenza	95.187	187	5	1	1	183	2328	2142	4.46e-78	292
f9789fa3-723a-4284-864e-e4a460551b62	gb:HM370979|Organism:Influenza	93.585	873	25	22	110	958	12	877	0.0	1273
5fecbeee-7ceb-4011-90cf-4c6d82de3191	gb:HM370979|Organism:Influenza	97.474	871	8	11	1	865	877	15	0.0	1474
eb21d739-5c75-4e36-82ea-8b1ce677d348	gb:HM370979|Organism:Influenza	95.074	873	26	14	1	864	13	877	0.0	1358
fa26aba5-50d1-412f-ac77-1f7396c5c029	gb:HM370978|Organism:Influenza	98.907	1006	4	5	1	1003	1014	13	0.0	1790
499a7434-09ba-4acc-940e-a5afa4c054f5	gb:HM370979|Organism:Influenza	92.513	187	8	6	1	181	13	199	1.59e-69	263
01935d85-8271-4576-8955-c8ccfb1f0903	gb:HM370961|Organism:Influenza	96.023	1559	26	30	1	1542	13	1552	0.0	2503
54fc6c57-7cad-4783-bb58-cac6c5cba9b1	gb:HM370979|Organism:Influenza	98.847	867	4	4	1	863	13	877	0.0	1541
808b4dc1-145e-4eed-ad67-86bd24e4fb1c	gb:HM370979|Organism:Influenza	97.015	871	12	11	1	863	13	877	0.0	1452
906015bd-532a-406a-ae92-8f859262338f	gb:HM370979|Organism:Influenza	91.497	882	30	28	1	854	13	877	0.0	1171
5c39055d-69cc-493b-a6c7-e653e740a63e	gb:HM370978|Organism:Influenza	96.847	1015	12	15	1	1008	13	1014	0.0	1679
86d58586-1f4b-4eb3-b6bc-f7541d5144cd	gb:HM370972|Organism:Influenza	96.259	294	1	9	9	298	2041	2328	1.18e-132	473
1997715f-0958-4a44-b61e-8ce7af93a938	gb:HM370979|Organism:Influenza	97.931	870	11	7	1	868	877	13	0.0	1500
5548c405-aa63-443c-9f91-e71c92d70872	gb:HM370972|Organism:Influenza	98.940	283	2	1	1	282	2328	2046	3.95e-142	505
32425662-225c-4b1e-a38e-ff9a8844fc03	gb:KM244080|Organism:Influenza	94.451	829	32	10	25	840	11	838	0.0	1264
827f2071-65e9-49ab-b15d-126f6cfded7c	gb:HM370972|Organism:Influenza	97.880	283	4	2	1	281	2328	2046	3.96e-137	488
16d6b050-dbb8-499b-8de0-1b72d8b24647	gb:HM370979|Organism:Influenza	98.501	867	8	5	1	864	877	13	0.0	1524
eeddff19-603f-4338-b9cb-6f86841c6e38	gb:HM370979|Organism:Influenza	93.296	895	31	24	2	885	1	877	0.0	1293
6f41c600-0934-4a10-92b9-0b0bfef03fd2	gb:HM370979|Organism:Influenza	94.388	196	6	4	1	193	13	206	1.72e-79	296
59c7655a-c7e4-43c6-9cba-ea43d45380e4	gb:HM370972|Organism:Influenza	99.647	283	0	1	1	282	2328	2046	1.82e-145	516
b1525097-7cb8-4903-9a51-8f9cebcc625e	gb:HM370979|Organism:Influenza	97.988	646	10	2	257	899	658	13	0.0	1118
129185df-6ca0-4c36-a79e-198b8e457197	gb:KX232513|Organism:Influenza	95.266	866	32	5	1	858	1	865	0.0	1363
63bd27ef-8acd-4e55-a006-8864cf5ea5ac	gb:HM370979|Organism:Influenza	97.575	866	8	10	3	859	16	877	0.0	1471
6d66c042-278c-4d8b-b14a-70a21f92dada	gb:HM370979|Organism:Influenza	96.564	873	15	13	1	866	877	13	0.0	1432
d6ac0ed2-3d68-4096-8ea5-a10a9abab267	gb:HM370979|Organism:Influenza	93.295	880	28	21	1	864	877	13	0.0	1269
75842070-f884-4c61-a7a0-21f01cd4230b	gb:HM370978|Organism:Influenza	96.139	1010	17	15	4	1002	1011	13	0.0	1629
b1b3bcf0-04dd-48c8-a6af-99bc4a73a8dc	gb:HM370979|Organism:Influenza	98.413	189	0	3	1	189	198	13	1.63e-89	329
505d14d4-a142-4f9f-81c3-7bfdd46a168c	gb:HM370972|Organism:Influenza	95.374	281	7	6	1	276	2328	2049	3.26e-123	442
0d9d067e-0f8d-4543-b97d-32a630f13324	gb:HM370979|Organism:Influenza	95.848	867	21	14	1	854	13	877	0.0	1387
23b8c59f-3a7c-4f7d-b1b2-46a7534eb3da	gb:HM370972|Organism:Influenza	89.123	285	14	13	1	270	2046	2328	4.04e-92	339
81e6cfe0-704a-4faa-bca0-d20665098bb2	gb:HM370972|Organism:Influenza	98.947	285	1	2	1	285	2046	2328	3.09e-143	508
8387b2e3-7060-4cdb-a21e-a328fc3106a5	gb:HM370972|Organism:Influenza	95.122	287	6	6	1	283	2046	2328	2.44e-124	446
a5f0318b-432c-438f-beea-252cbf83cf8d	gb:HM370979|Organism:Influenza	98.387	186	2	1	1	185	198	13	2.05e-88	326
8799877c-1cb6-4301-8927-f6a81916a86c	gb:HM370972|Organism:Influenza	99.648	284	0	1	1	284	2046	2328	5.11e-146	518
7b1a9302-8ff4-4c8c-b24e-fcb4b58d41d1	gb:HM370973|Organism:Influenza	98.404	188	2	1	1	188	2328	2142	3.57e-89	329
7b1a9302-8ff4-4c8c-b24e-fcb4b58d41d1	gb:HM370973|Organism:Influenza	95.135	185	2	5	180	359	210	28	7.83e-76	285
52715e02-b7e7-4374-87f0-a459fbb60286	gb:HM370979|Organism:Influenza	93.249	874	35	21	1	859	13	877	0.0	1266
68acbf96-3266-43c2-b93f-47cb71e003de	gb:HM370978|Organism:Influenza	96.925	1008	8	20	1	991	13	1014	0.0	1668
4329007c-4a83-4f3a-a9e5-5f18572f7ec5	gb:HM370979|Organism:Influenza	96.825	189	1	2	1	186	199	13	5.78e-84	311
930cbed1-be39-4981-a87f-f131e8d44bab	gb:HM370978|Organism:Influenza	87.291	1015	58	52	1	957	13	1014	0.0	1094
7bda940b-f909-4ac6-8d2f-a87cc2d6896b	gb:HM370978|Organism:Influenza	98.208	279	3	2	8	284	736	1014	1.44e-136	486
4360105b-7b84-4671-af1a-e5bcd3e82dc2	gb:HM370966|Organism:Influenza	96.503	286	2	6	1	282	2220	1939	1.86e-130	466
e2b95006-7aef-4b90-a831-50bfa78693ec	gb:HM370979|Organism:Influenza	90.992	877	43	32	1	855	13	875	0.0	1149
5229fa9a-9d51-498d-8911-2864fb386d6b	gb:HM370978|Organism:Influenza	97.721	1009	7	10	1	1000	13	1014	0.0	1722
540b0573-68a3-4e4a-832e-8fd7990b798a	gb:HM370979|Organism:Influenza	97.611	879	7	9	1	879	877	13	0.0	1495
eb8fb5cb-8734-48d7-ba30-4a9a3542e6d0	gb:HM370966|Organism:Influenza	94.718	284	8	4	1	278	1938	2220	5.17e-121	435
6c01973e-a284-49ad-b32c-98de6fdf6251	gb:HM370979|Organism:Influenza	96.322	870	18	12	1	861	877	13	0.0	1417
2f0d7864-d47d-4063-a1b9-583d81a51a5c	gb:HM370979|Organism:Influenza	97.232	867	7	10	1	852	877	13	0.0	1452
7c1833f9-a8c4-4a37-873e-0d50ad24c39e	gb:HM370979|Organism:Influenza	97.821	872	7	11	1	867	13	877	0.0	1495
c80a25b4-111b-4ec5-a328-926627376f5f	gb:HM370978|Organism:Influenza	98.094	577	3	6	339	911	585	13	0.0	998
c80a25b4-111b-4ec5-a328-926627376f5f	gb:HM370978|Organism:Influenza	100.000	262	0	0	1	262	1014	753	1.77e-135	484
7f8157d4-8f43-4132-9794-0f9de5a34240	gb:HM370979|Organism:Influenza	86.869	198	17	6	1	193	13	206	1.83e-54	213
574bd137-1255-4f7a-924b-2ce33584e8cf	gb:HM370964|Organism:Influenza	92.483	878	38	23	1	863	877	13	0.0	1230
6b63bb7e-3fd1-434f-8841-4b7d150ccbb6	gb:HM370979|Organism:Influenza	94.731	873	22	19	1	857	877	13	0.0	1336
5eb609ae-91b4-4bab-8040-c55d0d406f4a	gb:HM370972|Organism:Influenza	97.561	287	1	5	1	285	2328	2046	1.45e-136	486
561a2c85-9f38-4aaa-8284-c7b80f12ceb1	gb:CY130127|Organism:Influenza	85.700	986	87	35	33	983	36	1002	0.0	990
0484b597-ad23-4b42-af81-e3f94a4946ab	gb:HM370979|Organism:Influenza	93.619	862	20	23	1	836	13	865	0.0	1254
cd4745d5-5b3b-4813-9824-df4dbcc6de60	gb:HM370979|Organism:Influenza	97.970	197	3	1	2	197	1	197	8.06e-93	340
abf9b067-2ebe-48bb-83a2-a15af439d723	gb:HM370972|Organism:Influenza	99.647	283	0	1	1	282	2328	2046	1.82e-145	516
acf4a7ee-e9d6-4821-9f92-feec0bba0a50	gb:HM370978|Organism:Influenza	98.708	1006	4	6	1	1001	1014	13	0.0	1777
9446543d-960a-4fb3-956c-3e1f96152406	gb:HM370979|Organism:Influenza	95.745	188	3	4	1	184	199	13	4.45e-80	298
12769d5a-8524-407f-a55a-d61ed10968e6	gb:HM370978|Organism:Influenza	94.581	1015	24	29	1	997	1014	13	0.0	1541
17e3423a-08e3-494d-992b-53609e6d0b7c	gb:HM370979|Organism:Influenza	93.672	885	35	13	8	881	887	13	0.0	1304
237b583e-21c7-4994-83b2-a577c8a91061	gb:HM370957|Organism:Influenza	95.988	324	7	4	255	573	335	13	8.33e-147	521
e74ac27f-1ad5-4f69-b929-4325a4cfb3b1	gb:HM370979|Organism:Influenza	92.268	194	11	4	1	192	12	203	2.88e-72	272
4f70e821-cc54-4cf9-a3d5-9e483e779116	gb:HM370979|Organism:Influenza	97.245	871	7	12	1	860	13	877	0.0	1459
c9c67cbf-2d17-47fc-8e4c-679358d2f914	gb:HM370973|Organism:Influenza	98.000	200	2	2	178	377	210	13	3.45e-94	346
c9c67cbf-2d17-47fc-8e4c-679358d2f914	gb:HM370973|Organism:Influenza	96.277	188	4	2	1	186	2328	2142	5.86e-82	305
5221da12-4b54-4778-983b-9ec58a3ae557	gb:HM370979|Organism:Influenza	97.578	867	9	9	17	877	873	13	0.0	1474
08803a4f-b114-4214-b7dc-adbdf7d4a38c	gb:HM370979|Organism:Influenza	97.222	648	10	6	1	642	13	658	0.0	1090
db26a4fa-69c5-4c3f-8a19-871ccb2bd6a4	gb:HM370979|Organism:Influenza	97.354	189	2	2	1	188	199	13	3.50e-86	318
bb127d4e-0c10-4e57-8a4e-49479e83a824	gb:HM370978|Organism:Influenza	95.468	1015	26	18	1	1004	1027	22	0.0	1602
f3b9f818-2f2d-4ff5-9ca9-151a904c3a4f	gb:HM370979|Organism:Influenza	99.076	866	4	2	1	863	13	877	0.0	1552
babee075-db29-453e-843e-3afb168ad4d8	gb:HM370978|Organism:Influenza	96.226	1007	16	14	1	990	13	1014	0.0	1629
d742e040-c508-442f-9f96-cb97f2632998	gb:HM370973|Organism:Influenza	97.475	198	3	2	179	374	210	13	2.06e-91	337
d742e040-c508-442f-9f96-cb97f2632998	gb:HM370973|Organism:Influenza	98.396	187	3	0	1	187	2328	2142	3.45e-89	329
8f359362-caa0-4f02-9234-c305df7fb43c	gb:HM370979|Organism:Influenza	98.730	866	2	4	1	858	877	13	0.0	1530
25ab6d1c-8922-41be-b28b-7339ee759c87	gb:HM370979|Organism:Influenza	94.966	874	22	20	1	861	877	13	0.0	1351
9f184388-8efa-4c74-bcfd-b62636e15c68	gb:HM370978|Organism:Influenza	97.842	278	2	3	8	281	736	1013	8.60e-134	477
360aa8a6-8b1a-439d-9154-9cab1afefcb1	gb:HM370973|Organism:Influenza	98.990	198	0	2	176	371	210	13	2.03e-96	353
360aa8a6-8b1a-439d-9154-9cab1afefcb1	gb:HM370973|Organism:Influenza	91.579	190	7	3	1	184	2328	2142	2.12e-66	254
d01ad6ef-dc76-4759-af78-8dd8b1172a72	gb:HM370978|Organism:Influenza	96.739	276	4	4	1	273	1014	741	3.89e-127	455
3593b2ee-f0d9-4422-b2c0-7f3988fac220	gb:HM370978|Organism:Influenza	91.257	1018	35	43	4	978	5	1011	0.0	1338
4e8465ce-3d73-4953-90f8-66ad7e1f4846	gb:HM370979|Organism:Influenza	96.203	869	17	12	1	857	877	13	0.0	1408
73790e16-f2a8-4328-8204-6a4c69319070	gb:HM370978|Organism:Influenza	94.802	962	32	15	51	999	969	13	0.0	1483
234ac48e-8c9c-4952-abe6-9ccef45ce769	gb:HM370978|Organism:Influenza	97.080	274	3	3	1	269	1014	741	1.06e-127	457
7dda8b30-82cb-4255-838c-5e8706c25312	gb:HM370957|Organism:Influenza	99.071	323	2	1	1	322	13	335	4.88e-164	579
db867c6b-49ce-4ce5-9a00-40a520d040f9	gb:HM370979|Organism:Influenza	97.140	874	12	8	1	870	877	13	0.0	1463
3aecb94d-f74d-429e-a5ce-6d6cebe00439	gb:HM370972|Organism:Influenza	98.587	283	1	2	1	280	2046	2328	6.55e-140	497
32ce8b27-56eb-4b86-a4ef-141c8bf31a20	gb:HM370978|Organism:Influenza	99.273	275	1	1	1	275	741	1014	2.31e-139	496
947e7693-e06b-4649-af33-8427ac4f556e	gb:HM370978|Organism:Influenza	99.601	1002	2	2	1	1000	1014	13	0.0	1827
a856f028-ef0b-4eaa-b909-9a5a7806f668	gb:HM370972|Organism:Influenza	97.561	287	1	4	1	285	2046	2328	1.45e-136	486
e8271872-b407-46f4-bdb6-bb7522ef9de9	gb:HM370972|Organism:Influenza	96.466	283	8	2	1	281	2328	2046	1.85e-130	466
d3b803a5-17fb-4126-ae21-64eb0f64f740	gb:HM370978|Organism:Influenza	95.833	480	8	8	409	883	542	1014	0.0	765
d3b803a5-17fb-4126-ae21-64eb0f64f740	gb:HM370978|Organism:Influenza	98.030	406	6	1	5	410	16	419	0.0	704
3841b964-a4ea-440b-b202-05081684334e	gb:HM370978|Organism:Influenza	97.455	275	2	3	1	271	1014	741	6.41e-130	464
c7444bfe-afed-4e21-8814-fbad0562361c	gb:HM370966|Organism:Influenza	95.789	285	4	6	1	280	1939	2220	1.44e-126	453
4c24ee08-d13c-4604-9dd4-219504b9d5cb	gb:HM370979|Organism:Influenza	96.791	187	2	3	1	183	199	13	2.04e-83	309
c12267a5-79c8-41ea-94bc-46f246e7202a	gb:HM370979|Organism:Influenza	95.195	874	17	20	1	858	13	877	0.0	1358
8552f4b9-f43a-421f-8829-f77068edb24d	gb:HM370979|Organism:Influenza	97.340	188	3	2	1	187	13	199	3.48e-86	318
0f6a6154-e9d2-4fb0-a9ca-b0ed972839d8	gb:HM370978|Organism:Influenza	91.773	1021	44	30	6	998	6	1014	0.0	1384
20e7d38f-2ee0-4ab3-b346-52d4c0127eb1	gb:HM370974|Organism:Influenza	97.574	577	5	9	325	898	583	13	0.0	979
20e7d38f-2ee0-4ab3-b346-52d4c0127eb1	gb:HM370974|Organism:Influenza	97.866	328	4	3	16	340	2205	1878	2.17e-159	564
b834d3a7-f722-4609-b2a9-518c36d3c90e	gb:HM370978|Organism:Influenza	94.592	1017	25	23	1	1002	1014	13	0.0	1546
41d3b440-ec33-46c9-bbc1-b99b9c849e81	gb:HM370979|Organism:Influenza	98.032	864	10	6	5	865	872	13	0.0	1495
9e987548-1c28-4bb7-bba4-ab41cac4139b	gb:HM370978|Organism:Influenza	98.322	1013	6	10	1	1006	1014	6	0.0	1766
7859a0cf-8621-4a5b-a485-0bf27a61e788	gb:HM370979|Organism:Influenza	96.733	857	11	14	1	850	877	31	0.0	1411
0cd1f1c9-667f-4c5d-b8f6-11883d1f65d5	gb:HM370979|Organism:Influenza	97.592	872	13	8	1	871	13	877	0.0	1487
d8f9edf7-2fce-4c90-8eab-81732ff919ce	gb:HM370972|Organism:Influenza	94.681	282	11	3	1	279	2046	2326	6.96e-121	435
21ea92b5-6604-461d-9c34-b7240597c426	gb:HM370978|Organism:Influenza	96.829	1009	8	17	9	999	11	1013	0.0	1664
