d48ceb4b-5cb3-4fdb-83f0-565b31288f11	gb:HM370979|Organism:Influenza	95.429	875	19	15	1	864	877	13	0.0	1375
7f5799e5-bc9b-4b82-bd93-6ae79c805836	gb:HM370979|Organism:Influenza	98.849	869	2	7	1	865	877	13	0.0	1543
15a39117-9f84-4353-ad02-45ea6fa73a8d	gb:HM370979|Organism:Influenza	96.670	871	8	9	1	855	12	877	0.0	1428
c96a8efa-ecec-4dc8-a6a1-553a2ab26144	gb:HM370979|Organism:Influenza	95.178	871	12	20	106	959	872	15	0.0	1349
b1cf5656-b581-4004-ac75-538b7552b8c3	gb:HM370979|Organism:Influenza	98.382	865	13	1	1	864	877	13	0.0	1519
2325671c-8530-4c87-932c-dd1d730a3061	gb:HM370979|Organism:Influenza	92.950	695	27	16	1	675	13	705	0.0	992
2325671c-8530-4c87-932c-dd1d730a3061	gb:HM370979|Organism:Influenza	97.768	224	4	1	682	904	261	38	1.90e-105	385
ed71cb07-1096-4bc9-8049-31ec874874ca	gb:HM370979|Organism:Influenza	98.161	870	5	10	1	864	13	877	0.0	1507
e1c1fa80-29c4-4855-bae3-ca21c229334a	gb:HM370979|Organism:Influenza	94.786	863	24	16	9	853	18	877	0.0	1325
0afcc003-add0-415e-85e3-0ce5a4bcd37e	gb:HM370979|Organism:Influenza	96.330	872	14	16	1	861	13	877	0.0	1417
5a47795e-1a32-410d-9757-3807dc097208	gb:HM370979|Organism:Influenza	94.839	872	23	17	5	866	872	13	0.0	1341
dee7ecdd-80d4-4902-beaf-7216cccf78e4	gb:HM370979|Organism:Influenza	96.552	870	13	12	1	858	13	877	0.0	1424
f697a2fe-a297-4a35-bcc0-c93ed167cb24	gb:HM370979|Organism:Influenza	97.238	869	10	13	1	859	13	877	0.0	1459
1c31039f-ea7b-4688-ae4c-4d067c76f4ce	gb:HM370979|Organism:Influenza	95.200	875	22	16	1	865	877	13	0.0	1365
2bf3be5e-8a07-46a1-a36b-8c0dc171ce06	gb:HM370979|Organism:Influenza	98.382	865	6	5	1	857	13	877	0.0	1513
fd923c40-4706-40c1-b192-275b8276be4a	gb:HM370979|Organism:Influenza	97.106	864	15	8	1	854	14	877	0.0	1448
098ca6c9-f537-4995-bd57-c9c5c58d16d7	gb:HM370976|Organism:Influenza	100.000	29	0	0	1	29	1552	1524	9.38e-08	54.7
4aebf174-adea-483b-baf0-73e295ac3942	gb:HM370979|Organism:Influenza	97.143	875	11	10	1	871	13	877	0.0	1465
a1c72c7b-ca2f-481c-a000-27670cfe5a6e	gb:HM370979|Organism:Influenza	98.157	868	5	9	1	860	13	877	0.0	1504
abc619e3-7ad0-4597-bdc5-c95bf85f1af9	gb:HM370979|Organism:Influenza	97.541	854	9	12	16	862	861	13	0.0	1450
921017cf-2123-4f79-8eb5-7d572eab2036	gb:HM370979|Organism:Influenza	90.045	884	35	36	110	949	887	13	0.0	1096
48ed66d1-eb15-43ab-8f47-dc4559811b16	gb:HM370979|Organism:Influenza	97.251	873	13	8	1	870	13	877	0.0	1469
2f825ca3-ce34-4664-8267-2213de079a32	gb:HM370979|Organism:Influenza	98.851	870	2	8	1	867	877	13	0.0	1544
7d5ccc19-b549-4b03-9180-27d5d1bf23fa	gb:HM370978|Organism:Influenza	91.705	217	8	9	1	208	1014	799	2.38e-78	292
