d49fc6ad-0e8a-4e1a-8c57-d7f6ca9eca61	gb:HM370979|Organism:Influenza	98.087	366	4	2	1	363	877	512	1.16e-180	634
d49fc6ad-0e8a-4e1a-8c57-d7f6ca9eca61	gb:HM370979|Organism:Influenza	87.329	292	14	14	376	646	601	890	6.19e-84	313
4d850207-a341-465b-9bc9-f498d94ab5b0	gb:HM370979|Organism:Influenza	97.616	881	10	9	10	887	885	13	0.0	1500
cbdfcc60-00f8-4378-b196-0b43b1eaa305	gb:HM370979|Organism:Influenza	98.847	867	2	6	1	861	877	13	0.0	1539
951074f3-6439-469d-a773-983fc443d03a	gb:HM370979|Organism:Influenza	95.397	869	25	14	1	858	13	877	0.0	1369
68f0239d-1ada-4d51-97ab-25d31318017f	gb:HM370979|Organism:Influenza	93.957	877	30	20	1	866	877	13	0.0	1304
f422be0b-be4d-4fa3-a248-da45fad4a5ca	gb:HM370979|Organism:Influenza	94.145	871	25	21	1	851	877	13	0.0	1303
3aa0964f-ac84-4cd6-b46d-a23a27efcd28	gb:HM370972|Organism:Influenza	96.154	286	6	4	1	284	2046	2328	2.43e-129	462
44ab018f-dd32-4a56-889c-8675404f1651	gb:HM370979|Organism:Influenza	99.307	866	3	3	1	864	877	13	0.0	1563
9009f774-3444-4254-9393-fa5be64ef2e2	gb:HM370979|Organism:Influenza	97.836	878	7	8	6	876	885	13	0.0	1506
f17d8b91-471f-4db6-94c6-8564eeb71fa5	gb:HM370979|Organism:Influenza	94.279	874	20	25	1	853	877	13	0.0	1310
fed95198-a0d6-41e5-a2a5-4f9833e01cf9	gb:HM370972|Organism:Influenza	88.732	284	15	15	22	296	2053	2328	7.44e-90	331
78d23d2d-c10b-43ab-85b7-7bde62799b53	gb:HM370979|Organism:Influenza	97.589	871	8	10	1	863	12	877	0.0	1480
f50e22a7-02c1-4770-9247-8b3161bb70d4	gb:HM370979|Organism:Influenza	98.730	866	9	2	1	865	13	877	0.0	1537
d1046d6c-ac37-44b0-a14b-ca6a7134746f	gb:HM370979|Organism:Influenza	97.008	869	12	10	1	859	877	13	0.0	1448
85084fd0-b10d-41be-a955-c53aafc6435f	gb:HM370979|Organism:Influenza	97.368	874	8	10	1	868	877	13	0.0	1472
ed9e2634-2ebb-4fab-b3f9-49466376060e	gb:HM370966|Organism:Influenza	97.945	292	4	2	102	391	2230	1939	5.60e-142	505
958880b5-4a9c-4639-bca4-2b15848d9ad7	gb:HM370979|Organism:Influenza	97.704	871	11	8	1	868	877	13	0.0	1489
126ad7f3-3b3c-4f04-a228-c4a89c07db24	gb:HM370979|Organism:Influenza	95.392	868	20	16	1	851	877	13	0.0	1363
dd4ca2f5-000b-4db9-a6ba-7e94b42f2f36	gb:HM370979|Organism:Influenza	96.288	862	20	11	5	856	872	13	0.0	1404
2ac2a30a-5f61-4719-a1e5-d5dcc1a638e6	gb:HM370972|Organism:Influenza	99.647	283	1	0	1	283	2046	2328	5.09e-146	518
10e6562f-b3dc-49d3-929c-8f0022492e80	gb:HM370979|Organism:Influenza	95.972	869	19	12	1	857	14	878	0.0	1397
d54c6f2c-956e-4280-a7f6-46eefdf20cf5	gb:HM370979|Organism:Influenza	97.811	868	11	6	1	863	13	877	0.0	1491
f81eb7b8-5261-4d1f-b356-0ea8b13c90c1	gb:HM370972|Organism:Influenza	94.056	286	8	7	1	280	2328	2046	3.14e-118	425
a8d6d777-ffc5-47c0-88d6-55b2568412b8	gb:HM370979|Organism:Influenza	96.233	876	13	14	6	866	6	876	0.0	1417
f9edc14d-932c-45b6-b87f-e4614083fec7	gb:HM370978|Organism:Influenza	96.925	1008	12	18	4	1000	15	1014	0.0	1672
fa545c5a-8564-44cf-8a19-13a101057047	gb:HM370978|Organism:Influenza	91.724	1015	51	28	1	995	13	1014	0.0	1378
5b5fb422-5d0e-46f9-b493-8bd07a4ae174	gb:HM370979|Organism:Influenza	96.101	872	16	13	1	861	877	13	0.0	1406
9484d5fd-dd46-4453-9ff7-da91d8df6a64	gb:HM370979|Organism:Influenza	99.192	866	3	3	1	863	877	13	0.0	1557
625cd671-1d6a-4885-8a7d-c7f7c6475296	gb:HM370972|Organism:Influenza	95.533	291	5	2	1	291	2328	2046	3.22e-128	459
720c9607-9f7d-4dc2-9ef2-3ba89a501b8f	gb:HM370966|Organism:Influenza	98.587	283	3	1	1	283	1939	2220	1.84e-140	499
0c3fd692-8992-4163-b6bd-22c85e1b11c2	gb:HM370979|Organism:Influenza	98.171	875	8	6	1	869	877	5	0.0	1520
58731b43-8978-4a6a-8caf-2fcfc84843b0	gb:HM370979|Organism:Influenza	93.822	874	31	18	1	860	13	877	0.0	1293
959cfab5-d4a4-458c-b056-838f9092ed9d	gb:HM370979|Organism:Influenza	90.056	895	38	36	1	866	13	885	0.0	1112
1fb03d69-3fa1-4e2a-bed8-1f78da2a34e7	gb:HM370979|Organism:Influenza	96.897	870	11	8	1	859	13	877	0.0	1443
8a9ad81d-348e-439f-92c3-ff76869e7ff0	gb:HM370972|Organism:Influenza	89.726	292	14	13	10	289	2041	2328	3.34e-98	359
92838df4-6067-4079-b89f-b7594814985f	gb:HM370972|Organism:Influenza	93.993	283	9	4	1	275	2046	2328	3.98e-117	422
3a0c2df5-b19d-496f-8e4b-7e053fcc1976	gb:HM370966|Organism:Influenza	90.877	285	16	8	3	283	1942	2220	1.17e-102	374
d16d5804-6298-41de-afac-c762fa10153c	gb:HM370972|Organism:Influenza	89.562	297	19	7	4	292	2338	2046	2.02e-100	366
e19a1cf1-6a76-4d5e-acf1-751bbdba96f1	gb:HM370979|Organism:Influenza	97.929	869	8	9	1	863	877	13	0.0	1496
08bd5938-d144-4e09-8b15-84488fcb848f	gb:HM370979|Organism:Influenza	95.293	871	16	19	1	852	13	877	0.0	1358
75024dac-e64c-434f-8497-c6a2b0c3abcc	gb:HM370979|Organism:Influenza	92.334	874	27	30	1	843	877	13	0.0	1206
1ed9fa2a-9846-4393-a0e6-a4d03ba8f74d	gb:HM370979|Organism:Influenza	98.387	868	7	6	1	863	12	877	0.0	1519
d7698194-300b-4e31-96a5-13e58dc5bef0	gb:HM370979|Organism:Influenza	94.037	872	23	21	1	850	877	13	0.0	1295
14e28b64-07b6-47f0-9d3c-388e579140c9	gb:HM370979|Organism:Influenza	98.962	867	4	5	1	864	13	877	0.0	1546
7a66e318-1f90-41b0-923b-8f6ab335da23	gb:HM370979|Organism:Influenza	96.644	864	16	11	6	861	871	13	0.0	1423
eda34f51-ff56-4fc2-b75a-75a11a8ec165	gb:HM370979|Organism:Influenza	98.843	864	5	4	16	878	872	13	0.0	1535
f4ff19e3-6053-45e9-abe1-b24cf6a8da22	gb:HM370979|Organism:Influenza	97.824	873	5	13	1	867	877	13	0.0	1495
c2be1975-0b26-4628-9f55-ebafb2dbb0b1	gb:HM370979|Organism:Influenza	97.341	865	9	10	4	859	872	13	0.0	1458
d555abf7-d52d-4fbc-a159-c905d917ee56	gb:HM370966|Organism:Influenza	98.227	282	3	1	1	280	1939	2220	3.05e-138	492
c9992c82-5eb2-4e9f-9250-dda9033ec8e9	gb:HM370972|Organism:Influenza	98.940	283	0	3	1	280	2046	2328	1.41e-141	503
be56307e-d5dd-48cd-9e9b-f970cd946c16	gb:HM370979|Organism:Influenza	95.862	870	21	12	1	860	13	877	0.0	1393
d0cbd7c6-e51f-431f-b33f-e76fbce76923	gb:HM370979|Organism:Influenza	97.477	872	9	11	1	866	877	13	0.0	1476
13e8dbe4-8268-4721-89b0-7e53fccc6a75	gb:HM370979|Organism:Influenza	96.980	861	16	10	1	852	13	872	0.0	1437
6e9a8f9b-a50b-4340-898e-37df0b70a28c	gb:HM370972|Organism:Influenza	97.603	292	3	4	7	296	2335	2046	6.93e-140	497
7722c566-059f-4df7-a56b-1438d3e62c94	gb:HM370972|Organism:Influenza	98.479	263	2	2	1	261	2328	2066	2.39e-129	462
60a42c0b-0553-4ee2-b7ce-c7fe2884d1aa	gb:HM370979|Organism:Influenza	94.381	872	23	25	1	853	13	877	0.0	1315
11d3a1cd-bd98-4671-92ea-2a1909611134	gb:HM370979|Organism:Influenza	91.176	884	48	23	12	877	19	890	0.0	1173
40514a4c-a67d-470f-847a-e57163e5f4e2	gb:HM370979|Organism:Influenza	94.802	885	26	17	2	874	1	877	0.0	1362
d5d4db43-836a-4e33-b1a7-492d119a59d0	gb:HM370979|Organism:Influenza	97.238	869	14	7	1	863	13	877	0.0	1463
d648783f-f5c7-4ebd-b485-73337238d198	gb:HM370964|Organism:Influenza	86.353	872	61	43	1	821	877	13	0.0	898
27a60c96-d048-4700-b44a-1703cce080a0	gb:HM370979|Organism:Influenza	96.029	831	15	12	54	874	55	877	0.0	1336
42508a15-243a-497e-8a16-e85555a2d75f	gb:HM370979|Organism:Influenza	89.699	864	49	34	16	850	25	877	0.0	1066
524814c8-b8ff-49fa-aeaf-8416ae6eeeb6	gb:HM370979|Organism:Influenza	94.737	874	28	13	1	865	13	877	0.0	1343
212c05e6-1922-40fa-a535-a18a9c1f0155	gb:HM370979|Organism:Influenza	94.707	869	21	19	1	848	13	877	0.0	1327
f94c7d04-dad2-4e35-aa54-02ab98ea0290	gb:HM370979|Organism:Influenza	97.497	879	11	10	98	966	890	13	0.0	1491
880d96f1-037d-4dff-a299-80ad17618637	gb:HM370979|Organism:Influenza	86.584	887	73	39	1	863	13	877	0.0	937
2e66a9f3-1d6d-4279-8225-e1395cdc577f	gb:HM370979|Organism:Influenza	90.682	880	39	31	1	851	12	877	0.0	1131
7a53c0c5-03ee-42d7-83d6-17a7c271fa4c	gb:HM370978|Organism:Influenza	92.676	1024	38	32	3	1014	16	1014	0.0	1441
04398395-7377-4bb7-8cb2-7cccd917af64	gb:HM370979|Organism:Influenza	99.194	868	3	4	1	867	877	13	0.0	1561
5dc7905d-acee-4411-82ae-7ff41cf0af5e	gb:HM370979|Organism:Influenza	96.678	873	12	13	1	864	877	13	0.0	1435
b00e0d3a-8fba-4145-8474-cdd93da6c551	gb:HM370979|Organism:Influenza	97.819	871	7	8	1	865	13	877	0.0	1493
bf284114-2b30-4901-ac53-fd8488d32fc1	gb:HM370979|Organism:Influenza	96.942	883	6	10	1	880	13	877	0.0	1461
e375b785-2d39-4b25-a67b-559918d7dcb2	gb:HM370979|Organism:Influenza	99.078	868	3	5	1	866	877	13	0.0	1554
396fce2c-6c3f-45cf-9302-ef775ec4feff	gb:HM370979|Organism:Influenza	98.159	869	8	6	1	865	13	877	0.0	1509
df34b651-1021-4cbc-9de6-fb7420641bbc	gb:HM370972|Organism:Influenza	98.233	283	2	3	1	280	2328	2046	3.05e-138	492
4f4b891a-d853-4b89-a61c-88f128240fc6	gb:HM370979|Organism:Influenza	97.603	876	8	7	1	866	877	5	0.0	1489
3f956c55-2e88-4bd5-9580-f74cac337e7f	gb:HM370979|Organism:Influenza	99.769	865	2	0	1	865	877	13	0.0	1587
68923a94-17f6-4256-8b2f-c411d6b16ffa	gb:HM370979|Organism:Influenza	98.504	869	3	7	1	863	877	13	0.0	1524
4049bc8a-9a74-4251-ba9a-3cb24e8f6fef	gb:HM370978|Organism:Influenza	91.988	1011	40	32	1	979	1014	13	0.0	1380
5f63ab13-ab2c-4d98-9be8-5bd477d1a9d4	gb:HM370979|Organism:Influenza	97.819	871	10	6	1	865	13	880	0.0	1495
2e5765af-618f-4336-93d2-ca4c2bd6489d	gb:HM370979|Organism:Influenza	96.544	868	13	12	1	854	877	13	0.0	1421
24dc2e35-4b5b-47c5-8a57-7b829a00b503	gb:HM370979|Organism:Influenza	90.244	902	48	31	84	969	890	13	0.0	1142
01d96217-a183-4395-ad78-799c7c51799b	gb:HM370979|Organism:Influenza	95.928	884	20	15	2	876	1	877	0.0	1419
08bee524-d9b8-4985-81e7-835119c672a8	gb:HM370979|Organism:Influenza	98.396	873	6	2	1	873	877	13	0.0	1528
05fcd33c-c057-4ec9-8b32-4f4e63610ad5	gb:HM370979|Organism:Influenza	93.807	872	27	19	1	852	877	13	0.0	1286
07c3b798-246d-4165-a70b-c9d55a881e78	gb:HM370979|Organism:Influenza	95.762	873	17	15	1	861	877	13	0.0	1389
997c98c0-8072-4c96-aac6-fb30785d7138	gb:HM370966|Organism:Influenza	99.291	282	2	0	1	282	1939	2220	8.48e-144	510
b43b2f58-35d2-4355-be6d-85ba9a8287ee	gb:HM370979|Organism:Influenza	94.508	874	26	19	4	862	871	5	0.0	1328
c99f8762-5acf-42e3-b0cd-70a2f320464c	gb:HM370979|Organism:Influenza	92.677	874	28	26	5	856	872	13	0.0	1227
2a00717a-be69-4573-bf23-30828c2979d9	gb:HM370979|Organism:Influenza	97.460	866	9	11	1	853	12	877	0.0	1465
6b17aff9-ae67-4f38-bf33-62a0100567fa	gb:HM370979|Organism:Influenza	88.215	891	61	29	1	862	890	15	0.0	1024
ea1e25aa-33a5-4a80-937d-0a3d22a897ae	gb:HM370979|Organism:Influenza	98.387	868	6	8	1	863	877	13	0.0	1519
cfca52f3-1728-441d-8d3f-6c06c850da44	gb:HM370979|Organism:Influenza	97.917	864	8	9	5	862	872	13	0.0	1487
762ca935-044b-41ca-8b74-0e9b875074a1	gb:HM370979|Organism:Influenza	98.502	868	4	8	1	862	877	13	0.0	1522
d2bddfdb-2e3a-4226-8186-13cbc03ba5ae	gb:HM370979|Organism:Influenza	99.192	866	4	3	1	864	13	877	0.0	1557
91b8c779-edef-44c5-8cca-32fc0bc3daa0	gb:HM370979|Organism:Influenza	94.622	874	21	20	1	857	13	877	0.0	1330
a148901f-115b-4f57-a189-930bbff1bf0e	gb:HM370972|Organism:Influenza	97.509	281	1	4	5	282	2323	2046	3.09e-133	475
47b2ef95-35d9-4484-8c0e-a5db4791bc0d	gb:HM370979|Organism:Influenza	98.497	865	8	4	1	860	877	13	0.0	1520
aa125bdd-24e2-45e3-b115-717e56a7a82b	gb:HM370979|Organism:Influenza	95.862	870	19	14	2	857	1	867	0.0	1391
bbaba784-8386-4ac1-9a31-e3bdf66d7d6b	gb:HM370979|Organism:Influenza	98.506	870	4	7	1	866	877	13	0.0	1526
f26b3ef9-6ac3-4ba0-99f8-f8901b705072	gb:HM370979|Organism:Influenza	93.786	869	24	24	6	852	17	877	0.0	1279
0a46482e-6af8-4e98-b075-57076de3fddd	gb:HM370966|Organism:Influenza	98.233	283	3	2	1	282	2220	1939	8.54e-139	494
a13cf6f1-4c3a-45cb-afed-f468b14aa562	gb:HM370972|Organism:Influenza	97.880	283	1	3	1	278	2328	2046	5.06e-136	484
8bafb380-1217-45cd-b542-230b150a6dd6	gb:HM370979|Organism:Influenza	97.356	870	9	12	1	861	13	877	0.0	1467
33302b92-bddb-48d6-9436-8d6926196ec2	gb:HM370979|Organism:Influenza	97.005	868	9	10	1	854	13	877	0.0	1443
b525495c-7876-4da2-9796-09981743a783	gb:HM370979|Organism:Influenza	96.575	876	18	7	1	875	13	877	0.0	1441
635365e6-90e8-4deb-b44c-7f331457318d	gb:HM370979|Organism:Influenza	97.743	576	6	7	1	571	13	586	0.0	985
635365e6-90e8-4deb-b44c-7f331457318d	gb:HM370979|Organism:Influenza	80.606	165	17	14	673	829	720	877	8.71e-24	113
6af00684-94f0-4738-8cc6-ab0da4d74d25	gb:HM370966|Organism:Influenza	92.473	279	15	4	4	276	2217	1939	8.70e-109	394
7ee8f483-dba1-44dc-b994-ae2e4a58de1c	gb:HM370979|Organism:Influenza	95.125	882	20	19	5	872	885	13	0.0	1369
13073ca3-bc2d-4168-b8d2-bf74fe2e1baf	gb:HM370979|Organism:Influenza	97.929	869	7	11	1	862	13	877	0.0	1495
3df96c70-240b-40d1-938c-a0bac291df60	gb:HM370979|Organism:Influenza	98.616	867	7	3	1	864	877	13	0.0	1530
ca58285f-d536-433d-835a-0389c7eae3b6	gb:HM370979|Organism:Influenza	97.814	869	10	8	1	864	13	877	0.0	1491
22a59749-3e8f-4f14-9945-aa5415ca0217	gb:HM370979|Organism:Influenza	91.820	868	30	34	1	850	13	857	0.0	1171
314ab09c-775c-43a4-b80c-41e9e1d6a9e2	gb:HM370979|Organism:Influenza	96.580	848	14	9	17	850	31	877	0.0	1391
edced914-d7fd-4a05-b97a-e7f281e40638	gb:HM370972|Organism:Influenza	97.880	283	4	2	1	281	2046	2328	3.96e-137	488
2d75f405-1878-4108-8c71-f0bea8e5c89c	gb:HM370972|Organism:Influenza	97.895	285	4	2	1	285	2046	2328	3.11e-138	492
7e90142f-fc36-4604-b3ec-9f8ddd664560	gb:HM370979|Organism:Influenza	96.670	871	18	9	1	866	877	13	0.0	1437
ab71f6a0-0fd2-4c09-bb33-b248738f90ed	gb:HM370966|Organism:Influenza	97.464	276	4	2	1	273	2220	1945	5.20e-131	468
a813ca58-b73e-47f3-abf6-99a7433d3405	gb:HM370979|Organism:Influenza	97.814	869	7	9	6	869	874	13	0.0	1489
e69b719e-8aa1-4793-8c69-2fc53afb5d74	gb:HM370979|Organism:Influenza	99.076	866	2	2	1	861	877	13	0.0	1550
2b60b13b-ba21-408e-9dfa-9eb9b93fa841	gb:HM370966|Organism:Influenza	98.587	283	3	1	1	283	1939	2220	1.84e-140	499
4c552427-f703-4071-a814-7853dc5e8353	gb:HM370979|Organism:Influenza	98.159	869	7	8	1	863	12	877	0.0	1507
7d2b6b6b-6bf0-419a-9513-d601493e3bf1	gb:HM370972|Organism:Influenza	96.820	283	1	3	1	275	2046	2328	1.81e-130	466
b72fc2cf-54ba-4d4d-b656-d2725d44e506	gb:HM370979|Organism:Influenza	97.029	875	11	13	1	870	877	13	0.0	1458
21dbb954-39bf-4555-9bc6-2a36633610c4	gb:HM370979|Organism:Influenza	97.575	866	13	8	1	859	13	877	0.0	1476
aeba8c0f-ad9e-4292-a137-ada1b77b5e0b	gb:HM370979|Organism:Influenza	96.101	872	17	13	1	861	13	878	0.0	1406
44159eda-daa8-415f-a8fc-e02b2a560600	gb:HM370972|Organism:Influenza	90.690	290	11	15	4	287	2325	2046	4.26e-102	372
19633df3-96e7-4707-b0eb-e5d1702bf979	gb:HM370972|Organism:Influenza	96.491	285	6	4	1	285	2046	2326	5.28e-131	468
6abaac1d-f28c-4339-9f3b-7eb1780bf264	gb:HM370979|Organism:Influenza	95.136	884	24	15	95	966	1	877	0.0	1376
8a5a99c2-5716-47a3-aa21-8ed75a35e8ce	gb:HM370979|Organism:Influenza	93.441	869	31	25	6	855	874	13	0.0	1266
466c7cce-226e-4473-adf4-0de603d1957c	gb:HM370979|Organism:Influenza	92.680	888	29	25	1	862	13	890	0.0	1247
1e70ba18-ded0-41e8-8d67-6b0df1ef5e2d	gb:HM370978|Organism:Influenza	95.312	1024	24	20	3	1016	1022	13	0.0	1604
b1819183-edea-4dbe-86c5-5afd79c6272a	gb:HM370966|Organism:Influenza	92.808	292	10	10	3	286	1940	2228	2.54e-114	412
921e6e99-c75a-4378-a991-8d12bae58766	gb:HM370979|Organism:Influenza	95.374	843	18	17	5	828	872	32	0.0	1321
921e6e99-c75a-4378-a991-8d12bae58766	gb:HM370979|Organism:Influenza	91.045	402	17	16	822	1210	495	890	1.46e-147	525
4cf1569e-7656-4a8a-ac40-16ee62ee61a9	gb:HM370979|Organism:Influenza	94.030	871	23	25	1	848	13	877	0.0	1293
cb86851d-1885-4727-84fb-aab2ffd61e5f	gb:HM370972|Organism:Influenza	95.775	284	2	9	1	275	2328	2046	1.82e-125	449
888f5bc6-ab4d-4511-ba5b-bf7102d947bc	gb:HM370979|Organism:Influenza	92.571	875	29	29	13	867	871	13	0.0	1223
d5fe5ec1-2e68-47cd-b46b-4792e64f8810	gb:KX232513|Organism:Influenza	95.309	810	27	11	48	849	59	865	0.0	1275
07367ea6-1a8e-457f-937c-1404bfef2831	gb:HM370979|Organism:Influenza	98.161	870	7	7	1	866	877	13	0.0	1509
8bdfce40-9cea-4a01-8b2d-e9c1d7bf9fd3	gb:HM370979|Organism:Influenza	93.013	873	31	21	4	859	872	13	0.0	1247
e869f030-1825-40e4-ab92-43b530228dfe	gb:HM370979|Organism:Influenza	97.463	867	13	6	1	860	877	13	0.0	1471
b882192b-8ee3-4a93-a668-3470b8b81902	gb:HM370979|Organism:Influenza	98.733	868	6	5	1	866	13	877	0.0	1537
0267ea55-8437-4911-867f-71bed14d1d06	gb:HM370979|Organism:Influenza	97.065	511	10	5	5	512	873	365	0.0	856
ed49e4da-7a64-40ac-9a01-185d812b19ac	gb:HM370979|Organism:Influenza	93.371	890	28	26	1	871	890	13	0.0	1288
37ea13fb-f0f4-409e-8489-b0707cb4829a	gb:HM370972|Organism:Influenza	100.000	283	0	0	1	283	2046	2328	1.09e-147	523
4eabc8f9-2121-4855-b992-c2732cd4c43f	gb:HM370979|Organism:Influenza	96.092	870	14	16	1	854	12	877	0.0	1400
35dc2a47-c846-45ee-b94b-6bfdc6dc225a	gb:HM370972|Organism:Influenza	98.940	283	1	2	1	281	2046	2328	3.93e-142	505
8dc1b708-c911-4577-803f-b28d006313e1	gb:HM370979|Organism:Influenza	96.893	869	15	8	1	862	14	877	0.0	1445
683a4d9e-86dd-480e-89b5-217cd5d0ede8	gb:HM370979|Organism:Influenza	98.385	867	8	6	1	863	877	13	0.0	1519
4bbaf993-ad00-43a5-8be8-0ee08e29e689	gb:HM370972|Organism:Influenza	95.486	288	9	4	9	292	2041	2328	1.16e-127	457
75a9133d-2811-4aed-b8e6-45bfaddb9bf8	gb:HM370979|Organism:Influenza	96.105	873	13	14	1	860	13	877	0.0	1404
1b511ab7-252b-4a7e-aa87-33f475923769	gb:HM370979|Organism:Influenza	90.857	875	37	29	1	844	877	15	0.0	1133
05149da5-09a8-4866-ad2d-b2cf81adab42	gb:HM370979|Organism:Influenza	95.657	875	15	17	6	859	885	13	0.0	1384
d2275f04-2a27-4670-a64a-90541f3d3f14	gb:HM370966|Organism:Influenza	95.423	284	7	6	14	294	1940	2220	7.06e-125	448
2b890a5e-ef1b-4eb7-9cf6-33b147f28fca	gb:HM370979|Organism:Influenza	93.005	872	32	24	1	850	13	877	0.0	1245
be22b825-8e5e-4cb9-a857-cf664afd0382	gb:HM370972|Organism:Influenza	96.181	288	5	4	1	287	2046	2328	1.90e-130	466
9dd43ac0-7694-4bc7-b02c-f3f9cc70ada1	gb:HM370979|Organism:Influenza	99.076	866	2	4	1	861	13	877	0.0	1550
91af02ee-e9e6-4ebf-a823-32bed618cf19	gb:HM370972|Organism:Influenza	96.516	287	5	3	1	286	2328	2046	1.46e-131	470
dabf48b3-e3a0-4815-bc99-82e47f2f565c	gb:HM370972|Organism:Influenza	92.958	284	10	8	1	275	2328	2046	4.00e-112	405
9d2890e8-36f0-4a59-ae4f-54a83acbe386	gb:HM370979|Organism:Influenza	97.193	855	13	10	1	848	877	27	0.0	1435
2a7ff233-48e7-4ca4-8c9e-64a0b13fbef8	gb:HM370979|Organism:Influenza	97.140	874	10	12	1	868	877	13	0.0	1461
c2b52f78-bfc6-425f-9432-d78a69a47de8	gb:HM370979|Organism:Influenza	97.133	872	8	12	1	862	877	13	0.0	1456
14f065c3-68b8-42d8-b8bc-d41a738d4277	gb:HM370972|Organism:Influenza	94.118	289	9	8	104	386	2042	2328	2.64e-120	433
a0aab71a-d0b1-4e3e-84d7-9d83e8902747	gb:HM370979|Organism:Influenza	98.044	869	7	8	2	864	13	877	0.0	1502
89d7f8b1-5242-4444-a2e7-a7ba38409a78	gb:HM370979|Organism:Influenza	95.397	869	21	14	119	975	874	13	0.0	1365
94e70a02-e3b8-40cf-9891-a98a254486e8	gb:HM370979|Organism:Influenza	89.497	895	39	43	1	857	13	890	0.0	1081
87525337-7412-4abc-9011-65c4243391cc	gb:HM370979|Organism:Influenza	95.900	878	16	16	1	871	13	877	0.0	1404
34fed60d-be22-4c56-8da5-93ba1c9f29ef	gb:HM370979|Organism:Influenza	94.131	869	23	18	18	869	870	13	0.0	1297
f5c42e8e-50e0-4d35-92c4-e8f5697bb846	gb:HM370972|Organism:Influenza	97.880	283	1	5	2	279	2328	2046	5.08e-136	484
f741b8f1-1b51-423f-a329-3e072c1b0289	gb:HM370966|Organism:Influenza	93.311	299	13	6	1	296	1939	2233	5.51e-121	435
6bfe024a-654a-4966-891a-d389b9da35dc	gb:HM370979|Organism:Influenza	95.293	871	21	16	1	857	13	877	0.0	1363
ea3754d0-f982-4dac-a4cf-5064709df143	gb:KM244075|Organism:Influenza	99.531	213	1	0	20	232	1922	2134	4.15e-107	388
ea3754d0-f982-4dac-a4cf-5064709df143	gb:KM244075|Organism:Influenza	100.000	55	0	0	228	282	1969	1915	6.05e-21	102
7faedf80-3b55-40c4-ba71-70b9d8e53e6c	gb:HM370966|Organism:Influenza	91.156	294	12	10	1	292	1939	2220	1.55e-106	387
a6b8eaa4-c8ed-47e4-b093-23bab8b0210c	gb:HM370979|Organism:Influenza	97.811	868	12	7	1	864	877	13	0.0	1491
5e6885af-c572-4013-9971-a0e18e97bc38	gb:HM370979|Organism:Influenza	96.785	871	10	12	1	859	13	877	0.0	1437
14e5173d-bebb-4eb2-848b-5491d819c599	gb:HM370979|Organism:Influenza	99.422	865	3	2	1	863	877	13	0.0	1568
8c64fb9f-b5df-49ad-a042-e8a5b47b999b	gb:HM370979|Organism:Influenza	98.378	863	7	7	3	861	15	874	0.0	1509
61b3efc2-3d89-4f0b-8b5c-e2a29e63928e	gb:HM370979|Organism:Influenza	89.562	891	44	40	1	855	890	13	0.0	1085
beb542aa-4220-4060-bc62-bcf0b7189bd3	gb:HM370979|Organism:Influenza	93.257	875	33	25	1	858	12	877	0.0	1266
84d812f1-c4ca-480f-b588-9c7eeac07dca	gb:HM370979|Organism:Influenza	96.485	882	13	14	109	981	885	13	0.0	1441
222223d0-c8ae-4392-9a04-e85921706fe5	gb:HM370979|Organism:Influenza	97.926	868	11	6	1	864	13	877	0.0	1496
fd87a5e7-94c1-44ed-afe4-0cc15cc1888d	gb:HM370979|Organism:Influenza	86.842	912	59	42	6	892	888	13	0.0	963
742d969d-6103-4246-9da4-63c67d5b56a7	gb:HM370979|Organism:Influenza	92.105	874	36	28	1	850	13	877	0.0	1201
817f4f9b-75dd-44d8-9b72-04c253ea0c5e	gb:HM370979|Organism:Influenza	99.075	865	5	3	1	862	13	877	0.0	1550
6aa8cb45-03d8-4fb8-8cd2-d34cc412a70a	gb:HM370972|Organism:Influenza	86.824	296	22	16	1	284	2328	2038	9.13e-85	315
fe4beec5-3cb0-437d-8b29-5b56cf0de9c6	gb:HM370979|Organism:Influenza	96.774	868	13	7	1	856	877	13	0.0	1434
9cb4779a-5ab8-49d5-b1b7-201a6cd149bb	gb:HM370966|Organism:Influenza	88.629	299	18	11	101	390	2230	1939	2.77e-95	350
b79a59f0-e1b9-4689-a50c-2e78cf0d94f6	gb:HM370979|Organism:Influenza	89.330	881	49	38	1	851	12	877	0.0	1064
4a203dc5-d6b1-4993-828d-db1ca5de8833	gb:HM370979|Organism:Influenza	94.851	874	24	18	3	868	873	13	0.0	1345
b242a97f-8b65-4d3b-b84b-a503015aaf59	gb:HM370979|Organism:Influenza	95.439	877	23	10	1	872	877	13	0.0	1382
6b410579-f425-457b-81f7-b33274186ccf	gb:HM370979|Organism:Influenza	94.954	872	20	20	1	855	13	877	0.0	1345
fd442fca-1ea0-4920-a7fa-fee159064f9e	gb:HM370966|Organism:Influenza	98.940	283	2	1	1	283	1939	2220	3.96e-142	505
392d9d05-2a5e-448e-a663-32041f6a3bba	gb:HM370979|Organism:Influenza	97.938	873	5	8	1	869	876	13	0.0	1500
8b3f5fbf-fa17-444b-ac69-ec8e921a7a3f	gb:HM370979|Organism:Influenza	94.077	878	30	17	1	869	877	13	0.0	1314
3313526b-9632-46a2-98db-e06a43f43e3a	gb:HM370979|Organism:Influenza	96.318	869	18	11	1	859	13	877	0.0	1415
b9b69064-6971-4ac4-b462-febf85b9b1b1	gb:HM370972|Organism:Influenza	97.552	286	4	3	1	286	2328	2046	1.45e-136	486
21bae510-9a5b-4261-9b5e-1a5c9b6a219e	gb:HM370979|Organism:Influenza	96.501	886	18	9	1	881	890	13	0.0	1452
f54aaac6-48c7-47e5-81a8-c1fed5677e1a	gb:HM370978|Organism:Influenza	97.117	1006	12	12	1	993	1014	13	0.0	1681
7a8e4722-c978-49ea-8e40-1dfac92108df	gb:HM370979|Organism:Influenza	98.961	866	7	2	1	865	13	877	0.0	1548
64cbb917-af6f-4c07-92b5-4352efa17747	gb:HM370979|Organism:Influenza	96.339	874	10	16	1	861	13	877	0.0	1417
26b9c61d-9d77-4961-819e-23d8015f5b90	gb:HM370979|Organism:Influenza	98.844	865	6	2	1	861	877	13	0.0	1539
6ddc39b3-0b67-4eea-b36d-6853c1f055b2	gb:HM370979|Organism:Influenza	94.077	878	24	23	1	863	877	13	0.0	1308
453a13ed-4896-48cd-9aef-601db0e6a459	gb:HM370979|Organism:Influenza	96.670	871	12	14	1	860	877	13	0.0	1432
dbf266ff-2bfc-4f34-a313-d84e8fb2235c	gb:HM370979|Organism:Influenza	97.471	870	11	10	1	864	877	13	0.0	1474
9698da58-9bf2-41a3-961d-f927a7ea129f	gb:HM370979|Organism:Influenza	97.235	868	12	8	1	859	13	877	0.0	1459
c4833f95-3988-4a28-86a6-72cbec15af17	gb:HM370979|Organism:Influenza	98.499	866	3	8	1	859	13	875	0.0	1519
e7ac105e-2f9e-4883-8aa9-da656732dd7e	gb:HM370979|Organism:Influenza	97.140	874	13	9	1	871	877	13	0.0	1465
ff0d4f9d-a185-47d9-bec9-ab126e710e61	gb:HM370979|Organism:Influenza	98.278	871	5	9	1	867	13	877	0.0	1517
9a08c982-c86c-4aa6-8b5f-18cf01733f20	gb:HM370979|Organism:Influenza	98.497	865	8	3	1	860	13	877	0.0	1520
21422117-5f26-47e2-800b-8d8d5bde7e30	gb:HM370972|Organism:Influenza	96.429	224	3	3	1	219	2328	2105	1.16e-99	364
21422117-5f26-47e2-800b-8d8d5bde7e30	gb:HM370972|Organism:Influenza	86.631	187	15	9	208	391	2162	2341	1.25e-49	198
c00a7919-61bd-4d86-8fda-2d607f117b02	gb:HM370979|Organism:Influenza	92.466	876	37	27	1	858	13	877	0.0	1225
b734fdcf-d7de-4e46-baa9-cea518a35cde	gb:HM370979|Organism:Influenza	97.826	874	5	9	3	875	873	13	0.0	1496
58137c6a-176e-40f6-bd4b-15d88aba4f56	gb:HM370972|Organism:Influenza	96.491	285	5	5	1	282	2328	2046	1.86e-130	466
b1553ad0-1841-4167-822a-f1d6f449cfde	gb:HM370979|Organism:Influenza	97.008	869	13	12	1	859	12	877	0.0	1448
801a6afa-a398-4dfb-9ce0-dc6f95558edd	gb:HM370979|Organism:Influenza	92.635	869	31	29	3	846	873	13	0.0	1219
4345f610-68f8-43d4-802a-1ac39eac4122	gb:HM370979|Organism:Influenza	93.607	876	28	27	1	859	13	877	0.0	1282
3358bb03-9808-4bc7-9c25-69f03e9fc916	gb:HM370979|Organism:Influenza	93.166	878	38	20	1	869	13	877	0.0	1269
07d5e9ac-b5e0-4447-a8a9-52c6500e0938	gb:HM370972|Organism:Influenza	95.652	299	2	5	4	297	2338	2046	1.52e-131	470
0261684c-2067-44e1-b850-cb4d641a8990	gb:HM370979|Organism:Influenza	98.511	873	3	10	1	871	13	877	0.0	1531
afb9d01c-cec4-4266-8818-3b26701b77b8	gb:HM370979|Organism:Influenza	98.387	868	6	5	1	863	877	13	0.0	1519
0b3b2ad2-42dd-4020-9dfc-a8253e92076a	gb:HM370972|Organism:Influenza	98.592	284	1	2	1	282	2328	2046	1.84e-140	499
938b4229-cca9-4c71-8f24-b04ecc3c22e1	gb:HM370979|Organism:Influenza	97.368	874	9	12	1	869	13	877	0.0	1474
b9bd9059-f9a6-42cf-833f-c2c3d0c083b9	gb:HM370972|Organism:Influenza	96.633	297	9	1	1	297	2341	2046	3.24e-138	492
a376707c-c586-449c-910f-ae03fff39022	gb:HM370966|Organism:Influenza	96.831	284	6	3	1	283	1939	2220	4.02e-132	472
79a75972-3133-4740-9169-b942accb61aa	gb:HM370972|Organism:Influenza	96.831	284	5	4	1	282	2328	2047	4.02e-132	472
7ef6a798-070e-4b24-a779-4c6f9031c929	gb:HM370979|Organism:Influenza	95.776	876	18	15	1	868	13	877	0.0	1395
d268da5c-1327-424b-b210-f3fea1ea8e03	gb:HM370979|Organism:Influenza	97.586	870	13	8	1	867	877	13	0.0	1483
6c1c34be-8d07-4e4b-b054-aa00eb470d8e	gb:HM370972|Organism:Influenza	97.561	287	2	5	1	286	2046	2328	1.45e-136	486
46be3759-377d-4eab-bf5f-e17eb2d95f31	gb:HM370979|Organism:Influenza	96.433	869	20	9	1	862	877	13	0.0	1423
e038d884-f0a4-4dc1-8fc6-882966fc17c8	gb:HM370979|Organism:Influenza	98.272	868	8	6	1	864	13	877	0.0	1513
cdb87b03-59f0-47fd-b4cd-a270d670cc51	gb:HM370979|Organism:Influenza	98.616	867	6	5	1	863	13	877	0.0	1530
1495b56e-9723-4a05-89a2-2d64bfc8be6e	gb:HM370979|Organism:Influenza	97.005	868	8	14	1	853	877	13	0.0	1443
5ec8dce2-d4dc-48e1-94a7-282573dd6d3b	gb:HM370979|Organism:Influenza	97.018	872	12	12	1	865	13	877	0.0	1454
b523ae61-d287-4237-b8c6-b0fc19c3e4f8	gb:HM370979|Organism:Influenza	98.962	867	5	4	1	865	877	13	0.0	1548
173add3a-dfa8-42cc-b292-2117e7841c0e	gb:HM370972|Organism:Influenza	98.940	283	2	1	1	282	2046	2328	3.95e-142	505
592ba1fc-65b8-4a94-b6a5-b66e0a7d7f42	gb:HM370979|Organism:Influenza	97.123	869	9	11	1	857	13	877	0.0	1452
a918486d-9abf-413f-aaac-b9e83081c9c4	gb:HM370979|Organism:Influenza	98.504	869	8	2	1	868	13	877	0.0	1528
2a68a307-ed78-489f-9c10-10bf0aa8406e	gb:HM370979|Organism:Influenza	96.544	868	22	8	1	863	877	13	0.0	1430
2e234bc3-585e-4697-ae7d-f52f793ffc1e	gb:HM370966|Organism:Influenza	98.940	283	2	1	1	283	1939	2220	3.96e-142	505
70385b88-5008-4595-a432-fb198ac32aef	gb:HM370979|Organism:Influenza	98.161	870	10	3	1	869	877	13	0.0	1513
b9ff8cca-ac8b-4516-a2c1-0fd129beca5d	gb:HM370966|Organism:Influenza	95.070	284	10	4	1	282	1939	2220	8.72e-124	444
d33dccb1-d643-4602-ac42-911dfe46abbc	gb:HM370972|Organism:Influenza	95.960	297	4	5	4	297	2337	2046	3.26e-133	475
02a83ca8-c206-4744-b90d-af3ad25ef674	gb:HM370979|Organism:Influenza	88.345	858	42	45	4	831	872	43	0.0	977
3cc0f33f-7c15-4710-9d3f-e022dd470c9b	gb:HM370979|Organism:Influenza	97.035	877	8	14	1	871	877	13	0.0	1459
a97884a6-1660-4644-85dd-1ea34a06a8e0	gb:HM370978|Organism:Influenza	90.453	1016	51	37	1	984	13	1014	0.0	1297
6e5f7715-6e47-4db8-885f-ab252696c32b	gb:HM370978|Organism:Influenza	97.837	1017	10	12	1	1008	1014	1	0.0	1746
a6f29a6b-09d5-4c38-9000-89d74b1bf375	gb:HM370978|Organism:Influenza	97.915	1007	12	6	1	1003	13	1014	0.0	1735
7b4d520c-4c87-4995-a413-0df749020c00	gb:HM370966|Organism:Influenza	93.980	299	9	7	13	309	1942	2233	9.60e-124	444
c623caff-2ad2-468f-9877-0f6ca42ff7f5	gb:HM370979|Organism:Influenza	96.678	873	14	13	1	868	13	875	0.0	1437
faaf30de-8763-4024-9be4-7415396cd37b	gb:HM370979|Organism:Influenza	96.552	870	11	16	117	979	20	877	0.0	1423
9e5ad1ff-2901-4d1b-9752-de4b56472376	gb:HM370979|Organism:Influenza	97.821	872	7	10	1	867	13	877	0.0	1495
7fa11d0b-5046-4665-bda3-d1e2177e13cd	gb:HM370972|Organism:Influenza	95.480	177	5	3	74	248	2221	2046	2.26e-74	279
13b6974a-72e9-4c75-a855-6003e27be7e1	gb:HM370979|Organism:Influenza	98.614	866	8	4	1	863	877	13	0.0	1530
bff55809-eb58-4ff6-887e-32070417a981	gb:HM370979|Organism:Influenza	94.737	874	24	17	1	861	13	877	0.0	1339
1580a2d1-63f9-4e80-9a71-d484e0711301	gb:HM370979|Organism:Influenza	93.800	871	18	24	1	841	13	877	0.0	1277
81596f2c-c479-4b88-bafa-c2a35736005b	gb:HM370979|Organism:Influenza	97.359	871	11	9	1	864	12	877	0.0	1471
8448c8a6-43a2-4028-bc3c-4c6a4b36d9e5	gb:HM370979|Organism:Influenza	97.001	867	15	7	1	857	12	877	0.0	1447
20a5c917-b1c7-4cde-86d6-d564f476162f	gb:HM370979|Organism:Influenza	97.463	867	12	7	1	859	13	877	0.0	1471
0d9629b3-90f4-4f8d-bd4a-c5a5fb0507f6	gb:HM370979|Organism:Influenza	96.524	863	18	10	5	858	872	13	0.0	1417
f8cda5f1-317d-4685-8d1a-7ca2f367a287	gb:HM370972|Organism:Influenza	93.706	286	10	6	1	281	2046	2328	4.07e-117	422
f414aa98-5da1-400e-b95d-f1132304c99d	gb:HM370979|Organism:Influenza	97.688	865	9	7	3	860	873	13	0.0	1476
7a444418-746f-485c-9c08-a19ef8744c33	gb:HM370979|Organism:Influenza	96.560	872	20	8	1	869	877	13	0.0	1435
532e5ff6-7d19-4cd4-808a-32b5e7858ecb	gb:HM370979|Organism:Influenza	96.897	870	16	10	1	864	13	877	0.0	1447
74918ad7-53cc-4e06-8dc0-edb8e4a7a8b9	gb:HM370979|Organism:Influenza	94.960	873	22	20	1	859	877	13	0.0	1349
4703639e-02a5-4f17-b00f-541be5910e86	gb:HM370979|Organism:Influenza	92.972	868	31	22	1	842	877	14	0.0	1238
54974855-15d8-4448-bb2f-2b8c46facbae	gb:HM370979|Organism:Influenza	96.437	870	14	13	1	859	14	877	0.0	1419
aa550fce-ac98-469c-9180-f61d8fd9568f	gb:HM370979|Organism:Influenza	98.159	869	9	7	1	865	12	877	0.0	1509
6f595473-cc8d-4055-8f0d-b035d9106c24	gb:HM370979|Organism:Influenza	97.106	864	12	9	4	858	872	13	0.0	1445
4342b440-3413-4300-9e62-dae261a75bb9	gb:HM370972|Organism:Influenza	99.296	284	0	2	1	283	2046	2328	2.37e-144	512
57663604-f196-49d2-91b5-86212b5bbfc8	gb:HM370966|Organism:Influenza	96.842	285	6	2	1	285	2220	1939	1.13e-132	473
733739a9-a74d-4d18-80e9-9820e32ad288	gb:HM370964|Organism:Influenza	92.881	885	20	24	1	862	877	13	0.0	1245
ab0ac401-45ae-4512-a3e2-aca67364541a	gb:HM370979|Organism:Influenza	96.667	360	5	6	97	451	1	358	4.93e-168	592
f937bacd-0900-470c-9e62-bcbf01aae4fc	gb:HM370972|Organism:Influenza	97.173	283	5	2	1	280	2328	2046	3.07e-133	475
c52ca13d-0519-464a-917d-e28b60c7de68	gb:HM370979|Organism:Influenza	99.076	866	7	1	1	866	13	877	0.0	1554
dfb54870-38a9-461e-afe2-a6b63e77d915	gb:HM370979|Organism:Influenza	95.791	879	16	15	1	872	13	877	0.0	1399
5c1c489d-0856-458c-ac0f-4ab7f3cd8c03	gb:HM370979|Organism:Influenza	99.187	861	6	1	4	864	872	13	0.0	1550
f9ad4022-d764-4b2a-839b-8d8f4f67ad18	gb:HM370978|Organism:Influenza	97.633	1014	11	11	1	1013	1014	13	0.0	1727
766294de-e7c7-4391-ad43-57b56284fd60	gb:HM370979|Organism:Influenza	98.148	864	8	8	4	863	872	13	0.0	1500
fa3d10e3-aee4-4b85-90cd-0e424819f9b0	gb:HM370978|Organism:Influenza	97.214	1005	14	11	15	1011	1011	13	0.0	1688
8c6edcb6-6c0a-46ba-b161-e883ccf71a8d	gb:HM370979|Organism:Influenza	98.731	867	4	7	1	862	877	13	0.0	1533
3fd22789-58a5-4cba-8f25-64749e7e28ab	gb:HM370979|Organism:Influenza	97.575	866	11	8	1	857	877	13	0.0	1474
20ab9dcf-950b-489c-931f-f08bbdaaecae	gb:HM370966|Organism:Influenza	97.880	283	4	2	1	282	2220	1939	3.97e-137	488
f11cfc05-2285-42fb-ac2b-c6df27340865	gb:HM370979|Organism:Influenza	98.163	871	8	6	1	869	877	13	0.0	1513
fbba51a6-af89-4db1-b085-53fd3b7d175f	gb:HM370979|Organism:Influenza	97.241	870	11	10	1	862	877	13	0.0	1461
ca6a7bd1-da0e-4401-8340-ef91b0e42699	gb:HM370972|Organism:Influenza	99.648	284	0	1	1	284	2328	2046	5.11e-146	518
b280f0cd-7a1c-46ea-bb57-c0ca9ab7fd43	gb:HM370972|Organism:Influenza	94.035	285	8	8	1	278	2046	2328	1.12e-117	424
69648362-c5eb-410e-86fa-0595bdc24c81	gb:HM370979|Organism:Influenza	96.893	869	13	11	1	859	877	13	0.0	1443
165a09fc-5fe0-4378-8aa1-1b136f322fbc	gb:HM370979|Organism:Influenza	96.770	867	13	12	1	854	13	877	0.0	1432
57df3966-b6cc-4156-af45-326b072a940b	gb:HM370978|Organism:Influenza	98.789	991	5	4	9	994	1001	13	0.0	1757
316e1adf-5bf7-4714-9edc-4ef5eeba85fe	gb:CY179402|Organism:Influenza	87.132	272	17	14	88	344	2021	2289	4.46e-78	292
0ba90cdc-b35a-464d-b562-b891c6180494	gb:HM370979|Organism:Influenza	91.106	877	34	38	1	850	13	872	0.0	1147
bc245e7a-8db6-4ade-ba6d-f76bf2274832	gb:HM370979|Organism:Influenza	89.257	875	38	38	106	933	12	877	0.0	1044
00fa95a6-27e7-4dc0-840b-f0ac54168c21	gb:HM370979|Organism:Influenza	97.140	874	11	10	1	870	14	877	0.0	1463
42e2a19a-04d7-45a9-a3dc-20c73149ea90	gb:HM370979|Organism:Influenza	90.183	876	39	36	7	853	20	877	0.0	1098
1a89544b-86d1-4225-bfce-ead42cd69c46	gb:HM370979|Organism:Influenza	98.159	869	8	7	1	865	877	13	0.0	1509
69e5c2b1-68f5-41f7-91fe-e024dcda7854	gb:HM370979|Organism:Influenza	96.928	879	16	9	4	875	887	13	0.0	1463
0cdf7870-e44e-48ae-bdec-4157737154ea	gb:HM370979|Organism:Influenza	96.114	875	19	13	1	870	877	13	0.0	1413
c422c4ed-51d3-4390-86a1-36f0b6f5924c	gb:HM370979|Organism:Influenza	98.501	867	7	5	1	863	13	877	0.0	1524
78c24e0b-bd03-459d-ad89-41934fb91e7d	gb:HM370979|Organism:Influenza	98.389	869	7	7	1	866	877	13	0.0	1520
98dc9f83-3c50-4124-aeec-d2b90f445f3b	gb:HM370979|Organism:Influenza	94.737	874	16	19	1	852	12	877	0.0	1332
669ef564-1a3c-432f-a42d-267ff2e3e4c2	gb:HM370979|Organism:Influenza	94.913	865	29	15	18	872	872	13	0.0	1339
91b12fb2-55a1-4739-b297-95b148f28b32	gb:HM370972|Organism:Influenza	94.056	286	10	6	1	282	2046	2328	8.79e-119	427
0851fbee-0531-4680-99c1-9bb903c7b115	gb:HM370979|Organism:Influenza	97.460	866	15	7	1	860	13	877	0.0	1471
1ad8fd5c-bcca-47c0-a50c-d045bc7d6be6	gb:HM370979|Organism:Influenza	97.126	870	15	9	1	865	13	877	0.0	1459
21090a0a-05a6-4515-bc93-3c067879f5fb	gb:HM370979|Organism:Influenza	95.977	870	14	15	1	854	13	877	0.0	1393
753d238c-128f-474e-876a-8ea72d719af5	gb:HM370979|Organism:Influenza	92.018	877	30	32	1	848	12	877	0.0	1195
25aa35db-c454-43e5-8922-5ec4914cfcc9	gb:HM370979|Organism:Influenza	96.318	869	17	9	1	860	13	875	0.0	1413
1be38077-832b-4524-b3b1-76a9a27e8e86	gb:HM370979|Organism:Influenza	92.963	881	28	27	1	855	13	885	0.0	1253
ab64fbcb-b891-4eff-a67c-cfe5c21bc260	gb:KM244075|Organism:Influenza	98.667	225	2	1	10	233	1922	2146	9.67e-110	398
ab64fbcb-b891-4eff-a67c-cfe5c21bc260	gb:KM244075|Organism:Influenza	93.878	49	2	1	243	291	1957	1910	6.66e-12	73.1
373c8c1d-0aec-4b4d-af51-0de2b44337f6	gb:HM370979|Organism:Influenza	94.400	875	24	22	5	868	873	13	0.0	1321
0fc67df3-6ddf-490e-be24-e12c993dab30	gb:HM370972|Organism:Influenza	92.606	284	8	10	1	272	2046	2328	2.38e-109	396
717b7b31-1bd2-4f82-b83a-1e6a6f43c181	gb:HM370972|Organism:Influenza	91.781	292	13	9	1	290	2328	2046	2.55e-109	396
202045e1-1511-4068-84de-9ceb7cb20d85	gb:JN706699|Organism:Influenza	92.281	285	12	8	1	278	1939	2220	2.44e-109	396
1069c3ab-1759-4d79-a8b0-f1648a0ac39c	gb:HM370972|Organism:Influenza	93.839	211	4	7	1	208	2046	2250	3.14e-83	309
d1506995-9cff-4004-b126-2301c3516996	gb:HM370979|Organism:Influenza	97.398	884	6	13	1	874	877	1	0.0	1489
777e8576-6ab0-4e20-b828-0d6505102aef	gb:HM370979|Organism:Influenza	98.028	862	7	7	10	864	19	877	0.0	1489
8e364eb1-5b70-4e40-a727-497fd92bafcb	gb:HM370979|Organism:Influenza	97.045	880	11	11	4	873	887	13	0.0	1467
a6d0b548-a5c9-4a2d-b074-b35279968b7e	gb:HM370979|Organism:Influenza	94.816	868	24	14	1	850	13	877	0.0	1334
4dbf042c-a2da-4668-b7d4-76f648cea279	gb:HM370966|Organism:Influenza	97.535	284	4	3	1	283	1939	2220	1.86e-135	483
ea0241bd-e8c0-477f-a51c-51eb10e3e745	gb:JN706699|Organism:Influenza	93.993	283	9	5	1	276	1939	2220	3.99e-117	422
44cf9442-5c0d-4674-8ec4-ef21d75e0259	gb:HM370979|Organism:Influenza	95.872	872	15	11	17	879	872	13	0.0	1391
1f30e224-7d4c-4ee2-bd0d-9491d5984bcb	gb:HM370979|Organism:Influenza	93.392	802	30	22	155	937	812	15	0.0	1166
e9256c40-bcf9-4392-b4b5-2092708d623e	gb:HM370979|Organism:Influenza	96.334	873	11	17	1	859	12	877	0.0	1415
22c75557-e923-49df-8e0e-d31bb20f3530	gb:HM370972|Organism:Influenza	99.281	278	0	2	4	279	2323	2046	5.04e-141	501
a2b130dd-75d3-47c3-b3f3-9f74dec63c1f	gb:CY128705|Organism:Influenza	92.366	262	19	1	5	265	2303	2042	4.11e-102	372
d0e37c67-815d-451c-b6c3-5ba855171598	gb:HM370979|Organism:Influenza	94.869	877	17	19	1	861	877	13	0.0	1345
4d475bdb-0ac1-4f50-a94b-024f1d5b04f6	gb:HM370979|Organism:Influenza	99.075	865	6	2	1	863	13	877	0.0	1552
4d12b552-3e78-425e-ae7a-ea4ca6681c58	gb:HM370979|Organism:Influenza	98.046	870	9	6	1	867	877	13	0.0	1506
685c4215-6a60-4509-9623-2a32148c4bde	gb:HM370979|Organism:Influenza	95.900	878	13	17	1	868	877	13	0.0	1400
977e5001-adee-41e6-8cc2-3ed02a4f8ce8	gb:HM370966|Organism:Influenza	98.936	282	3	0	1	282	1939	2220	3.95e-142	505
1c62efea-9a42-46ca-a3d9-1ed825199aac	gb:HM370979|Organism:Influenza	96.606	884	18	9	2	880	1	877	0.0	1456
e6333a69-ef22-4ba6-abbb-b137e7c006f8	gb:HM370979|Organism:Influenza	95.238	861	23	15	30	882	863	13	0.0	1347
d26c5e01-eac6-4c66-8ac2-25e2d3aabb04	gb:HM370979|Organism:Influenza	94.144	888	24	20	2	872	1	877	0.0	1327
5387df92-c1e8-45bb-a5ac-15fc61d8278e	gb:HM370979|Organism:Influenza	98.270	867	9	6	1	863	877	13	0.0	1513
94a0dc72-eb93-4abc-b9d3-df7d90d72235	gb:HM370979|Organism:Influenza	86.234	879	49	42	1	821	877	13	0.0	887
2d649dbe-b69c-4109-9c02-1762b1c9b774	gb:HM370978|Organism:Influenza	96.439	1011	14	18	1	998	13	1014	0.0	1648
c25e40d2-546d-437c-bbb9-af1442777498	gb:HM370979|Organism:Influenza	95.392	868	20	17	1	851	13	877	0.0	1363
10a8d9b9-1f2e-4b7c-ba93-a9bf0d77bd19	gb:HM370972|Organism:Influenza	94.755	286	10	3	1	284	2046	2328	1.14e-122	440
972ddee0-65b1-4168-a3b9-eaddac148e64	gb:HM370979|Organism:Influenza	97.578	867	13	7	1	861	13	877	0.0	1478
2b24621c-3530-4247-9325-94c9856399dd	gb:HM370979|Organism:Influenza	97.463	867	14	7	1	863	877	15	0.0	1472
0559be7d-b2d7-4a9f-ae12-e538cde8c61f	gb:HM370979|Organism:Influenza	97.001	867	17	6	1	860	13	877	0.0	1448
c4af0535-5e42-4874-a93d-d112cfc7657f	gb:HM370979|Organism:Influenza	97.353	869	10	8	1	862	13	875	0.0	1465
26626e2a-ba61-4789-b257-689bc6f284dc	gb:HM370979|Organism:Influenza	98.266	865	5	7	1	855	13	877	0.0	1506
580db80a-ad6f-4cd4-9f69-fcafecbed0dd	gb:HM370979|Organism:Influenza	92.571	875	22	35	15	861	872	13	0.0	1216
7418e12c-2a23-4aa7-bdc0-bedbe2d6aacc	gb:HM370979|Organism:Influenza	98.270	867	5	6	1	859	13	877	0.0	1509
90ae7d78-8f50-4581-9249-750f2cd5f579	gb:HM370979|Organism:Influenza	93.478	874	29	20	1	855	13	877	0.0	1273
15a498cb-90ca-4e89-84ad-bfdb49840819	gb:HM370972|Organism:Influenza	97.578	289	4	3	1	287	2328	2041	3.19e-138	492
b05d05c9-4566-45e0-9f26-9bf853716d26	gb:HM370978|Organism:Influenza	97.236	1013	15	9	1	1011	1014	13	0.0	1703
bc80eff9-6d79-4b96-8dd0-4f48143e190d	gb:HM370979|Organism:Influenza	98.155	867	10	6	1	863	877	13	0.0	1507
3e932294-91db-41af-90de-3c7993eecc73	gb:HM370979|Organism:Influenza	93.629	879	36	16	6	870	885	13	0.0	1295
09bf279f-a157-4f32-9176-dbf02f801974	gb:HM370979|Organism:Influenza	91.790	877	31	32	1	848	13	877	0.0	1182
1cf92976-dc76-4a97-a01c-b42c59309879	gb:HM370979|Organism:Influenza	95.872	872	14	17	1	857	13	877	0.0	1391
0b1b2ff1-6236-4eb8-8429-b010b5b1552e	gb:HM370966|Organism:Influenza	96.099	282	7	4	1	278	2220	1939	1.15e-127	457
