635fcc10-76d6-476e-8f18-fb3e369f0614	gb:HM370966|Organism:Influenza	95.455	286	6	7	1	283	2220	1939	1.88e-125	449
dcbb3b45-0dfe-4989-9773-9d7ff0fbe51b	gb:HM370966|Organism:Influenza	96.774	279	5	3	19	297	1945	2219	2.54e-129	462
a68eb20e-1d62-4128-b916-a810ec36a903	gb:HM370966|Organism:Influenza	96.809	282	4	3	1	277	2220	1939	1.83e-130	466
2ef25c62-8174-454d-90e1-749e2b4afeb0	gb:HM370966|Organism:Influenza	98.936	282	2	1	1	281	2220	1939	1.41e-141	503
eb172cf5-78a7-4d57-a113-1f8f55e1e865	gb:HM370966|Organism:Influenza	98.936	282	3	0	1	282	1939	2220	3.95e-142	505
42c7b78c-2b0f-4852-9102-0bea2a284cef	gb:HM370966|Organism:Influenza	91.873	283	12	8	1	273	2220	1939	5.18e-106	385
43b692bf-88db-45b9-9fa0-e82270f89db1	gb:HM370966|Organism:Influenza	97.887	284	2	4	1	282	2220	1939	3.97e-137	488
9dc44b74-4623-4651-a08e-fb29f85824eb	gb:HM370976|Organism:Influenza	100.000	31	0	0	9	39	1522	1552	8.80e-09	58.4
71708acc-982d-4c28-b256-fdd8c5040ee2	gb:HM370966|Organism:Influenza	89.078	293	17	8	16	306	1941	2220	2.13e-95	350
b2744efb-02f0-44ce-92a5-4c4fd6abb542	gb:HM370966|Organism:Influenza	94.326	282	10	3	1	276	2220	1939	8.58e-119	427
7ff979f6-f1d9-4c5c-848a-bc99f774bd7c	gb:HM370966|Organism:Influenza	96.154	286	6	4	1	285	2220	1939	2.44e-129	462
bea0d6bb-4b53-4b61-9390-2246cfc69a35	gb:HM370966|Organism:Influenza	95.439	285	6	6	1	281	2220	1939	6.72e-125	448
98af3bf2-e27a-459b-b262-b3e0199ffd3f	gb:HM370966|Organism:Influenza	96.809	282	8	1	1	281	2220	1939	1.43e-131	470
6eee7828-e8b7-47a5-abb2-e1d195e55168	gb:HM370966|Organism:Influenza	95.775	284	5	6	14	293	1940	2220	5.44e-126	451
9664029a-5c88-4d1f-b6cf-8f7b85b732cc	gb:CY178107|Organism:Influenza	85.069	288	20	18	1	271	1927	2208	4.17e-72	272
7b966d6a-1852-426b-b61a-5f6fcb198954	gb:HM370966|Organism:Influenza	96.853	286	4	3	1	285	2220	1939	1.13e-132	473
695b73d5-fdd9-438c-bf38-1a58bffccebe	gb:HM370976|Organism:Influenza	100.000	33	0	0	1	33	1527	1559	2.88e-09	62.1
01917ca4-1357-4ec3-88ab-23db17222f93	gb:HM370966|Organism:Influenza	97.222	288	3	3	1	284	2220	1934	2.39e-135	483
4fb7ce11-4bf4-4142-96c6-a7bb71059d36	gb:HM370966|Organism:Influenza	98.936	282	2	1	18	299	1940	2220	1.51e-141	503
d4f20318-1fc3-4f28-9775-fea7991a3206	gb:HM370966|Organism:Influenza	95.439	285	9	4	1	284	1939	2220	5.25e-126	451
bac02eb4-dcfc-4221-828b-aab3862223b1	gb:HM370966|Organism:Influenza	94.700	283	7	4	1	276	2220	1939	1.84e-120	433
bdee154d-adf5-49b9-9fd0-08fe7dd2599e	gb:HM370966|Organism:Influenza	96.099	282	7	3	1	278	1939	2220	1.10e-127	457
342037a8-4f2d-4467-affe-56629f755c17	gb:HM370966|Organism:Influenza	97.895	285	2	4	1	284	1939	2220	1.11e-137	490
c72bfe50-1c4f-4808-9a8a-35341b2484c5	gb:HM370966|Organism:Influenza	97.880	283	2	3	1	280	2220	1939	1.42e-136	486
a48e7d61-4ee7-4292-8318-a223db8cacd4	gb:HM370966|Organism:Influenza	93.993	283	8	7	1	275	1939	2220	1.43e-116	420
dcd96512-6ccd-42d3-b574-04b522973fd1	gb:KM244075|Organism:Influenza	94.118	68	2	1	1	68	1915	1980	1.06e-21	102
dedc936f-19c1-41e2-9f0b-6366f64f66ba	gb:HM370966|Organism:Influenza	94.138	290	8	5	1	289	2220	1939	1.94e-120	433
0a168291-68b1-4252-8471-ecc25884153a	gb:HM370966|Organism:Influenza	97.193	285	4	4	1	284	2220	1939	2.41e-134	479
004ed5eb-550f-416c-adfb-8b78325d9da1	gb:HM370966|Organism:Influenza	98.932	281	2	1	1	280	1940	2220	5.06e-141	501
d4262e9a-c6a1-4deb-8c0a-6b7e7c7a391d	gb:HM370966|Organism:Influenza	90.175	285	14	12	1	274	2220	1939	3.15e-98	359
206349f6-c5dc-4404-9786-a25cf1d33db7	gb:HM370966|Organism:Influenza	95.819	287	3	6	1	283	1939	2220	4.05e-127	455
26c36891-0845-4e3d-bf19-c98d15530ac0	gb:HM370966|Organism:Influenza	96.454	282	7	3	13	292	1940	2220	2.50e-129	462
5f553f0f-4dda-4d67-b5ad-d29afa0ca1bb	gb:HM370966|Organism:Influenza	98.227	282	4	1	1	281	2220	1939	3.06e-138	492
ca82d63b-7c7e-4fb4-9241-f84a9e5cd934	gb:HM370976|Organism:Influenza	97.059	34	1	0	6	39	1519	1552	8.80e-09	58.4
c2c92b54-efb9-4a7f-833a-f63f80fea6c2	gb:HM370974|Organism:Influenza	91.154	260	12	5	19	271	2194	1939	3.13e-93	342
9e01e9a9-7efb-4069-abe9-4d42da22f32f	gb:CY004581|Organism:Influenza	89.619	289	13	16	1	279	2220	1939	5.40e-96	351
d23b7247-264d-4b3b-a9d0-c80255ee8f6a	gb:HM370966|Organism:Influenza	93.050	259	6	10	1	258	2220	1973	5.67e-101	368
401ee5c9-4c04-426f-bae0-f63c8863d7a4	gb:JN706699|Organism:Influenza	98.936	282	2	1	1	281	1939	2220	1.41e-141	503
3cfbeb1f-c33f-4d10-ab40-db90fdd2ceeb	gb:HM370966|Organism:Influenza	91.901	284	17	5	1	280	1939	2220	3.18e-108	392
545b6ca4-fb0f-4947-b590-fbea161db3d1	gb:HM370966|Organism:Influenza	96.154	286	6	3	1	284	1938	2220	2.43e-129	462
65bede9d-69a6-456f-8d98-36cde6af325a	gb:HM370966|Organism:Influenza	88.435	294	14	14	1	286	2220	1939	1.55e-91	337
ef626cbe-3f3e-4c3b-950e-cf9c5a404d8c	gb:HM370966|Organism:Influenza	97.518	282	3	3	1	278	2220	1939	2.35e-134	479
e8e71032-6819-4c02-a169-5b0b2d2c62b7	gb:HM370966|Organism:Influenza	97.518	282	3	3	1	278	1939	2220	2.35e-134	479
861be2ab-dc31-4909-ae8a-07ef4e1e421d	gb:HM370976|Organism:Influenza	97.059	34	1	0	1	34	1552	1519	8.80e-09	58.4
91cce819-5c3f-4b93-be76-4581779327e9	gb:HM370976|Organism:Influenza	96.875	32	1	0	6	37	1519	1550	1.14e-07	54.7
c9e7600f-6238-4090-a430-f11962c17d5c	gb:HM370966|Organism:Influenza	98.582	282	3	1	1	281	2220	1939	6.58e-140	497
f41377f1-4ca7-421b-8f34-a46e4a54814a	gb:HM370966|Organism:Influenza	93.617	282	5	8	14	286	2216	1939	3.23e-113	409
13fb179c-080d-4906-8cbc-62be06fa1b20	gb:HM370966|Organism:Influenza	95.789	285	8	4	1	284	1939	2220	1.13e-127	457
260e6873-9a03-46b6-b113-9dc169ec6be3	gb:HM370966|Organism:Influenza	97.527	283	5	2	1	282	2220	1939	1.85e-135	483
238a5e69-a732-47e0-8d08-a9d21be1f6ea	gb:HM370966|Organism:Influenza	97.535	284	5	1	1	284	2220	1939	5.18e-136	484
607d1b5a-ce55-44ad-bef8-a21ee9d3168d	gb:MH546994|Organism:Influenza	96.842	285	5	3	1	284	1927	2208	1.12e-132	473
2d2fe7a0-9142-4c1c-85fc-074d90b191cc	gb:HM370976|Organism:Influenza	95.122	41	0	2	1	41	1527	1565	2.11e-10	63.9
b2677ffa-46eb-4c64-a799-ed749810c7e7	gb:JN706699|Organism:Influenza	96.454	282	4	4	1	276	1939	2220	8.46e-129	460
a7fedc22-167e-4b92-b6fd-9bf8bb7e8646	gb:HM370966|Organism:Influenza	93.380	287	9	7	1	282	2220	1939	1.90e-115	416
f7332747-07ee-44cf-8898-55b37e769684	gb:HM370966|Organism:Influenza	98.936	282	2	1	1	281	2220	1939	1.41e-141	503
e907d599-33f4-4a6d-9093-3f6c3cdcf268	gb:HM370966|Organism:Influenza	96.127	284	5	6	1	281	2220	1940	3.27e-128	459
0c1495b5-96f3-4e9c-a0ea-4e2785be1dad	gb:HM370966|Organism:Influenza	95.789	285	8	4	1	284	2220	1939	1.13e-127	457
797dccf1-9561-47c9-b669-c335f4617334	gb:HM370966|Organism:Influenza	97.880	283	2	2	1	280	1939	2220	1.42e-136	486
5ce5a1ed-0c2f-47ca-9639-9df4819937cc	gb:JN706699|Organism:Influenza	85.663	279	17	20	1	265	2220	1951	4.22e-72	272
