b19725af-fdc6-44ef-a923-8e5ce09bc8c6	gb:HM370979|Organism:Influenza	97.816	870	8	8	1	864	13	877	0.0	1491
97bd2487-d1ea-49da-908a-b03d187b68a9	gb:HM370966|Organism:Influenza	97.872	282	6	0	1	282	1939	2220	3.97e-137	488
68f2aa31-65c4-44bd-8538-f369937535dd	gb:HM370979|Organism:Influenza	96.194	867	22	10	1	858	13	877	0.0	1408
8bde45d5-a50d-4220-a47e-b89663efd382	gb:HM370977|Organism:Influenza	97.490	239	4	2	1	238	16	253	1.26e-112	407
8bde45d5-a50d-4220-a47e-b89663efd382	gb:HM370977|Organism:Influenza	96.000	75	3	0	235	309	1371	1445	5.11e-27	122
0410dbb4-968f-46fe-bc58-63ed0347683b	gb:HM370978|Organism:Influenza	97.403	1001	9	9	9	1004	1001	13	0.0	1688
aa1b4a55-7cde-4400-9045-e1567bcbe8b4	gb:HM370978|Organism:Influenza	96.347	1013	14	19	1	1001	13	1014	0.0	1644
ad32165a-5344-4cbd-8618-4b5a5034ff63	gb:HM370979|Organism:Influenza	87.075	882	54	48	1	840	13	876	0.0	942
644371c4-5f9a-489a-a79b-8beac9b0ffd0	gb:HM370979|Organism:Influenza	97.460	866	12	10	1	857	13	877	0.0	1469
a5a41df1-e046-4b24-bbeb-9384c5538aef	gb:HM370979|Organism:Influenza	92.031	891	40	27	1	873	890	13	0.0	1223
c97ae351-6cad-44ca-880f-e07e3f4155e7	gb:HM370978|Organism:Influenza	98.320	1012	8	8	6	1012	7	1014	0.0	1766
20cbf5b4-04dc-4e9c-ab52-7f6ccb505134	gb:HM370978|Organism:Influenza	96.329	1008	26	8	1	1003	13	1014	0.0	1646
6de6c4af-0b79-48d4-bc7e-15e4011a94d1	gb:HM370978|Organism:Influenza	97.522	1009	10	14	1	1001	1014	13	0.0	1711
456c7119-87fb-4431-af77-96746d07f61c	gb:HM370978|Organism:Influenza	87.773	687	37	36	1	669	1014	357	0.0	760
456c7119-87fb-4431-af77-96746d07f61c	gb:HM370978|Organism:Influenza	90.909	286	11	11	667	946	289	13	5.36e-101	370
8eeb0e0b-d158-4680-ae12-67d8369aa895	gb:HM370978|Organism:Influenza	96.931	1010	7	16	1	994	1014	13	0.0	1672
58dbe98f-c0ef-426f-84dd-0fa58072e942	gb:HM370978|Organism:Influenza	89.864	1026	56	38	1	1003	13	1013	0.0	1275
16f3a008-bc66-46cb-a20b-11ba6e83742d	gb:HM370978|Organism:Influenza	93.498	1015	25	29	1	987	13	1014	0.0	1471
54179084-9ea3-43cc-b517-965449e17545	gb:HM370978|Organism:Influenza	99.402	1003	3	3	1	1001	1014	13	0.0	1816
90ff211e-9e0e-459a-9275-b9e7592fc220	gb:HM370966|Organism:Influenza	96.466	283	6	3	1	280	2220	1939	6.64e-130	464
60a27e74-e309-408e-aecf-e526faeb32d4	gb:HM370978|Organism:Influenza	95.920	1005	25	10	1	992	13	1014	0.0	1615
7742418a-5123-4ee0-a0c6-36d44e675f9c	gb:HM370966|Organism:Influenza	97.270	293	6	2	91	382	2230	1939	3.29e-139	496
442ddb49-9012-47f5-8d07-edbc4b1f3f83	gb:HM370978|Organism:Influenza	98.607	1005	10	4	1	1004	13	1014	0.0	1775
0a5c1784-51d9-43e9-a446-73cbb6b3cd5d	gb:HM370978|Organism:Influenza	90.829	1025	43	43	1	997	1014	13	0.0	1325
ee206731-f5bd-42ba-ac4f-a090dcdbbf91	gb:HM370979|Organism:Influenza	95.418	873	15	16	1	856	13	877	0.0	1367
2745aa4c-c1af-4ba6-93cb-4a7eefe8f635	gb:HM370979|Organism:Influenza	98.506	870	5	5	1	867	877	13	0.0	1528
60261b85-893c-42c2-9607-398b91721c78	gb:HM370978|Organism:Influenza	94.970	1014	26	21	1	1001	1014	13	0.0	1567
3a70a21b-5b2e-440b-a9fd-ec112a079c16	gb:HM370979|Organism:Influenza	94.719	871	17	22	1	848	13	877	0.0	1327
ed5fabd9-0923-424a-9856-03d2dccb4d0f	gb:HM370978|Organism:Influenza	99.004	1004	4	5	1	1000	1014	13	0.0	1794
25ffaf57-7aae-48e4-9728-33132e65b0da	gb:HM370978|Organism:Influenza	94.412	1020	23	27	1	997	1014	6	0.0	1537
2f232f2a-890d-453b-af0d-79f326a78170	gb:HM370978|Organism:Influenza	94.538	1007	35	17	15	1011	1009	13	0.0	1537
f033ea02-06fe-467d-a9a9-c17febafc449	gb:HM370978|Organism:Influenza	95.450	1011	23	18	1	997	13	1014	0.0	1591
3c9a56df-91fb-421f-ba84-191e2e3e7b33	gb:HM370978|Organism:Influenza	97.721	1009	11	10	1	1004	13	1014	0.0	1725
8ff60472-c3d6-4045-a5f9-91d66c71f22b	gb:HM370978|Organism:Influenza	99.094	662	1	4	1	658	1014	354	0.0	1184
8ff60472-c3d6-4045-a5f9-91d66c71f22b	gb:HM370978|Organism:Influenza	97.500	280	4	3	653	931	290	13	1.09e-132	475
f854d431-d5bf-41e0-b6c3-f5708715ed90	gb:HM370966|Organism:Influenza	98.936	282	3	0	1	282	1939	2220	3.95e-142	505
4a585279-3ac1-4c83-9904-d6d6e2b3ac75	gb:HM370978|Organism:Influenza	93.195	1014	32	32	1	990	13	1013	0.0	1456
81ec424d-704f-46ed-9c1f-da4fd4267c8e	gb:HM370979|Organism:Influenza	94.595	37	1	1	1	37	13	48	3.66e-07	56.5
1c5a5ed3-fd4e-424a-af0b-2d05b18c7989	gb:HM370978|Organism:Influenza	98.008	1004	6	11	1	992	1014	13	0.0	1731
a9d5f43a-feaf-4208-9a8c-979368e2bee0	gb:HM370979|Organism:Influenza	98.731	867	6	4	1	864	13	877	0.0	1535
1b20c791-af16-4ece-98d3-a613c5226683	gb:HM370978|Organism:Influenza	97.807	1003	12	8	1	994	1014	13	0.0	1722
2e6a77a0-8c72-4ab7-8088-2be40477b7af	gb:HM370977|Organism:Influenza	95.536	560	10	8	8	561	895	1445	0.0	881
49ad0e95-592d-4230-83b5-e22d3d7b2140	gb:HM370978|Organism:Influenza	97.200	1000	6	11	4	982	16	1014	0.0	1672
d466c7d1-539f-4194-81b1-f16efd8427e8	gb:HM370978|Organism:Influenza	97.621	1009	9	15	1	1001	13	1014	0.0	1716
8a5924fe-77c9-4afc-8eaa-cd98ede28ef6	gb:HM370978|Organism:Influenza	96.729	1009	12	15	1	999	13	1010	0.0	1661
4e13ca9b-f8b8-45ff-a22d-1ce8eeaf6939	gb:CY017770|Organism:Influenza	92.150	293	10	8	1	291	2203	1922	5.51e-111	401
3749fbfc-9094-4433-b8d7-085476f2ac3d	gb:HM370978|Organism:Influenza	98.911	1010	6	4	1	1006	1014	6	0.0	1799
90576fb2-2bb2-4cbc-bc60-40e0d06ee86a	gb:HM370978|Organism:Influenza	95.639	1009	27	16	1	1000	13	1013	0.0	1604
c9ed6052-fd1e-408b-8f26-97090cce0b54	gb:HM370979|Organism:Influenza	95.853	868	20	11	1	855	13	877	0.0	1389
53980668-c8a8-4465-835c-5aa87649a482	gb:HM370978|Organism:Influenza	96.055	1014	19	16	1	1005	13	1014	0.0	1631
e1eb4da0-5764-431d-9e2f-f7e3025e49da	gb:HM370977|Organism:Influenza	97.095	241	1	6	67	301	253	13	5.70e-111	401
e1eb4da0-5764-431d-9e2f-f7e3025e49da	gb:HM370977|Organism:Influenza	100.000	70	0	0	1	70	1440	1371	2.97e-29	130
126b28a6-557b-4b52-bca9-66ecdd2fb0ba	gb:HM370972|Organism:Influenza	89.256	121	9	4	4	123	2325	2208	3.31e-35	148
c2ecce54-be1d-45b2-9765-7bdb2c9b7bda	gb:HM370978|Organism:Influenza	97.413	1005	6	13	1	988	1014	13	0.0	1694
a7c73c93-afe0-4521-b25b-0f1d72452194	gb:HM370978|Organism:Influenza	98.303	1002	7	10	1	992	13	1014	0.0	1748
c19086aa-b11d-4104-ac54-e48dbc04b8ad	gb:HM370978|Organism:Influenza	98.406	1004	2	8	1	992	13	1014	0.0	1753
5a5a4b1a-6aa1-4a75-97ba-7ba065e39edd	gb:HM370978|Organism:Influenza	92.020	1015	31	37	1	977	13	1015	0.0	1380
3b5044b9-1e4c-4b88-bcf9-07fce04095e7	gb:HM370977|Organism:Influenza	99.160	238	1	1	5	241	16	253	9.77e-119	427
3b5044b9-1e4c-4b88-bcf9-07fce04095e7	gb:HM370977|Organism:Influenza	100.000	75	0	0	238	312	1371	1445	5.13e-32	139
3207d1a1-5319-4ee4-9210-51f6f1f94d11	gb:HM370978|Organism:Influenza	97.308	1003	13	13	1	990	13	1014	0.0	1690
e444f94c-3bb5-4f81-b9dc-a900629c17c2	gb:HM370978|Organism:Influenza	94.164	1011	24	24	117	1107	1008	13	0.0	1507
ffc7fde2-d088-4908-bc6a-911f478f13c5	gb:HM370979|Organism:Influenza	94.023	870	23	22	1	846	877	13	0.0	1291
a11cc82c-4366-4037-8b8e-85fc2638ed6e	gb:HM370978|Organism:Influenza	98.802	1002	7	3	1	997	13	1014	0.0	1779
6d812daf-5db4-4d5c-8662-d8750faa7394	gb:HM370978|Organism:Influenza	92.232	1017	33	33	1	994	1014	21	0.0	1399
197fa62e-04f9-4921-8876-9e94bfed1c06	gb:HM370979|Organism:Influenza	99.077	867	3	4	1	864	877	13	0.0	1552
c475a6cf-7ea0-4348-93d8-0756956224c7	gb:HM370977|Organism:Influenza	92.086	556	20	15	1	537	1458	908	0.0	761
5d71acb0-5dd7-478d-a5d4-bb1731b00161	gb:HM370962|Organism:Influenza	88.007	542	34	22	1	519	901	1434	4.42e-174	612
9bc8e4a5-75c1-4478-a2dc-ad20a5a15ff9	gb:HM370979|Organism:Influenza	96.322	870	17	11	1	860	13	877	0.0	1415
50125838-8019-4e26-968a-3f673c551664	gb:HM370972|Organism:Influenza	99.138	116	1	0	1	116	2213	2328	1.24e-53	209
ca81c3a0-f35b-4a98-8d29-d8db75be09cb	gb:HM370978|Organism:Influenza	96.319	652	11	12	1	644	1014	368	0.0	1059
ca81c3a0-f35b-4a98-8d29-d8db75be09cb	gb:HM370978|Organism:Influenza	93.204	103	3	4	800	899	114	13	2.60e-34	148
208412ef-936d-46b6-a8d7-3dd9a221c8a4	gb:HM370978|Organism:Influenza	98.111	1006	7	9	1	998	1014	13	0.0	1742
e987a9ee-7060-4e54-af99-7f0b24399da2	gb:HM370979|Organism:Influenza	96.461	876	14	12	3	864	885	13	0.0	1430
64767473-c892-4629-b65d-e243734de818	gb:HM370972|Organism:Influenza	96.491	114	2	2	1	112	2328	2215	5.56e-47	187
58d9ff08-dcee-4f5a-bd67-ff02e06450c3	gb:HM370978|Organism:Influenza	94.565	1012	21	25	1	988	1014	13	0.0	1533
07fca445-4d7e-429f-a3e8-dd3deda8cc19	gb:HM370978|Organism:Influenza	98.230	1017	10	8	99	1110	1026	13	0.0	1772
8c68ea30-34eb-4b98-9725-718798a8ba1c	gb:HM370979|Organism:Influenza	92.388	867	32	24	109	950	870	13	0.0	1205
43ed6b82-6bf7-401f-aad1-720c8db9dc8a	gb:HM370978|Organism:Influenza	96.997	999	20	8	8	999	19	1014	0.0	1670
55906e95-d035-4e37-bab3-8c002f13f883	gb:HM370979|Organism:Influenza	95.111	900	14	16	1	894	888	13	0.0	1391
04b77e62-90dd-4967-ac3d-e452176d7f78	gb:HM370979|Organism:Influenza	94.886	880	18	20	2	857	1	877	0.0	1351
22a0857d-0e31-4884-8615-67182d46206f	gb:HM370978|Organism:Influenza	95.351	1011	15	21	1	988	13	1014	0.0	1578
b9a385e8-5bd6-4f92-9d7e-57cabdd25ef2	gb:HM370979|Organism:Influenza	96.005	876	18	14	1	863	13	884	0.0	1408
efe7ada2-87e1-4167-ad31-43e3e25de06f	gb:HM370978|Organism:Influenza	98.705	1004	4	6	1	997	13	1014	0.0	1773
77bfad05-630e-40d7-a995-b405e4cf2d90	gb:HM370978|Organism:Influenza	97.250	1018	19	7	2	1014	1	1014	0.0	1716
609aef92-23ed-4f62-be94-db5e079956be	gb:HM370978|Organism:Influenza	97.725	1011	10	9	1	1007	13	1014	0.0	1727
7cc9d259-d303-4453-98f1-89dee9871800	gb:HM370978|Organism:Influenza	96.154	1014	13	18	1	1000	1014	13	0.0	1633
46885adc-7012-482c-a3b0-852c25a352fa	gb:HM370979|Organism:Influenza	97.069	887	9	13	2	881	1	877	0.0	1478
85820aad-9503-46f7-8155-e80797d691ad	gb:HM370972|Organism:Influenza	90.301	299	19	8	1	292	2341	2046	2.00e-105	383
86584a1c-1ffa-4321-9602-9130d5b9e568	gb:HM370978|Organism:Influenza	91.634	1016	44	34	1	989	13	1014	0.0	1367
1a82c806-34f3-43c6-86a4-57b3b57cdbb3	gb:HM370978|Organism:Influenza	98.202	1001	10	8	1	996	13	1010	0.0	1742
07f188ec-fe55-4036-9389-ba0ab5be614e	gb:HM370977|Organism:Influenza	96.898	548	9	8	1	542	1445	900	0.0	911
1582061a-2cff-4566-bd48-07800f1b2217	gb:HM370979|Organism:Influenza	92.614	880	35	20	1	857	13	885	0.0	1238
a40d202f-4286-4737-ace5-447252f96f6d	gb:HM370978|Organism:Influenza	97.421	1008	14	9	1	1002	1014	13	0.0	1707
aff9678b-6727-4c2e-b85d-d8b5adc66f2e	gb:HM370978|Organism:Influenza	97.725	1011	10	10	1	1007	13	1014	0.0	1727
ec95521f-bfe2-4a9c-8a20-ee2bcc62f786	gb:HM370978|Organism:Influenza	97.217	1006	13	13	1	995	13	1014	0.0	1688
93ee5390-3658-4a5c-b735-345e10ad6bac	gb:HM370978|Organism:Influenza	99.102	1002	5	4	1	998	1014	13	0.0	1797
35108bc6-9cb5-4001-b010-8db04dc72dd3	gb:HM370978|Organism:Influenza	98.310	1006	7	10	1	1000	1014	13	0.0	1755
5dd9c4f4-3061-4c31-ba56-6641cd6706b6	gb:HM370978|Organism:Influenza	90.049	1015	55	35	8	990	20	1020	0.0	1273
2ccc6d72-4316-47e8-9d63-edc36b5d51de	gb:HM370978|Organism:Influenza	88.417	1036	52	61	1	992	13	1024	0.0	1186
cb079ae9-5ce9-498e-9596-33cba64f2481	gb:HM370978|Organism:Influenza	88.136	1003	61	46	1	973	13	987	0.0	1140
2b5125e3-abb1-41bf-897f-43fcc042a3fe	gb:HM370966|Organism:Influenza	96.140	285	5	3	1	282	1939	2220	8.66e-129	460
152ef1ab-059f-482a-83b5-d8c6eec9c1cd	gb:HM370978|Organism:Influenza	99.005	1005	3	7	1	1001	1014	13	0.0	1794
088b75ac-48a9-46bf-b6b2-dc22af1c6a3f	gb:HM370978|Organism:Influenza	96.116	1004	25	12	1	992	1014	13	0.0	1626
9c48bef2-a3e2-454e-bdba-6d18ec5aa770	gb:HM370978|Organism:Influenza	96.131	1008	22	14	1	996	1014	12	0.0	1629
4b590567-4b29-4948-b4a2-4297f5ccf06a	gb:HM370978|Organism:Influenza	97.510	1004	13	10	5	999	14	1014	0.0	1705
2f53f29c-8fcb-4c60-beed-15067d3271e3	gb:HM370978|Organism:Influenza	97.815	1007	12	10	1	1002	1014	13	0.0	1729
02463b1c-75b2-400e-b743-ded242685ffd	gb:HM370972|Organism:Influenza	100.000	116	0	0	1	116	2328	2213	2.67e-55	215
e1f5b741-5fa2-4f8f-b3e7-f7ad9a185e49	gb:HM370979|Organism:Influenza	98.378	863	10	3	5	865	873	13	0.0	1513
f345bba8-31bb-429c-bda8-61c60d70c05a	gb:KM244078|Organism:Influenza	88.828	546	28	24	121	649	1410	881	0.0	640
7d88dac0-925c-465a-9620-d02e962289bd	gb:HM370979|Organism:Influenza	97.126	870	10	14	1	860	13	877	0.0	1454
c71387e9-7e85-44bf-8a3d-5f1887df64dd	gb:HM370979|Organism:Influenza	96.362	852	18	12	1	845	13	858	0.0	1389
55637732-2420-4838-8513-8a36d0ec44c4	gb:HM370978|Organism:Influenza	98.904	1004	5	5	1	1000	1014	13	0.0	1788
3ba92859-5859-4dbf-8d8d-7b70e33fea38	gb:HM370979|Organism:Influenza	99.077	867	3	5	1	864	13	877	0.0	1552
edf81f43-62bf-4314-9505-f523cc505d15	gb:HM370972|Organism:Influenza	98.940	283	1	2	1	281	2328	2046	3.93e-142	505
0be78f42-1b6b-46d4-b95f-6b2a1873592e	gb:HM370978|Organism:Influenza	96.572	1021	16	15	1	1008	13	1027	0.0	1674
bfaed15d-0189-4c70-ba77-8c54df88c87f	gb:HM370979|Organism:Influenza	95.287	870	26	11	1	860	13	877	0.0	1365
0a734ccf-9c9b-4203-938a-e32e350d6084	gb:HM370978|Organism:Influenza	97.528	971	7	9	6	969	20	980	0.0	1644
236af94a-fdd9-48fb-ad0c-e85efa5b4cb5	gb:HM370979|Organism:Influenza	97.011	870	12	10	1	861	13	877	0.0	1450
49f4d64e-07c6-493b-bf69-f2e0d9ae4337	gb:HM370978|Organism:Influenza	96.726	1008	16	13	1	997	13	1014	0.0	1663
9fdd58f2-0136-4df8-88cc-beb524bf79c3	gb:HM370978|Organism:Influenza	96.928	1009	13	14	1	998	13	1014	0.0	1676
0b22a336-f5af-4233-806f-595d9f5cfa10	gb:HM370979|Organism:Influenza	94.406	876	21	21	93	947	3	871	0.0	1321
a713ab0c-9fb1-4301-ba45-5deaac5d1a32	gb:HM370979|Organism:Influenza	95.982	871	13	14	1	855	13	877	0.0	1395
f2769789-eaf5-460a-bbde-e5c8753d6b0f	gb:HM370978|Organism:Influenza	98.414	1009	8	5	1	1008	1014	13	0.0	1768
de9b15e1-e490-4fbe-b689-015657202793	gb:HM370979|Organism:Influenza	98.268	866	8	6	1	862	877	15	0.0	1509
b618172a-b729-4107-9765-a879fae34afd	gb:HM370979|Organism:Influenza	96.233	876	15	11	1	869	13	877	0.0	1419
a83e4455-c133-44ec-89df-bf22ebcb97d5	gb:HM370978|Organism:Influenza	94.466	1012	27	24	1	993	1014	13	0.0	1531
e856fa97-0d9e-4e8e-91d5-3e03922e5d8d	gb:HM370977|Organism:Influenza	94.821	560	15	13	1	547	1458	900	0.0	861
198020b8-3a79-4134-b85e-c72facb1886c	gb:HM370978|Organism:Influenza	92.490	1012	41	27	1	987	13	1014	0.0	1415
6f66fbb1-4f1b-4971-ab73-80678ff6bfb5	gb:HM370978|Organism:Influenza	98.307	1004	7	10	1	996	13	1014	0.0	1751
fd1fa8c0-a378-484c-a244-5f8031e05a00	gb:HM370978|Organism:Influenza	93.182	1012	35	28	1	988	1014	13	0.0	1456
94afe0fa-9fa3-4cc2-9da7-fa4f8857d668	gb:HM370978|Organism:Influenza	97.033	1011	16	13	1	1006	1014	13	0.0	1688
224b5d65-feb4-4eb7-a156-e2456cc07ab3	gb:HM370978|Organism:Influenza	97.711	1005	10	10	1	995	1014	13	0.0	1716
a19584cc-4183-400e-848e-0939e20d9bc9	gb:HM370979|Organism:Influenza	97.809	867	11	7	1	861	877	13	0.0	1489
9ca347b2-6594-40f8-b1b3-242251c7c27f	gb:CY101879|Organism:Influenza	93.860	114	3	4	1	110	2316	2203	2.01e-41	169
cfd059a2-9c7c-4f43-8794-d6e7bfc63aa2	gb:HM370979|Organism:Influenza	98.272	868	8	5	1	864	877	13	0.0	1513
2e1a292c-64c7-44a5-9fb0-1cfc268f3ac7	gb:HM370979|Organism:Influenza	99.075	865	4	1	1	861	877	13	0.0	1550
a43f0566-6790-4f55-bee6-dda389645e8b	gb:HM370978|Organism:Influenza	97.515	1006	8	11	1	993	13	1014	0.0	1703
098615ec-6351-4bba-a364-886b648e03ce	gb:HM370978|Organism:Influenza	96.617	1005	16	13	1	990	13	1014	0.0	1652
ae6b984f-3857-4617-96f8-f98b5abcccac	gb:HM370978|Organism:Influenza	97.711	1005	12	7	1	997	1014	13	0.0	1718
74b498f6-d3d5-4bd0-a68f-1662b28aad04	gb:HM370978|Organism:Influenza	97.614	1006	11	11	1	997	1014	13	0.0	1712
c55763b8-b464-4181-ad0a-06f4d7f7bfab	gb:HM370979|Organism:Influenza	93.943	875	24	25	1	856	877	13	0.0	1295
680f7d23-00bf-49cb-9182-241a4e87e5d4	gb:HM370978|Organism:Influenza	91.921	1015	38	36	1	984	1014	13	0.0	1380
6c813c5e-d11e-4e45-bf7b-e09931570b79	gb:HM370978|Organism:Influenza	97.811	1005	11	9	1	997	1014	13	0.0	1724
63b7000f-6342-4b2c-a13f-acaf92aed12e	gb:HM370978|Organism:Influenza	98.416	1010	1	12	1	1003	1014	13	0.0	1762
212a9c88-e5a9-445b-918f-1259d24b6d98	gb:JN706699|Organism:Influenza	98.227	282	4	1	1	281	1939	2220	3.06e-138	492
3f2e027c-875e-4c21-8546-4b95fdac376c	gb:HM370978|Organism:Influenza	98.109	1005	6	9	1	995	13	1014	0.0	1738
4b81814b-a161-4991-99f6-eb902d44c8f2	gb:HM370978|Organism:Influenza	96.937	1012	15	13	1	1006	1014	13	0.0	1683
f638163d-2c2b-4257-b86f-796267ceab24	gb:CY005852|Organism:Influenza	80.690	1015	122	55	5	961	1011	13	0.0	721
1527b210-fc5b-49ff-8bc3-327ca9e51425	gb:HM370962|Organism:Influenza	98.158	543	7	3	15	555	1442	901	0.0	944
391afdb2-ba45-4633-b715-81718a6982c5	gb:HM370978|Organism:Influenza	90.873	1019	45	34	4	999	1006	13	0.0	1323
c779545a-cea5-4a4d-bb6b-e022deb307d0	gb:HM370978|Organism:Influenza	92.422	673	24	18	285	942	354	1014	0.0	935
c779545a-cea5-4a4d-bb6b-e022deb307d0	gb:HM370978|Organism:Influenza	96.233	292	6	4	2	290	1	290	3.96e-132	473
acf21515-4de7-4b02-aba2-7592032bbf0b	gb:HM370978|Organism:Influenza	95.866	1016	20	21	1	1008	1014	13	0.0	1624
8e54962d-d9b8-457b-b07b-df67ab2c22b7	gb:HM370978|Organism:Influenza	96.860	1019	12	14	5	1012	5	1014	0.0	1687
32f148d0-85a7-4dc3-bdb2-bf72551f6d99	gb:HM370978|Organism:Influenza	93.883	1030	20	28	1	1008	13	1021	0.0	1513
00dd2ab5-df29-4a26-b052-f861f13ea7e6	gb:HM370966|Organism:Influenza	98.233	283	3	2	1	282	2220	1939	8.54e-139	494
fef1178b-76a6-4189-9efe-cf9e1fbbee99	gb:HM370979|Organism:Influenza	89.323	871	36	44	18	850	26	877	0.0	1040
273d7d66-2f16-43c1-a8cf-e56a46c762f2	gb:HM370978|Organism:Influenza	97.327	1010	14	11	1	1005	13	1014	0.0	1703
5da7727f-a8ad-4737-9aa3-49f0459710e1	gb:HM370978|Organism:Influenza	97.324	1009	10	15	1	999	13	1014	0.0	1698
e3ffde14-e062-49ee-b47a-72c991a8704b	gb:HM370978|Organism:Influenza	98.411	1007	8	7	1	1004	1014	13	0.0	1764
639cc5cb-d4fa-4304-94ca-b2c3fcc98c25	gb:HM370978|Organism:Influenza	99.269	957	1	5	49	1001	967	13	0.0	1724
e0e03d37-edf8-4b86-9c37-040c6676b340	gb:HM370978|Organism:Influenza	94.816	1003	23	20	15	1004	28	1014	0.0	1537
386aad0d-ff32-44f3-a7df-87cd16a96e36	gb:HM370979|Organism:Influenza	99.307	866	2	2	1	862	12	877	0.0	1563
db032f93-3c90-4593-8857-81ee94bfb525	gb:HM370979|Organism:Influenza	97.803	865	8	7	1	854	13	877	0.0	1482
1084bae1-d1ce-419a-83f0-df0612dcb8fc	gb:HM370978|Organism:Influenza	97.709	1004	7	9	1	990	13	1014	0.0	1712
28e74d5a-4728-44d8-bc44-58ccd582dbcd	gb:HM370978|Organism:Influenza	96.094	1024	18	14	2	1013	1	1014	0.0	1650
1227993f-15e5-4957-9a27-2c5ad25b9344	gb:HM370978|Organism:Influenza	89.018	1029	46	50	97	1084	1024	22	0.0	1212
1d24b69e-3b6f-47b3-8469-607a6624e41d	gb:HM370978|Organism:Influenza	95.356	1012	22	18	1	997	1014	13	0.0	1585
8d075c0e-637e-4f59-a310-7a2f6baa5f1c	gb:HM370978|Organism:Influenza	96.337	1010	19	13	1	1000	13	1014	0.0	1644
3a1ce57a-5622-48c3-abc0-a7a3a0bfcc07	gb:HM370978|Organism:Influenza	98.132	1017	2	10	1	1006	13	1023	0.0	1757
288ab825-2733-4659-9cea-aa6603a19ed4	gb:HM370978|Organism:Influenza	97.428	1011	12	13	1	1006	13	1014	0.0	1711
440e7c29-36e5-4860-a90e-8177e5ca343e	gb:HM370978|Organism:Influenza	97.532	1013	10	12	1	1009	13	1014	0.0	1718
9e1aabbf-1283-4e98-a39d-c9bab55261e5	gb:HM370978|Organism:Influenza	93.750	1008	36	23	1	987	13	1014	0.0	1487
e80c4046-e036-42be-b4e0-d008e1f126ea	gb:HM370978|Organism:Influenza	97.208	1003	18	8	1	994	1014	13	0.0	1688
1ce6bdc9-be7e-4e75-abb9-a20a44514330	gb:HM370979|Organism:Influenza	97.338	864	6	7	3	852	873	13	0.0	1452
3f428e8a-7a59-495a-92a1-faab637566c7	gb:HM370966|Organism:Influenza	97.535	284	4	2	1	283	1939	2220	1.86e-135	483
ad797c13-daad-4a6e-9c8b-e9eb484200b9	gb:HM370978|Organism:Influenza	98.111	1006	7	12	1	998	13	1014	0.0	1742
44795dec-fcff-4acd-9c21-362b27a4d244	gb:HM370979|Organism:Influenza	94.707	869	9	16	1	836	13	877	0.0	1315
b33b30de-8725-4fd6-bb8d-7b3daad403e3	gb:HM370972|Organism:Influenza	94.097	288	6	8	1	282	2046	2328	8.79e-119	427
78751ebd-9158-4163-a5f1-5a268c961d1d	gb:HM370978|Organism:Influenza	95.562	1014	17	22	1	998	1014	13	0.0	1598
e44454d0-362a-4f6b-87d7-36675d950d22	gb:HM370978|Organism:Influenza	92.232	1017	40	32	97	1081	5	1014	0.0	1404
ca2fe4ab-1f6e-4bde-88c7-518136bd6524	gb:HM370977|Organism:Influenza	97.993	548	6	4	1	545	900	1445	0.0	946
a148dbe8-f795-4f44-b828-9987efe69243	gb:HM370979|Organism:Influenza	95.413	109	4	1	8	116	885	778	1.66e-42	172
79199f09-598b-48d9-98a1-904ecc1a5669	gb:HM370979|Organism:Influenza	97.624	884	9	8	1	878	890	13	0.0	1506
ff14076d-c4a5-4502-b694-667bc266fa24	gb:HM370979|Organism:Influenza	94.610	872	27	19	1	861	13	875	0.0	1332
5ad39f30-d81e-4e85-864e-09b0a38f55ff	gb:HM370978|Organism:Influenza	97.619	1008	12	8	1	1002	13	1014	0.0	1718
c7ac4f86-5a2a-42ea-be5d-704cac328bb6	gb:HM370978|Organism:Influenza	93.781	1013	28	28	1	994	1014	18	0.0	1489
db911fe6-9363-4b0d-a040-5d5ac402ff3a	gb:HM370979|Organism:Influenza	92.816	877	34	23	1	860	877	13	0.0	1243
0aedb935-b23c-4823-9913-7fba5d90e79c	gb:HM370978|Organism:Influenza	95.854	1013	22	14	1	1004	13	1014	0.0	1620
7cbe1283-6d58-47ed-ac98-b00b346b2363	gb:HM370979|Organism:Influenza	97.943	875	10	6	5	873	885	13	0.0	1509
e49cb939-44d6-4ea9-b9c5-004e48683841	gb:HM370978|Organism:Influenza	89.105	1028	40	50	2	985	15	1014	0.0	1212
1b4a8936-8155-4d7f-bb22-fc62aff76c17	gb:HM370978|Organism:Influenza	98.113	1007	8	8	1	1001	13	1014	0.0	1744
b7e401c7-8263-413c-99cf-acb75637ba48	gb:HM370978|Organism:Influenza	98.510	1007	6	8	1	1003	1014	13	0.0	1768
96950c96-f7e0-4416-8ba5-ec130cad878f	gb:HM370979|Organism:Influenza	95.662	876	20	14	7	866	4	877	0.0	1391
aa46f25b-aff9-47c8-a3cb-3d7b820088a9	gb:HM370979|Organism:Influenza	91.827	881	35	32	1	860	13	877	0.0	1194
79dc9053-2168-4226-8e4b-056c8c01796b	gb:HM370978|Organism:Influenza	95.163	1013	17	25	1	992	1014	13	0.0	1570
8daad4f6-477b-4062-975d-b2fc540acf65	gb:HM370978|Organism:Influenza	98.317	1010	5	10	1	1006	13	1014	0.0	1760
43dc7762-025d-4925-9895-d0beeb7724bd	gb:HM370978|Organism:Influenza	97.716	1007	10	9	1	999	13	1014	0.0	1720
ace13982-782c-4411-8e24-7574744ca351	gb:HM370978|Organism:Influenza	96.418	1005	18	11	1	990	13	1014	0.0	1640
2e1e899d-2a86-43c7-92e2-813b9f4236f8	gb:HM370978|Organism:Influenza	99.302	1003	5	2	1	1002	1014	13	0.0	1812
5975c38d-5957-4291-afd0-db127d3b9e60	gb:HM370972|Organism:Influenza	99.647	283	1	0	1	283	2328	2046	5.09e-146	518
1f2be531-41ff-41ba-8e53-5395755432bf	gb:JN706699|Organism:Influenza	97.535	284	5	1	1	284	1939	2220	5.18e-136	484
88feb5e3-5363-4047-9805-3a074d951c94	gb:HM370978|Organism:Influenza	98.904	1004	6	5	1	1001	1014	13	0.0	1788
7db0fa99-eb59-42bb-9540-54461210f9fb	gb:HM370979|Organism:Influenza	98.736	870	3	5	1	867	877	13	0.0	1539
8a6ec233-8a96-48f6-9095-71db5e8eb2ed	gb:HM370979|Organism:Influenza	92.054	881	30	31	1	844	13	890	0.0	1203
9f87039b-0410-471b-8ce3-f5e97aa12b73	gb:HM370978|Organism:Influenza	96.123	1006	26	13	1	997	1014	13	0.0	1629
36ca2d8d-9610-4660-ad6c-d3724c73eaf1	gb:HM370978|Organism:Influenza	87.367	1037	77	43	2	1007	1	1014	0.0	1140
f223f052-14d4-458d-b95a-f5a05f54ea6b	gb:HM370978|Organism:Influenza	96.267	1018	16	18	2	1001	1	1014	0.0	1650
c8dcf0fe-79aa-4f50-af7e-8bf36e8cae68	gb:HM370978|Organism:Influenza	97.123	1008	14	13	1	999	1014	13	0.0	1687
c46c81d1-2649-4424-8fdc-5ba70010bb12	gb:HM370979|Organism:Influenza	95.418	873	24	16	1	865	877	13	0.0	1376
abf15f84-92c7-42ba-b0fa-75b0853ea226	gb:HM370979|Organism:Influenza	94.913	865	26	16	1	855	877	21	0.0	1338
88002504-4503-482d-a7e0-28e957136641	gb:HM370978|Organism:Influenza	98.720	1016	8	3	103	1118	1023	13	0.0	1799
cb830b68-e1a4-4ccb-9693-82bb49f440ca	gb:HM370978|Organism:Influenza	90.269	668	24	30	1	634	1014	354	0.0	835
cb830b68-e1a4-4ccb-9693-82bb49f440ca	gb:HM370978|Organism:Influenza	83.849	291	26	17	629	911	290	13	4.19e-67	257
ddd333d8-c64c-4439-a645-39a28cb03b41	gb:HM370972|Organism:Influenza	97.183	284	2	4	1	279	2328	2046	3.06e-133	475
e8d6006e-88a1-4f61-8cf2-3fff74d4b054	gb:HM370977|Organism:Influenza	91.304	253	12	9	72	319	253	6	1.77e-91	337
e8d6006e-88a1-4f61-8cf2-3fff74d4b054	gb:HM370977|Organism:Influenza	97.333	75	2	0	1	75	1445	1371	1.16e-28	128
1dc1c6f8-e0b7-4743-a02b-22466eb775d3	gb:HM370978|Organism:Influenza	89.474	988	57	39	5	970	16	978	0.0	1205
831ed07d-cbb4-4235-8fe0-f8c2db121587	gb:HM370978|Organism:Influenza	95.508	1024	24	16	97	1103	1024	6	0.0	1616
6627c54d-b896-40c8-b8a2-de27b122fc5b	gb:HM370978|Organism:Influenza	96.912	1004	17	14	6	1000	1011	13	0.0	1670
112f47f7-cf28-4e0d-b926-1d9811b3e45f	gb:HM370978|Organism:Influenza	97.718	1008	15	7	1	1006	1014	13	0.0	1727
e77915fa-ebac-4f8d-847b-3675e9967fa9	gb:HM370979|Organism:Influenza	87.398	857	58	43	5	827	18	858	0.0	939
84cb4741-4663-41b5-9ccb-4adb72d2687b	gb:HM370978|Organism:Influenza	97.714	1006	9	12	1	996	1014	13	0.0	1718
a92b3933-41a8-4ccd-a43d-3066090c274e	gb:HM370978|Organism:Influenza	98.797	665	1	6	1	662	1014	354	0.0	1177
a92b3933-41a8-4ccd-a43d-3066090c274e	gb:HM370978|Organism:Influenza	99.281	278	1	1	657	933	290	13	1.80e-140	501
ef734633-9602-44df-ac25-fd76bd73f4d3	gb:HM370978|Organism:Influenza	90.437	962	27	39	1	917	1014	73	0.0	1206
6399baf8-c6c8-4a46-8eb0-4aef90a27f9b	gb:HM370978|Organism:Influenza	97.809	1004	11	10	3	999	15	1014	0.0	1722
e95478f1-42de-4f07-8c25-6a0db436bca0	gb:CY166379|Organism:Influenza	88.515	1010	91	20	1	993	1002	1	0.0	1199
a21a379e-7827-4359-b783-afaf544bcb1f	gb:HM370978|Organism:Influenza	98.313	1008	7	10	1	1004	1014	13	0.0	1759
dffbbd08-34d5-4eae-870d-f650f0089d05	gb:HM370978|Organism:Influenza	96.627	1008	17	14	1	996	1015	13	0.0	1657
72ad8d42-8ab7-40d3-b92f-86a36b51d7c0	gb:HM370978|Organism:Influenza	95.351	1011	26	13	1	999	1014	13	0.0	1587
4d2009be-87cc-40ec-a7cd-ca378d80e623	gb:HM370978|Organism:Influenza	98.709	1007	3	10	1	1002	13	1014	0.0	1779
9f4e8a40-4273-4446-b691-43fd4293b66a	gb:HM370978|Organism:Influenza	92.697	671	23	23	270	924	354	1014	0.0	944
9f4e8a40-4273-4446-b691-43fd4293b66a	gb:HM370978|Organism:Influenza	89.474	285	13	13	1	275	13	290	3.17e-93	344
b14ae90b-6f73-4044-8d64-9933cfd2eba6	gb:HM370978|Organism:Influenza	95.289	1019	24	19	1	1004	13	1022	0.0	1594
49b2d74f-6429-418d-a6c6-f34ec464bb1b	gb:HM370978|Organism:Influenza	95.751	1012	18	18	1	997	13	1014	0.0	1607
08e778e6-64f5-4c8c-89d2-77e97e0f5d7d	gb:HM370966|Organism:Influenza	97.163	282	7	1	1	281	1939	2220	3.08e-133	475
9c294378-e535-436b-bde3-0dc4c69005eb	gb:HM370978|Organism:Influenza	98.509	1006	9	4	1	1004	1014	13	0.0	1770
5600fdb7-4291-42a6-895d-a6e7f283f90e	gb:HM370978|Organism:Influenza	97.607	1003	11	8	1	991	13	1014	0.0	1707
f6e900aa-8257-48b7-9cd9-4ca09cd8b96e	gb:HM370978|Organism:Influenza	96.736	1011	17	13	1	1004	1014	13	0.0	1670
d3cb37af-c24c-4179-99c6-7aef76d95261	gb:HM370978|Organism:Influenza	97.510	1004	13	10	1	994	1014	13	0.0	1705
e3cde7cb-d513-4e9d-9d2f-5499d308f6d7	gb:HM370977|Organism:Influenza	97.268	549	8	6	1	545	900	1445	0.0	924
c9307e6a-3411-480b-baee-b138fda17f53	gb:HM370978|Organism:Influenza	95.356	1012	23	17	6	1006	16	1014	0.0	1587
ad59fd2c-7f55-44e5-aa2b-543efcaa50be	gb:HM370978|Organism:Influenza	98.509	1006	4	9	1	999	13	1014	0.0	1764
e70c352b-1fbd-4017-a1a9-dc73d4515ff5	gb:HM370978|Organism:Influenza	96.226	1007	22	14	1	996	13	1014	0.0	1635
ec867216-0467-41f2-9556-b7bdf2ede739	gb:HM370979|Organism:Influenza	98.041	868	9	7	1	863	13	877	0.0	1502
f62c862a-e8b4-4688-b310-d13ffbb23a8d	gb:HM370979|Organism:Influenza	98.276	870	6	8	1	866	13	877	0.0	1515
e30e666a-ec0b-4af6-a936-d28df55ef590	gb:HM370979|Organism:Influenza	98.618	868	4	6	1	863	13	877	0.0	1530
1e174c00-c60c-4427-94e8-35bed96a6dfa	gb:HM370978|Organism:Influenza	93.275	1026	23	37	1	1004	1014	13	0.0	1471
63799b03-c7f8-47bc-a310-ab6a4c2ee1ca	gb:HM370978|Organism:Influenza	98.411	1007	5	10	1	1001	13	1014	0.0	1760
73dfdb47-b476-4977-85ea-db1e9e68d503	gb:HM370978|Organism:Influenza	98.117	1009	7	12	1	1004	13	1014	0.0	1748
6de22e27-2647-4907-9f4b-8207c022618f	gb:HM370978|Organism:Influenza	94.294	666	18	17	276	926	354	1014	0.0	1002
6de22e27-2647-4907-9f4b-8207c022618f	gb:HM370978|Organism:Influenza	88.462	286	20	12	1	281	13	290	6.88e-90	333
d316ffef-463d-4b96-9c9f-3b8f454e7686	gb:HM370978|Organism:Influenza	98.014	1007	10	8	1	1002	1014	13	0.0	1740
d33b8023-3f7e-4df0-9663-89b983b0ebc7	gb:HM370978|Organism:Influenza	94.872	1014	29	22	1	1003	1014	13	0.0	1563
d0123bdd-433e-46f4-896e-c07bce8f3473	gb:HM370979|Organism:Influenza	98.730	866	7	4	1	863	877	13	0.0	1535
c93df27f-0c4e-4815-896a-c7f3e3902cf5	gb:HM370978|Organism:Influenza	98.706	1005	5	6	1	1000	13	1014	0.0	1777
4760a937-d8d9-42cb-8028-351b52e32ab7	gb:HM370978|Organism:Influenza	97.512	1005	10	13	1	1000	1014	20	0.0	1703
4d7ed7f2-f431-466f-b8fc-9f7af81a7d9b	gb:HM370978|Organism:Influenza	98.604	1003	3	8	1	993	1014	13	0.0	1764
35b102dc-c507-4980-88ff-5a7f3e444e58	gb:HM370978|Organism:Influenza	87.822	1010	63	45	14	989	30	1013	0.0	1129
f3669da3-b695-45ff-a4d3-728cbbff3c90	gb:HM370979|Organism:Influenza	97.704	871	8	8	1	865	877	13	0.0	1487
654ea1b1-3874-4a4c-a6a5-d15434270d14	gb:HM370979|Organism:Influenza	91.562	877	34	33	105	959	889	31	0.0	1173
8d132295-466b-4942-a875-a172ce56d003	gb:HM370978|Organism:Influenza	99.004	1004	6	4	1	1002	13	1014	0.0	1796
ac8f8196-7e43-4348-af16-d3cd8b1cff37	gb:HM370966|Organism:Influenza	96.479	284	7	3	1	284	1940	2220	1.88e-130	466
0025b9ca-5db1-4fef-91e1-232ccbd9fdd8	gb:HM370978|Organism:Influenza	96.300	1027	22	12	1	1023	13	1027	0.0	1672
c3fb716b-cf01-46a9-ba43-0c2378b2b99d	gb:HM370978|Organism:Influenza	97.711	1005	11	9	1	996	13	1014	0.0	1718
8b95415d-61f8-420a-9006-9008574d15e5	gb:HM370978|Organism:Influenza	96.238	1010	15	20	1	995	1014	13	0.0	1633
de9ca937-ff54-41db-be88-9ec6a188ce75	gb:HM370978|Organism:Influenza	98.705	1004	5	6	1	998	13	1014	0.0	1775
c3a2df85-902e-48b0-8e4d-fff5c751f3e5	gb:HM370979|Organism:Influenza	96.359	879	15	15	1	876	877	13	0.0	1430
06161c66-92e4-453b-a4b7-170561542d33	gb:HM370979|Organism:Influenza	96.018	879	16	13	2	863	1	877	0.0	1411
1227cfba-01a3-4161-842d-eface2ea8f8f	gb:HM370978|Organism:Influenza	97.332	1012	8	13	1	1003	1014	13	0.0	1701
804d7e44-cb3e-4783-add7-669272c65547	gb:HM370979|Organism:Influenza	98.844	865	5	3	1	860	877	13	0.0	1537
11486176-edb2-4959-b131-6fa9a0d9bbc6	gb:HM370978|Organism:Influenza	99.202	1003	1	6	1	997	13	1014	0.0	1801
c6c06811-bfee-45ef-8855-3b4cc4aca3ba	gb:HM370977|Organism:Influenza	100.000	241	0	0	72	312	253	13	2.70e-124	446
c6c06811-bfee-45ef-8855-3b4cc4aca3ba	gb:HM370977|Organism:Influenza	100.000	75	0	0	1	75	1445	1371	5.13e-32	139
43597979-77b4-4a03-8f11-e00bf6a7cf3f	gb:HM370978|Organism:Influenza	93.300	1015	39	26	1	999	13	1014	0.0	1471
3735f772-c3e9-488b-9a15-4cc04ff379d5	gb:HM370978|Organism:Influenza	97.335	1013	12	11	1	1009	1014	13	0.0	1707
d6695224-f42a-410c-8f54-5c05cbf255a3	gb:HM370978|Organism:Influenza	95.743	1010	23	19	12	1009	23	1024	0.0	1609
4556ee18-0bbf-40ed-916e-07c971962a1a	gb:HM370978|Organism:Influenza	96.528	1008	19	13	1	998	1014	13	0.0	1653
5d702e86-aef2-4015-b3ef-ec0193ad3965	gb:HM370978|Organism:Influenza	98.507	1005	7	8	1	999	1015	13	0.0	1766
228e7306-5072-4667-a38a-74b03ed8926c	gb:HM370978|Organism:Influenza	99.800	1002	2	0	1	1002	1014	13	0.0	1840
3595b405-744a-4479-b9c0-f25c2fca2385	gb:HM370978|Organism:Influenza	94.960	1012	21	25	4	998	16	1014	0.0	1559
b8e4d563-7968-4788-9193-60a082697396	gb:HM370978|Organism:Influenza	96.467	1019	17	17	6	1014	1022	13	0.0	1664
5c4288f9-5e85-4f02-a719-591e96cc2982	gb:HM370978|Organism:Influenza	95.347	1010	19	23	1	990	1014	13	0.0	1580
8892af84-78fa-4baa-b02d-cc1e3674100d	gb:JN706699|Organism:Influenza	97.455	275	4	3	23	294	1946	2220	1.95e-130	466
960a9835-3572-42ca-9067-957326579273	gb:HM370966|Organism:Influenza	97.872	282	4	2	1	280	2220	1939	1.42e-136	486
8ddb8e42-e55f-42ce-9586-8c5af99cec48	gb:HM370979|Organism:Influenza	99.191	865	6	1	1	864	877	13	0.0	1557
6c212b4b-7ee3-48cf-8086-fcbcde8b5875	gb:HM370979|Organism:Influenza	98.157	868	9	7	1	864	877	13	0.0	1507
973d963a-661e-4f6f-9666-84ad74868e51	gb:HM370979|Organism:Influenza	97.597	874	7	9	1	869	877	13	0.0	1485
fbb0b76b-4471-487a-af30-e8eaa6ba8684	gb:HM370978|Organism:Influenza	96.429	1008	20	14	1	998	13	1014	0.0	1648
352e5a82-c4c4-4225-a923-32e48a7c28e8	gb:HM370978|Organism:Influenza	98.607	1005	4	8	1	998	13	1014	0.0	1770
fd8147bf-aebd-407e-81a6-3b3774a0eff1	gb:HM370979|Organism:Influenza	91.264	870	44	27	8	855	18	877	0.0	1157
40d2df2a-3e44-47aa-b8dc-f76945a5cd00	gb:HM370978|Organism:Influenza	98.640	662	3	4	272	928	354	1014	0.0	1168
40d2df2a-3e44-47aa-b8dc-f76945a5cd00	gb:HM370978|Organism:Influenza	98.208	279	2	2	1	277	13	290	1.80e-135	484
65e8553a-b9c3-4676-a5db-4589ec980444	gb:HM370979|Organism:Influenza	98.961	866	4	5	1	862	877	13	0.0	1544
e1617b43-46de-4ab2-9710-e7a40919e034	gb:HM370978|Organism:Influenza	96.535	1010	16	15	1	999	1014	13	0.0	1653
a7a71d4c-89b0-4fa3-8618-a6b41cccee43	gb:HM370966|Organism:Influenza	93.031	287	13	7	1	285	1939	2220	2.49e-114	412
85cc1820-0a70-488c-a5fb-8960eedb1ac8	gb:HM370972|Organism:Influenza	95.439	285	7	5	4	286	2326	2046	1.90e-125	449
3bb7865f-bfc5-4e1a-a355-cb2627e55fe1	gb:HM370966|Organism:Influenza	93.190	279	9	9	9	285	1950	2220	5.39e-111	401
e861fb7f-0142-452f-88a4-e144f92ebfbd	gb:HM370978|Organism:Influenza	95.342	1009	25	17	1	999	1014	18	0.0	1583
3df8d26a-7934-4836-82ec-66cb4cb1fd0b	gb:HM370978|Organism:Influenza	96.119	1005	17	15	1	986	1014	13	0.0	1620
b7b51602-a446-46d0-99be-6abeeee7a080	gb:HM370977|Organism:Influenza	97.445	548	8	6	1	544	1445	900	0.0	929
5db17de1-12e8-4806-9fbe-788d20bad6c9	gb:CY087841|Organism:Influenza	88.583	1016	85	25	1	999	1	1002	0.0	1205
29410e88-bfcb-44a0-a9da-fc8ff7e9e93d	gb:HM370978|Organism:Influenza	95.622	1005	10	16	1	974	13	1014	0.0	1581
16b4b92b-0d17-4057-9b82-d60140a3bdb7	gb:HM370979|Organism:Influenza	96.778	869	12	13	1	857	877	13	0.0	1435
756c60af-10a0-44bb-ab69-ce5dc084f0a8	gb:HM370978|Organism:Influenza	98.012	1006	7	10	1	997	1014	13	0.0	1735
258b82bf-2400-4802-b4ed-34585f779582	gb:HM370978|Organism:Influenza	97.815	1007	8	9	1	998	1014	13	0.0	1725
1de80fec-6a1e-4b34-a50f-09c72da44651	gb:HM370978|Organism:Influenza	98.805	1004	6	6	1	1000	1014	13	0.0	1783
ff997ea9-bac9-4b4c-9b12-23ae61be90e1	gb:HM370978|Organism:Influenza	94.570	663	22	11	1	651	1014	354	0.0	1013
ff997ea9-bac9-4b4c-9b12-23ae61be90e1	gb:HM370978|Organism:Influenza	95.341	279	9	4	646	921	290	13	3.92e-122	440
06d90420-6a6c-422d-925e-5bdd7fa41171	gb:HM370978|Organism:Influenza	99.731	372	1	0	1	372	13	384	0.0	682
06d90420-6a6c-422d-925e-5bdd7fa41171	gb:HM370978|Organism:Influenza	94.444	162	2	2	365	519	162	1	7.40e-63	243
f896966d-cc5d-452a-8658-1052828012bf	gb:HM370978|Organism:Influenza	97.112	1004	16	11	1	993	13	1014	0.0	1681
02754044-c830-403f-96f1-0e37a66b1afe	gb:HM370978|Organism:Influenza	97.510	1004	14	9	1	995	1014	13	0.0	1705
c669bb8a-d6d3-4de5-99b0-a04a8859863a	gb:HM370978|Organism:Influenza	93.030	1033	33	25	1	1013	1014	1	0.0	1472
6ce43960-f08f-42c3-91e8-a7fca7972859	gb:HM370979|Organism:Influenza	95.995	874	20	13	1	868	13	877	0.0	1406
823bfc1e-3dcc-4424-892f-55d061eed4c1	gb:HM370979|Organism:Influenza	97.586	870	8	10	1	862	877	13	0.0	1478
18eeb25c-e90e-44e4-b31f-cf5bb48dd2e9	gb:HM370978|Organism:Influenza	96.443	1012	20	15	1	1006	1014	13	0.0	1655
1edddfa0-5937-4082-9128-f61fa63c8bb4	gb:HM370977|Organism:Influenza	95.978	547	15	6	1	541	900	1445	0.0	881
2e60d7e1-cd9d-4a71-ad73-fae0bb533b9a	gb:HM370978|Organism:Influenza	97.520	1008	13	10	1	1002	1014	13	0.0	1712
04629140-f3f8-4d26-b122-f3ec0c82f3e5	gb:HM370978|Organism:Influenza	95.369	1015	19	24	1	1000	1014	13	0.0	1589
d7f215c0-0be9-419b-b107-b5409f199a12	gb:HM370978|Organism:Influenza	98.010	1005	11	9	1	999	13	1014	0.0	1736
67cca385-02ca-400d-aead-b896986db637	gb:HM370979|Organism:Influenza	94.394	874	21	21	1	855	877	13	0.0	1317
60c0452f-f431-4a7e-8b7c-550170b0c872	gb:HM370978|Organism:Influenza	90.882	1020	43	37	1	988	13	1014	0.0	1323
9102ff6e-5b50-4441-a4cd-0b44228d9903	gb:HM370978|Organism:Influenza	98.608	1006	5	8	1	1001	1014	13	0.0	1772
04994777-9847-4443-8d97-b21b9403aea0	gb:HM370979|Organism:Influenza	96.211	871	15	14	1	859	13	877	0.0	1410
0bad24ba-e59c-415e-b1a5-9df928217cbb	gb:HM370978|Organism:Influenza	97.015	1005	13	13	1	991	1014	13	0.0	1674
eef943f0-982e-4adb-a882-b21e47dc9008	gb:HM370979|Organism:Influenza	98.155	867	9	7	1	862	877	13	0.0	1506
b9b5ff04-6f36-4693-942e-fe143afcba21	gb:HM370979|Organism:Influenza	99.423	866	3	2	1	865	13	877	0.0	1570
58df1ccb-0eb5-417d-84e6-baea5be8e4e4	gb:HM370979|Organism:Influenza	97.929	869	8	7	1	863	13	877	0.0	1496
93e3722c-6a9f-4292-abbd-501e3c0c6afa	gb:HM370979|Organism:Influenza	99.539	867	2	2	1	867	13	877	0.0	1578
907f50d0-1de7-421d-9a61-28e3d68f6520	gb:HM370978|Organism:Influenza	93.197	1029	36	26	2	1011	1	1014	0.0	1482
85a74b8e-514e-4c2f-8a2f-13ffdca6e14d	gb:HM370966|Organism:Influenza	96.403	278	3	4	1	274	1939	2213	5.13e-126	451
2318e8a2-dede-4e6c-abe8-9f3b7df481d2	gb:HM370978|Organism:Influenza	98.115	1008	6	13	1	1001	1014	13	0.0	1744
5d9f11e2-8dad-4d0d-a446-16be6914594a	gb:HM370979|Organism:Influenza	96.449	873	7	18	1	857	877	13	0.0	1419
1f44b325-1678-4d4d-bbbb-ca74b7393f99	gb:HM370979|Organism:Influenza	92.775	872	29	23	18	867	872	13	0.0	1230
883796b3-8008-4d93-812a-50df13bfeece	gb:HM370978|Organism:Influenza	96.524	1007	20	14	1	997	13	1014	0.0	1652
f6ee91cc-3430-41f5-8b0e-d7fd70b5d042	gb:HM370966|Organism:Influenza	96.853	286	7	2	12	297	1937	2220	9.06e-134	477
428b9f86-6b1d-4f6c-97a4-304e18b9bfae	gb:HM370978|Organism:Influenza	95.549	1011	22	19	1	997	13	1014	0.0	1596
59838479-782e-48c9-a93e-550bad2f86cb	gb:HM370978|Organism:Influenza	96.259	989	21	13	7	985	19	1001	0.0	1607
61b7f806-f536-4791-818f-277630844749	gb:HM370979|Organism:Influenza	97.696	868	11	9	1	862	13	877	0.0	1483
05f04558-1bdd-4153-9c2c-171a07eb7416	gb:HM370978|Organism:Influenza	97.908	1004	7	9	1	992	13	1014	0.0	1725
e1cab2af-898b-4b67-a233-5bcaed96a34a	gb:HM370978|Organism:Influenza	99.204	1005	3	3	1	1003	1014	13	0.0	1807
1f1c78b3-afbf-46ca-896e-23437c1d15f8	gb:HM370979|Organism:Influenza	96.678	873	18	9	1	870	13	877	0.0	1441
07a4a478-62c1-4ea4-b2f0-fc10c6da90ad	gb:HM370978|Organism:Influenza	99.099	999	8	1	5	1002	1011	13	0.0	1794
2a6fe081-d2be-46dc-b1af-ac0b70f2746c	gb:HM370979|Organism:Influenza	97.471	870	15	6	1	868	877	13	0.0	1478
09393a60-c534-4874-9de5-b2f777e3e65a	gb:HM370978|Organism:Influenza	98.414	1009	7	7	1	1007	1014	13	0.0	1766
baf7dfa6-4f99-4f46-b7e4-bf027460ff10	gb:HM370966|Organism:Influenza	98.239	284	3	2	1	284	1939	2220	2.39e-139	496
374fcf77-b71e-4e5c-a72c-d9d213a5e187	gb:HM370978|Organism:Influenza	97.718	1008	13	9	1	1004	1014	13	0.0	1725
ef21a18f-2871-4676-9801-81aa82b0bef5	gb:HM370978|Organism:Influenza	91.902	1025	38	31	1	1003	1014	13	0.0	1391
b39a514e-4a89-498e-bc2c-38b474b34c93	gb:HM370978|Organism:Influenza	98.425	1016	8	5	2	1011	1	1014	0.0	1781
293fc98e-0437-4ddd-804b-4eca9e6894ff	gb:HM370978|Organism:Influenza	94.411	984	24	25	1	964	1014	42	0.0	1483
d902dddc-b4da-4567-9980-090c540df5ee	gb:HM370978|Organism:Influenza	97.693	997	8	11	5	993	1011	22	0.0	1700
e083a785-ca5b-42e3-832e-f1fdc3eaec71	gb:HM370966|Organism:Influenza	96.820	283	6	3	1	281	2220	1939	1.43e-131	470
8b36a0c6-f34c-4d7d-aa95-806d08aba003	gb:HM370978|Organism:Influenza	95.916	1004	25	13	10	1006	20	1014	0.0	1613
ad374e8e-ca7f-4d5d-8cf4-f76213797808	gb:HM370978|Organism:Influenza	98.708	1006	2	11	1	999	1014	13	0.0	1775
8031c7f8-95db-4c93-b981-ad8264f593cd	gb:HM370979|Organism:Influenza	97.353	869	9	10	1	859	13	877	0.0	1465
6fac0ddc-7215-499a-9fe9-1622e8b6bb71	gb:HM370979|Organism:Influenza	96.785	871	8	17	1	857	13	877	0.0	1435
4e570b21-64d5-4e24-9eb6-786d24edef4a	gb:HM370978|Organism:Influenza	94.789	1017	18	30	4	1003	1011	13	0.0	1552
18609eb4-e0ba-4ba7-a908-73228443321f	gb:HM370978|Organism:Influenza	94.439	1007	30	17	89	1073	1025	23	0.0	1526
d9a7fcae-a4c1-4027-8b94-abcdff936018	gb:HM370978|Organism:Influenza	96.650	1015	14	15	1	1008	13	1014	0.0	1668
bc8bdbbf-2212-4665-a18d-cf8e00e75372	gb:HM370979|Organism:Influenza	89.819	884	49	32	1	862	13	877	0.0	1096
be2d7c10-41c0-42a7-a207-2354bb3eb723	gb:HM370978|Organism:Influenza	94.356	1010	27	18	13	1009	22	1014	0.0	1522
7c42380e-4848-47c3-a9ed-547c3b8b920d	gb:HM370978|Organism:Influenza	98.302	1001	8	7	6	999	16	1014	0.0	1746
00bcf44e-6a1f-4803-90e0-0e7f52c7c3b1	gb:HM370979|Organism:Influenza	97.359	871	9	12	1	863	13	877	0.0	1469
6c25390c-7f13-491a-8706-7bc3f54eb755	gb:HM370962|Organism:Influenza	98.305	531	7	2	104	633	1441	912	0.0	929
98ebb414-5332-4e8d-9fa3-340cc0743074	gb:HM370978|Organism:Influenza	96.627	1008	11	18	1	991	1014	13	0.0	1652
016f39fc-7b0f-41bb-89cf-fb4265bf9a08	gb:HM370978|Organism:Influenza	95.747	1011	16	21	1	993	1014	13	0.0	1604
0352e890-902d-43b8-96c4-5824ab409cee	gb:HM370979|Organism:Influenza	97.838	370	5	3	1	368	877	509	0.0	636
17652f9f-649f-4605-aad7-56e76205858c	gb:HM370964|Organism:Influenza	95.227	880	19	16	1	864	877	5	0.0	1371
2fab8c7c-36a9-46ef-b845-6dde0170c7a9	gb:KX978116|Organism:Influenza	90.837	1004	74	12	1	988	1014	13	0.0	1328
3a346fae-266e-4241-95f0-d15bc35414ea	gb:HM370978|Organism:Influenza	93.848	1024	28	31	1	1011	13	1014	0.0	1509
7636ab7f-4715-44e7-a3a6-6edede92885f	gb:HM370979|Organism:Influenza	93.364	874	25	24	1	851	12	875	0.0	1262
0cd5665b-81f2-49b5-844e-7044dacaa067	gb:HM370978|Organism:Influenza	92.625	1017	32	31	1	989	1014	13	0.0	1423
29fe1184-72e3-461c-8059-ce6e9045cf7c	gb:HM370978|Organism:Influenza	97.324	1009	11	13	1	1000	13	1014	0.0	1700
af8fdee7-3b9a-40a6-97a0-0fa1bd3861eb	gb:HM370978|Organism:Influenza	97.913	1006	13	8	1	1002	1014	13	0.0	1735
7017d5b2-5b35-41ab-9b27-859f0cce4af0	gb:HM370978|Organism:Influenza	92.878	1011	34	32	5	989	1011	13	0.0	1434
aadd5641-98cc-4611-8c1d-6ec479259d44	gb:HM370978|Organism:Influenza	96.915	1005	13	11	1	990	13	1014	0.0	1668
19a9b692-a8a0-4cc3-a8f2-b05cb557abce	gb:HM370979|Organism:Influenza	90.160	874	42	32	1	839	13	877	0.0	1098
16f525e9-601a-4c65-b449-cc4571dc5b80	gb:HM370979|Organism:Influenza	98.961	866	5	3	1	863	877	13	0.0	1546
ceb76ac1-6ae7-4736-98ea-5af4465e0f03	gb:HM370978|Organism:Influenza	99.102	1002	4	5	1	997	1014	13	0.0	1796
a9ff903e-0150-4c42-b4a0-1ccf9bb1dac4	gb:HM370978|Organism:Influenza	96.158	1015	18	18	1	1007	13	1014	0.0	1639
45ebe711-e43c-428f-b179-f8f23979cbe8	gb:HM370979|Organism:Influenza	93.498	892	36	19	1	883	12	890	0.0	1306
79699a7c-24d2-4148-aa64-eb8cbadc4aa0	gb:HM370978|Organism:Influenza	96.716	1005	13	9	1	988	1014	13	0.0	1655
9a0cad0f-00d4-40bd-ba0a-dd63c2cbb67d	gb:HM370978|Organism:Influenza	97.811	1005	8	13	1	994	1014	13	0.0	1722
dc2f3080-e2f5-4c0a-a5d0-922e509fa8a5	gb:HM370979|Organism:Influenza	96.096	871	21	11	1	864	877	13	0.0	1408
71bd8a39-d943-438a-8d2a-5beac5a185b1	gb:HM370979|Organism:Influenza	97.793	861	8	9	3	856	869	13	0.0	1474
677d0114-1246-49e6-aa86-a0cae6d3bc33	gb:HM370979|Organism:Influenza	96.800	875	16	12	7	873	7	877	0.0	1450
c3ebfd7f-3b7f-4b57-a964-f8e045166fa6	gb:HM370978|Organism:Influenza	96.958	1019	15	13	7	1016	1024	13	0.0	1696
8a42d0cd-96db-4d0f-8046-72cec266a98b	gb:HM370978|Organism:Influenza	98.522	1015	5	9	6	1016	6	1014	0.0	1783
d6a07780-3202-478d-9756-ff8473cc9aab	gb:HM370979|Organism:Influenza	94.514	875	27	15	4	872	872	13	0.0	1330
9f6e2d31-7478-442b-9d35-8873888630e0	gb:HM370979|Organism:Influenza	92.661	872	30	25	5	853	873	13	0.0	1225
5db46abc-4bd1-4f90-a50a-4f9e0288c158	gb:HM370978|Organism:Influenza	96.425	1007	15	16	1	991	1014	13	0.0	1640
3f0e6831-ac3f-4c96-bce0-c598a6761d3f	gb:HM370978|Organism:Influenza	97.510	1004	13	10	1	994	13	1014	0.0	1705
bb2959c0-1efe-4663-a1f3-1e8c4a228849	gb:HM370978|Organism:Influenza	99.003	1003	7	3	1	1001	13	1014	0.0	1794
7b177339-7dfa-47bc-a868-4210ac734779	gb:HM370978|Organism:Influenza	99.005	1005	7	3	1	1005	1014	13	0.0	1797
8faf2708-88f0-4dfb-a848-52aa0b073616	gb:HM370979|Organism:Influenza	98.161	870	8	6	1	867	13	877	0.0	1511
cb7df1a0-7bd6-4ad4-a1ef-451a7b10700a	gb:HM370978|Organism:Influenza	96.135	1009	15	19	1	992	13	1014	0.0	1626
cd8793b4-8081-4d95-bcb7-c070b6430909	gb:HM370978|Organism:Influenza	97.041	1014	19	10	5	1011	5	1014	0.0	1696
0dc6b8a4-e3f4-42c2-9239-b476268d5c57	gb:HM370979|Organism:Influenza	96.663	869	14	13	1	858	13	877	0.0	1430
ff8f9dcb-c83b-490d-9905-a37bbe8ee0b2	gb:HM370964|Organism:Influenza	94.098	881	34	17	5	874	874	1	0.0	1323
61f55700-2686-447c-a078-568ddf060c3a	gb:HM370978|Organism:Influenza	96.697	999	21	11	9	1001	22	1014	0.0	1652
e18d3b9d-b35a-479b-b231-2336bed8afb9	gb:HM370966|Organism:Influenza	94.576	295	9	7	1	288	2233	1939	1.92e-125	449
2bb507c7-4a5b-4605-be7d-d9278b5f6325	gb:HM370978|Organism:Influenza	98.643	663	4	4	1	660	1014	354	0.0	1170
2bb507c7-4a5b-4605-be7d-d9278b5f6325	gb:HM370978|Organism:Influenza	93.333	285	4	7	655	931	290	13	4.02e-112	407
73c77872-f558-4498-ab47-6dd4e9587912	gb:HM370978|Organism:Influenza	97.714	1006	13	9	1	1000	13	1014	0.0	1722
5cad9d3b-ffe8-4f10-a989-6f10ede73717	gb:HM370979|Organism:Influenza	89.539	889	53	32	1	866	877	6	0.0	1090
b7dd08aa-8606-40d2-a89e-b0b344c203ca	gb:HM370979|Organism:Influenza	90.951	873	43	33	1	845	13	877	0.0	1142
ccd959bf-8256-4146-9e48-731095e7a389	gb:HM370978|Organism:Influenza	93.189	1013	37	28	1	992	13	1014	0.0	1459
8e1d59ee-9f2b-4a36-8070-480d0693f821	gb:HM370978|Organism:Influenza	97.112	1004	16	10	1	993	13	1014	0.0	1681
e0bde159-7cf6-4259-add5-e07a2b5d9505	gb:HM370979|Organism:Influenza	98.383	866	6	7	1	859	877	13	0.0	1515
53578792-603e-40ab-ad92-4210f3c1db3e	gb:HM370978|Organism:Influenza	94.872	1014	21	24	1	995	13	1014	0.0	1555
899084f8-0cf6-498c-9e1e-2ec179af01b3	gb:HM370979|Organism:Influenza	98.165	872	7	8	1	870	877	13	0.0	1513
4759f78d-74a1-43aa-83b9-ca8fe3f98c77	gb:HM370978|Organism:Influenza	96.131	1008	24	15	1	999	1014	13	0.0	1631
93092a62-323d-4d08-b1ce-b93dc80d9c6b	gb:HM370978|Organism:Influenza	95.347	1010	28	14	1	998	12	1014	0.0	1587
7636de2e-ba12-4548-a0e2-778f498ecb6f	gb:HM370979|Organism:Influenza	94.023	870	22	24	1	845	13	877	0.0	1291
da2a68c4-9e96-4e42-b4a5-2a6bd9fa16d9	gb:HM370978|Organism:Influenza	96.934	1011	20	6	1	1009	1014	13	0.0	1685
b7cac04e-e497-4804-bec6-486a807ff9d8	gb:HM370978|Organism:Influenza	96.925	1008	13	11	1	996	13	1014	0.0	1674
afc7f18e-40c8-4e6d-8bda-8bf4b87b34ad	gb:HM370979|Organism:Influenza	88.578	893	52	42	86	944	1	877	0.0	1038
9524bfa1-de2d-41a4-8c02-826fa9fdcf2b	gb:HM370978|Organism:Influenza	97.408	1003	16	10	1	994	13	1014	0.0	1700
3d65cc78-9f1b-4924-b3cf-85abdf208720	gb:HM370978|Organism:Influenza	96.139	1010	20	16	1	999	13	1014	0.0	1631
9638a265-dbc5-4b24-830b-633bb1b6ad96	gb:HM370978|Organism:Influenza	95.163	1013	19	27	1	994	13	1014	0.0	1572
384c67c3-d5e3-47c2-a0a7-027d2a270f02	gb:HM370979|Organism:Influenza	95.330	878	9	20	1	859	877	13	0.0	1365
4292f32d-ca48-434b-9fdf-e741dc463fb8	gb:HM370978|Organism:Influenza	98.374	123	2	0	92	214	1023	901	1.54e-55	217
a9b36f66-e6cb-40ac-b2de-414d4b8d1e3a	gb:HM370979|Organism:Influenza	93.908	870	29	22	1	851	13	877	0.0	1291
cbb9a11c-1b20-43da-bb1e-8d3826480650	gb:HM370978|Organism:Influenza	91.865	1008	38	28	6	991	1022	37	0.0	1367
126290bf-d384-4a45-86b3-dc771632a5ad	gb:HM370978|Organism:Influenza	90.900	1033	43	38	2	1002	1	1014	0.0	1339
12904265-032e-438d-a148-d9ef2cf4c02f	gb:HM370978|Organism:Influenza	94.246	1008	29	26	4	993	1009	13	0.0	1513
13063b00-9522-44bc-b559-a72fadea5715	gb:HM370978|Organism:Influenza	95.652	1012	21	20	1	999	13	1014	0.0	1604
fb908a7f-05ea-41f7-a8bd-4f2c5884c809	gb:HM370979|Organism:Influenza	96.600	853	12	10	4	848	872	29	0.0	1399
7fd1a7db-c6cd-4f56-a14c-bd50eedcc642	gb:HM370978|Organism:Influenza	99.403	1005	1	5	1	1003	13	1014	0.0	1818
aa5e13b3-fc23-4b9a-919e-a5a253c52826	gb:HM370978|Organism:Influenza	99.205	1006	2	6	1	1004	1014	13	0.0	1808
767da419-cda6-4145-8054-159325985844	gb:HM370978|Organism:Influenza	96.850	1016	6	17	1	1004	1014	13	0.0	1676
e6bceb76-d320-41c9-b1fd-361de42aa4d6	gb:HM370979|Organism:Influenza	93.394	878	28	25	1	861	13	877	0.0	1273
f281ae48-0856-490c-96b5-f37f9e8a4aed	gb:HM370979|Organism:Influenza	98.297	881	8	6	106	985	887	13	0.0	1537
9bbf54e8-f713-4014-a408-e35711f45d09	gb:JN683632|Organism:Influenza	93.756	1009	32	25	1	985	1014	13	0.0	1485
38c782a1-0d54-442e-93df-0ca2e7d8720e	gb:HM370978|Organism:Influenza	93.542	1022	28	29	1	1004	13	1014	0.0	1487
50bc5616-e7ef-4627-80e0-0880b2e10701	gb:HM370978|Organism:Influenza	93.182	1012	42	24	1	995	13	1014	0.0	1461
42efb34a-2973-4639-8136-aeb400ad56b7	gb:KX232488|Organism:Influenza	95.721	1005	22	14	10	1002	19	1014	0.0	1598
8ca53bd1-f302-4c1d-8262-a8bf3e91e6ba	gb:HM370978|Organism:Influenza	96.146	1012	20	16	1	1003	13	1014	0.0	1635
0b15ee61-d859-449f-88a4-0ac9bf36736a	gb:HM370979|Organism:Influenza	94.610	872	19	19	1	851	877	13	0.0	1325
c66457fe-3e63-4947-ab9f-c3ae84dbb904	gb:HM370979|Organism:Influenza	93.107	885	29	25	1	873	877	13	0.0	1267
41472239-d38f-45df-9d3c-bd79ba42c60a	gb:HM370978|Organism:Influenza	94.002	1017	27	25	1	998	13	1014	0.0	1509
928677a9-d288-412a-91fd-292c7290280c	gb:HM370978|Organism:Influenza	96.510	1003	23	11	4	1000	18	1014	0.0	1648
0593f4fc-7761-4345-aac0-26b543cb35f1	gb:HM370979|Organism:Influenza	96.339	874	14	16	1	865	877	13	0.0	1421
94b1e275-044b-4ddc-9518-5322ebb84884	gb:HM370978|Organism:Influenza	95.400	1000	18	22	5	979	18	1014	0.0	1567
587c3898-1cfc-40e3-8057-58a62a4f73c6	gb:HM370978|Organism:Influenza	96.536	664	15	6	1	659	1014	354	0.0	1092
587c3898-1cfc-40e3-8057-58a62a4f73c6	gb:HM370978|Organism:Influenza	98.208	279	1	3	654	929	290	13	1.80e-135	484
37edbeec-4f6e-46aa-9562-95e146ecac5e	gb:HM370979|Organism:Influenza	96.445	872	17	11	1	864	12	877	0.0	1426
ab0a6896-e586-40dd-8bb5-4e1345ce0fd9	gb:HM370979|Organism:Influenza	92.977	897	22	26	1	875	890	13	0.0	1269
392cb38d-6e09-456b-8262-743be5c9f3d0	gb:HM370978|Organism:Influenza	96.797	999	19	9	1	990	1014	20	0.0	1655
0d853c48-5d31-4163-b90d-63fc4c3d5771	gb:HM370978|Organism:Influenza	97.512	1005	14	10	1	997	13	1014	0.0	1707
80647dd3-ecd9-4585-b2fe-15141b51300e	gb:HM370978|Organism:Influenza	98.102	1001	6	10	6	995	1011	13	0.0	1731
f02db516-2dc9-46a9-8954-1f8f065531f2	gb:HM370978|Organism:Influenza	97.714	1006	9	10	1	996	13	1014	0.0	1718
248ecea9-036d-421e-b689-dd74e954fcec	gb:HM370978|Organism:Influenza	96.610	1003	14	12	1	987	1014	16	0.0	1646
f64a8e1d-0657-40d9-ad3f-72452e67581e	gb:HM370978|Organism:Influenza	98.315	1009	9	7	1	1008	1014	13	0.0	1762
8c16637c-7546-4e58-b23e-6763ee383463	gb:HM370978|Organism:Influenza	97.515	1006	13	11	1	998	13	1014	0.0	1709
d49b3829-89e4-4e07-b39d-cad61c7c047a	gb:HM370978|Organism:Influenza	98.804	1003	3	7	1	995	1014	13	0.0	1777
b2bcf133-08e8-4212-88bc-ae482fbc386e	gb:HM370978|Organism:Influenza	98.305	1003	13	4	1	1000	1014	13	0.0	1755
867be3a3-9788-48d8-8c9f-b3fa919df415	gb:HM370979|Organism:Influenza	97.126	870	15	8	1	865	13	877	0.0	1459
036651cb-20f4-4c87-bdae-97ec847f283b	gb:HM370979|Organism:Influenza	94.273	873	27	17	1	858	13	877	0.0	1314
33f55970-f02a-4a3d-bcdf-cc7b6fa8b750	gb:HM370978|Organism:Influenza	98.802	1002	5	6	1	995	1014	13	0.0	1777
a861e225-bdfd-4c88-8b0d-0d145c4c1e92	gb:HM370979|Organism:Influenza	95.200	875	21	16	1	864	877	13	0.0	1363
ae092c53-a3c8-458e-8112-6a52f1c26ae9	gb:HM370978|Organism:Influenza	97.537	1015	8	15	1	1011	1014	13	0.0	1720
46b0c16d-8cff-4fbe-be00-d165cc813228	gb:HM370978|Organism:Influenza	97.123	1008	16	9	1	1001	1014	13	0.0	1688
8e66dab8-8023-4ca8-8dba-8ca039511f35	gb:HM370978|Organism:Influenza	94.263	1011	32	22	1	994	13	1014	0.0	1522
61b454e8-2030-48fc-bbd2-7a193b519ad4	gb:HM370978|Organism:Influenza	98.908	1007	4	5	1	1005	13	1014	0.0	1792
ad808503-8286-4e01-98d8-8fdde2520770	gb:HM370978|Organism:Influenza	92.210	1027	36	31	1	1001	13	1021	0.0	1413
a514e02b-e8d2-4693-b8fc-2bbcc4de79fe	gb:HM370979|Organism:Influenza	91.260	881	41	30	1	857	13	881	0.0	1168
328842fe-4ee2-45b0-90e1-4294c5f57ad2	gb:HM370978|Organism:Influenza	93.229	1019	28	36	1	995	13	1014	0.0	1461
2398df3e-65b8-4029-ab5b-9a2923faa4f2	gb:HM370977|Organism:Influenza	100.000	241	0	0	1	241	13	253	2.70e-124	446
2398df3e-65b8-4029-ab5b-9a2923faa4f2	gb:HM370977|Organism:Influenza	100.000	75	0	0	238	312	1371	1445	5.13e-32	139
81c2a7b6-0567-4ee1-b071-0a36bfa96deb	gb:HM370978|Organism:Influenza	98.704	1003	10	3	1	1001	1014	13	0.0	1777
4f5eeecb-1e44-4c38-8287-fae36f7cc113	gb:HM370978|Organism:Influenza	95.168	1014	21	20	1	998	13	1014	0.0	1576
bb37ac2b-0150-4085-aab4-b7fdd3fd4560	gb:HM370978|Organism:Influenza	99.304	1006	2	4	1	1005	1014	13	0.0	1814
e26b75f2-47a4-431a-864e-304d4c051cef	gb:HM370978|Organism:Influenza	97.910	1005	10	9	1	997	1014	13	0.0	1729
9da453f7-459b-4804-8451-de270c5931db	gb:HM370979|Organism:Influenza	94.253	870	32	16	5	864	874	13	0.0	1314
37652de4-4c2f-4652-9ea4-ef64330005f8	gb:HM370978|Organism:Influenza	94.887	1017	25	23	1	1005	13	1014	0.0	1565
5b663eb9-2741-4ec6-913a-f3c6f820c899	gb:HM370979|Organism:Influenza	97.018	872	11	13	1	864	13	877	0.0	1452
3e839e81-919a-44ff-b135-4e3abb66ec52	gb:HM370978|Organism:Influenza	98.310	1006	9	8	1	1002	13	1014	0.0	1757
c949fcc4-b023-434c-beaa-bf37119fee45	gb:HM370978|Organism:Influenza	98.307	1004	6	8	1	995	1014	13	0.0	1749
8b4d1194-7b98-47d5-a7c9-5561035fbd45	gb:HM370978|Organism:Influenza	97.114	1005	12	11	1	991	13	1014	0.0	1679
7d4837b2-c9d8-4e00-9db6-d46d02761a60	gb:HM370979|Organism:Influenza	97.924	867	11	6	1	862	13	877	0.0	1495
b66f7545-b317-43e9-b839-7e9b18698e12	gb:HM370978|Organism:Influenza	95.531	1007	18	23	5	995	1008	13	0.0	1585
5bdaad59-0b5a-47e9-8abc-72acf550afd3	gb:HM370978|Organism:Influenza	95.365	1014	18	20	1	997	1014	13	0.0	1585
ff351687-a46b-4214-9d1b-65e7162940a7	gb:HM370979|Organism:Influenza	93.107	885	31	26	1	875	877	13	0.0	1269
576f9b3f-c31c-4654-a39d-518da35942ae	gb:HM370978|Organism:Influenza	97.811	1005	13	8	1	999	13	1014	0.0	1725
870b9792-ae7e-46af-a2e6-b9374f10f3b6	gb:HM370978|Organism:Influenza	98.327	1016	9	6	4	1015	1024	13	0.0	1775
45a7bbad-484e-473b-add5-72c80b4aac6c	gb:HM370979|Organism:Influenza	97.159	880	9	10	1	875	12	880	0.0	1472
b3dfaca3-9103-4b63-ae2c-0ef27b7b79dd	gb:HM370979|Organism:Influenza	95.672	878	19	16	1	872	877	13	0.0	1393
5a7e8dd3-aa84-436e-a149-39574f8eeb74	gb:HM370978|Organism:Influenza	95.266	676	20	12	1	666	1027	354	0.0	1061
5a7e8dd3-aa84-436e-a149-39574f8eeb74	gb:HM370978|Organism:Influenza	92.883	281	9	11	661	933	290	13	2.43e-109	398
3994d603-fc93-4ab5-89a5-19f850f0ed07	gb:HM370978|Organism:Influenza	97.408	1003	12	11	1	993	1014	16	0.0	1696
130ec05e-f0c4-4fb9-9553-3bb7da1b7c52	gb:HM370978|Organism:Influenza	98.807	1006	3	8	1	1001	13	1014	0.0	1783
54f47ed0-5ed5-4eeb-a36e-cc9ace1d3051	gb:HM370979|Organism:Influenza	98.621	870	4	7	1	867	877	13	0.0	1533
4f8c81cc-1d6b-4fc9-9e2b-1a27331150f1	gb:HM370978|Organism:Influenza	95.957	1014	19	18	1	1004	13	1014	0.0	1626
2c050b79-6189-438b-aff1-5ee7209e3d25	gb:HM370978|Organism:Influenza	98.806	1005	6	5	1	1002	1014	13	0.0	1784
b11b75eb-538c-446d-90f1-1b153e7a453c	gb:HM370979|Organism:Influenza	96.815	879	10	13	2	864	889	13	0.0	1452
7c89be8f-130e-455d-8c5d-835cc7e0376a	gb:HM370978|Organism:Influenza	97.917	1008	6	10	1	999	1014	13	0.0	1731
c61323c1-8b61-4704-a835-0c017190a301	gb:HM370978|Organism:Influenza	97.628	1012	10	13	1	1008	1014	13	0.0	1724
325f05df-4087-4271-a5b0-1f9c8c583b86	gb:HM370979|Organism:Influenza	96.326	871	11	13	1	855	12	877	0.0	1411
c1956e48-4462-4a0c-b561-c8ea8629a3b4	gb:HM370979|Organism:Influenza	97.235	868	13	11	1	860	877	13	0.0	1459
0b122b9d-89b2-4f91-9351-b0f412f200d6	gb:HM370979|Organism:Influenza	95.533	873	24	12	1	866	877	13	0.0	1382
4c41db50-2ad1-4ca6-ae41-93a6651cfee4	gb:HM370978|Organism:Influenza	96.234	1009	21	16	1	999	13	1014	0.0	1637
ef10b58b-1198-4c7b-9654-266a42d7af54	gb:HM370978|Organism:Influenza	96.414	1004	8	19	1	978	13	1014	0.0	1629
ee5cdcf3-77ed-4ebb-bba9-54442bdb11dc	gb:HM370978|Organism:Influenza	98.213	1007	10	6	1	1004	1014	13	0.0	1753
2751d064-c5c2-4c92-868f-3a936efc485e	gb:HM370978|Organism:Influenza	97.612	1005	10	9	1	994	13	1014	0.0	1711
e06de166-1ca3-4a7c-8c67-9657676438b4	gb:HM370979|Organism:Influenza	97.619	882	9	10	1	879	13	885	0.0	1502
778e73c9-5f60-4179-a3da-3b593e289eb6	gb:HM370978|Organism:Influenza	97.208	1003	13	10	1	989	1014	13	0.0	1683
1bf9146c-7bdd-4a33-96d4-046f6480ac3e	gb:HM370978|Organism:Influenza	96.644	1013	13	19	1	1003	13	1014	0.0	1663
08d0e421-45cc-443c-b82e-89343c2c0ed7	gb:HM370978|Organism:Influenza	91.675	1021	35	40	1	990	1014	13	0.0	1369
09b1ae06-b232-4d35-9b12-231e9f59e088	gb:HM370978|Organism:Influenza	93.558	1009	30	27	1	981	13	1014	0.0	1471
5e71d660-c198-48fa-8b8e-aa70e6ed5aab	gb:HM370978|Organism:Influenza	97.219	1007	12	14	1	996	1014	13	0.0	1690
da1ddae7-308d-43a8-b4d4-ea4da3d58b86	gb:HM370978|Organism:Influenza	99.003	1003	4	5	1	998	1014	13	0.0	1792
f5ebc7c5-a772-419e-b1aa-a664bffee38d	gb:JN683632|Organism:Influenza	95.656	1013	22	20	1	1002	1014	13	0.0	1607
ac7448ac-5ca3-4b1f-8ee2-5b969cb924a2	gb:HM370966|Organism:Influenza	96.864	287	4	3	1	287	2220	1939	3.15e-133	475
7c96b4d7-b155-4b04-840d-378cce536b54	gb:HM370979|Organism:Influenza	90.992	877	42	29	1	852	13	877	0.0	1147
e45a566c-bed5-48cc-9b57-b360dc00dc5b	gb:HM370979|Organism:Influenza	95.578	882	21	14	91	960	2	877	0.0	1397
9b889057-17dc-432f-bc18-31382d160330	gb:HM370978|Organism:Influenza	94.411	1002	26	25	1	988	1014	29	0.0	1513
a7519877-5618-4a93-9ffc-ae715cd35528	gb:HM370978|Organism:Influenza	95.825	1006	13	20	6	989	1011	13	0.0	1598
64f38b9c-4137-4d98-9c6b-b46b064f8cd9	gb:KX232513|Organism:Influenza	92.792	874	41	20	1	861	865	1	0.0	1245
180453a9-9485-434d-8715-a67622e1a0f0	gb:HM370977|Organism:Influenza	97.723	527	6	6	1	523	1445	921	0.0	902
06e0ce02-e6ad-4c02-8b78-c480bc47d5a3	gb:HM370979|Organism:Influenza	99.070	860	6	2	4	861	872	13	0.0	1543
4ad3dfd5-30a8-4639-9d24-f254a04fb954	gb:HM370978|Organism:Influenza	98.905	1005	4	6	1	1001	13	1014	0.0	1788
7501f602-7289-47ad-9216-52a249f67ee0	gb:HM370978|Organism:Influenza	96.850	1016	17	10	100	1104	1024	13	0.0	1685
a838d655-f2db-4e73-ba03-8ad066c426cd	gb:HM370979|Organism:Influenza	96.326	871	13	14	1	858	13	877	0.0	1413
a2a47cd3-010d-40bf-9eaf-1df93603b75d	gb:HM370978|Organism:Influenza	96.545	1013	14	18	1	1003	1014	13	0.0	1657
8a9cd8f4-b3e8-4211-8818-65c8b719539d	gb:HM370978|Organism:Influenza	96.230	1008	9	17	1	985	13	1014	0.0	1624
50caad4b-5cd6-439b-8b53-d6cacdf7d606	gb:HM370978|Organism:Influenza	96.230	1008	23	12	1	999	13	1014	0.0	1637
45fe380a-42e2-4f9c-841e-ffc5ef3d952c	gb:HM370978|Organism:Influenza	90.837	1015	21	37	1	956	1014	13	0.0	1293
18f733a9-966b-47a9-861d-d8f7e0152832	gb:HM370979|Organism:Influenza	97.143	875	7	12	1	867	13	877	0.0	1461
cf2a01f1-6080-49e0-9592-1d879ea9a906	gb:HM370966|Organism:Influenza	94.700	283	12	3	1	281	1939	2220	1.45e-121	436
8d2c32a5-5cc7-48e6-ad1b-5214b485efcd	gb:HM370979|Organism:Influenza	96.437	870	12	15	1	856	877	13	0.0	1417
44d3ecf8-0f4e-49cd-a487-7814eae21aa3	gb:JN683632|Organism:Influenza	93.491	1014	30	25	7	998	21	1020	0.0	1474
074dce51-2cee-4f86-adb9-906c69a25e08	gb:HM370978|Organism:Influenza	95.549	1011	22	19	3	1000	14	1014	0.0	1596
a6debbe6-804b-4043-808e-13c58d0937de	gb:HM370979|Organism:Influenza	96.770	867	17	8	1	860	13	875	0.0	1435
74b2f536-cdeb-46d6-8718-ed6caa3b7e68	gb:HM370978|Organism:Influenza	95.459	1013	18	20	1	996	1014	13	0.0	1591
b3c03343-fa91-404d-8942-1652ebdd8961	gb:HM370979|Organism:Influenza	92.881	885	28	22	1	870	877	13	0.0	1253
a6df97cc-a168-4feb-9b5d-dc1838b3ce21	gb:HM370978|Organism:Influenza	96.176	1020	17	17	109	1116	1022	13	0.0	1648
135f6858-29aa-4adb-8aad-4f186408c239	gb:KJ889434|Organism:Influenza	84.819	1021	114	38	2	991	1	1011	0.0	989
8ba58067-aab7-4474-934c-5095b9e39f65	gb:HM370978|Organism:Influenza	99.006	1006	3	6	1	1003	13	1014	0.0	1796
5890c785-fa97-4128-aefb-d9203c0b7b9b	gb:HM370978|Organism:Influenza	97.707	1003	8	10	1	989	1014	13	0.0	1711
dd612087-394e-46a9-9a2b-c6bffd9160d9	gb:HM370978|Organism:Influenza	98.014	1007	10	9	1	1002	1014	13	0.0	1740
6bc7d209-2934-44c3-bad5-efa95c6424ae	gb:HM370972|Organism:Influenza	95.690	116	2	3	1	114	2328	2214	7.36e-46	183
777534bd-05d0-4179-bef2-134ad6e30802	gb:HM370978|Organism:Influenza	97.813	1006	7	8	1	995	13	1014	0.0	1722
827465c1-fb45-4269-91d8-8977f96b85be	gb:HM370978|Organism:Influenza	98.190	663	6	4	1	659	1014	354	0.0	1153
827465c1-fb45-4269-91d8-8977f96b85be	gb:HM370978|Organism:Influenza	98.577	281	0	4	654	933	290	13	3.01e-138	494
5857e2b6-ff79-4d4e-beaf-6eb2b4296015	gb:HM370979|Organism:Influenza	97.843	881	11	7	2	878	1	877	0.0	1515
ebe6015c-74e5-4150-bbb5-442a8c7fa347	gb:HM370978|Organism:Influenza	89.526	1012	54	42	1	986	1014	29	0.0	1234
e36f537a-0961-42bf-be55-e1ce7f05c640	gb:HM370979|Organism:Influenza	98.734	869	4	5	1	866	877	13	0.0	1537
7ec2ac79-0638-45f3-bc50-bc4268cf3b25	gb:HM370978|Organism:Influenza	98.006	1003	7	10	1	991	13	1014	0.0	1729
c2b19786-da2e-4aad-a0ea-468ca8715ccf	gb:HM370978|Organism:Influenza	99.601	1002	3	1	1	1001	1014	13	0.0	1827
a2ec1011-582c-417b-a8dd-30a971957d81	gb:HM370979|Organism:Influenza	93.303	866	36	19	9	859	19	877	0.0	1258
cd127779-5cc6-42a6-8452-827f17c338bb	gb:HM370972|Organism:Influenza	98.969	291	3	0	5	295	2038	2328	4.12e-147	521
4b54e6d7-4af2-40f3-923d-94464c23b97a	gb:HM370978|Organism:Influenza	98.706	1005	3	9	1	998	13	1014	0.0	1775
12cbafb1-593e-4620-b133-3c4404e4a38c	gb:HM370972|Organism:Influenza	95.172	290	6	5	1	284	2328	2041	5.42e-126	451
85be7555-85fc-4139-911f-3d01c992b36c	gb:HM370978|Organism:Influenza	95.605	1024	20	20	4	1019	16	1022	0.0	1618
0b7032fa-184c-4af2-92a3-bd9e2ed7acf4	gb:HM370978|Organism:Influenza	95.850	1012	19	21	1	999	1014	13	0.0	1615
45626c3f-695d-4b06-84e8-a8c162c8c473	gb:HM370979|Organism:Influenza	99.076	866	6	2	1	865	877	13	0.0	1554
82355aed-1ba4-4aa6-929b-823c5da6ae58	gb:HM370978|Organism:Influenza	96.047	1012	21	14	1	1003	13	1014	0.0	1629
3f1a9511-544b-4ec0-a440-f5ee1143e0c5	gb:HM370978|Organism:Influenza	98.119	1010	6	11	1	1005	1014	13	0.0	1748
b593cd8d-e4d9-4ee7-8db0-c515e823ee84	gb:HM370978|Organism:Influenza	99.005	1005	4	6	1	1002	1014	13	0.0	1796
0e5db7d6-c33e-4cbe-a24a-09ac5f4016ad	gb:HM370978|Organism:Influenza	97.892	996	11	7	9	997	22	1014	0.0	1714
79125f53-b8dd-4c91-83c7-6f88c90740a0	gb:HM370979|Organism:Influenza	96.260	615	11	11	2	607	1	612	0.0	998
79125f53-b8dd-4c91-83c7-6f88c90740a0	gb:HM370979|Organism:Influenza	86.930	329	14	15	847	1148	339	13	1.43e-92	342
79125f53-b8dd-4c91-83c7-6f88c90740a0	gb:HM370979|Organism:Influenza	86.667	150	14	6	654	800	563	417	4.29e-38	161
ec742c47-ed58-42bf-90dd-aeb28b25b709	gb:HM370977|Organism:Influenza	92.531	241	4	6	71	297	253	13	2.08e-90	333
ec742c47-ed58-42bf-90dd-aeb28b25b709	gb:HM370977|Organism:Influenza	96.000	75	2	1	1	74	1445	1371	1.76e-26	121
09a4af83-1d6d-4da0-ab17-b3ecfa8c303f	gb:HM370978|Organism:Influenza	96.260	1016	15	20	11	1015	11	1014	0.0	1644
dfe086ab-2820-4faa-ae6f-1dae893522f7	gb:HM370978|Organism:Influenza	99.204	1005	5	2	1	1005	1014	13	0.0	1808
0cfb29b7-f93f-441c-8208-e363bc788d89	gb:HM370978|Organism:Influenza	98.313	1008	10	7	1	1007	13	1014	0.0	1760
f3cce597-204d-4dae-a152-5f75c40bd913	gb:HM370978|Organism:Influenza	98.115	1008	7	9	1	1002	13	1014	0.0	1746
d9470a25-e9f0-4b5e-bff9-b1a82eab41e9	gb:HM370979|Organism:Influenza	93.556	869	30	23	1	847	877	13	0.0	1271
e27405e0-6746-41f6-9239-15b65b7d8e4f	gb:HM370979|Organism:Influenza	94.495	872	25	15	1	861	13	872	0.0	1323
f8541dad-bb79-48bc-b54b-ba92967a43da	gb:HM370966|Organism:Influenza	96.127	284	6	5	1	281	2220	1939	3.10e-128	459
362fe1d8-5d74-46b4-a3bf-33d91577c641	gb:HM370978|Organism:Influenza	97.809	1004	4	16	1	988	13	1014	0.0	1716
422d632b-abf9-4fa2-b57f-1e6aac07c27a	gb:HM370978|Organism:Influenza	97.525	1010	8	14	1	1001	1014	13	0.0	1711
8aa9fdf8-f1e0-4cfb-8063-aeca6ddf0455	gb:HM370979|Organism:Influenza	97.344	866	13	9	1	857	13	877	0.0	1463
bbc2e043-dfd7-41fd-b20a-425eb81a487d	gb:HM370978|Organism:Influenza	93.510	1017	31	24	1	997	1014	13	0.0	1480
22641efb-e347-489d-aa37-c7ed56014746	gb:HM370978|Organism:Influenza	97.421	1008	9	11	1	997	13	1014	0.0	1701
ffbc6988-6587-48ac-a55f-b5c0a030f249	gb:HM370966|Organism:Influenza	90.941	287	10	12	1	276	2220	1939	4.08e-102	372
7f21183a-6b29-4320-ad05-af121fce6b98	gb:HM370978|Organism:Influenza	99.502	1005	0	4	1	1003	1014	13	0.0	1823
e586750f-e960-46a4-bc3c-584b80c91999	gb:HM370978|Organism:Influenza	95.789	665	13	10	271	924	354	1014	0.0	1059
e586750f-e960-46a4-bc3c-584b80c91999	gb:HM370978|Organism:Influenza	90.975	277	13	9	7	276	19	290	8.76e-99	363
b450f9d3-55f0-462f-975c-b9ee2dcd783f	gb:HM370979|Organism:Influenza	97.907	860	5	12	4	852	870	13	0.0	1476
eb472402-4b8e-4f21-99e3-84432f208560	gb:HM370978|Organism:Influenza	95.124	1005	21	15	1	985	13	1009	0.0	1559
d620e408-7736-4341-b63a-1c9267aceff7	gb:HM370978|Organism:Influenza	96.800	1000	15	15	8	994	19	1014	0.0	1653
ee96b952-16b2-4e21-81d2-10c116e71ca0	gb:HM370978|Organism:Influenza	98.213	1007	10	8	1	1004	1014	13	0.0	1753
8fe95617-3ee7-4159-947d-801cd3d41cda	gb:HM370972|Organism:Influenza	93.706	286	13	5	1	284	2046	2328	1.15e-117	424
865fdf57-e81b-4d82-ae67-f1261e81c172	gb:HM370978|Organism:Influenza	99.138	116	0	1	1	116	1014	900	4.46e-53	207
4c5db074-edb9-4001-ab4a-63af871913c8	gb:HM370978|Organism:Influenza	97.590	996	9	12	11	998	1001	13	0.0	1692
454faad9-faeb-4b14-beab-ed0faf9d9885	gb:HM370978|Organism:Influenza	97.353	1020	16	8	90	1104	1	1014	0.0	1724
8b040523-898a-4ff1-8b0a-836dc5894f3d	gb:HM370979|Organism:Influenza	88.369	877	42	46	1	829	13	877	0.0	1000
94131c93-ce90-4ad9-a2c9-023603f4cd23	gb:HM370978|Organism:Influenza	90.741	1026	40	42	6	992	5	1014	0.0	1317
fb04c92b-4c24-4918-b5de-2b4676c8d9a3	gb:HM370979|Organism:Influenza	94.731	873	19	19	1	854	13	877	0.0	1332
790dc1a3-5d29-48f0-b984-9702b27d6207	gb:HM370978|Organism:Influenza	95.084	1017	22	23	1	1004	1014	13	0.0	1576
ba0bb6cc-d646-476a-94b3-2342f7f976ac	gb:HM370978|Organism:Influenza	96.872	1023	18	11	2	1019	1	1014	0.0	1700
a7f68e66-48b0-405c-b2bb-95da81b4dd15	gb:HM370979|Organism:Influenza	97.581	868	9	9	1	859	13	877	0.0	1476
290dfc53-9a24-487b-b05d-62029142e773	gb:HM370978|Organism:Influenza	96.736	1011	16	14	1	1003	1014	13	0.0	1668
02f217b4-4ff3-4afd-b288-bfdd738f5621	gb:HM370978|Organism:Influenza	95.423	1005	16	22	1	978	13	1014	0.0	1574
88fdac54-3e75-458a-aa7a-ebe54a862195	gb:HM370979|Organism:Influenza	95.857	869	16	16	1	853	13	877	0.0	1387
ba4cebe5-5529-4307-8fbf-a385fc58ab43	gb:HM370978|Organism:Influenza	96.055	1014	18	14	1	1004	13	1014	0.0	1631
376b7a35-42de-4a64-9dbd-4dd757f5fbac	gb:HM370978|Organism:Influenza	98.943	662	4	2	1	660	1014	354	0.0	1181
376b7a35-42de-4a64-9dbd-4dd757f5fbac	gb:HM370978|Organism:Influenza	98.921	278	1	2	655	930	290	13	8.33e-139	496
146082f3-2ddf-49e5-959f-fe6fc0c2927d	gb:HM370978|Organism:Influenza	96.562	960	8	22	1	944	1014	64	0.0	1567
ee8b6a52-5a7d-4bca-9250-de1a9bbe6984	gb:HM370979|Organism:Influenza	98.383	866	8	6	1	861	877	13	0.0	1517
3d2bdcee-3e40-49be-8146-804a8288a6a2	gb:HM370978|Organism:Influenza	92.871	1010	30	33	1	976	13	1014	0.0	1428
6f84121a-17fa-4151-b55c-63b4b1d46c61	gb:HM370978|Organism:Influenza	95.842	1010	28	7	1	1004	1014	13	0.0	1620
5a940d1d-e6d1-42ec-a32f-37fc78a09c3d	gb:HM370962|Organism:Influenza	92.667	300	8	10	8	299	907	1200	1.81e-116	420
443095f9-9d83-411b-957f-aeeb28677d4e	gb:MH546999|Organism:Influenza	91.867	873	45	20	5	862	862	1	0.0	1195
57cfcd42-5647-4838-996b-68947d925ad8	gb:HM370979|Organism:Influenza	92.431	872	42	22	1	855	13	877	0.0	1223
d8bcf529-b892-40c2-9b0d-aeabfcfc2559	gb:HM370979|Organism:Influenza	97.693	867	13	6	1	862	13	877	0.0	1483
d14922c5-431b-4546-81b2-ad9a3dca703a	gb:HM370978|Organism:Influenza	95.866	1016	15	24	1	999	13	1018	0.0	1618
27360ce1-00b0-4fdd-954b-3ebb52df8c55	gb:HM370978|Organism:Influenza	97.705	1002	6	11	1	985	1014	13	0.0	1707
f9b84c38-b2ee-49bb-a036-c9d209062a1b	gb:HM370979|Organism:Influenza	96.548	869	10	15	5	862	872	13	0.0	1421
62345635-8bcf-4b8f-a361-b035cf648542	gb:HM370964|Organism:Influenza	90.493	852	31	38	1	813	877	37	0.0	1079
e022e67f-081c-4072-9e57-b3055b84bdca	gb:HM370978|Organism:Influenza	90.819	1013	46	37	1	977	1014	13	0.0	1312
4168d99d-700b-4a65-ad82-74c24b537db6	gb:HM370977|Organism:Influenza	97.521	242	1	5	72	309	253	13	3.50e-113	409
4168d99d-700b-4a65-ad82-74c24b537db6	gb:HM370977|Organism:Influenza	100.000	75	0	0	1	75	1445	1371	5.07e-32	139
ad7393a1-eb37-45cf-a769-3c916b6081bb	gb:HM370979|Organism:Influenza	97.592	872	8	9	1	865	13	878	0.0	1482
30d9edf8-11d3-474d-b412-0e00dcd65fba	gb:HM370979|Organism:Influenza	99.086	875	4	3	1	873	13	885	0.0	1568
4e367723-2477-4669-b6b1-40fa20620925	gb:HM370978|Organism:Influenza	99.102	1002	6	3	1	999	13	1014	0.0	1797
b5e7eb25-6dd9-4d4c-925b-6623d86ebe5e	gb:HM370978|Organism:Influenza	96.746	1014	21	11	1	1006	1014	5	0.0	1679
f720b9f5-7974-4768-a240-7d12cd020077	gb:HM370978|Organism:Influenza	97.904	1002	10	6	1	991	1014	13	0.0	1724
61670b33-14f5-4155-9c7d-99fe81700341	gb:HM370978|Organism:Influenza	98.187	662	4	4	272	926	354	1014	0.0	1149
61670b33-14f5-4155-9c7d-99fe81700341	gb:HM370978|Organism:Influenza	97.849	279	3	3	1	277	13	290	8.36e-134	479
70654c42-28c1-4008-b1b9-021ce77647b9	gb:HM370979|Organism:Influenza	97.468	869	11	9	1	862	13	877	0.0	1472
3b2dbc17-8397-49f2-8b85-e50d59b2e173	gb:HM370979|Organism:Influenza	98.142	861	10	5	5	860	872	13	0.0	1496
12529f1c-a899-4f0c-9fde-b7de3dc946ed	gb:HM370978|Organism:Influenza	95.862	1015	21	15	3	1011	15	1014	0.0	1622
60c479cd-e6c4-4f2a-bda3-2704181bebfc	gb:HM370979|Organism:Influenza	95.872	872	17	11	1	860	877	13	0.0	1393
62ed95fa-4449-4078-b4fd-7f06cf9af296	gb:HM370978|Organism:Influenza	95.446	1010	31	15	1	1003	13	1014	0.0	1596
8669198b-4f3b-40d9-bf96-48d048013026	gb:HM370978|Organism:Influenza	94.910	668	12	18	1	653	1014	354	0.0	1026
8669198b-4f3b-40d9-bf96-48d048013026	gb:HM370978|Organism:Influenza	95.374	281	6	6	648	924	290	13	3.93e-122	440
84c562aa-251a-4dda-b9cf-fb6dd9de5284	gb:HM370972|Organism:Influenza	92.500	120	3	4	1	118	2328	2213	7.74e-41	167
e1385556-e30a-4e8c-9cf4-616d9f9b4b8f	gb:HM370978|Organism:Influenza	97.807	1003	11	7	1	993	1014	13	0.0	1720
a323c05c-e395-4fe5-b609-d69d54788421	gb:HM370972|Organism:Influenza	97.527	283	3	1	1	279	2046	2328	6.57e-135	481
35b0a445-c56f-418e-b115-23fae84895b8	gb:HM370972|Organism:Influenza	92.373	118	5	4	1	116	2328	2213	2.72e-40	165
4820c8d2-e030-482d-ab6e-e51750d5d5ef	gb:HM370972|Organism:Influenza	94.035	285	9	7	1	279	2046	2328	3.12e-118	425
da9b59b5-179a-4198-af03-99cfdfa80661	gb:HM370979|Organism:Influenza	84.045	890	79	51	1	852	13	877	0.0	798
36efc24c-48a6-40a8-b0cc-6042564b7912	gb:HM370979|Organism:Influenza	95.968	868	15	17	1	856	877	18	0.0	1391
78688664-42a3-4ad9-b3ee-4cf226d86610	gb:HM370979|Organism:Influenza	97.589	871	10	8	1	866	877	13	0.0	1482
cde81c20-3bf8-4698-a936-fbd09710fd00	gb:HM370979|Organism:Influenza	95.408	871	21	17	1	857	12	877	0.0	1369
6c381bed-fd8b-4bb6-814a-671909351bc7	gb:JN683632|Organism:Influenza	91.961	1020	40	32	1	996	13	1014	0.0	1391
e56d5cac-a6a1-4138-bff3-d679a63903a6	gb:HM370978|Organism:Influenza	98.408	1005	9	7	1	1001	1014	13	0.0	1760
b48c2458-052f-416a-9a25-7151f042a466	gb:GU186657|Organism:Influenza	84.880	668	72	20	1	646	1002	342	0.0	647
b48c2458-052f-416a-9a25-7151f042a466	gb:GU186657|Organism:Influenza	84.342	281	31	11	643	915	276	1	9.05e-69	263
1f75af24-7064-459d-aba1-441b3ffeb2b9	gb:HM370979|Organism:Influenza	95.762	873	21	14	1	865	13	877	0.0	1393
ebf60745-c79f-481a-b28e-41e6aa66a3cc	gb:HM370978|Organism:Influenza	94.597	1018	30	18	2	998	1	1014	0.0	1552
a6b33e5d-4c79-442d-a0b1-ddac9eec8ce6	gb:HM370978|Organism:Influenza	98.209	1005	10	6	1	1000	1014	13	0.0	1749
b6402098-e6af-4570-a169-8e1120bafbe1	gb:HM370978|Organism:Influenza	88.717	1037	60	46	2	1004	1	1014	0.0	1214
d71cfd97-8cd8-4472-818e-922102c68976	gb:HM370979|Organism:Influenza	98.502	868	6	4	1	864	13	877	0.0	1524
a87c9140-3953-417f-9627-eb7d85756519	gb:HM370979|Organism:Influenza	98.618	868	7	4	1	866	877	13	0.0	1531
fcd8a461-182f-4fc8-98db-12070bd7f56b	gb:HM370978|Organism:Influenza	97.217	1006	13	10	1	995	1014	13	0.0	1688
92bed4b3-a784-46ed-8f71-0d6c8c53183f	gb:HM370977|Organism:Influenza	96.577	555	12	6	9	560	895	1445	0.0	913
a4b01ac2-b59f-4ee9-b41c-83131ff7cb41	gb:HM370972|Organism:Influenza	100.000	116	0	0	1	116	2213	2328	2.67e-55	215
995a6395-c968-40fd-8253-84a656f665c7	gb:HM370979|Organism:Influenza	86.734	897	60	43	1	857	890	13	0.0	942
debb84a0-3ffd-490c-adcf-461a381b8044	gb:HM370978|Organism:Influenza	98.507	1005	6	6	1	999	1014	13	0.0	1764
5d69776e-e34d-43d0-a65c-ae6ff17d6bcb	gb:HM370978|Organism:Influenza	93.799	1016	37	24	1	1004	13	1014	0.0	1504
6d5e2730-aa1e-4588-839e-b4c049620fa7	gb:HM370978|Organism:Influenza	92.194	1012	39	34	1	982	13	1014	0.0	1395
899e5bce-9471-43c5-ab17-096cec683e47	gb:HM370977|Organism:Influenza	94.698	547	19	8	1	538	1445	900	0.0	841
f77ce95b-a431-48a3-b87f-ac97b0f715e1	gb:HM370972|Organism:Influenza	94.014	284	10	6	1	278	2328	2046	1.12e-117	424
7af04f46-10c8-493e-80f3-82f35d1a0d51	gb:HM370978|Organism:Influenza	97.709	1004	10	9	1	993	13	1014	0.0	1714
84aeb9d6-0c43-4ffe-a1df-1badfc03c2ab	gb:HM370978|Organism:Influenza	98.310	1006	10	7	1	1003	1014	13	0.0	1757
92bc8b18-82e7-477f-be63-ae9e3c93a721	gb:MF959969|Organism:Influenza	87.392	1039	84	33	4	1022	1024	13	0.0	1149
93bef21f-6fe2-4247-9771-55046d65efa3	gb:HM370978|Organism:Influenza	98.510	1007	7	8	1	1004	1014	13	0.0	1770
6899849d-6d7f-4e20-aa15-f72f4c8e5fd5	gb:HM370979|Organism:Influenza	95.244	862	21	14	1	847	877	21	0.0	1347
2bf129a3-72d5-4a11-8c0f-47a525d9f06c	gb:HM370978|Organism:Influenza	93.707	1017	26	24	1	994	1014	13	0.0	1489
8b41c655-11da-4a0e-86e1-02c8d1667b8c	gb:HM370978|Organism:Influenza	93.700	1000	28	26	6	979	1010	20	0.0	1465
54a96460-5fe1-4c98-add7-5b770db2da71	gb:HM370964|Organism:Influenza	98.730	866	7	4	1	863	13	877	0.0	1535
54dacc25-287a-477d-8481-e13e74d1276f	gb:HM370978|Organism:Influenza	98.221	1012	12	6	5	1012	5	1014	0.0	1764
55243fe4-2829-4519-96cd-ed9297ee28e8	gb:HM370979|Organism:Influenza	96.449	873	15	11	1	865	877	13	0.0	1426
6effcdc6-9ba9-4f44-b2a6-c997a7b6da31	gb:HM370978|Organism:Influenza	94.152	1026	27	27	98	1102	1026	13	0.0	1531
2808396d-b774-4492-af61-734cecfbc105	gb:HM370979|Organism:Influenza	98.044	869	9	8	1	865	13	877	0.0	1504
61e8531e-b153-4e9d-b103-4254c4e8303c	gb:HM370979|Organism:Influenza	96.203	869	21	10	1	861	13	877	0.0	1411
7b17272d-7c13-4f31-ad29-1d5739a20188	gb:CY117140|Organism:Influenza	89.951	1015	78	19	1	1004	1	1002	0.0	1288
2783e9fc-4697-49fc-80e5-6edc3307fd1a	gb:HM370978|Organism:Influenza	93.157	1023	35	30	1	1010	13	1013	0.0	1469
4e1f884d-b1ed-4147-8f87-e2953d36a54b	gb:HM370979|Organism:Influenza	95.781	877	17	17	96	956	885	13	0.0	1397
4e39cadb-9524-45e1-bc23-20fe9c75e685	gb:HM370977|Organism:Influenza	96.545	550	13	6	1	548	900	1445	0.0	905
