13164e28-03e3-42be-b9a1-8c3853f9268a	gb:HM370979|Organism:Influenza	95.265	887	20	19	2	876	1	877	0.0	1386
656eadee-15d2-486b-ac61-b2be0f4bf0be	gb:HM370978|Organism:Influenza	97.311	1004	13	11	1	992	13	1014	0.0	1692
91545b8e-1e10-4b2a-87ba-777f624513ef	gb:HM370978|Organism:Influenza	95.656	1013	16	24	1	996	1014	13	0.0	1602
23a34b63-7665-4afd-8eab-cf03eb4e13dc	gb:HM370978|Organism:Influenza	98.805	1004	4	7	1	998	13	1014	0.0	1781
05d00c1b-3e5c-42f1-ac44-869ef13b08d6	gb:KX232480|Organism:Influenza	92.240	1018	46	25	1	1002	1014	14	0.0	1411
839d3f62-4492-40d9-a2a6-fac74e434baa	gb:HM370979|Organism:Influenza	96.216	872	16	16	1	862	13	877	0.0	1411
20bde804-68a0-4ff3-a3b5-050490b309ee	gb:HM370978|Organism:Influenza	95.097	877	23	17	205	1068	145	1014	0.0	1363
8de9f260-ff1c-40c1-a7b9-4199bf075139	gb:HM370978|Organism:Influenza	91.606	965	35	38	9	941	1003	53	0.0	1291
582a1457-b76f-45bb-8da1-288b315a2014	gb:HM370978|Organism:Influenza	89.279	1026	52	44	1	992	13	1014	0.0	1232
d6e36dc4-5e24-4e66-a526-0a60c4983ef9	gb:HM370978|Organism:Influenza	96.819	1006	13	15	7	1000	16	1014	0.0	1663
f6c05a01-8d83-45a0-a9c6-d9f669afe25f	gb:HM370978|Organism:Influenza	97.512	1005	17	7	1	1000	13	1014	0.0	1711
85f48618-a7d1-453a-9214-4f49d1fb0e98	gb:HM370979|Organism:Influenza	99.261	812	4	2	146	957	822	13	0.0	1465
6777abc7-4ecc-408e-a3a6-7f957ded5e09	gb:HM370979|Organism:Influenza	97.015	871	11	11	1	862	13	877	0.0	1450
c190e4d5-7b9a-4649-bfd4-f29f25d5fc3a	gb:HM370978|Organism:Influenza	97.915	1007	9	12	1	1000	13	1014	0.0	1733
b8219cee-7fea-4f58-a475-7bfba42de21b	gb:HM370978|Organism:Influenza	95.652	1012	18	23	1	996	13	1014	0.0	1602
f59ca604-bf7a-4e64-8ae3-c178d770dda0	gb:HM370978|Organism:Influenza	98.022	1011	6	10	1	1006	13	1014	0.0	1744
a3d78a1d-74f8-4825-bd35-79dcac79745e	gb:HM370978|Organism:Influenza	94.857	1011	24	20	1	992	13	1014	0.0	1554
c46df669-9354-4d7f-8bf1-a02078e2d6f5	gb:HM370978|Organism:Influenza	96.432	1009	23	11	1	1003	13	1014	0.0	1652
281a4c8c-f589-4dfe-9918-9d67e6184446	gb:HM370978|Organism:Influenza	99.501	1002	1	3	1	998	1014	13	0.0	1820
6d38f422-137f-4234-9c9e-956c084ef70f	gb:HM370979|Organism:Influenza	99.078	868	4	2	1	867	877	13	0.0	1555
38d523af-0034-4ea6-9b06-5f9f465fd899	gb:HM370978|Organism:Influenza	92.913	1016	40	27	1	998	1014	13	0.0	1448
788b3f79-4749-4aaa-8a0b-b0b1e5e248bb	gb:HM370978|Organism:Influenza	95.929	1007	24	14	1	996	1014	14	0.0	1616
ad05531b-03a3-4482-a81b-49d387dedca3	gb:HM370978|Organism:Influenza	93.842	1023	32	21	5	1007	1024	13	0.0	1511
5cce92ec-61f4-46bc-8d35-7e61d98b9612	gb:HM370978|Organism:Influenza	97.813	1006	11	9	1	999	1014	13	0.0	1725
023d00f4-7a04-4bea-8f93-37be2113f9e9	gb:HM370978|Organism:Influenza	98.813	1011	3	6	1	1011	13	1014	0.0	1792
5ddd9420-5a42-4e5b-8d48-7a9cd5716b7b	gb:HM370978|Organism:Influenza	96.135	1009	16	17	1	993	13	1014	0.0	1626
969aa077-32c2-4727-9869-52b308e4412e	gb:HM370978|Organism:Influenza	96.928	1009	14	14	1	999	1014	13	0.0	1676
fa124406-7cd3-4edd-bc7c-c8c84cd0e46e	gb:HM370979|Organism:Influenza	94.299	877	24	17	1	863	13	877	0.0	1319
48163f4a-2cf5-4661-bb8f-c1e25d75f5a9	gb:HM370977|Organism:Influenza	98.815	1435	12	4	1	1432	13	1445	0.0	2551
cbf0f9ed-01cc-4b2f-bca7-0fe9a10cf9d4	gb:HM370979|Organism:Influenza	98.075	883	7	8	2	882	1	875	0.0	1528
d43314f1-1e1a-4862-ad42-888134b2563f	gb:HM370979|Organism:Influenza	98.397	686	3	7	1	682	13	694	0.0	1199
9f1eb1fa-a372-44bb-928b-d983b1714af9	gb:HM370978|Organism:Influenza	96.797	999	14	14	9	992	19	1014	0.0	1652
ec40db6b-99cf-4528-80f0-840489dbdcfc	gb:HM370978|Organism:Influenza	96.421	1006	22	11	1	996	1014	13	0.0	1646
fb102f51-c6a6-4ec0-9bf9-e54de79de334	gb:HM370979|Organism:Influenza	97.809	867	9	9	111	973	873	13	0.0	1487
7cd3cb0f-dc39-4cab-9a35-a16fbbb85242	gb:HM370979|Organism:Influenza	96.211	871	14	16	1	858	877	13	0.0	1408
d13fc19d-0e9d-4828-8785-3d14521aa464	gb:HM370978|Organism:Influenza	91.176	1020	37	40	1	985	13	1014	0.0	1336
a683352f-4938-4e14-a275-0d98db2c211c	gb:HM370978|Organism:Influenza	97.258	1021	13	11	102	1116	1024	13	0.0	1716
fd18d4be-43d1-4fe5-b9db-8fa812bdf75c	gb:HM370979|Organism:Influenza	94.737	874	25	18	1	862	877	13	0.0	1339
ee090e70-efe7-4bcd-968e-37dae226b132	gb:HM370978|Organism:Influenza	97.515	1006	6	13	1	991	1014	13	0.0	1701
d550f0c5-aea5-411a-85bd-7c6f61c305ef	gb:HM370978|Organism:Influenza	94.618	1022	24	25	1	1003	13	1022	0.0	1554
a56c487e-b221-46a8-a0c3-f1b49c575f4a	gb:HM370979|Organism:Influenza	94.851	874	25	17	1	863	13	877	0.0	1347
eed44aea-6523-468d-b747-965dd16b4837	gb:HM370978|Organism:Influenza	96.241	1011	20	13	1	1002	1014	13	0.0	1640
b4e857dc-1f05-4e73-9766-b89d30ff83e8	gb:HM370979|Organism:Influenza	97.143	875	11	12	1	871	13	877	0.0	1465
4e0174cb-25da-4007-ac77-4cfc18320b23	gb:HM370978|Organism:Influenza	98.111	1006	6	9	3	1000	14	1014	0.0	1740
f2004c7a-f699-4460-9eed-896d53f9f570	gb:HM370979|Organism:Influenza	94.755	877	20	21	1	863	877	13	0.0	1341
853be3c8-ca03-4f6e-96d3-e2b00474ee2c	gb:HM370978|Organism:Influenza	98.509	1006	4	9	1	999	13	1014	0.0	1764
39181cd9-2ead-49d2-8b78-27a5192ae7cb	gb:HM370979|Organism:Influenza	97.586	870	12	9	1	866	13	877	0.0	1482
d1e88a00-18f3-4d15-98bf-be9f58097d4a	gb:HM370978|Organism:Influenza	96.614	1004	13	17	1	988	13	1011	0.0	1646
4e3ab577-48ea-4bee-9795-2f3bd45cad96	gb:HM370979|Organism:Influenza	98.048	871	9	5	1	869	877	13	0.0	1507
323244e8-0f12-4b3d-ac49-d7b0c0e5da32	gb:HM370978|Organism:Influenza	98.406	1004	8	5	1	998	13	1014	0.0	1759
47ae29f6-3a5b-4c36-853a-f8d78dbca4a1	gb:HM370978|Organism:Influenza	96.211	1003	14	14	1	980	13	1014	0.0	1620
fe89a1d6-9ab0-4c7c-8c06-81ba18ed644e	gb:HM370979|Organism:Influenza	96.110	874	11	18	1	860	877	13	0.0	1404
339a8712-e769-4b11-a57d-223827396e86	gb:HM370978|Organism:Influenza	97.716	1007	10	11	1	999	13	1014	0.0	1720
2b54a7bd-58d2-4532-847e-48be96d9a672	gb:HM370979|Organism:Influenza	99.079	869	3	3	1	868	13	877	0.0	1555
59942a8d-b72b-401c-a4cc-478459929e61	gb:HM370979|Organism:Influenza	91.733	883	34	29	105	959	884	13	0.0	1190
c79e294c-57b3-4c46-b899-95eb53fd3ef0	gb:HM370979|Organism:Influenza	91.543	875	33	32	1	844	13	877	0.0	1168
2b4bed0d-ae25-41e5-894b-10ec5bab8fa9	gb:HM370978|Organism:Influenza	97.915	1007	12	7	1	1003	1014	13	0.0	1735
ce054004-c5f1-43a0-b406-a2522323e1a1	gb:HM370979|Organism:Influenza	98.163	871	6	9	1	867	877	13	0.0	1511
33b77bb8-c4d3-409c-accf-9c82d7bd3697	gb:HM370979|Organism:Influenza	95.336	879	20	14	1	872	13	877	0.0	1376
633efaa4-40af-4bff-b952-1bb2a2d37173	gb:HM370979|Organism:Influenza	96.774	868	15	12	1	858	13	877	0.0	1435
24a89450-2d0b-42f1-ad40-d5a64c5619e2	gb:HM370979|Organism:Influenza	98.499	866	9	3	1	863	877	13	0.0	1524
ef1b0a38-09ce-447c-9977-ef8222bf6423	gb:HM370978|Organism:Influenza	87.739	1044	75	41	85	1105	1	1014	0.0	1170
fef25d3e-330f-4ebd-8a83-cdb6dab73382	gb:HM370979|Organism:Influenza	97.015	871	16	9	1	867	13	877	0.0	1456
300f37b7-f0a0-4a36-bf3e-b94a00b04cab	gb:HM370978|Organism:Influenza	96.716	1005	17	14	1	992	1014	13	0.0	1659
34c830fc-444d-4ea8-abb6-f265a51040ce	gb:HM370979|Organism:Influenza	94.798	865	26	15	1	848	877	15	0.0	1330
6e8221c0-d6f2-4692-9ff6-fa0051124b7c	gb:HM370979|Organism:Influenza	91.533	874	48	24	1	857	13	877	0.0	1181
1298df3d-80d3-4631-a696-eaa7f816be56	gb:HM370978|Organism:Influenza	97.530	1012	10	13	1	1007	1014	13	0.0	1716
0f138573-5432-42c9-ab1d-3e2371ef604e	gb:HM370978|Organism:Influenza	96.733	1010	18	15	1	1003	1014	13	0.0	1668
5fcefc0d-2240-4506-8003-7d2e8885f31b	gb:HM370979|Organism:Influenza	95.080	874	24	14	1	864	877	13	0.0	1358
3dc26485-ed3f-4894-98e6-c4504278dfa2	gb:HM370978|Organism:Influenza	97.537	1015	13	11	4	1011	18	1027	0.0	1725
57398482-704f-4ef3-8107-2105eb9d9b5b	gb:HM370979|Organism:Influenza	95.298	872	20	18	1	858	877	13	0.0	1363
05580a52-e479-446c-a95b-5638f9f5e183	gb:HM370978|Organism:Influenza	93.425	1019	36	23	1	1005	13	1014	0.0	1482
921fb690-0adf-431b-a7d5-c989b778a646	gb:HM370979|Organism:Influenza	93.871	881	23	22	1	866	877	13	0.0	1299
863b81d2-2465-4c51-84ee-dfd67c89641e	gb:HM370978|Organism:Influenza	92.150	293	5	11	1	277	13	303	6.76e-110	398
ce0e9084-ea33-431d-aa56-438c411e6cac	gb:HM370979|Organism:Influenza	98.616	867	5	5	1	862	13	877	0.0	1528
a526b066-1d77-4d72-a4b9-5d0a2f229c4c	gb:HM370979|Organism:Influenza	96.065	864	15	10	18	867	871	13	0.0	1389
a00f3afb-d300-4c71-90a7-f0ce67c46101	gb:HM370979|Organism:Influenza	98.621	870	1	7	1	864	877	13	0.0	1530
6868dd8e-66b8-4137-9682-ad51743e7ba0	gb:HM370978|Organism:Influenza	97.910	1005	11	6	5	1005	1011	13	0.0	1731
f9af8249-d80d-4751-916a-7d0a6b1e2435	gb:HM370979|Organism:Influenza	98.292	878	9	4	8	884	885	13	0.0	1533
9f89b66e-1aca-4984-b4d8-cad0127b7014	gb:HM370979|Organism:Influenza	93.151	876	34	22	1	861	877	13	0.0	1262
4fd32e04-6de0-4eeb-87df-0771f7bb2fd4	gb:HM370979|Organism:Influenza	95.716	887	17	13	1	875	890	13	0.0	1408
bed442eb-98f4-452d-9ef0-a7c6eb55df2d	gb:HM370979|Organism:Influenza	85.206	899	70	48	2	859	1	877	0.0	865
3e82927f-6353-409c-ab80-1026e6b31da4	gb:HM370978|Organism:Influenza	97.813	1006	10	11	1	998	1014	13	0.0	1725
bc760ccb-5fe4-4955-90d5-720797eb0632	gb:HM370978|Organism:Influenza	96.644	1013	17	14	1	1007	1014	13	0.0	1666
ec6bc129-c162-41c4-b89a-7d75a6630a93	gb:HM370979|Organism:Influenza	88.690	893	50	39	4	865	5	877	0.0	1042
0f36990f-704e-4763-82a5-25177477c998	gb:HM370979|Organism:Influenza	94.954	872	21	17	1	856	877	13	0.0	1345
33301f29-2295-438f-bd58-64e8745429e3	gb:HM370978|Organism:Influenza	96.443	1012	15	16	1	1001	13	1014	0.0	1650
f56032d5-b3dc-4fb4-b650-c96fbb305732	gb:HM370979|Organism:Influenza	94.286	875	28	20	12	876	19	881	0.0	1319
8ad697e2-e5d0-42e2-805e-6597ce035f06	gb:HM370978|Organism:Influenza	98.308	1005	8	6	1	999	1014	13	0.0	1753
b37562a2-d31a-4da4-b40f-16a5d9a031c0	gb:HM370978|Organism:Influenza	96.131	1008	22	14	1	997	1014	13	0.0	1629
56b86c67-8a21-4c16-80c3-5f574c8de3f7	gb:HM370979|Organism:Influenza	96.087	869	23	9	1	862	877	13	0.0	1406
0febf7b9-885e-4f8e-94b7-feb9d3fbb327	gb:HM370979|Organism:Influenza	97.688	865	8	8	4	861	872	13	0.0	1476
c4d2591d-103f-4cae-ba4b-c1165161b308	gb:HM370978|Organism:Influenza	98.207	1004	13	5	1	1001	13	1014	0.0	1749
b41d219f-4b4c-4363-9f93-0b6df2b8e145	gb:HM370978|Organism:Influenza	98.018	1009	7	11	1	1003	13	1014	0.0	1740
a1dcc33f-8e90-4635-b45e-76ce60083389	gb:HM370979|Organism:Influenza	98.841	863	7	3	19	878	15	877	0.0	1535
7a3fb436-e25b-41a1-9cd9-1fa642116d4c	gb:HM370978|Organism:Influenza	93.459	1009	21	28	3	974	14	1014	0.0	1456
2fb20c67-f1a6-4ca8-9d79-e7adf0c01988	gb:HM370979|Organism:Influenza	97.219	863	11	10	4	856	872	13	0.0	1448
d53cdf5b-4823-4af5-90a8-7a40b2fba4cb	gb:HM370978|Organism:Influenza	95.337	1008	28	18	1	995	1014	13	0.0	1583
4f16b1fe-f754-4463-bf92-779754e0bfd7	gb:HM370978|Organism:Influenza	95.949	1012	22	16	1	1003	13	1014	0.0	1624
101b6df3-480e-4779-96ab-1a12d59f171f	gb:HM370979|Organism:Influenza	98.382	865	9	3	1	860	13	877	0.0	1515
be428528-a781-4252-9bfd-df305e7a972e	gb:HM370979|Organism:Influenza	98.728	865	3	5	1	857	13	877	0.0	1530
eb385ea9-9b18-43e3-bc4d-a49e992de18f	gb:HM370979|Organism:Influenza	97.245	871	10	12	1	863	877	13	0.0	1463
7d2c6d5a-e7b6-47f2-a5b7-2a2e47b6fbe6	gb:HM370979|Organism:Influenza	95.320	876	18	19	1	864	877	13	0.0	1369
8068f040-f735-406b-8915-cb1e1f32cfab	gb:HM370978|Organism:Influenza	98.506	1004	7	7	1	998	1014	13	0.0	1764
3d2daf83-8ccb-419d-b193-bce2bdb64bb2	gb:HM370978|Organism:Influenza	98.611	1008	4	8	1	1004	13	1014	0.0	1775
b121f788-976a-4813-abf8-70200cd05991	gb:HM370978|Organism:Influenza	98.807	1006	3	8	1	1001	13	1014	0.0	1783
f001a607-0cef-4af0-913b-18582c4efa6e	gb:HM370978|Organism:Influenza	98.018	1009	4	12	1	1000	1014	13	0.0	1738
05e84a54-ed41-4570-8b9f-67e932dda67f	gb:HM370978|Organism:Influenza	97.718	1008	10	13	1	1001	1014	13	0.0	1722
e8ec0f03-a69b-4d1a-a628-b324f13f8c44	gb:HM370978|Organism:Influenza	97.709	1004	12	9	1	995	1014	13	0.0	1716
2fd98a61-0170-4223-b02f-58f2c3a961b6	gb:HM370977|Organism:Influenza	94.872	1443	22	33	1	1401	1445	13	0.0	2207
94b78905-88b0-4a45-a17b-fe4f41e6737a	gb:HM370979|Organism:Influenza	97.699	869	14	5	1	867	877	13	0.0	1489
6dc3e5ca-0051-4b3c-8cde-57accf0e0b5d	gb:HM370978|Organism:Influenza	96.925	1008	15	15	1	998	13	1014	0.0	1676
d976be13-244a-46d3-8b0b-26a93efcfe77	gb:HM370978|Organism:Influenza	89.980	1018	49	42	5	990	1009	13	0.0	1266
f67955dd-a025-41d5-aab9-bca3f39a8956	gb:HM370979|Organism:Influenza	98.152	866	9	7	1	860	13	877	0.0	1504
48df2aaa-71ed-4386-8f60-54f7a719a1cb	gb:HM370978|Organism:Influenza	90.786	1031	47	40	1	1012	13	1014	0.0	1334
8f555cad-a10c-480f-8bd9-08d0c9455473	gb:HM370978|Organism:Influenza	88.878	1016	56	50	6	997	1011	29	0.0	1197
f637f8d3-4335-432d-94a6-2a0c62020492	gb:HM370978|Organism:Influenza	96.637	1011	9	19	1	995	13	1014	0.0	1655
04d8b71e-8cf2-4267-ae38-632728a342a7	gb:HM370979|Organism:Influenza	95.848	867	16	12	1	849	877	13	0.0	1384
5ed628cf-c0a3-4447-967c-1ab699b7ea8f	gb:HM370979|Organism:Influenza	92.980	869	34	25	1	848	13	875	0.0	1242
df1873df-38ee-4ceb-a015-3fb7dc70883c	gb:HM370978|Organism:Influenza	94.685	1016	26	22	1	1002	13	1014	0.0	1552
62640c5c-db62-4844-a1ed-1cb5284301e6	gb:HM370978|Organism:Influenza	93.682	1013	34	27	1	994	13	1014	0.0	1489
c11fc7e0-8a8d-4a93-8d59-e6079be865bf	gb:HM370978|Organism:Influenza	93.590	1014	31	26	1	992	1014	13	0.0	1482
73604560-b4db-47bd-b769-347500bb7b0c	gb:HM370979|Organism:Influenza	94.502	873	26	20	1	859	877	13	0.0	1327
010be2fb-01b3-436a-ba28-6e87614dacf0	gb:HM370979|Organism:Influenza	94.032	888	26	20	4	877	887	13	0.0	1321
496df50a-7192-4a66-b687-32e7a213c5ea	gb:HM370979|Organism:Influenza	95.627	869	18	15	1	853	13	877	0.0	1376
66efe826-dd5c-4265-b385-6b40b8c12809	gb:HM370979|Organism:Influenza	97.471	870	7	11	1	860	877	13	0.0	1471
c235823f-c6a4-4ca9-8131-4b4c030d5aa0	gb:HM370978|Organism:Influenza	98.905	1005	4	7	1	1001	1014	13	0.0	1788
a480621a-5f45-47fd-8c7c-baee2c4083f8	gb:HM370979|Organism:Influenza	97.693	867	11	7	1	860	13	877	0.0	1482
aef5f9f9-b83b-49dd-a2d8-b237118f0f48	gb:HM370979|Organism:Influenza	97.005	868	15	11	1	861	13	876	0.0	1448
13db582f-07f2-4328-9782-5ddfda1558ba	gb:HM370979|Organism:Influenza	97.474	871	9	9	1	864	13	877	0.0	1474
73a55669-9726-4e71-8c82-56660e316354	gb:HM370979|Organism:Influenza	90.236	891	42	36	1	864	13	885	0.0	1122
81b85773-dc67-4a23-9594-833f6a60beb9	gb:HM370978|Organism:Influenza	98.310	1006	5	8	1	998	1014	13	0.0	1753
ad1e6c26-de92-43c9-92c6-97ba9b5e97bd	gb:HM370978|Organism:Influenza	93.256	1038	25	23	1	1029	13	1014	0.0	1487
7362d53c-2f8f-468d-bead-74dd9bb1058c	gb:HM370979|Organism:Influenza	98.730	866	3	4	1	859	13	877	0.0	1531
477985c2-ac66-4528-a97d-cbe5e206b64c	gb:HM370979|Organism:Influenza	96.198	868	12	19	1	850	877	13	0.0	1400
7179e9ab-0194-4ee1-8e74-bf9e299c2454	gb:HM370978|Organism:Influenza	94.592	1017	28	21	1	1005	13	1014	0.0	1548
020722a1-0c23-4f6a-a68f-8c556b44337b	gb:HM370979|Organism:Influenza	97.926	868	9	8	1	862	877	13	0.0	1495
60ddf3a3-90ed-418b-90b9-398fcf7afbb6	gb:HM370979|Organism:Influenza	98.186	882	6	7	1	879	13	887	0.0	1531
b895918d-6164-4722-a488-3dbe5b79228e	gb:HM370978|Organism:Influenza	96.768	1021	9	17	98	1105	1022	13	0.0	1681
13832480-e75f-404e-9960-efe3ba4b18ea	gb:HM370979|Organism:Influenza	97.477	872	9	10	1	866	877	13	0.0	1476
0aab2492-6831-4fa6-bae6-7a0d3a9fac19	gb:HM370978|Organism:Influenza	95.945	1011	22	14	1	1001	13	1014	0.0	1622
f3114ea8-d74b-45d7-aa4c-81a7314ae396	gb:HM370979|Organism:Influenza	98.272	868	6	7	1	862	877	13	0.0	1511
065c43e3-8b1c-4430-95f5-0a95845a8328	gb:HM370978|Organism:Influenza	99.103	1003	1	5	1	996	13	1014	0.0	1796
27f9f0e5-269d-454e-ac01-126b412ca010	gb:HM370978|Organism:Influenza	98.111	1006	9	7	1	1000	13	1014	0.0	1744
5bdad267-e148-45e9-9510-1b35cb454a3a	gb:HM370979|Organism:Influenza	91.892	259	9	11	1	252	13	266	7.02e-96	351
d02a62a3-1bb6-4a9e-a9ab-b24991b9d5a2	gb:HM370978|Organism:Influenza	97.603	292	1	5	1	287	13	303	2.42e-139	496
a9edc1c0-6256-4f8a-b5ae-46dc10e50a91	gb:HM370979|Organism:Influenza	98.627	874	4	6	1	871	881	13	0.0	1541
0361359e-e14e-44fd-bab3-aa3d5dc82bf4	gb:HM370978|Organism:Influenza	89.166	1043	51	53	1	1012	13	1024	0.0	1243
b3722554-e380-47fd-881c-0443f8dd889e	gb:HM370979|Organism:Influenza	95.747	870	18	15	1	857	13	876	0.0	1384
6883a5f3-04db-41b9-b1d7-5b89108a4746	gb:HM370979|Organism:Influenza	89.840	876	38	33	5	844	873	13	0.0	1077
7c22abd4-e5ad-46fa-96d1-4304004b2e39	gb:HM370978|Organism:Influenza	97.822	1010	9	10	1	1005	13	1014	0.0	1731
1b312d44-ab87-454d-81f5-b747ad654b08	gb:HM370978|Organism:Influenza	98.507	1005	9	6	1	1002	13	1014	0.0	1768
31db4802-9f2d-409f-959d-decb771ddde0	gb:HM370978|Organism:Influenza	97.614	1006	12	11	1	998	13	1014	0.0	1714
d6d6137b-329c-49a2-a78e-4e55a73c6248	gb:HM370979|Organism:Influenza	97.468	869	8	10	1	859	877	13	0.0	1471
1bb1dd33-2a96-4ffb-acda-fc5de19097b7	gb:HM370979|Organism:Influenza	95.080	874	17	15	1	857	13	877	0.0	1352
17aae4f1-b7ec-4ff9-b3a3-cdfab052f937	gb:HM370979|Organism:Influenza	95.607	865	16	16	5	852	872	13	0.0	1367
b524591d-7ad6-4d48-8481-6aad43e5787d	gb:HM370979|Organism:Influenza	95.040	867	21	17	1	847	877	13	0.0	1343
85a458b3-22a0-4d92-be04-704223c0939e	gb:HM370979|Organism:Influenza	95.872	872	22	11	1	865	13	877	0.0	1399
8d8db816-93b4-43fa-b0df-4a052e6ba5e2	gb:HM370979|Organism:Influenza	98.055	874	4	6	1	870	13	877	0.0	1507
856380eb-4bad-4ba4-8a52-0c2ee9ad9a57	gb:HM370978|Organism:Influenza	97.024	1008	17	10	1	1001	1014	13	0.0	1683
9fb3bb4b-367d-4df6-8806-f8de9dcc4e7d	gb:HM370978|Organism:Influenza	99.012	1012	4	5	7	1014	1022	13	0.0	1808
d76f37a5-8555-4e91-a8f8-68c3a1beba21	gb:HM370979|Organism:Influenza	97.500	880	4	10	1	876	13	878	0.0	1487
bc44ebbb-335b-4143-93cc-99fabdf62351	gb:HM370979|Organism:Influenza	96.351	877	11	17	1	868	13	877	0.0	1423
3dded353-0411-44ae-b150-5d4d65892dc5	gb:HM370978|Organism:Influenza	93.880	1013	35	24	1	997	1014	13	0.0	1502
2bd9ffc7-71a9-48c7-9f44-7b405efff102	gb:HM370979|Organism:Influenza	95.216	878	14	19	1	863	877	13	0.0	1363
914ccaa8-1d5a-433b-b55e-da06d713e8ef	gb:HM370978|Organism:Influenza	97.917	1008	6	11	1	999	13	1014	0.0	1731
5162b0dc-ede5-4985-981b-d640314a6625	gb:HM370978|Organism:Influenza	98.297	998	8	9	5	997	1009	16	0.0	1740
e11c16b7-ff80-4ccf-894f-8f8169619872	gb:HM370978|Organism:Influenza	94.417	1021	25	27	1	1008	1014	13	0.0	1541
fc1f9005-b051-4aed-9c55-f5142932bbd5	gb:HM370978|Organism:Influenza	98.808	1007	3	8	1	1003	1014	13	0.0	1784
a6ce1af7-3a0a-49c0-a035-63c6255fd61d	gb:HM370979|Organism:Influenza	94.413	877	20	23	5	868	873	13	0.0	1321
55a3a0c6-3c43-42d3-8e63-7e80f230ccaf	gb:HM370979|Organism:Influenza	97.011	870	12	12	1	861	877	13	0.0	1450
07fe2193-b6e7-4ff4-b762-edd5b21704b5	gb:HM370979|Organism:Influenza	98.613	865	8	2	1	861	877	13	0.0	1528
9ee41fb3-5e86-44a7-b1a9-868fd1567fdf	gb:KJ174940|Organism:Influenza	84.000	1025	116	38	1	992	13	1022	0.0	941
8148be2d-7ede-4ca1-94f0-f956b9bb99a7	gb:HM370979|Organism:Influenza	86.878	884	54	45	5	849	873	13	0.0	933
10a9dd2e-fc2c-4fb3-9a09-9d73baa5500f	gb:HM370978|Organism:Influenza	97.418	1007	8	14	1	994	13	1014	0.0	1700
8e519c4f-1b49-4719-8806-ecff8621eb34	gb:HM370978|Organism:Influenza	98.221	1012	4	11	1	1008	1014	13	0.0	1757
2becb124-e030-44b7-91c6-be342deeee5a	gb:HM370979|Organism:Influenza	97.801	864	5	11	5	857	873	13	0.0	1478
321dc736-f07c-4a28-ba56-b44141d93752	gb:HM370979|Organism:Influenza	95.762	873	15	17	5	868	872	13	0.0	1387
1fd0bebe-48d0-45f4-b52a-11b847f9eb03	gb:HM370979|Organism:Influenza	94.145	871	23	19	4	857	872	13	0.0	1301
6bbf0f39-4a82-4fcf-ba2e-7a917e03f541	gb:HM370979|Organism:Influenza	98.276	870	4	8	1	864	877	13	0.0	1513
6cf59ffc-289e-44cd-bd06-94f6f41bda3b	gb:HM370978|Organism:Influenza	98.406	1004	8	8	1	998	1014	13	0.0	1759
cc38c58f-17b3-4702-b3e2-944145f22410	gb:HM370978|Organism:Influenza	96.393	998	14	19	13	993	22	1014	0.0	1624
87aa548a-838b-4415-94a4-76f2d8e1b114	gb:HM370978|Organism:Influenza	94.545	990	34	14	25	1003	34	1014	0.0	1511
6b4b7b37-5b81-4501-8fe1-5058ff9ee812	gb:HM370979|Organism:Influenza	97.581	868	6	13	1	856	877	13	0.0	1472
35c7c59c-2df4-414f-856f-885d4773c4b6	gb:HM370979|Organism:Influenza	95.991	873	17	10	1	863	13	877	0.0	1402
415c04c9-ed15-4db4-b5ea-746e2124b20d	gb:HM370978|Organism:Influenza	98.004	1002	13	4	1	995	1014	13	0.0	1733
63ec033c-fc9d-42a6-9785-4b61376a15c5	gb:HM370978|Organism:Influenza	99.602	1004	1	3	1	1003	1014	13	0.0	1829
11393152-0c3a-47ed-90b4-f4915cdfe1ec	gb:HM370979|Organism:Influenza	89.714	875	47	36	3	848	873	13	0.0	1077
b7187f99-789e-4672-81f8-a07155422ee9	gb:HM370978|Organism:Influenza	99.105	1006	2	7	1	1003	13	1014	0.0	1801
3fe31671-00db-4f1c-b50f-f12b4121b2ca	gb:HM370979|Organism:Influenza	96.211	871	18	15	1	862	13	877	0.0	1411
77fc9981-1c15-42f3-9e81-7529f19243c1	gb:HM370978|Organism:Influenza	98.014	1007	11	7	1	1003	1014	13	0.0	1740
516c74be-17e7-46e0-ac25-b640e3fa60f6	gb:HM370979|Organism:Influenza	98.157	868	9	5	1	864	13	877	0.0	1507
33ee8bbe-6ec4-4d26-af13-65d334d630cc	gb:HM370978|Organism:Influenza	98.509	1006	6	8	1	1001	1014	13	0.0	1766
060e5022-1e4a-4cb8-a80b-8506f6549b84	gb:HM370978|Organism:Influenza	95.768	1016	22	16	1	1009	1014	13	0.0	1618
5a311659-43cc-4e04-bfc6-684a4947c474	gb:HM370978|Organism:Influenza	98.113	1007	8	9	1	1001	1014	13	0.0	1744
800137dd-add3-4e4c-aa31-392fdb0b9c98	gb:HM370978|Organism:Influenza	94.549	1009	26	19	1	991	13	1010	0.0	1531
b9808aa7-4955-4140-964d-933940039a04	gb:HM370978|Organism:Influenza	96.245	1012	18	18	1	1002	13	1014	0.0	1640
2c4dc840-b216-4371-bee0-2ddb38eeba8f	gb:HM370979|Organism:Influenza	93.356	873	32	19	1	855	13	877	0.0	1267
e4a7af7f-e4be-4fa9-857a-265c9a0b64fc	gb:HM370978|Organism:Influenza	92.693	999	39	31	1	980	1014	31	0.0	1410
0b17489c-a185-4f94-9bad-fcf101ca781f	gb:HM370979|Organism:Influenza	91.170	872	38	27	1	839	878	13	0.0	1147
bc7f4c08-1650-4243-a5d7-23b52170fda9	gb:HM370978|Organism:Influenza	90.631	1014	45	39	1	976	13	1014	0.0	1301
c52b1160-b876-4f3a-a678-6d9bf84feb82	gb:HM370978|Organism:Influenza	94.920	1004	27	21	1	992	1014	23	0.0	1550
71023e68-cf68-4ef4-9c13-a11920032654	gb:HM370979|Organism:Influenza	99.307	866	2	2	1	863	877	13	0.0	1563
380e463e-d2f7-482d-9a33-447ebf3064a5	gb:HM370979|Organism:Influenza	98.044	869	9	8	1	865	13	877	0.0	1504
f1ac7b99-8674-41a6-a283-cd92ee7aff6e	gb:HM370978|Organism:Influenza	96.200	1000	18	15	5	987	1009	13	0.0	1618
7c5a5045-2415-402a-8df7-bda05205aa32	gb:HM370978|Organism:Influenza	90.838	1026	43	39	1	999	1014	13	0.0	1327
6d022bb2-6da7-42d4-833c-32b4022230f2	gb:HM370978|Organism:Influenza	93.942	1007	23	23	1	974	13	1014	0.0	1487
7e7c83d8-e324-419f-965d-864bd8b72ca2	gb:HM370979|Organism:Influenza	88.063	888	49	44	1	854	13	877	0.0	1000
342f0a9c-081e-491f-a91a-6354b075965c	gb:HM370978|Organism:Influenza	97.530	1012	8	13	1	1005	1014	13	0.0	1714
3cba82f5-1208-49e5-8e0c-975c31fba1fd	gb:HM370978|Organism:Influenza	98.608	1006	4	9	1	1000	1014	13	0.0	1772
f0ffbf7b-05af-49e2-a0dc-3b250219895c	gb:HM370979|Organism:Influenza	96.907	873	17	6	1	872	13	876	0.0	1454
31caef82-d716-446f-8364-9b85048df945	gb:HM370978|Organism:Influenza	97.561	984	11	8	5	977	1010	29	0.0	1672
2fc077f0-ead8-42c9-95a1-8ca34a79085f	gb:HM370978|Organism:Influenza	91.802	1049	32	41	4	1033	1026	13	0.0	1411
e2b6231d-3f60-4cf6-80c1-b0a67575b3da	gb:HM370979|Organism:Influenza	96.568	874	10	17	1	863	13	877	0.0	1430
647f3c5e-0129-46f2-8567-cb85385c862c	gb:HM370979|Organism:Influenza	93.143	875	26	26	1	851	13	877	0.0	1253
d7822aad-b7a6-4fef-92f4-3dc4159fbe41	gb:HM370979|Organism:Influenza	99.307	866	2	4	1	863	877	13	0.0	1563
ecf13869-23f3-4399-aa8f-7431e8d3fddb	gb:HM370978|Organism:Influenza	96.535	1010	9	22	1	1001	1014	22	0.0	1648
bbbe93ab-5294-43f0-931d-4ac77c2a0b07	gb:HM370979|Organism:Influenza	97.460	866	15	5	1	860	877	13	0.0	1471
adde06df-16dd-435e-af7a-c0afa4e9ca5c	gb:HM370978|Organism:Influenza	95.945	1011	18	21	1	997	13	1014	0.0	1618
31fdff01-13fb-4347-9959-f4fd6a1d9ca9	gb:CY004821|Organism:Influenza	83.603	866	118	19	1	843	877	13	0.0	791
e3ff12d3-38f8-4270-ae9e-de11a4f5b1e3	gb:HM370979|Organism:Influenza	97.238	869	10	9	1	859	13	877	0.0	1459
e7b8e683-718a-4264-b11c-2e4b33ddaa12	gb:HM370978|Organism:Influenza	97.451	1020	12	13	1	1011	1027	13	0.0	1727
43d68c43-cfbd-41b0-8078-5b065d29180b	gb:HM370978|Organism:Influenza	97.809	1004	5	9	1	989	13	1014	0.0	1716
92d18683-d072-4c91-91c5-dfd9a2e59bc1	gb:HM370979|Organism:Influenza	94.077	878	27	22	1	865	878	13	0.0	1310
31ab67c6-9c45-446c-85fc-df5236180d3a	gb:HM370978|Organism:Influenza	97.222	1008	15	12	1	1001	13	1014	0.0	1694
7a7908a2-a510-41fc-a03a-fcfcfe3ad4bb	gb:HM370978|Organism:Influenza	98.405	1003	9	5	1	997	1014	13	0.0	1757
5de1ed2f-c9f0-4732-954b-6b1adab63e8e	gb:HM370979|Organism:Influenza	96.136	880	16	12	1	864	890	13	0.0	1421
6140b798-4a59-45e7-b55c-c88a4806da0d	gb:HM370979|Organism:Influenza	92.580	876	30	23	4	860	872	13	0.0	1225
09be26a0-928d-4a75-888c-078e3c00a062	gb:HM370978|Organism:Influenza	97.532	1013	4	11	1	1003	1014	13	0.0	1712
8fecf9ea-308b-440b-8008-a0fcdf26be65	gb:JN683632|Organism:Influenza	94.187	1015	26	27	1	995	1014	13	0.0	1517
f1b78a7d-0336-4d48-aa3f-d675d468a118	gb:HM370977|Organism:Influenza	95.790	1449	42	18	1	1446	13	1445	0.0	2320
770f8592-7a84-4de1-9cac-da3f2acde7bd	gb:HM370978|Organism:Influenza	98.211	1006	7	11	1	999	1014	13	0.0	1748
3f2152a7-2880-436b-8386-6f352a04a522	gb:HM370978|Organism:Influenza	91.642	1005	36	33	10	980	1003	13	0.0	1347
6786355e-403d-48d9-8532-93c29523d669	gb:HM370978|Organism:Influenza	97.532	1013	8	12	1	1007	1014	13	0.0	1716
8af792b6-0af4-4734-856c-8dd633e253fe	gb:HM370977|Organism:Influenza	96.999	1433	14	19	3	1409	1442	13	0.0	2381
b5f6a116-cfe1-4aec-a639-b81aba741013	gb:HM370979|Organism:Influenza	95.413	872	17	15	1	856	13	877	0.0	1367
cdf920a3-565b-4c23-8723-a72e4f1956f9	gb:HM370979|Organism:Influenza	98.501	867	6	5	1	862	877	13	0.0	1522
3bd93cb9-8595-4da9-b55d-04bd7b714aa2	gb:HM370979|Organism:Influenza	97.460	866	7	13	1	852	13	877	0.0	1463
5dc94291-0d44-48b5-a39f-fccab43de19f	gb:HM370979|Organism:Influenza	98.501	867	7	4	1	862	12	877	0.0	1524
d0caf486-e67e-488d-9e2c-32395f4efa33	gb:HM370979|Organism:Influenza	98.159	869	5	8	1	862	13	877	0.0	1506
d5a4279f-4b88-4388-afb1-44fade650273	gb:HM370978|Organism:Influenza	96.749	1015	11	18	1	1006	13	1014	0.0	1672
d98b58f1-289b-4b5c-b295-f3514d02aee8	gb:HM370978|Organism:Influenza	92.926	933	35	24	1	908	1014	88	0.0	1328
c6aa3052-18f6-4d82-863e-18cf85e8846d	gb:HM370979|Organism:Influenza	88.189	508	32	24	1	485	13	515	1.33e-164	580
567eb0b6-ee78-4c57-ab94-7db896a033c5	gb:HM370978|Organism:Influenza	97.817	1008	11	8	1	1004	13	1013	0.0	1729
e468ab55-9b8b-4486-ae35-863ac7bac76d	gb:HM370979|Organism:Influenza	97.597	874	8	11	13	879	880	13	0.0	1485
ac25c521-b61f-405f-a63d-7c0274789818	gb:KX232512|Organism:Influenza	96.215	1004	23	11	1	991	1014	13	0.0	1629
a9fc4948-6c38-4419-be3c-37dcf5c4d3b6	gb:HM370979|Organism:Influenza	95.587	861	20	15	10	855	18	875	0.0	1363
f24c1b19-9cb6-467c-84a1-0c8be11a741e	gb:HM370978|Organism:Influenza	97.421	1008	12	14	1	1000	1014	13	0.0	1705
82ae124f-23d1-45bb-9809-63360c0be2b6	gb:KJ889434|Organism:Influenza	84.508	1007	89	50	15	977	996	13	0.0	933
d49e1047-e02e-4a10-bc8c-791b985a38b4	gb:HM370978|Organism:Influenza	95.933	1008	22	16	1	995	1014	13	0.0	1616
9846823c-c933-454a-9cea-df0b7288dfff	gb:HM370979|Organism:Influenza	95.982	871	21	13	1	863	877	13	0.0	1402
0111ca73-4198-42ac-96f0-1a3d721cad78	gb:HM370978|Organism:Influenza	94.423	1022	24	25	1	1009	13	1014	0.0	1541
9d55385c-11ed-4840-85b6-90028e17aee7	gb:HM370978|Organism:Influenza	95.567	1015	24	16	1	1007	13	1014	0.0	1605
3dbe771e-a116-4a0f-97f9-a052243b845d	gb:HM370978|Organism:Influenza	98.705	1004	6	5	1	999	1014	13	0.0	1775
bc8ba89e-1d64-4ac5-8fc5-c3ab27cd92bf	gb:HM370978|Organism:Influenza	96.429	1008	15	18	1	993	13	1014	0.0	1642
eaaea5d8-6e71-4589-9d8b-04818722850f	gb:HM370978|Organism:Influenza	96.256	1015	16	20	1	1006	1014	13	0.0	1644
169b8ae3-37df-4aaf-aeb6-8d68b824b231	gb:HM370978|Organism:Influenza	94.020	1020	25	28	1	1002	13	1014	0.0	1513
b6c503ae-52f2-4a10-8826-bd27d797f287	gb:HM370979|Organism:Influenza	97.065	886	10	13	100	980	887	13	0.0	1478
5751e1be-532d-4300-9c41-3967c7370aa8	gb:HM370978|Organism:Influenza	97.230	1011	10	16	1	1002	1014	13	0.0	1696
2fffe910-57a8-498e-9af3-e9fd6d7065b0	gb:HM370979|Organism:Influenza	97.350	868	11	9	1	859	877	13	0.0	1465
7dd2e50e-1042-44c0-a5fe-9ba87cad4ff0	gb:HM370978|Organism:Influenza	95.257	1012	23	19	1	997	13	1014	0.0	1580
c3a1388e-6916-4351-8a35-5e32ce1894e0	gb:HM370979|Organism:Influenza	96.893	869	13	10	1	859	877	13	0.0	1443
6d3154b3-682f-4923-a13e-1cbf8970cba1	gb:HM370979|Organism:Influenza	98.502	868	4	3	1	862	13	877	0.0	1522
5e2e708f-a2ec-431d-a939-67820fed24a3	gb:HM370978|Organism:Influenza	97.428	1011	11	11	1	1005	1014	13	0.0	1709
def51174-5bc3-4274-9d05-6e333d5c8f7b	gb:HM370979|Organism:Influenza	98.728	865	4	5	1	858	13	877	0.0	1530
c01313ff-255c-4e3d-8afb-aaacfa83de93	gb:HM370978|Organism:Influenza	93.564	1010	32	28	1	985	1014	13	0.0	1474
1067d5d9-1f74-48de-9bc5-f2d462b9886a	gb:HM370978|Organism:Influenza	96.630	1009	9	18	1	991	1014	13	0.0	1652
d028bc47-05b9-4624-bbda-ac399de72487	gb:HM370979|Organism:Influenza	97.468	869	9	10	1	860	13	877	0.0	1471
bb2a43ed-8f68-4a11-bc0d-550eeffac4c8	gb:HM370978|Organism:Influenza	98.903	1003	6	4	1	999	13	1014	0.0	1786
d63d8ca9-9f39-4c6c-8360-715daee5be2b	gb:HM370978|Organism:Influenza	97.225	1009	10	16	1	998	1014	13	0.0	1692
6bea061c-c2c7-4320-aab8-88ef3f95b6c8	gb:HM370978|Organism:Influenza	98.209	1005	6	9	1	996	1014	13	0.0	1746
106a64b8-bd86-4bda-a468-5b1f48e6777c	gb:HM370978|Organism:Influenza	96.736	1011	13	16	1	1000	1014	13	0.0	1666
1ab20e2f-c9a7-4d8b-b371-2bc90d1ae966	gb:HM370978|Organism:Influenza	97.619	1008	10	10	1	1000	1014	13	0.0	1716
f2d22ce2-3915-4b90-9a59-bc1da033f5f4	gb:CY005583|Organism:Influenza	85.854	1025	92	45	1	995	13	1014	0.0	1040
154cdcba-8a9f-479e-8ccc-05c3708bcbb8	gb:HM370979|Organism:Influenza	96.083	868	18	14	1	855	13	877	0.0	1400
b5d2448f-0b2d-4526-bacf-3bcc50bdffb7	gb:HM370978|Organism:Influenza	97.910	1005	11	8	1	998	13	1014	0.0	1731
2ca883ee-50bf-4c7e-8751-57350ce2939e	gb:HM370978|Organism:Influenza	98.405	1003	11	5	1	999	13	1014	0.0	1759
8996d0c4-9812-4893-bc23-1d307c44d692	gb:HM370979|Organism:Influenza	97.468	869	5	10	1	856	877	13	0.0	1467
62e4bb7e-9174-4e51-ab4a-c536932b8986	gb:HM370978|Organism:Influenza	94.123	1021	26	26	1	1006	13	1014	0.0	1522
77b0e0c2-4200-43e4-8d68-8e25c79ddd98	gb:HM370964|Organism:Influenza	95.183	872	16	18	1	853	877	13	0.0	1354
cbd4723b-9639-4aff-b326-d9268b60951c	gb:HM370979|Organism:Influenza	96.078	867	20	13	1	855	877	13	0.0	1400
142d40b6-ea18-45db-8d97-82a47d845d1e	gb:HM370979|Organism:Influenza	98.506	870	3	7	1	865	877	13	0.0	1526
8121e8f9-0159-4479-903f-3c4567c7b533	gb:HM370979|Organism:Influenza	92.785	887	25	23	1	870	13	877	0.0	1247
44790519-fc1b-4ea4-b2e1-5dfebaa3ef14	gb:HM370979|Organism:Influenza	96.313	868	18	12	1	857	13	877	0.0	1413
d70d0c94-b7e0-4fe0-a979-ae6aa3cd5ef0	gb:HM370978|Organism:Influenza	97.532	1013	6	18	1	1005	1014	13	0.0	1714
5a23b9ff-876b-4382-be66-2ab4118b3016	gb:HM370979|Organism:Influenza	97.924	867	10	5	1	861	877	13	0.0	1495
d9f9a5a5-318f-4bd9-81b2-918235cef198	gb:HM370978|Organism:Influenza	97.117	1006	16	11	1	997	1014	13	0.0	1685
c9fcf90d-6159-4184-b37b-c62267e57845	gb:HM370979|Organism:Influenza	98.385	867	6	6	1	860	12	877	0.0	1517
4dc6c823-64f9-4851-b7dd-b96369576b2b	gb:HM370978|Organism:Influenza	96.819	1006	18	12	1	996	13	1014	0.0	1668
8ed41115-e0f2-428d-b8a2-278bbcfd479f	gb:HM370978|Organism:Influenza	98.510	1007	5	9	1	1002	1014	13	0.0	1768
9a6a2146-f9b0-4b98-8154-4a08f94098b1	gb:HM370979|Organism:Influenza	96.339	874	13	13	1	863	13	878	0.0	1419
dc1ddd56-d10b-4b10-b7cd-27d96e4f1070	gb:HM370978|Organism:Influenza	97.030	1010	20	9	1	1008	13	1014	0.0	1690
43c8fcf5-4ae1-42a6-b235-ddcb8eafcb8d	gb:HM370978|Organism:Influenza	97.811	1005	8	7	1	994	1014	13	0.0	1722
db6be9af-e69b-4871-af85-c050f173bb50	gb:HM370979|Organism:Influenza	96.018	879	13	16	1	871	877	13	0.0	1410
036870d2-ec58-4b89-bbbc-2609cc4ac4c9	gb:HM370979|Organism:Influenza	90.525	876	34	42	1	838	13	877	0.0	1112
6faad937-cdc6-4002-bf4a-ad1d10cec683	gb:HM370979|Organism:Influenza	99.303	861	1	4	1	858	877	19	0.0	1552
8dea6699-84d2-46c1-a98c-c994dbdca697	gb:HM370978|Organism:Influenza	98.213	1007	6	9	1	1000	13	1014	0.0	1749
8b7fb8be-fe40-483a-8394-7911b0df3e2f	gb:HM370979|Organism:Influenza	97.696	868	10	8	1	861	877	13	0.0	1483
4339f341-0bf6-495d-98e5-4c476c40c08f	gb:HM370978|Organism:Influenza	98.706	1005	5	8	1	1000	1014	13	0.0	1777
c4c90e92-cf58-4c11-839e-b535dab92e01	gb:HM370978|Organism:Influenza	93.918	1003	29	23	12	993	23	1014	0.0	1485
883195b7-37af-4f4f-a25a-9aebf7685f94	gb:HM370978|Organism:Influenza	96.816	1005	16	11	1	992	13	1014	0.0	1664
98e1f316-d4b7-4f0a-bc73-adf049789113	gb:HM370978|Organism:Influenza	99.402	1004	4	1	1	1004	1014	13	0.0	1820
6f6849a3-68f9-46e8-9db4-a8ac53cb1503	gb:KX977959|Organism:Influenza	82.103	989	104	49	4	938	1011	42	0.0	778
8086dcdd-1b40-4e4b-a993-233caff94e7f	gb:HM370978|Organism:Influenza	97.711	1005	11	11	1	996	13	1014	0.0	1718
f4c23575-5359-4809-898f-87119bb78d8b	gb:HM370979|Organism:Influenza	97.709	873	9	6	1	870	877	13	0.0	1491
d627d852-86b4-4b68-9c2b-45a273e95d99	gb:HM370979|Organism:Influenza	98.292	878	11	4	2	876	1	877	0.0	1535
3f1ec9f7-8386-427b-96fd-bd21f44c29cc	gb:HM370979|Organism:Influenza	98.180	879	8	5	1	877	13	885	0.0	1528
c4671bca-ba31-4cbd-846e-346581a1d23e	gb:HM370979|Organism:Influenza	98.595	854	8	2	4	855	872	21	0.0	1507
371c2df8-abb5-4458-857b-628860a07e85	gb:HM370979|Organism:Influenza	98.621	870	6	6	1	869	13	877	0.0	1535
0688b001-78da-47d3-a1b2-874f4b16112c	gb:HM370978|Organism:Influenza	96.362	1017	16	20	1	1003	1014	5	0.0	1653
64c35211-2c09-45c4-a9d4-e902f1d0a523	gb:HM370979|Organism:Influenza	98.730	866	5	3	1	861	13	877	0.0	1533
69cd34bb-ff73-4d0f-937d-b6dd38467ff1	gb:HM370979|Organism:Influenza	96.778	869	14	10	1	859	13	877	0.0	1437
dd107d7c-00a2-4fe7-9e16-90af2bffb8d1	gb:HM370978|Organism:Influenza	97.515	1006	13	11	1	998	13	1014	0.0	1709
a3bdb320-5cd3-4981-b30c-93106e80e364	gb:HM370978|Organism:Influenza	96.931	1010	10	14	1	997	13	1014	0.0	1674
6eae7ec0-4882-4679-8679-021f5689c951	gb:HM370978|Organism:Influenza	98.485	264	1	3	99	359	1027	764	4.81e-129	462
6eae7ec0-4882-4679-8679-021f5689c951	gb:HM370978|Organism:Influenza	87.500	200	9	14	352	540	820	1014	4.14e-55	217
2eaa91fc-ecd1-4442-8945-fb3077f61741	gb:HM370979|Organism:Influenza	97.806	866	10	7	1	858	13	877	0.0	1485
1e9341e4-19b6-4a6c-9b9c-bff15ca83a74	gb:HM370979|Organism:Influenza	97.926	868	6	8	1	859	13	877	0.0	1493
eab76a27-ef22-42c6-bf0b-93ce19ae5ce3	gb:HM370979|Organism:Influenza	98.616	867	5	6	1	862	877	13	0.0	1528
98b7b6ec-0b00-472c-9fe3-1bd8023f3491	gb:HM370978|Organism:Influenza	97.820	1009	11	11	1	1005	13	1014	0.0	1731
b50cacd6-8927-4b42-b3b4-04a84b8b56c4	gb:HM370978|Organism:Influenza	98.507	1005	6	8	1	999	1014	13	0.0	1764
14dfb52b-aedb-47ff-b2c5-e67a7b4e3f6c	gb:HM370978|Organism:Influenza	96.397	1027	18	13	5	1026	1025	13	0.0	1674
02fac5e6-352d-466d-85f5-b8cd355cf4bc	gb:HM370979|Organism:Influenza	98.391	870	6	6	1	867	13	877	0.0	1522
2c1569d0-e5a2-4f32-a708-a28f2e954eb9	gb:HM370979|Organism:Influenza	96.318	869	18	11	1	859	13	877	0.0	1415
6c166532-e67a-48b8-819c-8ce2757b90fe	gb:HM370979|Organism:Influenza	99.308	867	3	3	1	866	877	13	0.0	1565
b8a77ea3-5ae7-4a1b-89f9-f834ddb62f01	gb:HM370979|Organism:Influenza	98.270	867	8	6	1	862	877	13	0.0	1511
d9a7cd70-3193-4289-aadb-9cb4898f6f68	gb:HM370978|Organism:Influenza	99.202	1002	4	3	1	998	13	1014	0.0	1803
f0a6ffcb-e74a-4f61-bdf3-73209b4aa299	gb:HM370978|Organism:Influenza	96.432	1009	13	18	1	993	13	1014	0.0	1642
91bdc0be-dc5c-4c3b-8aa0-df2681793b27	gb:HM370979|Organism:Influenza	96.686	875	15	12	1	871	13	877	0.0	1443
1997f608-0f13-4d1b-82c3-8d9615667155	gb:HM370978|Organism:Influenza	98.305	1003	5	7	1	992	1014	13	0.0	1748
4cb6073a-c7bc-493a-a2b9-bb9b9c2d8401	gb:HM370978|Organism:Influenza	97.711	1005	9	10	1	994	1014	13	0.0	1716
5748a5d3-0017-48d9-ae57-b8eced4d2848	gb:HM370978|Organism:Influenza	97.038	1013	11	15	1	1005	13	1014	0.0	1687
a3ec74cd-7216-47a0-adec-e199f971650e	gb:HM370978|Organism:Influenza	98.501	1001	7	7	5	999	1011	13	0.0	1759
cd6dd976-b5e2-44b7-9819-f39ed37875e7	gb:HM370979|Organism:Influenza	98.039	867	7	8	1	859	13	877	0.0	1498
cd638566-a89d-4647-a0d3-f96a20cafadf	gb:HM370978|Organism:Influenza	97.730	1013	7	12	1	1008	13	1014	0.0	1729
bc2c845d-d781-4b74-a207-f3045c2ea217	gb:HM370978|Organism:Influenza	96.829	1009	16	14	1	1000	1014	13	0.0	1672
57035def-42be-4526-acfe-6a43f35bdb31	gb:HM370979|Organism:Influenza	91.723	882	35	34	1	861	877	13	0.0	1190
95634f82-c828-4dc0-a586-08d6b008123f	gb:HM370978|Organism:Influenza	97.714	1006	12	11	1	999	13	1014	0.0	1720
2b06be63-fb5b-4142-9e7f-5e9244bf60ac	gb:HM370979|Organism:Influenza	94.305	878	23	20	1	864	877	13	0.0	1319
f4122adf-f8fc-492b-a913-247c9d915311	gb:HM370978|Organism:Influenza	94.659	1011	29	22	1	995	1014	13	0.0	1544
f8d13a1f-661b-41d1-85be-dd3b528740ee	gb:HM370978|Organism:Influenza	97.628	1012	12	9	1	1010	13	1014	0.0	1725
91c51d91-a55c-45eb-9d39-509ddc9ad0f0	gb:HM370978|Organism:Influenza	99.204	1005	2	4	1	1002	13	1014	0.0	1807
af41ef67-fbac-4380-b84f-31b42d59536d	gb:HM370979|Organism:Influenza	97.811	868	12	3	1	867	13	874	0.0	1491
871379cd-8888-4243-9b27-b4e5721d4784	gb:HM370978|Organism:Influenza	98.804	1003	6	6	1	998	1014	13	0.0	1781
cda850d6-57e7-4f48-a434-35c1a0411854	gb:HM370979|Organism:Influenza	95.254	885	24	18	10	889	6	877	0.0	1386
75b3c4df-3074-486f-9c68-9de525d53c7e	gb:HM370979|Organism:Influenza	97.120	868	16	8	1	862	13	877	0.0	1456
0a458348-5249-4ed3-8390-2a392b1a5ffc	gb:HM370978|Organism:Influenza	96.624	1007	15	18	2	996	15	1014	0.0	1653
39ad54c3-b7ba-4281-a946-be93d8b9707a	gb:HM370978|Organism:Influenza	90.169	1007	52	39	9	986	1001	13	0.0	1267
3c1138cc-c598-4756-b3de-2b03e73e3bcf	gb:HM370979|Organism:Influenza	97.704	871	8	11	1	865	877	13	0.0	1487
67e64c78-bb43-4904-94da-894e7a0b545f	gb:HM370978|Organism:Influenza	95.000	1020	34	16	1	1008	1027	13	0.0	1585
d37fbacf-50fe-4197-b3c9-b9e54a3ee077	gb:HM370979|Organism:Influenza	95.216	878	15	21	1	859	13	882	0.0	1363
75d13ee5-59e7-4107-9e4a-2bcce0642c0e	gb:HM370979|Organism:Influenza	92.168	881	34	26	1	855	13	884	0.0	1212
6b5ccab7-898c-4a3a-914e-02087a5eb553	gb:HM370979|Organism:Influenza	98.171	875	5	8	1	874	13	877	0.0	1517
d8e00bb7-6248-447b-9d16-7cf900a916c9	gb:HM370978|Organism:Influenza	97.621	1009	11	10	1	1003	1014	13	0.0	1718
cad8bd0e-aa69-48cf-b721-62733eb551c3	gb:HM370978|Organism:Influenza	94.573	995	26	27	1	974	13	1000	0.0	1513
a7b339a8-6637-4ac9-a44b-41800c6d983f	gb:HM370978|Organism:Influenza	98.010	1005	9	11	1	1000	1014	16	0.0	1735
c39e1d68-7b62-4455-90ef-a8c692a76622	gb:HM370979|Organism:Influenza	98.619	869	7	5	1	868	877	13	0.0	1533
f51da4f3-8ac0-42c0-bebb-a96618f4a5f7	gb:HM370979|Organism:Influenza	98.276	870	7	6	1	867	13	877	0.0	1517
9417e472-cc92-47f9-bcc9-4aa0afee7b1d	gb:HM370979|Organism:Influenza	97.704	871	9	9	1	866	877	13	0.0	1487
1e925c1f-f0db-4ecb-afaf-9c29313d10fc	gb:HM370978|Organism:Influenza	98.117	1009	4	9	1	1001	1014	13	0.0	1744
67b2e3d6-b2d6-406b-8044-4f2d80c51e4b	gb:HM370978|Organism:Influenza	97.114	1005	14	12	8	1003	16	1014	0.0	1681
6c91b3a1-b8a0-407f-9bdb-3b480ab97a66	gb:HM370979|Organism:Influenza	95.012	862	18	21	1	840	13	871	0.0	1330
667a1ba1-3413-4e9b-b350-2fe7dea52ed8	gb:HM370978|Organism:Influenza	94.768	1013	25	21	1	996	13	1014	0.0	1552
b54eb21a-7d05-4516-8a47-8abdf174797e	gb:HM370979|Organism:Influenza	98.041	868	8	7	1	862	877	13	0.0	1500
c65eff3c-f3f3-4073-a48d-4c82a08aaaf4	gb:HM370979|Organism:Influenza	98.509	872	6	6	1	872	13	877	0.0	1531
3506cb17-f180-4c2a-a4af-3fefdd893e3d	gb:HM370979|Organism:Influenza	95.757	872	19	15	1	861	13	877	0.0	1389
3cbed23a-be82-411a-aef6-4b9e94c238ca	gb:HM370979|Organism:Influenza	95.195	874	24	11	1	865	13	877	0.0	1365
0fba03f7-fef8-446b-934e-9da8a2291a51	gb:HM370978|Organism:Influenza	97.525	1010	10	12	1	1003	1014	13	0.0	1712
4cfe4ad6-fca9-40e2-9134-c383eaeb3322	gb:HM370978|Organism:Influenza	98.608	1006	6	8	1	1002	13	1014	0.0	1773
78ed4457-f38b-4083-a27a-35878f745e99	gb:HM370978|Organism:Influenza	98.904	1004	4	7	1	999	13	1014	0.0	1786
cfe037bb-8661-476b-be64-24d88e6002ec	gb:HM370979|Organism:Influenza	96.437	870	15	12	1	859	13	877	0.0	1421
2028cfa3-5074-4ccc-8c28-9e5462bc1483	gb:HM370978|Organism:Influenza	97.743	1019	13	9	2	1015	1	1014	0.0	1746
74ccdd4b-8bff-4c09-9209-79a6bf85ff37	gb:HM370978|Organism:Influenza	98.216	1009	7	10	1	1005	1014	13	0.0	1753
f1460af7-84ff-4ea6-a7fd-adb976e03bbc	gb:EU735798|Organism:Influenza	89.504	867	74	13	2	857	1	861	0.0	1081
8177fc8b-cbf4-41b0-9cfd-2ff9338cd3be	gb:HM370978|Organism:Influenza	97.319	1007	8	11	1	993	1014	13	0.0	1692
234c9fb1-6fc5-4e26-9be8-182790d52ceb	gb:HM370979|Organism:Influenza	91.981	848	29	23	4	821	872	34	0.0	1153
cb109e43-59c9-4601-be70-85729a13342f	gb:HM370978|Organism:Influenza	94.368	1012	29	19	6	995	1018	13	0.0	1528
9647b35d-ef21-41eb-9d7d-c4396426698e	gb:HM370979|Organism:Influenza	84.452	894	71	54	6	852	5	877	0.0	819
af0222cf-61cd-4d48-b0ba-3d470a8bd23f	gb:HM370977|Organism:Influenza	96.817	1445	20	22	1	1431	1445	13	0.0	2390
e6853b16-af55-4a32-a57d-7e9e1fdf65cf	gb:KJ889434|Organism:Influenza	90.622	1013	72	17	1	1001	13	1014	0.0	1323
ecf7d114-06f8-4c81-9841-901dc6eb2378	gb:HM370978|Organism:Influenza	96.627	1008	16	13	1	996	13	1014	0.0	1657
6e021aa3-c3b7-4da4-b85d-baad7dc5f6c9	gb:HM370978|Organism:Influenza	88.778	998	62	39	24	995	986	13	0.0	1177
bf60fafd-a45b-4e61-b9dd-8d46669615ae	gb:HM370979|Organism:Influenza	97.693	867	9	10	1	858	13	877	0.0	1480
506802a4-7edf-4276-8cc4-2fd2e43d217a	gb:HM370978|Organism:Influenza	97.132	1011	10	12	1	1001	1014	13	0.0	1688
f0a96f31-56af-4f10-9614-7e2817ca1b0f	gb:HM370979|Organism:Influenza	94.731	873	19	16	1	854	877	13	0.0	1332
6d05cf16-b91a-4058-a37f-a97c5980e1c1	gb:HM370979|Organism:Influenza	89.029	875	43	40	1	834	13	875	0.0	1035
21fbe67f-b5ab-4acc-b75e-621689274e78	gb:HM370979|Organism:Influenza	92.719	673	26	17	167	825	676	13	0.0	950
21fbe67f-b5ab-4acc-b75e-621689274e78	gb:HM370979|Organism:Influenza	98.667	75	1	0	34	108	846	772	6.65e-30	134
fd708e29-031e-459c-90d8-1423e99528c4	gb:HM370979|Organism:Influenza	95.125	882	17	17	1	873	877	13	0.0	1367
6c56ad8c-d9ed-46ed-9d18-6e15e29a0f0c	gb:HM370978|Organism:Influenza	96.634	1010	15	18	1	999	13	1014	0.0	1659
74f50bd6-57a4-411a-b19d-02976b9628e0	gb:KU663408|Organism:Influenza	84.947	950	91	39	1	912	989	54	0.0	915
29e8707b-f063-4827-90c8-733a84aee192	gb:HM370979|Organism:Influenza	98.501	867	10	3	1	866	877	13	0.0	1526
ce096a3b-4972-4d32-a09f-7a860dc81e48	gb:HM370979|Organism:Influenza	94.050	874	26	20	1	857	13	877	0.0	1303
ed218831-f5fe-4de1-a9f8-bdeb233da291	gb:HM370979|Organism:Influenza	98.048	871	4	9	1	864	877	13	0.0	1502
2a95be9a-9133-4e5e-92a3-9d4511808339	gb:HM370979|Organism:Influenza	91.023	880	42	30	1	858	877	13	0.0	1153
9eb121ef-1f1c-497b-91d1-3153d7948824	gb:HM370978|Organism:Influenza	93.504	1016	37	24	1	1001	1014	13	0.0	1483
9ed1e47a-e518-4c5c-a9a7-961ff6b81eae	gb:HM370978|Organism:Influenza	96.040	1010	14	21	105	1099	1011	13	0.0	1620
854c4e1a-3ed3-4493-ab68-b46ae2fc8445	gb:HM370978|Organism:Influenza	96.457	1016	17	17	1	1003	13	1022	0.0	1659
631c4fb2-05d0-4fbd-abcb-50e39e6310c7	gb:MF575128|Organism:Influenza	90.889	900	39	36	107	986	7	883	0.0	1168
cfbaceec-c45e-4d70-9701-2485fb8307f5	gb:HM370978|Organism:Influenza	99.203	1004	3	5	1	1001	1014	13	0.0	1805
f022b9a1-b241-416c-9d2f-38d6e2473047	gb:HM370979|Organism:Influenza	98.848	868	4	3	1	865	13	877	0.0	1543
140365b6-5e8c-4c19-b39f-bf6d8d5be9ca	gb:HM370979|Organism:Influenza	97.238	869	10	11	1	859	13	877	0.0	1459
d497cd7a-a335-4cae-994a-953e2d683d98	gb:HM370979|Organism:Influenza	92.459	862	29	22	1	832	877	22	0.0	1199
9cbcf33d-ac61-46a2-a6ab-46cfcee2ef95	gb:HM370979|Organism:Influenza	97.029	875	7	15	1	866	877	13	0.0	1454
fe90e7ce-f14f-42e7-8e9a-2ed738f2149d	gb:HM370978|Organism:Influenza	99.206	126	1	0	4	129	1024	899	3.91e-59	228
4c0590af-0363-4fde-aa2e-3d5ecaa423d5	gb:HM370978|Organism:Influenza	98.016	1008	8	7	1	1002	13	1014	0.0	1740
bd383754-28ea-418e-ace6-7f947ddbe890	gb:HM370978|Organism:Influenza	94.280	1014	34	19	1	1002	1014	13	0.0	1530
2aca3444-ac2b-46aa-8208-7b34cbcb61cf	gb:HM370978|Organism:Influenza	97.413	1005	13	11	1	995	1014	13	0.0	1700
537753c9-b533-4203-aa50-7f603f2ab3fb	gb:HM370979|Organism:Influenza	99.536	862	2	2	4	865	872	13	0.0	1568
a752cbb0-a49d-4b1c-911e-46a2aa63d77e	gb:HM370978|Organism:Influenza	99.014	1014	2	7	6	1015	1022	13	0.0	1810
23c32bdb-2781-4ecf-949d-e2d7b66a0be0	gb:HM370979|Organism:Influenza	93.478	874	24	29	1	850	877	13	0.0	1267
50b9fcc4-0348-4504-a774-2f1011eb631e	gb:HM370979|Organism:Influenza	97.704	871	7	10	1	864	13	877	0.0	1485
63a73099-615c-441e-bde5-e2103932cfed	gb:HM370979|Organism:Influenza	95.558	878	22	13	1	874	13	877	0.0	1389
87cb90ef-79a6-49fb-a558-d7a2153c6599	gb:HM370978|Organism:Influenza	98.312	1007	6	10	1	1001	1014	13	0.0	1755
0c385cd2-8162-473d-85e9-b2fdc2e2c0fe	gb:HM370978|Organism:Influenza	95.870	1017	13	20	6	1000	1022	13	0.0	1618
99430a16-127a-4f4f-a277-7643f1baf6b0	gb:HM370979|Organism:Influenza	95.205	855	23	17	28	866	865	13	0.0	1336
430641ee-e36e-4f4a-b921-2d4356af719a	gb:KM244079|Organism:Influenza	92.000	175	8	6	7	176	982	809	7.22e-63	241
84b21632-33e1-4e81-99b8-f07cacd36915	gb:HM370979|Organism:Influenza	97.572	865	7	12	19	875	19	877	0.0	1469
e8e8c469-8bab-4d93-aa86-f7d6f08180d3	gb:HM370979|Organism:Influenza	92.865	869	36	19	5	855	873	13	0.0	1238
f33309d0-52c5-4a99-8470-d45dad955a7c	gb:HM370978|Organism:Influenza	95.536	1008	18	18	11	1006	22	1014	0.0	1587
aa38136d-584d-45e2-b48d-528657228ca3	gb:HM370978|Organism:Influenza	98.513	1009	4	8	1	1005	1014	13	0.0	1770
e5b0fd32-142e-4153-9815-e186817fcf1e	gb:HM370978|Organism:Influenza	95.613	1003	17	17	14	997	999	5	0.0	1583
4cbd6e89-dd5b-4b03-8dd1-0a828a10b7d4	gb:HM370979|Organism:Influenza	88.588	885	59	32	1	863	877	13	0.0	1037
37296dc6-fcb9-4915-a076-25163c08ad9d	gb:HM370978|Organism:Influenza	96.716	1005	18	11	1	993	1014	13	0.0	1659
da535789-29e7-4ac9-ba49-63c5b618e38d	gb:HM370978|Organism:Influenza	97.018	1006	14	9	97	1087	1017	13	0.0	1677
df514e61-c81c-4506-9123-0895bd7ca691	gb:HM370978|Organism:Influenza	98.014	1007	9	9	1	1001	13	1014	0.0	1738
c01eda3d-8049-40c7-8e8b-54444e2a84d5	gb:HM370978|Organism:Influenza	98.108	1004	8	8	1	995	1014	13	0.0	1738
36c1b493-6432-4afa-9926-59f0757c6ec8	gb:HM370979|Organism:Influenza	98.733	868	3	7	1	863	877	13	0.0	1535
775fd554-844d-4316-a165-f2616df547c6	gb:HM370978|Organism:Influenza	91.601	1012	40	32	7	987	17	1014	0.0	1356
835333c7-4d10-4342-ae7f-6230cf478284	gb:HM370979|Organism:Influenza	95.528	872	14	14	1	854	877	13	0.0	1371
f4a839d6-a25e-499e-9ed6-54d2c5c25586	gb:HM370978|Organism:Influenza	97.640	1017	7	14	2	1004	1	1014	0.0	1729
e448e3d9-65eb-4164-9cfd-6e1d87469826	gb:HM370979|Organism:Influenza	98.501	867	5	5	1	861	877	13	0.0	1522
88678bec-f323-4a4f-8445-45f370d21d68	gb:HM370979|Organism:Influenza	85.582	867	57	44	8	823	870	21	0.0	846
eca9221d-2907-45b6-927c-5e6dfb24452d	gb:HM370978|Organism:Influenza	98.014	1007	12	8	1	1004	13	1014	0.0	1742
a591d6d7-e03a-43f4-9db0-b82f6def63d1	gb:HM370978|Organism:Influenza	94.646	990	15	24	21	979	32	1014	0.0	1500
b158901f-9f59-4c8f-ac87-ad84c1e67ae3	gb:HM370978|Organism:Influenza	92.488	1025	32	36	1	1003	1014	13	0.0	1424
2de75a57-5085-4093-83ff-632d53eed2a0	gb:HM370978|Organism:Influenza	98.506	1004	4	9	1	995	13	1014	0.0	1760
5c76c374-9b88-4ced-b850-b0c6b588c446	gb:HM370978|Organism:Influenza	97.030	1010	15	12	1	1003	13	1014	0.0	1685
573541c7-6f78-491f-aecc-9fe23a1dbb9d	gb:HM370978|Organism:Influenza	93.750	992	24	30	5	977	17	989	0.0	1454
cea0b395-6ece-442e-83b9-ad1746eb4c55	gb:HM370978|Organism:Influenza	92.293	1025	32	39	1	1001	1014	13	0.0	1411
5bb57548-6a10-40ab-8b02-5bc1b8907074	gb:HM370978|Organism:Influenza	99.301	1002	5	2	1	1001	1014	14	0.0	1810
d79f2fb8-8326-4140-9a18-20ea67fe773e	gb:HM370978|Organism:Influenza	98.108	1004	11	7	1	998	1014	13	0.0	1742
7a108f19-f655-43fa-b5f8-55e86d2cbd21	gb:HM370978|Organism:Influenza	97.126	1009	12	15	1	999	13	1014	0.0	1687
ead91f7b-481e-4e4b-9185-8bd6b0d99fa8	gb:JN683632|Organism:Influenza	88.976	1016	56	46	5	977	19	1021	0.0	1205
5a6ce990-e968-48f7-9d0e-ed06028f09d7	gb:HM370979|Organism:Influenza	97.232	867	18	6	1	863	877	13	0.0	1463
56480f1e-8106-4887-a38a-e2b1201b7467	gb:HM370979|Organism:Influenza	96.207	870	20	10	1	862	877	13	0.0	1411
5a25c61e-92bf-48ee-93cc-50ac48b7c857	gb:HM370979|Organism:Influenza	98.270	867	9	4	1	863	13	877	0.0	1513
7ade3282-58b1-46bc-a5bd-afa8051d2cbb	gb:HM370978|Organism:Influenza	96.230	1008	20	16	1	996	1014	13	0.0	1635
197a6700-9eea-480f-aabf-afb987376277	gb:HM370979|Organism:Influenza	94.919	866	20	20	5	851	873	13	0.0	1334
d3a8e9c5-c48f-44f2-9489-d26e89a9c90a	gb:HM370978|Organism:Influenza	96.404	1001	13	16	1	991	13	1000	0.0	1628
9827e80b-96d9-486a-ae6e-098f129f6183	gb:HM370978|Organism:Influenza	96.436	1010	16	16	1	998	1014	13	0.0	1648
4bf6c3d9-4fda-4150-b16e-c1841fa117f6	gb:HM370979|Organism:Influenza	91.465	867	40	28	8	851	871	16	0.0	1160
c67cf941-6c0f-40da-a794-5cc373413f6c	gb:HM370979|Organism:Influenza	98.385	867	9	5	1	864	877	13	0.0	1519
939d239a-1ca9-4852-84be-b3e03e907c7b	gb:HM370978|Organism:Influenza	89.086	1017	62	39	1	983	13	1014	0.0	1218
d433e72a-fced-45e0-9aec-05d2d8394238	gb:HM370979|Organism:Influenza	96.998	866	8	11	1	849	877	13	0.0	1439
90c5ce3a-e23d-42f9-b46c-e840e87118ef	gb:HM370978|Organism:Influenza	92.074	1022	42	28	1	1003	13	1014	0.0	1402
4915cf50-0d8c-468e-895f-40f9eb469ec9	gb:CY087841|Organism:Influenza	83.977	1036	87	57	1	991	1	1002	0.0	920
73255c34-9f5a-460a-9eda-6d48d1d7fa22	gb:HM370978|Organism:Influenza	97.917	1008	10	7	1	1003	1014	13	0.0	1735
32981787-1be6-4d20-98e8-e97bec904d86	gb:HM370978|Organism:Influenza	99.103	1003	7	2	1	1002	13	1014	0.0	1801
a013dd41-fdc4-4c3b-bb4a-c8aab002feb1	gb:HM370979|Organism:Influenza	96.793	873	11	11	1	864	877	13	0.0	1441
54ce2a71-c80c-40e1-b5ce-bb277ee6f3c5	gb:HM370978|Organism:Influenza	94.742	1008	24	25	1	985	1014	13	0.0	1541
706dac1c-d6b3-482c-ac1c-e546a22fba91	gb:HM370978|Organism:Influenza	93.498	1015	29	31	1	991	1014	13	0.0	1474
dab5a6ab-465a-4569-a9c2-3a8ad35a2724	gb:HM370978|Organism:Influenza	97.329	1011	7	14	1	1000	13	1014	0.0	1700
dd149d03-e106-4bb5-95de-22647d8824ab	gb:HM370978|Organism:Influenza	97.716	1007	12	9	1	1001	1014	13	0.0	1722
42d67d1f-8f56-48f6-93d9-a985d81cbf6d	gb:HM370978|Organism:Influenza	98.993	993	5	4	10	998	23	1014	0.0	1773
74501104-7bb0-4bce-a677-76d4cb15dc65	gb:HM370978|Organism:Influenza	96.340	1011	14	20	1	997	13	1014	0.0	1640
e13b9955-9f7e-4a39-b74d-ce5943caa5f3	gb:HM370978|Organism:Influenza	93.996	1016	30	27	1	999	1014	13	0.0	1509
569dcaf1-7360-4851-aa01-e487e6eab6d1	gb:HM370978|Organism:Influenza	92.352	1033	25	39	101	1100	1024	13	0.0	1421
a46852d6-48b1-4e0a-9bef-dc9d54b37959	gb:HM370978|Organism:Influenza	96.906	1002	18	11	10	1007	22	1014	0.0	1666
571698af-5b37-4e4b-8b3a-fc32e3325333	gb:HM370979|Organism:Influenza	97.474	871	14	6	1	869	877	13	0.0	1480
43de4794-2c9e-48e4-b06f-bc55b0a95247	gb:HM370979|Organism:Influenza	97.572	865	9	11	5	862	872	13	0.0	1471
1f6a24cc-63e2-4521-85b7-57d889a9167f	gb:HM370978|Organism:Influenza	95.553	1012	14	28	1	991	13	1014	0.0	1591
d91c56f8-10d3-4759-8589-9809811ab460	gb:HM370978|Organism:Influenza	96.112	1003	22	13	1	987	1014	13	0.0	1620
1b8f93a5-009f-4e15-a444-03e6529047d4	gb:HM370978|Organism:Influenza	95.635	1008	20	21	1	990	1014	13	0.0	1596
9ae3eee5-6991-44b6-833a-52f0152395a6	gb:HM370979|Organism:Influenza	99.654	866	2	1	1	866	877	13	0.0	1581
4bb7a7a6-eeda-4522-9a8b-bcc35edae1a1	gb:HM370978|Organism:Influenza	92.178	1010	41	30	1	980	13	1014	0.0	1393
39176875-2845-4b0d-94d7-a9f7a9502dd2	gb:HM370979|Organism:Influenza	97.133	872	11	13	1	865	877	13	0.0	1459
cf4a51ef-f91c-4b48-8b10-a160cc677f99	gb:HM370979|Organism:Influenza	90.764	877	50	28	1	864	13	871	0.0	1142
f3d63996-17c6-4b57-9c36-f8aedf1e50e5	gb:HM370978|Organism:Influenza	97.919	1009	9	11	1	1004	13	1014	0.0	1736
7a276b0b-046b-4b6f-bb7c-0489ab453a72	gb:HM370978|Organism:Influenza	98.004	1002	12	6	1	994	1014	13	0.0	1733
60c6da55-4c13-4851-9b97-c3f58a6c61b3	gb:HM370978|Organism:Influenza	96.545	1013	14	14	1	1003	1014	13	0.0	1657
cea2113d-28ca-43f2-87c0-4f566ef70da9	gb:HM370978|Organism:Influenza	89.126	1030	49	45	2	998	15	1014	0.0	1223
a5502e5b-3197-495c-988f-d480ef85da0f	gb:HM370979|Organism:Influenza	89.989	879	43	31	1	848	877	13	0.0	1094
2a4d9122-ec28-4df0-8a15-134b9b5509ca	gb:HM370979|Organism:Influenza	98.616	867	9	3	1	866	877	13	0.0	1531
5f737b43-d31b-494f-8fbf-398bc4de831f	gb:HM370979|Organism:Influenza	98.501	867	7	6	1	863	877	13	0.0	1524
180222e2-eac2-4d5a-b9ed-b6ec1f5f072a	gb:HM370978|Organism:Influenza	89.244	1032	42	50	8	992	1022	13	0.0	1227
3e59fd58-3f40-4a5c-9172-bdcb06fe317b	gb:HM370978|Organism:Influenza	88.496	1017	63	42	1	978	13	1014	0.0	1181
878bb5be-f80d-445b-aedf-262daeadbdf1	gb:HM370979|Organism:Influenza	96.203	869	16	12	1	856	13	877	0.0	1406
06178a21-eb8c-483b-bc9f-fb930e869a9a	gb:HM370979|Organism:Influenza	97.393	844	13	8	1	835	877	34	0.0	1428
b3d444cc-7e88-49a4-b2b4-eef4e22567ab	gb:HM370979|Organism:Influenza	95.392	217	5	4	98	313	889	677	1.67e-92	340
b3d444cc-7e88-49a4-b2b4-eef4e22567ab	gb:HM370979|Organism:Influenza	96.552	87	3	0	305	391	791	877	1.41e-33	145
c1eef54d-7f43-4865-b687-6bfc317a3d86	gb:HM370978|Organism:Influenza	96.552	1015	15	14	1	1008	13	1014	0.0	1663
15ca9a6a-4964-42a6-9e13-82048ecae368	gb:HM370978|Organism:Influenza	94.526	1023	27	22	4	1008	1024	13	0.0	1552
4e0323f1-56eb-48a1-8ef2-02e890ca1af1	gb:HM370979|Organism:Influenza	96.380	801	12	13	1	795	877	88	0.0	1303
b7700537-3261-4fcc-ab6d-bda6b63b882e	gb:HM370978|Organism:Influenza	98.817	1014	3	6	1	1010	13	1021	0.0	1797
8c6157ba-90c8-446c-a3df-f1c3d798820e	gb:HM370979|Organism:Influenza	98.152	866	9	5	3	863	876	13	0.0	1504
d210e787-e4f9-4fcb-86ee-37c47956c315	gb:HM370978|Organism:Influenza	97.904	1002	9	11	1	990	1014	13	0.0	1724
8438924e-d38e-446b-902a-43d51ed3badf	gb:HM370979|Organism:Influenza	97.392	882	14	5	2	879	1	877	0.0	1493
97c26c71-3afe-48fa-8033-8584006a3fd3	gb:HM370979|Organism:Influenza	86.118	814	65	42	89	878	802	13	0.0	833
b5e6368d-f396-48f5-b94b-273316e53502	gb:HM370978|Organism:Influenza	97.311	1004	10	15	1	997	1014	21	0.0	1688
3b0c835d-8082-4301-bb00-f76186662f56	gb:HM370979|Organism:Influenza	98.722	861	5	4	6	861	872	13	0.0	1524
63f53f75-8107-4516-9547-e9631658907c	gb:HM370978|Organism:Influenza	95.389	976	32	13	27	994	44	1014	0.0	1541
3b87da49-ba0a-42b9-8985-c2fce7245303	gb:HM370978|Organism:Influenza	87.938	1028	60	51	1	990	13	1014	0.0	1153
36144b91-04a5-45fb-bf5a-9f28442ba504	gb:HM370978|Organism:Influenza	97.222	1008	12	14	1	998	13	1014	0.0	1692
e6163311-57be-44df-8ae4-ddfeefcd79a6	gb:HM370978|Organism:Influenza	98.410	1006	8	7	1	1002	1014	13	0.0	1762
27a8ec54-2dec-4c0f-9462-f9e94898ff99	gb:HM370978|Organism:Influenza	97.714	1006	16	7	1	1003	1014	13	0.0	1724
5ed65220-e095-4f2d-a8b9-aee70d85ece0	gb:HM370979|Organism:Influenza	91.600	881	38	28	1	861	877	13	0.0	1184
4c381735-f7c7-486c-b2f8-198e35aa4d1f	gb:HM370978|Organism:Influenza	98.109	1005	8	10	1	997	13	1014	0.0	1740
d7cefbf3-b0bd-4ea1-9f2d-52366e05b8e2	gb:HM370978|Organism:Influenza	91.626	1027	44	34	7	1009	6	1014	0.0	1382
9c214c59-d9f0-4139-b3b9-d0aee2fd379d	gb:HM370978|Organism:Influenza	96.347	1013	12	20	1	999	13	1014	0.0	1642
f74ebea3-f11e-4e08-81d0-7ce7a70c2d83	gb:HM370978|Organism:Influenza	96.252	1014	14	21	1	1002	1014	13	0.0	1640
661a3e72-05a1-4b26-890c-913bfefc9ff1	gb:HM370978|Organism:Influenza	96.720	1006	9	17	1	985	13	1015	0.0	1653
1e2bb8c1-a162-464f-bf96-c53381cfc887	gb:HM370979|Organism:Influenza	98.039	867	7	9	1	859	13	877	0.0	1498
84e1cfef-1be3-42c8-8f43-06a5780a92c9	gb:HM370979|Organism:Influenza	97.717	876	14	6	3	875	885	13	0.0	1502
d16e378c-e7e9-47bc-825b-971604056ebc	gb:HM370978|Organism:Influenza	97.527	1011	11	13	1	1006	1014	13	0.0	1716
b35dc600-adbd-415a-b9b0-3c853aaf99e5	gb:HM370978|Organism:Influenza	97.009	1003	11	15	1	985	1014	13	0.0	1668
b0fefa66-44e9-4276-9180-86ef9373f766	gb:EU735822|Organism:Influenza	93.548	868	48	7	1	863	865	1	0.0	1286
298102a7-d835-4814-9607-09eabc4a6638	gb:HM370978|Organism:Influenza	97.517	1007	7	11	1	994	13	1014	0.0	1705
0b8914a7-ebbe-423e-a7de-aedb4dd812b1	gb:HM370978|Organism:Influenza	96.429	1008	20	13	1	998	13	1014	0.0	1648
0dd04942-ffd0-4400-972a-a139fa06f5c1	gb:HM370979|Organism:Influenza	93.417	881	38	15	1	870	13	884	0.0	1288
4ad7c85e-0886-4328-9bf6-5e11bbe11a8f	gb:HM370978|Organism:Influenza	96.464	1018	19	14	2	1006	1	1014	0.0	1664
d153bf43-021f-4bff-8892-ba5e4ce603fe	gb:HM370979|Organism:Influenza	99.423	867	3	2	1	867	13	877	0.0	1572
97b10595-4a9a-4d17-945d-a6b2632df939	gb:HM370979|Organism:Influenza	97.103	863	13	9	4	857	872	13	0.0	1445
e549baf5-ca28-4f54-a17a-d3f18460449f	gb:HM370978|Organism:Influenza	97.811	1005	11	10	1	997	13	1014	0.0	1724
ca314f22-82b3-4ed8-987f-ace5a0a73858	gb:HM370979|Organism:Influenza	94.084	879	25	16	111	968	885	13	0.0	1310
b8b2b873-027d-447d-9714-7a78127e145d	gb:HM370978|Organism:Influenza	96.514	1004	16	16	3	990	14	1014	0.0	1642
072018b3-b184-4870-8dce-a0751a886fc9	gb:HM370979|Organism:Influenza	96.544	868	14	11	1	858	877	16	0.0	1423
1331f50d-5a8e-410d-afbd-8536fe4e997b	gb:HM370978|Organism:Influenza	96.829	1009	10	17	1	994	1014	13	0.0	1666
79ec5251-0758-4b22-8d4b-20d1adeceb46	gb:HM370979|Organism:Influenza	93.929	873	26	23	1	853	12	877	0.0	1293
d3dc2a84-6e63-473c-a672-4390b7819d5c	gb:HM370979|Organism:Influenza	97.578	867	11	10	3	865	873	13	0.0	1476
79b3e720-8c00-4a7b-95c0-9affab636e68	gb:HM370978|Organism:Influenza	98.504	1003	7	6	1	996	13	1014	0.0	1762
89001b1e-66e9-4844-893b-c78bdb8122ee	gb:HM370979|Organism:Influenza	94.960	873	21	18	1	858	13	877	0.0	1347
7806a810-608e-4ca3-b1f9-9bb61a6bdd95	gb:HM370978|Organism:Influenza	94.538	1007	29	20	13	1001	1011	13	0.0	1531
c200ed16-0d05-4ee0-a97e-69ede4567d9d	gb:HM370978|Organism:Influenza	95.549	1011	28	15	1	1003	1014	13	0.0	1602
86e9b138-886f-4dba-8cb1-c0e5d8744682	gb:HM370978|Organism:Influenza	96.687	996	17	11	4	985	18	1011	0.0	1642
e29229a3-b837-4af2-85d6-f8b438c348cb	gb:HM370978|Organism:Influenza	98.802	1002	7	2	1	997	1014	13	0.0	1779
a510e5cd-4a22-4ba1-83d6-d51157addc51	gb:HM370979|Organism:Influenza	92.141	878	36	28	1	858	877	13	0.0	1208
8c79671a-0522-48dc-b7e3-046ea109969a	gb:HM370979|Organism:Influenza	97.816	870	10	9	1	866	877	13	0.0	1493
eff40635-547a-454f-9691-1b5726493aa1	gb:HM370978|Organism:Influenza	99.303	1004	3	3	1	1002	13	1014	0.0	1812
41c594ce-de45-476e-b2df-369e3cef14c2	gb:HM370978|Organism:Influenza	91.642	1017	39	36	1	986	13	1014	0.0	1365
64958bd3-dcf1-4e96-95b9-f4506c67c65d	gb:HM370978|Organism:Influenza	98.905	1005	6	5	1	1003	1014	13	0.0	1790
b7c46313-5d05-418a-a58c-e9bfc585953e	gb:HM370978|Organism:Influenza	96.928	1009	17	11	1	1002	1014	13	0.0	1679
240ecafb-fe4f-49fb-8376-73309eea9084	gb:HM370978|Organism:Influenza	96.161	1016	15	20	1	1006	13	1014	0.0	1639
2092c91b-9db6-4db6-aa6f-cc696c9fb957	gb:HM370979|Organism:Influenza	96.678	873	10	16	1	862	877	13	0.0	1434
b99cdcc6-1ebd-4285-bf5d-d7a3821d56c8	gb:HM370979|Organism:Influenza	98.502	868	4	6	1	862	13	877	0.0	1522
08b3a6b7-31ef-478f-b6e9-e6d384b33493	gb:HM370978|Organism:Influenza	98.806	1005	5	5	1	1001	1014	13	0.0	1783
bb1c4f4e-ca37-4bb0-a244-7712a99e689e	gb:HM370979|Organism:Influenza	97.931	870	8	8	1	865	877	13	0.0	1498
5ade817f-6dc1-47c9-9049-5ae1b617b08d	gb:HM370978|Organism:Influenza	97.018	1006	14	14	1	994	13	1014	0.0	1677
1c9127f5-61d7-40e7-a712-a9e3ec207895	gb:HM370978|Organism:Influenza	97.316	1006	8	14	1	994	13	1011	0.0	1690
d574fdb3-a75d-4bbb-8957-40e0abefbb30	gb:HM370978|Organism:Influenza	94.083	1014	23	29	1	989	1014	13	0.0	1506
7c2fc425-9867-4a43-a215-8a3218baf74a	gb:HM370978|Organism:Influenza	92.871	1010	41	27	1	987	1014	13	0.0	1437
f6a11b0a-b07c-4266-808a-bb77f90a337a	gb:HM370978|Organism:Influenza	97.811	1005	12	6	1	998	1014	13	0.0	1725
b1faeac3-bd21-4a15-ba0a-955a32b55478	gb:HM370979|Organism:Influenza	98.016	857	7	8	25	878	862	13	0.0	1480
86839c0b-9680-4be5-96d3-009c173e542a	gb:HM370978|Organism:Influenza	92.731	1018	46	21	1	1006	13	1014	0.0	1445
e7f64b51-95d7-4c14-817e-3b6e0bd961a8	gb:HM370979|Organism:Influenza	90.417	887	39	37	1	863	13	877	0.0	1125
bc428e08-779d-4dec-8cd8-6a64ea9f779c	gb:HM370979|Organism:Influenza	92.264	879	31	33	1	856	13	877	0.0	1212
6ec18cbc-eaed-481a-b302-c18b46081e81	gb:HM370978|Organism:Influenza	96.964	1021	16	9	7	1023	1022	13	0.0	1700
a616c823-6644-40ab-a6f9-18549929abad	gb:HM370979|Organism:Influenza	96.998	866	18	7	1	859	877	13	0.0	1448
3fb8d447-143c-487e-8c79-6499ef26725c	gb:HM370979|Organism:Influenza	95.517	870	22	14	1	859	13	876	0.0	1375
9622b409-d37d-4cda-b1da-da7f12cfecce	gb:HM370979|Organism:Influenza	96.939	882	16	11	2	877	1	877	0.0	1469
84b8a743-39ce-4650-a249-50fccacd3935	gb:HM370979|Organism:Influenza	97.005	868	11	11	5	867	870	13	0.0	1445
897e5f33-dfd6-4762-92fe-a33655e54512	gb:HM370978|Organism:Influenza	96.925	1008	17	10	1	1000	13	1014	0.0	1677
41dd5bdb-d615-402c-acf8-6eaaaea69a69	gb:DQ997402|Organism:Influenza	81.967	1037	123	54	1	1001	13	1021	0.0	821
79ed15f9-a944-47f3-8c56-c2fdcb2f14eb	gb:HM370963|Organism:Influenza	92.801	1014	33	32	1	986	1014	13	0.0	1432
f9016983-cfc1-45f7-9032-e74cac93dcd3	gb:HM370979|Organism:Influenza	93.743	879	24	25	1	862	13	877	0.0	1290
a9fe555c-df25-49f1-a17a-b11e90067009	gb:HM370978|Organism:Influenza	98.111	1006	8	11	1	999	13	1014	0.0	1742
6a4da957-eadb-4637-a80a-d18abcb4bb56	gb:HM370978|Organism:Influenza	98.037	1019	8	10	1	1011	1027	13	0.0	1760
82ebbf47-4b07-4e55-87f6-15b992f5150b	gb:HM370978|Organism:Influenza	96.351	1014	11	19	1	1000	1014	13	0.0	1644
a38e995e-360d-48c6-b3c3-7cf87f487ead	gb:HM370979|Organism:Influenza	97.356	870	3	14	1	855	13	877	0.0	1461
