da89b331-1526-42cc-9bd3-d95f9c4e96f7	gb:HM370978|Organism:Influenza	97.012	1004	22	7	1	998	1014	13	0.0	1681
75a63472-6480-4e2e-a52c-b3893dd6175a	gb:HM370978|Organism:Influenza	99.102	1002	5	4	1	998	1014	13	0.0	1797
0d04f793-f570-4a63-921d-fd3576455398	gb:HM370966|Organism:Influenza	97.518	282	6	1	1	281	1939	2220	6.62e-135	481
67d49cde-c8fe-4bcf-8813-1b39586b357d	gb:HM370966|Organism:Influenza	86.942	291	20	12	1	282	2220	1939	9.23e-84	311
224db4ca-20ef-4090-97c6-ed5de3b8cc63	gb:JN706699|Organism:Influenza	98.587	283	3	1	1	283	1939	2220	1.84e-140	499
68d722a7-44af-4c49-aefb-4b86d36d1844	gb:HM370972|Organism:Influenza	97.535	284	3	4	1	281	2328	2046	1.84e-135	483
47854663-7d5e-4905-bace-234386bbb042	gb:CY014791|Organism:Influenza	97.143	210	1	4	1	205	2233	2024	2.15e-95	350
47854663-7d5e-4905-bace-234386bbb042	gb:CY014791|Organism:Influenza	94.262	122	5	2	190	309	2099	2220	6.43e-46	185
25746ed8-9c5a-47d4-8a82-bf1b9d6c2f8c	gb:HM370972|Organism:Influenza	100.000	283	0	0	1	283	2328	2046	1.09e-147	523
49dc2a9d-eafd-434a-af9a-1dd68b326db2	gb:HM370966|Organism:Influenza	97.518	282	4	1	1	279	2220	1939	2.36e-134	479
47ae3abe-ad1a-4366-a579-65b881a3800f	gb:HM370978|Organism:Influenza	98.004	1002	9	8	1	991	1014	13	0.0	1729
019e00d7-3725-4b24-8ea2-c9b1765e8aa8	gb:HM370978|Organism:Influenza	96.835	1011	14	15	1	1002	1014	13	0.0	1674
36f9e4c1-bce6-4c7c-a674-1f4b358d5455	gb:HM370966|Organism:Influenza	92.759	290	7	6	1	284	1939	2220	1.15e-112	407
8d47a9aa-8766-43b6-b438-d2ef13ee01d5	gb:HM370966|Organism:Influenza	96.127	284	4	5	1	279	2220	1939	1.11e-127	457
8bc71632-83b9-416a-ac4e-02f383efaf77	gb:HM370966|Organism:Influenza	93.750	288	6	9	1	282	2220	1939	4.09e-117	422
631a5bfd-78fd-4e99-a65c-ff8960a929ad	gb:HM370966|Organism:Influenza	96.479	284	7	3	1	283	2220	1939	1.87e-130	466
ec1b5b9e-6d48-4a90-831a-f79d8178adc7	gb:HM370966|Organism:Influenza	88.889	288	13	15	1	275	1939	2220	1.48e-91	337
101a73fe-d871-43a8-b99f-a339f560926d	gb:HM370966|Organism:Influenza	91.228	285	16	7	1	279	1939	2220	2.47e-104	379
119a6bd8-2069-4f0c-a84c-6fbb882c6fb6	gb:HM370966|Organism:Influenza	94.346	283	9	4	1	277	2220	1939	8.62e-119	427
b95a019b-ca9a-4b5d-bb04-584afb9dafa7	gb:CY116734|Organism:Influenza	83.499	1006	114	40	17	990	17	1002	0.0	891
37a35a35-748d-44fa-b0ca-0fcd1ad0051a	gb:HM370978|Organism:Influenza	96.832	1010	8	15	1	994	13	1014	0.0	1666
b8b5345b-8a31-4145-8912-181cf8f57756	gb:HM370978|Organism:Influenza	95.904	1001	15	23	1	983	13	1005	0.0	1598
3c46b32a-0c1f-4aae-ac8e-143e527b30f7	gb:HM370966|Organism:Influenza	95.760	283	5	6	1	277	2220	1939	1.84e-125	449
5bee8b6f-11b7-453e-a2ad-ec722d2245b8	gb:HM370966|Organism:Influenza	98.227	282	4	1	1	281	2220	1939	3.06e-138	492
bd37b42c-3d16-4f5e-afdc-e0c3c5ce4b96	gb:HM370966|Organism:Influenza	97.518	282	7	0	1	282	2220	1939	1.85e-135	483
e786d11b-559c-428e-b8c4-82240e632649	gb:HM370966|Organism:Influenza	94.077	287	7	8	1	282	2220	1939	8.79e-119	427
19216940-f1b8-4594-864b-bc11709d8322	gb:HM370978|Organism:Influenza	97.467	987	11	8	19	995	995	13	0.0	1672
8e128da7-f470-44e4-a29a-3e650666803c	gb:HM370966|Organism:Influenza	98.582	282	2	2	3	283	1940	2220	6.63e-140	497
fcbf7641-0880-4965-af54-e010406a0bd7	gb:HM370966|Organism:Influenza	97.872	282	6	0	1	282	1939	2220	3.97e-137	488
54bd173e-daf3-4b74-b4ba-ba670661f9d5	gb:HM370966|Organism:Influenza	92.281	285	13	5	20	300	1941	2220	2.64e-109	396
1e4b3b2e-089b-4f7e-88bc-1a5f1a80c3d2	gb:HM370974|Organism:Influenza	99.177	243	2	0	1	243	1939	2181	5.37e-122	438
1e4b3b2e-089b-4f7e-88bc-1a5f1a80c3d2	gb:HM370974|Organism:Influenza	100.000	55	0	0	236	290	1988	1934	8.00e-21	102
