1978686d-74ac-412e-9b49-19cfbec2da86	gb:HM370978|Organism:Influenza	93.688	1014	23	28	1	985	1014	13	0.0	1480
bcafe76f-c4aa-496a-a796-4bbdbcdecd23	gb:HM370978|Organism:Influenza	93.861	1010	33	20	1	989	13	1014	0.0	1495
3e7aba87-6db2-43aa-8fab-e15e6ef2b5ac	gb:HM370978|Organism:Influenza	90.588	1020	53	34	1	995	1014	13	0.0	1312
a5419c47-3a4a-44a9-9201-2ad26537506c	gb:HM370978|Organism:Influenza	97.711	1005	13	8	1	998	1014	13	0.0	1720
cf6a5597-de7e-43aa-bc95-31bc4743c84f	gb:HM370978|Organism:Influenza	98.509	1006	5	7	1	1000	1014	13	0.0	1766
c5281f16-520c-4299-882b-ed22a1964134	gb:HM370978|Organism:Influenza	93.670	1011	35	25	5	998	16	1014	0.0	1485
15236def-9f9c-4b6a-aaf0-120fab287cad	gb:HM370978|Organism:Influenza	97.024	1008	16	13	1	1000	13	1014	0.0	1683
c55b30ce-54dc-4b91-a0a6-fa1f391af05f	gb:HM370978|Organism:Influenza	98.218	1010	3	12	1	1003	1014	13	0.0	1751
32cb6007-b4c2-48c7-880d-574398390e46	gb:HM370978|Organism:Influenza	96.731	887	13	13	1	877	13	893	0.0	1463
d8c37757-4b72-47a0-af85-47da5730d84e	gb:HM370978|Organism:Influenza	88.703	1018	69	38	5	997	17	1013	0.0	1201
ab79ff29-e9d1-4acf-8738-387d2ea5f2f8	gb:HM370978|Organism:Influenza	94.920	1004	16	27	7	984	20	1014	0.0	1539
6bf60707-5d48-4386-ab7c-013763e7b9ed	gb:HM370978|Organism:Influenza	97.512	1005	12	12	1	995	13	1014	0.0	1705
4659e906-7bcd-419b-95e9-a4320366c214	gb:HM370978|Organism:Influenza	98.406	1004	6	8	1	996	1014	13	0.0	1757
02163d9f-0028-4f4c-85e9-7286b7b36f90	gb:HM370978|Organism:Influenza	89.453	1024	50	45	1	989	13	1013	0.0	1240
11edeb49-70dc-44ba-9079-c5835f0bef97	gb:HM370978|Organism:Influenza	96.326	1007	18	17	1	993	1014	13	0.0	1637
b1264d35-05a7-451d-ac08-67432d50cf70	gb:HM370978|Organism:Influenza	97.258	1021	9	17	2	1010	1	1014	0.0	1712
39385c6f-c81c-4852-9913-6e6d5f228cdc	gb:HM370978|Organism:Influenza	95.730	1007	25	16	1	994	13	1014	0.0	1605
214a35d8-d8bb-4f53-b7a7-e5f285e7470b	gb:HM370978|Organism:Influenza	98.512	1008	5	6	1	1004	13	1014	0.0	1770
08a91fa5-8745-4bcd-af20-4be35f6b3426	gb:HM370978|Organism:Influenza	97.129	1010	10	13	1	999	1014	13	0.0	1687
59cd0637-5dd5-4b85-a245-104a676ddb32	gb:HM370978|Organism:Influenza	95.850	1012	18	17	1	998	13	1014	0.0	1615
42e707d7-34bf-4d68-ab1f-164312491169	gb:HM370978|Organism:Influenza	97.140	1014	14	13	1	1004	13	1021	0.0	1698
25116ca4-65a9-44cf-8988-396d8ca6a9d9	gb:HM370978|Organism:Influenza	96.304	1028	15	18	1	1018	13	1027	0.0	1666
3da4f07c-af57-43a1-81e6-0bcbb7abd124	gb:HM370978|Organism:Influenza	98.606	1004	8	6	1	1000	13	1014	0.0	1772
7bd4a099-2323-42b5-9b46-396a82817532	gb:HM370978|Organism:Influenza	97.208	1003	16	10	1	992	1014	13	0.0	1687
a26699b5-a05d-4951-96c1-575df7f3040a	gb:HM370978|Organism:Influenza	94.283	997	30	25	22	1003	997	13	0.0	1500
8cbefdf6-d514-4944-b410-53bfa1b021d2	gb:HM370978|Organism:Influenza	97.913	1006	12	8	1	1001	13	1014	0.0	1733
a3ef45e3-6b77-447f-b7ba-5fe861c65bf5	gb:HM370978|Organism:Influenza	97.421	1008	12	11	1	1000	13	1014	0.0	1705
44b5299c-4640-4ce7-895a-79f5dfbf1c3d	gb:HM370978|Organism:Influenza	94.554	1010	27	22	1	990	13	1014	0.0	1535
2c4f8e04-2e0a-4440-a02d-a752b57fb843	gb:HM370978|Organism:Influenza	96.063	1016	20	16	1	1010	1014	13	0.0	1637
8199204a-4d49-4f74-89b9-13139f766a67	gb:HM370978|Organism:Influenza	90.294	1020	53	33	1	992	13	1014	0.0	1293
1394d065-bd85-4690-aa70-ab9f3af893fa	gb:HM370978|Organism:Influenza	98.900	1000	5	6	5	999	1011	13	0.0	1781
44268d82-86a7-48ef-8b63-9fdb7aec972b	gb:HM370978|Organism:Influenza	97.707	1003	13	9	1	994	13	1014	0.0	1716
2e44fd46-1dd1-41c6-8c90-354c46f68bc7	gb:HM370978|Organism:Influenza	93.412	1017	30	28	1	995	1014	13	0.0	1472
85efb2d5-6810-45f2-98b4-af724791e3b3	gb:HM370978|Organism:Influenza	96.096	999	14	16	1	978	13	1007	0.0	1605
b4d744f0-cbfe-44c9-aa20-534d101948ec	gb:HM370978|Organism:Influenza	97.428	1011	13	11	1	1007	1014	13	0.0	1711
a13efa34-9a31-445c-819d-f73ed1aadaa7	gb:HM370978|Organism:Influenza	99.501	1002	2	2	1	999	1014	13	0.0	1820
71bab1aa-d101-4cd6-8204-05c3c02a049f	gb:HM370978|Organism:Influenza	94.960	1012	21	25	5	999	1011	13	0.0	1559
8bc42679-11dd-4cc5-96da-58a283abace3	gb:HM370978|Organism:Influenza	97.018	1006	15	11	1	995	13	1014	0.0	1677
876e051a-af97-428c-a543-a772daaf8238	gb:HM370978|Organism:Influenza	96.749	1015	16	14	1	1011	1014	13	0.0	1676
485f7eaa-c132-4bb1-9a6b-bd7a93e1d9f0	gb:CY130127|Organism:Influenza	82.495	1034	111	53	31	1040	15	1002	0.0	843
818dc1cb-b974-41c3-80bd-4da21fc9bcc0	gb:HM370978|Organism:Influenza	97.222	1008	14	13	1	1000	13	1014	0.0	1694
947a08f8-e913-4302-b861-5737b5198872	gb:HM370978|Organism:Influenza	93.393	1014	42	23	1	1001	13	1014	0.0	1478
56da40e6-dd92-4e36-b0ad-a961ee00f1ee	gb:HM370978|Organism:Influenza	95.000	1020	24	21	6	1006	1024	13	0.0	1576
5d453f43-e9b0-4667-a32f-cf70fc8065bb	gb:HM370978|Organism:Influenza	96.340	1011	17	18	1	1001	1014	14	0.0	1644
f683734c-365e-45d0-bedf-cecbda7b09d6	gb:HM370978|Organism:Influenza	97.217	1006	10	14	1	992	13	1014	0.0	1687
25875bb1-7ff0-49cf-afb6-a6afc44a7267	gb:HM370975|Organism:Influenza	97.577	1775	26	14	1	1770	1775	13	0.0	3024
2373cfb5-4844-4698-b70e-97eb870a3b16	gb:HM370978|Organism:Influenza	91.240	1016	42	35	1	977	13	1020	0.0	1339
cd6a35b3-999d-458f-a822-efab461eccbf	gb:HM370978|Organism:Influenza	97.021	1007	12	12	1	994	1014	13	0.0	1677
e589bea9-0fa3-4332-bb12-1620a8fa98ef	gb:CY029975|Organism:Influenza	83.733	1002	113	36	30	1005	978	1	0.0	902
15413d51-1b30-4596-9e7c-47c7bd08949a	gb:HM370978|Organism:Influenza	96.032	1008	24	11	4	1003	15	1014	0.0	1626
77d892ec-dda8-4ff6-a5f2-78c11d759086	gb:HM370978|Organism:Influenza	96.937	1012	10	14	1	1001	13	1014	0.0	1677
701f22f8-986a-4ee9-965f-5af1d7e60a2e	gb:HM370978|Organism:Influenza	97.542	1017	13	11	1	1007	13	1027	0.0	1729
4386f170-e79e-4acf-a626-45a7feb0a848	gb:HM370978|Organism:Influenza	97.809	1004	11	9	1	995	13	1014	0.0	1722
efafded4-43f2-4c66-a8b2-73a8a1601be9	gb:HM370978|Organism:Influenza	87.788	1040	58	53	1	1009	1014	13	0.0	1153
561238bc-d17d-4ceb-b193-433726b2f87c	gb:GU052823|Organism:Influenza	89.042	1013	78	25	1	991	1	1002	0.0	1225
eb4b40af-fbf4-4f73-b813-e7d2f02286ca	gb:HM370978|Organism:Influenza	91.051	1028	49	37	1	1003	13	1022	0.0	1349
ec3a4da6-f330-4e58-b92b-25e1e8cb94e8	gb:HM370978|Organism:Influenza	94.650	1028	20	28	104	1112	1024	13	0.0	1561
45eef049-82b9-4296-aa5a-0b110be4a4bd	gb:HM370978|Organism:Influenza	92.787	1012	36	25	1	985	13	1014	0.0	1430
b6bdea9d-f897-4110-8f2d-5dafcf14522d	gb:HM370978|Organism:Influenza	95.079	1016	18	27	1	998	1014	13	0.0	1570
b6b9b8a9-088b-421e-aa54-e0a0d13b502f	gb:HM370978|Organism:Influenza	92.051	1019	38	31	1	993	1014	13	0.0	1393
0cbdb250-a7c7-4a80-9814-3f7730051c44	gb:HM370978|Organism:Influenza	95.850	1012	16	19	3	999	14	1014	0.0	1613
ae6b6f6d-ca78-4975-86ed-da638aa5df44	gb:HM370978|Organism:Influenza	96.784	995	20	11	1	988	13	1002	0.0	1650
ae6b6f6d-ca78-4975-86ed-da638aa5df44	gb:HM370978|Organism:Influenza	95.480	708	12	13	977	1668	704	1	0.0	1112
5f30c46b-a6c0-48ff-aaea-327e224b63d2	gb:JN683632|Organism:Influenza	86.706	1023	75	54	1	983	13	1014	0.0	1079
98426832-daa2-4d3a-8856-55b1d25ecbfb	gb:HM370978|Organism:Influenza	88.889	1017	57	47	13	987	12	1014	0.0	1201
c2a68323-8396-45ed-bbf2-592530060134	gb:HM370978|Organism:Influenza	93.600	875	26	22	1	858	1027	166	0.0	1279
c2a68323-8396-45ed-bbf2-592530060134	gb:HM370978|Organism:Influenza	82.867	607	31	51	1038	1593	431	1015	5.23e-133	477
c2a68323-8396-45ed-bbf2-592530060134	gb:HM370978|Organism:Influenza	86.458	192	13	12	852	1034	177	364	4.56e-49	198
e3d82702-eb55-44d9-9348-0e31c877bd5b	gb:HM370978|Organism:Influenza	95.862	1015	21	15	1	1007	1014	13	0.0	1622
9f36b46e-03f7-4950-beb8-da54a0855ced	gb:HM370978|Organism:Influenza	97.638	1016	10	13	2	1005	1	1014	0.0	1731
22b02eff-eb5c-4e8c-ae4c-7c8e38979c4a	gb:KJ889434|Organism:Influenza	90.307	1011	69	22	1	991	13	1014	0.0	1297
634946fc-cd37-4a9c-98c7-702b57b2c228	gb:HM370978|Organism:Influenza	98.109	1005	15	3	1	1004	13	1014	0.0	1748
d33e3f64-ee51-4e38-8c00-cee8adc914e3	gb:HM370978|Organism:Influenza	95.158	1012	20	22	1	993	1014	13	0.0	1570
e987d390-162d-4837-a5aa-28964460266a	gb:HM370978|Organism:Influenza	97.738	1017	11	9	2	1009	1	1014	0.0	1740
66498b76-5503-4860-8a1c-524f9859ef87	gb:HM370978|Organism:Influenza	97.120	1007	16	11	1	999	13	1014	0.0	1687
8623a93c-1500-4071-96e4-66656b948b97	gb:HM370978|Organism:Influenza	97.423	1009	10	11	1	1000	13	1014	0.0	1705
d243a4ed-dbb5-448b-9f6a-47365ed2eca3	gb:HM370978|Organism:Influenza	96.575	1022	12	17	2	1008	1	1014	0.0	1672
1bcbb1d4-9c40-410b-a031-816bab37e134	gb:HM370975|Organism:Influenza	95.588	1768	43	28	1	1749	13	1764	0.0	2800
e2177595-cbb0-41d8-9b00-7956ad577c29	gb:HM370978|Organism:Influenza	96.538	1011	13	15	1	998	13	1014	0.0	1653
af9d0a05-28b5-4c64-9d5e-0e8e09deb906	gb:HM370978|Organism:Influenza	98.205	1003	9	7	1	995	1014	13	0.0	1744
bcdce81a-1c13-40d4-90a0-a7410614c193	gb:HM370978|Organism:Influenza	95.117	983	20	17	34	995	995	20	0.0	1524
f0e15930-660d-4e04-a392-0f6e992d2675	gb:HM370978|Organism:Influenza	94.433	1006	32	21	10	1005	23	1014	0.0	1526
637ccab1-a308-4807-98ef-07ea19d04232	gb:HM370978|Organism:Influenza	89.622	1031	59	40	2	1001	1	1014	0.0	1267
51dd34e8-cf47-4d49-a70d-8555bbb01672	gb:HM370978|Organism:Influenza	98.012	1006	9	11	1	1000	1014	14	0.0	1736
3c886781-11c0-4dd8-99a4-81739b2f5810	gb:HM370978|Organism:Influenza	90.476	1008	51	36	1	969	13	1014	0.0	1288
69739587-671f-4c02-9448-be7e3c363b35	gb:HM370978|Organism:Influenza	99.007	1007	3	6	1	1005	1014	13	0.0	1797
430956f3-de59-4f96-b6b5-83ae32e09697	gb:HM370978|Organism:Influenza	97.421	1008	8	10	1	996	1014	13	0.0	1701
40279a69-8787-4ba7-b543-eed4036ddad2	gb:CY190588|Organism:Influenza	85.644	1017	109	29	1	995	1002	1	0.0	1035
f94de413-6369-44c3-ace3-8eba41238715	gb:HM370978|Organism:Influenza	97.018	1006	15	12	1	995	13	1014	0.0	1677
5b1e8c0b-231f-478e-b95e-355799670f3d	gb:HM370978|Organism:Influenza	94.308	1019	22	26	1	1000	1014	13	0.0	1528
e0b3f141-7fca-4bed-a5e8-ffc0be46a8d2	gb:HM370978|Organism:Influenza	94.872	1014	29	18	1	1003	1014	13	0.0	1563
9ba536c2-fd76-46b6-ae94-8dd7f9857db2	gb:HM370978|Organism:Influenza	97.308	1003	13	8	1	990	13	1014	0.0	1690
e80c71f0-2ccd-4f10-b5ef-ad57a6d3dcd4	gb:HM370978|Organism:Influenza	95.747	1011	22	17	1	999	13	1014	0.0	1609
1f0bef1e-98ff-4278-a131-8f228f7ad188	gb:HM370978|Organism:Influenza	95.531	1007	27	18	1	994	1014	13	0.0	1594
fe9b3a69-b000-401a-8654-97bcfef4d8a6	gb:HM370978|Organism:Influenza	98.302	1001	5	7	6	1000	1011	17	0.0	1744
566bcf1d-a10f-4275-886a-f893f641359a	gb:HM370978|Organism:Influenza	96.142	1011	20	16	1	1001	1014	13	0.0	1633
36176377-6015-4a9c-9ad3-71189c153bc5	gb:HM370978|Organism:Influenza	96.329	1008	17	16	1	994	1014	13	0.0	1639
53b6fbe1-c2d8-4af4-9139-bf424544c33f	gb:HM370978|Organism:Influenza	97.614	1006	13	8	1	999	13	1014	0.0	1714
5ac168d1-9557-42ce-9193-fec76c0dfd69	gb:HM370978|Organism:Influenza	97.428	1011	14	10	1	1008	1014	13	0.0	1712
35301dea-a3dd-44ab-ad1e-42a70d0b5686	gb:HM370978|Organism:Influenza	97.214	1005	6	15	1	989	13	1011	0.0	1681
5ae20dd9-5492-4b34-8d91-1e078aa70f7f	gb:HM370978|Organism:Influenza	98.406	1004	5	8	1	995	13	1014	0.0	1755
a1f33e29-469d-4a36-9b6c-6fa95af8a623	gb:HM370978|Organism:Influenza	97.214	1005	14	12	1	994	13	1014	0.0	1688
2cee8fa2-aebd-4298-a940-4920f8d63d6e	gb:HM370978|Organism:Influenza	97.716	1007	11	11	1	1000	13	1014	0.0	1722
97054eb3-9331-4056-b356-421e6452f8f7	gb:HM370978|Organism:Influenza	97.408	1003	15	11	1	994	13	1013	0.0	1698
d96cfddd-539e-42b0-8e52-e763a3febf3c	gb:HM370978|Organism:Influenza	98.703	1002	8	4	1	998	1014	14	0.0	1773
c372887b-c7e0-4703-82f3-93ac0034aab3	gb:HM370978|Organism:Influenza	91.781	1022	28	33	1	986	13	1014	0.0	1371
48702631-f288-49fe-841e-a5fa39b71bdc	gb:HM370978|Organism:Influenza	94.025	1021	24	30	1	1003	13	1014	0.0	1513
7d471ca9-e9da-4768-8164-eae5b9de6946	gb:HM370978|Organism:Influenza	96.131	1008	22	14	1	997	1014	13	0.0	1629
86c4189a-dc92-4aff-9665-22e0f46086c4	gb:HM370978|Organism:Influenza	97.517	1007	10	12	1	997	13	1014	0.0	1707
0736a73d-cf11-4791-8a13-6216e8f5c076	gb:HM370978|Organism:Influenza	97.809	1004	7	12	1	991	1014	13	0.0	1718
a08559e1-223b-431e-ae21-98d29c48abec	gb:HM370978|Organism:Influenza	95.177	1016	21	23	1	1002	1014	13	0.0	1580
b13737d9-f0d4-440b-923a-bfa5d47ad1c1	gb:HM370978|Organism:Influenza	96.723	1007	16	14	1	995	13	1014	0.0	1661
53fc5cdf-1220-4722-88e7-fd5d8e73f5b6	gb:HM370978|Organism:Influenza	92.843	1006	36	30	1	974	13	1014	0.0	1426
fe3c44a0-b451-49c9-9037-e45d62fe723b	gb:HM370978|Organism:Influenza	98.411	1007	4	8	1	1000	1014	13	0.0	1760
65ca106b-8732-4bf1-93c7-d8b7ce29e1f6	gb:JN683632|Organism:Influenza	87.242	1019	74	48	6	986	14	1014	0.0	1110
b47d0847-2389-4c7c-b8cd-edc95827ddd8	gb:HM370978|Organism:Influenza	97.117	1006	15	13	1	997	13	1013	0.0	1685
984a03a2-3aa3-4f4e-ac5b-f6f4287d7d0e	gb:HM370978|Organism:Influenza	98.307	1004	6	10	1	995	1014	13	0.0	1749
34a0c4f9-bbc0-4165-84be-a3422e2c7268	gb:HM370978|Organism:Influenza	95.035	1007	29	16	1	991	13	1014	0.0	1563
7c676235-1409-42cd-abfb-8aa11b9a8987	gb:HM370978|Organism:Influenza	97.211	1004	14	11	1	992	13	1014	0.0	1687
78b6b278-1d81-4c6f-b9cc-01d5c11b17e8	gb:HM370978|Organism:Influenza	84.510	1020	90	58	1	976	13	1008	0.0	946
f3b9f7cd-efb9-4bf5-9abc-300029c6ef4a	gb:JN683632|Organism:Influenza	87.413	1009	56	51	22	979	993	5	0.0	1094
7e8bb9f4-0be3-406b-87ee-986a5d0c0a7b	gb:HM370978|Organism:Influenza	97.426	1010	8	15	1	1000	1014	13	0.0	1705
103589f9-5092-4bd1-a193-468e8da58d2a	gb:HM370978|Organism:Influenza	96.832	1010	16	13	1	1002	13	1014	0.0	1674
a8f34035-8cd4-4cb3-b5dd-e5ac1c25fbe7	gb:HM370978|Organism:Influenza	93.564	1010	23	27	1	979	1014	16	0.0	1467
85951715-1065-4d7c-aa70-a904d6600cd1	gb:HM370978|Organism:Influenza	94.477	1014	26	25	7	1008	19	1014	0.0	1535
a3a677ed-d1c8-4aeb-ac02-c72534c74314	gb:HM370978|Organism:Influenza	96.881	994	15	15	104	1088	999	13	0.0	1650
a023afc4-6f0a-44ef-a6a0-73af29b90d7c	gb:HM370978|Organism:Influenza	97.711	1005	7	13	1	992	13	1014	0.0	1714
e43dc16c-c185-4fc7-985c-5a38e87230a2	gb:HM370978|Organism:Influenza	97.811	1005	17	3	1	1003	1014	13	0.0	1729
08b069ab-f1bc-4165-b419-8aaa66a581a2	gb:HM370978|Organism:Influenza	97.711	1005	15	8	1	1000	13	1014	0.0	1722
818b3a38-e4c8-4860-9aaf-fa09083cfa1d	gb:HM370978|Organism:Influenza	97.012	1004	19	9	1	995	13	1014	0.0	1677
9381a15f-ef1d-40f6-982b-9b8db267e72f	gb:HM370978|Organism:Influenza	98.406	1004	9	6	1	999	13	1014	0.0	1759
767cd616-c5d2-4a23-bb11-b1ddca6258a7	gb:HM370978|Organism:Influenza	96.835	1011	16	11	1	1004	13	1014	0.0	1676
fa5271fe-de19-4605-9b27-9622d67c0ce3	gb:HM370978|Organism:Influenza	97.913	1006	10	7	1	999	13	1014	0.0	1731
8adab7da-f64c-402b-b932-3d970e1878af	gb:HM370978|Organism:Influenza	94.960	1012	25	23	1	996	13	1014	0.0	1563
7981f795-32a2-4a41-916d-fdd81e5ff6c8	gb:HM370978|Organism:Influenza	95.149	1010	26	17	1	995	1014	13	0.0	1572
67ce993f-e4d6-4c26-950b-f160158a66b2	gb:HM370978|Organism:Influenza	96.627	1008	20	11	1	1000	13	1014	0.0	1661
11739997-e2f2-4588-b3ff-730c70aa2f54	gb:HM370978|Organism:Influenza	96.051	1013	18	19	1	1002	13	1014	0.0	1629
36f8abdb-2658-44e1-b654-9d6da52e1ab3	gb:HM370978|Organism:Influenza	97.612	1005	8	10	1	992	13	1014	0.0	1709
b0e48993-e00f-49a8-9209-023d06ff92ab	gb:HM370978|Organism:Influenza	96.713	1004	16	12	1	989	13	1014	0.0	1655
83bab6aa-d9ef-435e-8145-b8ef6034b55c	gb:HM370978|Organism:Influenza	96.720	1006	12	16	1	989	1014	13	0.0	1655
ccae2a17-53dc-4701-acc4-991607e8e4a0	gb:HM370978|Organism:Influenza	98.902	1002	4	6	1	995	13	1014	0.0	1783
4add3180-7e60-49ac-8b7b-4d1b3c100195	gb:HM370978|Organism:Influenza	98.480	987	11	4	1	983	13	999	0.0	1736
d8c9d5fc-9e70-4897-942c-f62bb04583da	gb:HM370978|Organism:Influenza	97.053	1018	12	13	1	1009	13	1021	0.0	1698
62e70b5c-6770-4943-8781-4174d0cb0b88	gb:HM370978|Organism:Influenza	93.945	1024	23	29	106	1104	1022	13	0.0	1511
a0dedab0-9cc7-4629-b643-06d5701e0c9c	gb:HM370978|Organism:Influenza	99.003	1003	5	5	1	999	1014	13	0.0	1792
8dcabbf2-cda1-41a7-9125-b1260e0c2e96	gb:HM370978|Organism:Influenza	94.560	1011	32	20	1	997	13	1014	0.0	1541
2b8bf970-345f-480e-86ee-031bdbb79cb4	gb:HM370978|Organism:Influenza	96.637	1011	15	13	1	1001	13	1014	0.0	1661
816d726e-3059-4ea1-93ab-652287fbc313	gb:HM370978|Organism:Influenza	96.311	1003	18	17	1	996	1014	24	0.0	1629
bd7b112e-cdc4-44a1-be3b-2e8d4f524c5f	gb:HM370975|Organism:Influenza	96.708	1762	35	20	1	1749	13	1764	0.0	2911
feb7f62e-2b0c-4572-9f0b-f98adfee46e4	gb:HM370978|Organism:Influenza	97.520	1008	14	9	1	1003	13	1014	0.0	1712
87847685-460e-4dcc-8a2e-065e7af4c9cf	gb:HM370978|Organism:Influenza	98.209	1005	12	3	1	1002	1014	13	0.0	1751
006a2cf7-db36-4b9f-900b-51ec0986fb2c	gb:HM370978|Organism:Influenza	98.113	1007	8	9	1	1001	13	1014	0.0	1744
5c323365-c5a3-4a16-a442-d04508660980	gb:HM370978|Organism:Influenza	98.016	1008	8	11	1	1002	1014	13	0.0	1740
7d574fbe-3068-4333-b0e1-44f1357729fc	gb:HM370978|Organism:Influenza	96.922	1007	18	11	1	999	1014	13	0.0	1676
027f611a-1f2e-4b9a-9166-159e4af32313	gb:HM370978|Organism:Influenza	96.634	1010	16	12	1	1000	1014	13	0.0	1661
078853be-e1ed-4183-baa9-e9bc11b05edd	gb:HM370978|Organism:Influenza	90.156	1026	59	37	1	1001	13	1021	0.0	1297
e7e01d9b-b763-4a6a-bee4-ac9332a4ec3a	gb:HM370978|Organism:Influenza	97.316	1006	17	9	1	1000	1014	13	0.0	1700
af27a6cd-a4bb-4738-8c01-80dfb3284acd	gb:HM370978|Organism:Influenza	95.351	1011	27	16	1	1000	1014	13	0.0	1589
b2cf76ca-a422-479a-8556-be468df0251f	gb:HM370978|Organism:Influenza	98.310	1006	10	5	1	1003	1014	13	0.0	1757
875a79f4-5255-4f3b-b095-a69aa22a1da7	gb:HM370978|Organism:Influenza	97.433	1013	8	14	1	1006	1014	13	0.0	1711
7e859c21-7b84-4c3e-8f10-21b344b438f7	gb:HM370978|Organism:Influenza	97.132	1011	15	10	1	1006	1014	13	0.0	1694
46039923-9cd4-4298-bfe5-33e82b35b02f	gb:HM370978|Organism:Influenza	99.202	1003	5	3	1	1001	1014	13	0.0	1805
8735a120-30c5-4ed7-8b75-f894406d0bca	gb:HM370978|Organism:Influenza	96.746	1014	18	12	90	1090	1024	13	0.0	1676
19c460a6-5211-4257-9e25-55afd9d42b96	gb:HM370978|Organism:Influenza	95.531	1007	22	19	1	989	13	1014	0.0	1589
7b122337-bd7c-45e3-b18a-d9b8f7a28955	gb:HM370978|Organism:Influenza	98.606	1004	7	5	1	999	13	1014	0.0	1770
769a846e-9027-4b35-8a02-780fe0dfd3b4	gb:HM370978|Organism:Influenza	98.209	1005	11	7	1	1001	13	1014	0.0	1749
184b4f06-3e4b-4bd6-b32a-48ff7d3fb0a3	gb:HM370978|Organism:Influenza	95.168	1014	20	22	1	997	13	1014	0.0	1574
0ca42531-74e5-43c0-acf2-ea65addc8d64	gb:HM370978|Organism:Influenza	96.765	1020	17	13	2	1011	1	1014	0.0	1687
3bf7d315-e43d-48a9-b281-3d8553f601a7	gb:HM370978|Organism:Influenza	97.342	978	8	13	1	963	1014	40	0.0	1646
61e145a9-615e-4c0e-b852-78e242f02b58	gb:HM370978|Organism:Influenza	94.752	1010	20	24	1	985	13	1014	0.0	1541
e7cbd60a-d157-4d26-b1bb-8152abcb9f4f	gb:HM370978|Organism:Influenza	96.739	1012	10	20	1	999	13	1014	0.0	1664
4a40515e-cb1f-472f-8899-d419ae21e149	gb:HM370978|Organism:Influenza	95.631	1007	13	21	1	981	13	1014	0.0	1587
38b6c8f7-a9d9-4952-9677-1e6eca94a4fa	gb:HM370978|Organism:Influenza	98.408	1005	4	7	1	996	1014	13	0.0	1757
ed793819-d8c0-49a1-ba6e-a0e7e40136db	gb:HM370978|Organism:Influenza	98.211	1006	8	9	1	1000	13	1014	0.0	1749
550e4d8f-a250-427c-b14e-9fe9185a91e1	gb:HM370978|Organism:Influenza	98.804	1003	9	3	1	1001	1014	13	0.0	1783
b28b8795-f3cc-4ea7-9fd5-8d00871bf46b	gb:HM370978|Organism:Influenza	96.234	1009	15	21	1	993	13	1014	0.0	1631
013fc15f-7666-488d-8d5d-69b794298467	gb:CY164537|Organism:Influenza	88.571	1015	77	28	2	991	1	1001	0.0	1195
6cc71462-b89d-4dcd-92b0-97dc8180138a	gb:HM370978|Organism:Influenza	95.432	1007	21	23	1	987	13	1014	0.0	1581
e151f26c-9f39-4dfa-962e-0dbd6590ed13	gb:HM370978|Organism:Influenza	97.624	1010	9	12	1	1003	1014	13	0.0	1718
61f648c9-ca81-442d-99a7-9134e3722b3f	gb:HM370978|Organism:Influenza	94.366	923	31	19	1	910	13	927	0.0	1397
b8713e62-3120-4bf9-b37d-5e1a4d1f0da3	gb:HM370978|Organism:Influenza	93.373	1011	38	27	1	991	13	1014	0.0	1469
640a9d47-dfec-412e-a9dc-f88999fbf3fb	gb:HM370978|Organism:Influenza	91.192	965	44	36	3	937	1013	60	0.0	1273
4be311a7-9023-4b0d-a5c8-d4fe1f852922	gb:HM370978|Organism:Influenza	98.667	300	1	3	1	299	13	310	3.66e-149	529
4be311a7-9023-4b0d-a5c8-d4fe1f852922	gb:HM370978|Organism:Influenza	94.203	69	1	2	294	361	67	1	9.46e-21	102
8aa93be4-41bb-430f-a7e0-39bdb4ff124a	gb:HM370978|Organism:Influenza	96.627	1008	16	15	1	996	1014	13	0.0	1657
c245c508-0ece-4fd6-990f-13661f0fc0d0	gb:HM370978|Organism:Influenza	97.358	1022	10	15	1	1012	13	1027	0.0	1722
a5477036-f6ab-43f1-a1a9-030d0952a8a2	gb:HM370978|Organism:Influenza	95.584	1019	17	20	103	1100	1024	13	0.0	1607
3b7e4f28-d1ee-4a56-ba58-d052eafaecef	gb:HM370978|Organism:Influenza	97.228	1010	13	15	1	1003	1014	13	0.0	1696
41a6de3c-0657-471a-a13c-cb662fa5060a	gb:HM370978|Organism:Influenza	94.146	1025	30	26	5	1014	1022	13	0.0	1533
41a7ac52-7531-49dd-98d1-90e2482f0699	gb:HM370978|Organism:Influenza	97.413	1005	11	10	1	993	1014	13	0.0	1698
b69a344e-47e2-429d-ba16-a82da8cc3db3	gb:HM370978|Organism:Influenza	98.903	1003	2	7	1	995	1014	13	0.0	1783
7f2fe573-c12b-497a-892f-76137142f97b	gb:HM370978|Organism:Influenza	96.627	1008	11	19	1	991	1014	13	0.0	1652
79a4b807-53aa-429a-826f-a8b3424a5992	gb:HM370978|Organism:Influenza	98.205	1003	8	7	1	994	1014	13	0.0	1744
7dc3a5a2-fc37-48c3-8bc0-49d52bfa2599	gb:HM370978|Organism:Influenza	96.733	1010	18	11	1	1003	13	1014	0.0	1668
8a41a423-2af7-42eb-b979-2bbc92878a15	gb:HM370978|Organism:Influenza	96.436	1010	10	21	1	992	1014	13	0.0	1642
d0d589d3-49a9-4a4f-b75f-aa6b81e9971c	gb:HM370978|Organism:Influenza	98.108	1004	10	7	1	997	13	1014	0.0	1740
00fca8fe-06d8-486e-9e4d-0904914c6975	gb:HM370978|Organism:Influenza	97.217	1006	13	13	1	995	1014	13	0.0	1688
8dd43855-0b66-4117-8aee-75b83aa89476	gb:HM370978|Organism:Influenza	93.638	1006	30	29	17	1009	29	1013	0.0	1472
d705638e-5e74-4747-8dcd-03aa19c393a7	gb:HM370978|Organism:Influenza	98.012	1006	9	8	1	999	13	1014	0.0	1736
eaf519ff-6656-41a1-97a9-e617b790680e	gb:HM370978|Organism:Influenza	98.805	1004	5	6	1	999	13	1014	0.0	1781
463e575c-38b9-4a72-b7eb-4e229ed2caff	gb:HM370978|Organism:Influenza	97.607	1003	7	11	1	987	1014	13	0.0	1703
0a853e5f-8dea-4554-a288-6910bb820b64	gb:HM370978|Organism:Influenza	98.607	1005	7	7	1	1001	1014	13	0.0	1772
c58f25f7-5864-4f1f-af4b-5f39353a75d0	gb:HM370978|Organism:Influenza	98.010	1005	8	8	2	998	1013	13	0.0	1735
d15dd6e6-d6b0-41a8-bef1-6f273fe27f02	gb:HM370975|Organism:Influenza	95.115	1781	37	38	2	1749	1	1764	0.0	2761
44cc1f8a-2d89-406f-8056-29d3f2e58f4f	gb:HM370978|Organism:Influenza	94.877	1015	23	23	1	999	1014	13	0.0	1559
a15b341b-df1a-4a56-b554-38cd63098abf	gb:HM370978|Organism:Influenza	95.929	1007	20	19	1	991	1014	13	0.0	1613
ad72fc97-6977-4525-a2b9-689afe8448fa	gb:HM370978|Organism:Influenza	97.408	1003	18	5	1	996	1014	13	0.0	1701
04fc348f-f58a-41e9-961a-2203e9130284	gb:HM370978|Organism:Influenza	95.468	1015	21	15	1	1003	1014	13	0.0	1596
f2133a92-db0d-4648-8633-a038d1fb5c57	gb:HM370978|Organism:Influenza	96.931	1010	15	13	1	1002	1014	13	0.0	1679
8f053701-41d9-42ab-85b6-772fe8b2413e	gb:HM370978|Organism:Influenza	96.634	1010	10	19	1	994	1014	13	0.0	1655
5e3c8285-25a0-4da1-8f11-bfa3c5925583	gb:HM370978|Organism:Influenza	96.311	1003	14	11	1	981	1014	13	0.0	1626
e48e9507-47e2-4ba2-870c-db7c6e51927b	gb:HM370978|Organism:Influenza	89.383	989	46	46	7	962	22	984	0.0	1190
5fb48d60-6324-488c-9516-b992823bc5f8	gb:HM370978|Organism:Influenza	97.217	1006	8	16	1	990	13	1014	0.0	1685
089296e0-556c-4979-8426-4fb76b228e89	gb:HM370978|Organism:Influenza	95.084	1017	28	19	1	1010	13	1014	0.0	1581
76c74908-345b-4b00-aea1-456141bfa73e	gb:HM370978|Organism:Influenza	97.815	1007	9	10	1	999	1014	13	0.0	1725
184c6e56-2dc0-4aca-930c-8c46679b6f72	gb:HM370978|Organism:Influenza	98.014	1007	12	7	1	1004	13	1014	0.0	1742
851613f4-5ac1-4721-96ac-22a2b006acb6	gb:HM370978|Organism:Influenza	98.725	1020	1	10	1	1018	13	1022	0.0	1801
4a7ec098-e346-4733-8513-1be89cf8826e	gb:HM370978|Organism:Influenza	96.108	1002	19	16	4	990	1009	13	0.0	1616
d1d1f27d-cc6a-4a25-8935-c127859f499f	gb:HM370978|Organism:Influenza	97.126	1009	15	11	1	1002	13	1014	0.0	1690
e06d5f5c-62db-42d0-bae2-1086fcef1057	gb:HM370978|Organism:Influenza	96.832	1010	14	16	1	1000	13	1014	0.0	1672
fd6eee74-6f56-44d0-a199-721a4775a11f	gb:HM370978|Organism:Influenza	89.048	977	41	50	1	922	13	978	0.0	1151
dc220b6b-3281-4422-a4a8-083f4297ac84	gb:HM370978|Organism:Influenza	98.308	1005	5	9	1	996	1014	13	0.0	1751
8196f402-eca6-4d8b-861e-d69292a6aa7c	gb:HM370978|Organism:Influenza	94.499	1018	21	30	1	999	13	1014	0.0	1537
1d1c4092-cf30-4138-96be-e9865f542184	gb:HM370978|Organism:Influenza	93.010	1030	45	24	2	1020	1	1014	0.0	1478
1504f9c8-5b74-4f3e-9c54-b5ce1560d916	gb:GU052382|Organism:Influenza	88.679	1007	88	18	1	986	1002	1	0.0	1205
5e8de851-f921-4167-8ac8-19d28b6ec03c	gb:HM370978|Organism:Influenza	97.416	1006	12	12	1	996	1014	13	0.0	1701
ee43b8ff-c45f-4fb3-a86d-5c6975b06a97	gb:HM370978|Organism:Influenza	91.708	1013	46	30	1	986	1014	13	0.0	1371
9f4bc749-e4ba-4868-a2fd-e01cb53ca564	gb:HM370978|Organism:Influenza	97.522	1009	14	10	1	1005	13	1014	0.0	1714
881c3fa8-7c8d-4c53-bdab-f274fa70ec89	gb:HM370978|Organism:Influenza	93.262	1024	25	36	5	998	1010	1	0.0	1469
d8075c8e-a8d2-446b-b162-66a4153461aa	gb:HM370978|Organism:Influenza	99.203	1004	4	4	1	1002	13	1014	0.0	1807
497e9809-5d63-4e6d-b385-70df3593334a	gb:HM370978|Organism:Influenza	95.854	1013	19	19	1	1001	1014	13	0.0	1616
ae288a7d-18fc-4f83-b069-4d09f52a0a68	gb:HM370978|Organism:Influenza	96.482	995	15	15	13	995	999	13	0.0	1626
f83df674-8bcc-43d6-bf32-d4ba3ea17131	gb:HM370978|Organism:Influenza	95.635	1008	22	18	1	992	13	1014	0.0	1598
4bfffc44-cf98-4817-a4c8-9f206de8a57a	gb:HM370978|Organism:Influenza	96.822	1007	20	10	1	1000	1014	13	0.0	1672
ec6dbc50-49c2-4a07-af64-5d4edc5dfe2d	gb:HM370978|Organism:Influenza	98.414	1009	6	8	1	1006	1014	13	0.0	1766
4351f3d4-fcb7-40ec-bf88-72f16ac87821	gb:HM370978|Organism:Influenza	89.142	967	47	37	41	962	61	1014	0.0	1151
df205a74-d1dc-4a16-8914-8dc605140a69	gb:HM370978|Organism:Influenza	96.647	1014	15	12	1	1007	13	1014	0.0	1666
fd790608-f911-465b-9d79-e38d1249eb6e	gb:CY164959|Organism:Influenza	87.078	1006	100	22	1	980	1	1002	0.0	1110
a270eea5-db3d-40fe-924b-cf69dd95a99a	gb:HM370978|Organism:Influenza	94.675	1014	27	24	1	999	13	1014	0.0	1548
7339b0ac-41ef-4f38-b56b-cd8def11ff9a	gb:HM370978|Organism:Influenza	98.627	437	3	3	500	936	462	29	0.0	771
7339b0ac-41ef-4f38-b56b-cd8def11ff9a	gb:HM370978|Organism:Influenza	93.359	512	15	10	1	497	1014	507	0.0	739
cc46755c-edcd-4ab6-ad94-6d98ea17f2b1	gb:HM370978|Organism:Influenza	89.786	1028	55	38	1	1004	13	1014	0.0	1271
00ed0902-faa6-4026-a17d-7cfd2f39f5ba	gb:HM370978|Organism:Influenza	97.610	1004	12	9	1	994	13	1014	0.0	1711
880ef959-753a-44e5-b705-db184179b27c	gb:HM370978|Organism:Influenza	99.104	1004	7	1	1	1004	1014	13	0.0	1803
7b6b1b3e-6ca9-43b0-a2b7-af0f096e2e9f	gb:HM370978|Organism:Influenza	95.158	1012	23	19	1	996	13	1014	0.0	1574
c48130db-9e02-4979-89d4-0f5d8e61d372	gb:HM370978|Organism:Influenza	93.117	1017	29	26	14	1006	15	1014	0.0	1452
651664ea-c15b-4efe-8a73-96e41f416616	gb:HM370978|Organism:Influenza	96.693	998	13	16	21	1006	1002	13	0.0	1642
96ee59e6-8730-4840-b8ab-1e8339139869	gb:HM370978|Organism:Influenza	97.316	1006	14	11	1	997	1014	13	0.0	1696
fd58cacc-57e8-4228-8d87-14cec428bcda	gb:HM370978|Organism:Influenza	95.120	1004	26	19	1	985	13	1012	0.0	1561
82952a79-4c3d-43eb-8f98-9e0492f8edaf	gb:HM370978|Organism:Influenza	97.820	1009	11	8	1	1005	1014	13	0.0	1731
b8e0fff3-34c7-4ee6-8a59-4e9b2b8f865b	gb:HM370978|Organism:Influenza	97.628	1012	11	10	1	1009	1014	13	0.0	1724
6e33508f-414c-44bf-bb96-3813505ab124	gb:HM370978|Organism:Influenza	94.970	1014	27	22	1	1002	13	1014	0.0	1568
0538a1e3-1b19-457e-bb51-d7515964333b	gb:JN683632|Organism:Influenza	93.998	1033	24	30	1	1018	13	1022	0.0	1530
f2637e46-0a9d-42c5-aef3-6633f6a7c6e3	gb:HM370978|Organism:Influenza	98.207	1004	9	6	1	997	13	1014	0.0	1746
c08f4450-22e3-43dd-b155-de4b1fbf344c	gb:HM370978|Organism:Influenza	94.216	1020	28	29	1	1007	13	1014	0.0	1528
5de55f2c-28ad-415d-8eab-fadbe2fd4a04	gb:HM370978|Organism:Influenza	93.960	1010	29	24	16	1006	1009	13	0.0	1498
0c243b61-9d68-4693-9208-1a86945d0dc1	gb:HM370978|Organism:Influenza	97.515	1006	14	6	1	999	13	1014	0.0	1709
9258b9c6-ede0-4370-8c66-60a65bf13e70	gb:HM370978|Organism:Influenza	94.597	1018	24	22	103	1099	1020	13	0.0	1546
0fa6df0e-d20c-45fc-836e-8c29858551de	gb:HM370978|Organism:Influenza	90.890	977	47	31	1	944	1014	47	0.0	1273
d01d6b68-3952-440c-9e89-e63e1f37c53a	gb:HM370978|Organism:Influenza	94.927	1025	21	24	1	1004	13	1027	0.0	1576
1fb94c1f-563d-4e5d-93c5-7703ddd5e99a	gb:HM370978|Organism:Influenza	94.571	1013	23	24	9	1005	1001	5	0.0	1537
94059c05-e800-4510-810b-d10822fee7e8	gb:HM370978|Organism:Influenza	99.006	1006	5	3	1	1005	1014	13	0.0	1797
a2c5c8cf-edff-489a-9254-ff9e7a5eb7c1	gb:HM370978|Organism:Influenza	95.347	1010	23	20	1	994	13	1014	0.0	1583
9562945d-9e65-4f66-86b3-fdd3d48942f6	gb:KJ889434|Organism:Influenza	88.055	1013	79	32	1	993	1014	24	0.0	1162
a33d76b7-9230-40e1-bd7f-5d3806b3eebf	gb:HM370978|Organism:Influenza	96.912	1004	15	13	1	990	13	1014	0.0	1668
2405a552-19a1-42d6-836b-9653e7fa5292	gb:HM370978|Organism:Influenza	95.427	1006	23	19	3	991	15	1014	0.0	1581
0ba82d0f-5857-4573-ac6f-48025077a95c	gb:HM370978|Organism:Influenza	92.906	1015	30	31	1	986	13	1014	0.0	1437
ff7b9b6e-6772-41a7-9b1e-a7327752aea6	gb:HM370978|Organism:Influenza	93.103	580	22	16	298	868	444	1014	0.0	833
ff7b9b6e-6772-41a7-9b1e-a7327752aea6	gb:HM370978|Organism:Influenza	97.046	237	4	3	4	237	16	252	8.10e-109	396
3db9c19c-89d2-4132-bb25-e80c2db3fb3f	gb:HM370978|Organism:Influenza	94.669	1013	21	24	1	991	1014	13	0.0	1541
e1367ac5-c26d-4322-bcab-5a11df65c0ca	gb:KX978475|Organism:Influenza	88.126	1019	89	27	7	1002	1022	13	0.0	1182
fc8a3680-10aa-47f6-8c2d-4c54a7f785a6	gb:HM370978|Organism:Influenza	91.716	1014	39	38	1	982	1014	14	0.0	1365
af5956de-4876-4d27-9839-406f520e2875	gb:HM370978|Organism:Influenza	96.918	1006	16	15	1	995	13	1014	0.0	1672
3f6e35c2-2ba9-43e2-85ba-4f273df5e1ef	gb:HM370978|Organism:Influenza	97.614	1006	8	11	1	994	1014	13	0.0	1711
d423c50c-03c0-4954-8427-d6c572851f3b	gb:HM370978|Organism:Influenza	95.450	1011	13	22	1	987	1014	13	0.0	1581
8ae9be65-3c22-4c25-acf1-818176a587da	gb:HM370978|Organism:Influenza	98.305	1003	11	5	1	998	13	1014	0.0	1753
d1b7949f-b525-4e0b-84e1-d47b513891d6	gb:HM370978|Organism:Influenza	97.517	1007	14	8	1	1001	1014	13	0.0	1711
274c22b9-b224-4cba-997d-09bf59ed389e	gb:HM370978|Organism:Influenza	93.990	1015	32	24	1	1002	13	1011	0.0	1509
51d8116b-9343-4cda-a83d-427d67b688cb	gb:HM370978|Organism:Influenza	93.960	1010	34	24	1	991	13	1014	0.0	1502
716b0a3a-0d32-421e-9d9e-c29c262dc0e2	gb:HM370978|Organism:Influenza	97.134	1012	11	15	1	1004	13	1014	0.0	1692
342530e3-8e6d-4fef-9ddc-922a4334b6ff	gb:HM370978|Organism:Influenza	97.607	1003	12	10	1	992	1014	13	0.0	1709
4af540d4-ffd2-464a-82c2-3d53335530aa	gb:HM370978|Organism:Influenza	97.813	1006	9	9	1	997	1014	13	0.0	1724
b693d8eb-1cf3-4d8c-a6a4-5edda48c4b40	gb:HM370978|Organism:Influenza	97.910	1005	11	7	1	998	1014	13	0.0	1731
14ab10c9-8148-48c3-86b0-54e2a77a63b8	gb:HM370978|Organism:Influenza	92.194	1012	46	26	1	989	1014	13	0.0	1400
5f73a384-1a94-40c3-ae75-19258fdc9334	gb:HM370978|Organism:Influenza	97.642	1018	13	9	2	1012	1	1014	0.0	1736
a11bb5f6-a226-401a-8996-700635f24597	gb:HM370978|Organism:Influenza	96.146	1012	11	18	1	994	13	1014	0.0	1628
cb1dd699-6ed9-4023-964a-0686717bb950	gb:HM370978|Organism:Influenza	93.725	1004	26	25	1	974	1014	18	0.0	1471
afbb0276-a280-4bf8-a4fb-14a1a3c5a14c	gb:HM370978|Organism:Influenza	88.856	1023	51	50	3	988	18	1014	0.0	1199
555390ef-91e2-452c-8afe-3c89ac58df3a	gb:HM370978|Organism:Influenza	97.140	1014	9	12	3	1009	14	1014	0.0	1694
ab375087-ffd1-47b7-aa7c-5390bf7beb66	gb:HM370978|Organism:Influenza	97.809	1004	14	6	1	998	13	1014	0.0	1725
38f90df7-f708-469b-bd7b-2d174b04f1a6	gb:HM370978|Organism:Influenza	94.323	1004	28	22	10	997	1003	13	0.0	1511
644d8457-349f-4800-a576-5d6f1900dbb2	gb:HM370978|Organism:Influenza	95.549	1011	23	17	1	998	13	1014	0.0	1598
77f954e5-5ead-4e02-aea6-9987e36540e1	gb:HM370978|Organism:Influenza	96.726	1008	17	13	1	998	1014	13	0.0	1664
84869aa6-03d8-4f1c-9a79-1f65ef2f2ba7	gb:HM370978|Organism:Influenza	97.624	1010	10	9	1	1004	1014	13	0.0	1720
d4e7ddf4-db7d-496c-90bd-3038f905560f	gb:HM370978|Organism:Influenza	96.634	1010	20	11	1	1004	1014	13	0.0	1664
732aba19-5972-422a-9b4d-ae9169d16fde	gb:HM370978|Organism:Influenza	97.824	1011	7	14	1	1005	13	1014	0.0	1731
61c61f45-3c91-4047-af94-943fb38e657f	gb:HM370978|Organism:Influenza	89.184	1017	44	43	1	959	1014	6	0.0	1208
00471740-b123-40d9-a589-89f549e53264	gb:MF146735|Organism:Influenza	88.911	1019	78	23	4	994	1024	13	0.0	1223
0e095645-c39c-4f7f-b198-f6487b90ff50	gb:HM370978|Organism:Influenza	93.670	1011	35	24	1	991	1014	13	0.0	1485
155ca9e9-419e-4397-96b3-e4e648484b96	gb:HM370978|Organism:Influenza	96.733	1010	18	13	1	1003	13	1014	0.0	1668
38e668f4-3bde-427c-aabf-455b8f672db7	gb:HM370978|Organism:Influenza	98.310	1006	7	8	1	1000	1014	13	0.0	1755
d60646a7-55e1-4681-a992-ddeb347b9869	gb:HM370978|Organism:Influenza	97.123	1008	14	12	1	999	13	1014	0.0	1687
619f1803-e080-4a20-94dd-55052de3d335	gb:HM370978|Organism:Influenza	96.184	1022	12	18	1	1015	1014	13	0.0	1646
81a712ca-b728-44ec-bb70-b0994b3ba5ec	gb:HM370978|Organism:Influenza	97.621	1009	13	11	1	1005	1014	13	0.0	1720
1b720c0f-f919-4166-8862-ec55e58c2e21	gb:HM370978|Organism:Influenza	97.418	1007	10	11	1	996	1014	13	0.0	1701
f4355172-78e8-43c5-ae48-ee7612dd245c	gb:HM370978|Organism:Influenza	98.804	1003	5	6	1	997	1014	13	0.0	1779
f3e5df07-29b2-4737-a4f9-a8a4a8574cbc	gb:HM370978|Organism:Influenza	91.634	1016	47	26	1	992	13	1014	0.0	1371
c035251b-93d0-4070-a7bd-adc16eab1aa9	gb:HM370978|Organism:Influenza	96.752	1016	16	12	4	1006	1024	13	0.0	1677
d4b8f501-397b-4dbf-9676-1612bf329ee0	gb:HM370978|Organism:Influenza	97.721	1009	10	12	1	1003	1014	13	0.0	1724
bb0f759d-952f-4cf2-951c-39293d7983ac	gb:HM370978|Organism:Influenza	95.687	997	18	22	1	981	13	1000	0.0	1580
c5fe340d-5383-4b03-92ad-0013cc66cf7d	gb:HM370978|Organism:Influenza	93.787	1014	22	32	8	999	20	1014	0.0	1485
bb28d67d-dd2c-4e97-aa8b-5e6ea29fc918	gb:DQ997521|Organism:Influenza	87.387	999	94	25	18	1000	32	1014	0.0	1118
fc12e4aa-1ace-4bcf-b3d9-551ce5471dfd	gb:HM370978|Organism:Influenza	93.750	1008	32	23	3	987	15	1014	0.0	1483
9b57ecbd-24b0-4785-9fce-1a864129174a	gb:CY097535|Organism:Influenza	84.180	1024	108	40	8	1011	990	1	0.0	944
fa79f56c-5b19-445a-9996-df1f27ab5179	gb:HM370978|Organism:Influenza	96.538	1011	16	15	1	1001	1014	13	0.0	1655
bb9997e4-4bf5-41eb-873c-5f2090d335bd	gb:HM370978|Organism:Influenza	99.004	1004	5	5	1	1001	1014	13	0.0	1794
e21df613-7b95-447a-b6f1-d29a705e621b	gb:HM370978|Organism:Influenza	95.010	1002	28	18	11	999	22	1014	0.0	1554
013b32f5-29fe-432d-841e-aa457c586889	gb:HM370978|Organism:Influenza	89.382	1036	56	45	1	1016	1014	13	0.0	1254
e876c073-7cf9-4923-8ba6-f2db74892dda	gb:HM370963|Organism:Influenza	91.059	1029	43	40	1	1007	1014	13	0.0	1345
43f38dfb-aa31-4267-929b-f14b78692113	gb:HM370978|Organism:Influenza	95.837	1009	25	13	4	1006	1010	13	0.0	1615
5283fd74-111b-411d-b457-57cd39706e4e	gb:HM370978|Organism:Influenza	98.205	1003	9	9	1	995	1014	13	0.0	1744
5291c524-87bc-4182-9011-c5b68a7f91f9	gb:HM370978|Organism:Influenza	96.453	1015	16	16	1	1001	1014	6	0.0	1657
37f34d93-10ea-4577-9696-4288745f71b3	gb:HM370978|Organism:Influenza	98.506	1004	10	5	1	1001	1014	13	0.0	1766
42d10163-649f-433d-9ce5-275e660abdbc	gb:HM370978|Organism:Influenza	94.483	1015	24	26	1	996	1014	13	0.0	1535
527dce3c-6fcd-4106-9bb6-85887c27d38d	gb:HM370978|Organism:Influenza	98.408	1005	7	9	1	999	1014	13	0.0	1759
f9f14421-028b-4b86-b049-4648ce8d23c4	gb:HM370978|Organism:Influenza	95.644	1010	24	17	1	998	13	1014	0.0	1604
835b75dd-9c09-42f3-a903-ea8b427b10bc	gb:HM370978|Organism:Influenza	95.842	1010	14	21	1	990	13	1014	0.0	1607
a547330d-72d5-4616-a6bf-8fb49ee1448f	gb:HM370978|Organism:Influenza	93.406	1016	27	33	1	990	1014	13	0.0	1469
0d6b511b-1481-4b79-9ea8-6b04c4f3858b	gb:HM370978|Organism:Influenza	95.631	1007	18	20	1	986	1014	13	0.0	1592
18b11d52-c07c-4044-9b16-a550a6b8803b	gb:HM370978|Organism:Influenza	94.356	1010	31	21	1	992	13	1014	0.0	1526
1a8f1999-cdee-4315-b246-09ec8dc6da1c	gb:HM370978|Organism:Influenza	96.521	1006	16	14	1	991	1014	13	0.0	1646
6265ad95-46f8-4bbc-a743-83ef69c7b08b	gb:HM370978|Organism:Influenza	94.841	1008	26	19	1	988	13	1014	0.0	1550
e123e442-3c99-48fc-809a-30bb57a70f04	gb:HM370978|Organism:Influenza	97.067	1023	15	12	2	1018	1	1014	0.0	1709
610f79ca-d625-4f90-a02a-bd1ef2f213fe	gb:HM370978|Organism:Influenza	96.510	1003	16	14	4	993	1009	13	0.0	1640
64a8de42-0d8f-4807-81e8-16e0eab73f31	gb:HM370978|Organism:Influenza	98.617	1012	6	5	9	1014	1022	13	0.0	1784
bc98e3ad-cd99-4427-b678-ebeb4505b095	gb:HM370978|Organism:Influenza	95.491	998	22	19	8	989	1003	13	0.0	1572
eb48d0de-cbda-4564-86e9-85b3209935aa	gb:HM370978|Organism:Influenza	99.302	1003	2	3	1	999	1014	13	0.0	1808
68d8458a-5a4f-455e-ba06-d95ae9c0d3ff	gb:HM370978|Organism:Influenza	98.406	1004	11	5	1	1001	13	1014	0.0	1760
26ef12c2-b135-4697-9b7a-79447cb1003b	gb:HM370978|Organism:Influenza	97.917	1008	12	9	1	1005	1014	13	0.0	1736
a1c7a755-f491-48d7-bf69-2d54b3aead47	gb:HM370978|Organism:Influenza	93.452	1008	35	29	2	986	15	1014	0.0	1467
8fad2add-eb43-494d-91d7-dcfe8967ee4a	gb:HM370978|Organism:Influenza	97.137	1013	14	13	1	1009	1014	13	0.0	1696
f2317eef-262f-4c96-8f9f-691c5a0ae03b	gb:CY130127|Organism:Influenza	91.964	1008	65	14	1	998	1	1002	0.0	1399
bc3f7df9-325f-40a6-874d-9e777d5e1ac6	gb:HM370978|Organism:Influenza	96.925	1008	10	15	1	993	1014	13	0.0	1670
befe612e-796f-4e8a-9ec2-ae8b4b885ebc	gb:HM370978|Organism:Influenza	97.904	1002	7	11	5	996	17	1014	0.0	1722
1778b0f6-ee3f-4d1b-9202-a376150fe507	gb:HM370978|Organism:Influenza	95.580	1018	16	19	1	1005	1014	13	0.0	1604
827bf3bd-72ab-4e03-bc7b-1d43dfec15d1	gb:HM370978|Organism:Influenza	96.241	1011	16	19	1	998	13	1014	0.0	1637
214b831f-fdbc-4c51-b168-d5659a935aa8	gb:HM370978|Organism:Influenza	95.953	1013	14	20	1	997	13	1014	0.0	1618
0fb59c03-8051-4b60-9b46-b27227861707	gb:HM370978|Organism:Influenza	97.621	1009	10	10	4	1008	16	1014	0.0	1718
4e8a4eca-d9a2-49eb-bd75-b3ce56cfff6c	gb:HM370978|Organism:Influenza	97.446	1018	14	10	7	1019	4	1014	0.0	1725
ae8a507a-76fa-40b0-b426-886066c9812a	gb:HM370978|Organism:Influenza	96.531	1009	19	13	1	1000	1014	13	0.0	1655
947d011c-87bc-4742-86e2-fc871b0d6d75	gb:HM370978|Organism:Influenza	95.721	1005	17	23	1	982	13	1014	0.0	1594
95e4d19f-b186-4513-8b47-54aee05c2f7b	gb:HM370978|Organism:Influenza	93.615	1018	30	22	1	999	13	1014	0.0	1487
0ea357c8-d88c-4575-b79c-5f26c2eb638c	gb:HM370978|Organism:Influenza	97.410	1004	15	9	1	995	13	1014	0.0	1700
90768343-ee54-4025-8364-c172834f2b76	gb:HM370978|Organism:Influenza	96.351	1014	13	19	1	994	13	1022	0.0	1646
8febb49b-27aa-480f-9096-2afb01749425	gb:HM370978|Organism:Influenza	97.817	1008	10	9	1	1002	1014	13	0.0	1729
9c80e189-d547-4862-a3a5-6b9e645030ae	gb:HM370978|Organism:Influenza	97.913	1006	12	9	1	1001	13	1014	0.0	1733
5e876881-d968-4343-90e8-95627d63b3a5	gb:CY060442|Organism:Influenza	90.547	1005	78	9	1	991	1008	7	0.0	1314
4810a89d-816e-4f35-a7d5-20ef9c0e0ec4	gb:HM370978|Organism:Influenza	98.489	993	7	5	12	998	1003	13	0.0	1744
844c47d7-512b-4e68-9414-bd94d3ed4f81	gb:HM370963|Organism:Influenza	90.383	1019	53	36	3	988	16	1022	0.0	1297
ad1b910f-a32f-4865-8403-bec5d2446c4e	gb:HM370978|Organism:Influenza	93.451	1023	33	24	5	1006	1022	13	0.0	1487
b2d52239-bff2-43c4-b4d6-6bdbb6ed8418	gb:HM370978|Organism:Influenza	97.709	1004	12	10	6	1003	1011	13	0.0	1716
0cff08e5-e1a6-4479-bf0e-4278b2269afa	gb:HM370978|Organism:Influenza	95.477	1017	18	20	1	1004	13	1014	0.0	1598
d06a84d5-0a60-405f-bc88-f4bf7be93625	gb:HM370978|Organism:Influenza	98.012	1006	9	11	2	1001	14	1014	0.0	1736
31f85d1f-ebfd-48bc-b3a3-a46722bc00e3	gb:HM370978|Organism:Influenza	98.908	1007	5	6	1	1006	1014	13	0.0	1794
57065f3e-be9c-467c-888c-2ff36cccf31e	gb:HM370978|Organism:Influenza	96.723	1007	10	18	1	989	13	1014	0.0	1655
c978472d-9b47-430a-a245-3b54cbdc03fd	gb:HM370978|Organism:Influenza	97.018	1006	17	12	1	997	13	1014	0.0	1679
9d1f3d9b-cf84-44ca-bd6d-093d54b941df	gb:HM370978|Organism:Influenza	96.337	1010	21	14	1	1002	13	1014	0.0	1646
89089fbf-99fc-4c2c-a9d8-e5ce6d097da5	gb:HM370978|Organism:Influenza	96.337	1010	19	14	1	1000	13	1014	0.0	1644
89d75002-fccd-4c80-9a41-7a3221efdf12	gb:HM370978|Organism:Influenza	97.517	1007	11	13	1	998	13	1014	0.0	1709
ad2d108f-27f3-4b51-b714-c376b1da9533	gb:HM370978|Organism:Influenza	96.545	1013	18	12	1	1007	1014	13	0.0	1661
01edf901-a982-4527-928d-910970e73b7d	gb:KF013935|Organism:Influenza	84.205	1032	115	40	5	1013	1011	5	0.0	959
b0947a78-e656-488d-9d35-b9498b8921c3	gb:HM370978|Organism:Influenza	97.436	1014	7	12	1	1007	13	1014	0.0	1711
98744d16-ede8-4593-8a9c-d67d746ffb7b	gb:HM370978|Organism:Influenza	98.902	1002	7	3	1	998	1014	13	0.0	1786
2624a8dd-5820-4253-9e98-5d293ebd5bed	gb:HM370978|Organism:Influenza	97.811	1005	8	11	5	1001	1011	13	0.0	1722
83470c17-d11b-4998-ae58-7f8e630a7546	gb:HM370978|Organism:Influenza	97.012	1004	19	11	1	995	1014	13	0.0	1677
2e4a044a-39a1-4f4e-a4ee-1d405f189716	gb:HM370978|Organism:Influenza	98.204	1002	10	4	1	994	1014	13	0.0	1744
9a642c8a-d637-4231-9702-8ebbf4fd17b5	gb:HM370978|Organism:Influenza	90.953	1028	48	38	1	1002	1014	6	0.0	1341
225cccbf-330e-48c8-979c-fa0cb5b0023f	gb:HM370978|Organism:Influenza	96.644	1013	25	9	1	1007	13	1022	0.0	1674
e24bb123-2ae0-4dde-b21a-c3df8ed65b0b	gb:HM370978|Organism:Influenza	96.720	1006	15	12	1	992	1014	13	0.0	1659
665ce0f0-606f-42ce-8d78-5760dae34d66	gb:HM370978|Organism:Influenza	99.102	1002	7	2	1	1000	1014	13	0.0	1799
ac99e443-c7db-4e00-b2bf-0c0350318611	gb:HM370978|Organism:Influenza	96.344	1012	20	16	1	1005	13	1014	0.0	1648
923e99eb-d24c-4ec5-9b0f-b05492dd9d09	gb:HM370978|Organism:Influenza	97.610	1004	11	9	1	993	13	1014	0.0	1709
e85c3a8b-c44e-4838-8d6c-b82891caa9b0	gb:HM370978|Organism:Influenza	95.450	1011	20	21	1	994	13	1014	0.0	1589
099f7e41-601a-4530-9a45-7d67ad2214d8	gb:HM370978|Organism:Influenza	96.264	1017	17	14	1	1011	13	1014	0.0	1648
f95826c6-1d65-4595-9b26-645f6d27826a	gb:HM370978|Organism:Influenza	91.420	1014	44	30	1	983	1014	13	0.0	1351
65e02d40-fd16-4544-94d3-fd4460615e2f	gb:HM370978|Organism:Influenza	91.113	1024	35	41	1	990	13	1014	0.0	1336
663a5a6b-5a42-4a51-a1d2-8b7a434f2e4c	gb:HM370978|Organism:Influenza	93.254	1008	33	26	1	979	1014	13	0.0	1452
1a63167f-48e1-4b64-813d-69e50df3c02e	gb:HM370978|Organism:Influenza	95.271	1015	26	16	1	1006	13	1014	0.0	1589
038ffaa3-22dc-4744-8c0c-b858322e3520	gb:HM370978|Organism:Influenza	95.153	1011	20	19	1	991	1014	13	0.0	1568
557a3746-9b90-4d7f-af37-343e6687f59a	gb:HM370978|Organism:Influenza	97.617	1007	9	13	1	997	13	1014	0.0	1712
465d1c62-b3c9-4b7b-be58-b972099181ea	gb:HM370978|Organism:Influenza	96.620	1006	15	15	1	991	13	1014	0.0	1652
f4d51e39-3a0b-445b-a7a7-62ae05a94986	gb:HM370978|Organism:Influenza	95.751	1012	19	20	1	998	1014	13	0.0	1609
4e6b7da7-52fd-4c63-ae44-79794ba7fc03	gb:HM370978|Organism:Influenza	98.209	1005	11	6	1	1001	13	1014	0.0	1749
36004bcc-c7ad-400f-909c-2acaf2435b38	gb:HM370978|Organism:Influenza	95.825	1006	21	15	1	989	13	1014	0.0	1605
c9daf288-1eed-4042-9e42-3245c734fb2b	gb:HM370978|Organism:Influenza	94.472	1013	21	28	1	989	13	1014	0.0	1528
325dd526-e2a8-4a76-a3b6-2fc0e87d4aa8	gb:HM370978|Organism:Influenza	98.307	1004	7	8	1	996	1014	13	0.0	1751
62fa96ee-1688-4fda-8506-745ad134ec47	gb:HM370978|Organism:Influenza	98.610	1007	8	5	1	1006	1014	13	0.0	1777
c83ebeab-302c-4dcb-9275-04984bb4770e	gb:HM370978|Organism:Influenza	94.632	1006	31	14	1	987	1014	13	0.0	1537
d994ac80-28ba-49db-b171-7d0c391ac788	gb:HM370978|Organism:Influenza	96.059	1015	18	18	1	1006	1014	13	0.0	1633
2eda626b-a552-4e2d-96ef-a5a41de90503	gb:HM370978|Organism:Influenza	98.699	999	7	5	1	995	1014	18	0.0	1768
c5172527-5e52-43ce-9584-7df6a9d02496	gb:HM370978|Organism:Influenza	96.112	1003	11	17	8	998	1000	14	0.0	1611
1cc79260-2e59-48dd-bd9d-33be4f7fcebc	gb:HM370978|Organism:Influenza	97.532	1013	9	10	1	1008	13	1014	0.0	1718
19322395-0c70-47fe-86bb-25ae8bc15c67	gb:HM370978|Organism:Influenza	96.922	1007	18	13	1	999	13	1014	0.0	1676
0f112c83-5a20-451e-b477-3b6b9b6b6ddd	gb:HM370978|Organism:Influenza	94.980	1016	21	23	1	1000	1014	13	0.0	1567
87842d37-6a16-411f-b728-a6ee26160b91	gb:HM370978|Organism:Influenza	90.514	1012	55	31	3	990	16	1010	0.0	1299
776f7486-3d65-4a5d-9e1e-36198daa844a	gb:HM370978|Organism:Influenza	98.010	1005	8	9	1	996	13	1014	0.0	1735
a4d427b5-2868-4c88-acd3-cc0a48c65be8	gb:HM370978|Organism:Influenza	98.111	1006	10	9	1	1001	1014	13	0.0	1744
e4f5b6e2-eaca-455a-8a49-8734c11c4897	gb:HM370978|Organism:Influenza	96.366	963	13	16	45	997	64	1014	0.0	1565
ef860a1d-06bc-4418-9d1b-74188deaa0f7	gb:HM370978|Organism:Influenza	94.742	989	17	21	1	957	1014	29	0.0	1506
6aa1db15-03eb-4e8c-88f6-cdc8108ce0ec	gb:HM370978|Organism:Influenza	95.191	1019	19	23	1	1006	1014	13	0.0	1583
73f2f4dd-82fd-4529-9fa1-3a1a21e77d9d	gb:HM370978|Organism:Influenza	96.654	1016	16	16	1	1012	13	1014	0.0	1672
3e13ef9c-687a-44ea-a1c9-6f9377bbde60	gb:HM370978|Organism:Influenza	97.321	1008	9	14	1	996	1014	13	0.0	1696
8343be83-4f91-4015-b5b5-cf51ad0adb53	gb:HM370978|Organism:Influenza	90.453	1037	50	35	1	1016	13	1021	0.0	1321
b0e7b068-1237-46c9-9091-9788285027ae	gb:HM370978|Organism:Influenza	98.518	1012	6	6	1	1004	13	1023	0.0	1777
e466362f-78df-474d-acb4-002f307ece16	gb:HM370978|Organism:Influenza	96.051	1013	18	20	1	1002	13	1014	0.0	1629
83bd0bdc-6e54-4103-b49d-ec88e0313218	gb:HM370978|Organism:Influenza	96.369	1019	15	17	9	1015	19	1027	0.0	1657
e4777a8f-c9bd-4838-bd0f-27fe8f4dd3d7	gb:HM370978|Organism:Influenza	96.967	1022	10	16	8	1018	1024	13	0.0	1696
aa9b13a7-fcf6-48f4-8434-c3f3cf561c54	gb:CY183992|Organism:Influenza	85.519	1022	114	29	1	1008	1002	1	0.0	1037
5276027b-eb96-4781-992d-aee6077e8f7d	gb:HM370978|Organism:Influenza	94.199	1017	31	25	1	1004	1014	13	0.0	1526
9b0eb157-60d3-4817-ba2b-8955291fabb2	gb:HM370978|Organism:Influenza	96.853	1017	12	17	8	1011	5	1014	0.0	1683
a5ccf1d8-6be4-40ef-9830-d794e663a22c	gb:HM370978|Organism:Influenza	97.024	1008	12	14	1	996	13	1014	0.0	1679
8f49d2ca-cedc-48fc-93d1-4fd8e95b7b3c	gb:CY130127|Organism:Influenza	89.109	1010	88	19	1	996	1	1002	0.0	1236
2e550c07-b11e-4065-aa1d-1a9ecd0a2132	gb:HM370978|Organism:Influenza	97.714	1006	10	12	6	1005	1011	13	0.0	1718
257e1a0a-05b3-4744-b32f-02318baad087	gb:HM370978|Organism:Influenza	97.225	1009	15	10	1	1003	13	1014	0.0	1696
c2e374e3-c43a-41d5-9959-981dc6c4080f	gb:HM370978|Organism:Influenza	97.736	1016	12	11	93	1101	1024	13	0.0	1738
7730bd6c-3efe-4f29-9a83-a3b499d342b7	gb:HM370978|Organism:Influenza	91.873	1009	32	39	1	967	1014	14	0.0	1363
22574d63-159e-4ac5-b82f-97f813074c03	gb:CY117140|Organism:Influenza	91.683	1010	70	8	1	1004	1	1002	0.0	1387
9cf2b97a-366f-47a1-92ee-361294be7d8d	gb:HM370978|Organism:Influenza	99.104	1005	3	6	1	1002	1014	13	0.0	1801
8075a458-87e9-46bb-9f3f-5db8522034d8	gb:HM370978|Organism:Influenza	97.112	1004	19	8	1	996	13	1014	0.0	1685
70d86673-3192-43a6-9274-51964b3d68ce	gb:HM370978|Organism:Influenza	96.822	1007	13	15	1	993	1014	13	0.0	1664
907ecf16-bc9f-439d-84d5-3921af01b1ba	gb:HM370978|Organism:Influenza	98.406	1004	10	6	1	1000	1014	13	0.0	1760
fd11ec29-f532-4c88-9822-a3dd38d2bbe8	gb:HM370978|Organism:Influenza	99.202	1003	3	4	1	999	1014	13	0.0	1803
09fbf7ac-0078-4acb-bb34-a86bfdc2cc07	gb:HM370978|Organism:Influenza	97.021	1007	15	15	1	997	13	1014	0.0	1679
a5191a36-c6ab-4190-8aee-913fb53aca47	gb:HM370978|Organism:Influenza	89.118	1020	59	40	1	986	1014	13	0.0	1221
ffb075fd-18dd-4510-a6ff-24aa84d25795	gb:HM370978|Organism:Influenza	95.285	1018	25	20	104	1106	1022	13	0.0	1592
f14f3e02-a126-401c-a52d-e48760440104	gb:HM370978|Organism:Influenza	95.365	1014	19	19	1	990	1014	5	0.0	1587
92cc34dc-3683-474d-a305-caf16d5d46dd	gb:HM370978|Organism:Influenza	97.219	1007	17	10	1	1001	1014	13	0.0	1694
69cd0cd1-bc7d-4f11-b460-5d73bccaa602	gb:HM370978|Organism:Influenza	97.913	1006	8	11	1	997	1014	13	0.0	1729
182e427b-70c4-4be1-aa8c-ceeded2cae19	gb:HM370978|Organism:Influenza	94.488	1016	27	25	1	1001	13	1014	0.0	1539
96630518-c4f0-4b4f-9ff4-36674883c9af	gb:HM370978|Organism:Influenza	88.491	1034	48	43	1	1004	13	1005	0.0	1184
0868d460-0995-4099-a269-586197a7586f	gb:CY014680|Organism:Influenza	83.836	1027	119	37	1	997	1014	5	0.0	933
727a4de2-866d-4b7f-abce-2eb8835863bb	gb:HM370978|Organism:Influenza	97.725	1011	7	10	1	1004	1014	13	0.0	1725
501f8475-8b38-4bc3-805e-0fc73e04f7df	gb:KJ889434|Organism:Influenza	84.506	981	92	44	1	934	13	980	0.0	915
