30707b52-1c5c-4145-a4e6-aa378321e0d9	gb:CY140598|Organism:Influenza	88.070	285	16	14	1	269	2034	2316	4.05e-87	322
e2899545-74d4-4675-ae18-642659274c8a	gb:HM370972|Organism:Influenza	95.502	289	6	4	1	288	2046	2328	4.12e-127	455
7512ba6f-cb26-4561-82d2-5559ee05a555	gb:CY136742|Organism:Influenza	87.857	280	26	7	7	279	1930	2208	4.22e-87	322
40188d03-62a3-4a0e-a18c-a71f9e36b5e7	gb:CY076226|Organism:Influenza	82.105	285	27	20	5	274	1933	2208	4.55e-57	222
1158418a-4aa8-48b8-b267-4fb1380aac17	gb:HM370966|Organism:Influenza	93.031	287	9	7	1	281	2220	1939	3.33e-113	409
14539d73-d613-4f25-8270-f8521323a4b6	gb:HM370972|Organism:Influenza	95.775	284	7	5	1	280	2328	2046	1.44e-126	453
2302566c-b07b-4805-8446-afc8db260843	gb:HM370972|Organism:Influenza	95.848	289	7	3	4	288	2041	2328	2.46e-129	462
56b1422e-d5b3-46f4-8d27-30fe1cc4ee3d	gb:HM370972|Organism:Influenza	93.208	265	10	7	1	258	2328	2065	1.94e-105	383
1973562d-a6d7-4a0a-992f-6b56f721a720	gb:HM370966|Organism:Influenza	97.872	282	3	2	1	279	2220	1939	5.08e-136	484
ae98e753-8499-4748-84d1-afbd77cb7ed8	gb:HM370972|Organism:Influenza	97.080	274	1	4	1	268	2328	2056	4.19e-127	455
371e7187-c360-4f2f-a2b0-f12b242672d1	gb:HM370972|Organism:Influenza	94.604	278	5	2	1	268	2046	2323	5.18e-117	422
eaf65d78-a41a-4710-9335-eae69a84d1f3	gb:HM370972|Organism:Influenza	86.942	291	22	15	1	283	2046	2328	2.58e-84	313
ab7a5d1b-f59c-4de2-8041-d170194cc2ab	gb:HM370972|Organism:Influenza	97.802	273	2	3	1	270	2328	2057	5.18e-131	468
62a72b82-1eef-4d13-98f6-47dbfa160ba6	gb:HM370972|Organism:Influenza	94.845	291	5	5	1	289	2046	2328	2.49e-124	446
4a14f01c-855d-466c-b440-27bc0f36b6fd	gb:HM370974|Organism:Influenza	95.588	272	9	3	14	284	2203	1934	1.96e-120	433
b1fad6aa-0f5b-417e-a9be-6cd52f3bd854	gb:HM370972|Organism:Influenza	97.527	283	3	2	1	279	2046	2328	6.57e-135	481
14f8a87c-5cca-4c19-a9b8-454f327f1aa5	gb:HM370966|Organism:Influenza	95.439	285	8	5	1	283	1939	2220	1.88e-125	449
2e3747ac-6ca4-4f57-9fb2-c401bdfc9929	gb:HM370972|Organism:Influenza	94.425	287	7	8	1	282	2328	2046	1.89e-120	433
25cbf576-228e-4d89-8891-7d3c9e154699	gb:HM370972|Organism:Influenza	97.635	296	3	4	1	292	2341	2046	4.10e-142	505
72657803-32e3-4cb5-a162-50e0f3238950	gb:HM370978|Organism:Influenza	99.302	1003	4	3	1	1001	1014	13	0.0	1810
a2414f6f-bcc0-4927-adef-e54303c6dcb0	gb:JN683626|Organism:Influenza	98.940	283	1	2	1	281	2046	2328	3.93e-142	505
8dcfee03-a058-4fe3-8313-242ba8659bb7	gb:HM370972|Organism:Influenza	98.944	284	1	2	1	283	2046	2328	1.10e-142	507
e8d012e6-e880-415c-a259-c4020fdfd3b6	gb:HM370972|Organism:Influenza	97.213	287	1	5	1	284	2328	2046	2.41e-134	479
46486db5-363b-4376-9711-d79299a9ffc7	gb:HM370972|Organism:Influenza	91.892	296	14	6	4	292	2338	2046	4.28e-112	405
971e45d0-a03f-4726-a83d-97218ef9b79a	gb:HM370979|Organism:Influenza	96.185	865	17	14	1	858	877	22	0.0	1400
2fbf3fb4-f9a1-44c0-a094-ed40455de999	gb:HM370966|Organism:Influenza	97.527	283	4	2	1	281	2220	1939	6.62e-135	481
f94a47a6-0bd1-4972-bbb6-3846156d65ae	gb:HM370979|Organism:Influenza	96.678	873	11	12	1	863	877	13	0.0	1435
ab8f5e32-2323-46e6-bac9-a2a5aa048b4e	gb:HM370972|Organism:Influenza	93.080	289	7	11	1	281	2046	2329	9.16e-114	411
f73cb53d-3c40-4bf0-9d5f-cc717f91d6c4	gb:HM370979|Organism:Influenza	96.670	871	9	16	1	857	13	877	0.0	1430
879adc7f-d1fd-46f8-94b5-0b6abe932b3f	gb:KU143475|Organism:Influenza	91.981	212	8	8	97	301	2227	2018	6.38e-77	289
ed144dc3-7776-4515-b530-a9fac7c1c76b	gb:HM370972|Organism:Influenza	93.380	287	7	10	1	279	2046	2328	6.76e-115	414
b375be2d-a929-4852-9f86-1e586c88768f	gb:HM370972|Organism:Influenza	98.208	279	2	3	4	280	2323	2046	5.10e-136	484
65e94312-e19a-4b36-840d-679b36c49dd9	gb:HM370972|Organism:Influenza	94.755	286	7	7	1	281	2046	2328	4.04e-122	438
ecf59250-8c59-46c4-aae1-1111342d4df3	gb:HM370966|Organism:Influenza	96.491	285	7	3	1	285	1939	2220	5.24e-131	468
d0e911eb-8041-401e-a19b-ab50ce2d1dac	gb:HM370972|Organism:Influenza	97.203	286	3	5	1	284	2328	2046	2.41e-134	479
068f0b1f-75e5-4d12-9616-8c437cd9bfbc	gb:HM370979|Organism:Influenza	97.809	867	7	11	1	857	877	13	0.0	1485
368dc2e9-9124-49dc-9603-0bb676f1b359	gb:HM370972|Organism:Influenza	98.529	272	3	1	1	272	2328	2058	2.37e-134	479
ebf55f64-0522-44e2-82dd-cc7904ab7a5c	gb:HM370972|Organism:Influenza	98.940	283	3	0	1	283	2328	2046	1.10e-142	507
496367c4-39e3-4d26-8ecc-8be884631034	gb:HM370972|Organism:Influenza	97.544	285	3	4	1	283	2328	2046	5.16e-136	484
2c14b9b3-a0ff-465a-9b87-8203f72cfbe3	gb:HM370972|Organism:Influenza	99.648	284	0	1	1	284	2046	2328	5.11e-146	518
b9e76b1c-7a0a-45ad-9472-4fc0ad2e4eba	gb:HM370978|Organism:Influenza	98.072	830	9	7	1	826	13	839	0.0	1437
b9e76b1c-7a0a-45ad-9472-4fc0ad2e4eba	gb:HM370978|Organism:Influenza	93.682	554	18	13	811	1354	547	1	0.0	813
89d06e6e-1166-423a-9eef-eb1b804bb5e2	gb:HM370972|Organism:Influenza	95.455	286	7	5	1	283	2046	2328	5.23e-126	451
aea59fb2-89e9-4802-ab17-28805e022d41	gb:HM370972|Organism:Influenza	92.657	286	11	8	1	279	2046	2328	1.46e-111	403
1b5091a3-5055-4c94-80d2-1bde1275ccb4	gb:HM370972|Organism:Influenza	94.425	287	8	7	1	283	2328	2046	5.27e-121	435
9da1e3f8-795f-468d-ac99-3e5044affa39	gb:HM370972|Organism:Influenza	97.004	267	4	4	1	266	2328	2065	2.43e-124	446
16d3048c-d9a6-45be-8fba-5cf16787872e	gb:HM370979|Organism:Influenza	96.330	872	17	13	1	864	13	877	0.0	1419
b0faa703-af7a-4363-8825-8a256a95d9bd	gb:HM370979|Organism:Influenza	90.304	887	48	33	6	868	5	877	0.0	1127
dc9b3b3d-b1ae-43c7-8b1e-6910dd1a3930	gb:HM370978|Organism:Influenza	95.644	1010	16	22	1	990	1014	13	0.0	1596
44eeac50-f357-43cb-9e26-9d5759449e93	gb:HM370972|Organism:Influenza	96.466	283	4	5	1	277	2328	2046	2.36e-129	462
