a28ecf53-83a6-426b-804d-fcb526fb72e1	gb:MH546994|Organism:Influenza	93.015	272	8	4	1	265	1927	2194	1.46e-106	387
2a16ddc4-ed9e-424b-9f04-4a519afaed78	gb:HM370972|Organism:Influenza	98.540	548	4	2	127	672	1783	2328	0.0	965
2a16ddc4-ed9e-424b-9f04-4a519afaed78	gb:HM370972|Organism:Influenza	98.473	131	1	1	1	131	13	142	6.67e-59	230
f40820b2-2342-4f4d-92ee-6fc0de8e8c0d	gb:HM370973|Organism:Influenza	90.549	328	10	17	1	311	2328	2005	1.31e-114	414
f981875a-5917-4e7e-bb2a-5700bcea5461	gb:HM370978|Organism:Influenza	98.410	1006	5	10	1	999	13	1014	0.0	1759
04242c8c-a4f0-487f-a90c-1b6b40b45569	gb:HM370978|Organism:Influenza	86.133	1024	71	56	1	975	13	1014	0.0	1038
bf9a9e27-4425-41a0-8905-3c37efcd8eed	gb:HM370978|Organism:Influenza	97.610	1004	7	10	1	989	1014	13	0.0	1705
9ddf81a2-ea84-4630-8270-6143f2bffbb0	gb:HM370978|Organism:Influenza	96.333	1009	14	16	1	993	13	1014	0.0	1637
7b404c02-6426-4e41-a150-ac4d9de00bd2	gb:HM370979|Organism:Influenza	98.046	870	8	7	1	866	877	13	0.0	1504
7b901a3b-91b9-4e65-bed8-a3592519afd9	gb:HM370979|Organism:Influenza	98.044	869	11	5	1	867	877	13	0.0	1506
20e93fd2-018e-4d9c-9a61-83b58546ea6c	gb:HM370978|Organism:Influenza	98.712	1009	5	6	1	1008	1014	13	0.0	1784
45266426-4c26-4548-91ee-7b9f650a17e7	gb:HM370979|Organism:Influenza	95.282	869	23	13	1	855	13	877	0.0	1362
2fc98e46-2cc3-4860-8bd9-9dcf5e0cc650	gb:HM370979|Organism:Influenza	95.972	869	21	12	1	859	877	13	0.0	1399
4d2a2a93-5367-4e11-a48b-b43b9621443c	gb:HM370978|Organism:Influenza	97.923	1011	8	11	1	1007	1014	13	0.0	1738
a4c6a63a-26ad-47c9-b2dc-ddd7deca2914	gb:HM370978|Organism:Influenza	95.747	1011	21	17	1	998	13	1014	0.0	1609
f3ea723a-b241-47e6-8387-d0bc3bdbb76e	gb:HM370978|Organism:Influenza	98.709	1007	6	7	1	1005	1014	13	0.0	1781
53c97189-b912-44c5-895d-9c2fb61f6c95	gb:HM370979|Organism:Influenza	96.659	868	11	11	1	853	877	13	0.0	1426
fc0a68b1-f9df-44b8-96e6-ab800d327a31	gb:HM370966|Organism:Influenza	97.535	284	3	2	1	282	2220	1939	1.85e-135	483
a64263e2-2e55-4866-b9e8-3038d8ad4f6f	gb:HM370978|Organism:Influenza	95.734	1008	17	21	1	988	1014	13	0.0	1600
f4ea6f53-93de-400d-8b1b-989e814c39e6	gb:HM370979|Organism:Influenza	96.101	872	19	13	1	864	877	13	0.0	1408
3b4d2ea0-8698-4b4e-8a7d-1d5ea175eb91	gb:HM370972|Organism:Influenza	98.718	546	5	2	1	544	2328	1783	0.0	968
3b4d2ea0-8698-4b4e-8a7d-1d5ea175eb91	gb:HM370972|Organism:Influenza	97.692	130	2	1	540	668	142	13	1.11e-56	222
814bb09c-9b0f-466f-b172-bf0126202aa2	gb:HM370979|Organism:Influenza	98.272	868	6	8	1	862	877	13	0.0	1511
4d162cd9-96dc-436c-afeb-39b43e918e98	gb:HM370972|Organism:Influenza	99.263	543	3	1	1	543	2328	1787	0.0	979
4d162cd9-96dc-436c-afeb-39b43e918e98	gb:HM370972|Organism:Influenza	93.077	130	8	1	546	675	141	13	1.14e-46	189
bde7f2d2-46a1-4504-b270-d761aea052d7	gb:HM370972|Organism:Influenza	98.355	547	5	3	1	544	2328	1783	0.0	957
bde7f2d2-46a1-4504-b270-d761aea052d7	gb:HM370972|Organism:Influenza	100.000	130	0	0	540	669	142	13	3.07e-62	241
e78f1506-87a7-436c-8fdc-3adfc1451dd7	gb:HM370979|Organism:Influenza	98.276	870	6	3	1	866	877	13	0.0	1515
4e45b88e-b45b-4f90-9a0a-5766859b8f05	gb:HM370978|Organism:Influenza	94.330	1023	25	30	99	1101	1022	13	0.0	1537
b7389090-53ab-486d-b6b5-a057bba9e344	gb:HM370978|Organism:Influenza	94.717	265	6	8	6	264	1003	741	3.83e-112	405
2971c135-75d8-41ae-835e-a67dc69a54f2	gb:JN683632|Organism:Influenza	94.799	1019	28	21	1	1010	13	1015	0.0	1565
0d67862f-10ac-4246-b58c-3adfbb409a89	gb:HM370978|Organism:Influenza	97.917	1008	14	5	1	1007	1014	13	0.0	1738
ec7ac68e-eae8-42eb-a151-fe353f40a048	gb:HM370973|Organism:Influenza	96.923	325	5	3	1	322	2328	2006	2.17e-152	540
6d34101a-b004-4a79-9bd5-1624ac897561	gb:HM370978|Organism:Influenza	88.211	984	61	42	1	940	13	985	0.0	1123
77d7a48d-297c-440a-86c7-b53f33031def	gb:HM370978|Organism:Influenza	92.552	1007	33	34	1	980	1014	23	0.0	1406
6969f9b1-7fae-4ff1-8123-8b02271c23fe	gb:HM370979|Organism:Influenza	95.767	874	19	15	1	861	13	881	0.0	1393
b4536229-f72f-415c-833a-5be74f52242c	gb:HM370979|Organism:Influenza	93.010	887	29	25	107	974	885	13	0.0	1264
a07f1cfc-5bdb-4b53-873b-5fb681e94b58	gb:HM370979|Organism:Influenza	96.203	869	15	15	1	855	13	877	0.0	1406
c529d303-ddf3-44fe-9094-2cafb9f2fdc6	gb:HM370978|Organism:Influenza	97.520	1008	11	10	1	1000	1014	13	0.0	1711
95c6b295-0e38-4d6f-9d30-3acea6945047	gb:HM370973|Organism:Influenza	91.768	328	8	13	207	519	2005	2328	7.78e-122	438
5abcc4d0-d557-4755-a6d1-d4e0ad9905af	gb:HM370978|Organism:Influenza	97.319	1007	15	10	1	1000	13	1014	0.0	1700
39c78071-220b-445a-b212-c033532cd89b	gb:HM370978|Organism:Influenza	96.589	1026	17	16	2	1021	1	1014	0.0	1685
7e55f7b3-b8d2-4684-94b5-056c00635435	gb:HM370978|Organism:Influenza	98.119	1010	8	6	1	1007	1014	13	0.0	1749
a9cf7c07-a218-4dd0-b613-790cf62aae4a	gb:HM370973|Organism:Influenza	97.250	400	3	4	2	397	1	396	0.0	671
a9cf7c07-a218-4dd0-b613-790cf62aae4a	gb:HM370973|Organism:Influenza	98.227	282	2	2	393	671	2047	2328	2.77e-137	490
a955cf15-7c29-4618-9730-ac2f6cf6128a	gb:HM370979|Organism:Influenza	98.159	869	8	7	1	865	877	13	0.0	1509
ff90b824-a0d4-468d-820e-11dab83a1e58	gb:HM370979|Organism:Influenza	90.258	893	40	33	109	980	879	13	0.0	1123
2fc6fa50-dc6b-431b-bad1-6f5713d66a5e	gb:HM370979|Organism:Influenza	88.443	848	42	40	1	808	13	844	0.0	972
006c4c64-bf38-4c5b-8357-12994d686940	gb:HM370979|Organism:Influenza	98.613	865	4	4	1	857	877	13	0.0	1524
8f95559c-61f2-48ac-a571-543a727dfd9d	gb:HM370978|Organism:Influenza	97.140	1014	9	15	94	1093	7	1014	0.0	1694
ae3aff11-1073-4707-b104-2d5d7b0598c2	gb:HM370978|Organism:Influenza	97.510	1004	11	14	1	992	1014	13	0.0	1703
92e80951-ed59-41ce-91e1-610a4436292d	gb:HM370978|Organism:Influenza	96.583	995	13	21	12	995	997	13	0.0	1629
3d0e30ef-2cbe-49c1-94dd-da1b5d8d4d88	gb:HM370978|Organism:Influenza	96.624	1007	21	11	1	1000	13	1013	0.0	1659
f25228f5-d036-44c1-9812-4077717a7850	gb:HM370978|Organism:Influenza	97.714	1006	9	10	1	996	1014	13	0.0	1718
1ac6eda8-26f8-4ee2-af1a-473bda36d6aa	gb:HM370979|Organism:Influenza	87.862	898	42	47	3	860	886	16	0.0	992
cb75733b-e504-4681-a05c-b18fed6d5046	gb:HM370979|Organism:Influenza	98.618	868	3	6	1	862	13	877	0.0	1528
0d432f6c-3818-439d-831c-2358dc639c31	gb:HM370978|Organism:Influenza	94.297	1017	28	27	1	1002	13	1014	0.0	1530
5820b46a-baeb-4eb5-99d1-4f3f5f773c1d	gb:HM370966|Organism:Influenza	98.936	282	3	0	1	282	2220	1939	3.95e-142	505
eeb10a9c-0940-479d-93a0-747c19a9e76e	gb:HM370979|Organism:Influenza	98.389	869	7	4	1	866	877	13	0.0	1520
fda92ee7-1c28-42df-a106-58a592eaf5f4	gb:HM370978|Organism:Influenza	95.015	1023	19	29	1	999	13	1027	0.0	1578
5d194a06-c2d0-48d3-a0de-442b24b828b7	gb:HM370972|Organism:Influenza	99.084	546	4	1	124	668	1783	2328	0.0	979
5d194a06-c2d0-48d3-a0de-442b24b828b7	gb:HM370972|Organism:Influenza	91.667	132	5	6	1	128	13	142	2.43e-43	178
80ceb4eb-a153-469a-95db-28bd02a4fc2c	gb:HM370979|Organism:Influenza	94.701	887	23	15	1	875	13	887	0.0	1356
9f55bf53-c91a-496c-875b-9cdb89dd07f1	gb:HM370966|Organism:Influenza	92.014	288	10	11	1	281	1939	2220	3.19e-108	392
18597216-9634-485d-ad45-6fa7292b52f5	gb:HM370966|Organism:Influenza	98.587	283	3	1	1	283	1939	2220	1.84e-140	499
7f0cd752-64b8-48b7-8620-794861570527	gb:HM370978|Organism:Influenza	93.841	276	9	7	1	270	1014	741	3.03e-113	409
fe44d371-0f2f-4790-bc85-1e0664be6868	gb:HM370978|Organism:Influenza	98.410	1006	8	8	1	1002	1014	13	0.0	1762
18cd6105-d895-4a89-a661-fa11edb972ca	gb:HM370978|Organism:Influenza	96.230	1008	24	13	1	1000	13	1014	0.0	1639
39fd9f3d-465a-4a82-aac1-be8eedc97420	gb:HM370978|Organism:Influenza	89.286	280	19	8	100	370	736	1013	1.58e-92	340
e271454f-3fcd-434e-b1ec-0a6de3a64df7	gb:HM370978|Organism:Influenza	96.241	1011	10	20	1	992	13	1014	0.0	1631
d3467510-a686-46f3-a2a9-6c21518a6ac3	gb:HM370966|Organism:Influenza	97.112	277	5	2	4	277	2215	1939	6.57e-130	464
a6b036b9-0ce6-41ab-8d3b-2849fab23425	gb:HM370978|Organism:Influenza	89.160	1024	58	43	1	993	13	1014	0.0	1227
febeba56-cc32-43ff-927a-d4eee6d68998	gb:HM370973|Organism:Influenza	93.195	338	11	12	107	437	2337	2005	3.44e-136	486
833868bb-a7ab-4361-b392-fab25dd0eee9	gb:HM370973|Organism:Influenza	92.857	322	12	9	333	645	2009	2328	2.70e-127	457
6fc881f1-45f4-4935-b5f1-3045a5295e9c	gb:HM370979|Organism:Influenza	96.897	870	10	14	1	858	13	877	0.0	1441
d0d1e2ac-4ffa-434f-bc0a-d928536475cd	gb:HM370979|Organism:Influenza	94.749	876	17	19	12	868	12	877	0.0	1336
abbba896-7d79-4229-8478-8e0991bcbaf4	gb:HM370979|Organism:Influenza	97.578	867	13	7	1	861	13	877	0.0	1478
7c9988db-32a8-4598-ad78-cb3a068f007c	gb:HM370978|Organism:Influenza	97.614	1006	8	12	1	995	1014	14	0.0	1711
745787a2-a8cc-4988-aa69-da2a2b307982	gb:HM370978|Organism:Influenza	98.012	1006	9	6	1	999	13	1014	0.0	1736
8b81f69a-d36c-4a21-a5c8-88972a49073c	gb:HM370978|Organism:Influenza	94.882	1016	21	27	1	999	1014	13	0.0	1559
3b7b8839-4f26-4699-89d9-0cf9e8a540f1	gb:HM370978|Organism:Influenza	96.670	1021	14	18	2	1009	1	1014	0.0	1679
a9fa57c9-8944-4b1b-9759-0ba3f67f60cd	gb:HM370972|Organism:Influenza	93.863	554	16	14	1	544	2328	1783	0.0	819
a9fa57c9-8944-4b1b-9759-0ba3f67f60cd	gb:HM370972|Organism:Influenza	95.420	131	2	4	540	667	142	13	1.11e-51	206
28df80ac-05d4-456c-bd10-ae7be1ce87c0	gb:HM370979|Organism:Influenza	98.274	869	4	8	1	862	877	13	0.0	1511
c20a0cfa-08d9-442b-b7e8-0efd0044e1d2	gb:HM370978|Organism:Influenza	98.545	275	2	2	1	274	1014	741	4.98e-136	484
e14b2f70-f185-48d3-aea9-04c7ff9b6983	gb:HM370979|Organism:Influenza	95.397	869	18	18	107	961	873	13	0.0	1363
e283ff3d-207b-4cda-be2a-6c4e40cb5466	gb:HM370979|Organism:Influenza	87.855	881	56	42	1	852	13	871	0.0	987
7eddaac1-a904-46c0-a788-043163222acf	gb:HM370978|Organism:Influenza	97.335	1013	9	13	1	1006	13	1014	0.0	1705
2d12ed65-1d6a-4e2a-b404-689c8c7b1100	gb:HM370978|Organism:Influenza	98.111	1006	11	6	1	1002	13	1014	0.0	1746
9c9e91e2-2b78-47ec-867e-7a325dec6b59	gb:HM370979|Organism:Influenza	94.145	871	27	20	3	859	873	13	0.0	1304
edbfa3bc-38f3-4bf3-9ce6-11d4a8a3e424	gb:HM370979|Organism:Influenza	96.900	871	16	11	1	866	877	13	0.0	1448
d72c1f59-84f5-4097-ade9-89e23591da34	gb:HM370979|Organism:Influenza	95.351	882	16	20	1	874	13	877	0.0	1378
8cabad92-07ad-4833-9c40-496c7c8a89d0	gb:HM370978|Organism:Influenza	94.912	1022	18	21	1	1000	13	1022	0.0	1568
fda20a7f-76de-4534-93cd-abda0979fd40	gb:HM370978|Organism:Influenza	86.119	1023	67	56	1	970	1014	14	0.0	1033
23b29249-dabf-47a7-9970-afba542f959e	gb:HM370978|Organism:Influenza	95.098	1020	13	25	1	1001	13	1014	0.0	1572
c46c5249-4f39-4213-a401-51b0b8e1763f	gb:HM370978|Organism:Influenza	97.512	1005	11	12	1	994	13	1014	0.0	1705
0559a6cb-904d-4037-9216-c37b24ce57eb	gb:HM370972|Organism:Influenza	97.993	548	7	4	1	546	2328	1783	0.0	948
0559a6cb-904d-4037-9216-c37b24ce57eb	gb:HM370972|Organism:Influenza	100.000	130	0	0	542	671	142	13	3.07e-62	241
e3aa6414-59f9-4bc3-a7ef-901f16afa60d	gb:HM370979|Organism:Influenza	95.857	869	22	13	1	859	877	13	0.0	1393
b2248efa-ce62-4b71-ae6c-a99e1262ca22	gb:KC693640|Organism:Influenza	88.451	381	34	7	3	382	1	372	1.28e-125	451
904a589f-c7a3-44c6-ac98-f24bba8454c4	gb:HM370978|Organism:Influenza	93.426	1004	31	22	1	971	13	1014	0.0	1456
48b7e93f-5590-4c4f-9c8f-a0c463413747	gb:HM370978|Organism:Influenza	99.303	1005	3	3	1	1004	13	1014	0.0	1814
96af4034-aae6-41b8-879f-e9c73713a4c7	gb:HM370972|Organism:Influenza	94.516	547	20	9	145	682	1783	2328	0.0	835
96af4034-aae6-41b8-879f-e9c73713a4c7	gb:HM370972|Organism:Influenza	86.577	149	12	8	2	149	1	142	3.24e-37	158
bd79201c-492f-4a60-b50d-b14d9722cee2	gb:HM370979|Organism:Influenza	90.568	880	42	38	118	977	871	13	0.0	1127
51800021-ce60-45a9-ae47-80ab5743ec9e	gb:HM370979|Organism:Influenza	95.652	874	13	19	1	858	13	877	0.0	1380
f8e67f0d-2c3a-4c87-80e4-03e3351c6297	gb:HM370979|Organism:Influenza	97.595	873	11	8	1	871	13	877	0.0	1487
9f50b92a-9e1b-4aed-9643-f6b78e111825	gb:HM370979|Organism:Influenza	91.504	871	47	26	1	850	13	877	0.0	1173
8f5b695a-4c5f-44f9-a7fa-605120e30605	gb:HM370978|Organism:Influenza	98.214	1008	7	10	1	1003	13	1014	0.0	1751
8f5fb735-5c2f-4842-a9dc-1c95123e9d93	gb:HM370978|Organism:Influenza	99.302	1003	3	3	1	1000	1014	13	0.0	1810
8c963266-31f1-4919-9dc5-bb8c493a6bbe	gb:HM370979|Organism:Influenza	97.463	867	14	8	1	861	13	877	0.0	1472
e740ad78-9a9f-4235-914a-c872c69b9e6f	gb:HM370978|Organism:Influenza	97.787	994	12	9	1	989	13	1001	0.0	1705
53e90c05-d859-4915-acc0-4c8b835d9312	gb:HM370978|Organism:Influenza	98.012	1006	10	8	1	1000	13	1014	0.0	1738
6329e4ff-b173-4c26-b917-b081283dad19	gb:HM370978|Organism:Influenza	92.460	1008	41	27	6	987	16	1014	0.0	1408
f71613f6-bd9a-4ad5-b314-586d425f5c1d	gb:HM370978|Organism:Influenza	93.463	1025	33	29	1	1014	13	1014	0.0	1491
73b7ea54-bf26-4115-8d16-28ed64e623ae	gb:HM370966|Organism:Influenza	92.883	281	14	5	4	280	2217	1939	1.47e-111	403
754d8835-d403-40da-b750-31b207bdf9bb	gb:HM370978|Organism:Influenza	99.273	275	1	1	1	275	1014	741	2.31e-139	496
65b7f7c6-5e77-4239-af3c-8d5f382d2ee2	gb:HM370978|Organism:Influenza	93.805	1017	27	28	1	996	13	1014	0.0	1496
a92d41ae-a433-455d-9cc7-6d38afad22c7	gb:HM370978|Organism:Influenza	96.517	1005	19	10	1	993	13	1013	0.0	1648
a2f870a2-1e58-453e-8154-568629892086	gb:HM370979|Organism:Influenza	91.194	863	34	37	1	842	877	36	0.0	1134
39cd90ac-c26b-4dac-bd7e-3decaa935fb8	gb:HM370978|Organism:Influenza	96.835	1011	6	20	1	994	13	1014	0.0	1666
27104757-eac4-4810-b1ba-3c71d5998ba3	gb:HM370978|Organism:Influenza	97.813	1006	9	10	1	997	13	1014	0.0	1724
2ab33b67-7dd1-4011-ba86-5560b5a95599	gb:HM370978|Organism:Influenza	98.209	1005	13	5	1	1003	13	1014	0.0	1751
588c6e7f-b3fb-43cb-8471-e7f27099b563	gb:HM370978|Organism:Influenza	93.141	277	5	11	1	266	1014	741	8.36e-109	394
e95e7528-c87e-4a79-8dc3-cdcebbce6871	gb:HM370978|Organism:Influenza	87.805	1025	60	46	12	993	12	1014	0.0	1140
ae8d9e1b-b1e9-49af-822a-81190a376194	gb:HM370979|Organism:Influenza	97.924	867	11	6	1	862	877	13	0.0	1495
3a34beb8-4aee-49db-9da1-17857f9bdb99	gb:HM370973|Organism:Influenza	98.765	324	3	1	1	323	2328	2005	5.92e-163	575
69f9b6fa-d066-47db-b4bd-8908be9a38e7	gb:HM370978|Organism:Influenza	96.937	1012	15	13	1	1006	1014	13	0.0	1683
d4ae8ba8-b311-4311-92c9-6cb7797beb4b	gb:HM370979|Organism:Influenza	95.418	873	20	17	1	861	877	13	0.0	1373
f088332d-a932-4b56-8256-9dfd8855084d	gb:HM370978|Organism:Influenza	98.408	1005	4	11	1	1000	13	1010	0.0	1757
5e1b4bda-26ca-411a-81b6-5d6c12cd3fa7	gb:HM370973|Organism:Influenza	93.994	333	9	10	102	429	2331	2005	2.05e-138	494
ff8010fb-1899-4f13-8fec-25751ec20b2d	gb:HM370978|Organism:Influenza	96.723	1007	18	13	1	997	13	1014	0.0	1663
91efd407-b35b-4b55-976f-8d58f5db42f7	gb:HM370978|Organism:Influenza	97.817	1008	12	8	1	1004	1014	13	0.0	1731
d3213921-779f-403c-a2c5-0045b3088327	gb:HM370978|Organism:Influenza	97.038	1013	5	15	1	999	13	1014	0.0	1681
790a81f7-5294-4692-81ee-1690e7df5753	gb:HM370978|Organism:Influenza	95.477	1017	16	22	1	1002	1014	13	0.0	1596
1e930e4f-3d4d-4aa5-9daa-4e81927f88e9	gb:HM370979|Organism:Influenza	92.463	889	30	28	5	872	5	877	0.0	1236
58a26a45-71b7-40c2-af1b-e66f8b9f8018	gb:HM370978|Organism:Influenza	98.630	292	1	3	1	290	13	303	6.76e-145	514
aad1af94-8694-46b3-b958-86f5cac2875f	gb:HM370978|Organism:Influenza	98.905	1005	4	5	1	1001	13	1014	0.0	1788
07cca46f-d2f2-412b-90f9-fd2f886b726f	gb:HM370979|Organism:Influenza	98.730	866	7	3	1	863	13	877	0.0	1535
ab76d451-cdfc-49ef-b669-ea5c6995288a	gb:HM370979|Organism:Influenza	97.350	868	13	8	1	861	13	877	0.0	1467
55f77db2-1e70-4714-821c-8401afa0c2b4	gb:HM370973|Organism:Influenza	90.385	312	17	13	229	529	2016	2325	1.35e-109	398
09aad48b-f0ff-472e-81b2-1a23281a6b34	gb:HM370978|Organism:Influenza	97.640	1017	6	12	1	1014	1014	13	0.0	1729
004d6644-3b59-49e3-bccb-bf279d2d11ea	gb:HM370978|Organism:Influenza	98.014	1007	10	9	1	1002	13	1014	0.0	1740
8dd04023-cd71-4082-9acb-c429605fe612	gb:HM370972|Organism:Influenza	100.000	267	0	0	1	267	2328	2062	1.80e-138	494
8dd04023-cd71-4082-9acb-c429605fe612	gb:HM370972|Organism:Influenza	92.692	260	10	8	261	512	2075	2333	4.10e-100	366
2071439a-7036-40dc-a22c-7abf3fd31fed	gb:HM370978|Organism:Influenza	97.711	1005	11	10	1	996	13	1014	0.0	1718
4fe57728-8117-44cd-9655-ede9cc22455e	gb:JN706699|Organism:Influenza	92.632	285	14	7	1	281	1939	2220	1.47e-111	403
f883636f-2eae-4846-a25e-6aeb3e3c931a	gb:HM370973|Organism:Influenza	96.024	327	3	4	217	536	2005	2328	2.16e-147	523
8fe4f220-9c4d-48c8-828d-5352f2071d43	gb:HM370979|Organism:Influenza	98.276	870	7	8	2	864	1	869	0.0	1517
e0551874-d593-4fcb-9c7b-69a02ce3decc	gb:MF959969|Organism:Influenza	85.742	1017	102	32	1	989	13	1014	0.0	1035
d8e26b54-9b18-42a8-a620-ab008c1dcdf0	gb:HM370973|Organism:Influenza	89.809	314	18	10	8	307	2318	2005	2.14e-107	390
276ad248-ca17-4240-b63a-c78def2e715c	gb:HM370979|Organism:Influenza	91.941	881	45	24	1	870	12	877	0.0	1210
d2d82a12-50ba-4b95-a43c-9832184c1db6	gb:HM370979|Organism:Influenza	99.307	866	4	2	1	865	877	13	0.0	1565
4a9d6d24-018c-405a-9024-440ad1e5bb89	gb:HM370973|Organism:Influenza	92.073	328	14	10	1	320	2328	2005	1.04e-125	451
8660a50a-a3dd-42bd-8105-ea0543da5c6a	gb:HM370978|Organism:Influenza	97.822	1010	7	9	1	1003	13	1014	0.0	1729
6f6335b8-b37e-4685-bb6c-39c62f9db6b5	gb:HM370979|Organism:Influenza	97.801	864	12	5	5	865	872	13	0.0	1483
5e54db6d-569d-4603-a1c1-a70f6f68bb77	gb:HM370979|Organism:Influenza	98.272	868	8	6	1	864	877	13	0.0	1513
9b094b52-e8c4-446e-9a4d-b47dddeed32b	gb:HM370978|Organism:Influenza	98.808	1007	4	7	1	1004	1014	13	0.0	1786
380ed2dc-3a79-4d12-a126-ffe26bc7ccdc	gb:HM370979|Organism:Influenza	92.865	883	24	28	1	850	877	1	0.0	1245
7246a0ea-487c-4abf-a7db-40ea3e787a41	gb:HM370973|Organism:Influenza	98.165	327	2	3	1	326	2328	2005	9.94e-161	568
a09deefa-08bb-4e94-8b8b-090a3379d020	gb:HM370978|Organism:Influenza	97.913	1006	7	10	1	996	13	1014	0.0	1729
4e7e4b28-379e-4a3b-9637-3bb34c315ea9	gb:HM370972|Organism:Influenza	94.652	561	18	10	125	675	2341	1783	0.0	859
4e7e4b28-379e-4a3b-9637-3bb34c315ea9	gb:HM370972|Organism:Influenza	97.619	84	2	0	743	826	2245	2328	3.08e-33	145
4e7e4b28-379e-4a3b-9637-3bb34c315ea9	gb:HM370972|Organism:Influenza	86.842	76	4	5	671	743	142	70	8.80e-14	80.5
a34bd68a-a8dd-41f5-8fda-ddd18915a6ba	gb:HM370973|Organism:Influenza	95.729	398	6	9	278	666	396	1	1.55e-179	630
a34bd68a-a8dd-41f5-8fda-ddd18915a6ba	gb:HM370973|Organism:Influenza	98.582	282	4	0	1	282	2328	2047	4.57e-140	499
7ea66ce6-fac1-45d9-a6de-ca79ec777215	gb:HM370978|Organism:Influenza	98.016	1008	9	9	1	1003	13	1014	0.0	1740
39e13adf-99a9-4879-81b8-4c7080ad1ac1	gb:HM370972|Organism:Influenza	96.036	555	11	9	129	681	1783	2328	0.0	893
39e13adf-99a9-4879-81b8-4c7080ad1ac1	gb:HM370972|Organism:Influenza	93.182	132	3	4	3	133	16	142	1.15e-46	189
e5d1da45-f4b4-4ae1-948f-3b31416c9ba9	gb:HM370978|Organism:Influenza	98.810	1008	2	9	1	1004	13	1014	0.0	1786
f9f062e4-93bd-427a-85da-ca4415ea965b	gb:HM370978|Organism:Influenza	86.391	992	70	54	24	965	38	1014	0.0	1024
64208e2a-775b-4e71-a9e1-17ff6554ecdb	gb:HM370978|Organism:Influenza	92.364	275	6	9	1	261	1014	741	8.24e-104	377
8128433f-1442-4265-8d1a-eb7be2e801e0	gb:HM370978|Organism:Influenza	98.813	1011	2	9	1	1010	1014	13	0.0	1792
1fdc408e-be02-4452-a80a-6107950f2334	gb:HM370978|Organism:Influenza	97.211	1004	13	11	4	997	16	1014	0.0	1685
a42d6247-b729-4cf3-82be-e4c276a61acf	gb:HM370978|Organism:Influenza	96.340	1011	20	15	1	1003	13	1014	0.0	1646
8e077c90-44f7-4020-8cf5-e4c6aea91beb	gb:HM370978|Organism:Influenza	98.113	1007	8	9	1	1001	13	1014	0.0	1744
54f365f0-8d54-4589-b37a-a2b95d52b95a	gb:HM370979|Organism:Influenza	98.041	868	8	6	1	860	13	879	0.0	1500
e8a5dcf2-07be-4578-8ed2-f6cd1a516f4d	gb:HM370978|Organism:Influenza	98.305	1003	9	6	1	996	1014	13	0.0	1751
4fbe42ff-9c77-48d3-88ba-46faec9f9268	gb:HM370978|Organism:Influenza	98.507	1005	3	8	1	996	1014	13	0.0	1762
22885ece-d403-4135-a7f7-f3e60ea05f25	gb:HM370978|Organism:Influenza	95.146	1030	15	26	1	1011	1014	1	0.0	1592
ba27cffa-0ab7-4fa3-beb1-0080aed674e7	gb:HM370979|Organism:Influenza	95.046	868	21	21	4	857	872	13	0.0	1345
b39c2e54-397f-4eb6-9904-0922e1a540e9	gb:HM370979|Organism:Influenza	98.150	865	8	5	1	857	13	877	0.0	1502
6f107f69-0771-4055-8197-1f01f2c9a84d	gb:HM370979|Organism:Influenza	97.106	864	10	11	4	856	872	13	0.0	1443
877f9217-8ab1-4eb4-b6b7-83f40b82aa90	gb:HM370978|Organism:Influenza	95.510	245	3	7	26	262	985	741	4.95e-106	385
77fc7d62-b8ab-44d5-9f27-95706dd85ad2	gb:HM370978|Organism:Influenza	94.683	978	24	25	1	960	13	980	0.0	1493
b4547795-f8d9-495e-9bc9-702cc84a8a0b	gb:HM370978|Organism:Influenza	96.365	1018	19	16	1	1009	1014	6	0.0	1659
1489b8c8-9bcc-4129-8292-c62e58218a9c	gb:HM370979|Organism:Influenza	96.096	871	16	16	1	859	13	877	0.0	1404
fecc2f38-73df-4c11-9b4e-c82b3241ffed	gb:HM370979|Organism:Influenza	98.848	868	5	5	1	866	13	877	0.0	1543
c2e4e1d8-3f13-41ca-8d83-9b53d107d240	gb:HM370979|Organism:Influenza	95.968	868	23	9	1	858	12	877	0.0	1399
ee20cd51-f70a-40a9-8e1c-1d2341cbf0ad	gb:HM370978|Organism:Influenza	97.919	1009	9	11	1	1004	13	1014	0.0	1736
47c6ccef-76d6-4f6c-a85c-4f0613d3037d	gb:HM370979|Organism:Influenza	99.192	866	5	2	1	865	13	877	0.0	1559
f2318c11-6dae-4ace-9ce9-6e520f306cd7	gb:HM370978|Organism:Influenza	97.080	274	2	4	1	268	1014	741	1.06e-127	457
d80256c5-f5a9-42b8-a410-c683f3a7b3d4	gb:HM370966|Organism:Influenza	97.909	287	5	1	9	294	1934	2220	2.49e-139	496
594deb6d-1255-4103-8fb2-cb3c50fd4567	gb:HM370973|Organism:Influenza	94.529	329	11	5	1	327	2328	2005	1.02e-140	501
2756f8df-dd99-4579-84cd-883488466d69	gb:HM370978|Organism:Influenza	98.805	1004	4	7	1	998	13	1014	0.0	1781
09e644be-3836-4ac1-bad0-d287ed2cdea5	gb:HM370979|Organism:Influenza	96.889	868	18	8	1	862	13	877	0.0	1445
c8986fdf-d2af-43c9-b7e0-342d67ef11df	gb:HM370978|Organism:Influenza	98.509	1006	4	9	1	999	1014	13	0.0	1764
49bf6ce1-84e2-4a45-952a-0add77a80829	gb:HM370979|Organism:Influenza	96.326	871	14	10	1	859	877	13	0.0	1415
9eee5757-9b4d-4ed4-adc5-675970b78d93	gb:HM370978|Organism:Influenza	97.062	1021	10	18	5	1016	1022	13	0.0	1701
cace3cc1-0281-42ca-b74c-6a341658383d	gb:HM370979|Organism:Influenza	90.536	877	35	33	1	841	877	13	0.0	1116
a6a34433-746c-4477-87df-e4d0f5d48b1f	gb:HM370978|Organism:Influenza	96.358	1016	15	14	1	1008	1014	13	0.0	1652
d583d37a-4465-412c-8b02-becafce8c0be	gb:HM370978|Organism:Influenza	97.324	1009	9	14	1	998	1014	13	0.0	1698
0287c445-e1a6-4b8f-83ce-f87365967fab	gb:HM370972|Organism:Influenza	98.192	553	6	4	126	676	1783	2333	0.0	963
0287c445-e1a6-4b8f-83ce-f87365967fab	gb:HM370972|Organism:Influenza	100.000	130	0	0	1	130	13	142	3.14e-62	241
4b4289ab-1be8-4e25-a9f5-9bf3d635ab40	gb:HM370978|Organism:Influenza	94.909	275	9	4	1	271	1014	741	3.02e-118	425
d2099418-f2b8-486f-b9c6-324286c8d4b6	gb:HM370979|Organism:Influenza	97.130	871	14	10	1	866	13	877	0.0	1459
01f06f09-6fb9-4f99-a631-bf3969ace510	gb:HM370979|Organism:Influenza	98.614	866	9	3	1	864	13	877	0.0	1530
d74ce044-f3ba-416f-becc-d87bcd5a3995	gb:HM370966|Organism:Influenza	95.088	285	5	6	1	279	1939	2220	1.12e-122	440
fdb5100f-cbe4-431b-8db2-7675cea62e04	gb:HM370978|Organism:Influenza	95.368	993	14	23	1	973	1014	34	0.0	1550
3f5a9a66-934a-4669-9c8c-11fc9d0df747	gb:HM370972|Organism:Influenza	97.312	558	5	6	103	652	2338	1783	0.0	939
3f5a9a66-934a-4669-9c8c-11fc9d0df747	gb:HM370972|Organism:Influenza	97.710	131	1	2	648	777	142	13	3.61e-57	224
284c1829-d392-4309-beb1-b84886b89f46	gb:HM370979|Organism:Influenza	96.889	868	9	14	1	853	13	877	0.0	1437
e9e8fa2b-5240-43bd-b2aa-eab61ace075d	gb:HM370979|Organism:Influenza	98.389	869	4	9	1	863	877	13	0.0	1519
ce80e295-d6a1-4f6e-8986-713ea6a17816	gb:HM370979|Organism:Influenza	97.480	873	11	11	4	869	872	4	0.0	1480
72e29391-bc99-4cb5-8267-198575e34571	gb:KT266945|Organism:Influenza	88.177	1015	97	21	1	1005	13	1014	0.0	1188
3a82eaf3-4197-48bc-a1b1-5df7d490c19e	gb:HM370966|Organism:Influenza	97.163	282	6	2	1	280	1939	2220	3.07e-133	475
8c0d6ccf-1a19-42fa-a20e-9b7f9242d94b	gb:GU066781|Organism:Influenza	91.451	1006	73	13	1	997	1014	13	0.0	1369
e7f80fdb-ee09-4f6d-ae62-ea2c3025826f	gb:LC121479|Organism:Influenza	88.889	1008	77	28	1	979	13	1014	0.0	1208
06218b86-56bd-4ede-b58f-c5ffca9b8344	gb:HM370979|Organism:Influenza	95.771	875	15	16	1	862	12	877	0.0	1391
22d90bad-d40c-4f63-b55a-8aae6c710bc3	gb:HM370979|Organism:Influenza	98.150	865	10	6	1	859	877	13	0.0	1504
62e98ca4-082e-44e5-a79b-25f5953e81f5	gb:HM370978|Organism:Influenza	94.603	1019	24	26	1	1005	13	1014	0.0	1548
ab61b76d-2e7d-4f5f-a62f-5c9d9aa807c5	gb:KJ889434|Organism:Influenza	86.916	963	87	34	64	1006	71	1014	0.0	1044
dad82e77-7d6a-4e11-9ff9-a8ed8504452f	gb:HM370978|Organism:Influenza	97.520	1008	10	13	1	999	1014	13	0.0	1709
dcff85ed-9bcf-41f0-8111-f67b7a6ee5fc	gb:HM370978|Organism:Influenza	95.035	282	9	5	100	378	1020	741	5.56e-122	438
e0cb496f-e692-44e8-bcdf-8f9e190d6934	gb:HM370979|Organism:Influenza	97.814	869	7	9	1	861	877	13	0.0	1489
ceaaa17b-d0a5-4a63-ac3d-1228bb8c3e11	gb:HM370978|Organism:Influenza	89.391	1018	46	47	4	978	16	1014	0.0	1225
d652cc9b-4e89-431f-9e99-92b61b56862e	gb:HM370979|Organism:Influenza	92.317	872	28	29	1	840	13	877	0.0	1203
8240caf8-ea17-48a2-bb33-a32276e97bff	gb:HM370979|Organism:Influenza	99.422	865	3	2	1	863	877	13	0.0	1568
d438dfb3-7e0d-41bc-a8d3-31c13a594132	gb:HM370978|Organism:Influenza	98.109	1005	9	9	6	1007	17	1014	0.0	1742
df01d887-ad48-4f52-976e-1ece1b2b18d2	gb:HM370970|Organism:Influenza	90.883	1031	38	39	3	998	1022	13	0.0	1332
e6125324-dd84-4e29-8965-ee1a2e8f0562	gb:HM370979|Organism:Influenza	93.326	869	31	24	1	846	13	877	0.0	1258
ca23a7ab-726a-4ce8-a487-4a1af809db39	gb:HM370978|Organism:Influenza	93.184	1027	31	26	1	1005	13	1022	0.0	1472
c2baaf5b-b1d9-4d8d-a120-896649c4cc55	gb:HM370979|Organism:Influenza	96.571	875	12	15	1	867	877	13	0.0	1434
5028eb8a-b5b1-4df0-84c0-280d5a5c088d	gb:HM370979|Organism:Influenza	96.785	871	16	10	1	865	13	877	0.0	1443
3de80c36-1cf9-4a71-b5b3-dc03a4d02805	gb:HM370979|Organism:Influenza	97.448	862	9	11	4	854	872	13	0.0	1458
f3036fae-fa2c-42fd-996f-34a28d9c4e11	gb:HM370979|Organism:Influenza	99.306	865	2	2	1	861	13	877	0.0	1561
a8e69e00-02d7-432d-98aa-20e61c5d9b46	gb:HM370979|Organism:Influenza	92.580	876	33	28	1	855	13	877	0.0	1229
cbbf190c-bfd2-45f1-ad49-4ebeec34847d	gb:HM370979|Organism:Influenza	94.521	876	25	22	99	954	885	13	0.0	1330
56fe2c7e-bf38-484a-8be9-a00f760422f1	gb:HM370978|Organism:Influenza	95.652	1012	21	17	1	999	13	1014	0.0	1604
645f275f-ef61-4bc1-88f0-d08a4b6d1225	gb:HM370979|Organism:Influenza	97.581	868	13	8	1	863	13	877	0.0	1480
f7a51404-8bcf-4a08-b456-dce86a15f689	gb:HM370978|Organism:Influenza	97.421	1008	11	13	1	999	1014	13	0.0	1703
f36b4041-a20c-4a69-9038-8cf3c7322b18	gb:HM370978|Organism:Influenza	97.455	275	6	1	1	275	741	1014	5.04e-131	468
67b729a8-b9b8-4c8e-a38a-58e4704ff6e1	gb:HM370978|Organism:Influenza	99.270	274	0	2	2	273	741	1014	8.24e-139	494
ae2dbdcc-617e-410d-956c-b2e49326b089	gb:HM370973|Organism:Influenza	98.961	385	2	2	1	384	13	396	0.0	688
ae2dbdcc-617e-410d-956c-b2e49326b089	gb:HM370973|Organism:Influenza	94.035	285	9	4	380	659	2047	2328	7.78e-118	425
ec451cce-ca81-43ba-aaa8-b313c6ecef29	gb:HM370978|Organism:Influenza	95.432	1007	23	20	5	996	1011	13	0.0	1583
7426688d-ba57-4112-a262-8e527716ceb3	gb:HM370978|Organism:Influenza	95.780	1019	18	21	1	1003	1014	5	0.0	1620
237eb07a-667e-4f80-817c-2596cf28d50a	gb:HM370979|Organism:Influenza	97.809	867	11	4	1	861	13	877	0.0	1489
18280762-245b-492c-9526-160e2fad127d	gb:HM370979|Organism:Influenza	97.241	870	12	9	1	863	877	13	0.0	1463
b96532c7-4522-4050-bb69-5dd909efb6f0	gb:HM370978|Organism:Influenza	98.175	274	2	2	1	271	1014	741	2.96e-133	475
34f6bbad-4ec3-44cf-8576-3d23b0b36fcc	gb:HM370978|Organism:Influenza	90.749	454	26	12	1	443	449	1	4.79e-168	592
448f31d3-e472-4419-9ab9-b7959ee17a89	gb:HM370979|Organism:Influenza	97.008	869	14	8	1	861	877	13	0.0	1450
d1e190cd-3be1-45e7-bf7e-26f750481d49	gb:HM370978|Organism:Influenza	99.800	1002	2	0	1	1002	13	1014	0.0	1840
dfef5cdf-3445-479d-865d-fa54f8091486	gb:HM370978|Organism:Influenza	96.128	1033	22	15	4	1029	1022	1	0.0	1670
beacaddc-2f8f-4ad8-8646-8a03aae9110b	gb:HM370979|Organism:Influenza	93.100	884	26	27	1	868	13	877	0.0	1262
540e0a39-a27f-40a8-889a-2e0c1225bc04	gb:HM370978|Organism:Influenza	96.922	1007	16	13	1	997	1014	13	0.0	1674
83035559-e47c-4602-8216-731e10540eda	gb:KJ889434|Organism:Influenza	90.000	1020	69	22	1	997	1014	5	0.0	1288
568a31a6-d2c1-446a-8606-7c33d52397df	gb:HM370979|Organism:Influenza	89.966	877	37	39	1	838	13	877	0.0	1085
35ed661e-3897-46b8-a804-fbbbb62374f8	gb:HM370978|Organism:Influenza	98.020	1010	4	12	1	1002	1014	13	0.0	1740
83b4d4f7-87ff-49c5-9ed8-e6d1e71792bb	gb:HM370979|Organism:Influenza	98.167	873	2	6	1	867	877	13	0.0	1511
12b6264a-2e62-49b1-bfe9-244214928f47	gb:HM370973|Organism:Influenza	94.545	330	12	6	215	544	2005	2328	7.95e-142	505
8357239f-32ad-44ae-bd02-67f49f974d38	gb:HM370978|Organism:Influenza	96.208	1002	16	14	9	994	19	1014	0.0	1620
98a08125-e521-4014-a4ec-99b1bdf7c102	gb:HM370973|Organism:Influenza	94.848	330	5	9	218	541	2005	2328	7.90e-142	505
7483456b-8011-483d-995b-b11844a5e603	gb:HM370978|Organism:Influenza	97.525	1010	8	12	1	1001	1014	13	0.0	1711
8c7209ae-3b25-4b56-904f-64527ee1d694	gb:HM370978|Organism:Influenza	96.154	988	14	20	1	974	1014	37	0.0	1592
8c1fb2e5-0e83-4a93-8dcd-151f4c8af7d1	gb:HM370978|Organism:Influenza	94.199	1017	17	30	3	995	16	1014	0.0	1513
7ffe9ec8-2892-43dc-9b38-b66eda8d79e5	gb:HM370978|Organism:Influenza	97.820	1009	11	10	1	1005	13	1014	0.0	1731
fa94bcb6-1a23-4aee-80be-ae1458bb7467	gb:HM370978|Organism:Influenza	92.411	448	18	9	2	440	1	441	8.59e-178	625
fa94bcb6-1a23-4aee-80be-ae1458bb7467	gb:HM370978|Organism:Influenza	90.566	371	10	18	435	788	375	13	1.53e-130	468
88979ee2-820a-4eab-87b1-35ab070374de	gb:HM370979|Organism:Influenza	97.578	867	10	10	1	858	13	877	0.0	1474
be386289-6d5e-4f63-af9b-bbbea6a15cec	gb:HM370966|Organism:Influenza	97.279	294	4	4	99	390	2230	1939	3.36e-139	496
4fb3403f-edb5-4496-afcc-2f3d48b1177e	gb:HM370978|Organism:Influenza	98.113	1007	10	8	1	1003	1014	13	0.0	1746
84db23f5-7146-449d-8633-dbb06823cfcd	gb:HM370973|Organism:Influenza	93.231	325	11	8	1	315	2328	2005	1.01e-130	468
4b4b60f1-e1a5-42f5-93b3-961c1574bdf7	gb:HM370978|Organism:Influenza	97.117	1006	13	11	1	994	1014	13	0.0	1683
15c1ef6c-e63e-47b0-902a-14fa0d26ccba	gb:HM370978|Organism:Influenza	97.507	1003	14	9	1	993	13	1014	0.0	1703
8122240f-4e98-41d1-99e4-df859c4410ad	gb:HM370978|Organism:Influenza	98.016	1008	10	10	1	1004	1014	13	0.0	1742
9c3c26ea-1e1f-4329-a7b5-c65d20ef2cc1	gb:HM370979|Organism:Influenza	95.853	868	13	18	1	848	13	877	0.0	1382
51f9d307-0cd2-4c27-b82e-5cf29fa139fc	gb:HM370979|Organism:Influenza	98.502	868	7	6	1	865	877	13	0.0	1526
0bed3303-33cd-4ce9-b213-e28a7ad8a5e6	gb:HM370972|Organism:Influenza	96.745	553	9	7	126	676	1783	2328	0.0	913
0bed3303-33cd-4ce9-b213-e28a7ad8a5e6	gb:HM370972|Organism:Influenza	98.462	130	2	0	1	130	13	142	6.71e-59	230
6ea5365e-7a68-4b4c-9cb4-beedb9edb405	gb:HM370979|Organism:Influenza	91.855	884	39	26	6	867	5	877	0.0	1203
1f3e5409-a1af-4270-972b-2ec529540abe	gb:HM370978|Organism:Influenza	96.819	1006	12	17	6	998	1011	13	0.0	1663
3dd33a28-8780-4550-8276-f8260bb41bea	gb:HM370978|Organism:Influenza	98.327	1016	7	7	1	1008	1014	1	0.0	1773
072d8b50-845f-4b34-8f6a-7c193c19c3cd	gb:HM370978|Organism:Influenza	98.406	1004	7	8	1	997	13	1014	0.0	1757
48fa9a3a-64f7-435e-8561-402850f0de82	gb:HM370978|Organism:Influenza	92.126	1016	37	34	7	1002	22	1014	0.0	1393
a7a1fa2a-a826-4626-bad3-0cc7ad0df238	gb:HM370978|Organism:Influenza	97.321	1008	12	12	1	999	1014	13	0.0	1698
a8ce926b-1558-4c25-b48a-daad978d59e9	gb:HM370973|Organism:Influenza	96.012	326	8	5	1	323	2328	2005	5.97e-148	525
4549ca56-16ac-4ff6-af22-59ea90437047	gb:HM370979|Organism:Influenza	89.374	894	49	31	1	869	13	885	0.0	1083
d6592998-5bbe-495b-bd18-5c0125a70e0c	gb:HM370978|Organism:Influenza	95.074	1015	22	20	1	1000	13	1014	0.0	1572
880faf62-7388-4efb-ab23-75055baa68b0	gb:HM370978|Organism:Influenza	98.805	1004	7	4	3	1004	14	1014	0.0	1783
4cbbb846-00aa-4829-94e2-316fa3fbd7bb	gb:HM370978|Organism:Influenza	90.927	1025	39	41	1	994	1014	13	0.0	1328
d9cb1c8b-92ae-43df-939b-66d6a08fb3c0	gb:HM370978|Organism:Influenza	97.416	1006	6	13	1	990	13	1014	0.0	1696
da28a5ac-242a-4469-9bb9-0afec0171b44	gb:HM370978|Organism:Influenza	96.004	1026	19	18	1	1016	1014	1	0.0	1648
9be008e2-01a7-4a82-b2d6-395692064f53	gb:HM370979|Organism:Influenza	96.939	882	15	10	102	978	887	13	0.0	1469
d24e1ed9-0ea0-42fc-b69b-442cfc9b93a5	gb:HM370979|Organism:Influenza	97.401	885	13	8	1	882	13	890	0.0	1498
c1710a7e-3de5-42b4-b97d-2e5d987fde9c	gb:HM370966|Organism:Influenza	95.053	283	7	6	1	277	2220	1939	3.98e-122	438
68080885-85b4-43d8-8b5e-9c1de5746299	gb:HM370979|Organism:Influenza	94.514	875	22	23	4	862	885	21	0.0	1327
ba031c0e-291f-4b9c-bbec-145102e346ef	gb:HM370979|Organism:Influenza	93.721	876	23	22	1	855	13	877	0.0	1284
d62e7430-d2eb-48b1-83a4-d602a1551bb4	gb:HM370979|Organism:Influenza	94.892	881	19	18	1	872	14	877	0.0	1354
0f7ede87-79f7-4cf2-bd3e-1242181f7ae3	gb:HM370977|Organism:Influenza	100.000	205	0	0	17	221	29	233	4.98e-104	379
8df8e4c6-6f1c-48ae-940f-19ef6cf555f7	gb:HM370978|Organism:Influenza	96.835	1011	14	14	1	1002	1014	13	0.0	1674
69a43576-d542-4b75-b47a-d1afe45ab052	gb:HM370978|Organism:Influenza	97.813	1006	12	9	1	1000	13	1014	0.0	1727
6fca6e66-5773-449e-913c-38da1973b428	gb:HM370979|Organism:Influenza	97.059	884	5	14	1	869	13	890	0.0	1469
b65adff7-1ef2-4ad9-ad5f-1ade72aa1aa3	gb:HM370978|Organism:Influenza	98.014	1007	6	8	1	998	1014	13	0.0	1736
ceea9387-ffc1-457e-a8f7-d980215e7f68	gb:HM370978|Organism:Influenza	97.525	1010	12	11	1	1005	13	1014	0.0	1714
4a9f5f5c-3a4e-4592-adb1-d12c4cff2df1	gb:JN683632|Organism:Influenza	90.659	1017	53	33	1	990	1014	13	0.0	1314
95573730-89dd-4418-b0b2-f6c2904d2e29	gb:HM370978|Organism:Influenza	94.358	1028	31	25	1	1014	13	1027	0.0	1552
01950937-bc42-4897-8723-fd937a1834bf	gb:HM370978|Organism:Influenza	89.776	1027	46	47	9	1002	1022	22	0.0	1260
8f51c093-f6d1-42ec-9e06-75ae13b4896f	gb:KM244074|Organism:Influenza	93.220	295	10	5	217	502	1981	2274	1.73e-118	427
f061f6c3-28eb-4cb2-aca5-511963e3ee76	gb:HM370978|Organism:Influenza	98.108	1004	10	8	1	997	13	1014	0.0	1740
b855f1ad-5cf3-470e-ad3f-8d0bb003bad2	gb:HM370979|Organism:Influenza	91.846	883	31	30	1	860	13	877	0.0	1194
d3f10308-af5b-46db-98b5-82b96ede0f7b	gb:HM370978|Organism:Influenza	97.122	278	2	3	1	276	741	1014	6.54e-130	464
c3009114-f795-4cff-a42c-b570053b4644	gb:HM370978|Organism:Influenza	97.810	274	1	2	1	269	741	1014	4.92e-131	468
1dba539d-9821-474e-9bdb-ea8b8ab366ed	gb:HM370973|Organism:Influenza	97.853	326	4	3	1	325	2328	2005	1.70e-158	560
ad6d4816-a774-47a4-810e-8184001c4c12	gb:HM370973|Organism:Influenza	94.479	326	14	4	1	324	2328	2005	3.68e-140	499
e512fe42-8735-4a23-8dca-0c27bd577202	gb:HM370966|Organism:Influenza	98.582	282	4	0	1	282	1939	2220	1.84e-140	499
02671b39-d8d4-4559-be79-0124fb856c40	gb:HM370978|Organism:Influenza	97.491	279	3	3	94	368	736	1014	1.48e-132	473
e9a00e86-c70f-42dd-a81a-31549eb67991	gb:HM370978|Organism:Influenza	95.965	1016	18	19	1	1007	13	1014	0.0	1628
82338662-6aae-4bd4-b91e-6ef4abc66c9d	gb:HM370978|Organism:Influenza	97.233	1012	8	14	1	1002	1014	13	0.0	1696
fa5d3ef5-aac4-4742-af09-4842310a2a61	gb:HM370978|Organism:Influenza	98.509	1006	8	7	1	1003	1014	13	0.0	1768
8eea64b1-795f-45a1-9841-dbd037a3f536	gb:HM370972|Organism:Influenza	95.281	551	10	12	1	540	2328	1783	0.0	859
8eea64b1-795f-45a1-9841-dbd037a3f536	gb:HM370972|Organism:Influenza	98.438	128	1	1	536	663	142	16	3.07e-57	224
7cf18a24-bdf0-4792-b6e6-1fee1ca60b8d	gb:HM370979|Organism:Influenza	96.318	869	16	13	1	857	877	13	0.0	1413
fa57d47d-2e88-4cbd-bb5e-a16a41687795	gb:HM370978|Organism:Influenza	98.104	1002	6	11	1	989	1014	13	0.0	1733
0481bf8a-61a7-4ecc-8335-70f6ac639ca6	gb:HM370979|Organism:Influenza	95.886	875	19	14	1	868	13	877	0.0	1400
2c26c550-fdf9-4234-bae4-55c0935b1dbd	gb:HM370973|Organism:Influenza	97.840	324	3	4	1	320	2328	2005	2.13e-157	556
5ad2bd6c-0df7-4026-b0a9-e1da8e591e6e	gb:HM370978|Organism:Influenza	96.736	1011	14	16	1	1001	13	1014	0.0	1666
b307d2ff-4b0e-491a-91f7-cb0fe17182fc	gb:HM370979|Organism:Influenza	98.847	867	3	5	1	862	13	877	0.0	1539
6b23c90e-426f-4ae5-9df6-b74485120d2c	gb:HM370978|Organism:Influenza	99.012	1012	5	4	1	1008	1014	4	0.0	1808
e9a69a73-2c7a-437d-8ff6-671f5daf4840	gb:HM370972|Organism:Influenza	94.928	552	7	16	127	663	1783	2328	0.0	845
e9a69a73-2c7a-437d-8ff6-671f5daf4840	gb:HM370972|Organism:Influenza	96.947	131	3	1	1	131	13	142	1.42e-55	219
1ff45711-bf7f-48f3-aa82-13957a776cdb	gb:HM370979|Organism:Influenza	98.050	872	9	7	1	870	12	877	0.0	1509
b4d14adb-f64c-487b-bb02-fb22698944c4	gb:HM370972|Organism:Influenza	97.278	551	10	3	123	673	1783	2328	0.0	929
b4d14adb-f64c-487b-bb02-fb22698944c4	gb:HM370972|Organism:Influenza	96.923	130	1	2	1	127	13	142	1.87e-54	215
fe668115-408a-4c62-86ef-acb1e2276f6c	gb:HM370979|Organism:Influenza	97.824	873	7	8	1	869	877	13	0.0	1496
a34e0ae7-69fb-4fc9-9bbd-b1685134272b	gb:HM370979|Organism:Influenza	97.008	869	13	12	1	860	13	877	0.0	1448
e884fb04-575b-4aff-950a-011facd2a938	gb:HM370972|Organism:Influenza	97.086	549	11	5	1	547	2328	1783	0.0	920
e884fb04-575b-4aff-950a-011facd2a938	gb:HM370972|Organism:Influenza	96.183	131	3	2	543	672	142	13	6.71e-54	213
c0fabb4a-3bed-4962-a9e9-2a7962c7896f	gb:HM144874|Organism:Influenza	84.242	1009	102	47	9	988	982	2	0.0	929
1ae9cfd5-97d3-40e1-80ff-12b37751f440	gb:HM370979|Organism:Influenza	96.216	872	21	10	1	867	13	877	0.0	1417
c07006da-66ed-46cd-ac3a-ba7bf4fa65f7	gb:HM370978|Organism:Influenza	96.057	279	7	4	1	276	1014	737	5.27e-126	451
e6fe1a60-d63b-4e8a-a833-50a18e82b3d3	gb:HM370978|Organism:Influenza	98.322	1013	2	10	1	1002	1014	6	0.0	1762
17d43d88-15a4-46ec-bd89-a4246e82a856	gb:HM370978|Organism:Influenza	98.611	1008	2	10	1	1002	1014	13	0.0	1773
dad64f8b-47c2-4c51-8c7f-b73943b3ec05	gb:HM370978|Organism:Influenza	97.517	1007	8	13	1	995	1014	13	0.0	1705
8d629e1e-97b5-47e8-9507-014abd594d73	gb:GQ176119|Organism:Influenza	90.647	1005	82	9	1	996	1014	13	0.0	1325
cb148248-f9f7-4de5-b6cf-f5031b36ef4f	gb:HM370978|Organism:Influenza	96.337	1010	15	17	1	996	13	1014	0.0	1640
df9d1d1e-e16b-4c17-8add-0cf2f47e0536	gb:HM370978|Organism:Influenza	93.262	282	7	6	1	278	1014	741	4.05e-112	405
5add4cdb-eead-4442-ae88-f43b7016a06b	gb:HM370978|Organism:Influenza	96.726	1008	18	11	1	999	1014	13	0.0	1664
7e4bd672-2323-4ac8-9f86-f997db6c4b92	gb:HM370978|Organism:Influenza	93.385	1028	23	37	1	1001	1014	5	0.0	1480
07571510-5293-4ced-8129-3a75a38e799a	gb:HM370979|Organism:Influenza	96.686	875	13	15	1	869	13	877	0.0	1441
d56377b2-73e2-49dd-9d13-2cf8827b1aa8	gb:HM370979|Organism:Influenza	95.862	870	17	15	1	856	877	13	0.0	1389
815253cf-d573-4e6a-be64-3dee77fb29bd	gb:HM370979|Organism:Influenza	97.959	882	7	9	1	875	13	890	0.0	1519
32797f76-0af9-4069-a366-c2e1727dfa6d	gb:HM370978|Organism:Influenza	97.332	1012	11	15	1	1006	1014	13	0.0	1705
55eccb39-1558-47c6-abfd-eba4154ad13a	gb:HM370978|Organism:Influenza	96.531	1009	14	17	1	995	1014	13	0.0	1650
4ddac647-110b-4b76-9b9a-8d2497b3e9bb	gb:HM370979|Organism:Influenza	97.699	869	10	5	1	863	877	13	0.0	1485
306c455c-e364-468c-81ee-e002f538f3aa	gb:HM370979|Organism:Influenza	96.083	868	16	13	1	853	13	877	0.0	1399
39ed5525-199a-4930-8ef7-2281cce97715	gb:HM370978|Organism:Influenza	96.350	274	5	3	1	269	741	1014	2.35e-124	446
87fb8e80-346b-448f-beb9-dbf967be8d25	gb:HM370978|Organism:Influenza	96.429	1008	13	18	1	991	13	1014	0.0	1640
a88e6765-eb1f-4509-afc4-bfb446bbd59b	gb:HM370978|Organism:Influenza	97.520	1008	10	15	1	999	13	1014	0.0	1709
08abee9f-93a6-4d79-8286-c0f6e2e6bb4f	gb:HM370978|Organism:Influenza	98.298	999	8	8	14	1008	1006	13	0.0	1742
c2157e9d-94c4-4950-beb5-336e60a2bda1	gb:HM370978|Organism:Influenza	97.732	1014	11	9	1	1006	13	1022	0.0	1735
27d32cc8-a01e-4934-a4ef-2335acdffa35	gb:HM370973|Organism:Influenza	90.476	336	21	10	6	335	2335	2005	3.95e-120	433
290da7d9-ca59-4896-99c1-b3520812f2ff	gb:HM370978|Organism:Influenza	95.369	1015	25	18	1	1006	1014	13	0.0	1594
0e7b62fb-f431-4a55-aaac-fbafa461a176	gb:HM370979|Organism:Influenza	95.872	872	21	13	13	875	12	877	0.0	1397
2271f17d-fa57-40bd-a618-8e602020fb97	gb:HM370978|Organism:Influenza	98.510	1007	6	8	1	1003	1014	13	0.0	1768
c7f8909e-93ee-4f2c-a761-8bc439add0b0	gb:HM370978|Organism:Influenza	98.394	996	9	7	11	1002	22	1014	0.0	1744
af358351-6f9a-4f0c-adc1-e1cf10370229	gb:MH546993|Organism:Influenza	90.520	327	17	12	1	318	2316	1995	2.98e-116	420
6a9b11ae-f0a3-44ad-9c58-aea8bd170ef5	gb:HM370972|Organism:Influenza	95.652	552	12	11	127	672	1783	2328	0.0	876
6a9b11ae-f0a3-44ad-9c58-aea8bd170ef5	gb:HM370972|Organism:Influenza	95.276	127	2	4	5	129	16	140	1.88e-49	198
58371b2c-d8ca-42a4-89a7-d981059adad1	gb:HM370978|Organism:Influenza	95.648	1011	20	18	1	996	1014	13	0.0	1602
0a504c87-3c35-46c2-af7f-5a4b37416baf	gb:HM370979|Organism:Influenza	97.936	872	10	8	1	871	13	877	0.0	1504
d353b55c-71ae-48c5-b0ab-e3f6659ce318	gb:HM370978|Organism:Influenza	97.222	1008	8	14	1	994	13	1014	0.0	1688
86b55092-482b-4361-8188-6f580de7574b	gb:KX977829|Organism:Influenza	90.927	1014	75	13	1	1010	1014	14	0.0	1347
1e2f4818-4a7f-47ea-b40c-7da20de9a022	gb:HM370978|Organism:Influenza	98.513	1009	6	6	1	1007	13	1014	0.0	1772
6f16dc00-3f56-4a3a-af09-f41173f16a61	gb:HM370978|Organism:Influenza	97.233	1012	8	17	1	1002	1014	13	0.0	1696
852ba9de-59c7-4574-b131-cc992e748ad4	gb:HM370973|Organism:Influenza	96.605	324	4	4	1	317	2328	2005	1.28e-149	531
71b63f72-14f0-44b5-9f14-4d9b4818d812	gb:HM370973|Organism:Influenza	94.785	326	11	5	1	322	2328	2005	2.82e-141	503
ef574d7d-ecf1-4e16-874b-b8f951745a57	gb:HM370973|Organism:Influenza	95.729	398	10	6	2	394	1	396	1.18e-180	634
9e7815d5-5fdd-4aba-b585-23b2075ee651	gb:HM370973|Organism:Influenza	96.615	325	2	4	216	532	2005	2328	1.28e-149	531
bd60f59f-791b-48d8-922a-db19f68ee0a9	gb:HM370973|Organism:Influenza	97.927	386	3	4	274	656	396	13	0.0	664
bd60f59f-791b-48d8-922a-db19f68ee0a9	gb:HM370973|Organism:Influenza	96.454	282	6	2	1	278	2328	2047	5.90e-129	462
4c409df2-2d73-4e42-8d7b-261843a235a7	gb:HM370979|Organism:Influenza	95.349	860	19	17	6	845	18	876	0.0	1347
4c4df9c4-28d5-4dc7-ac95-719f3b594a50	gb:HM370978|Organism:Influenza	96.180	1021	23	14	1	1011	13	1027	0.0	1655
ae10fec1-0aca-4af1-b8d5-3c57420dc58f	gb:HM370978|Organism:Influenza	89.328	1012	44	48	16	989	28	1013	0.0	1212
8a40ccdb-a29d-42b4-b676-99ed03fd1f0c	gb:HM370978|Organism:Influenza	98.252	286	2	3	4	288	1024	741	6.76e-140	497
5ff293f7-348b-4c71-a09a-97b5d19c997c	gb:HM370966|Organism:Influenza	96.491	285	5	5	1	283	1939	2220	1.87e-130	466
82e3f039-9fb5-4e37-ae51-436c0f8c51b6	gb:HM370979|Organism:Influenza	97.578	867	5	11	1	853	877	13	0.0	1471
3b66ad79-1dac-40e6-a72c-203a58110d80	gb:CY004126|Organism:Influenza	89.510	286	13	14	1	273	2220	1939	2.44e-94	346
c1779ffd-bb0e-4819-a972-4244fac55fb9	gb:HM370973|Organism:Influenza	96.296	324	7	4	214	532	2005	2328	1.66e-148	527
140f0d10-4456-43af-9c82-8d7b0d791b41	gb:HM370966|Organism:Influenza	92.908	282	11	7	1	276	1939	2217	5.24e-111	401
884762de-a373-4d6f-8578-4dcf9182bcad	gb:HM370979|Organism:Influenza	98.235	850	9	6	1	847	13	859	0.0	1482
20decdb2-bf23-44cc-a190-b85e4b088e2d	gb:HM370979|Organism:Influenza	98.148	864	5	9	4	860	872	13	0.0	1496
35d04137-f5c0-43fa-bab1-a630bfe6a870	gb:HM370979|Organism:Influenza	98.157	868	9	6	1	864	13	877	0.0	1507
917af307-95f5-482e-b8da-ad65d8e3458e	gb:HM370979|Organism:Influenza	93.607	876	28	25	1	860	13	876	0.0	1282
072acd18-9dae-4d07-b14e-6039d7435fc3	gb:HM370979|Organism:Influenza	92.027	878	33	27	1	854	877	13	0.0	1199
268e7b9b-e346-4b87-9954-9e0770be0dfa	gb:HM370978|Organism:Influenza	94.629	1024	27	25	1	1005	1027	13	0.0	1561
df2136d5-03b5-46d5-a2d0-7e0c53726783	gb:HM370978|Organism:Influenza	99.104	1004	2	6	1	999	1014	13	0.0	1797
47beb007-e9b0-434d-958d-8535f97031f8	gb:HM370979|Organism:Influenza	98.157	868	8	6	1	863	13	877	0.0	1507
e92c3977-6670-409f-b5b8-ab3da5274957	gb:HM370979|Organism:Influenza	96.893	869	13	10	1	859	13	877	0.0	1443
b38453bd-f9f9-42da-a6f4-27ad9d23394a	gb:HM370979|Organism:Influenza	96.686	875	10	13	1	866	877	13	0.0	1437
bb40e3f8-ba8d-4d61-a291-81a4687f23aa	gb:HM370972|Organism:Influenza	97.445	548	8	3	126	669	1783	2328	0.0	929
bb40e3f8-ba8d-4d61-a291-81a4687f23aa	gb:HM370972|Organism:Influenza	99.231	130	1	0	1	130	13	142	1.43e-60	235
e52f7b6f-6a2e-4230-b948-c3b41c4ff596	gb:HM370979|Organism:Influenza	98.847	867	4	5	1	863	877	13	0.0	1541
725927cd-5c17-4e5b-ba21-cf5477c7ce1d	gb:HM370973|Organism:Influenza	94.785	326	7	9	1	318	2328	2005	3.65e-140	499
04a8bd50-d82f-4db4-80d9-a56b39073277	gb:HM370978|Organism:Influenza	98.111	1006	10	9	1	1001	1014	13	0.0	1744
216e09fd-0db2-4872-8db8-9b2140f13d55	gb:HM370978|Organism:Influenza	97.009	1003	12	16	15	1003	16	1014	0.0	1670
bee674f5-6f7a-40bd-ac0a-90c8bcff155d	gb:HM370978|Organism:Influenza	92.373	118	3	5	1	114	1014	899	9.59e-40	163
debc48d8-f665-4233-9627-a709794a2fba	gb:HM370978|Organism:Influenza	97.919	1009	7	12	1	1002	13	1014	0.0	1735
459d1847-51b3-4c32-921f-a6a0bf34ad69	gb:HM370978|Organism:Influenza	95.682	1019	20	20	1	1012	1014	13	0.0	1616
c56b37f0-59af-474c-9873-c7f6d5717c0d	gb:KX232513|Organism:Influenza	94.131	869	31	12	1	853	1	865	0.0	1304
b88852c7-971a-4c7b-a6ad-313478567ea0	gb:HM370973|Organism:Influenza	98.446	386	4	1	277	662	396	13	0.0	678
b88852c7-971a-4c7b-a6ad-313478567ea0	gb:HM370973|Organism:Influenza	96.127	284	6	5	1	281	2328	2047	7.69e-128	459
4d78145b-cb0a-4f39-96b7-45e28e0631d8	gb:HM370979|Organism:Influenza	95.752	871	25	10	1	865	877	13	0.0	1393
f81c46cf-78dd-4929-8fa1-5d87f120e4b4	gb:HM370978|Organism:Influenza	96.746	1014	9	18	1	1002	13	1014	0.0	1668
f2408cb2-d426-4cee-b8a3-60980fb7d3df	gb:HM370979|Organism:Influenza	94.774	861	18	18	1	836	13	871	0.0	1315
5eb76866-b3c4-4526-8a70-5fb6aece8990	gb:HM370978|Organism:Influenza	98.308	1005	10	7	1	1001	13	1014	0.0	1755
ef21e68f-a165-4e90-aa54-500dbace5f6a	gb:HM370979|Organism:Influenza	98.383	866	7	6	1	860	13	877	0.0	1515
04eb6d31-0e8b-4c12-969b-3cb80e4a4f5f	gb:HM370978|Organism:Influenza	96.934	1011	16	11	1	1005	1014	13	0.0	1681
d548c7d8-0eb8-42cc-9284-7503c424e8ab	gb:HM370979|Organism:Influenza	98.030	863	7	8	1	854	13	874	0.0	1491
1e2f9086-dc9a-4046-bd34-da57becdb12f	gb:HM370978|Organism:Influenza	97.464	276	4	2	1	275	741	1014	5.04e-131	468
15541cdb-a115-4bdd-a39b-4aceb45489fb	gb:HM370972|Organism:Influenza	98.718	546	4	3	1	543	2328	1783	0.0	966
15541cdb-a115-4bdd-a39b-4aceb45489fb	gb:HM370972|Organism:Influenza	100.000	130	0	0	539	668	142	13	3.06e-62	241
2e694728-8b07-43c0-a9e4-59fec17776ff	gb:HM370978|Organism:Influenza	96.822	1007	13	16	1	993	1014	13	0.0	1664
b23a1ed0-72e7-4afa-97bf-e29fef3dfcf0	gb:HM370979|Organism:Influenza	96.659	868	16	8	1	858	13	877	0.0	1430
87bde570-251f-4070-b91f-6b34f831b243	gb:HM370979|Organism:Influenza	94.178	876	20	21	1	858	877	15	0.0	1306
8ecd7c10-df2f-41cd-98ea-fe28d83420a8	gb:HM370978|Organism:Influenza	97.421	1008	13	11	1	1001	13	1014	0.0	1705
41936757-8ffa-4b9c-96bd-223e1b5ebf63	gb:HM370973|Organism:Influenza	88.037	326	9	16	308	605	2005	2328	7.32e-98	359
10e0fdb3-c3b2-4948-ac28-beac03b1df74	gb:HM370972|Organism:Influenza	90.468	556	22	25	140	674	1783	2328	0.0	704
10e0fdb3-c3b2-4948-ac28-beac03b1df74	gb:HM370972|Organism:Influenza	94.366	142	7	1	4	144	1	142	5.21e-55	217
4badc895-3e0c-4cfd-839f-a580f79b61ed	gb:HM370973|Organism:Influenza	92.638	326	14	10	1	318	2328	2005	1.95e-128	460
3340623d-ae37-4324-9cba-ed8de7248eb8	gb:HM370978|Organism:Influenza	98.108	1004	5	11	1	992	13	1014	0.0	1736
7fad7ce0-532f-4c34-9cec-1ea56b2c149f	gb:HM370978|Organism:Influenza	98.022	1011	6	12	1	1006	13	1014	0.0	1744
53a20d35-e08d-41d7-ace6-d4c134f5576b	gb:HM370979|Organism:Influenza	86.922	887	46	48	3	845	873	13	0.0	931
398a6c1f-2e05-4d17-a29b-2f1301bba8cc	gb:HM370978|Organism:Influenza	97.595	998	12	10	1	994	1014	25	0.0	1700
fd74c226-b27c-4c76-8382-f56053c9f3b2	gb:HM370978|Organism:Influenza	97.219	1007	9	16	1	993	13	1014	0.0	1687
e902285d-216c-4fad-b3e9-ca3d6b95e559	gb:HM370979|Organism:Influenza	96.670	871	11	11	1	859	877	13	0.0	1432
684dc5d2-fb9f-46ba-b7f1-ad876fa564e8	gb:HM370973|Organism:Influenza	94.225	329	8	9	216	538	2005	2328	6.12e-138	492
54803e2a-2395-4e13-af49-ea6e6e95f01c	gb:HM370978|Organism:Influenza	97.000	1000	14	13	1	991	1014	22	0.0	1666
618747f8-09b0-4f6a-b818-e4682195d4da	gb:HM370978|Organism:Influenza	99.303	1004	3	4	1	1002	1014	13	0.0	1812
2ce5fa16-1ee1-4d8d-a34e-16da5e55211f	gb:HM370979|Organism:Influenza	96.904	872	11	15	1	863	13	877	0.0	1447
2d1a4b80-da6e-4e55-8899-d587252cfcce	gb:HM370973|Organism:Influenza	87.834	337	19	16	1	328	2328	2005	6.44e-103	375
b428385c-655e-485c-8b7a-31a00a3366cb	gb:HM370978|Organism:Influenza	96.000	275	7	4	1	272	741	1014	8.38e-124	444
07fcf02a-7a61-42de-812f-3a439e35fdf5	gb:HM370978|Organism:Influenza	96.752	1016	15	14	4	1005	1024	13	0.0	1677
a35f58cf-d8b2-4eaa-842e-6840e3da0089	gb:HM370979|Organism:Influenza	95.696	883	17	17	1	873	877	6	0.0	1400
2b1ebafe-1a11-4050-8509-58b2826c2b3c	gb:HM370978|Organism:Influenza	97.319	1007	12	12	6	1008	1011	16	0.0	1696
546c4ff5-dc3c-4d3c-a24f-282386cf8e98	gb:HM370978|Organism:Influenza	96.528	1008	22	13	1	1001	13	1014	0.0	1655
b8fd5e4a-825d-4184-9ca8-f062aed0d1b5	gb:HM370978|Organism:Influenza	96.453	1015	10	15	1	1002	1014	13	0.0	1652
2a438388-9374-4bc7-b06b-082b18fd09ed	gb:HM370978|Organism:Influenza	96.215	1004	22	11	1	990	1014	13	0.0	1629
a44cddaa-3367-4846-8e0c-3d0c5aa8cb16	gb:HM370978|Organism:Influenza	98.545	275	2	2	1	274	1014	741	4.98e-136	484
356b11b1-8889-4d81-a4e9-5deb2003fc58	gb:HM370978|Organism:Influenza	96.032	1008	26	12	1	1000	13	1014	0.0	1628
aae43160-250f-41b0-9570-e2700472cc5d	gb:HM370973|Organism:Influenza	92.661	327	9	11	1	315	2328	2005	2.17e-127	457
0a91c43c-ee2d-4b76-a23d-92cc09a771c3	gb:HM370978|Organism:Influenza	94.494	1017	25	24	5	1009	1010	13	0.0	1539
84608c62-d939-431e-9c5c-97fcf1f64672	gb:HM370978|Organism:Influenza	95.030	1006	22	22	1	982	13	1014	0.0	1555
c7bf34a8-df27-4982-bf5a-62ae40ede34e	gb:HM370973|Organism:Influenza	91.793	329	12	12	1	319	2328	2005	1.71e-123	444
c30da680-9b11-4e2b-803c-588696304e07	gb:HM370978|Organism:Influenza	93.431	274	4	7	1	260	741	1014	8.15e-109	394
7a31a250-e67f-4af9-93d7-1da36ae30f01	gb:HM370978|Organism:Influenza	95.929	1007	20	19	3	995	15	1014	0.0	1613
d9a6996e-a380-4653-baba-37cd8b3e4f44	gb:HM370972|Organism:Influenza	97.985	546	8	3	1	543	2328	1783	0.0	944
d9a6996e-a380-4653-baba-37cd8b3e4f44	gb:HM370972|Organism:Influenza	100.000	130	0	0	539	668	142	13	3.06e-62	241
9d7aac1b-6f0c-4c45-ac7b-5dfee1fb7980	gb:HM370979|Organism:Influenza	97.401	885	13	4	1	882	890	13	0.0	1498
3c022243-ed29-4081-9518-755f7e2f81ef	gb:HM370978|Organism:Influenza	95.961	1015	14	24	1	1001	13	1014	0.0	1622
9784e75c-3383-40d5-8186-fbcf70726f0f	gb:HM370978|Organism:Influenza	97.319	1007	11	13	1	996	13	1014	0.0	1696
67ec102e-78a9-446c-9547-83cbd03a7fc0	gb:HM370979|Organism:Influenza	99.422	865	4	1	1	864	877	13	0.0	1568
cbe40a30-d676-46cd-a1cc-98ef2305eb2d	gb:HM370978|Organism:Influenza	98.205	1003	9	8	1	995	13	1014	0.0	1744
b7978a73-cde5-48b9-b994-1f6c82f19b63	gb:HM370973|Organism:Influenza	96.024	327	8	5	229	553	2005	2328	1.73e-148	527
e8a0e924-4150-4387-89b8-3acb983fc764	gb:HM370973|Organism:Influenza	96.012	326	3	7	1	318	2328	2005	7.72e-147	521
6a0b2b8a-cf14-45c9-8e53-b68466067bea	gb:HM370973|Organism:Influenza	97.531	324	4	3	212	531	2005	2328	9.81e-156	551
5344ca64-ef3c-4adb-b73e-aef9501d6709	gb:HM370966|Organism:Influenza	97.527	283	3	3	1	280	2220	1939	6.60e-135	481
85ba142c-f6ea-4f04-855e-7b1648d1f21b	gb:HM370978|Organism:Influenza	95.255	274	8	5	1	269	741	1014	2.32e-119	429
2ba74a7b-f062-4d9b-ac7f-d65b7c61bd73	gb:GU052823|Organism:Influenza	91.576	1009	72	10	1	1003	1002	1	0.0	1380
4ef6dcaf-c60c-4d2a-a1b0-a37532120b3d	gb:HM370979|Organism:Influenza	97.814	869	4	9	1	858	877	13	0.0	1485
56ed4f94-0b3d-422d-ad33-0118a2ca4d8b	gb:HM370979|Organism:Influenza	97.015	871	13	8	1	864	13	877	0.0	1452
a50e077f-cb4f-4a6d-af75-32920633915d	gb:HM370978|Organism:Influenza	94.059	1010	32	23	1	990	1014	13	0.0	1507
1f72b6a2-9bd2-4186-8d4d-c97cd328cc22	gb:HM370978|Organism:Influenza	94.691	810	22	17	180	972	209	1014	0.0	1238
49dff4c7-e0ab-44a3-993c-f5919ef0f0f8	gb:HM370978|Organism:Influenza	96.496	999	10	17	18	1001	1001	13	0.0	1628
f3355e8a-f74d-4789-befe-209b2654fdde	gb:HM370978|Organism:Influenza	98.104	1002	7	12	1	990	13	1014	0.0	1735
38faf3cc-a4ca-4cb9-b55b-491430835375	gb:HM370966|Organism:Influenza	95.652	276	7	3	5	276	2213	1939	3.96e-122	438
531ee883-ec2f-4e7d-ba20-8ff22415dd6e	gb:HM370978|Organism:Influenza	98.204	1002	8	8	1	992	13	1014	0.0	1742
34378614-0f62-40d9-ab1b-726935ce3ff4	gb:HM370979|Organism:Influenza	98.733	868	6	5	1	866	13	877	0.0	1537
5a35b135-85ca-49e4-8398-2244bf4f3cb5	gb:HM370978|Organism:Influenza	97.915	1007	9	11	1	1000	1014	13	0.0	1733
fccd5d8c-0a7e-4356-a960-4c40345fb67f	gb:HM370978|Organism:Influenza	97.621	1009	12	12	1	1004	13	1014	0.0	1720
1ccf0223-ab05-4f40-8fda-d8399978a521	gb:HM370979|Organism:Influenza	93.679	886	33	18	8	884	6	877	0.0	1304
9c0278b4-3512-4886-97e6-61e97efa57b5	gb:HM370978|Organism:Influenza	96.723	1007	8	15	1	987	13	1014	0.0	1653
266d2840-07ae-408e-95cf-6835a35f4f96	gb:HM370978|Organism:Influenza	94.851	1010	21	24	1	987	13	1014	0.0	1548
b4c989f1-f5bf-4a2a-8eab-b17c2ce41488	gb:HM370978|Organism:Influenza	98.188	276	0	4	1	273	741	1014	8.30e-134	477
9c7cb4d0-d0ae-4c8a-a37d-6bb4186cddb4	gb:HM370978|Organism:Influenza	97.021	1007	14	15	1	996	13	1014	0.0	1679
2b0c0e22-28a2-4e7b-94d5-4d39689d9d71	gb:CY045248|Organism:Influenza	87.004	1008	90	34	6	990	1	990	0.0	1098
f507c316-781e-4f57-84e2-9754104c9def	gb:HM370979|Organism:Influenza	98.499	866	7	5	5	869	873	13	0.0	1522
e07b6f9e-d58b-444a-a1f2-3434dffffd63	gb:HM370978|Organism:Influenza	96.835	1011	12	16	1	1000	1014	13	0.0	1672
27652d6e-6772-453a-a4b7-c08588e8e7a3	gb:HM370978|Organism:Influenza	97.222	1008	9	13	1	995	1014	13	0.0	1688
8bfe9b55-75a7-44ed-b5f0-ebca74dee009	gb:HM370979|Organism:Influenza	98.847	867	2	4	1	861	877	13	0.0	1539
bcf37dce-1e6a-4251-a354-07358fa56b5c	gb:HM370978|Organism:Influenza	96.640	1012	17	14	1	1006	13	1013	0.0	1664
ef0edc27-f14b-42e4-9611-30d51fc0b6cf	gb:HM370978|Organism:Influenza	97.038	1013	14	12	1	1008	1014	13	0.0	1690
f7f02344-5f66-402e-9f57-af003da69f64	gb:HM370979|Organism:Influenza	89.501	781	56	23	96	864	887	121	0.0	965
47df1dc0-336e-4eb1-b2bd-6c380fd36dc1	gb:HM370979|Organism:Influenza	97.468	869	10	11	1	861	13	877	0.0	1472
c3c15179-2225-4d13-9a1b-4de1f2de3492	gb:HM370979|Organism:Influenza	98.037	866	3	6	1	853	877	13	0.0	1493
447165e2-d61f-46bc-b0c6-bfd145105686	gb:HM370978|Organism:Influenza	93.663	1010	30	27	1	984	1014	13	0.0	1480
e01d822c-20de-42ec-80fd-a12634b9eaff	gb:HM370966|Organism:Influenza	98.936	282	3	0	1	282	1939	2220	3.95e-142	505
4f1a0503-eb3e-4a9c-a0ea-5a698b953b6f	gb:HM370979|Organism:Influenza	95.211	877	24	14	1	862	877	4	0.0	1371
ddaecea2-0638-470e-a580-d366c2880243	gb:HM370978|Organism:Influenza	96.922	1007	16	14	9	1008	16	1014	0.0	1674
235be67c-d583-4a80-a06a-9cd163bb8a17	gb:HM370979|Organism:Influenza	94.118	867	27	17	109	958	872	13	0.0	1297
7ce36b13-0664-4b40-a304-35e59ca2c496	gb:JN683632|Organism:Influenza	94.280	1014	22	26	1	990	13	1014	0.0	1519
4c9542cb-c96e-4a74-ab76-ba7de7de3d7f	gb:HM370979|Organism:Influenza	98.282	873	6	4	1	872	877	13	0.0	1520
df3888f8-dee3-448d-8b18-fdacc1651feb	gb:HM370979|Organism:Influenza	86.517	890	64	47	1	859	877	13	0.0	928
3a7a7269-09af-4925-bcff-c7a2089e00a8	gb:HM370978|Organism:Influenza	99.408	1013	1	4	4	1012	1024	13	0.0	1832
8e02d254-62a1-4393-a492-20200dd4c1a8	gb:HM370978|Organism:Influenza	87.512	1041	64	56	1	1006	13	1022	0.0	1142
8253c030-a907-4fe4-9c6c-f372952de085	gb:HM370978|Organism:Influenza	96.425	1007	13	19	1	989	13	1014	0.0	1639
b2aff821-fc2c-4448-831b-358f36fd786a	gb:HM370979|Organism:Influenza	98.847	867	3	7	1	862	877	13	0.0	1539
7b506c6d-b99f-47b6-9fb8-dff502e6a62c	gb:HM370978|Organism:Influenza	96.503	286	2	4	4	283	1024	741	1.87e-130	466
3a5e12eb-f430-4b08-a913-d5f21b4cdcb3	gb:HM370978|Organism:Influenza	97.126	1009	11	16	18	1018	1011	13	0.0	1687
66c75b88-34bc-4200-a204-78caad1d9911	gb:HM370978|Organism:Influenza	94.985	1017	23	22	1	1004	13	1014	0.0	1570
f6daaf55-5a43-4848-844a-93d0517347b0	gb:HM370978|Organism:Influenza	96.723	1007	15	11	1	994	13	1014	0.0	1661
6f140d3b-202c-4edc-bb6c-0005f637d343	gb:HM370978|Organism:Influenza	98.211	1006	7	10	1	999	1014	13	0.0	1748
50a1a815-f2d1-478b-8d6b-be74389e16df	gb:HM370973|Organism:Influenza	96.875	384	6	5	1	378	13	396	0.0	638
50a1a815-f2d1-478b-8d6b-be74389e16df	gb:HM370973|Organism:Influenza	97.163	282	3	2	374	650	2047	2328	9.71e-132	472
9cfdc1ac-3ac8-4e14-b0be-a0ec8453a7e0	gb:JN683632|Organism:Influenza	92.864	1009	39	30	3	987	15	1014	0.0	1434
a8f1ea65-4c38-458a-9cce-c2f5b7d7a22b	gb:HM370979|Organism:Influenza	96.897	870	7	11	1	855	13	877	0.0	1439
22596c93-2104-4caf-a428-7725f6e60661	gb:HM370972|Organism:Influenza	98.182	550	5	3	1	549	2328	1783	0.0	955
22596c93-2104-4caf-a428-7725f6e60661	gb:HM370972|Organism:Influenza	97.710	131	1	2	545	674	142	13	3.11e-57	224
af786ed8-31e8-415f-9802-d5666a3a406f	gb:HM370978|Organism:Influenza	99.275	276	0	1	1	276	1014	741	6.45e-140	497
f18a0db6-19c4-4f0f-92b8-33613ed9f4b2	gb:HM370979|Organism:Influenza	99.191	865	4	3	1	862	877	13	0.0	1555
48e3a68f-79b9-4815-87ed-03648823f8b3	gb:HM370979|Organism:Influenza	90.692	881	30	39	1	855	13	867	0.0	1125
d18767dd-d997-4d77-aab3-fd7bd228dd7b	gb:HM370978|Organism:Influenza	95.324	278	5	7	8	280	740	1014	5.21e-121	435
2d9f8127-6fd4-4191-882f-afd8b2f3de8e	gb:HM370978|Organism:Influenza	98.010	1005	10	9	1	998	13	1014	0.0	1736
f7b89fae-cd57-43b3-9dab-1200bf429983	gb:HM370978|Organism:Influenza	98.318	1011	3	12	1	1006	13	1014	0.0	1760
46775197-b852-431b-ade7-78961c05b7c6	gb:HM370978|Organism:Influenza	97.196	963	13	11	1	958	1014	61	0.0	1616
297871a7-04f6-475e-8603-61dbb43c9218	gb:HM370978|Organism:Influenza	97.723	1010	8	11	1	1003	13	1014	0.0	1724
6210d627-5c7b-4d4f-ba58-c85290bc8416	gb:HM370979|Organism:Influenza	95.386	867	19	17	3	854	873	13	0.0	1360
f28d2102-68b7-4f39-bc25-cb923965094f	gb:HM370966|Organism:Influenza	90.068	292	17	6	1	290	2220	1939	5.57e-101	368
6348f485-9e64-47fd-a06c-f764dba9e356	gb:HM370978|Organism:Influenza	96.535	1010	17	17	1	1000	1014	13	0.0	1655
40188b9a-0ad2-4fcb-97bc-aea2302668e4	gb:HM370979|Organism:Influenza	95.786	878	14	18	1	868	13	877	0.0	1395
