562a08c0-a6e6-495d-8ad8-df161d50914f	gb:HM370978|Organism:Influenza	97.327	1010	8	13	1	999	13	1014	0.0	1698
f6154f44-d2a2-48db-a5d9-f7fe863aec2f	gb:HM370972|Organism:Influenza	96.528	288	1	6	1	284	2046	2328	5.22e-131	468
f6def095-6cd6-4348-bf7b-dee36108eeaf	gb:JN683632|Organism:Influenza	92.633	1018	36	29	3	998	14	1014	0.0	1428
6e9f956b-0a0e-48ed-9613-f89cba1b7a49	gb:HM370966|Organism:Influenza	96.479	284	8	1	1	284	1939	2220	5.22e-131	468
b1e9385e-250c-4d7a-b6df-466ad4ead7fd	gb:HM370972|Organism:Influenza	99.296	284	1	1	1	284	2046	2328	2.38e-144	512
e5be2537-cc02-4ec3-83c1-0f7a11eb0c8f	gb:HM370978|Organism:Influenza	98.610	1007	6	7	1	1004	1014	13	0.0	1775
e3044fcc-556d-48c7-8c2b-12f3a608fada	gb:HM370978|Organism:Influenza	98.291	117	2	0	6	122	1011	895	3.99e-52	206
3c737436-9445-42fa-8fe0-3bb714fe190c	gb:HM370978|Organism:Influenza	97.021	1007	20	9	1	1002	13	1014	0.0	1685
64f454a0-aef7-4446-9e10-8ce64bef0b1e	gb:HM370979|Organism:Influenza	83.469	859	71	48	1	807	13	852	0.0	734
3fe0b3b9-6132-446b-8c9f-2657d6c6cb67	gb:HM370972|Organism:Influenza	98.625	291	1	3	1	291	2328	2041	2.49e-144	512
77fb582f-a4a4-48dc-99cd-da4d723c0aa2	gb:HM370978|Organism:Influenza	97.251	291	2	4	1	285	1027	737	5.44e-137	488
77fb582f-a4a4-48dc-99cd-da4d723c0aa2	gb:HM370978|Organism:Influenza	90.909	99	7	2	281	378	917	1014	1.06e-29	132
29a31600-6110-4aca-a946-201fb89d3b89	gb:HM370979|Organism:Influenza	96.587	879	10	14	1	873	877	13	0.0	1439
dc7ef488-a3c9-454e-8cc4-c0b10600ba44	gb:HM370972|Organism:Influenza	98.239	284	3	2	1	283	2328	2046	2.38e-139	496
1dd1d512-9daa-4e2b-a342-ec6b1df54e41	gb:HM370972|Organism:Influenza	98.944	284	0	3	1	282	2328	2046	3.95e-142	505
4a48ed19-a45f-4149-84e9-d51a5ab6a175	gb:HM370966|Organism:Influenza	96.958	263	4	4	24	284	1960	2220	4.09e-122	438
4d4705c9-2610-4625-a6e3-e7c933dcfb15	gb:HM370972|Organism:Influenza	87.943	282	18	16	10	283	2055	2328	5.54e-86	318
a2e68a17-2c52-4be2-ac0e-0f5d1c3f108b	gb:HM370972|Organism:Influenza	90.635	299	8	15	4	288	2338	2046	2.55e-104	379
379c9964-91f0-449b-a8a1-e21803dadfd3	gb:HM370978|Organism:Influenza	93.529	1020	33	29	1	1005	13	1014	0.0	1487
4e1455c2-eadd-4b66-82ef-b8340b6fd6e6	gb:HM370972|Organism:Influenza	95.833	288	4	6	1	285	2046	2328	3.15e-128	459
841099f6-49a8-4d99-9e6b-fb9b9928b21d	gb:HM370979|Organism:Influenza	98.734	869	5	4	1	867	877	13	0.0	1539
9fc0dd88-01d2-4c5f-9593-0e9582f4a2d7	gb:HM370979|Organism:Influenza	92.022	890	35	27	1	879	13	877	0.0	1218
9ed0486f-23b1-4e63-a4c0-c0b857a1fad6	gb:HM370966|Organism:Influenza	94.366	284	10	6	1	280	1939	2220	6.74e-120	431
fabdb492-dd6c-43e6-9d9f-2f4756f69478	gb:HM370979|Organism:Influenza	88.448	883	50	42	1	849	13	877	0.0	1018
1510918e-8cc7-4ce3-9c4b-43d93a061f7b	gb:HM370978|Organism:Influenza	89.699	1029	56	42	1	1006	1014	13	0.0	1267
7640b77c-3a04-4d92-9bef-4e31ce66831b	gb:HM370966|Organism:Influenza	94.585	277	10	4	15	287	2214	1939	1.16e-117	424
12d1c35b-4049-4c80-a5cf-73ad49432d17	gb:HM370978|Organism:Influenza	98.596	997	5	9	1	993	13	1004	0.0	1755
3080497d-a4c6-4786-bd67-a0ea77e96d22	gb:HM370966|Organism:Influenza	92.734	289	13	8	1	288	1939	2220	9.06e-114	411
f0954164-e0d6-4c51-8f01-8bcc14f34706	gb:HM370972|Organism:Influenza	95.470	287	1	6	1	279	2328	2046	6.67e-125	448
75a3b089-5ab4-497c-9b1c-2a70f1e354ec	gb:HM370978|Organism:Influenza	100.000	134	0	0	1	134	13	146	6.46e-65	248
75a3b089-5ab4-497c-9b1c-2a70f1e354ec	gb:HM370978|Organism:Influenza	99.174	121	0	1	131	251	895	1014	1.82e-55	217
b68949d4-34bd-4523-b5dd-b0dd53c389bf	gb:HM370978|Organism:Influenza	93.195	1014	32	31	1	989	1014	13	0.0	1456
9b688104-2a99-49cc-9e33-a8bf447e2946	gb:HM370978|Organism:Influenza	98.108	1004	7	11	1	994	1014	13	0.0	1738
7ad5eaab-30a5-4b50-b9b3-8e3fba3f4acc	gb:HM370979|Organism:Influenza	98.963	868	6	2	1	868	13	877	0.0	1550
49d6bec4-5efa-4fea-9289-2afec6e10c1e	gb:HM370979|Organism:Influenza	92.752	883	38	16	2	866	1	875	0.0	1253
28473d85-f501-4746-9f1e-a879dfd48e77	gb:HM370978|Organism:Influenza	94.176	1013	28	24	1	993	1014	13	0.0	1515
94e35e76-abcb-4cb1-ab23-c67b87eed3ef	gb:HM370972|Organism:Influenza	98.587	283	3	1	1	282	2046	2328	1.84e-140	499
fe9e1bc2-3f5f-4f86-a80e-af627f65fbbd	gb:HM370978|Organism:Influenza	92.991	1013	40	25	1	993	1014	13	0.0	1448
a60acd51-6d96-4743-9fa8-9ca763fd9832	gb:HM370972|Organism:Influenza	97.183	284	3	2	1	280	2046	2328	3.07e-133	475
78af6580-7b8c-4801-b90b-256bf176033c	gb:HM370978|Organism:Influenza	98.211	1006	7	8	1	999	1014	13	0.0	1748
b199fe65-94a7-4cb5-b744-b76ee6882080	gb:HM370979|Organism:Influenza	92.317	872	33	24	1	845	877	13	0.0	1208
af2eb568-96fb-4fb8-a6d0-ec2ef0e2f3db	gb:HM370966|Organism:Influenza	97.872	282	3	2	1	279	1939	2220	5.08e-136	484
640339e1-0fe0-4b4d-9c5e-3351d3cb616b	gb:HM370978|Organism:Influenza	96.644	1013	14	16	1	1004	1014	13	0.0	1664
a6a753ca-96d0-471d-8827-71416285b1d6	gb:HM370972|Organism:Influenza	96.842	285	3	3	1	281	2328	2046	3.99e-132	472
1f7e5a86-ebb7-457d-8302-4a6cdfb61609	gb:HM370972|Organism:Influenza	98.239	284	2	3	1	282	2328	2046	8.54e-139	494
0247dda5-e50d-492e-8032-3c9eb6a11306	gb:HM370979|Organism:Influenza	96.092	870	10	16	1	851	13	877	0.0	1397
e1d447a7-5f21-45f0-822b-c981130b2ed8	gb:HM370972|Organism:Influenza	97.887	284	1	3	1	280	2328	2046	1.42e-136	486
b344565c-03db-422d-b306-a95c9402c0af	gb:HM370978|Organism:Influenza	97.222	1008	13	13	1	999	13	1014	0.0	1692
dc38faff-edaa-46d7-9e9e-0cc5d859cd29	gb:HM370972|Organism:Influenza	90.278	288	16	11	1	281	2046	2328	1.94e-100	366
55baf5d6-a905-46a0-ad69-e8ac3fac5ce9	gb:HM370972|Organism:Influenza	94.483	290	8	8	1	284	2328	2041	1.17e-122	440
7e3f504c-4c03-4702-a743-12b65b145feb	gb:HM370978|Organism:Influenza	96.925	1008	14	12	1	997	1014	13	0.0	1674
bbe0f2aa-54f4-434b-a170-1825b3e9260c	gb:HM370966|Organism:Influenza	97.535	284	5	1	1	284	1939	2220	5.18e-136	484
6101d200-a563-4f76-9186-2db710ab4d3d	gb:HM370978|Organism:Influenza	99.104	1004	1	7	1	998	1014	13	0.0	1797
c7091f3a-a57d-4ae6-8058-bdf79e91465f	gb:HM370972|Organism:Influenza	92.593	297	11	8	1	292	2328	2038	2.00e-115	416
df91ef51-ce4d-4ccb-8011-0bc209a664b0	gb:HM370966|Organism:Influenza	98.582	282	3	1	16	297	1940	2220	6.96e-140	497
88db4381-452b-447a-98c0-5a493c50f607	gb:HM370966|Organism:Influenza	97.880	283	4	2	1	282	1939	2220	3.97e-137	488
1f0d10b4-70ba-4c3b-8185-3b7b308555be	gb:HM370978|Organism:Influenza	96.040	1010	22	15	1	1003	13	1011	0.0	1628
f865602a-d75e-470a-962b-6ed17abd74ee	gb:HM370978|Organism:Influenza	95.961	1015	19	19	1	1006	13	1014	0.0	1628
29aafc05-e3df-4502-860a-78554970cdd6	gb:HM370978|Organism:Influenza	96.715	274	4	3	1	269	1014	741	4.95e-126	451
71bb7a2b-09fa-446b-b548-dc9b3ef930c6	gb:HM370978|Organism:Influenza	99.203	1004	3	5	1	1001	1014	13	0.0	1805
261d255a-31db-45c5-b28c-be1e4daac126	gb:HM370972|Organism:Influenza	97.213	287	1	2	1	284	2046	2328	2.41e-134	479
8620652c-b9c8-4f67-a7b7-c5f3aed38f06	gb:HM370978|Organism:Influenza	96.457	988	16	13	12	985	995	13	0.0	1613
fd81b4b9-8a09-482b-b920-749a1e6cda06	gb:HM370979|Organism:Influenza	88.297	863	62	32	1	839	11	858	0.0	998
f828435d-79d4-47a6-8544-6cb4b98dd701	gb:HM370972|Organism:Influenza	98.239	284	0	3	8	288	2047	2328	3.14e-138	492
71de5a19-b465-456e-a47c-2083e2353918	gb:HM370978|Organism:Influenza	89.583	288	7	9	97	364	1025	741	1.20e-93	344
0138de39-2cc9-47fc-92c4-e66e1c5c6eb5	gb:JN683632|Organism:Influenza	87.996	1033	63	48	102	1096	1022	13	0.0	1164
4370f256-50c1-4a37-bd53-145c558417c0	gb:HM370979|Organism:Influenza	95.330	878	20	20	1	870	13	877	0.0	1375
23f6a08c-b721-4677-9aec-fc3df2d331bf	gb:HM370966|Organism:Influenza	95.683	278	6	5	5	276	2216	1939	3.06e-123	442
22fb49f2-ed9f-4cc6-94b2-1aa097fe3694	gb:HM370978|Organism:Influenza	94.763	1012	34	14	1	1003	13	1014	0.0	1557
2b8235e1-213b-4c8a-87db-2d8a89db9543	gb:HM370966|Organism:Influenza	98.936	282	3	0	1	282	2220	1939	3.95e-142	505
32a489be-3296-4882-bd78-ad4c82d61dec	gb:HM370978|Organism:Influenza	93.300	1015	29	29	1	989	1014	13	0.0	1461
31821e3f-55c2-467e-a55a-3be23e50844c	gb:HM370978|Organism:Influenza	98.307	1004	10	5	1	999	1014	13	0.0	1753
48c4b3f4-a263-4277-9d3b-770f2b171706	gb:HM370979|Organism:Influenza	97.241	870	15	9	1	865	13	878	0.0	1465
5ee616cb-aef3-4b4a-83f0-ece4a9bf9b3c	gb:HM370979|Organism:Influenza	98.499	866	2	6	1	856	13	877	0.0	1517
48d0b80a-7009-4c4b-a397-1bd82f88e3af	gb:HM370979|Organism:Influenza	97.052	882	9	14	6	879	5	877	0.0	1469
912ad87d-81fc-4fbd-98ee-acfaa60ed874	gb:HM370978|Organism:Influenza	98.010	1005	8	10	1	996	1014	13	0.0	1735
a4908784-8a98-477e-a0ac-9fb7b71272fb	gb:HM370978|Organism:Influenza	98.704	1003	8	5	1	999	13	1014	0.0	1775
cebcbecc-9306-4fb1-8904-69f8be087f75	gb:HM370972|Organism:Influenza	97.183	284	4	4	1	281	2046	2328	8.57e-134	477
8d4b2610-6763-46a9-a2fa-689b05aa71aa	gb:HM370978|Organism:Influenza	94.872	1014	28	19	1	1002	13	1014	0.0	1563
a217093c-d13a-495c-a3d7-3439e057e8ca	gb:HM370971|Organism:Influenza	89.408	878	43	41	1	846	877	18	0.0	1061
c812c824-2441-4882-a376-c0b667f8323b	gb:HM370979|Organism:Influenza	91.299	885	36	33	1	864	877	13	0.0	1170
bc87b94e-bff0-4901-865a-5ddfce99a68e	gb:HM370978|Organism:Influenza	96.538	1011	20	11	1	1005	1014	13	0.0	1659
72662e27-a1a9-4f87-ad52-646668a86010	gb:HM370978|Organism:Influenza	97.707	1003	9	10	1	990	13	1014	0.0	1712
9d34f9dd-a1b4-449d-9adc-6b8b053e2eb0	gb:HM370978|Organism:Influenza	91.262	1030	46	38	1	1001	1027	13	0.0	1363
54b1bc8e-bebb-4f83-a901-e26c98c5692a	gb:HM370972|Organism:Influenza	95.439	285	5	6	1	281	2046	2326	7.06e-125	448
97b27f6a-ca11-48f6-b606-e8e0cfffecf1	gb:HM370978|Organism:Influenza	96.436	926	10	15	189	1102	100	1014	0.0	1506
2879df71-c0fa-438a-af5e-56b3c45ad5ac	gb:JN706699|Organism:Influenza	93.031	287	13	5	10	290	1935	2220	2.54e-114	412
518abb60-6fd3-4ba7-a70c-259caa8683ed	gb:HM370979|Organism:Influenza	98.516	876	6	6	3	875	6	877	0.0	1539
29528ae4-b35e-48aa-91bb-56c8e09b2aaf	gb:HM370979|Organism:Influenza	97.359	871	11	9	1	865	877	13	0.0	1471
ef24b950-3d81-4e30-ba79-87efd4c8f6ef	gb:HM370978|Organism:Influenza	91.577	1021	41	35	1	993	1014	11	0.0	1367
b95de0e3-8c0d-4c76-b3ff-1e313e2ca523	gb:HM370978|Organism:Influenza	94.277	1031	26	24	4	1020	1024	13	0.0	1546
7b04a120-d479-4fee-8406-d9c2957f6d79	gb:HM370978|Organism:Influenza	86.957	276	13	13	1	255	741	1014	3.87e-77	289
d0931c8f-2fec-40f7-9212-2f39f2fe103a	gb:HM370966|Organism:Influenza	98.587	283	2	2	1	282	1939	2220	1.84e-140	499
5a8ac01a-e39f-4457-bcfa-8ba0fbd3c290	gb:HM370979|Organism:Influenza	97.248	872	11	10	1	866	877	13	0.0	1465
420b4d7e-28b7-4b82-a802-58d189707231	gb:HM370972|Organism:Influenza	99.648	284	0	1	1	284	2328	2046	5.11e-146	518
255a41d5-58b7-4eb2-aec5-8075d79b55ce	gb:HM370978|Organism:Influenza	95.721	1005	19	18	10	1000	20	1014	0.0	1596
19b779e6-9d8a-43b4-a9a3-9e4b6d495ee2	gb:HM370979|Organism:Influenza	98.150	865	9	5	3	864	873	13	0.0	1502
735ca642-c2ee-4a96-8904-b4f8a6b9594c	gb:HM370978|Organism:Influenza	99.501	1002	3	2	1	1000	1014	13	0.0	1821
65d2b549-73ff-44f5-a5db-2f451a87153d	gb:HM370972|Organism:Influenza	100.000	283	0	0	1	283	2046	2328	1.09e-147	523
6884aead-9ff0-447e-8874-df1da0b57c64	gb:HM370978|Organism:Influenza	96.036	1009	20	17	5	999	1008	6	0.0	1624
00dd96e4-c112-4dd0-81b4-f394ff8779aa	gb:HM370979|Organism:Influenza	95.642	872	16	19	1	857	13	877	0.0	1380
4fc417f0-cd87-4f61-aa6a-020238849ede	gb:HM370972|Organism:Influenza	93.448	290	8	6	1	286	2328	2046	1.49e-116	420
e2bc8dc0-6211-4a23-8577-7f3e188484f0	gb:JN683626|Organism:Influenza	86.038	265	19	16	1	248	2328	2065	5.31e-71	268
28c6e5c0-f308-4744-b37f-5f2dda44b665	gb:HM370979|Organism:Influenza	98.023	860	10	7	1	856	877	21	0.0	1487
f1da983d-050d-4fe7-bd1b-011f89d0db40	gb:HM370978|Organism:Influenza	96.219	1005	18	14	1	988	1014	13	0.0	1628
e528ceff-0fad-46ea-9b18-93ef811fc7ff	gb:HM370978|Organism:Influenza	96.660	1018	15	14	6	1011	1023	13	0.0	1674
1cf1348e-daba-4922-9a22-6aaf41ab8eca	gb:HM370966|Organism:Influenza	91.844	282	13	7	1	276	2220	1943	6.99e-106	385
aef94798-1192-4b46-a482-f0b600ca0c57	gb:HM370972|Organism:Influenza	97.183	284	3	4	1	280	2328	2046	3.07e-133	475
7825754d-e48f-476d-abaf-b717ed5f2711	gb:HM370978|Organism:Influenza	98.606	1004	9	5	1	1001	13	1014	0.0	1772
afaf53d6-4f11-4770-b5cd-078418286cd8	gb:HM370978|Organism:Influenza	96.819	1006	17	14	1	995	13	1014	0.0	1666
7c799075-f999-4381-882e-dc935c239837	gb:HM370978|Organism:Influenza	97.614	1006	10	12	1	996	1014	13	0.0	1712
1795228f-31ff-4e3d-b2df-d70e41ac116d	gb:HM370966|Organism:Influenza	97.535	284	5	2	1	284	1939	2220	5.18e-136	484
75ab1c4a-f418-41ac-9789-c8d8177ced7e	gb:HM370978|Organism:Influenza	95.793	1022	18	19	1	1004	1027	13	0.0	1626
514d39cd-e88d-4bd4-acbe-906507013db2	gb:HM370978|Organism:Influenza	97.408	1003	8	10	1	986	1014	13	0.0	1692
771d0174-8e87-4e23-bba7-b567cccd2e29	gb:HM370966|Organism:Influenza	95.139	288	5	5	1	280	2220	1934	2.48e-124	446
e3d8fac4-768e-4f6e-aab6-3cbf2e34958f	gb:HM370972|Organism:Influenza	97.902	286	2	3	1	285	2046	2328	3.11e-138	492
fc5212bb-1f36-41e5-b2d2-5917f9c61db2	gb:HM370978|Organism:Influenza	99.193	991	5	3	7	994	1003	13	0.0	1783
81d7479e-618e-41fb-83f0-4f1fd4b4c7f9	gb:HM370978|Organism:Influenza	98.098	999	11	6	9	1000	17	1014	0.0	1733
b84dd24c-0aaa-4354-97a3-554a10dc8795	gb:HM370972|Organism:Influenza	99.647	283	0	1	1	282	2328	2046	1.82e-145	516
5ef61050-c8fd-4758-b424-0058fbb1a850	gb:HM370978|Organism:Influenza	97.171	1025	7	15	2	1015	1	1014	0.0	1712
06d8252c-9c2e-4071-911b-0bd4f1c00ced	gb:HM370972|Organism:Influenza	93.080	289	8	8	1	283	2328	2046	2.47e-114	412
d68a2173-18d2-4f69-b975-e11de294d2f6	gb:HM370978|Organism:Influenza	91.937	1017	31	38	1	981	1014	13	0.0	1376
a4707d4b-19fb-450f-bb1c-c34f1bd4383d	gb:HM370972|Organism:Influenza	100.000	283	0	0	1	283	2328	2046	1.09e-147	523
fbb622c4-b4af-48c7-ad01-418fb55614d6	gb:HM370972|Organism:Influenza	90.311	289	15	10	1	282	2046	2328	1.94e-100	366
1bddb1f2-5ce6-4733-bb68-df107ac81da6	gb:HM370972|Organism:Influenza	96.127	284	7	4	1	281	2328	2046	8.63e-129	460
b6be68f6-e2d4-4a61-b691-7e4ab7c2b5da	gb:HM370979|Organism:Influenza	97.592	872	7	11	1	865	877	13	0.0	1482
f243ccbe-3157-44fd-9951-051314472e78	gb:HM370979|Organism:Influenza	96.128	878	15	17	1	865	877	6	0.0	1415
c41ceb5d-ddda-470b-8778-8d4b8de3e125	gb:HM370978|Organism:Influenza	98.211	1006	7	10	1	999	13	1014	0.0	1748
d5863c3f-7ed2-4550-8537-8741abaed784	gb:HM370978|Organism:Influenza	95.751	1012	15	19	1	994	13	1014	0.0	1605
5403d0ba-fec1-492f-90c3-a765b17d3b1e	gb:HM370978|Organism:Influenza	99.005	1005	3	6	1	1001	1014	13	0.0	1794
9f9b4e35-b7fa-4d7a-8e50-88d1c821bce6	gb:HM370979|Organism:Influenza	97.816	870	8	9	1	864	13	877	0.0	1491
12f318c0-2dab-4da9-af52-d314f94af1a0	gb:HM370979|Organism:Influenza	96.203	869	13	15	1	853	877	13	0.0	1404
c499e196-d72e-486c-89e5-9a5f5b06c138	gb:HM370978|Organism:Influenza	95.738	1009	12	24	1	985	13	1014	0.0	1596
70ead0e4-d6a1-4f05-9562-a4230ada681f	gb:HM370972|Organism:Influenza	94.444	288	5	9	5	289	2325	2046	1.94e-120	433
483f8d05-121b-4ec9-8abd-5af30e2bc3b8	gb:HM370966|Organism:Influenza	93.960	298	10	6	3	298	2230	1939	9.23e-124	444
90f7e378-fc53-4ffe-8b91-975b4487d774	gb:HM370979|Organism:Influenza	93.585	873	32	21	1	857	13	877	0.0	1280
cfd0dc39-5608-4c7c-a589-b5f321a7f5d4	gb:HM370978|Organism:Influenza	97.033	1011	12	16	1	1002	1014	13	0.0	1685
f0191b23-267e-455c-aac5-a9a2de4aec9e	gb:HM370979|Organism:Influenza	95.159	847	25	14	22	857	854	13	0.0	1323
07dcd8df-5f8a-4bdf-ba8c-1d76c4aa5a15	gb:CY146381|Organism:Influenza	91.579	285	11	9	1	275	2208	1927	6.75e-105	381
ac361cd0-f05c-4937-a2b6-c5ffec3cf6f0	gb:HM370972|Organism:Influenza	97.183	284	4	4	1	281	2328	2046	8.57e-134	477
d58b64f1-7b1c-4ce8-bf33-faee25ef0377	gb:HM370966|Organism:Influenza	95.745	282	6	5	14	290	1940	2220	1.93e-125	449
292de4b3-c415-4974-8375-f8dacd439d2e	gb:HM370966|Organism:Influenza	98.239	284	2	3	1	283	2220	1939	8.57e-139	494
4cf932af-dc01-406d-bd1c-2435fb7d92dd	gb:HM370979|Organism:Influenza	96.804	876	12	11	3	875	876	14	0.0	1448
bdefe17b-1943-411c-b1fe-0d36363d8622	gb:HM370978|Organism:Influenza	98.904	1004	6	5	1	1001	1014	13	0.0	1788
e67b7bcd-8d30-4fd3-943c-2580b9d4ba17	gb:HM370978|Organism:Influenza	97.915	1007	9	10	1	1000	13	1014	0.0	1733
edd24714-ff41-4b8b-9b52-f9de65220150	gb:HM370978|Organism:Influenza	98.793	994	3	7	27	1012	22	1014	0.0	1760
b4d1cfc0-b00f-41b9-b066-d94a23ff2324	gb:HM370966|Organism:Influenza	95.088	285	7	6	1	280	1938	2220	3.11e-123	442
2b3720ff-a8fd-4a8e-853d-1eab48f332b4	gb:HM370978|Organism:Influenza	93.969	1028	32	27	2	1012	1	1015	0.0	1528
b860808e-f214-466d-ae2f-37e3036c2ba4	gb:KM244075|Organism:Influenza	99.057	212	1	1	6	217	1910	2120	2.51e-104	379
ff7fcb5d-d292-45e1-87ca-4bad5b5ce361	gb:HM370978|Organism:Influenza	96.716	1005	15	15	3	995	16	1014	0.0	1657
123139bc-f08a-4322-b44f-92a5e1d7f3d0	gb:HM370979|Organism:Influenza	95.742	869	22	12	1	858	13	877	0.0	1386
797e0404-e1ce-43e6-8db5-21be1645b3ed	gb:HM370972|Organism:Influenza	98.944	284	0	3	1	282	2328	2046	3.95e-142	505
045de90b-ec90-4d7a-929b-ad6ed8580b6b	gb:HM370978|Organism:Influenza	97.423	1009	7	14	1	997	1014	13	0.0	1701
15061dae-b802-4d3c-844b-231f8673c841	gb:HM370978|Organism:Influenza	96.531	1009	19	13	1	1000	1014	13	0.0	1655
6125b7a1-8838-436f-9ecc-876224a57d0c	gb:HM370966|Organism:Influenza	96.127	284	9	2	1	284	1939	2220	2.43e-129	462
72dbbe1c-7450-4b1d-8163-3d5b5a67651a	gb:HM370979|Organism:Influenza	98.619	869	8	4	1	869	877	13	0.0	1535
c50143f1-bc78-46e6-add2-ec5172540a36	gb:HM370978|Organism:Influenza	95.069	1014	25	16	1	1001	13	1014	0.0	1572
09f60340-86fb-4e87-b758-10031b7e9563	gb:HM370972|Organism:Influenza	95.833	288	6	5	9	290	2041	2328	8.93e-129	460
8b13264b-ce03-4685-a3ca-eb450cc2eee4	gb:HM370978|Organism:Influenza	98.307	1004	11	6	1	1000	13	1014	0.0	1755
dca07757-3103-40c1-b17c-f8d2e1507e86	gb:HM370978|Organism:Influenza	98.683	987	5	7	109	1090	996	13	0.0	1744
93475fb2-4db2-4003-94f0-79e1f472535d	gb:HM370979|Organism:Influenza	94.464	867	22	23	1	845	877	15	0.0	1312
0eab02bf-0474-4ce5-9100-59047b1a2570	gb:HM370978|Organism:Influenza	99.403	1005	1	4	1	1003	1014	13	0.0	1818
37ab4bf5-b8b2-4b56-9160-a46a9549126f	gb:HM370978|Organism:Influenza	98.410	1006	10	6	1	1004	13	1014	0.0	1764
d996213c-12b3-4e69-b8b5-8617565763f3	gb:HM370979|Organism:Influenza	97.356	870	12	10	1	863	12	877	0.0	1469
24f14797-f5b6-49f1-9e2a-b70ee3b8bbdf	gb:HM370978|Organism:Influenza	97.638	1016	6	14	5	1007	1023	13	0.0	1727
f218b4ab-1068-421e-b651-39d90a009b99	gb:HM370978|Organism:Influenza	99.003	1003	4	4	1	998	1014	13	0.0	1792
9f150556-9b4e-4770-af0c-f2390959b189	gb:HM370978|Organism:Influenza	86.520	1046	76	50	1	1017	13	1022	0.0	1090
23039a11-c6b3-4066-9447-096b72bebf51	gb:HM370978|Organism:Influenza	97.718	1008	6	13	1	997	13	1014	0.0	1718
ac0d37dc-856b-41e5-80d9-f014de935609	gb:HM370978|Organism:Influenza	97.811	1005	17	4	1	1003	1014	13	0.0	1729
1f015e5d-785e-4b8f-8e72-80ebffe79f9b	gb:HM370979|Organism:Influenza	96.246	879	9	17	1	861	877	5	0.0	1419
b19e1ac3-bb8d-4f08-aa70-edbe045e02d7	gb:HM370978|Organism:Influenza	93.898	1016	31	22	3	1002	1013	13	0.0	1504
de19c8c7-f648-436e-8f6b-262405f31edd	gb:HM370978|Organism:Influenza	96.835	1011	11	18	3	1004	16	1014	0.0	1670
9b9c7196-49e2-4266-9aff-fb5abb2bdb08	gb:HM370966|Organism:Influenza	95.623	297	4	8	1	290	1939	2233	5.34e-131	468
80652b28-3b2f-4a30-86c9-a8fe2cbb79fe	gb:HM370978|Organism:Influenza	98.119	1010	6	13	1	1005	1014	13	0.0	1748
9d84bcbc-57de-4e52-b25a-e9155fa45e01	gb:HM370978|Organism:Influenza	98.705	1004	3	5	1	996	1014	13	0.0	1773
2c4dfeda-8d7c-474c-b70d-44ce055999cc	gb:HM370966|Organism:Influenza	97.527	283	5	2	1	282	1939	2220	1.85e-135	483
994171a0-5698-425a-aab7-bfc47ca1d113	gb:HM370979|Organism:Influenza	95.762	873	15	14	1	858	12	877	0.0	1387
53337cf1-f0fe-4a6e-8fff-89be2d9233d2	gb:HM370972|Organism:Influenza	92.281	285	10	7	1	275	2328	2046	8.67e-109	394
d5fd0ba7-526d-4f88-a790-95b516dd8421	gb:HM370972|Organism:Influenza	97.535	284	3	4	1	281	2328	2046	1.84e-135	483
bc5cf125-29ff-40ac-aba9-fa98038bf19d	gb:HM370966|Organism:Influenza	98.233	283	3	2	1	282	2220	1939	8.54e-139	494
a9ddfe2a-650b-4641-a1a4-a864727e2fc9	gb:HM370979|Organism:Influenza	93.984	881	26	21	1	870	13	877	0.0	1308
af4cfcc2-c6be-44a1-b484-c96d87e8c8e5	gb:HM370979|Organism:Influenza	90.632	886	33	32	1	849	13	885	0.0	1131
00a8af51-9e66-40bf-866b-2ac722a3001e	gb:HM370966|Organism:Influenza	95.760	283	5	4	1	277	2220	1939	1.84e-125	449
dfa211c6-7798-4bab-a3a0-448c3a87ce1f	gb:HM370979|Organism:Influenza	90.503	874	40	32	4	848	872	13	0.0	1114
adf8cde2-25b7-4650-9563-1efbf6c91cbd	gb:HM370972|Organism:Influenza	99.293	283	1	1	1	282	2328	2046	8.48e-144	510
227edcaf-4582-4f84-97d9-f4d5e180ab67	gb:HM370966|Organism:Influenza	96.466	283	7	3	1	281	2220	1939	6.67e-130	464
483b555e-6ca4-462c-8d6b-115fac6f7ba9	gb:HM370966|Organism:Influenza	98.361	244	4	0	5	248	2217	1974	2.52e-119	429
b9954e2e-b654-4791-b499-7cc4822953ec	gb:HM370978|Organism:Influenza	97.807	1003	9	9	1	991	1014	13	0.0	1718
b35e74e8-066c-4e10-9895-e401894a0b9a	gb:HM370978|Organism:Influenza	98.507	134	0	1	1	132	13	146	4.98e-61	235
b35e74e8-066c-4e10-9895-e401894a0b9a	gb:HM370978|Organism:Influenza	96.721	122	1	3	129	249	895	1014	1.82e-50	200
d9952ed9-e34a-49a1-96bb-7de599dd90a4	gb:HM370972|Organism:Influenza	96.113	283	7	2	1	279	2328	2046	3.08e-128	459
36cd772e-4aaf-45d6-9292-707325047e91	gb:HM370972|Organism:Influenza	96.127	284	3	6	1	277	2046	2328	1.10e-127	457
448dc265-bdd3-44d3-b4b7-1e21d8962e4d	gb:HM370966|Organism:Influenza	95.789	285	8	3	1	284	1939	2220	1.13e-127	457
ef370d46-c44a-4e83-be2f-25bccd1c1c1d	gb:HM370978|Organism:Influenza	94.059	1010	30	22	1	988	13	1014	0.0	1506
cde357fa-3b4c-41c5-aa83-2071ebc84203	gb:HM370979|Organism:Influenza	94.138	870	25	23	1	849	13	877	0.0	1301
c7d72376-242a-4fa0-9eb8-a3fa3acd641e	gb:HM370966|Organism:Influenza	95.088	285	4	5	1	278	2220	1939	1.11e-122	440
169740f1-43bf-404f-9c09-83f7ecb368a6	gb:HM370978|Organism:Influenza	96.847	1015	19	11	6	1011	1023	13	0.0	1685
c5a53f1f-3875-42b1-a8f2-70ad70627adc	gb:HM370972|Organism:Influenza	98.233	283	1	3	1	279	2328	2046	3.04e-138	492
83da0abb-b022-48d2-8d60-6db74bcac979	gb:HM370979|Organism:Influenza	99.075	865	6	2	1	863	877	13	0.0	1552
48803886-77a2-4293-b713-801a40c15c04	gb:HM370978|Organism:Influenza	98.026	1013	3	14	1	1007	13	1014	0.0	1744
cf314d6e-7d4b-4724-883d-6e7a225b0601	gb:HM370972|Organism:Influenza	97.902	286	2	3	1	285	2046	2328	3.11e-138	492
016133de-c157-4db9-b4df-66cd5855b1fd	gb:HM370979|Organism:Influenza	98.621	870	5	7	1	868	877	13	0.0	1533
86271a2b-79f5-4856-8217-6af7045eb25b	gb:HM370979|Organism:Influenza	96.203	869	14	16	1	854	877	13	0.0	1404
fd98ec9c-7a72-4cf1-83e3-a86d1dd6cf5d	gb:KX979429|Organism:Influenza	86.489	1014	93	35	1	982	13	1014	0.0	1074
11aabec4-00f7-419c-9e49-7d8a33167375	gb:HM370972|Organism:Influenza	95.789	285	6	5	1	281	2046	2328	4.01e-127	455
5f8d1bbe-6bce-46d8-a444-263376ff0ace	gb:HM370972|Organism:Influenza	100.000	284	0	0	2	285	2045	2328	3.06e-148	525
719bbdf6-1f6f-4f93-ab50-a4b4decf373d	gb:KX879564|Organism:Influenza	90.175	285	13	10	1	276	1927	2205	1.16e-97	357
4f46d793-cfe8-4ad5-a2be-d3e12ee8dc2d	gb:HM370972|Organism:Influenza	97.895	285	1	4	1	282	2046	2328	3.97e-137	488
fa57131f-ed9f-4d47-9f3f-55530472663a	gb:HM370978|Organism:Influenza	97.711	1005	6	14	1	991	1014	13	0.0	1712
e1592f2c-dcc3-473d-96b2-8f664b25ae8f	gb:HM370979|Organism:Influenza	95.657	875	18	16	1	865	877	13	0.0	1387
19ffaf4e-578d-489b-9111-6f2dbaf89af0	gb:HM370979|Organism:Influenza	97.465	868	10	8	1	859	877	13	0.0	1471
27448c21-d9d9-464e-a066-4215361a1e55	gb:HM370979|Organism:Influenza	93.970	879	27	25	1	867	13	877	0.0	1306
a24488a8-56bb-45eb-99e0-3e32a1464388	gb:HM370966|Organism:Influenza	97.880	283	2	3	1	280	1939	2220	1.42e-136	486
e2c413bb-1555-41d5-acdc-947d21aeb15b	gb:HM370978|Organism:Influenza	90.836	993	30	42	18	961	34	1014	0.0	1273
b79ed46f-4603-41f6-b05b-4e6669b1791f	gb:HM370978|Organism:Influenza	97.453	1021	13	12	2	1016	1	1014	0.0	1729
9028ac0e-1869-4639-bfde-ffe4a154c676	gb:HM370979|Organism:Influenza	96.444	703	12	10	1	693	13	712	0.0	1147
9028ac0e-1869-4639-bfde-ffe4a154c676	gb:HM370979|Organism:Influenza	96.751	277	3	2	689	959	277	1	4.35e-127	457
7b0902c1-fc6b-4c5b-9afb-b43946c01f75	gb:HM370972|Organism:Influenza	98.596	285	1	2	1	284	2046	2328	5.14e-141	501
6c54c73d-bc53-4b8e-b97e-c07a7ea715dc	gb:KJ889434|Organism:Influenza	93.220	1003	57	6	1	993	13	1014	0.0	1465
8f882fd3-002f-486a-a8b4-b6cc8446c7b9	gb:HM370979|Organism:Influenza	97.803	865	11	7	1	857	877	13	0.0	1485
168766b2-f441-4e7a-b34b-2baf25e2e13d	gb:HM370978|Organism:Influenza	98.709	1007	4	9	1	1003	1014	13	0.0	1779
050aaf80-a630-4cf5-b7a0-479fe2ff8833	gb:HM370966|Organism:Influenza	96.820	283	6	3	1	281	2220	1939	1.82e-131	470
1fefd144-5e27-482e-8fea-366e643afa25	gb:HM370966|Organism:Influenza	90.877	285	15	9	1	277	2220	1939	4.09e-102	372
25df876c-0238-4c66-b7ba-43825ae5fd1b	gb:HM370979|Organism:Influenza	97.359	871	11	11	1	865	13	877	0.0	1471
36592d07-800a-4c04-a9f8-d0e96f337a5b	gb:HM370978|Organism:Influenza	98.305	1003	9	6	1	996	1014	13	0.0	1751
2f68d31e-26b1-4c2d-9728-70f265a1dbba	gb:HM370972|Organism:Influenza	92.150	293	10	12	94	374	2337	2046	7.21e-111	401
cbc706d7-5e55-4cf0-9ebd-ac8f5ba86e73	gb:HM370979|Organism:Influenza	91.250	880	35	27	8	866	871	13	0.0	1160
8cc9fc31-9b50-446a-b792-372733c8fbf1	gb:HM370979|Organism:Influenza	98.502	868	9	4	1	867	877	13	0.0	1528
f1978e6f-3bff-46fe-9a8b-2b46b950da1f	gb:HM370972|Organism:Influenza	98.940	283	3	0	1	283	2046	2328	1.10e-142	507
9ee5c9d1-2f54-4079-9a1b-5a51123a6696	gb:HM370979|Organism:Influenza	97.008	869	18	7	1	865	877	13	0.0	1454
7a3fb3b4-eb81-458d-bde4-2f883678d7bd	gb:HM370978|Organism:Influenza	97.300	963	11	12	45	1000	60	1014	0.0	1620
22d0babd-4694-451c-b8b1-2d5570008228	gb:HM370966|Organism:Influenza	95.455	286	8	4	1	285	2220	1939	5.27e-126	451
f3b3e506-43a4-4ea5-9d8c-04127a0b8948	gb:HM370978|Organism:Influenza	97.612	1005	16	8	1	1000	13	1014	0.0	1716
fc931f43-c65d-4b08-9126-f511e94b9fec	gb:HM370978|Organism:Influenza	98.031	1016	10	8	1	1007	13	1027	0.0	1757
2da85e5e-7430-47c0-9cdd-37c084cc8b69	gb:HM370979|Organism:Influenza	96.334	873	16	16	1	865	877	13	0.0	1421
744e59d1-16bb-45db-9e7c-6034983ee8b8	gb:HM370979|Organism:Influenza	99.188	862	2	3	5	863	872	13	0.0	1548
6f142acb-4a27-47a7-91ea-62296147d210	gb:HM370978|Organism:Influenza	96.739	1012	18	13	1	999	13	1022	0.0	1672
223b65fd-ff46-48c0-99e9-50d490534c2b	gb:HM370966|Organism:Influenza	98.587	283	3	1	1	283	2220	1939	1.84e-140	499
7e575ccf-999b-451a-9694-1223451285b3	gb:HM370972|Organism:Influenza	95.455	286	8	3	1	284	2328	2046	5.25e-126	451
1a80bbdd-a2d7-407c-918b-af1d2e1f72fd	gb:HM370978|Organism:Influenza	95.801	1024	12	19	1	1003	1014	1	0.0	1624
e992c911-7e9c-4768-ba47-10fda345b6b1	gb:HM370972|Organism:Influenza	98.233	283	4	1	1	282	2046	2328	8.54e-139	494
1fc40ca0-d1a3-4842-ac33-94763f2b3cd6	gb:HM370972|Organism:Influenza	95.789	285	8	4	1	283	2328	2046	1.12e-127	457
7c81be26-12b2-4c06-9f17-7104defcc22d	gb:HM370978|Organism:Influenza	98.406	1004	6	6	1	996	1014	13	0.0	1757
28dc601b-0bc0-4b36-a6e6-cc788e42a8e1	gb:HM370978|Organism:Influenza	97.321	1008	15	11	1	1002	13	1014	0.0	1701
52328539-f100-4c80-9a38-0105eebc51cc	gb:HM370978|Organism:Influenza	98.310	1006	10	6	1	1003	13	1014	0.0	1757
a164dc94-44b1-436d-b7e4-6ea064548e38	gb:HM370966|Organism:Influenza	97.535	284	4	3	1	283	1939	2220	1.86e-135	483
76cfe3b9-873c-45d4-af5e-32fd06ded82c	gb:HM370978|Organism:Influenza	97.913	1006	12	5	1	1002	1014	14	0.0	1733
1408e950-9ed2-4d78-9df4-5966d48f7f90	gb:HM370979|Organism:Influenza	99.073	863	3	4	4	865	871	13	0.0	1544
16ef082c-b2f1-4c3d-8350-ea0ef5f9a8d7	gb:HM370978|Organism:Influenza	94.161	137	2	6	118	251	146	13	1.42e-51	204
16ef082c-b2f1-4c3d-8350-ea0ef5f9a8d7	gb:HM370978|Organism:Influenza	91.129	124	4	6	1	121	1014	895	8.65e-39	161
3e99a41b-1f95-43f3-946d-4b1fc6f313f6	gb:HM370972|Organism:Influenza	97.173	283	7	1	1	282	2046	2328	8.60e-134	477
2f2ec857-7947-417a-9204-30c6232ab5d7	gb:HM370978|Organism:Influenza	92.368	1022	29	31	1	993	13	1014	0.0	1410
069e014e-12ac-4a2f-808c-64b8114a34a5	gb:HM370979|Organism:Influenza	92.018	877	39	24	1	859	13	876	0.0	1203
df8ab8d4-3453-498f-8672-f704d9491724	gb:HM370979|Organism:Influenza	96.552	870	13	12	5	867	872	13	0.0	1424
10af979d-f352-47d2-80c1-a21f469fccba	gb:HM370979|Organism:Influenza	97.251	873	8	13	1	865	877	13	0.0	1465
20b84e75-42e2-427f-9e64-1b25a79847df	gb:HM370966|Organism:Influenza	98.936	282	2	1	1	281	2220	1939	1.41e-141	503
408ac571-357f-4936-9126-c6611c37005a	gb:HM370966|Organism:Influenza	95.804	286	5	6	5	286	2216	1934	4.23e-127	455
5e6718b6-f72d-4fd5-9c7d-42041f246729	gb:HM370979|Organism:Influenza	89.616	886	47	32	1	862	877	13	0.0	1085
1276b12e-52a2-4f99-8e87-5190f40164d1	gb:HM370979|Organism:Influenza	98.157	868	7	9	1	862	13	877	0.0	1506
7f35e577-265c-49f1-8c50-f03c5febbf14	gb:HM370966|Organism:Influenza	97.163	282	5	2	1	279	2220	1939	1.10e-132	473
a675d14a-bf13-46ac-a31f-4791cbdf8d72	gb:HM370978|Organism:Influenza	100.000	134	0	0	116	249	146	13	6.40e-65	248
a675d14a-bf13-46ac-a31f-4791cbdf8d72	gb:HM370978|Organism:Influenza	95.868	121	2	2	1	119	1014	895	3.04e-48	193
abc9c798-4341-473a-b438-96101b7c2671	gb:HM370972|Organism:Influenza	98.239	284	3	2	1	283	2328	2046	2.38e-139	496
9d562893-2468-4717-b261-4d27394592b3	gb:GU186595|Organism:Influenza	90.575	1008	79	14	1	998	1	1002	0.0	1321
8861bc48-4474-49b2-b9c5-6ca5b6791e2b	gb:HM370972|Organism:Influenza	97.952	293	4	2	95	386	2337	2046	1.54e-142	507
34e9c18a-0dd5-4728-8414-0b5f2162f818	gb:HM370978|Organism:Influenza	96.733	1010	14	14	1	999	1014	13	0.0	1664
79f86411-93e5-4c7d-ba1e-28f09d79cf9b	gb:HM370978|Organism:Influenza	97.723	1010	7	12	1	1002	13	1014	0.0	1724
25747c09-2f67-4b9d-af45-ed36445c1f82	gb:HM370966|Organism:Influenza	95.775	284	7	4	1	281	2220	1939	1.44e-126	453
4ba6147f-c9a2-4b14-810b-063225f3b487	gb:HM370972|Organism:Influenza	93.031	287	11	7	1	282	2046	2328	8.85e-114	411
91883b4b-2c58-41b5-bf29-9a910aab2353	gb:HM370966|Organism:Influenza	97.527	283	5	2	1	282	2220	1939	1.85e-135	483
01d053bf-8c6c-43f1-b417-9d6e4876ba40	gb:HM370972|Organism:Influenza	97.426	272	3	3	1	269	2046	2316	9.16e-129	460
500eb0da-1941-41ea-a0f4-8336aac53bed	gb:HM370972|Organism:Influenza	97.527	283	5	2	1	281	2046	2328	1.84e-135	483
c5825993-59ad-4e75-b437-bd0ea85c0488	gb:HM370972|Organism:Influenza	97.203	286	5	3	1	286	2328	2046	6.75e-135	481
9af7ddaf-9513-4458-b3c5-78d57c8b6bde	gb:HM370972|Organism:Influenza	93.960	298	5	10	89	375	2341	2046	5.51e-122	438
a0deed74-cbad-4fba-8cd6-46ecb9ce958d	gb:CY117232|Organism:Influenza	90.813	283	14	9	1	272	1927	2208	5.19e-101	368
29adcf88-038a-44bd-8f01-18a27679521c	gb:HM370966|Organism:Influenza	93.380	287	8	10	1	281	1939	2220	6.81e-115	414
0e72e1e3-5562-40a9-9e2b-80dbd4c1820b	gb:CY126513|Organism:Influenza	92.000	250	11	8	1	243	2314	2067	3.15e-93	342
347ac6e8-16b6-4fd7-bc78-307ff40a2e14	gb:HM370978|Organism:Influenza	96.344	1012	16	16	1	1001	13	1014	0.0	1644
45b80efa-edc0-4d02-b8f8-93b2e4f66218	gb:HM370978|Organism:Influenza	98.504	1003	6	7	1	995	13	1014	0.0	1760
78e7b3fc-741b-42ec-a1bb-57bbac603594	gb:HM370972|Organism:Influenza	99.293	283	2	0	1	283	2046	2328	2.37e-144	512
2f08ce6d-10e5-4d28-81df-e2299eb694db	gb:HM370979|Organism:Influenza	96.128	878	15	12	1	873	876	13	0.0	1415
3610ed7b-01ff-4b76-9aa9-d9c00cb73033	gb:HM370966|Organism:Influenza	96.491	285	6	4	1	284	2220	1939	5.22e-131	468
ad595882-d9a0-4c40-b13e-a14a7dfa24a8	gb:KJ889434|Organism:Influenza	89.971	1017	70	24	1	1000	13	1014	0.0	1284
da871814-4eeb-411d-9657-6b179b226fd6	gb:EU735825|Organism:Influenza	85.563	284	22	13	1	266	2034	2316	2.44e-74	279
1065b889-418e-42e1-bda0-2e03d0efe98c	gb:HM370972|Organism:Influenza	99.647	283	0	1	1	282	2328	2046	1.82e-145	516
5f2aa871-f753-4882-8c7f-5b4a3e026406	gb:HM370972|Organism:Influenza	96.831	284	4	5	1	280	2046	2328	1.43e-131	470
a67ec2e7-7169-4baf-95d3-d47faa2bc337	gb:HM370966|Organism:Influenza	96.085	281	5	4	3	277	1940	2220	1.42e-126	453
640387da-a859-4e25-97f0-3c9a3a71b0b0	gb:HM370979|Organism:Influenza	93.672	885	19	22	1	868	13	877	0.0	1290
5974dff4-3812-467c-aca7-dd6ddb4e3aea	gb:HM370979|Organism:Influenza	96.818	880	13	12	1	872	877	5	0.0	1456
541cf831-7296-40ad-a1c1-9cb518c17bcf	gb:HM370978|Organism:Influenza	96.376	1021	15	21	2	1007	1	1014	0.0	1661
95b8ec0c-e641-403a-8596-445cd38bfda7	gb:HM370979|Organism:Influenza	97.581	868	9	9	1	859	13	877	0.0	1476
faea1a1d-8f26-4853-a73f-5795de6753dd	gb:HM370972|Organism:Influenza	95.946	296	4	7	7	297	2338	2046	1.17e-132	473
6175d235-5745-450b-927f-5d5817f49009	gb:HM370972|Organism:Influenza	97.213	287	3	5	1	286	2046	2328	6.75e-135	481
c889332f-9ea3-402e-b816-e55adafd2967	gb:HM370979|Organism:Influenza	97.116	867	9	12	1	853	13	877	0.0	1448
10c0be44-8fad-4f14-a52f-124c0f88c83a	gb:HM370979|Organism:Influenza	97.586	870	11	7	1	865	13	877	0.0	1482
2a952283-8c66-4277-8fb4-b9739899e155	gb:HM370966|Organism:Influenza	96.809	282	4	4	1	277	2220	1939	1.83e-130	466
8dead65f-0223-47f6-90d1-9cc4d43a396e	gb:HM370979|Organism:Influenza	97.929	869	6	11	1	861	877	13	0.0	1495
25d32b92-86fb-4870-8266-ce4a8f41854e	gb:MF146795|Organism:Influenza	91.166	283	18	7	1	278	2214	1934	1.13e-103	377
192478ef-fe7b-4110-ae6b-cd1bc6ad214c	gb:HM370978|Organism:Influenza	94.595	999	24	25	19	999	28	1014	0.0	1519
ab83c1ac-a543-42e0-9b3b-15147ba67dd8	gb:HM370979|Organism:Influenza	92.398	763	21	28	1	736	12	764	0.0	1053
ab83c1ac-a543-42e0-9b3b-15147ba67dd8	gb:HM370979|Organism:Influenza	100.000	50	0	0	730	779	55	6	1.26e-17	93.5
6eac5dad-2663-4967-90c5-c971e4168e71	gb:HM370972|Organism:Influenza	86.486	296	25	15	105	391	2335	2046	1.31e-83	311
9d511f44-51c3-4d31-a0de-ca94d8ba5288	gb:JN706699|Organism:Influenza	93.056	288	8	6	10	286	1934	2220	8.99e-114	411
32d39d6d-28fb-4b9f-808e-3df85e3f8f33	gb:HM370978|Organism:Influenza	93.688	1014	32	28	1	994	1014	13	0.0	1489
54429526-aabb-4320-aff1-7761e0b9993f	gb:HM370966|Organism:Influenza	92.713	247	9	6	19	259	1977	2220	6.41e-95	348
5ecafca8-4ded-4a66-977a-802af4ba6bdc	gb:HM370978|Organism:Influenza	96.004	1026	20	18	1	1017	1014	1	0.0	1648
02301778-c928-4966-aed4-a15b157384f3	gb:HM370979|Organism:Influenza	98.264	864	4	6	13	869	872	13	0.0	1502
7555e7be-4f95-4ba5-827e-735c319c62d7	gb:HM370978|Organism:Influenza	95.238	1008	20	22	1	986	13	1014	0.0	1570
93b6e262-6b77-4d2b-8193-24a129bc83f8	gb:HM370978|Organism:Influenza	91.039	279	9	11	1	268	741	1014	2.38e-99	363
e1660bc7-e889-4812-982b-e672d652fecc	gb:HM370978|Organism:Influenza	99.402	1003	3	3	1	1001	1014	13	0.0	1816
ac60f622-8066-49c6-9c66-e397fb44cbef	gb:HM370978|Organism:Influenza	98.312	1007	5	12	1	1000	1014	13	0.0	1755
89c8b871-80e0-443f-b213-3682fb220186	gb:HM370966|Organism:Influenza	92.086	278	13	7	3	273	1945	2220	1.86e-105	383
4677e776-869b-4827-ae5f-29e3618064ee	gb:HM370978|Organism:Influenza	98.804	1003	8	4	1	1000	1014	13	0.0	1783
909cfe1b-7bf0-44d2-a983-5d489479a09f	gb:HM370972|Organism:Influenza	85.664	286	22	14	1	270	2046	2328	1.92e-75	283
292a0486-7847-4d17-abf7-2b690ec47962	gb:HM370979|Organism:Influenza	96.326	871	17	12	1	862	13	877	0.0	1417
86b75d15-1eae-4085-8623-39aaaea129a7	gb:HM370979|Organism:Influenza	96.216	872	19	12	1	865	13	877	0.0	1415
f5842a98-131e-44cf-902c-8f213cb206be	gb:HM370972|Organism:Influenza	98.239	284	2	3	1	282	2328	2046	8.54e-139	494
88544e10-924e-4c0f-b635-7d7a00209ca6	gb:HM370966|Organism:Influenza	92.580	283	12	8	103	380	2217	1939	9.48e-110	398
a50c6f0d-0cd2-4976-ae95-23a1b1406fcf	gb:HM370979|Organism:Influenza	96.882	866	11	10	1	851	13	877	0.0	1435
f3cc3a7c-fe38-4d8b-b769-729f213db3b8	gb:HM370979|Organism:Influenza	99.194	868	4	3	1	867	12	877	0.0	1561
f9e34bac-b5dd-4eaa-aae1-0260b54b8ca8	gb:HM370979|Organism:Influenza	92.054	881	30	28	6	855	6	877	0.0	1203
2d193892-28e6-4ee3-a27e-e02a6186983c	gb:HM370978|Organism:Influenza	93.942	1007	27	26	15	999	1007	13	0.0	1491
d912d657-d4ee-4b17-87ae-92d7b99b3bcf	gb:HM370978|Organism:Influenza	89.226	1021	64	40	7	997	4	1008	0.0	1234
723fc404-f97d-4048-9f33-65ebd041cea2	gb:HM370978|Organism:Influenza	93.131	1019	31	32	1	997	13	1014	0.0	1458
e24b98d9-5182-43a4-9d35-99560fdae989	gb:HM370978|Organism:Influenza	91.764	1032	40	38	1	1009	1014	5	0.0	1393
a0825a98-37c1-475b-b511-074f6349c223	gb:HM370978|Organism:Influenza	96.925	1008	14	13	1	997	1014	13	0.0	1674
314bf826-1b2d-4e7d-92f3-76b8fa334cb6	gb:HM370972|Organism:Influenza	96.491	285	6	4	1	283	2328	2046	5.20e-131	468
75ba740c-6c30-4ae2-b655-5461d5144814	gb:HM370966|Organism:Influenza	97.527	283	4	3	1	281	2220	1939	6.62e-135	481
132a8d9c-d452-4683-8ea8-5936ce537b0a	gb:HM370979|Organism:Influenza	98.389	869	7	6	1	866	13	877	0.0	1520
8b050b8d-d5a4-4db8-9993-63437837d51f	gb:HM370972|Organism:Influenza	97.193	285	0	6	1	279	2328	2046	3.06e-133	475
6648a718-0868-4759-a89d-89e39d5d4899	gb:HM370979|Organism:Influenza	97.365	873	11	8	1	869	13	877	0.0	1474
2e1cbd30-6762-48b0-b4ad-46b338f30c46	gb:HM370966|Organism:Influenza	98.258	287	2	1	1	284	2220	1934	1.90e-140	499
918f97df-0f3b-4171-a609-e60e45f5da26	gb:HM370978|Organism:Influenza	92.217	1015	37	38	2	989	15	1014	0.0	1399
24d3577d-39a1-4cf0-8bd6-1cb0fab3560b	gb:HM370972|Organism:Influenza	96.853	286	5	4	1	285	2328	2046	3.13e-133	475
68247c73-8c0d-4f42-83b0-e469ecdc98d1	gb:HM370979|Organism:Influenza	98.731	867	5	6	1	863	13	877	0.0	1535
b4b645c5-490e-4d21-89bf-46f879dfc752	gb:HM370972|Organism:Influenza	93.706	286	8	5	1	279	2046	2328	1.45e-116	420
c95f41bb-80c0-4f5d-95c0-da109dd026d7	gb:HM370979|Organism:Influenza	97.912	862	9	8	5	858	873	13	0.0	1483
34529f98-16ea-4641-adc7-4b997bce7d44	gb:HM370979|Organism:Influenza	99.077	867	4	4	1	865	877	13	0.0	1554
a0fd8018-e9d8-4b11-9b61-68b74ab9facc	gb:HM370972|Organism:Influenza	97.938	291	0	6	1	288	2328	2041	1.92e-140	499
9b056004-4591-4535-95c3-63d8d785fcad	gb:HM370979|Organism:Influenza	94.604	871	15	21	1	845	13	877	0.0	1319
3ed1f535-a4b2-4358-b2a5-73e37099914d	gb:HM370978|Organism:Influenza	97.132	1011	12	12	1	1003	1014	13	0.0	1690
b0e24c9a-7955-4ede-943a-098b37b12c26	gb:KR077987|Organism:Influenza	90.459	283	18	8	1	275	2198	1917	6.80e-100	364
c3054b50-4c85-4794-a681-6b363ad7ea2f	gb:HM370972|Organism:Influenza	98.246	285	2	2	1	284	2328	2046	2.39e-139	496
108de6a9-9c3c-4d4b-93b3-d1e9c634b264	gb:HM370972|Organism:Influenza	95.205	292	8	4	9	298	2041	2328	1.19e-127	457
ccd4ebdf-ccc0-4409-a97e-33def28695de	gb:HM370978|Organism:Influenza	95.874	1018	28	12	2	1009	1	1014	0.0	1635
e8a4aa4e-ec80-4114-b2e5-d03f7e8ab62c	gb:HM370978|Organism:Influenza	99.103	1003	6	3	1	1001	13	1014	0.0	1799
31093724-85b4-4ae9-a36c-c45f1b7a5d80	gb:HM370979|Organism:Influenza	98.845	866	5	3	1	862	13	877	0.0	1539
e8c9cc5b-da9c-4d2c-a846-cfc5f0d3753b	gb:HM370979|Organism:Influenza	97.592	872	7	10	1	865	13	877	0.0	1482
040644b1-f403-450b-911c-a2f75df60e8e	gb:HM370979|Organism:Influenza	97.113	866	10	11	1	858	13	871	0.0	1447
aeaab82e-4e16-49f4-960f-c390e8b1d4ea	gb:HM370979|Organism:Influenza	92.040	892	34	29	3	875	886	13	0.0	1219
10631cb5-dd05-4c57-8c31-6d4a72c75d41	gb:HM370979|Organism:Influenza	95.972	869	15	17	1	853	13	877	0.0	1393
33d66f26-5019-4dee-8ddd-c11595239766	gb:HM370966|Organism:Influenza	97.872	282	4	2	1	280	1939	2220	1.42e-136	486
c5800d82-1874-4789-9cce-5c11f38ca4ff	gb:HM370972|Organism:Influenza	97.544	285	3	4	1	283	2328	2046	5.16e-136	484
82a6794e-dd7e-424c-a3a5-40a227b0044f	gb:HM370978|Organism:Influenza	91.981	1035	32	38	1	1017	13	1014	0.0	1404
5e93e7b3-c4f2-479f-b456-59155c4b8053	gb:HM370966|Organism:Influenza	96.831	284	5	4	1	282	2220	1939	4.00e-132	472
cb9924aa-f3b4-4a87-9b21-33ef13d5eed1	gb:HM370972|Organism:Influenza	97.203	286	4	4	1	285	2046	2328	6.73e-135	481
37915adc-fade-46db-bf91-c68e422452bd	gb:JN683626|Organism:Influenza	92.734	289	10	9	1	284	2046	2328	1.15e-112	407
e003770a-a57a-4d7e-8ecf-805381e13a10	gb:HM370978|Organism:Influenza	97.927	1013	10	8	1	1013	13	1014	0.0	1744
cba4df2b-9e00-4690-90fc-1cc16d8f33f4	gb:HM370972|Organism:Influenza	95.455	286	8	2	1	284	2046	2328	5.25e-126	451
d025115f-e458-4024-aed2-154cfee665a3	gb:HM370979|Organism:Influenza	87.375	602	34	31	1	579	877	295	0.0	652
d025115f-e458-4024-aed2-154cfee665a3	gb:HM370979|Organism:Influenza	85.465	344	31	15	570	903	544	878	4.06e-92	340
06fda57c-9ccc-4218-b65a-abdbde8711f8	gb:HM370972|Organism:Influenza	98.616	289	2	2	11	299	2042	2328	9.00e-144	510
9db3f2cf-c046-4ab8-858d-a2677c712ca4	gb:HM370978|Organism:Influenza	95.842	1010	26	15	1	1002	13	1014	0.0	1618
71ed1daf-eaad-4cc5-91ec-f245624007ad	gb:HM370966|Organism:Influenza	96.113	283	3	4	1	276	2220	1939	3.94e-127	455
8146ef75-9462-44db-88b0-971116bcbfae	gb:HM370972|Organism:Influenza	97.887	284	3	3	1	282	2328	2046	3.97e-137	488
c22ee644-1734-4a1a-89fa-0296d1f795de	gb:HM370972|Organism:Influenza	97.193	285	4	4	1	283	2046	2328	2.40e-134	479
6a81235e-b72a-4a29-8f0c-392d4f0bfe6c	gb:HM370979|Organism:Influenza	98.523	880	6	5	1	875	890	13	0.0	1546
3050cdb6-dd99-48a5-a2da-ea6c7fead9ec	gb:HM370966|Organism:Influenza	98.592	284	2	1	1	284	2220	1939	5.14e-141	501
bd0a6874-dcfd-4249-b4ec-203471e27728	gb:HM370979|Organism:Influenza	97.706	872	10	9	1	869	13	877	0.0	1491
57ff2802-8668-42f8-be05-53503afbb4b1	gb:HM370972|Organism:Influenza	97.931	290	1	4	1	287	2328	2041	6.94e-140	497
6fe2fc35-bd5b-4210-96bb-1c31e4a5c3f6	gb:HM370978|Organism:Influenza	98.610	1007	3	11	1	1001	13	1014	0.0	1772
74c86ae4-be15-40cd-8501-9be320a673b8	gb:HM370978|Organism:Influenza	98.509	1006	7	6	1	1002	13	1014	0.0	1768
104a32ec-d7de-4e86-b912-41878dddac00	gb:HM370972|Organism:Influenza	97.535	284	4	3	1	282	2046	2328	1.85e-135	483
e116b8a9-5068-4e1b-be87-5b97057e2c60	gb:HM370966|Organism:Influenza	93.286	283	9	7	2	276	2219	1939	3.11e-113	409
7a8c6619-1ed4-4a62-b6de-0173a88f226e	gb:HM370978|Organism:Influenza	92.366	131	5	4	5	131	17	146	6.44e-45	182
7a8c6619-1ed4-4a62-b6de-0173a88f226e	gb:HM370978|Organism:Influenza	94.167	120	4	2	128	244	895	1014	2.31e-44	180
140be201-9ffd-47b8-8102-aef3d20071f8	gb:JN683632|Organism:Influenza	89.205	1019	50	44	11	981	1019	13	0.0	1218
01db8d07-aefa-4699-91f6-a251e4fc01f0	gb:JN706699|Organism:Influenza	96.113	283	6	4	1	279	1939	2220	1.11e-127	457
d8f26c49-9eb0-4888-9433-c52d881d0662	gb:HM370972|Organism:Influenza	91.438	292	8	12	9	287	2041	2328	5.47e-106	385
83f7cb6a-b432-41bf-9097-7d4bfd242403	gb:HM370979|Organism:Influenza	98.268	866	5	7	1	857	877	13	0.0	1507
098a41fe-793b-4053-8cc9-1556c558becd	gb:HM370979|Organism:Influenza	95.548	876	15	17	1	863	877	13	0.0	1380
2a74bb19-dcc5-4a5f-ad13-2bbee48a00fb	gb:HM370972|Organism:Influenza	98.944	284	1	2	1	283	2046	2328	1.10e-142	507
11634e18-5e95-4f6d-b5a9-28ca5b4a060d	gb:HM370978|Organism:Influenza	98.515	1010	10	4	1	1006	1014	6	0.0	1777
28d8e543-b3f6-43d0-90fd-acec32b91894	gb:HM370979|Organism:Influenza	97.806	866	6	11	5	862	873	13	0.0	1482
c300c2a2-e4ba-407c-bae6-a8ebfc7ff4e1	gb:HM370978|Organism:Influenza	96.517	1005	17	12	1	990	1014	13	0.0	1646
87e48c41-53dd-4a13-aea9-b613d352c348	gb:HM370978|Organism:Influenza	96.627	1008	18	13	1	998	13	1014	0.0	1659
a5b72251-d0a0-44de-9fd7-f8c23423f20f	gb:HM370966|Organism:Influenza	98.582	282	4	0	1	282	2220	1939	1.84e-140	499
09ecb3e1-78c3-44ec-ad2e-ad9e42a2f049	gb:HM370966|Organism:Influenza	95.105	286	6	4	1	282	2220	1939	8.72e-124	444
7b1b5616-2549-4684-8bbc-99ea92d50917	gb:HM370972|Organism:Influenza	99.293	283	2	0	1	283	2328	2046	2.37e-144	512
dfd2e99f-9c5d-463d-96d9-66c946e70154	gb:HM370979|Organism:Influenza	98.037	866	8	6	1	858	877	13	0.0	1496
ccc7d485-572f-4415-b680-10e467607265	gb:HM370972|Organism:Influenza	97.902	286	1	4	1	284	2046	2328	1.11e-137	490
21f5cf94-253c-46f2-926b-dad7a49a0d10	gb:HM370978|Organism:Influenza	95.450	1011	23	18	1	997	1014	13	0.0	1591
708de4b3-da43-4da1-a9a7-7c341c68dcd8	gb:HM370972|Organism:Influenza	99.293	283	1	1	1	282	2046	2328	8.48e-144	510
83179ff9-aed1-467a-b60f-fd283baf1a55	gb:HM370966|Organism:Influenza	94.946	277	13	1	17	293	1945	2220	1.97e-120	433
5e0d2c80-2931-4446-a144-bc1be6222e01	gb:HM370979|Organism:Influenza	94.104	882	25	22	1	871	12	877	0.0	1315
c57f6996-3192-4aff-ac0c-0ff9b9d391b3	gb:HM370978|Organism:Influenza	98.012	1006	9	10	1	999	1014	13	0.0	1736
f31e42bb-bd73-4470-8f18-844059930ffd	gb:HM370979|Organism:Influenza	95.183	872	17	19	1	854	13	877	0.0	1354
0b660013-7d17-4a03-8c7c-492c6632c82a	gb:HM370972|Organism:Influenza	93.031	287	9	7	1	280	2046	2328	3.16e-113	409
c1bb63e3-7b7d-42c4-afd5-0d98435ed34f	gb:HM370979|Organism:Influenza	99.284	559	2	2	1	557	13	571	0.0	1009
c1bb63e3-7b7d-42c4-afd5-0d98435ed34f	gb:HM370979|Organism:Influenza	88.989	554	21	25	551	1074	544	1	0.0	649
95dfe291-9a2b-4803-a2d2-ee35fb2e0952	gb:HM370979|Organism:Influenza	97.503	881	10	11	3	876	2	877	0.0	1495
f773d7bc-6ef9-4723-bd68-834fe71e861a	gb:HM370972|Organism:Influenza	97.887	284	4	2	1	283	2328	2046	1.11e-137	490
e0cc8e01-1ca0-4cd7-97a7-a19719d7d041	gb:HM370978|Organism:Influenza	96.654	1016	13	16	97	1097	1022	13	0.0	1668
1732f95f-dc77-47ae-af9c-74f0f9e75298	gb:CY178596|Organism:Influenza	87.900	281	20	10	16	288	1934	2208	5.65e-86	318
69c1b55e-30a1-47a8-80d5-24c80aac69a6	gb:HM370978|Organism:Influenza	93.969	1028	32	23	1	1017	1014	6	0.0	1528
682fed8f-1ad7-4724-80df-6aaa1287dc3c	gb:HM370978|Organism:Influenza	96.934	1011	11	16	1	1000	1014	13	0.0	1677
23ece234-0832-4451-bedc-d145424bf501	gb:HM370979|Organism:Influenza	98.282	873	5	7	1	871	13	877	0.0	1520
3c71e670-4432-47f7-8ad2-6ec530f17790	gb:HM370972|Organism:Influenza	100.000	283	0	0	1	283	2328	2046	1.09e-147	523
853d86e4-d726-4d69-944e-f7d5ed948995	gb:HM370978|Organism:Influenza	94.897	1019	24	21	1	1008	1014	13	0.0	1568
31ba1669-d3a8-4720-8115-d7947c97b6f1	gb:HM370978|Organism:Influenza	98.904	1004	1	7	1	996	1014	13	0.0	1784
2686a179-24d3-4c96-884c-8c55bcbdafbf	gb:HM370979|Organism:Influenza	98.041	868	7	9	1	862	876	13	0.0	1500
c64d4710-2408-45b7-889e-1e898fd8f172	gb:HM370972|Organism:Influenza	85.106	282	29	11	6	277	2324	2046	3.30e-73	276
cb9925f0-03d3-49ca-b3aa-cde71b3c59b4	gb:HM370972|Organism:Influenza	97.173	283	4	3	1	279	2328	2046	3.06e-133	475
33932776-b452-476f-97eb-2ce04f2b4670	gb:HM370978|Organism:Influenza	95.431	985	19	18	12	973	33	1014	0.0	1546
aa8b95c4-052b-4971-ac90-4484faf848ab	gb:HM370978|Organism:Influenza	97.828	1013	10	10	1	1005	1014	6	0.0	1738
a15da609-fbb9-4d8f-add2-7513fde3f761	gb:HM370979|Organism:Influenza	97.583	869	7	11	1	859	877	13	0.0	1476
d82d8975-7bb2-4bc4-b958-2198f89941ac	gb:HM370978|Organism:Influenza	98.606	1004	6	7	1	998	1014	13	0.0	1770
d81f48dd-e0fe-433c-8ef5-70e47c0596db	gb:HM370966|Organism:Influenza	94.158	291	6	7	1	289	1939	2220	1.94e-120	433
22ca3a2c-088f-4008-a8cb-ab72448d68fe	gb:HM370972|Organism:Influenza	93.066	274	10	6	1	266	2328	2056	3.17e-108	392
cebf0469-ea27-4d8d-ad1b-59a17dfb6e99	gb:HM370979|Organism:Influenza	91.023	880	47	26	1	863	877	13	0.0	1158
45b2cc1e-6666-46d1-bc4e-e0ade8ead301	gb:HM370979|Organism:Influenza	94.171	875	23	21	1	857	13	877	0.0	1308
afb2cb23-c52c-4d34-a7d1-d44fd1192224	gb:HM370978|Organism:Influenza	96.931	1010	14	15	1	1001	13	1014	0.0	1677
f4c33162-4018-4a66-821a-c6b6e51b3b19	gb:CY185726|Organism:Influenza	92.958	284	10	6	1	276	2208	1927	4.02e-112	405
ef5d5e74-8b25-4356-9830-2fdadae4abe0	gb:HM370979|Organism:Influenza	95.125	882	12	21	3	857	889	12	0.0	1362
22eee061-7453-42a5-a1be-5cfe01f574d6	gb:HM370979|Organism:Influenza	93.736	878	31	18	1	858	12	885	0.0	1295
2fd1d089-f726-48b4-985d-a51a4554aef1	gb:HM370978|Organism:Influenza	94.567	994	14	24	13	972	27	1014	0.0	1500
a687cc81-81e0-4486-bd81-bbb058aa9f7b	gb:HM370978|Organism:Influenza	96.813	1004	17	12	1	991	1014	13	0.0	1663
bf8fd958-ca7a-49f3-882b-fabb2b0a787a	gb:HM370972|Organism:Influenza	98.246	285	2	3	1	284	2046	2328	2.39e-139	496
0eb42a53-777b-46ab-8d33-9193eea0e55a	gb:HM370978|Organism:Influenza	94.472	1013	29	19	1	997	13	1014	0.0	1535
4d8ae1b4-b0cf-4516-a328-11db93393ff8	gb:HM370972|Organism:Influenza	96.853	286	5	2	1	285	2046	2328	3.13e-133	475
b3c2a60d-6629-452d-88ba-c33b1d70fa3d	gb:HM370972|Organism:Influenza	96.491	285	4	4	1	281	2328	2046	1.85e-130	466
0ea9e6ba-2a1d-475b-9001-3debf474e6c1	gb:HM370966|Organism:Influenza	96.113	283	6	5	1	279	1939	2220	1.11e-127	457
82446cb0-a0c7-4232-827f-f8c1c119f9be	gb:HM370978|Organism:Influenza	99.213	1016	4	4	1	1013	1027	13	0.0	1829
27969796-6e6b-43a4-84c9-27129e240c44	gb:HM370979|Organism:Influenza	98.610	863	4	6	3	859	873	13	0.0	1520
64f080b3-9603-45c2-a819-85e21c20ba2d	gb:HM370972|Organism:Influenza	96.466	283	5	4	1	278	2328	2046	2.37e-129	462
4ee886b0-3827-449a-966a-567ca9109512	gb:HM370978|Organism:Influenza	96.223	1006	19	15	1	991	1014	13	0.0	1629
586b7653-75d5-4d8a-8f5e-18488f99373c	gb:HM370978|Organism:Influenza	94.444	990	30	20	20	995	36	1014	0.0	1500
ae26ccd4-ec52-4c3f-9adb-ba956bb86195	gb:HM370978|Organism:Influenza	97.219	1007	12	11	1	996	1014	13	0.0	1690
a43a7989-23ec-4676-b5f5-f6ead7bdeb56	gb:HM370978|Organism:Influenza	94.229	1005	29	25	2	982	15	1014	0.0	1507
e7eb001d-3197-4edb-b845-5a9b246b4362	gb:HM370978|Organism:Influenza	96.085	281	4	7	6	281	736	1014	5.19e-126	451
3606bd75-0aa2-4939-9347-39958cdf19f7	gb:HM370966|Organism:Influenza	96.454	282	4	3	1	276	1939	2220	8.46e-129	460
116c3dde-ba86-4c0a-bc8b-9d1023861efa	gb:HM370979|Organism:Influenza	96.921	877	8	15	1	870	877	13	0.0	1452
1330c14e-df09-4de9-a7a0-2b587b7febd2	gb:HM370978|Organism:Influenza	94.318	264	8	6	1	257	13	276	1.09e-109	398
1330c14e-df09-4de9-a7a0-2b587b7febd2	gb:HM370978|Organism:Influenza	80.392	204	15	22	249	431	203	4	1.22e-29	132
63bc63f4-e568-407d-83a3-33e7ead6d36b	gb:HM370966|Organism:Influenza	83.099	284	25	17	1	263	1939	2220	1.47e-61	237
4b83cbbc-a288-4876-9f70-0ca228b70119	gb:HM370979|Organism:Influenza	97.022	873	11	12	1	866	877	13	0.0	1454
86b03d90-33df-4072-942a-d170fe94584f	gb:HM370972|Organism:Influenza	96.154	286	5	6	1	283	2328	2046	2.42e-129	462
3566bd26-16f6-48e5-9f9b-4af1e9915386	gb:HM370972|Organism:Influenza	96.820	283	6	3	1	280	2046	2328	1.43e-131	470
61c3120d-e183-4617-a8f5-ac36d9bb8ead	gb:HM370979|Organism:Influenza	95.732	867	15	18	16	868	871	13	0.0	1376
bfc7b356-6f4f-4d32-b87a-f03469b5eab8	gb:HM370972|Organism:Influenza	99.231	260	1	1	1	259	2328	2069	5.20e-131	468
8000afa6-d7f2-4fe4-ae47-286a7766c08c	gb:HM370978|Organism:Influenza	94.083	1031	34	23	1	1021	1014	1	0.0	1541
160ac0f4-dd5c-4371-aa75-5d7fda0eb450	gb:HM370979|Organism:Influenza	87.528	890	52	42	1	856	13	877	0.0	974
ac7730d4-beb2-4d25-ac94-addc996d61e5	gb:HM370978|Organism:Influenza	98.121	1011	7	9	1	1008	1014	13	0.0	1751
74c0ddc4-9ae9-48aa-bc42-bc15cd2f08bb	gb:HM370966|Organism:Influenza	98.233	283	4	1	1	283	1939	2220	8.57e-139	494
69ee2d29-ff6f-4972-8bef-67196bd72675	gb:HM370972|Organism:Influenza	95.775	284	7	4	1	280	2046	2328	1.44e-126	453
aea55f46-2970-4473-ad3c-7a48ff06559e	gb:HM370966|Organism:Influenza	94.346	283	8	7	1	276	1939	2220	8.58e-119	427
a55c84f0-a78b-4b71-848e-4ef8cebfa89f	gb:HM370978|Organism:Influenza	89.744	1014	49	46	9	986	20	1014	0.0	1245
8606b638-35ec-4d21-b363-697d1368f1d3	gb:HM370978|Organism:Influenza	95.842	1010	22	17	1	998	1014	13	0.0	1615
8cec10be-c6ba-4b8c-8488-528d2a50ab00	gb:HM370972|Organism:Influenza	100.000	283	0	0	1	283	2328	2046	1.09e-147	523
26e0cf6f-0da7-4de9-9959-d48ad451b9df	gb:HM370978|Organism:Influenza	92.731	1018	38	24	1	998	13	1014	0.0	1437
0d7c49c5-1b08-4a10-973f-19e4fdbed99c	gb:HM370978|Organism:Influenza	98.704	1003	3	6	1	994	1014	13	0.0	1772
338277b6-61e0-4562-89ad-2d245cb5faff	gb:HM370972|Organism:Influenza	95.406	283	6	4	1	276	2046	2328	8.52e-124	444
a6fadd23-e06d-4d59-9cbb-eabfb9914048	gb:HM370978|Organism:Influenza	97.030	1010	15	12	3	1006	14	1014	0.0	1685
df01aa51-d41a-45fc-974c-2d9d53337bd3	gb:HM370972|Organism:Influenza	100.000	283	0	0	1	283	2046	2328	1.09e-147	523
67060bdd-4e69-44a3-8944-826c98fc5cd2	gb:HM370972|Organism:Influenza	97.288	295	5	2	5	299	2337	2046	7.01e-140	497
4a4450cc-bfe1-4ac0-aac2-db32e51ba1df	gb:HM370978|Organism:Influenza	95.862	1015	14	25	1	1000	1014	13	0.0	1616
5b496a83-9013-4410-bfbd-99954b055e62	gb:HM370978|Organism:Influenza	93.340	1021	32	33	1	1004	1014	13	0.0	1476
0b11d240-2dd8-4a6b-ab35-8b44c9f08c51	gb:HM370978|Organism:Influenza	95.472	1016	16	23	1	1000	1014	13	0.0	1594
c169417f-4d5d-4e23-9cfb-d588b321b0f2	gb:HM370972|Organism:Influenza	99.648	284	0	1	1	284	2328	2046	5.11e-146	518
e9fbee55-8838-40b3-a23f-6374ec13f8f2	gb:HM370978|Organism:Influenza	98.804	1003	9	3	1	1001	1014	13	0.0	1783
bca74b31-5f4b-4933-903a-189f20f8cbb0	gb:HM370978|Organism:Influenza	98.037	1019	7	8	1	1015	1014	5	0.0	1759
75aecc6d-7328-4f4e-9438-8483b22bf645	gb:HM370978|Organism:Influenza	99.501	1003	4	1	1	1003	13	1014	0.0	1823
f4c913c7-90bb-4647-b81a-f859a6dd026c	gb:HM370972|Organism:Influenza	99.648	284	0	1	1	284	2046	2328	5.11e-146	518
1b49af16-ae67-4a0f-bae2-064a4e46cb9c	gb:HM370966|Organism:Influenza	95.760	283	10	2	1	282	1939	2220	4.03e-127	455
41e134ee-57d9-48d5-9dd2-a7fe27542cb8	gb:HM370978|Organism:Influenza	94.288	1033	27	27	1	1019	1027	13	0.0	1552
e0c9fd26-1777-4e6a-89cc-770b6528b38a	gb:HM370978|Organism:Influenza	98.507	134	2	0	117	250	146	13	1.39e-61	237
e0c9fd26-1777-4e6a-89cc-770b6528b38a	gb:HM370978|Organism:Influenza	100.000	120	0	0	1	120	1014	895	3.90e-57	222
fbe38ced-1327-4b45-be41-f43eb57f6094	gb:HM370978|Organism:Influenza	97.512	1005	9	10	1	992	1014	13	0.0	1703
87d14c12-74df-4f28-8f8c-215edd1cae72	gb:HM370972|Organism:Influenza	97.183	284	4	4	1	281	2046	2328	8.57e-134	477
bc812418-1a96-4352-8923-da1d7912230c	gb:HM370972|Organism:Influenza	97.527	283	5	2	1	281	2046	2328	1.84e-135	483
2716b28d-92dd-4da3-be4a-e11539a7d42b	gb:HM370979|Organism:Influenza	97.175	885	11	12	1	878	13	890	0.0	1483
fe19e77e-dc4b-4ab3-ae84-4d2cba05363f	gb:HM370978|Organism:Influenza	95.631	1007	20	21	1	988	13	1014	0.0	1594
73d434a1-70f4-405b-9404-3db89df31b2d	gb:HM370972|Organism:Influenza	96.853	286	5	4	1	285	2328	2046	3.13e-133	475
d5238bd3-018c-4e47-8bbf-e70f6d3e8e06	gb:HM370966|Organism:Influenza	95.775	284	9	3	1	283	1939	2220	4.05e-127	455
42e75ad3-b676-4b21-a81f-5c109153d978	gb:HM370972|Organism:Influenza	84.466	309	14	24	7	300	2335	2046	1.29e-72	274
ca62b10f-fb07-45f3-bc33-a90cccb8e2a1	gb:HM370972|Organism:Influenza	98.571	280	1	2	6	284	2323	2046	3.10e-138	492
61e7c91c-8e30-4953-b99c-014cb7457545	gb:HM370979|Organism:Influenza	97.929	869	10	8	1	865	13	877	0.0	1498
9b15ce45-6bfd-4304-a62f-4b7f5958f73f	gb:HM370978|Organism:Influenza	97.626	1011	9	8	1	1005	1014	13	0.0	1720
f4760d30-d6dc-42e2-94f8-0ba9d711ba69	gb:HM370966|Organism:Influenza	96.831	284	5	4	1	283	1940	2220	4.02e-132	472
486dd138-d375-4d34-b8aa-badb8ef7363c	gb:HM370978|Organism:Influenza	96.215	1004	18	16	1	986	1014	13	0.0	1626
2293f0f1-672d-4747-832e-8ae9e51fddf9	gb:HM370978|Organism:Influenza	96.460	113	2	2	1	111	13	125	4.68e-46	185
2293f0f1-672d-4747-832e-8ae9e51fddf9	gb:HM370978|Organism:Influenza	82.645	121	7	8	124	231	895	1014	8.11e-19	95.3
acde4a78-86dd-471b-a405-48abcac9cbfc	gb:HM370966|Organism:Influenza	97.535	284	5	2	1	284	1939	2220	5.18e-136	484
1ef61ed1-1df7-4c12-b760-47acf737cddb	gb:HM370978|Organism:Influenza	90.883	1031	53	37	1	1006	13	1027	0.0	1345
2c476eaa-f636-4d16-97e2-f24b65572b25	gb:HM370972|Organism:Influenza	97.736	265	2	3	1	263	2046	2308	1.43e-126	453
cfd62d81-2afb-4957-b35d-1ee73db80eb2	gb:HM370979|Organism:Influenza	97.365	873	9	10	1	867	877	13	0.0	1472
83150233-1e62-43a8-a9eb-b6000bcced15	gb:HM370978|Organism:Influenza	98.408	1005	12	4	1	1004	1014	13	0.0	1764
87463fd2-f937-4903-9591-c2e8ecb7e511	gb:HM370979|Organism:Influenza	96.998	866	11	13	106	963	871	13	0.0	1441
d7ee5926-4302-405a-8cf8-ccf878eafd9a	gb:HM370972|Organism:Influenza	94.643	280	6	7	6	278	2323	2046	3.11e-118	425
fc97aaa8-6df1-4b97-9f09-efd264cc8732	gb:HM370978|Organism:Influenza	97.863	234	2	3	1	232	13	245	9.42e-111	401
fc97aaa8-6df1-4b97-9f09-efd264cc8732	gb:HM370978|Organism:Influenza	86.452	155	11	9	206	355	240	91	1.74e-38	161
cee15674-f223-4a52-9279-e3f17baa4c05	gb:HM370972|Organism:Influenza	97.153	281	3	5	4	280	2325	2046	1.43e-131	470
eb75e159-f641-4760-8b2e-b5806a5936a9	gb:HM370978|Organism:Influenza	97.428	1011	15	9	1	1009	13	1014	0.0	1712
4f1f6980-260c-4844-9b74-9a8a56522d7e	gb:HM370972|Organism:Influenza	96.454	282	2	7	1	275	2046	2326	3.06e-128	459
2c11914d-3c11-4bd1-a7b7-3a794220918a	gb:HM370979|Organism:Influenza	97.257	875	19	5	5	878	7	877	0.0	1478
d8a1bb8f-2108-45f4-ab12-e8fdaadd264d	gb:MH546994|Organism:Influenza	98.958	288	2	1	9	296	1922	2208	6.88e-145	514
e98e224c-d085-4526-9081-4be4827d4791	gb:HM370978|Organism:Influenza	94.705	1001	32	20	8	992	19	1014	0.0	1535
99f39c6b-c020-4646-8c64-74a9e1f84bba	gb:HM370966|Organism:Influenza	98.936	282	3	0	1	282	2220	1939	3.95e-142	505
7e2b29cd-c475-4115-af18-c087869ab165	gb:HM370979|Organism:Influenza	97.819	871	10	6	1	868	877	13	0.0	1495
ee05051a-6d25-4236-80f6-c5fc8091539b	gb:HM370979|Organism:Influenza	96.009	877	20	13	1	867	13	884	0.0	1411
2afc20c2-0d2b-4c38-bffc-9347a9c35dfc	gb:HM370978|Organism:Influenza	97.921	1010	9	11	1	1006	1014	13	0.0	1738
966e3feb-a22b-498f-8b14-3ae6c99937c8	gb:HM370966|Organism:Influenza	97.902	286	3	2	1	283	2220	1935	3.20e-138	492
66b7b29c-505a-484b-9a4e-9ce2ddf4f5a7	gb:HM370972|Organism:Influenza	97.959	294	2	3	5	294	2035	2328	1.15e-142	507
85f35fb4-d1e5-4164-b091-f0e848341d57	gb:HM370978|Organism:Influenza	96.514	1004	17	16	4	994	1011	13	0.0	1644
47434c90-424f-4789-b89c-9f6f716ae947	gb:KX978475|Organism:Influenza	85.895	1028	87	48	1	996	13	1014	0.0	1042
69f7f136-d8b5-44a7-ad7e-486f6fb1fa10	gb:HM370978|Organism:Influenza	97.517	1007	13	7	1	1000	1014	13	0.0	1711
a7c36582-de9e-48f0-9db9-996bfc1fce6f	gb:HM370966|Organism:Influenza	98.582	282	3	1	1	281	1939	2220	6.58e-140	497
166809db-fa2d-4612-ace4-4ed20c31602f	gb:HM370972|Organism:Influenza	96.466	283	6	4	1	279	2046	2328	6.62e-130	464
acd63d35-6b03-4586-8dc6-412973725489	gb:HM370978|Organism:Influenza	93.842	1023	35	25	1	1009	13	1021	0.0	1515
00aaa464-8271-4f77-b253-9c59701b18ac	gb:HM370972|Organism:Influenza	99.648	284	0	1	1	284	2328	2046	5.11e-146	518
dbc77a76-8d0c-47b5-8272-3a0bf3ea02f6	gb:HM370966|Organism:Influenza	96.466	283	5	5	1	279	1939	2220	2.38e-129	462
77eab50a-19b5-461c-b1e6-4613d9e61dcf	gb:HM370978|Organism:Influenza	96.922	1007	12	17	1	993	1014	13	0.0	1670
ce95c8c1-b283-450f-803d-3b5baea4e62b	gb:HM370972|Organism:Influenza	94.306	281	8	7	19	296	2053	2328	1.19e-117	424
3fad8d60-021f-4124-9bbc-5937d7cd03ac	gb:HM370966|Organism:Influenza	98.917	277	2	1	16	291	2215	1939	8.84e-139	494
ef481ffc-8acf-41fc-bdbf-07ca534ebb0b	gb:HM370978|Organism:Influenza	95.536	1008	29	15	1	998	1014	13	0.0	1598
181d91f5-c48c-4161-965a-930ac1e7b1ab	gb:HM370978|Organism:Influenza	98.805	1004	7	5	1	1001	1014	13	0.0	1783
28a77508-b721-4903-8d24-5c4eb059b093	gb:HM370978|Organism:Influenza	97.714	1006	10	12	1	997	1014	13	0.0	1718
3f9bd025-dbda-48a1-ad6f-705554753eba	gb:HM370978|Organism:Influenza	98.808	1007	3	8	5	1010	1011	13	0.0	1784
6efb7b76-3515-447e-9ef7-8bf2b5d33c61	gb:HM370966|Organism:Influenza	96.809	282	5	2	1	278	2220	1939	5.10e-131	468
6a697c3b-82e3-4ba8-93f3-6dcff7b6bee4	gb:HM370978|Organism:Influenza	97.143	1015	11	10	1	1010	1014	13	0.0	1698
3c630a69-445a-4b0f-bec0-f46b52a2bc2c	gb:HM370972|Organism:Influenza	96.540	289	7	3	9	295	2041	2328	3.25e-133	475
f5409c1b-6233-4610-b3e8-87d83f40bc3e	gb:HM370978|Organism:Influenza	97.605	1002	11	11	1	992	13	1011	0.0	1705
e2578b95-f22b-417f-8db0-cfc61e19e7fa	gb:HM370972|Organism:Influenza	95.423	284	6	5	1	278	2046	2328	2.39e-124	446
a1482d9c-a9e0-4e67-a7e6-01b8b0f39adc	gb:HM370978|Organism:Influenza	98.211	1006	10	8	1	1002	1014	13	0.0	1751
70b664ad-4d2a-4d77-a3a9-d92c0a34c5f6	gb:HM370972|Organism:Influenza	99.293	283	1	1	1	282	2328	2046	8.48e-144	510
6118bf54-3101-41b5-89a0-77bf0f0657f9	gb:HM370978|Organism:Influenza	98.509	1006	5	8	1	1000	13	1014	0.0	1766
26bbb6a5-fa90-4559-8073-83a2faabf99e	gb:HM370979|Organism:Influenza	96.882	866	16	7	1	856	13	877	0.0	1439
340293ff-24c7-4d3d-a28a-58c1177abaff	gb:HM370972|Organism:Influenza	100.000	283	0	0	1	283	2328	2046	1.09e-147	523
564f4030-e549-44f0-a959-ba2234b93129	gb:HM370978|Organism:Influenza	98.606	1004	5	9	1	997	13	1014	0.0	1768
4fa50bd5-4e53-43a6-a1ed-be4252ff68d9	gb:HM370978|Organism:Influenza	91.126	1048	35	43	1	1024	1014	1	0.0	1367
a1367c9d-13bd-4b64-af8d-de833e70079c	gb:HM370979|Organism:Influenza	95.402	870	22	11	1	857	13	877	0.0	1369
6fbe0930-84c3-499f-8d4e-07ff3f939439	gb:HM370978|Organism:Influenza	96.376	1021	11	22	1	1014	13	1014	0.0	1657
5ec7bd0d-737d-4c39-8efa-aed924018717	gb:HM370978|Organism:Influenza	95.455	1012	23	21	1	999	13	1014	0.0	1592
57f1c984-64d9-4e51-bdea-8fb76e750392	gb:HM370978|Organism:Influenza	95.837	1009	20	17	1	995	13	1013	0.0	1611
a043fcc2-eef9-4cce-a44e-6765f2227de4	gb:HM370972|Organism:Influenza	96.503	286	7	3	1	286	2328	2046	1.46e-131	470
30338d49-98e3-4132-a716-3ec5ad8be39a	gb:HM370979|Organism:Influenza	98.616	867	7	4	1	864	877	13	0.0	1530
ef140ed3-5a21-4902-ab79-da97e2b14396	gb:HM370978|Organism:Influenza	94.461	1011	26	22	1	990	1014	13	0.0	1530
12c43d79-293d-4b8d-9236-fd8f7f78719f	gb:HM370972|Organism:Influenza	98.233	283	4	1	1	282	2328	2046	8.54e-139	494
d8cd9cd9-469e-4b26-a763-96218cf2cfc0	gb:HM370966|Organism:Influenza	97.173	283	6	2	1	282	2220	1939	8.60e-134	477
83609d52-93c1-481f-80b4-a5d429e3f318	gb:HM370978|Organism:Influenza	98.606	1004	10	4	1	1002	1014	13	0.0	1773
6afe584e-198a-447c-a078-489685dcf9f4	gb:HM370978|Organism:Influenza	95.610	1025	22	14	1	1017	1014	5	0.0	1622
4a0eee3a-f14d-458d-b63a-4975432e8b96	gb:HM370979|Organism:Influenza	97.714	875	8	8	1	873	13	877	0.0	1495
b41adcd0-d7d2-4d4f-b98d-517ede502651	gb:HM370972|Organism:Influenza	96.842	285	6	3	1	284	2328	2046	1.12e-132	473
e260fd48-1ee0-46b8-91f2-249b1aa91c2a	gb:HM370978|Organism:Influenza	83.465	127	9	10	1	123	1014	896	1.09e-22	108
e260fd48-1ee0-46b8-91f2-249b1aa91c2a	gb:HM370978|Organism:Influenza	84.946	93	5	5	157	241	104	13	5.12e-16	86.1
47d9d23b-f60a-4aac-87a8-6e5281952950	gb:HM370972|Organism:Influenza	96.233	292	4	6	2	290	2328	2041	4.22e-132	472
f3df9d45-d012-4022-82a0-6682138c01ae	gb:HM370972|Organism:Influenza	95.775	284	8	3	1	281	2328	2046	4.01e-127	455
850208d0-dc2a-42c6-89af-3e3e532f7e0c	gb:HM370972|Organism:Influenza	97.193	285	4	4	1	283	2328	2046	2.40e-134	479
8acbe4e5-9f4c-4593-8cb6-56619a597e6c	gb:HM370978|Organism:Influenza	95.878	1019	22	18	1	1008	13	1022	0.0	1631
1001af10-324b-44c9-ac5c-45c3af7bbb2d	gb:HM370966|Organism:Influenza	93.993	283	11	5	1	278	2220	1939	1.12e-117	424
2820386c-1e80-4285-93f1-50647b187108	gb:HM370978|Organism:Influenza	97.065	1022	9	14	1	1009	1014	1	0.0	1701
02990fd6-70ec-4d47-91ab-7ff3efb49a31	gb:HM370979|Organism:Influenza	97.931	870	4	8	1	866	877	18	0.0	1495
0b68d5f1-4838-432d-a0a2-2fe9ce2f3a08	gb:HM370979|Organism:Influenza	93.541	867	27	19	16	858	862	1	0.0	1264
8bdbea1b-aebd-476c-b367-ef76d49134ca	gb:HM370979|Organism:Influenza	98.276	870	8	5	1	867	12	877	0.0	1517
37b311b9-abbb-41fc-8311-10a0b80be14e	gb:HM370978|Organism:Influenza	97.123	1008	13	15	1	998	13	1014	0.0	1687
442f4579-8d6f-4e42-a99f-fe1f5090204a	gb:HM370972|Organism:Influenza	95.088	285	4	8	1	277	2328	2046	1.11e-122	440
4653b84b-e265-46ed-bdfe-7fd8e80c1af1	gb:HM370979|Organism:Influenza	98.962	867	4	5	1	864	13	877	0.0	1546
10517962-3128-47e5-be4a-4c9ef9d75c2e	gb:HM370972|Organism:Influenza	99.296	284	1	1	1	284	2046	2328	2.38e-144	512
0dc379a6-3715-416c-ba17-b9a28314d847	gb:JN706699|Organism:Influenza	96.958	263	4	4	30	288	1958	2220	4.15e-122	438
53afdb5b-d350-477d-905c-712f5d7e279c	gb:HM370966|Organism:Influenza	90.690	290	17	9	9	294	1934	2217	9.42e-104	377
21b0f6e7-5209-4f4f-b8dd-f81c62801154	gb:HM370979|Organism:Influenza	97.816	870	10	7	1	866	877	13	0.0	1493
52451fbc-9834-4858-acad-6095f2d919ba	gb:HM370978|Organism:Influenza	94.910	1002	27	17	10	998	1003	13	0.0	1546
ae1f348c-7c98-4f96-901e-dd6546205d75	gb:HM370978|Organism:Influenza	98.213	1007	5	9	1	999	1014	13	0.0	1748
e23cd01c-5e2e-4034-b5e1-eaba3c4fe5af	gb:HM370978|Organism:Influenza	90.299	134	8	4	4	135	16	146	1.41e-41	171
e23cd01c-5e2e-4034-b5e1-eaba3c4fe5af	gb:HM370978|Organism:Influenza	92.623	122	1	7	132	247	895	1014	5.08e-41	169
aa952b4b-a106-4c3d-9f5e-b62c7ecd9ce7	gb:HM370979|Organism:Influenza	91.270	882	37	29	5	866	874	13	0.0	1166
51a103b8-0b6f-44d5-8a63-a5557eb2db28	gb:HM370978|Organism:Influenza	96.241	1011	16	17	1	998	13	1014	0.0	1637
71355c58-012b-4a86-8f87-2f82529c9167	gb:HM370972|Organism:Influenza	92.281	285	11	10	1	276	2046	2328	8.70e-109	394
f441e6bc-bea5-432b-ac7a-085f7aa976e4	gb:HM370966|Organism:Influenza	95.789	285	5	5	1	281	2220	1939	1.44e-126	453
d4281af7-2e6c-49e8-ac3d-5b3a6656c9bc	gb:HM370979|Organism:Influenza	92.571	875	32	26	1	852	13	877	0.0	1225
fe354422-b09c-4e45-b5b1-5185498a1241	gb:HM370972|Organism:Influenza	94.834	271	4	7	1	266	2328	2063	6.84e-115	414
3195e775-797c-45a0-8da1-8f980024c9a8	gb:HM370972|Organism:Influenza	96.864	287	5	1	1	287	2328	2046	8.77e-134	477
d1135a2c-960b-455a-88d3-3a61ee230ab3	gb:KX979174|Organism:Influenza	87.858	1013	85	33	1	986	1014	13	0.0	1155
58d4ec7f-4040-43c2-b3f0-f5e42a3f3e21	gb:HM370972|Organism:Influenza	99.298	285	0	1	1	285	2328	2046	6.63e-145	514
6d548de5-966d-41d6-84ff-dc65936700e5	gb:HM370979|Organism:Influenza	97.353	869	10	10	1	860	13	877	0.0	1465
9882da94-ed37-41bb-ad6a-4d8a2bd353c3	gb:HM370978|Organism:Influenza	90.566	1007	57	31	8	992	24	1014	0.0	1299
b9bfb520-362d-4fae-b1da-6ecfc03a2dfd	gb:HM370972|Organism:Influenza	96.842	285	5	4	1	283	2328	2046	1.12e-132	473
f5df76f4-8d16-4e03-a03d-f9681df7f344	gb:HM370979|Organism:Influenza	95.732	867	20	12	5	860	873	13	0.0	1380
31040651-b559-45df-9bea-cb2d7777544c	gb:HM370979|Organism:Influenza	95.444	878	21	16	1	872	877	13	0.0	1382
5f668ae2-5d76-45e0-a77f-c8e3963591c9	gb:HM370972|Organism:Influenza	96.861	223	5	2	1	221	2328	2106	4.05e-102	372
d03fdbb4-17df-4e1d-8632-0e898dd19aa5	gb:HM370979|Organism:Influenza	93.943	875	25	22	1	857	13	877	0.0	1297
9877e71b-02a0-472d-9302-73cd1e17c33b	gb:JN706699|Organism:Influenza	89.895	287	19	8	1	282	1939	2220	9.04e-99	361
bfbf5da1-4ba5-4e4b-8615-e69a6543cdc5	gb:HM370978|Organism:Influenza	97.908	1004	7	8	1	992	1014	13	0.0	1725
2275ae76-3abc-471e-93a9-e4233a761240	gb:HM370972|Organism:Influenza	98.239	284	3	2	1	283	2328	2046	2.38e-139	496
c7baadd5-2ab0-464a-8f77-50dcf72bd0a1	gb:HM370972|Organism:Influenza	97.880	283	0	1	1	277	2046	2328	5.04e-136	484
8f8a8587-f4cf-44cf-b776-7f3133cf4662	gb:HM370978|Organism:Influenza	97.123	1008	14	12	1	999	13	1014	0.0	1687
abdff979-6ccb-4afb-b668-61d60bc36823	gb:HM370972|Organism:Influenza	98.270	289	2	3	1	287	2328	2041	1.49e-141	503
6e4a55e5-47a4-4c31-b405-dd7130c168a3	gb:HM370978|Organism:Influenza	94.158	1010	29	23	1	988	13	1014	0.0	1511
ac1e3bb8-e5af-4488-b2d3-e97577a800fd	gb:HM370979|Organism:Influenza	97.803	865	8	7	1	854	13	877	0.0	1482
b3e84ce4-080f-4d49-b844-1fa47859bdc2	gb:HM370979|Organism:Influenza	93.493	876	28	22	1	858	13	877	0.0	1275
007ffef2-79cb-4390-a0d0-2f984e72d556	gb:HM370978|Organism:Influenza	97.410	1004	10	8	1	990	1014	13	0.0	1696
dff73c58-0353-4b6b-a046-f8a174d6e448	gb:HM370979|Organism:Influenza	98.964	869	3	5	1	867	877	13	0.0	1550
1bd93a05-2ad7-47c2-ac14-a9afc8883ffe	gb:HM370972|Organism:Influenza	99.647	283	0	1	1	282	2328	2046	1.82e-145	516
3c90e458-ca14-4c12-a903-f1f7f6f0af65	gb:HM370966|Organism:Influenza	97.865	281	4	2	16	294	1940	2220	5.38e-136	484
50bc0c5b-11e6-4a75-8ed5-ee075e58399d	gb:HM370978|Organism:Influenza	97.324	1009	16	10	1	1005	1014	13	0.0	1703
de1f881c-29a2-4adf-b0d1-c692ca5d34f4	gb:HM370972|Organism:Influenza	98.596	285	2	2	1	285	2046	2328	1.44e-141	503
0a1df12a-9965-408d-aa12-9088f039b892	gb:HM370978|Organism:Influenza	97.970	985	10	8	5	985	1011	33	0.0	1700
575ed578-ade5-49d5-ba7e-33612e0d0eb8	gb:HM370978|Organism:Influenza	95.648	1011	17	17	1	993	13	1014	0.0	1598
c517071c-eac8-4182-aeb6-c577c5440027	gb:HM370972|Organism:Influenza	94.386	285	7	6	1	278	2046	2328	2.40e-119	429
c028343f-206b-42b9-86f2-34b797c59b00	gb:HM370978|Organism:Influenza	97.445	274	5	2	1	272	1014	741	1.79e-130	466
83b9175f-4dc8-4828-b76c-69d09199a92b	gb:HM370979|Organism:Influenza	94.913	865	20	17	1	847	13	871	0.0	1332
b0453f19-f0c6-4c81-bf87-56e5dd63a1ed	gb:HM370972|Organism:Influenza	95.439	285	6	7	1	280	2046	2328	6.69e-125	448
8ac8c0e7-04d2-4df7-b619-4c203c826f89	gb:HM370966|Organism:Influenza	99.291	282	2	0	1	282	2220	1939	8.48e-144	510
825ab717-baef-4041-8566-49d55c60f660	gb:HM370966|Organism:Influenza	98.227	282	4	1	1	281	1939	2220	3.06e-138	492
ae460e3b-3c1f-43c5-977e-7431317efe0a	gb:HM370972|Organism:Influenza	98.239	284	3	2	1	283	2046	2328	2.38e-139	496
c10500f0-302c-4694-8bdc-0b82cc5895c8	gb:HM370972|Organism:Influenza	98.239	284	2	3	1	282	2046	2328	8.54e-139	494
171df8ab-66f8-45a5-8b4e-bb71a35edbf8	gb:GU052823|Organism:Influenza	89.012	992	79	23	1	968	1002	17	0.0	1201
9f6f35ab-cf3b-41b5-a54c-c3c17c4eb578	gb:HM370978|Organism:Influenza	97.129	1010	13	10	1	1002	13	1014	0.0	1690
23b8a694-29e4-486d-8226-4e896442f15f	gb:HM370966|Organism:Influenza	92.388	289	12	8	1	286	2220	1939	1.50e-111	403
8cd39513-611b-4d18-a176-5b05d5b59ee2	gb:HM370966|Organism:Influenza	98.582	282	2	1	1	280	2220	1939	6.55e-140	497
bce6fd18-0575-4048-9267-d0ee8509ec04	gb:HM370972|Organism:Influenza	96.000	300	6	6	1	298	2341	2046	1.96e-135	483
e94fd492-758d-481a-af77-951dff6e29c5	gb:HM370978|Organism:Influenza	96.285	1023	22	14	2	1017	1	1014	0.0	1664
fff807bb-c2fc-4ac2-b71a-c4ff6eb1ea9c	gb:HM370978|Organism:Influenza	98.804	1003	7	5	1	999	13	1014	0.0	1781
53b574a1-fe48-4bce-9030-b5ecff360745	gb:JN706699|Organism:Influenza	98.582	282	3	1	1	281	1939	2220	6.58e-140	497
46711f68-a9b4-4d31-a0bf-547c9ebb389e	gb:HM370978|Organism:Influenza	96.630	1009	11	18	1	993	13	1014	0.0	1653
df68fdd3-1704-410f-bf75-070560e8751c	gb:HM370979|Organism:Influenza	99.076	866	6	2	1	865	13	877	0.0	1554
1d589803-87d9-4bb5-bac5-ed88870825d9	gb:HM370966|Organism:Influenza	98.582	282	4	0	1	282	2220	1939	1.84e-140	499
58c0955a-9763-45e5-966c-60f53a81eb8d	gb:HM370972|Organism:Influenza	96.689	302	3	5	1	301	2046	2341	2.54e-139	496
c1bd57ef-9209-4331-9c54-f7ec40d3c5ac	gb:HM370978|Organism:Influenza	93.957	1026	30	27	1	1010	13	1022	0.0	1522
ed5c634c-b312-462c-86fc-f0cc2c1ad833	gb:HM370972|Organism:Influenza	98.592	284	0	3	1	281	2328	2046	1.83e-140	499
56dbe4c6-c33e-4164-a922-256693b43bf0	gb:HM370972|Organism:Influenza	97.251	291	4	4	99	388	2041	2328	1.56e-137	490
754a8711-9870-4ad2-a54f-7fd9429a9285	gb:HM370978|Organism:Influenza	98.411	1007	7	8	1	1003	1014	13	0.0	1762
f3440f0f-d70d-45d1-b1f4-c58cb323100c	gb:HM370978|Organism:Influenza	95.850	1012	19	19	1	999	13	1014	0.0	1615
c65a1b5a-32b5-405a-bc18-cb27d8fb3759	gb:HM370978|Organism:Influenza	96.333	1009	12	16	1	991	1014	13	0.0	1635
84855658-6934-4f59-b0af-a8e24ff3f589	gb:HM370966|Organism:Influenza	96.809	282	9	0	1	282	1939	2220	4.00e-132	472
fd6f6f10-8aa3-4eab-bb18-58a2e6eebebb	gb:HM370978|Organism:Influenza	97.313	1005	14	9	1	995	1014	13	0.0	1694
b7d9d208-2f66-4fa3-9cf4-76a5fbbca97a	gb:HM370978|Organism:Influenza	98.006	1003	11	8	4	1001	1011	13	0.0	1733
333b3d97-1b81-4ac1-890d-c104b4ebc841	gb:HM370966|Organism:Influenza	96.842	285	5	3	1	284	1939	2220	1.12e-132	473
c08571a1-8935-44d4-8ebd-9cbc89a1ad88	gb:HM370978|Organism:Influenza	89.339	1013	51	48	4	976	16	1011	0.0	1219
6f13b534-c394-4e05-b861-9f6fe4ac0770	gb:HM370978|Organism:Influenza	97.324	1009	11	15	1	1000	13	1014	0.0	1700
8ca7207b-210d-46fa-95e7-6e26f9333506	gb:CY179508|Organism:Influenza	85.965	285	27	10	1	283	729	1002	3.36e-78	292
2e794fdf-664e-4892-b582-2b51f2f4703d	gb:HM370978|Organism:Influenza	97.123	1008	15	10	1	1000	1014	13	0.0	1688
2bd2d33c-f04b-4f30-a64b-9907cda8b39b	gb:KX859392|Organism:Influenza	92.308	286	13	7	1	281	2220	1939	6.86e-110	398
f76ad884-5779-490e-9921-d39475a0b469	gb:HM370966|Organism:Influenza	97.872	282	5	1	13	294	1940	2220	1.50e-136	486
61df129a-af49-4c39-bed7-66157c1af5be	gb:HM370979|Organism:Influenza	98.731	867	5	4	1	863	877	13	0.0	1535
59066a2a-c65c-4bcf-ba74-428e946eb10f	gb:HM370979|Organism:Influenza	98.387	868	9	5	1	866	13	877	0.0	1520
af57e778-2f1a-4a50-87c5-da0a818a5f89	gb:HM370966|Organism:Influenza	98.616	289	2	2	9	297	1934	2220	8.94e-144	510
c49225ca-19e5-45aa-841d-f5fe63fb00ca	gb:HM370972|Organism:Influenza	95.608	296	5	5	1	293	2046	2336	5.50e-131	468
8de3ba53-fe92-4d3f-9d98-acd20277ee88	gb:HM370966|Organism:Influenza	96.786	280	7	2	17	295	1942	2220	1.96e-130	466
fa984b8b-545f-4b3f-80b8-4eacf17b924b	gb:MH546994|Organism:Influenza	97.527	283	6	1	1	283	1927	2208	1.86e-135	483
b32547e3-35c5-406c-8421-a125c79c9054	gb:HM370966|Organism:Influenza	93.898	295	10	6	1	289	2231	1939	4.17e-122	438
0be8a058-c6f3-4e0a-8d66-ef497fca5b8c	gb:KX978623|Organism:Influenza	92.542	295	10	8	1	288	1939	2228	2.57e-114	412
1abfe62c-8786-4a22-9edd-f548ee72215f	gb:HM370966|Organism:Influenza	92.632	285	10	10	1	277	1939	2220	1.88e-110	399
b2776e57-ce98-491d-b188-fe8617de632a	gb:HM370978|Organism:Influenza	98.903	1003	7	4	1	1000	1014	13	0.0	1788
7bd72aae-d40f-481c-9fee-99a50a903180	gb:HM370966|Organism:Influenza	94.138	290	6	8	2	289	1940	2220	6.98e-120	431
8d22149e-8705-41e2-96c3-baca3b17dd94	gb:HM370978|Organism:Influenza	98.902	1002	1	6	1	992	1014	13	0.0	1781
02e4c3a2-933c-4fa6-9e6b-32d2627067e0	gb:HM370966|Organism:Influenza	97.544	285	3	4	1	284	2220	1939	5.18e-136	484
5304e54d-ffa6-4603-bc4d-2926856486ee	gb:HM370978|Organism:Influenza	97.515	1006	19	6	1	1004	13	1014	0.0	1714
ffb5b70f-6e2d-48a4-907c-3c9b9a8fa4f8	gb:HM370972|Organism:Influenza	96.831	284	7	2	1	283	2046	2328	1.12e-132	473
dc350c5d-2377-43b0-8f24-3f60fbda455d	gb:HM370979|Organism:Influenza	91.330	842	37	28	1	816	13	844	0.0	1118
9aab44ce-64fa-460a-b008-53285a182aae	gb:HM370972|Organism:Influenza	99.647	283	0	1	1	282	2046	2328	1.82e-145	516
ebc60bba-5f36-4026-b2d4-1e7397a298a2	gb:HM370978|Organism:Influenza	93.634	1021	31	29	5	1002	5	1014	0.0	1495
b8b13971-77bd-4184-8e65-e439c459b009	gb:JN706699|Organism:Influenza	96.980	298	5	4	1	297	1939	2233	6.96e-140	497
62262a5a-6550-4e45-b8ee-a3c7ae90566f	gb:HM370972|Organism:Influenza	100.000	283	0	0	1	283	2328	2046	1.09e-147	523
fcadda3b-dd91-4d2d-a24f-360cd78272e8	gb:HM370978|Organism:Influenza	98.905	1005	7	3	1	1004	1014	13	0.0	1792
868c1491-de98-4624-a694-393537c55998	gb:HM370966|Organism:Influenza	92.203	295	11	8	4	289	2230	1939	1.18e-112	407
799b139d-182c-4cc2-a1e6-0c9da08164f6	gb:HM370979|Organism:Influenza	95.627	869	21	14	1	856	13	877	0.0	1378
ef2a297e-e875-4300-b682-c32eee47d97d	gb:HM370978|Organism:Influenza	96.912	1004	13	15	1	988	1014	13	0.0	1666
a5c434fd-f62d-48cf-8ac2-67d940ec3a66	gb:HM370972|Organism:Influenza	91.809	293	14	8	5	288	2337	2046	1.96e-110	399
217c8d43-7b09-434b-9818-1f59dcd863ef	gb:CY144570|Organism:Influenza	88.660	291	22	10	1	288	2316	2034	9.32e-94	344
209c5e88-b1ca-469b-aaf1-ee895a803de7	gb:HM370979|Organism:Influenza	97.957	881	7	9	2	875	1	877	0.0	1517
9a7c6afb-5dce-4a60-b660-d959437cb4f8	gb:HM370972|Organism:Influenza	98.601	286	1	1	1	286	2046	2328	1.44e-141	503
ae74bb8b-8c43-4699-b53a-ff13df6d3e18	gb:HM370979|Organism:Influenza	98.152	866	8	7	1	859	877	13	0.0	1504
4aed225e-492e-4b79-9d62-6a01ccb68970	gb:HM370979|Organism:Influenza	97.368	684	9	7	1	679	13	692	0.0	1155
4aed225e-492e-4b79-9d62-6a01ccb68970	gb:HM370979|Organism:Influenza	94.231	260	6	7	675	928	257	1	1.45e-106	388
c0254240-7120-4e20-9700-49a77fe81044	gb:HM370978|Organism:Influenza	98.604	1003	5	5	1	995	1014	13	0.0	1766
3db9afb0-ee9e-4054-a7fb-4fc606027597	gb:HM370979|Organism:Influenza	94.374	871	25	19	1	853	13	877	0.0	1315
09d4c8b7-a0da-4763-a882-ab7de9ac2710	gb:HM370966|Organism:Influenza	93.750	288	10	6	1	286	1939	2220	3.21e-118	425
01f3289a-e26a-45f0-ba54-a1c787628aee	gb:HM370972|Organism:Influenza	96.194	289	7	3	98	383	2041	2328	2.00e-131	470
df72e830-9caf-403d-b281-eaa511a801dc	gb:HM370978|Organism:Influenza	97.521	121	1	2	135	254	895	1014	3.99e-52	206
df72e830-9caf-403d-b281-eaa511a801dc	gb:HM370978|Organism:Influenza	97.345	113	1	1	28	138	34	146	1.12e-47	191
f9e8dc1b-9bbe-47aa-85f8-604530667c91	gb:KX978623|Organism:Influenza	92.414	290	10	8	1	286	1939	2220	1.50e-111	403
1842763d-d683-462a-82e9-e60657245c4d	gb:HM370978|Organism:Influenza	97.018	1006	13	15	1	993	13	1014	0.0	1676
73771244-13f2-4259-864e-8772723a0f18	gb:HM370966|Organism:Influenza	95.804	286	5	5	1	283	1939	2220	4.05e-127	455
1b8b601d-8e98-4704-bbda-8e8c272e2994	gb:HM370966|Organism:Influenza	98.587	283	3	1	1	283	1939	2220	1.84e-140	499
1b60d459-b004-4622-86ec-5aa883d385d0	gb:HM370978|Organism:Influenza	91.496	1023	51	31	1	1003	13	1019	0.0	1375
a54110b7-6062-498a-a9ea-907e38a2a1c0	gb:JN706699|Organism:Influenza	98.221	281	3	2	97	375	1940	2220	1.50e-137	490
71af89dd-dd40-40bb-928c-45fcc336d1c4	gb:HM370972|Organism:Influenza	100.000	283	0	0	1	283	2328	2046	1.09e-147	523
fa7028a2-8a6f-4fd7-a0d0-5cdb36c5ce81	gb:HM370972|Organism:Influenza	95.470	287	5	7	1	283	2328	2046	5.23e-126	451
dfef72b8-63f4-45b0-9a54-55a202a7b39f	gb:HM370978|Organism:Influenza	97.638	1016	9	11	99	1103	1024	13	0.0	1729
59be1917-ce1c-4d06-97e0-3b3d82e4c042	gb:HM370979|Organism:Influenza	98.619	869	5	6	1	866	13	877	0.0	1531
62a0b408-35ea-4573-9446-11e68ebaf657	gb:HM370978|Organism:Influenza	88.627	1020	59	41	11	1000	22	1014	0.0	1188
f345596b-717f-4c7f-9b32-8989709659f1	gb:HM370966|Organism:Influenza	93.684	285	11	6	1	281	1939	2220	1.46e-116	420
2f5294c7-2c99-448e-a435-db1724b33295	gb:HM370979|Organism:Influenza	94.376	889	20	23	1	870	890	13	0.0	1338
40ee5300-1d9d-4ff3-a370-fb69f40f4a20	gb:HM370966|Organism:Influenza	96.113	283	5	4	1	278	2220	1939	1.10e-127	457
6b8ce1bb-63df-49be-8c5d-93b5195b50b0	gb:HM370972|Organism:Influenza	98.233	283	3	2	1	281	2328	2046	8.51e-139	494
c85c701e-eb00-4059-8833-78cd420bf9da	gb:HM370972|Organism:Influenza	100.000	283	0	0	1	283	2328	2046	1.09e-147	523
927c6b78-b699-4981-9e9f-e0729b588fff	gb:HM370978|Organism:Influenza	96.640	1012	16	14	1	1004	13	1014	0.0	1664
2f24ca36-36b7-4836-be56-ac582204f4ed	gb:HM370966|Organism:Influenza	89.928	278	13	11	1	268	2220	1948	8.68e-94	344
3c483da5-f199-47db-8ab4-b2fe01e5e545	gb:HM370979|Organism:Influenza	97.796	862	8	10	5	859	870	13	0.0	1476
aca17f87-72a6-4fc8-8d79-703211a7f3c6	gb:HM370979|Organism:Influenza	97.575	866	9	7	1	855	13	877	0.0	1472
fb32ffa2-33d7-446c-a576-9bc9e017bc03	gb:JN706699|Organism:Influenza	95.156	289	11	2	107	395	1935	2220	2.08e-126	453
f090bb86-73d2-423f-8fc7-1b02f9b8f4b3	gb:HM370979|Organism:Influenza	95.752	871	19	14	1	858	12	877	0.0	1387
1a3eb1d2-388a-417f-858d-210ce26587a3	gb:CY103399|Organism:Influenza	90.941	287	15	8	14	296	1929	2208	3.39e-103	375
5ee13983-499b-4d60-aebc-4a3e43f41c99	gb:HM370978|Organism:Influenza	94.466	1012	20	25	30	1026	30	1020	0.0	1526
f081ead6-aa07-4908-b8a7-3335b656872d	gb:HM370972|Organism:Influenza	95.608	296	8	4	5	299	2337	2046	1.53e-131	470
63a4285d-b7a1-4891-8729-f8c62bedc741	gb:HM370979|Organism:Influenza	98.041	868	5	11	1	859	877	13	0.0	1498
f58d83d5-cbb9-4e65-a230-3a882a45a986	gb:HM370978|Organism:Influenza	96.644	1013	14	16	1	1004	13	1014	0.0	1664
96b8d8ae-7750-41dd-b622-bc5ee5b95d5a	gb:HM370978|Organism:Influenza	97.815	1007	7	15	1	997	1014	13	0.0	1724
421637ff-a01b-431e-8c13-7f464291d386	gb:HM370978|Organism:Influenza	96.639	119	3	1	1	118	1014	896	1.18e-49	196
923f48a5-4ff0-4238-bd3a-e486eb8aba94	gb:HM370978|Organism:Influenza	90.864	1018	51	28	5	990	1021	14	0.0	1327
9a3aa727-1b93-46ba-bc77-fdc96fa476f4	gb:HM370972|Organism:Influenza	98.233	283	5	0	1	283	2046	2328	2.38e-139	496
b0248f82-e02e-4c46-acda-d66c2a5fb09a	gb:HM370966|Organism:Influenza	91.197	284	16	7	1	277	1939	2220	8.80e-104	377
1cd6e555-cdbe-4fdf-a7e6-cfdfacd1cdfb	gb:HM370978|Organism:Influenza	97.410	1004	14	12	3	997	14	1014	0.0	1700
3e36246d-ea82-4f8e-b52e-c9e8b46836da	gb:HM370979|Organism:Influenza	94.622	874	25	19	1	861	877	13	0.0	1334
ab900c49-eca4-4e55-ad58-262bf36a7d53	gb:HM370966|Organism:Influenza	95.745	282	8	3	1	278	2220	1939	5.13e-126	451
314068ce-aa99-4351-bb1c-a8cd377b6ebf	gb:HM370978|Organism:Influenza	96.943	1014	15	10	1	1010	1014	13	0.0	1687
0edc6bbe-4bd3-42a9-b6aa-c59bca2194a0	gb:HM370979|Organism:Influenza	90.779	911	32	34	4	901	887	16	0.0	1170
b56108d9-c9d6-4f69-a4ed-d876a1ae4ef3	gb:HM370972|Organism:Influenza	98.951	286	0	3	1	286	2328	2046	3.10e-143	508
b2cbfdf7-3c07-4f0f-9948-e2b2d9f2c647	gb:HM370978|Organism:Influenza	93.892	1015	38	22	96	1098	1015	13	0.0	1509
7055703a-3d68-43ae-844d-b4feb0959fec	gb:HM370979|Organism:Influenza	97.011	870	12	10	1	861	877	13	0.0	1450
4b9847e9-dae0-4094-b0a4-6f0660e17ff6	gb:HM370972|Organism:Influenza	96.491	285	1	8	1	278	2328	2046	2.37e-129	462
61118cca-e53f-43d1-b635-3d0e382a3e2a	gb:JN706699|Organism:Influenza	97.849	279	2	3	9	284	1943	2220	2.41e-134	479
af3ce843-9bec-4c9d-b251-ce08aa57bbef	gb:HM370979|Organism:Influenza	98.960	865	1	7	1	857	877	13	0.0	1541
18798081-7134-4876-ac7b-98ab6a3c0c02	gb:HM370978|Organism:Influenza	96.565	1019	13	17	1	1006	13	1022	0.0	1668
7417c1cc-343d-4413-b226-045148e5abee	gb:HM370978|Organism:Influenza	98.513	1009	3	4	1	1004	1014	13	0.0	1770
0c1284fd-6346-4183-917e-c3058dd10ca6	gb:HM370978|Organism:Influenza	97.012	1004	18	11	1	994	1014	13	0.0	1677
200906d9-e804-4cd9-96c3-0063cdaad668	gb:HM370978|Organism:Influenza	96.683	1025	15	14	6	1025	1023	13	0.0	1687
cb2d6673-cd7b-47aa-a9af-74e5354826de	gb:HM370978|Organism:Influenza	94.257	1010	34	21	1	994	13	1014	0.0	1522
83a449ea-e183-464d-9979-750380c6913a	gb:HM370979|Organism:Influenza	94.514	875	23	21	1	860	13	877	0.0	1327
6ba47a93-2d59-4984-be1a-c74cfe9b37a3	gb:HM370966|Organism:Influenza	96.454	282	8	2	1	280	2220	1939	6.64e-130	464
b16c8abb-317f-4d64-8e94-a4448a47fe5c	gb:JN706699|Organism:Influenza	92.086	278	11	10	14	282	1945	2220	6.94e-105	381
3be25305-c860-4951-b90e-8b4bdb9a9979	gb:HM370978|Organism:Influenza	99.102	1002	2	3	1	995	1014	13	0.0	1794
52b23514-4626-4f79-8574-d16f3c094ec4	gb:HM370978|Organism:Influenza	97.132	1011	16	10	1	1007	1014	13	0.0	1694
bdca3858-d032-4c60-8700-b2d49b8d4e7e	gb:HM370978|Organism:Influenza	95.639	1009	21	15	1	993	1014	13	0.0	1598
ee0d9cb8-28f7-46c2-9660-33c3e1f7c0f5	gb:HM370972|Organism:Influenza	92.933	283	7	12	1	277	2328	2053	1.95e-110	399
59d92be2-57a2-4728-8346-b12eedcec33c	gb:HM370978|Organism:Influenza	99.008	1008	2	8	1	1006	1014	13	0.0	1799
7d2f1068-9f8f-4f8c-be34-7f6de8189343	gb:HM370966|Organism:Influenza	89.547	287	20	7	8	289	2220	1939	4.32e-97	355
3f8b32f8-70f8-49f1-ad33-f3c7c2271d96	gb:HM370978|Organism:Influenza	93.504	1016	33	27	1	990	1014	6	0.0	1480
0785803c-e7d9-4e00-865b-02c3beb52548	gb:HM370979|Organism:Influenza	92.334	874	40	26	5	865	872	13	0.0	1218
49a2816e-5666-4390-b4f8-579f19917c74	gb:HM370978|Organism:Influenza	97.923	1011	10	9	3	1003	1022	13	0.0	1740
76c093cb-0de4-425e-9711-b5fe40b24747	gb:HM370978|Organism:Influenza	98.211	1006	10	7	1	1002	1014	13	0.0	1751
e17b50a2-a16b-4bbf-9d0c-24cdd4240cab	gb:CY126513|Organism:Influenza	94.545	275	7	6	1	271	2314	2044	5.37e-116	418
33934a46-21c4-42de-a14c-1ffcc6ff7294	gb:HM370966|Organism:Influenza	97.163	282	8	0	1	282	2220	1939	9.04e-134	477
c612003d-39ee-40e8-8f2f-2801292eba0b	gb:HM370966|Organism:Influenza	94.425	287	2	8	1	278	1939	2220	2.40e-119	429
9a5eaf74-78af-451a-b581-0836153131d2	gb:HM370978|Organism:Influenza	97.214	1005	11	11	1	991	13	1014	0.0	1685
19648b3d-2fea-41d3-b670-334b35d4b2f7	gb:HM370966|Organism:Influenza	96.831	284	6	3	1	283	2220	1939	4.05e-132	472
84e73d03-c9a1-4c07-a006-aec5399af19c	gb:HM370978|Organism:Influenza	98.408	1005	5	9	1	997	1014	13	0.0	1757
1123352d-bbd2-4e2f-b32d-b83315be6c9e	gb:HM370972|Organism:Influenza	98.233	283	2	3	1	280	2046	2328	3.05e-138	492
807f17b4-5069-4cf3-a437-5ddad08ebbf8	gb:HM370978|Organism:Influenza	95.437	1008	18	21	1	989	1014	16	0.0	1581
bcf86b82-58e5-4d43-bd6b-456d8799b73f	gb:HM370972|Organism:Influenza	97.183	284	6	2	1	283	2328	2046	2.40e-134	479
863e9bc7-8a5e-4b2b-9ec2-d93b17c43848	gb:HM370978|Organism:Influenza	98.910	1009	2	7	1	1007	1014	13	0.0	1794
3f08576f-3075-46bd-ac66-224a13745cd4	gb:HM370972|Organism:Influenza	95.070	284	6	5	1	277	2046	2328	1.11e-122	440
3c068a4b-c85a-4056-8914-a705b97837c4	gb:HM370966|Organism:Influenza	93.750	288	7	10	1	283	2220	1939	4.10e-117	422
fae747d6-f9f6-4767-a6b4-cb67d8725617	gb:HM370979|Organism:Influenza	96.412	864	16	14	1	856	877	21	0.0	1410
6c7a7271-4bcd-4d61-95a8-8d560d1a7f2a	gb:HM370972|Organism:Influenza	97.535	284	0	4	1	278	2046	2328	2.35e-134	479
4d4ee424-4ac3-4a6d-b239-41fc83c0c040	gb:HM370972|Organism:Influenza	90.845	284	14	11	6	283	2337	2060	1.59e-101	370
129bdf33-1a7c-4119-9a1a-de44d8e3b22a	gb:HM370972|Organism:Influenza	96.113	283	7	4	1	279	2046	2328	3.08e-128	459
7a9c451c-f11d-4eba-9280-7e6c55fa06dd	gb:HM370966|Organism:Influenza	95.406	283	10	3	1	281	1939	2220	6.72e-125	448
6dae5ac6-2f7a-4e70-ba26-e0aa7653d4dc	gb:HM370966|Organism:Influenza	98.587	283	3	1	1	283	2220	1939	1.84e-140	499
1021dd50-2efc-4ef9-ac3c-ba7d01b74f5d	gb:HM370979|Organism:Influenza	98.387	868	1	7	1	858	13	877	0.0	1513
9f60ff40-668e-4d69-ba31-ab2aa57f2b5e	gb:HM370978|Organism:Influenza	98.211	1006	11	7	1	1003	13	1014	0.0	1751
b356e7b8-5b5e-40ed-ab1a-dbc144cbad93	gb:HM370966|Organism:Influenza	91.289	287	13	8	115	397	2217	1939	1.00e-104	381
c20fd831-95a1-4b39-8591-8c3977a65f63	gb:HM370979|Organism:Influenza	89.480	884	51	35	2	856	1	871	0.0	1079
c39f96aa-8578-4d0e-a1f2-42779a5256e2	gb:HM370966|Organism:Influenza	98.936	282	3	0	1	282	2220	1939	4.16e-142	505
1f899587-254f-499c-9161-401d5cfe773c	gb:HM370979|Organism:Influenza	98.618	868	6	4	1	864	12	877	0.0	1531
e5841465-c05a-4a37-80ed-b24c96a0de29	gb:HM370979|Organism:Influenza	95.052	869	27	15	17	878	872	13	0.0	1352
96b8f406-5749-467b-a27c-14714d23256a	gb:HM370972|Organism:Influenza	95.789	285	6	6	1	281	2328	2046	4.01e-127	455
e4c0d42a-81ec-4d51-ae94-15b2d7675781	gb:HM370978|Organism:Influenza	97.112	1004	17	11	1	994	13	1014	0.0	1683
668c6425-9d1b-4bfd-9f53-ad97e0bea235	gb:HM370972|Organism:Influenza	97.288	295	0	7	3	293	2336	2046	8.91e-139	494
6ca4f0ac-f515-4a43-97dc-8cf25edb27e9	gb:HM370979|Organism:Influenza	97.465	868	9	10	1	858	13	877	0.0	1469
1662ec99-1bca-42d4-b05d-8e2cb698ef3c	gb:HM370978|Organism:Influenza	98.705	1004	7	6	1	1000	1014	13	0.0	1777
39fed11d-f6bd-4343-81f8-17403ae6c009	gb:HM370972|Organism:Influenza	95.502	289	6	6	1	288	2328	2046	4.12e-127	455
b00df46e-41d3-4966-89b1-508a05bbf665	gb:HM370979|Organism:Influenza	94.839	872	27	16	1	861	12	876	0.0	1345
a89371fa-552f-4b27-8756-a585c65ea051	gb:HM370966|Organism:Influenza	96.809	282	6	3	1	279	1939	2220	5.12e-131	468
5c489374-05b7-4b55-bc9f-129e4c49e56e	gb:HM370978|Organism:Influenza	93.229	1019	26	34	1	993	1014	13	0.0	1459
97594d06-db9e-4cce-bfb2-6d02f8dec0f4	gb:HM370979|Organism:Influenza	98.143	377	5	2	1	377	13	387	0.0	656
97594d06-db9e-4cce-bfb2-6d02f8dec0f4	gb:HM370979|Organism:Influenza	90.881	329	9	14	383	693	326	1	1.17e-116	422
231ba976-e5d6-4899-9a3b-adaf92e1702a	gb:HM370978|Organism:Influenza	93.429	350	12	10	1	340	13	361	5.31e-143	508
231ba976-e5d6-4899-9a3b-adaf92e1702a	gb:HM370978|Organism:Influenza	100.000	82	0	0	335	416	82	1	1.03e-35	152
00dfe5c9-d8e9-4427-8d8a-f919aaff03ec	gb:HM370978|Organism:Influenza	98.604	1003	8	6	1	998	13	1014	0.0	1770
b89d1736-fd0a-4c25-8618-2019ec481247	gb:HM370979|Organism:Influenza	97.814	869	9	9	1	863	13	877	0.0	1491
143bebe7-fb3f-47fd-9b23-e8db2fd648b1	gb:HM370966|Organism:Influenza	97.880	283	5	1	1	283	2220	1939	3.99e-137	488
22a250f6-7514-4c87-9211-5df6b8bb88e1	gb:HM370978|Organism:Influenza	93.016	1031	41	24	4	1022	1024	13	0.0	1476
3412573c-cb52-462c-b9f2-479c05f396b7	gb:HM370972|Organism:Influenza	98.940	283	1	2	1	281	2328	2046	3.93e-142	505
8441bc6f-2b5e-4a66-9989-767d1554fd07	gb:HM370979|Organism:Influenza	98.616	867	7	5	1	864	877	13	0.0	1530
3fa9203f-75f8-48dd-8eb0-d29df590b7ac	gb:HM370972|Organism:Influenza	97.183	284	4	3	1	281	2328	2046	8.57e-134	477
e409950a-7c86-431f-ac1c-a4204faa7a6f	gb:HM370978|Organism:Influenza	97.718	1008	12	10	1	1003	13	1014	0.0	1724
4c1c940a-6906-46e5-9ed6-e52db855ae73	gb:JN706699|Organism:Influenza	92.784	291	11	8	101	386	1935	2220	3.44e-114	412
19c1125f-68b0-435f-a078-55a3fcb48a80	gb:HM370979|Organism:Influenza	96.536	866	14	10	1	851	13	877	0.0	1419
236c4220-3f11-4690-a266-f0943a16fd70	gb:HM370972|Organism:Influenza	100.000	283	0	0	1	283	2046	2328	1.09e-147	523
d2a4aa57-26df-48d2-bf93-f50065f5c61d	gb:HM370972|Organism:Influenza	96.886	289	3	3	1	289	2046	2328	2.46e-134	479
67cc958c-f236-4968-8ed6-a211e38a69d7	gb:HM370978|Organism:Influenza	97.813	1006	10	8	1	998	1014	13	0.0	1725
657b59c3-28c3-4fa0-9f65-faf89fd4ef93	gb:HM370966|Organism:Influenza	89.825	285	18	6	1	277	1939	2220	4.12e-97	355
6b65268a-2837-4aef-9002-79478029eac1	gb:HM370966|Organism:Influenza	94.700	283	6	5	1	275	2220	1939	6.61e-120	431
62c06726-0c62-4935-8f62-22fce5ede546	gb:HM370978|Organism:Influenza	97.233	1012	9	12	1	1003	13	1014	0.0	1696
0200cb07-0058-48b4-82d9-c926176806ed	gb:HM370978|Organism:Influenza	94.210	1019	26	29	4	996	1024	13	0.0	1524
370636b0-20a9-429b-bebd-d7a7fdf551fe	gb:HM370978|Organism:Influenza	96.347	1013	13	21	1	1000	13	1014	0.0	1644
b7ccdc5d-af02-4e28-8412-f6de84e9496e	gb:HM370979|Organism:Influenza	98.393	871	5	7	1	868	877	13	0.0	1522
7972e50f-fc41-40ab-aa9b-c2b556f16956	gb:HM370978|Organism:Influenza	98.706	1005	6	7	1	1001	1014	13	0.0	1777
2e51b207-26a8-4cf1-a808-6fb813cc41c9	gb:HM370979|Organism:Influenza	96.871	863	10	10	12	860	872	13	0.0	1428
0d777898-d81a-4533-a11e-bfc569c6d674	gb:HM370972|Organism:Influenza	98.233	283	3	2	1	281	2046	2328	8.51e-139	494
3f1f65cd-dab4-4cf1-9846-d1378c88091f	gb:HM370972|Organism:Influenza	93.993	283	11	5	1	277	2046	2328	1.11e-117	424
63cafccb-033c-41c5-b9c0-454a5f7f1d9c	gb:HM370972|Organism:Influenza	89.706	272	10	15	25	282	2061	2328	7.09e-90	331
6e77a79c-bd25-46c9-bc24-160af0311a83	gb:HM370978|Organism:Influenza	90.345	1015	45	40	1	975	1014	13	0.0	1282
4e349137-4040-452f-b123-8acd2e5e1381	gb:HM370966|Organism:Influenza	98.592	284	2	2	1	284	2220	1939	5.14e-141	501
00bacf04-6ca6-4830-964d-4c0caa84f458	gb:HM370979|Organism:Influenza	95.747	870	22	11	1	860	13	877	0.0	1387
b264044b-2d13-423e-87ab-6b3b09cb0578	gb:HM370979|Organism:Influenza	97.933	871	9	7	1	868	877	13	0.0	1500
05992bce-c2b8-4b4f-8949-27cdba2a851b	gb:HM370978|Organism:Influenza	90.278	1008	41	39	1	979	13	992	0.0	1266
9378fe17-5e7b-4545-94ca-58ce65c8666a	gb:HM370979|Organism:Influenza	96.636	862	16	9	5	857	872	15	0.0	1419
87ac6d40-2b3d-43fc-9983-2d220b6f3ad8	gb:HM370978|Organism:Influenza	94.853	136	5	2	1	136	13	146	7.57e-54	211
87ac6d40-2b3d-43fc-9983-2d220b6f3ad8	gb:HM370978|Organism:Influenza	96.703	91	2	1	133	222	895	985	1.67e-35	150
f8db2576-6133-4d2f-afde-16cebb146848	gb:CY130127|Organism:Influenza	82.200	1000	112	52	10	984	10	968	0.0	800
8fb90de3-62b9-411a-80f5-5f9b5f56dc21	gb:HM370978|Organism:Influenza	98.033	1017	10	8	4	1015	1024	13	0.0	1759
36495de9-10de-4b18-bea8-ddbd44ba9291	gb:HM370978|Organism:Influenza	96.264	1017	17	20	1	1011	13	1014	0.0	1648
947b1103-521d-4f87-bca0-af67b91d515c	gb:HM370978|Organism:Influenza	97.117	1006	16	12	1	997	13	1014	0.0	1685
684b66fd-316c-4e5c-bf4a-afc1fbdecc20	gb:HM370978|Organism:Influenza	96.627	1008	19	14	1	999	13	1014	0.0	1659
04b9789c-ca90-44c5-9622-7cd53ae50a38	gb:HM370979|Organism:Influenza	92.833	879	25	31	1	855	13	877	0.0	1240
d20de510-df78-42dd-b9c4-e0240f24c8e9	gb:HM370972|Organism:Influenza	89.860	286	15	8	1	275	2046	2328	4.09e-97	355
f218a91b-ed1d-40a8-a1d5-d65574413a62	gb:HM370972|Organism:Influenza	89.199	287	18	8	1	285	2046	2321	3.42e-94	346
fe7efd54-d83a-48b8-9ec3-98a402e6940c	gb:HM370979|Organism:Influenza	97.798	863	7	10	1	854	13	872	0.0	1478
947541f7-7394-4ad4-8ba4-f4721ece9595	gb:HM370978|Organism:Influenza	96.733	1010	19	11	1	1004	13	1014	0.0	1670
906790ce-41e7-43fc-9663-93313b2c4baf	gb:HM370978|Organism:Influenza	98.904	1004	8	3	1	1003	13	1014	0.0	1790
eff09c7e-d94a-4f30-a40f-f364d871f713	gb:HM370979|Organism:Influenza	98.286	875	11	4	1	873	877	5	0.0	1530
932fddc8-27ec-4cbb-b72a-5509327b68bc	gb:HM370972|Organism:Influenza	99.647	283	1	0	1	283	2328	2046	5.09e-146	518
33fd2d87-0fed-48bf-829f-c515e7ffd719	gb:HM370978|Organism:Influenza	91.980	1010	40	32	1	977	13	1014	0.0	1378
f292b55d-dae5-4066-8c3b-e6be89db3b23	gb:HM370978|Organism:Influenza	96.524	1007	21	12	1	998	1014	13	0.0	1653
a73edf5f-8c8c-45a7-9cba-cd8465bc404f	gb:HM370972|Organism:Influenza	96.992	266	2	5	1	262	2046	2309	3.17e-123	442
1c6367fa-34c1-47cf-9ea8-ded9117b03f9	gb:HM370978|Organism:Influenza	96.545	1013	16	18	1	1005	13	1014	0.0	1659
d01c08a0-a3ff-4db5-936a-b0a4a925af58	gb:HM370978|Organism:Influenza	97.428	1011	14	8	1	1008	13	1014	0.0	1712
b84ec861-6a66-4c4a-8c7f-97a19b2da3ab	gb:HM370978|Organism:Influenza	98.712	1009	2	11	1	1005	13	1014	0.0	1781
eb6ce5b8-2f0b-4ddc-b966-5e6398adc368	gb:HM370979|Organism:Influenza	96.544	868	10	12	1	851	13	877	0.0	1419
70724c64-40b6-40be-b217-30a65b07ce88	gb:HM370966|Organism:Influenza	93.684	285	7	8	1	277	2220	1939	1.86e-115	416
2d6932d6-a94b-4fe4-9a14-ec1c0c6cb8c2	gb:HM370979|Organism:Influenza	90.090	888	44	33	1	867	13	877	0.0	1112
aaf33a40-8b7e-4897-bd91-9eb8b947f419	gb:HM370978|Organism:Influenza	98.014	1007	9	10	1	1001	13	1014	0.0	1738
f51ff1ff-e58e-4b85-979a-912ec3571bbb	gb:HM370978|Organism:Influenza	97.908	1004	10	7	1	995	1014	13	0.0	1727
1799fe31-0df7-4770-8b1c-3f42d958b602	gb:HM370966|Organism:Influenza	96.875	288	4	4	9	292	1934	2220	8.94e-134	477
85622eda-53ec-4665-aacb-89e8651dfd4f	gb:CY203846|Organism:Influenza	95.000	120	1	3	129	243	883	1002	1.78e-45	183
85622eda-53ec-4665-aacb-89e8651dfd4f	gb:CY203846|Organism:Influenza	87.500	136	11	5	1	132	1	134	5.02e-36	152
e8fedac9-344e-41c8-b9c5-1559b5f87a4f	gb:HM370979|Organism:Influenza	97.926	868	10	6	1	863	877	13	0.0	1496
bd05af5a-0941-4494-8eea-a75b40ceef77	gb:HM370978|Organism:Influenza	94.659	1011	27	20	1	993	1014	13	0.0	1543
f57573a2-d0e9-4183-a67b-88dbbf60f566	gb:HM370979|Organism:Influenza	97.136	873	13	8	1	869	877	13	0.0	1463
9e573267-e3e9-48bd-beba-266ed300a605	gb:HM370978|Organism:Influenza	93.565	979	27	27	6	951	1022	47	0.0	1426
a41b1981-5ce9-4a89-9d82-d1fc1d3af9e9	gb:HM370966|Organism:Influenza	96.751	277	3	3	111	382	2214	1939	1.55e-127	457
1c9adade-17bc-47c0-ac66-e87cecf96915	gb:CY004581|Organism:Influenza	92.884	267	7	11	29	287	1958	2220	9.15e-104	377
14faf6ef-321a-46ce-a841-6ad403314f24	gb:HM370979|Organism:Influenza	97.693	867	13	6	1	862	13	877	0.0	1483
7fba8750-4e13-4f3f-9011-81d968193da1	gb:HM370966|Organism:Influenza	92.580	283	11	8	1	274	2220	1939	6.67e-110	398
a48dda13-22bb-45ab-b749-29b706759ef2	gb:HM370978|Organism:Influenza	96.364	275	3	5	1	269	1014	741	2.30e-124	446
e0c1ffab-5542-41d2-97f2-f7229a1d2981	gb:HM370966|Organism:Influenza	93.357	286	9	8	1	280	1939	2220	6.79e-115	414
d4a85451-9484-4654-9ab1-b04ea48c01e6	gb:HM370972|Organism:Influenza	97.535	284	4	2	1	282	2328	2046	1.85e-135	483
29410783-444e-4340-9f8a-8f10dce35fc4	gb:HM370972|Organism:Influenza	98.587	283	1	2	1	280	2046	2328	6.55e-140	497
c1338b11-48c9-4e09-8460-fdcaf181fcbc	gb:HM370972|Organism:Influenza	93.929	280	9	7	1	274	2046	2323	1.87e-115	416
d4fbfe09-05e5-42b8-b5ba-af8e1f46f43c	gb:HM370979|Organism:Influenza	94.312	879	15	18	1	858	13	877	0.0	1314
3bfe4e33-acfc-444f-ab9e-0f08dda82b92	gb:HM370978|Organism:Influenza	93.781	1013	17	31	12	998	22	1014	0.0	1480
87d11317-6126-48a1-ad70-18c57887dcf3	gb:HM370978|Organism:Influenza	95.342	1009	20	21	1	989	1014	13	0.0	1578
2c0e90b6-b7d1-4d14-952b-659bbc84b58a	gb:HM370978|Organism:Influenza	98.008	1004	10	8	1	996	13	1014	0.0	1735
