77385c6c-2583-4709-83e0-04ce3bb8ad9a	gb:HM370972|Organism:Influenza	99.625	267	1	0	1	267	2328	2062	4.00e-137	488
3875f595-9a55-45eb-972a-122483027c53	gb:HM370972|Organism:Influenza	97.010	301	3	5	1	300	2046	2341	5.44e-141	501
ad52a864-d9ac-40be-9303-7623d907c2bc	gb:HM370972|Organism:Influenza	100.000	283	0	0	1	283	2046	2328	1.09e-147	523
9ecb09f9-83e0-422d-893b-e9c1556d8247	gb:HM370979|Organism:Influenza	89.842	886	55	30	1	864	13	885	0.0	1105
914974ea-2068-49b9-9706-55b129d03f15	gb:HM370972|Organism:Influenza	91.186	295	5	18	1	286	2046	2328	7.05e-105	381
6166c248-0639-4d7c-840c-0dd1a7294eec	gb:HM370972|Organism:Influenza	96.503	286	4	6	1	283	2328	2046	5.20e-131	468
7376a018-47b4-4a5f-8434-c86962570a00	gb:HM370972|Organism:Influenza	95.455	286	8	3	1	284	2046	2328	5.25e-126	451
1dfdb2ce-4450-4f21-90e3-37cf39e1c68b	gb:HM370972|Organism:Influenza	91.727	278	11	10	6	275	2053	2326	3.17e-103	375
6d40b167-4cda-499e-ba42-a4758394c717	gb:HM370972|Organism:Influenza	97.193	285	4	4	1	283	2328	2046	2.40e-134	479
c565e6ae-d9fb-46dd-b0e5-52dd75f0ce5d	gb:HM370972|Organism:Influenza	99.296	284	0	2	1	283	2328	2046	2.37e-144	512
60a34eb6-7e86-45af-a914-2611fb84e71d	gb:HM370972|Organism:Influenza	98.944	284	2	1	1	284	2046	2328	1.11e-142	507
f053a904-f545-42a0-b87a-0fa06a3df59a	gb:HM370972|Organism:Influenza	96.057	279	4	5	1	273	2046	2323	7.19e-125	448
f90781bf-6bef-4147-9a17-f2d143f14fdd	gb:HM370978|Organism:Influenza	97.716	1007	5	12	1	994	13	1014	0.0	1716
8c2b8328-b295-42e7-a849-8fff684152f9	gb:HM370972|Organism:Influenza	98.264	288	2	3	1	285	2328	2041	5.30e-141	501
61fec7a3-ceee-4707-9d54-e9bea4ea3215	gb:HM370972|Organism:Influenza	100.000	283	0	0	1	283	2046	2328	1.09e-147	523
8b1958b4-51e5-46f3-a8e2-7729abc4aec6	gb:HM370978|Organism:Influenza	97.189	996	14	11	1	988	13	1002	0.0	1672
1f5b10f4-5357-428d-9e58-2b2b872ae9db	gb:HM370972|Organism:Influenza	98.587	283	1	2	1	280	2328	2046	6.55e-140	497
6edff0d4-74ca-4b70-9480-00816e543132	gb:HM370972|Organism:Influenza	96.466	283	5	5	1	278	2328	2046	2.37e-129	462
75148997-dd84-454e-9847-0a88a72c041b	gb:HM370978|Organism:Influenza	88.835	1030	51	52	1	994	13	1014	0.0	1206
968894da-42a1-4165-8e36-d1460e09cdef	gb:HM370978|Organism:Influenza	95.949	1012	18	21	1	999	13	1014	0.0	1620
f1ff4172-e4bf-4de9-b425-9af2fd5702c6	gb:HM370979|Organism:Influenza	96.893	869	16	7	1	862	13	877	0.0	1445
0deb7d90-4416-40a0-ad76-2716114aafbc	gb:HM370972|Organism:Influenza	96.479	284	4	5	1	279	2328	2046	6.62e-130	464
aa64dd70-618f-443a-9b7a-66f1019869f8	gb:HM370978|Organism:Influenza	93.412	1017	31	31	1	999	1014	16	0.0	1474
79d6bb14-2733-4d6e-971a-7ceb492944fd	gb:HM370972|Organism:Influenza	95.470	287	9	3	11	295	2044	2328	4.23e-127	455
e732b9e2-18ce-4ff0-84c9-ce20c8dc5a2d	gb:HM370978|Organism:Influenza	98.014	1007	9	10	1	1001	1014	13	0.0	1738
c1fa8220-e5a4-4e17-a6a3-7cb405079c1b	gb:HM370978|Organism:Influenza	97.018	1006	12	16	1	992	1014	13	0.0	1676
e935d2ca-9bf1-48ae-aed8-e07cde0f0d1e	gb:HM370972|Organism:Influenza	97.561	287	1	4	1	285	2046	2328	1.45e-136	486
957574f5-a6c3-4a6e-8a24-db13840eb1fe	gb:HM370978|Organism:Influenza	97.214	1005	14	12	1	994	1014	13	0.0	1688
cfa1a3e4-feb4-4309-b56a-d0b100932bbc	gb:HM370972|Organism:Influenza	91.958	286	11	9	5	286	2323	2046	1.17e-107	390
fddb7b60-3b29-4944-b7fa-0ff21295c127	gb:HM370979|Organism:Influenza	98.957	863	5	3	10	871	18	877	0.0	1541
b6da7141-60c2-4204-81d1-bcf48c74e998	gb:HM370972|Organism:Influenza	97.887	284	3	3	1	282	2046	2328	3.97e-137	488
56180559-92e8-4e7f-b226-1ff06f0bca94	gb:HM370972|Organism:Influenza	97.193	285	2	5	1	281	2046	2328	8.57e-134	477
75f50b13-9d2b-4d8d-839d-88a519759d07	gb:HM370972|Organism:Influenza	95.876	291	7	4	6	294	2041	2328	1.95e-130	466
b5685084-f925-481e-8316-aba4e08a8035	gb:HM370972|Organism:Influenza	92.281	285	3	5	1	268	2046	2328	1.41e-106	387
5f8af52c-040d-4063-bea5-71cc86898fe7	gb:HM370972|Organism:Influenza	99.647	283	0	1	1	282	2328	2046	1.82e-145	516
25ff19ff-c2e7-489f-b8c6-ac3531e62a2f	gb:HM370979|Organism:Influenza	97.931	870	3	12	1	860	877	13	0.0	1493
8f87710c-4c75-4303-b9fb-a82e557a1995	gb:HM370972|Organism:Influenza	98.635	293	2	2	7	298	2337	2046	5.36e-146	518
58f143fb-27f7-41ac-a99d-e6fc2966798b	gb:HM370972|Organism:Influenza	93.310	284	3	5	1	269	2046	2328	3.91e-112	405
e45ec90a-26b0-4176-bad8-27440c6ecf37	gb:HM370979|Organism:Influenza	94.796	884	18	20	1	867	877	5	0.0	1352
61042ec8-68c1-4217-a665-23a3dbbe33c2	gb:HM370972|Organism:Influenza	98.077	260	2	3	1	258	2046	2304	1.85e-125	449
0498aafa-6817-495e-bbdf-1071dcbcd267	gb:HM370972|Organism:Influenza	99.293	283	1	1	1	282	2046	2328	8.48e-144	510
5ff895a7-cdc2-4d82-8e8b-461801096acf	gb:HM370979|Organism:Influenza	98.393	871	6	7	13	878	18	885	0.0	1524
72e521b7-441d-496f-9c89-e5d2c8ec54cd	gb:CY130347|Organism:Influenza	86.643	277	22	12	29	296	2046	2316	3.51e-78	292
288cdc41-4563-49c9-991d-cfbdc45b9e71	gb:HM370972|Organism:Influenza	99.647	283	1	0	1	283	2046	2328	5.09e-146	518
ee8fad02-ccd9-4964-b3d2-cea3af509dd8	gb:HM370978|Organism:Influenza	94.603	1019	22	28	1	1003	1014	13	0.0	1546
e355093a-61fd-405b-a73e-c9e3e4e22795	gb:HM370972|Organism:Influenza	99.647	283	0	1	1	282	2046	2328	1.82e-145	516
5c19d65d-8036-4bab-b449-943ead126795	gb:HM370978|Organism:Influenza	97.515	1006	16	6	1	1001	1014	13	0.0	1711
2b67a08e-02d7-471f-bf5e-07d15cb33647	gb:HM370972|Organism:Influenza	97.535	284	3	2	1	281	2046	2328	1.84e-135	483
273019b2-c18b-42de-a029-ec23ab93c2cd	gb:HM370978|Organism:Influenza	99.601	1002	3	1	1	1001	1014	13	0.0	1827
b6b7256a-55db-4ae4-ab6b-a2af31b724b3	gb:HM370978|Organism:Influenza	98.312	1007	8	8	1	1003	13	1014	0.0	1757
cca862ab-c1d1-4776-86ac-10f0fcbcec4b	gb:HM370972|Organism:Influenza	95.156	289	4	7	1	285	2046	2328	6.82e-125	448
147fa6cd-663c-4b69-bca1-98fabcf2fb55	gb:HM370978|Organism:Influenza	97.813	1006	15	7	1	1003	1014	13	0.0	1729
980310ed-4488-4f73-94eb-bc8839ec60cc	gb:HM370979|Organism:Influenza	98.393	871	6	8	1	868	12	877	0.0	1524
652a190b-1d51-45bb-91d6-b07a0358eac4	gb:HM370979|Organism:Influenza	88.750	880	47	41	1	844	14	877	0.0	1029
9da4ff16-2714-4572-bb52-148fe55ad45e	gb:HM370978|Organism:Influenza	96.729	1009	15	17	1	998	1014	13	0.0	1664
2808f1f3-b33e-4702-b64d-c543b1a6a527	gb:HM370979|Organism:Influenza	97.439	859	15	7	8	859	19	877	0.0	1458
03f481e4-cde6-4b2a-8788-2885740aa98c	gb:HM370972|Organism:Influenza	96.897	290	0	5	1	288	2046	2328	8.80e-134	477
f3496c5a-a971-4af8-9cd8-9a2be7863dd7	gb:HM370979|Organism:Influenza	97.583	869	7	11	1	859	877	13	0.0	1476
8ec6be99-1f5c-467f-97ad-54fad28def4e	gb:HM370979|Organism:Influenza	95.652	874	20	15	1	865	877	13	0.0	1387
21a490d4-7f65-46f1-8e67-39405b6c3097	gb:HM370979|Organism:Influenza	97.803	865	7	9	6	861	874	13	0.0	1482
6a7b0356-fe0c-44a1-ba08-9f6fca9d2e2a	gb:HM370979|Organism:Influenza	96.313	868	15	12	1	854	877	13	0.0	1410
18ef0e34-43da-4578-9933-ef96b6d92f3d	gb:HM370978|Organism:Influenza	95.645	574	10	14	1	563	1014	445	0.0	907
18ef0e34-43da-4578-9933-ef96b6d92f3d	gb:HM370978|Organism:Influenza	97.983	347	3	3	577	921	357	13	6.11e-170	599
a344ac59-6eb5-4cd4-b586-2a211dc6a7e1	gb:HM370972|Organism:Influenza	90.397	302	16	12	1	292	2339	2041	6.67e-106	385
47ca4c89-5d71-4ba4-8010-f2cf7b102230	gb:HM370978|Organism:Influenza	95.527	1006	10	26	1	980	13	1009	0.0	1576
528f7d8f-db42-493b-b330-77df6d215450	gb:HM370972|Organism:Influenza	97.535	284	5	2	1	283	2046	2328	5.16e-136	484
803e9bd2-0295-4f94-a969-b380c41788c0	gb:HM370979|Organism:Influenza	95.737	868	20	11	105	962	873	13	0.0	1382
aa1c272f-0438-4f19-bd16-cf97e758faff	gb:HM370972|Organism:Influenza	98.233	283	4	1	1	282	2046	2328	8.54e-139	494
17e414ab-2a85-4bf8-a556-9b7d76b16516	gb:HM370979|Organism:Influenza	98.048	871	9	7	1	869	877	13	0.0	1507
7db6e975-50de-4558-ba9c-9b0dae1daf97	gb:HM370979|Organism:Influenza	95.158	888	19	18	2	876	1	877	0.0	1380
40b8da41-a850-4461-b8bc-43c4f625be23	gb:HM370972|Organism:Influenza	93.750	272	14	3	1	270	2328	2058	4.33e-112	405
37f3241c-7609-4549-a08d-0bc9d2caf078	gb:HM370979|Organism:Influenza	98.690	687	3	6	1	686	877	196	0.0	1214
37f3241c-7609-4549-a08d-0bc9d2caf078	gb:HM370979|Organism:Influenza	84.177	632	37	36	708	1283	263	887	1.98e-156	555
98b23484-e847-42e3-8dbe-cc3be15c17f4	gb:HM370978|Organism:Influenza	91.220	1025	36	40	1	994	1014	13	0.0	1345
caf84b1c-ea89-4786-a8db-1e3c4286fa46	gb:HM370979|Organism:Influenza	97.474	871	12	8	1	867	877	13	0.0	1478
6a3c2605-4934-4a8a-b6f3-d4fc92ad6546	gb:HM370979|Organism:Influenza	98.389	869	6	7	1	865	877	13	0.0	1520
aa1243c4-f6fa-4e0a-8e51-324c4949d570	gb:HM370972|Organism:Influenza	98.596	285	1	3	1	284	2328	2046	5.14e-141	501
a9281613-2143-4e96-b71f-705acbec9d56	gb:HM370972|Organism:Influenza	98.596	285	1	2	1	284	2328	2046	5.14e-141	501
913e56ca-37bf-499d-9e7e-02e2f8d07a88	gb:HM370972|Organism:Influenza	98.239	284	0	5	1	280	2328	2046	3.05e-138	492
81e5c35b-9fed-4d73-8645-9cbb8c0e7f97	gb:HM370972|Organism:Influenza	99.647	283	1	0	1	283	2328	2046	5.09e-146	518
2de7f4d2-a4d3-433e-9836-c091e12d624e	gb:HM370972|Organism:Influenza	98.944	284	1	2	1	283	2328	2046	1.10e-142	507
477b9b18-69a4-490e-b4fd-ff95a8247683	gb:HM370979|Organism:Influenza	98.848	868	5	4	1	866	877	13	0.0	1543
f4a9cc0d-4eaf-4649-ab6b-bf7e8deca05b	gb:HM370978|Organism:Influenza	92.823	1031	28	39	1	1014	1014	13	0.0	1452
de5fb939-7f06-4d7a-ab81-d675deef0116	gb:HM370972|Organism:Influenza	97.938	291	2	4	1	290	2328	2041	5.36e-141	501
b904a258-61b1-4bad-a314-80396c07cf0e	gb:HM370979|Organism:Influenza	97.018	872	8	13	1	861	13	877	0.0	1450
2d07c544-067c-4c56-8249-2895149cb733	gb:HM370979|Organism:Influenza	97.025	874	9	13	1	866	877	13	0.0	1454
f0b10e48-3101-4bd6-9e46-e309289ca71b	gb:HM370972|Organism:Influenza	89.310	290	12	13	97	369	2041	2328	3.38e-94	346
9f1d949a-e41d-4fcb-be99-f028226c9d31	gb:HM370972|Organism:Influenza	95.172	290	3	10	1	286	2328	2046	6.85e-125	448
c0170785-0526-40dd-967c-d2b8e32dc60f	gb:HM370972|Organism:Influenza	97.112	277	2	4	11	284	2055	2328	2.43e-129	462
6828ef87-658c-4da7-acba-8d21b8a2ea6d	gb:GU052185|Organism:Influenza	87.840	1028	93	24	1	1022	1002	1	0.0	1177
711bc4d1-2e93-444a-9e24-6ec00d01a96c	gb:HM370978|Organism:Influenza	97.308	1003	11	8	1	988	1014	13	0.0	1688
09ba1008-36d4-4118-818f-7a3ed9fe96cf	gb:HM370972|Organism:Influenza	96.540	289	6	4	1	286	2328	2041	3.24e-133	475
779a579c-ee37-4680-99ee-55faf5cb8ed4	gb:HM370979|Organism:Influenza	97.353	869	9	12	1	859	13	877	0.0	1465
218881d2-e938-404b-a8ef-c34c28d852b6	gb:HM370972|Organism:Influenza	95.053	283	11	3	1	280	2046	2328	3.11e-123	442
95eba4f7-b9c6-4bf7-9942-df0caed6223e	gb:HM370972|Organism:Influenza	96.809	282	2	7	1	278	2328	2050	6.70e-130	464
8e3d822c-6750-4fa8-86bd-949ec6f85f98	gb:HM370972|Organism:Influenza	97.183	284	4	3	1	281	2046	2328	8.57e-134	477
640b82c8-6ec0-4e6b-85af-c25a3a0264e2	gb:HM370978|Organism:Influenza	95.291	998	20	20	12	995	997	13	0.0	1557
53ba31cc-9aad-4ce5-9460-5ed6f314d008	gb:HM370979|Organism:Influenza	96.571	875	9	17	1	864	13	877	0.0	1430
92be6d4f-5659-4963-b635-8b8bc4465b7b	gb:HM370972|Organism:Influenza	96.233	292	5	6	6	296	2042	2328	1.17e-132	473
bea5f67d-6cff-46ef-843a-940d4b55ef19	gb:HM370979|Organism:Influenza	98.490	861	6	6	3	856	873	13	0.0	1511
5f1783aa-41ec-43e2-a8bc-82f7471a00fa	gb:HM370972|Organism:Influenza	96.540	289	2	6	11	293	2042	2328	4.17e-132	472
e60d1e6c-ebfe-45c0-8047-37df7aac8e88	gb:HM370979|Organism:Influenza	97.460	866	15	6	1	861	14	877	0.0	1471
dddc2593-18e7-498e-baa0-187dca20b6b7	gb:HM370979|Organism:Influenza	88.422	881	57	39	1	852	877	13	0.0	1020
c435865a-bb31-421e-a8e0-25f9e0f447fa	gb:HM370978|Organism:Influenza	90.411	1022	36	42	117	1098	1012	13	0.0	1288
6247ea35-3142-4fca-83b0-b331b96006ed	gb:HM370972|Organism:Influenza	92.527	281	9	10	16	287	2051	2328	3.27e-108	392
40e72890-cfb3-4112-85fe-3e9bcf91ba65	gb:HM370972|Organism:Influenza	94.178	292	12	3	1	291	2328	2041	1.45e-122	440
8e6c7eea-5137-47f3-bfd7-e57271efe39d	gb:HM370978|Organism:Influenza	95.896	268	4	6	1	265	13	276	1.61e-118	427
8e6c7eea-5137-47f3-bfd7-e57271efe39d	gb:HM370978|Organism:Influenza	84.211	209	10	11	253	439	208	1	1.39e-44	182
9f32a94c-58ad-423a-82a3-9d47dcdba656	gb:HM370978|Organism:Influenza	97.030	1010	12	12	1	1000	1014	13	0.0	1683
74731fb8-f968-4e8d-b41d-79cd9753f960	gb:HM370972|Organism:Influenza	97.544	285	3	3	1	283	2046	2328	5.16e-136	484
c96e7be3-5cae-45ad-ba2c-c5bd339db0eb	gb:HM370979|Organism:Influenza	98.055	874	5	11	1	871	877	13	0.0	1509
0f703ee3-e030-4f72-8a2f-c33c9bcb0d49	gb:HM370972|Organism:Influenza	96.466	283	7	3	1	280	2328	2046	6.64e-130	464
26b56f10-1ae8-491b-aa7e-f4b958b30147	gb:HM370978|Organism:Influenza	95.656	1013	22	20	1	1002	13	1014	0.0	1607
57cb8f74-df8b-471e-8834-e575444fea57	gb:HM370979|Organism:Influenza	98.037	866	6	8	1	856	877	13	0.0	1495
95ae1939-b14d-4447-8b14-be76d82e5bb5	gb:HM370972|Organism:Influenza	99.648	284	0	1	1	284	2046	2328	5.11e-146	518
c17cc0a0-d3ff-4840-99c2-d8958d4d5920	gb:HM370972|Organism:Influenza	98.233	283	1	3	1	279	2328	2046	3.04e-138	492
3d9aea48-8c62-4713-8e06-d2933585f6a3	gb:HM370979|Organism:Influenza	98.041	868	5	11	1	859	13	877	0.0	1498
1c9c5cf2-67b1-48a1-aa89-83e46c5c1531	gb:HM370979|Organism:Influenza	97.589	871	6	11	1	862	13	877	0.0	1478
94929c33-3db5-40bd-a005-532ada81245c	gb:HM370978|Organism:Influenza	96.135	1009	23	14	1	1000	1014	13	0.0	1633
65c4bd41-4cb1-4240-a28b-7fdc7b988a72	gb:HM370972|Organism:Influenza	99.296	284	0	2	1	283	2328	2046	2.37e-144	512
5027ecca-cce5-4f63-8849-f3dde9bf3fba	gb:HM370979|Organism:Influenza	97.486	875	9	11	1	872	877	13	0.0	1482
cc181d15-2954-4dbd-bf21-f5188c6cd50f	gb:HM370972|Organism:Influenza	91.901	284	7	12	1	269	2328	2046	1.83e-105	383
bfe3e6a4-1a76-49c9-b754-990547f57c84	gb:HM370972|Organism:Influenza	96.466	283	7	3	1	280	2328	2046	6.64e-130	464
a1c267cf-9460-4ebc-ac2f-d7992bb5fc2a	gb:HM370978|Organism:Influenza	95.743	1010	25	13	1	1000	13	1014	0.0	1611
c3f50f2e-171c-45fb-b78b-666492d0f438	gb:HM370978|Organism:Influenza	96.934	1011	12	16	4	1007	16	1014	0.0	1677
7ef56d92-5e1d-404d-9ebe-7e064b8b1024	gb:HM370979|Organism:Influenza	98.387	868	3	6	1	860	877	13	0.0	1515
ebf1c069-77e2-405d-a309-85ecff11a8d4	gb:HM370979|Organism:Influenza	98.511	873	3	7	1	871	877	13	0.0	1531
47a1324b-770e-4ad9-9058-b365ea9b8756	gb:HM370972|Organism:Influenza	98.940	283	1	1	1	281	2046	2328	3.93e-142	505
aa190d81-8f95-41a7-bc2a-f7d54b39bec1	gb:HM370979|Organism:Influenza	95.314	875	18	21	1	864	13	875	0.0	1367
52f8398b-39eb-4c5d-92b0-2c0a7075c67b	gb:HM370972|Organism:Influenza	96.516	287	5	5	1	286	2046	2328	1.46e-131	470
a8234b09-5f46-452d-8cb0-5da30fe5b199	gb:HM370979|Organism:Influenza	98.387	868	8	5	1	865	877	13	0.0	1520
ad9325be-3fea-48f1-bbc4-ad822d82d926	gb:HM370972|Organism:Influenza	86.667	285	16	12	1	265	2328	2046	2.41e-79	296
de27f9ee-6fcf-4ca9-9ef5-f3db3370d3a3	gb:HM370972|Organism:Influenza	94.097	288	6	9	1	282	2328	2046	8.79e-119	427
59f16e3b-feaa-4a62-aa02-589fadb04360	gb:HM370972|Organism:Influenza	94.700	283	5	6	1	273	2046	2328	6.55e-120	431
a3ecfa7f-85ac-4a64-b75f-81db754fdcd9	gb:HM370972|Organism:Influenza	91.638	287	7	12	1	274	2046	2328	6.72e-105	381
04bf89b5-aa5a-4bff-a214-fd2af3fcb097	gb:HM370972|Organism:Influenza	96.416	279	7	2	23	299	2051	2328	1.19e-127	457
d6485c15-89c6-4783-acb6-157b7fa21dd3	gb:HM370972|Organism:Influenza	91.186	295	16	9	3	290	2337	2046	3.30e-108	392
