1f83b4cb-184b-4347-8f3b-ecc01f350356	gb:HM370966|Organism:Influenza	96.491	285	3	4	1	281	2220	1939	6.67e-130	464
84697a30-4f96-4207-8851-212878d5a800	gb:HM370966|Organism:Influenza	96.491	285	5	5	1	283	1939	2220	1.87e-130	466
f7f931e1-87c4-4f5d-bbc8-2343dd12de75	gb:HM370972|Organism:Influenza	98.958	288	1	2	7	292	2041	2328	6.81e-145	514
2a06f849-17ff-43ae-836d-1d144edde28c	gb:HM370972|Organism:Influenza	95.439	285	3	8	1	277	2046	2328	2.38e-124	446
49857755-513a-44ef-a77a-10038f19dcbf	gb:HM370972|Organism:Influenza	99.293	283	2	0	1	283	2046	2328	2.37e-144	512
7d4cb6d9-ae47-498c-98f9-7eab62aa4071	gb:HM370972|Organism:Influenza	90.323	279	16	9	6	274	2324	2047	4.11e-97	355
300ff584-baa4-43ea-8f69-852333b0b94c	gb:HM370966|Organism:Influenza	96.099	282	4	4	1	275	2220	1939	1.41e-126	453
8b3b69f3-53cb-4db8-a4ba-8302949b5480	gb:HM370972|Organism:Influenza	92.683	287	9	8	1	279	2046	2328	1.46e-111	403
1f74f9a1-543e-48de-9064-32a8fd9f11ed	gb:HM370966|Organism:Influenza	96.853	286	2	7	1	283	2220	1939	4.02e-132	472
2325b239-4cb5-4b4d-afc2-deb2f929b710	gb:HM370972|Organism:Influenza	99.647	283	1	0	1	283	2046	2328	5.09e-146	518
393b37f8-b57f-4964-a859-c7e4b6cd4e3a	gb:HM370972|Organism:Influenza	97.552	286	2	5	1	284	2328	2046	5.18e-136	484
681180ef-c5ae-4c89-8a02-1b4143495112	gb:HM370972|Organism:Influenza	89.753	283	15	13	4	277	2323	2046	1.92e-95	350
eb70cd7a-821e-4774-a307-641ae6557024	gb:HM370966|Organism:Influenza	94.755	286	8	6	1	283	2220	1939	4.07e-122	438
0742c2f7-4f50-45a8-94de-d3aca7992559	gb:HM370972|Organism:Influenza	93.537	294	8	9	1	287	2046	2335	1.13e-118	427
f22684ea-4f78-41ea-b4b1-517bbfebe013	gb:HM370972|Organism:Influenza	96.886	289	5	4	1	286	2328	2041	6.91e-135	481
cdc95257-8d10-4a97-bd54-aa8e476c8e22	gb:HM370972|Organism:Influenza	96.466	283	7	3	1	280	2046	2328	6.64e-130	464
69d69859-d789-49a5-9582-b19cf84e8c4b	gb:HM370972|Organism:Influenza	98.239	284	2	3	1	284	2328	2048	8.71e-139	494
5d88c8b0-e8f6-48fb-8ca4-8c52330db001	gb:HM370972|Organism:Influenza	91.379	290	9	11	1	281	2328	2046	1.92e-105	383
025494e1-149b-4272-8cd5-c7a96e516c17	gb:HM370966|Organism:Influenza	97.535	284	4	3	1	283	1939	2220	1.86e-135	483
c6612a9a-8443-426c-84d6-2f18d9a11c05	gb:HM370972|Organism:Influenza	98.940	283	2	1	1	282	2046	2328	3.95e-142	505
89c083cf-3bb1-456a-beeb-a77dad03a198	gb:HM370966|Organism:Influenza	95.033	302	5	6	1	299	2233	1939	1.98e-130	466
114bd164-ad40-40a7-a395-0f87936152b3	gb:HM370972|Organism:Influenza	95.406	283	5	6	1	275	2046	2328	8.49e-124	444
4746020f-9e69-4678-875f-d4684be84c82	gb:HM370966|Organism:Influenza	94.306	281	11	4	1	276	1940	2220	3.09e-118	425
6ceac3e6-9b76-4261-83fd-89b3be457cc7	gb:HM370966|Organism:Influenza	97.544	285	4	3	1	285	1939	2220	5.20e-136	484
66a14eac-970e-489b-8b7f-a423e1b27ce4	gb:HM370972|Organism:Influenza	96.503	286	6	4	1	285	2046	2328	1.46e-131	470
5909d959-deea-448e-a66e-119db14a99ac	gb:HM370972|Organism:Influenza	98.233	283	1	2	1	279	2328	2046	3.04e-138	492
6b62a509-bab3-402c-8852-c70d3b5fd2de	gb:HM370972|Organism:Influenza	97.561	287	2	4	1	286	2328	2046	1.45e-136	486
2a1b04ee-3b98-4324-afad-ac50601ee877	gb:HM370972|Organism:Influenza	95.018	281	5	7	19	294	2322	2046	1.98e-120	433
3cbcd7cf-6d02-44b6-a506-0c113ea2a4dc	gb:HM370972|Organism:Influenza	96.786	280	5	3	8	284	2336	2058	7.11e-130	464
e13ceb18-c972-4c62-b6df-363c2952845f	gb:HM370972|Organism:Influenza	96.864	287	2	7	1	284	2328	2046	1.12e-132	473
8e2a3b8a-f45c-474b-983d-37dcb777f69a	gb:HM370966|Organism:Influenza	98.940	283	2	1	1	283	2220	1939	3.96e-142	505
154041d3-a761-4ae0-82ac-9a0588849030	gb:HM370972|Organism:Influenza	97.849	279	4	2	4	280	2324	2046	6.60e-135	481
f7c582f8-14d6-49f2-89a5-25127158c082	gb:HM370966|Organism:Influenza	95.789	285	7	5	1	283	2220	1939	4.05e-127	455
f122b839-a98b-42f2-8d6a-b235295f7a12	gb:KM244073|Organism:Influenza	100.000	49	0	0	1	49	2019	2067	4.74e-18	91.6
a068cec7-ddbd-4e17-9aa0-41a1d35eed7f	gb:HM370972|Organism:Influenza	97.173	283	6	2	1	281	2046	2328	8.57e-134	477
6e592c7e-b487-4f3b-bc3d-036d8f48301a	gb:HM370972|Organism:Influenza	97.015	268	4	3	1	267	2328	2064	6.80e-125	448
b866e987-d323-40d8-a655-2a89ec7ab7d4	gb:HM370972|Organism:Influenza	100.000	283	0	0	1	283	2046	2328	1.09e-147	523
3216cf50-469c-4061-bb60-88088dcf5cd5	gb:HM370966|Organism:Influenza	98.227	282	4	1	1	281	1939	2220	3.06e-138	492
c2787c25-ba55-4055-8eda-f15888e56ef5	gb:HM370972|Organism:Influenza	95.563	293	7	6	1	288	2328	2037	8.44e-130	464
979e3d67-591e-4e6d-89b6-3937439cf699	gb:HM370966|Organism:Influenza	98.566	279	4	0	1	279	1939	2217	8.61e-139	494
1c17bb00-be86-4b3f-8bec-1cbe0bf69cac	gb:HM370972|Organism:Influenza	95.804	286	7	4	1	284	2328	2046	1.13e-127	457
e18badbb-1eeb-4c8d-8482-beff636c0dea	gb:HM370966|Organism:Influenza	95.390	282	9	4	1	278	1939	2220	2.39e-124	446
2a01bce4-7dd8-490f-a6c8-afadd7888268	gb:HM370972|Organism:Influenza	97.544	285	5	1	1	285	2328	2046	1.45e-136	486
9dc70a82-27ff-4ba7-b9a8-21e36d32d827	gb:HM370972|Organism:Influenza	99.647	283	1	0	1	283	2046	2328	5.09e-146	518
4a3b1187-3a6e-4a3f-ab3b-590f5e28bd64	gb:HM370966|Organism:Influenza	97.887	284	4	2	1	284	1939	2220	1.11e-137	490
4e744a14-88e8-4d42-8cd1-7138419a3df3	gb:CY180665|Organism:Influenza	94.700	283	6	7	1	275	2203	1922	6.61e-120	431
5460d2e4-0faf-4531-a740-d8056c78512f	gb:HM370972|Organism:Influenza	99.293	283	2	0	1	283	2046	2328	2.37e-144	512
f9b8c309-4f70-44bd-a672-04999a27c225	gb:HM370974|Organism:Influenza	98.765	243	3	0	1	243	1939	2181	2.46e-120	433
f9b8c309-4f70-44bd-a672-04999a27c225	gb:HM370974|Organism:Influenza	100.000	55	0	0	236	290	1988	1934	7.88e-21	102
10d347ae-14a7-40c2-a56b-3d1573bf5dd9	gb:HM370966|Organism:Influenza	97.173	283	4	3	1	280	2220	1939	3.07e-133	475
f536f1d6-fd52-4e49-9148-ba8783ad5535	gb:HM370972|Organism:Influenza	98.233	283	2	2	1	280	2328	2046	3.05e-138	492
4e0ac65d-ebff-4a16-9f23-27c3ce596ea5	gb:HM370972|Organism:Influenza	95.402	261	5	6	102	356	2322	2063	4.23e-113	409
20e85d9c-78fd-4d84-9620-ebc378b0a598	gb:HM370972|Organism:Influenza	88.742	302	15	10	100	393	2338	2048	7.81e-96	351
ec2d8845-88bd-45de-bdde-441d69f97cda	gb:HM370972|Organism:Influenza	96.154	286	6	5	1	284	2328	2046	2.43e-129	462
9d50a811-3001-49f7-ab6e-8edb8eb60b72	gb:HM370972|Organism:Influenza	98.592	284	1	3	1	282	2046	2328	1.84e-140	499
2cc7f95e-38ba-4bee-ab05-7da2af135fb8	gb:HM370972|Organism:Influenza	99.647	283	1	0	1	283	2328	2046	5.09e-146	518
259fb684-62a5-431d-be54-bbcf7a176f6e	gb:HM370972|Organism:Influenza	99.293	283	2	0	1	283	2046	2328	2.37e-144	512
dcd89d5a-ccd1-4444-a209-71794e58eba6	gb:HM370966|Organism:Influenza	93.493	292	7	6	1	290	2220	1939	1.17e-117	424
8509caea-0e23-42b8-b780-423baf45b178	gb:KM244075|Organism:Influenza	91.905	210	4	8	1	208	1915	2113	8.25e-75	281
8509caea-0e23-42b8-b780-423baf45b178	gb:KM244075|Organism:Influenza	100.000	43	0	0	205	247	1952	1910	3.23e-14	80.5
56571499-4717-4b0f-90ae-b5bc83047cd0	gb:HM370972|Organism:Influenza	97.902	286	2	3	1	285	2328	2046	3.11e-138	492
c4cccab6-d3ea-4954-a936-1ef00a4de8ab	gb:HM370972|Organism:Influenza	98.944	284	2	1	1	284	2328	2046	1.11e-142	507
19ea06df-05a8-4473-aabf-45b553faa57d	gb:HM370972|Organism:Influenza	88.406	276	19	11	7	271	2055	2328	1.47e-86	320
a673132d-c9c2-429f-a8c0-dfba67764c78	gb:HM370972|Organism:Influenza	97.193	285	3	5	1	282	2328	2046	8.60e-134	477
88e428f0-f1b2-4ffd-ab01-8dd08ae3ecb9	gb:HM370972|Organism:Influenza	96.140	285	7	4	1	283	2328	2046	2.42e-129	462
9c856635-1f2b-40be-8dd1-9eee3e135468	gb:HM370972|Organism:Influenza	92.593	297	13	8	8	301	2336	2046	5.65e-116	418
eb7bb8ac-d67f-4726-b9a8-14f7658d4443	gb:HM370966|Organism:Influenza	98.582	282	4	0	1	282	1939	2220	1.84e-140	499
a44470b1-64a2-40b5-ac63-3d9998021f02	gb:HM370972|Organism:Influenza	100.000	283	0	0	1	283	2046	2328	1.09e-147	523
ecc8f8df-ac4a-4bae-bc09-4896fd3d805a	gb:HM370966|Organism:Influenza	93.684	285	9	7	1	279	2220	1939	5.23e-116	418
59f47252-7efd-4663-81c5-0a9a1765d988	gb:HM370966|Organism:Influenza	98.227	282	2	3	1	279	2220	1939	1.09e-137	490
c50566ed-11d3-4e4d-9d4a-cd079b467263	gb:HM370966|Organism:Influenza	98.587	283	3	1	1	283	1939	2220	1.84e-140	499
2159d846-2b6e-4778-9cbf-2f05d89c32a6	gb:HM370972|Organism:Influenza	96.416	279	5	4	5	279	2051	2328	3.98e-127	455
be6fdeb1-05fc-400f-8ed0-1ce44a47cb17	gb:HM370966|Organism:Influenza	98.582	282	3	1	1	281	2220	1939	6.58e-140	497
73b601c4-cfb3-4e0e-bffe-8e6e2c8f00c6	gb:HM370966|Organism:Influenza	97.561	287	4	3	12	297	1936	2220	4.19e-137	488
a96bd55d-5872-4507-b695-bf37eaa669d4	gb:JN706699|Organism:Influenza	95.804	286	8	4	1	286	1939	2220	3.16e-128	459
7249d089-d323-4258-8086-d6553db3668c	gb:HM370966|Organism:Influenza	98.582	282	2	2	1	280	1939	2220	6.55e-140	497
1bc2497b-505a-48f0-8451-dbdd3d4d9a56	gb:HM370966|Organism:Influenza	97.535	284	4	3	1	282	2221	1939	1.85e-135	483
2aefe19c-e13d-46ed-b33f-bb747d701d91	gb:HM370972|Organism:Influenza	96.516	287	1	7	1	282	2328	2046	1.86e-130	466
3de221d6-844e-4b01-80eb-f19410e37c48	gb:HM370972|Organism:Influenza	97.887	284	3	2	1	282	2046	2328	3.97e-137	488
858b1bc1-99c3-4236-8d54-23975838a65b	gb:HM370972|Organism:Influenza	93.814	291	10	7	88	373	2041	2328	9.17e-120	431
bad191f6-efa4-4020-84e7-b25ebf7075cd	gb:HM370972|Organism:Influenza	96.886	289	3	6	8	291	2041	2328	2.48e-134	479
97a0a274-051c-407b-beea-38c5ea6b8ae9	gb:HM370972|Organism:Influenza	98.305	295	3	1	1	295	2046	2338	2.24e-145	516
7f7f09fa-7a35-4531-b6d4-98070a7f59ed	gb:HM370972|Organism:Influenza	97.895	285	1	3	1	282	2046	2328	3.97e-137	488
aadc995b-014a-4fd4-b80b-e1d6a975fd0f	gb:HM370972|Organism:Influenza	96.207	290	4	2	1	290	2328	2046	5.34e-131	468
e20d0e5b-5276-4b6e-a6a8-7addbf79e5fe	gb:HM370966|Organism:Influenza	96.842	285	7	2	14	297	1937	2220	3.26e-133	475
32767849-257d-4119-906a-fd2fd6838ff4	gb:HM370972|Organism:Influenza	94.737	285	11	4	1	283	2046	2328	1.13e-122	440
7737b7b5-b3d1-42c5-b41a-bd8a1fe169ff	gb:HM370972|Organism:Influenza	94.700	283	9	4	1	277	2046	2328	5.15e-121	435
9b08de73-f6fb-497e-b3f5-e2339376c21b	gb:HM370972|Organism:Influenza	92.014	288	12	9	1	282	2046	2328	8.91e-109	394
8fd6fc36-bced-458c-9928-a924601d20f5	gb:HM370966|Organism:Influenza	95.486	288	9	4	97	381	1934	2220	1.55e-127	457
f787fbdc-9895-4df1-ace9-6b508816476b	gb:HM370972|Organism:Influenza	96.503	286	2	6	1	281	2328	2046	1.85e-130	466
84b0f292-fc03-4f11-bc76-d8f93dab2443	gb:HM370972|Organism:Influenza	89.527	296	16	13	1	294	2046	2328	9.46e-99	361
99a80762-a837-4631-bfc3-ad80cf2e85c5	gb:HM370966|Organism:Influenza	96.127	284	7	4	8	287	2222	1939	8.83e-129	460
48628412-cf58-4eb0-9d64-8458d54a0954	gb:HM370966|Organism:Influenza	98.955	287	2	1	1	286	2220	1934	2.46e-144	512
5b8d58b2-8d38-47a6-971e-f2ccaf19a1ee	gb:HM370966|Organism:Influenza	96.127	284	6	5	1	281	1939	2220	3.10e-128	459
632b9d60-e268-45a3-b33e-e474823bcacb	gb:HM370972|Organism:Influenza	98.233	283	3	2	1	281	2328	2046	8.51e-139	494
71e0ace7-2fed-46b8-b4cf-3ade68e91cf6	gb:HM370972|Organism:Influenza	97.222	288	1	4	1	286	2328	2046	6.75e-135	481
9a1e473d-704c-4772-b383-fa718e7a43df	gb:CY181068|Organism:Influenza	89.338	272	17	8	1	260	2034	2305	7.11e-90	331
4658b456-0edf-4bc7-8bf4-bf6faa6f8049	gb:HM370966|Organism:Influenza	97.183	284	6	2	1	284	1939	2220	2.41e-134	479
7fc3d110-6d5e-4f18-90a9-4d66ddec38cd	gb:HM370972|Organism:Influenza	98.958	288	3	0	13	300	2041	2328	1.94e-145	516
5ed877d6-c106-41aa-bfd7-22c21c91b1d5	gb:HM370972|Organism:Influenza	93.310	284	12	5	1	278	2046	2328	2.42e-114	412
36659fb8-c5ac-47fb-a217-46164d0c00f6	gb:HM370966|Organism:Influenza	98.582	282	3	1	1	281	1939	2220	6.58e-140	497
afc0e006-c56a-4c97-9e53-ab63653091b1	gb:HM370966|Organism:Influenza	96.516	287	6	3	86	368	1934	2220	5.32e-132	472
13ec3661-b7f9-47d8-b9f9-901a9783fec2	gb:HM370972|Organism:Influenza	98.592	284	3	1	1	284	2046	2328	5.14e-141	501
542595c6-27ba-4126-9336-32416dbf5a36	gb:HM370972|Organism:Influenza	96.540	289	7	3	1	287	2328	2041	3.25e-133	475
018432de-e287-4d11-850c-13e89c0335c2	gb:HM370972|Organism:Influenza	98.502	267	1	3	1	265	2328	2063	5.18e-131	468
4262f128-653e-4ef1-844d-54974cf707b6	gb:HM370972|Organism:Influenza	95.804	286	5	5	1	282	2046	2328	4.03e-127	455
23b3dc02-de75-497e-b551-efdaba8f137b	gb:HM370966|Organism:Influenza	96.831	284	4	4	1	281	2220	1939	1.43e-131	470
2d218027-b03d-43c8-8432-fa59504da4df	gb:HM370972|Organism:Influenza	98.252	286	2	1	1	286	2046	2328	6.71e-140	497
a5e7e137-dad4-4e5a-b822-0db9d26e70c0	gb:HM370972|Organism:Influenza	99.293	283	2	0	1	283	2328	2046	2.37e-144	512
c32a1e5d-4ea1-4d80-afc1-248977f4149b	gb:HM370972|Organism:Influenza	96.341	246	5	4	1	243	2328	2084	5.22e-111	401
a1d5a4c1-4f3f-4f2c-a493-0253261fb34f	gb:HM370966|Organism:Influenza	95.053	283	8	5	1	278	1939	2220	1.11e-122	440
ebf0b1a9-9cbd-46bd-a021-c561ff6e9232	gb:HM370972|Organism:Influenza	98.587	283	1	3	1	280	2046	2328	6.55e-140	497
1b589dfe-1dd4-4c7e-8703-155298716c36	gb:HM370972|Organism:Influenza	98.917	277	2	1	1	277	2328	2053	8.67e-139	494
7a4144f6-c4c0-41d8-a5eb-3c6b7fa36933	gb:HM370972|Organism:Influenza	95.038	262	5	5	1	259	2328	2072	6.90e-112	405
7a4144f6-c4c0-41d8-a5eb-3c6b7fa36933	gb:HM370972|Organism:Influenza	90.541	148	8	5	254	396	2195	2341	2.10e-47	191
5df96e3f-2386-46d6-9add-8c283f974a39	gb:HM370972|Organism:Influenza	98.239	284	4	1	1	284	2046	2328	2.39e-139	496
777566d2-be38-4a85-a976-50cf1187987a	gb:HM370972|Organism:Influenza	96.899	258	2	4	1	252	2046	2303	8.44e-119	427
ba2b758d-58b0-4e8c-8e18-4fb2e93f39b2	gb:HM370972|Organism:Influenza	99.647	283	0	1	1	282	2046	2328	1.82e-145	516
1eecd278-323d-430d-9826-04cf0343ab4b	gb:HM370966|Organism:Influenza	95.238	294	9	4	1	293	1939	2228	9.20e-129	460
13e1aadf-4485-4125-96ff-7124b865bc7c	gb:HM370966|Organism:Influenza	97.887	284	3	2	1	283	2220	1939	3.99e-137	488
ea7f0275-043a-4b4b-a474-995d9051d33a	gb:HM370972|Organism:Influenza	95.819	287	7	3	1	286	2046	2328	3.16e-128	459
afbd72c8-e63e-4619-83f5-cccbfd5fd046	gb:HM370972|Organism:Influenza	96.113	283	8	3	1	280	2046	2328	3.09e-128	459
4d876e62-8e83-4f24-b402-5da83052e7e6	gb:HM370972|Organism:Influenza	98.233	283	5	0	1	283	2046	2328	2.38e-139	496
0b96f5a6-50b1-43a3-a55e-5b08b1c50c99	gb:HM370972|Organism:Influenza	87.205	297	21	13	3	288	2336	2046	4.36e-87	322
988c075b-fc5d-4792-9c5a-392271db65f0	gb:HM370972|Organism:Influenza	98.592	284	0	2	1	281	2328	2046	1.83e-140	499
07f13ab6-c5f1-4f96-ab38-898abb473dce	gb:HM370972|Organism:Influenza	100.000	284	0	0	14	297	2045	2328	3.19e-148	525
84a49815-bd2d-4e97-a341-72801c15f7b2	gb:HM370972|Organism:Influenza	98.587	283	3	1	1	282	2046	2328	1.84e-140	499
6792477c-92a7-4e0c-a5d4-65f69e7085b1	gb:HM370972|Organism:Influenza	96.842	285	5	4	1	283	2046	2328	1.12e-132	473
4c770d04-ced2-4f43-b580-4fa0fce373ca	gb:HM370966|Organism:Influenza	98.233	283	4	1	1	283	1939	2220	8.57e-139	494
f8fcba78-f3ac-4be2-8418-1552a2b7e0b3	gb:HM370972|Organism:Influenza	96.820	283	4	4	1	278	2328	2046	5.10e-131	468
77406c2f-97e2-4385-9752-2ebcf41aba3d	gb:HM370966|Organism:Influenza	95.105	286	10	4	1	286	1939	2220	6.85e-125	448
b9c29d2f-e726-4c2c-a1e2-e5660eae760b	gb:HM370966|Organism:Influenza	96.099	282	7	2	1	278	1939	2220	1.10e-127	457
