d25ac516-a835-46d3-a2dc-6385eb9747dc	gb:HM370972|Organism:Influenza	100.000	116	0	0	1	116	2328	2213	2.67e-55	215
b1f4a20d-d207-43f5-a466-d829d7d3ffe5	gb:HM370979|Organism:Influenza	98.969	194	1	1	4	197	885	693	2.39e-94	346
7524b1dc-f0a6-4ec8-836d-374f8830a579	gb:HM370979|Organism:Influenza	96.918	876	9	16	1	869	877	13	0.0	1452
bbcbd1c8-5e66-4cf0-9aeb-ebff17d26630	gb:KX254922|Organism:Influenza	98.810	84	1	0	1	84	2328	2245	7.13e-36	150
39095524-55df-4dc3-a16f-281e00483c6f	gb:KY684292|Organism:Influenza	97.619	84	2	0	27	110	2218	2301	3.32e-34	145
08767eed-9f5b-40cd-8da8-2c41e48656c0	gb:HM370966|Organism:Influenza	97.544	285	3	3	1	284	1939	2220	5.18e-136	484
0ca086ac-d245-4380-873d-fa5a814fd317	gb:HM370972|Organism:Influenza	98.276	116	2	0	1	116	2213	2328	5.77e-52	204
b25072a0-9828-4c9d-bdb3-76eca31be18d	gb:HM370978|Organism:Influenza	90.963	1018	45	38	1	987	13	1014	0.0	1327
cb90dee8-9cb3-4fdb-ae6e-6b02a743af24	gb:HM370978|Organism:Influenza	95.635	1008	24	19	1	994	1014	13	0.0	1600
a9ecc465-2efb-4d8d-ad29-1e4728e9ac6d	gb:HM370972|Organism:Influenza	95.222	293	11	3	7	297	2337	2046	9.13e-129	460
ab00f485-63ea-4d64-a352-35412edc1287	gb:HM370966|Organism:Influenza	98.227	282	2	2	1	279	2220	1939	1.09e-137	490
6a496b6e-e47e-47f3-95fb-686bc275ae56	gb:HM370972|Organism:Influenza	90.435	115	5	4	1	110	2215	2328	9.23e-35	147
79097547-e1bc-4ffc-bae3-77370cdbb012	gb:HM370979|Organism:Influenza	95.108	879	23	19	1	873	13	877	0.0	1367
d9450503-5afd-440e-a26f-b43e200c375e	gb:HM370972|Organism:Influenza	98.909	275	2	1	1	274	2046	2320	2.10e-137	490
d9450503-5afd-440e-a26f-b43e200c375e	gb:HM370972|Organism:Influenza	97.386	153	1	2	362	514	150	1	2.32e-67	257
d9450503-5afd-440e-a26f-b43e200c375e	gb:HM370972|Organism:Influenza	89.189	111	2	8	265	368	2291	2184	5.28e-29	130
726ec14d-ca0d-48d9-aae2-83eb7b047d6f	gb:HM370966|Organism:Influenza	94.346	283	10	3	1	278	2220	1939	2.40e-119	429
a0402542-3ad7-474a-9b48-fddc4e680c7b	gb:MG279893|Organism:Influenza	100.000	75	0	0	1	75	877	803	9.15e-33	139
28d00447-e169-420f-9a9b-fe93bdedb00a	gb:HM370966|Organism:Influenza	91.958	286	9	11	16	292	1940	2220	4.31e-107	388
c90f0a35-b2f5-4266-9585-de893dcf5757	gb:HM370972|Organism:Influenza	99.293	283	0	2	1	281	2328	2046	8.45e-144	510
4e52c68f-aebc-4488-958b-1f17be523ff6	gb:HM370972|Organism:Influenza	95.517	290	7	6	9	294	2041	2328	3.26e-128	459
b43b25f4-e7c8-411c-90bf-420fb0b5d9dd	gb:HM370972|Organism:Influenza	99.306	288	1	1	1	287	2328	2041	1.47e-146	520
303b021a-91f7-486f-b147-5b63d2780680	gb:HM370979|Organism:Influenza	95.941	887	18	17	2	880	1	877	0.0	1423
813feb8c-c9d3-4846-b52d-9f043b7d33dc	gb:HM370972|Organism:Influenza	98.587	283	0	2	1	279	2046	2328	6.53e-140	497
83bea896-c19b-47ff-a342-15776f2707d4	gb:HM370972|Organism:Influenza	90.169	295	10	14	6	286	2335	2046	1.97e-100	366
83bea896-c19b-47ff-a342-15776f2707d4	gb:HM370972|Organism:Influenza	97.727	44	1	0	153	196	150	107	3.72e-13	76.8
ea64ad98-d504-4e9a-84f1-bb23a6246623	gb:HM370972|Organism:Influenza	96.644	298	7	3	1	297	2341	2046	3.24e-138	492
896989f4-afaa-4212-8d8f-482fed0aea37	gb:HM370977|Organism:Influenza	96.591	176	5	1	211	386	280	106	2.15e-77	291
896989f4-afaa-4212-8d8f-482fed0aea37	gb:HM370977|Organism:Influenza	99.057	106	1	0	112	217	1439	1334	2.24e-47	191
f2db96ae-8e4c-4140-a6d5-b36424d48cfa	gb:HM370966|Organism:Influenza	98.233	283	4	1	1	283	2220	1939	8.57e-139	494
834e79c3-ca42-44c4-b409-6f75ed379044	gb:HM370972|Organism:Influenza	94.755	286	8	6	1	282	2046	2328	4.06e-122	438
b29a4f37-1fb3-41ce-b0f4-e4d0734c18d3	gb:HM370979|Organism:Influenza	97.706	872	9	10	1	868	13	877	0.0	1489
ba3d82e1-571e-4354-bd99-d0d66926de5b	gb:HM370979|Organism:Influenza	94.533	878	14	25	1	852	12	881	0.0	1325
00d59616-b476-4910-8f8e-8c330160a0df	gb:HM370966|Organism:Influenza	94.681	282	10	5	3	280	1940	2220	1.87e-120	433
e0934224-fa25-4fb9-9e33-1a2181adc20a	gb:HM370966|Organism:Influenza	95.775	284	7	5	1	281	1939	2220	1.44e-126	453
69f22484-5636-4e9c-bedd-3a643a934919	gb:KY551014|Organism:Influenza	91.349	289	13	6	1	283	1917	2199	6.92e-106	385
3fcc53dd-9a8d-4f50-ac1e-8f01df98d018	gb:HM370978|Organism:Influenza	96.269	268	3	7	15	276	748	1014	1.84e-120	433
98bdb499-f727-4530-94c6-7f36494d71f1	gb:HM370972|Organism:Influenza	98.252	286	0	5	1	284	2328	2046	2.39e-139	496
2153a03f-2c94-4438-ba84-ad917988adcd	gb:HM370966|Organism:Influenza	93.993	283	10	6	1	277	2220	1939	4.01e-117	422
1ffabc41-7528-4bce-8e33-6f124188ff10	gb:HM370972|Organism:Influenza	98.270	289	2	3	1	287	2328	2041	1.49e-141	503
577ef9f9-0dad-4107-8a84-052d4abd1a80	gb:HM370978|Organism:Influenza	97.716	1007	11	11	1	1000	1014	13	0.0	1722
5fc21af5-44a3-4e3c-bb71-0851074390fc	gb:HM370979|Organism:Influenza	93.600	875	26	25	1	856	13	876	0.0	1279
8733ab47-240d-45d1-b69f-b4d6cda62cb9	gb:HM370972|Organism:Influenza	98.587	283	2	2	1	281	2328	2046	1.83e-140	499
1776b926-ce07-4256-84aa-b6f8b95953ba	gb:HM370972|Organism:Influenza	96.575	292	4	5	99	388	2336	2049	3.39e-134	479
9ea8353d-6635-43f1-a37c-b05955907afa	gb:HM370972|Organism:Influenza	93.836	292	12	5	1	287	2046	2336	6.88e-121	435
e7230055-98ee-4a63-be28-ce88ae212cc6	gb:HM370979|Organism:Influenza	98.050	872	6	10	1	868	13	877	0.0	1506
a1737f6e-3611-4080-8f81-ffa952a9d4d2	gb:HM370979|Organism:Influenza	92.480	891	31	29	1	881	877	13	0.0	1242
face6446-1d46-4970-a33d-cca74fddbe3e	gb:HM370966|Organism:Influenza	93.151	292	7	10	1	289	2220	1939	1.95e-115	416
2a33eb0d-5577-44b2-87f3-19426dbac382	gb:HM370973|Organism:Influenza	98.373	922	4	6	1	914	2328	1410	0.0	1609
1b034c48-7261-4aaf-a7d7-a6af8552bce3	gb:HM370972|Organism:Influenza	98.592	284	0	4	1	281	2328	2046	1.83e-140	499
418b4bc6-460c-4789-801a-3006b5f552c2	gb:HM370972|Organism:Influenza	98.940	283	3	0	1	283	2046	2328	1.10e-142	507
2f17a170-32d9-4501-9f5b-4d8e7366efc2	gb:HM370966|Organism:Influenza	98.227	282	4	1	1	281	2220	1939	3.06e-138	492
7f3f4a58-1de1-40f3-8fb0-e65b51404abe	gb:HM370972|Organism:Influenza	97.895	285	3	2	1	284	2046	2328	1.11e-137	490
8801b6e6-09a9-471f-9f11-ca9c143a8b73	gb:HM370972|Organism:Influenza	99.296	284	1	1	1	284	2328	2046	2.38e-144	512
96beee70-e007-471f-be88-940b9312953d	gb:HM370972|Organism:Influenza	89.377	273	13	14	1	266	2328	2065	2.67e-89	329
9601d7b0-2d3f-41c7-a1ad-bd86f0167857	gb:HM370966|Organism:Influenza	91.216	296	15	10	1	291	1939	2228	4.23e-108	392
185f0612-f44b-4186-b96a-01432384f144	gb:HM370972|Organism:Influenza	95.455	286	7	6	1	283	2328	2046	5.23e-126	451
4ce7fac7-039c-4bdf-ab92-5e81ea41f248	gb:HM370972|Organism:Influenza	97.232	289	0	4	1	287	2046	2328	1.88e-135	483
8748a1fc-9d06-4869-aa68-93c3be884a41	gb:AF508693|Organism:Influenza	85.603	257	23	12	1	253	247	1	1.14e-67	257
a17e910f-3542-425d-8443-3b64fa8fa567	gb:HM370966|Organism:Influenza	96.454	282	4	3	1	276	2220	1939	8.46e-129	460
8febe8a7-71ca-40d4-8471-fe91cf6c5457	gb:HM370977|Organism:Influenza	97.445	548	8	6	1	544	1445	900	0.0	929
d6e7340d-538b-48f7-9f2f-360854283bb3	gb:HM370972|Organism:Influenza	99.270	274	0	2	1	272	2328	2055	8.97e-139	494
56ca1c9e-b8ca-44ab-bef6-0867bda92b6e	gb:HM370966|Organism:Influenza	97.193	285	4	4	1	284	2220	1939	2.41e-134	479
05a6eda2-16ea-4811-8d73-5ea2ec1b6438	gb:HM370966|Organism:Influenza	97.909	287	4	1	1	285	2220	1934	2.48e-139	496
8a058843-3c78-43ad-8586-a97023c5a585	gb:HM370979|Organism:Influenza	96.822	881	16	10	2	874	1	877	0.0	1461
8407334e-2148-42d4-a607-f8d798bb8c9e	gb:HM370979|Organism:Influenza	94.374	871	21	22	1	849	877	13	0.0	1312
f679268a-78f6-452f-a489-6271eee7217b	gb:HM370966|Organism:Influenza	96.809	282	6	2	1	279	2220	1939	5.12e-131	468
06937994-b7b3-42bd-858e-0403dad1b0b9	gb:HM370972|Organism:Influenza	96.045	177	3	4	1	173	2328	2152	3.68e-76	285
06937994-b7b3-42bd-858e-0403dad1b0b9	gb:HM370972|Organism:Influenza	100.000	38	0	0	157	194	50	13	1.12e-11	71.3
76b3886c-6c2e-425e-ad89-b0a2255625e8	gb:HM370966|Organism:Influenza	97.880	283	3	3	1	281	2220	1939	1.42e-136	486
e3cde7d3-e881-4640-8bf0-c890fbf373ff	gb:HM370972|Organism:Influenza	94.755	286	9	6	1	283	2328	2046	1.13e-122	440
bbe664a1-4feb-465b-a087-8b05ca5e5375	gb:HM370972|Organism:Influenza	92.701	137	6	2	1	135	2328	2194	4.49e-49	195
468275cd-44ae-49a8-a961-9196c3b9038b	gb:KX101128|Organism:Influenza	98.750	80	0	1	4	82	2320	2241	4.24e-33	141
fb12c11f-6b5f-432a-b21f-2635c2b2c921	gb:KX232513|Organism:Influenza	92.775	872	43	17	1	859	865	1	0.0	1243
1f3b4fd9-33bb-4a35-a810-37041b4ac316	gb:HM370972|Organism:Influenza	98.909	275	1	2	1	274	2328	2055	1.16e-137	490
7f3085ae-cfb2-44e8-a716-9b9ae7fb8b56	gb:HM370978|Organism:Influenza	100.000	250	0	0	19	268	990	741	2.28e-129	462
30319c68-cb32-4f4b-8f69-d121da2edf03	gb:HM370966|Organism:Influenza	95.423	284	11	2	1	284	1939	2220	5.25e-126	451
facf3538-2169-44e1-856e-a6629da490d1	gb:HM370957|Organism:Influenza	100.000	138	0	0	141	278	150	13	4.32e-67	255
facf3538-2169-44e1-856e-a6629da490d1	gb:HM370957|Organism:Influenza	97.279	147	2	2	1	147	2328	2184	7.23e-65	248
0cc343c7-7c5d-4623-b911-a8df58a562de	gb:HM370957|Organism:Influenza	96.403	139	3	2	14	150	12	150	1.00e-58	228
0cc343c7-7c5d-4623-b911-a8df58a562de	gb:HM370957|Organism:Influenza	89.474	152	9	6	144	295	2184	2328	6.13e-46	185
7085529d-72fa-49e9-a608-d572ad9960ab	gb:HM370966|Organism:Influenza	98.233	283	4	1	1	283	2220	1939	8.57e-139	494
b1a401e1-d808-4429-857c-c6d974dfa22a	gb:HM370972|Organism:Influenza	99.293	283	2	0	1	283	2328	2046	2.37e-144	512
2ff039b0-47e0-406c-8e18-7c234f4a0198	gb:HM370978|Organism:Influenza	96.749	1015	9	17	1	1004	13	1014	0.0	1670
a8be64e0-ba68-4860-a593-9f74ff706bfc	gb:HM370966|Organism:Influenza	91.034	290	10	13	1	282	2220	1939	8.97e-104	377
0d211f02-b8fe-4544-a62a-2768103d9cc2	gb:JN706699|Organism:Influenza	94.718	284	12	3	1	283	1939	2220	4.07e-122	438
8121b107-f841-4e35-a3a7-cd5c9c718c29	gb:HM370966|Organism:Influenza	97.173	283	4	3	1	280	2220	1939	3.07e-133	475
f98c9e00-79f4-47b4-9ebc-78dc1ba66abb	gb:HM370972|Organism:Influenza	93.023	301	10	5	6	301	2340	2046	2.61e-119	429
76d3fbd8-5909-41ff-95e6-082c8259f61e	gb:HM370973|Organism:Influenza	97.797	227	1	3	130	356	235	13	5.32e-107	388
76d3fbd8-5909-41ff-95e6-082c8259f61e	gb:HM370973|Organism:Influenza	97.163	141	2	2	1	140	2328	2189	2.04e-61	237
ceb358a6-68c2-4440-8b1f-515db0db49df	gb:HM370972|Organism:Influenza	99.648	284	0	1	1	284	2328	2046	5.11e-146	518
dd5a38c6-11dc-415f-b2d0-e184b5b387b8	gb:HM370972|Organism:Influenza	97.193	285	5	2	1	284	2046	2328	2.41e-134	479
9be2482d-0729-4e94-b640-8d12a87fafae	gb:HM370966|Organism:Influenza	91.667	264	11	10	17	270	1958	2220	4.01e-97	355
3e22b7ca-b8c0-4fb0-a090-117c99eacd41	gb:HM370972|Organism:Influenza	96.831	284	2	6	1	278	2046	2328	5.10e-131	468
4d128e43-5c73-442a-a40c-799a19d1e65c	gb:HM370966|Organism:Influenza	97.163	282	4	3	1	278	2220	1939	1.10e-132	473
d4011e9f-b199-4ba8-b5a6-ad420cfb90be	gb:HM370966|Organism:Influenza	97.518	282	6	1	1	281	1939	2220	6.62e-135	481
de8ecf9a-6d26-48fb-a349-a3af92c3f4b8	gb:HM370972|Organism:Influenza	99.648	284	0	1	1	284	2046	2328	5.11e-146	518
a55179a6-6805-4e22-ad0d-7d39aae3db5d	gb:CY064138|Organism:Influenza	86.944	1011	102	25	1	990	1	1002	0.0	1109
b40cf65f-6ce3-4cce-a666-1c124d81ecfe	gb:MH546994|Organism:Influenza	95.113	266	9	4	1	266	1927	2188	1.92e-115	416
09b4f82a-2c24-4c83-a264-9b85a42bf895	gb:HM370972|Organism:Influenza	97.552	286	1	4	1	283	2328	2046	5.16e-136	484
32e22464-0235-45f9-baee-6c29dfba986d	gb:HM370972|Organism:Influenza	98.551	276	4	0	4	279	2053	2328	3.93e-137	488
252c531c-c150-48e8-acab-ce7a24a152c9	gb:MH546994|Organism:Influenza	86.598	291	21	14	1	282	1927	2208	4.30e-82	305
6ea23c74-28b5-4831-8d7c-70aaa64b6987	gb:HM370966|Organism:Influenza	95.341	279	8	3	16	290	2216	1939	4.19e-122	438
ad32b5c8-777a-4c70-a930-6ad04afde809	gb:HM370972|Organism:Influenza	91.065	291	10	11	1	283	2046	2328	2.51e-104	379
0ab183fe-6f22-4c55-82a9-2d029c320ce1	gb:HM370977|Organism:Influenza	100.000	268	0	0	106	373	280	13	3.20e-139	496
0ab183fe-6f22-4c55-82a9-2d029c320ce1	gb:HM370977|Organism:Influenza	98.214	112	2	0	1	112	1445	1334	3.64e-49	196
e6d6f527-7907-4210-922c-b77ff417d921	gb:HM370966|Organism:Influenza	82.353	289	28	19	5	275	1945	2228	2.66e-59	230
a20f3e10-d067-4f74-9723-1537e493421d	gb:HM370966|Organism:Influenza	88.966	290	18	11	1	284	1939	2220	2.55e-94	346
cc239505-4aa3-4814-9e0f-5a3a30e4047a	gb:HM370966|Organism:Influenza	95.502	289	6	4	1	289	2220	1939	4.14e-127	455
28d891af-bfc7-4170-b12a-d9e66be6154e	gb:HM370966|Organism:Influenza	98.582	282	4	0	1	282	2220	1939	1.84e-140	499
6295447e-265c-4a9a-b7ca-c0cfe6b2c7a8	gb:HM370966|Organism:Influenza	96.099	282	10	1	1	281	1939	2220	3.10e-128	459
f2c7fa56-5a8a-461a-8ab9-cfb8c15756aa	gb:HM370972|Organism:Influenza	96.864	287	4	2	1	286	2046	2328	3.14e-133	475
fa3936b2-c722-4a8d-b13b-7cb697f1e5de	gb:HM370978|Organism:Influenza	98.209	1005	10	7	1	1000	13	1014	0.0	1749
e672e4a4-b829-4e9e-a788-19a7b29472f6	gb:HM370972|Organism:Influenza	99.647	283	1	0	1	283	2328	2046	5.09e-146	518
f3ef9ec3-fd37-4b15-b943-6bb2e8e821f3	gb:HM370972|Organism:Influenza	95.203	271	8	4	1	269	2046	2313	1.17e-117	424
90aaa9a8-4bf8-4cc8-8259-ec88a2c519b4	gb:HM370979|Organism:Influenza	96.629	890	16	12	4	887	887	6	0.0	1465
f7e1c051-a175-4293-9e5e-03f47c236745	gb:HM370973|Organism:Influenza	99.257	269	2	0	1	269	13	281	1.62e-136	486
7faafd31-0dac-4252-a49a-4a7151374c6a	gb:HM370972|Organism:Influenza	96.667	120	0	2	1	120	2328	2213	1.01e-49	196
a0f4ef20-2de1-47ad-8e94-6e1aa17638c5	gb:JN706699|Organism:Influenza	94.326	282	6	9	4	276	1940	2220	1.11e-117	424
13d9fd9e-cc56-4597-82cf-217c991b9c24	gb:HM370972|Organism:Influenza	97.527	283	3	2	1	279	2328	2046	6.57e-135	481
6fc80fc4-e36b-418e-8493-6f2cf7c86d6f	gb:HM370979|Organism:Influenza	98.963	868	3	5	1	865	877	13	0.0	1548
a8c4c910-e69c-4b6b-b677-9a1462513f06	gb:HM370972|Organism:Influenza	95.088	285	6	7	1	279	2046	2328	3.10e-123	442
db2e2474-7f3c-40ab-8ac2-92f7b60f25c6	gb:HM370966|Organism:Influenza	92.958	284	11	6	1	277	1939	2220	4.04e-112	405
49ee8c30-3714-4ee9-9325-ded96388da56	gb:HM370972|Organism:Influenza	95.470	287	1	8	1	279	2046	2328	6.67e-125	448
4ff6c911-7c03-4449-b4c1-a31d789a89c2	gb:HM370972|Organism:Influenza	97.153	281	2	4	4	278	2326	2046	1.42e-131	470
73da644c-3fcb-4838-b86a-25c795c27722	gb:HM370978|Organism:Influenza	95.294	85	2	2	1	83	1014	930	9.52e-31	134
43a4c562-28c0-4336-bb8b-ce4485b2672c	gb:HM370966|Organism:Influenza	93.426	289	8	8	1	285	1939	2220	5.35e-116	418
8887500c-1ef1-4bd0-ae8c-8f2182cc4db4	gb:HM370966|Organism:Influenza	96.853	286	5	2	1	286	1939	2220	3.14e-133	475
95e33aba-aa01-4573-8334-a49d87549310	gb:HM370972|Organism:Influenza	100.000	283	0	0	1	283	2328	2046	1.09e-147	523
bb913fc3-c999-4aec-8b23-d89531757ad9	gb:HM370979|Organism:Influenza	98.152	866	7	6	1	858	13	877	0.0	1502
6078bd51-863a-485d-8eb9-c6a7e039f656	gb:HM370966|Organism:Influenza	94.585	277	8	4	13	282	1944	2220	4.09e-117	422
93e3e9ba-a279-4c03-b3f5-45b86012a20b	gb:HM370972|Organism:Influenza	98.940	283	2	1	1	282	2328	2046	3.95e-142	505
749e3f60-ad57-4946-92c1-ddbfe8580fbd	gb:HM370972|Organism:Influenza	97.561	287	1	6	1	285	2328	2046	1.45e-136	486
233e4f2c-fa20-4647-8c07-05d2fbc5784a	gb:HM370966|Organism:Influenza	95.423	284	6	6	1	279	1939	2220	2.40e-124	446
91b94394-518a-467a-a9d7-3369dc9b6f83	gb:HM370966|Organism:Influenza	94.558	294	8	6	4	291	2230	1939	7.01e-125	448
18d3fe2c-799b-48c0-921d-157f1f26c03c	gb:HM370972|Organism:Influenza	96.127	284	4	4	1	278	2046	2328	1.10e-127	457
0838566c-5af6-48f9-a4a2-89fa8a1ed531	gb:HM370978|Organism:Influenza	98.031	254	3	2	1	252	741	994	2.17e-122	440
0838566c-5af6-48f9-a4a2-89fa8a1ed531	gb:HM370978|Organism:Influenza	82.632	190	18	13	245	421	974	787	3.17e-36	154
c56b7da7-4f8c-497e-97c4-57093989c6ec	gb:HM370966|Organism:Influenza	97.518	282	4	2	1	279	1939	2220	2.36e-134	479
82122a5f-3b9f-4cd1-9f46-13833bee8399	gb:JN706699|Organism:Influenza	97.917	288	5	1	9	296	1934	2220	6.93e-140	497
33b2659d-2d6e-42f0-a309-e6b7e9a82b84	gb:HM370966|Organism:Influenza	96.099	282	11	0	1	282	1939	2220	8.66e-129	460
46678a9a-ffbf-48d3-b4ec-241415f869a5	gb:HM370972|Organism:Influenza	96.842	285	2	3	1	280	2046	2328	1.43e-131	470
9ce2912e-4dd7-4f00-a52d-7d0ceb2ee53b	gb:HM370957|Organism:Influenza	99.377	321	1	1	273	593	335	16	1.41e-164	580
91171dc0-0323-4b0e-8556-4a50508a648b	gb:HM370966|Organism:Influenza	94.056	286	12	4	1	285	2220	1939	2.47e-119	429
65037b00-296d-49cc-bfc2-8ff141a611e1	gb:HM370972|Organism:Influenza	99.275	276	0	2	1	275	2328	2054	6.71e-140	497
1a49c89a-09a9-4732-b455-b39f33234880	gb:HM370977|Organism:Influenza	100.000	268	0	0	106	373	280	13	3.20e-139	496
1a49c89a-09a9-4732-b455-b39f33234880	gb:HM370977|Organism:Influenza	99.107	112	1	0	1	112	1445	1334	7.82e-51	202
021f59b1-5a36-45a1-afd7-5eec05f65c06	gb:HM370966|Organism:Influenza	96.113	283	6	4	1	279	2220	1939	1.11e-127	457
8a3fc18f-f3c2-4ce5-8435-73b17ad0f7f3	gb:HM370966|Organism:Influenza	90.459	283	13	13	7	280	1943	2220	8.97e-99	361
46503a79-8260-40c5-a167-21e11fab7f60	gb:HM370972|Organism:Influenza	86.395	294	15	19	1	275	2328	2041	7.22e-80	298
fa0fabf0-a2ad-4f6b-9a48-cee16c11b624	gb:HM370966|Organism:Influenza	88.971	272	15	11	1	264	2220	1956	4.23e-87	322
5b202090-d184-4193-b833-bec0ffac5234	gb:HM370972|Organism:Influenza	96.552	116	2	2	1	114	2213	2328	4.40e-48	191
711052f9-dcd2-4f25-9ddd-e7b9d8cf6202	gb:CY180433|Organism:Influenza	93.357	286	10	8	14	294	2208	1927	7.16e-115	414
13f8ed13-d14a-4395-b10e-0d7fc3f0294b	gb:HM370978|Organism:Influenza	92.308	260	13	6	14	271	268	14	2.43e-99	363
d786d553-9c25-417c-8334-2c0d998fc677	gb:HM370972|Organism:Influenza	94.444	288	8	7	1	285	2328	2046	1.48e-121	436
78d86fe8-dc7c-47dc-af7f-9f2bcd854591	gb:HM370966|Organism:Influenza	97.880	283	5	1	1	283	1939	2220	3.99e-137	488
24cfa200-da0f-4bca-b819-6f791ced611a	gb:HM370966|Organism:Influenza	97.527	283	5	2	1	282	1939	2220	1.85e-135	483
c77016be-5fca-4d69-818e-9048966c6453	gb:HM370979|Organism:Influenza	98.387	868	9	5	1	866	877	13	0.0	1520
5cf2e7ed-b860-404b-8c14-d3c481c19d72	gb:HM370972|Organism:Influenza	98.587	283	3	1	1	282	2046	2328	1.84e-140	499
f08212df-fdb0-440c-a807-24ad56812716	gb:HM370972|Organism:Influenza	94.737	285	5	9	1	277	2046	2328	5.15e-121	435
4648483e-fd1e-46dd-8ad1-eeb593cff8d5	gb:HM370972|Organism:Influenza	95.862	290	5	6	7	291	2041	2328	2.49e-129	462
6aee832b-15a5-4f33-8470-755397346774	gb:CY126514|Organism:Influenza	97.531	81	1	1	30	109	2236	2316	5.49e-32	137
8e3db975-bc65-48ab-a23b-8b86a339b30f	gb:HM370972|Organism:Influenza	99.303	287	0	2	11	295	2042	2328	5.32e-146	518
ac75b196-8096-45e5-841b-3edce2cba853	gb:HM370966|Organism:Influenza	98.582	282	3	1	1	281	2220	1939	6.58e-140	497
f05f193b-dc64-476a-babb-4eba4bf188d0	gb:HM370966|Organism:Influenza	95.455	286	6	6	1	283	2220	1939	1.88e-125	449
9b2854af-181b-4641-8787-2ecac508d972	gb:HM370972|Organism:Influenza	98.611	288	4	0	9	296	2041	2328	8.90e-144	510
650a08a5-d500-42d1-b595-55c0d24816f1	gb:HM370966|Organism:Influenza	96.503	286	5	3	1	285	1939	2220	5.24e-131	468
e6b68fef-53b6-4c04-9091-80635d6257de	gb:HM370979|Organism:Influenza	87.275	723	44	39	1	697	13	713	0.0	782
e6b68fef-53b6-4c04-9091-80635d6257de	gb:HM370979|Organism:Influenza	89.729	516	24	24	700	1201	501	1	7.92e-180	632
07f17b6e-1c9b-40a3-ba5c-f90fbacfd7ad	gb:HM370966|Organism:Influenza	91.901	284	14	6	4	283	2217	1939	4.16e-107	388
3cc84625-7835-432d-8dbf-fca3822133c0	gb:HM370972|Organism:Influenza	92.437	119	6	2	1	119	2213	2328	7.82e-41	167
f9324204-5d9b-4f97-9370-2adcefde3a6f	gb:HM370966|Organism:Influenza	97.895	285	3	2	1	285	2220	1939	1.12e-137	490
a2d17ac1-8a35-44bb-9b34-0862f21072d4	gb:HM370979|Organism:Influenza	95.429	875	17	19	1	862	877	13	0.0	1373
e4092223-e76b-4391-93db-3f405f917623	gb:HM370972|Organism:Influenza	95.035	282	9	4	5	285	2323	2046	4.11e-122	438
4d5176bd-0c19-4ab8-bff4-18b3fd95ca1c	gb:HM370972|Organism:Influenza	100.000	283	0	0	1	283	2328	2046	1.09e-147	523
203b463c-ef5d-4e9d-a49f-7779b028ae4c	gb:HM370972|Organism:Influenza	90.592	287	13	10	1	277	2328	2046	5.30e-101	368
9b3c5546-a589-4edd-b881-43a30c80fae2	gb:HM370972|Organism:Influenza	96.113	283	6	5	1	278	2328	2046	1.10e-127	457
5d713150-d765-4568-8603-54a56163e62d	gb:HM370979|Organism:Influenza	96.767	866	12	7	1	851	877	13	0.0	1430
6867bd32-7fed-4c25-8404-1d8afbc489c7	gb:JN706699|Organism:Influenza	89.492	295	18	10	104	393	1934	2220	1.29e-98	361
5675a3ff-3edc-40e7-8b14-44157ed85a2d	gb:HM370972|Organism:Influenza	95.775	284	10	2	1	283	2046	2328	1.12e-127	457
1c85befa-b14d-4a49-a5c1-3695b13ee99f	gb:MF146147|Organism:Influenza	89.394	264	21	6	1	261	272	13	3.03e-88	326
9bbd2ad6-751b-4ad2-ad4f-fba699dceab8	gb:HM370972|Organism:Influenza	97.213	287	3	5	1	286	2046	2328	6.75e-135	481
5daf7dc1-ee91-4af7-90fc-e6a31100e689	gb:HM370966|Organism:Influenza	97.535	284	5	2	1	284	1939	2220	5.18e-136	484
d04cdffe-b78f-4fac-a1f8-769e5a147993	gb:HM370972|Organism:Influenza	91.958	286	15	7	1	281	2328	2046	8.88e-109	394
caab8c2d-da47-4c80-a095-5931867bb4e3	gb:HM370966|Organism:Influenza	91.753	291	17	7	7	293	2226	1939	7.18e-110	398
68793841-1f5b-4164-9263-c611f097effa	gb:HM370972|Organism:Influenza	91.958	286	5	14	1	271	2328	2046	5.13e-106	385
68793841-1f5b-4164-9263-c611f097effa	gb:HM370972|Organism:Influenza	97.727	44	1	0	139	182	150	107	3.51e-13	76.8
0ec715b0-2378-494a-a426-647316549cba	gb:HM370966|Organism:Influenza	98.936	282	2	1	1	281	2220	1939	1.41e-141	503
3777c5e5-e4af-4845-a46f-77768de6f649	gb:HM370979|Organism:Influenza	97.356	870	8	10	1	860	13	877	0.0	1465
58bab865-34ba-4a9d-a0ac-043d2b9783e9	gb:HM370966|Organism:Influenza	96.466	283	4	5	1	278	2220	1939	2.37e-129	462
f960b124-59a1-4fb3-b560-5e769eebb14d	gb:HM370966|Organism:Influenza	98.582	282	3	1	1	281	1939	2220	6.58e-140	497
76e0e53a-045d-4883-b3e4-f146eb1afd7c	gb:HM370972|Organism:Influenza	94.346	283	10	6	1	277	2328	2046	2.40e-119	429
949cd00a-8fce-4c1c-a57a-fed8a1b99197	gb:HM370972|Organism:Influenza	98.233	283	3	2	1	281	2046	2328	8.51e-139	494
fb94ce71-fd42-4314-b763-c70c8024568b	gb:HM370978|Organism:Influenza	98.905	274	2	1	1	273	741	1014	3.83e-137	488
b3fcb452-83a2-4771-9c1b-18092925fe5e	gb:HM370972|Organism:Influenza	97.445	274	6	1	1	273	2046	2319	1.85e-130	466
6d3e43c2-ef8d-4352-956b-95b6c345a32a	gb:HM370966|Organism:Influenza	98.587	283	3	1	1	283	2220	1939	1.84e-140	499
57395821-24c8-45a2-b324-9a91723dbbfb	gb:HM370972|Organism:Influenza	96.479	284	8	2	1	283	2328	2046	5.20e-131	468
4468c816-4268-4a6e-8159-37a2e7d58930	gb:HM370957|Organism:Influenza	89.697	330	16	15	1	319	13	335	7.76e-112	405
4468c816-4268-4a6e-8159-37a2e7d58930	gb:HM370957|Organism:Influenza	100.000	44	0	0	407	450	44	1	1.49e-14	82.4
ddf88cd4-14c8-4844-945c-55c37c9260aa	gb:HM370966|Organism:Influenza	98.936	282	2	1	1	281	2220	1939	1.41e-141	503
5c5d860d-d7ea-454b-a526-5f1822093be8	gb:HM370972|Organism:Influenza	91.753	291	14	5	1	282	2046	2335	3.21e-109	396
2efc55d7-d140-41d7-8935-18c16b271e92	gb:HM370966|Organism:Influenza	94.276	297	10	6	1	296	1940	2230	8.97e-125	448
24aa41f6-1d83-4457-b485-dc54f8dc97e8	gb:HM370966|Organism:Influenza	97.518	282	6	1	1	281	1939	2220	6.62e-135	481
b5b0b9b0-2713-4842-9e19-9caf256a3aa3	gb:HM370979|Organism:Influenza	96.313	868	16	10	1	855	13	877	0.0	1411
bb60ac59-6934-41db-b6ae-55f6831e60de	gb:HM370972|Organism:Influenza	92.632	285	11	7	1	277	2328	2046	5.22e-111	401
3eefc4e4-565e-4ba1-a85b-3e60bedf5192	gb:HM370966|Organism:Influenza	95.357	280	7	6	5	280	2216	1939	1.12e-122	440
1585a202-920d-4557-8f9d-83637987635d	gb:HM370978|Organism:Influenza	97.998	999	11	6	5	994	1011	13	0.0	1725
a1aaa378-48e3-43cf-9491-16bb0cf195f3	gb:HM370972|Organism:Influenza	98.940	283	3	0	1	283	2328	2046	1.10e-142	507
83b9d72c-74a9-4539-bbfb-57da91a08706	gb:HM370966|Organism:Influenza	95.390	282	8	4	5	282	1940	2220	8.72e-124	444
df02cc5a-d693-4ef2-8c5d-f81a4a314f41	gb:HM370979|Organism:Influenza	96.347	876	12	13	1	867	13	877	0.0	1423
93e22e4f-7cf1-4d13-8c0d-5396d429352b	gb:EU081870|Organism:Influenza	100.000	33	0	0	1	33	13	45	3.16e-09	62.1
bd9276c2-8aa6-4197-820a-7d75ce398ab7	gb:HM370972|Organism:Influenza	88.851	296	16	12	112	401	2044	2328	1.03e-94	348
f4ff6500-e7f3-411b-a985-54774d69862d	gb:HM370966|Organism:Influenza	98.227	282	3	1	1	280	2220	1939	3.05e-138	492
49e651ef-1840-45d2-8560-72076ab1e5b1	gb:CY120680|Organism:Influenza	88.475	295	15	14	1	284	2208	1922	4.35e-92	339
7253c075-e29d-440b-828f-fc7e8a914e3a	gb:HM370978|Organism:Influenza	88.213	263	19	11	1	254	13	272	1.38e-81	303
16eccd17-e9b1-4d19-8a5c-a955d1535eff	gb:HM370972|Organism:Influenza	96.939	294	4	5	123	414	2336	2046	6.00e-137	488
07e029f7-300b-421b-b556-60e9b3a847e0	gb:CY137077|Organism:Influenza	90.493	284	13	12	7	284	1925	2200	2.53e-99	363
d62e15f4-5e73-49c5-a594-f0ebf3eff141	gb:HM370966|Organism:Influenza	99.283	279	2	0	15	293	1942	2220	4.11e-142	505
afe92c95-f89c-479c-a47a-1db2e642f7cf	gb:HM370978|Organism:Influenza	97.327	1010	14	6	1	1005	1014	13	0.0	1703
ee00651b-1e5e-4ced-842b-61d6ac46b1c0	gb:HM370972|Organism:Influenza	90.288	278	18	8	15	283	2323	2046	4.22e-97	355
733d6c70-31b9-4ffc-967a-4ec153d13ada	gb:HM370966|Organism:Influenza	97.163	282	4	4	1	278	2220	1939	1.10e-132	473
903f83d7-8da4-4041-8ce1-c6fab2b638cb	gb:HM370972|Organism:Influenza	97.561	287	2	4	1	286	2328	2046	1.45e-136	486
d78f142f-e679-4a59-a6e2-f77a85fa3b4b	gb:HM370972|Organism:Influenza	99.296	284	1	1	1	284	2046	2328	2.38e-144	512
1fe0ca44-b97e-4f36-856f-190d2a7c3f8f	gb:HM370978|Organism:Influenza	96.607	1002	14	16	1	991	1014	22	0.0	1644
9c009f75-c3dc-4335-8e3f-142f37141e33	gb:MG279893|Organism:Influenza	84.416	77	6	4	1	73	803	877	3.25e-12	71.3
d37663f6-30a5-415f-ab0a-8e36330600e2	gb:HM370972|Organism:Influenza	88.811	286	17	15	1	274	2046	2328	1.48e-91	337
7ecbbd0a-e8f9-45e5-bab6-9e2d9c32551d	gb:HM370957|Organism:Influenza	100.000	135	0	0	135	269	150	16	1.95e-65	250
7ecbbd0a-e8f9-45e5-bab6-9e2d9c32551d	gb:HM370957|Organism:Influenza	81.046	153	9	15	1	141	2328	2184	1.61e-21	104
ff2a5440-fbbd-4818-ac75-cc0d1b3afdb8	gb:HM370973|Organism:Influenza	97.706	218	3	2	1	218	2328	2113	1.71e-102	374
ff2a5440-fbbd-4818-ac75-cc0d1b3afdb8	gb:HM370973|Organism:Influenza	98.964	193	0	1	215	405	205	13	1.34e-93	344
8dffcfbf-b65e-47cb-b6bb-c16f22687cda	gb:HM370972|Organism:Influenza	97.895	285	2	4	1	283	2328	2046	1.11e-137	490
8bb8e6da-53a3-46f3-a441-14a536d935e7	gb:HM370966|Organism:Influenza	95.760	283	7	4	1	279	1939	2220	5.15e-126	451
96595ebc-b906-4c0d-9950-ffb4fe83bb92	gb:HM370972|Organism:Influenza	97.193	285	1	6	1	280	2046	2328	3.07e-133	475
56bad832-36b3-4966-af03-ff8b934066fc	gb:HM370966|Organism:Influenza	98.000	250	2	1	1	247	2220	1971	6.55e-120	431
e6ee2da4-e5e0-4f6d-b826-d9f894259c45	gb:HM370972|Organism:Influenza	99.296	284	0	2	1	283	2046	2328	2.37e-144	512
19d88944-af81-4f47-b436-4121d8dddace	gb:HM370972|Organism:Influenza	100.000	116	0	0	1	116	2213	2328	2.67e-55	215
b5b1114a-ee72-4219-acb1-48e550476a5c	gb:HM370966|Organism:Influenza	95.789	285	11	1	10	294	2222	1939	3.26e-128	459
a6cfd816-0e73-4589-9f2a-8134de625100	gb:HM370972|Organism:Influenza	97.535	284	4	3	1	282	2046	2328	1.85e-135	483
4bd33405-6cbd-4d16-a584-eb08eb6315a4	gb:HM370966|Organism:Influenza	98.227	282	3	1	1	280	1939	2220	3.05e-138	492
c8eb42b3-fbe6-4b92-a94a-b120796dcc98	gb:HM370978|Organism:Influenza	96.751	277	0	4	1	271	1014	741	1.39e-126	453
7c23a955-0af6-4089-b680-688e792b8ba3	gb:HM370978|Organism:Influenza	94.245	278	5	10	1	271	1014	741	6.55e-115	414
8e79d50b-edbe-4fab-96c7-6da913fdb46c	gb:HM370979|Organism:Influenza	95.080	874	18	19	1	863	877	18	0.0	1352
5586f4c1-a9ae-4398-872c-fff942b827c3	gb:HM370972|Organism:Influenza	98.621	145	2	0	146	290	2184	2328	1.26e-67	257
5586f4c1-a9ae-4398-872c-fff942b827c3	gb:HM370972|Organism:Influenza	94.631	149	5	2	4	152	5	150	9.86e-59	228
8acabf68-67cd-4716-8569-5c2c56d7b94b	gb:HM370972|Organism:Influenza	97.880	283	3	3	1	280	2328	2046	1.42e-136	486
2cd94a72-92cd-4122-b3bd-8594872d9b88	gb:HM370966|Organism:Influenza	91.135	282	14	7	1	271	2220	1939	4.00e-102	372
c7f018ed-903e-4e86-ad52-9204048b80ad	gb:HM370966|Organism:Influenza	96.113	283	8	3	1	281	1939	2220	3.10e-128	459
1f3c711f-313d-4671-8206-73b57af470e1	gb:HM370972|Organism:Influenza	98.233	283	3	2	1	281	2328	2046	8.51e-139	494
a6fc587c-9c11-4aea-a3a3-cb24f1c93367	gb:HM370972|Organism:Influenza	91.667	120	2	4	1	117	2214	2328	1.28e-38	159
ab374d44-694e-41f2-84e5-0bbd667dc97d	gb:MG279893|Organism:Influenza	100.000	75	0	0	1	75	803	877	9.15e-33	139
69ef095c-718a-490a-8a26-58e9920a9d4c	gb:HM370966|Organism:Influenza	98.936	282	2	1	1	281	2220	1939	1.41e-141	503
5c251c1b-1402-4b5b-a8c3-3b9a55e06701	gb:HM370972|Organism:Influenza	88.380	284	8	18	1	269	2328	2055	5.41e-86	318
5c251c1b-1402-4b5b-a8c3-3b9a55e06701	gb:HM370972|Organism:Influenza	97.727	44	1	0	145	188	150	107	3.59e-13	76.8
e0df1d89-4016-4931-8720-525992157d62	gb:HM370973|Organism:Influenza	99.482	193	1	0	1	193	13	205	7.93e-96	351
e0df1d89-4016-4931-8720-525992157d62	gb:HM370973|Organism:Influenza	95.833	216	5	4	190	401	2113	2328	3.69e-94	346
b45365ea-a32c-4bfa-b7a0-7977d3a789ca	gb:HM370972|Organism:Influenza	98.601	286	1	1	1	286	2046	2328	1.44e-141	503
694f0fe6-350e-4090-8fd7-35a1e6148603	gb:HM370972|Organism:Influenza	98.246	285	2	3	1	284	2328	2046	2.39e-139	496
7b211170-b6d4-494b-b55f-6fcc09c52701	gb:HM370966|Organism:Influenza	96.127	284	8	3	1	283	2220	1939	8.70e-129	460
ce8747e0-12a7-4bc8-b3b3-7cc35e1f67a1	gb:HM370972|Organism:Influenza	97.849	279	2	3	5	281	2322	2046	2.38e-134	479
9c05d5c3-90c2-46cd-8c79-6908b34f58e7	gb:HM370966|Organism:Influenza	95.455	286	6	5	1	283	1939	2220	1.88e-125	449
b3ae8a90-ad86-456d-b01c-68a412f9d180	gb:HM370978|Organism:Influenza	98.327	1016	6	8	4	1012	1024	13	0.0	1772
dafa3951-4736-4858-8cd7-daa45bfc1708	gb:HM370966|Organism:Influenza	97.872	282	3	2	1	279	1939	2220	5.08e-136	484
405a8e34-9995-4002-a698-00a4165834c7	gb:HM370966|Organism:Influenza	97.872	282	5	1	1	281	2220	1939	1.42e-136	486
f8e85cbf-6d05-4464-820b-6e846a80c93a	gb:HM370976|Organism:Influenza	88.836	421	21	21	58	455	1135	1552	1.42e-138	494
f8e85cbf-6d05-4464-820b-6e846a80c93a	gb:HM370976|Organism:Influenza	97.015	67	2	0	1	67	441	507	4.66e-24	113
81af6433-875a-4539-a206-b4014741bfb7	gb:HM370972|Organism:Influenza	93.471	291	6	8	1	286	2328	2046	1.49e-116	420
68456d8a-ad89-4380-9e59-ea3271a10360	gb:HM370978|Organism:Influenza	98.018	1009	11	6	1	1007	13	1014	0.0	1744
15b439de-b185-49ee-bea4-386f80a67d75	gb:HM370966|Organism:Influenza	97.527	283	6	1	1	283	1939	2220	1.86e-135	483
8075e6e9-33f8-47c7-8f22-3258cbefd5e3	gb:HM370966|Organism:Influenza	97.872	282	4	1	1	280	1939	2220	1.42e-136	486
1c762c73-80ee-42af-a9a0-689735ec54e8	gb:KX979005|Organism:Influenza	97.500	120	1	2	7	125	2210	2328	6.34e-52	204
2a0af492-9c22-4970-82e2-264d17c767a0	gb:HM370972|Organism:Influenza	95.070	284	9	4	1	280	2046	2328	3.11e-123	442
00f83cd3-003d-473f-b923-b2d54ac35671	gb:HM370972|Organism:Influenza	97.348	264	2	5	1	260	2328	2066	8.69e-124	444
ea7c7d03-01a0-46a1-bb89-a69f18b62853	gb:CY042423|Organism:Influenza	100.000	30	0	0	1	30	13	42	1.43e-07	56.5
eda566d7-848a-4ab2-a4d2-6a6d920428a3	gb:HM370966|Organism:Influenza	98.936	282	3	0	1	282	2220	1939	3.95e-142	505
a031af7f-3d1c-411d-b19c-df1f79681d86	gb:HM370972|Organism:Influenza	96.939	294	2	5	1	293	2328	2041	1.53e-136	486
86ff610f-fab5-4237-889f-1efa2182edff	gb:HM370978|Organism:Influenza	97.417	271	1	5	1	268	272	5	1.06e-127	457
cdbd83c1-9a19-4911-8b2d-f4a763c76a3e	gb:HM370966|Organism:Influenza	98.582	282	4	0	1	282	1939	2220	1.84e-140	499
5e98b1c2-bc8a-4c55-a503-8e11e74d4249	gb:HM370977|Organism:Influenza	97.253	546	8	6	4	544	1443	900	0.0	918
77c5c5ac-59a4-4753-8040-aa4590b092d6	gb:KF972090|Organism:Influenza	100.000	83	0	0	27	109	2245	2327	5.45e-37	154
eec72fe9-c7f9-4f8b-9734-b94fe4c78f69	gb:HM370979|Organism:Influenza	96.667	870	6	19	1	852	13	877	0.0	1424
576198ac-28fa-41e2-8623-2b798d8f46ef	gb:HM370972|Organism:Influenza	97.213	287	2	5	1	285	2328	2046	6.73e-135	481
e4ab60bd-3e34-4bb8-9cac-77d85d3b45ac	gb:HM370966|Organism:Influenza	96.127	284	8	3	1	283	2220	1939	8.70e-129	460
d595c915-cde4-47e4-894d-0fce6b8d9d6e	gb:HM370966|Organism:Influenza	94.539	293	8	6	6	296	1934	2220	2.55e-124	446
2fe49bf9-2887-43e5-aa9b-fd9722595b4c	gb:HM370966|Organism:Influenza	94.964	278	11	2	6	280	1943	2220	1.87e-120	433
254e7323-c5b3-4049-b28e-315fceaefdb9	gb:HM370972|Organism:Influenza	96.715	274	4	5	1	271	2328	2057	5.51e-126	451
a9d20199-8b5e-4f77-8cde-e33b50372226	gb:HM370972|Organism:Influenza	95.088	285	6	5	1	279	2328	2046	3.10e-123	442
b07d9277-adda-40bf-bf7e-8f74ae1f4e4e	gb:HM370978|Organism:Influenza	96.739	276	3	5	1	272	1014	741	3.87e-127	455
45985943-3c9d-4ef3-a822-7df547f426ab	gb:HM370966|Organism:Influenza	97.518	282	5	2	1	280	1939	2220	6.60e-135	481
7d3c2725-cd86-4b0b-bbe7-7548afef2093	gb:HM370972|Organism:Influenza	94.718	284	10	5	1	280	2046	2328	1.45e-121	436
562f3ea5-8f55-4f9b-86c1-a6b6a7a665ee	gb:HM370978|Organism:Influenza	96.630	1009	15	16	1	997	1014	13	0.0	1657
f0f6da5d-1349-44b8-a93b-a10304873d4e	gb:HM370972|Organism:Influenza	99.653	288	0	1	1	287	2328	2041	3.18e-148	525
fa34ae2b-dfa8-4625-9906-cd8a666a0aa2	gb:CY130003|Organism:Influenza	90.426	282	19	7	5	282	1931	2208	6.99e-100	364
c2673d76-ac9b-4f48-b439-04f0b80d57c7	gb:HM370966|Organism:Influenza	93.972	282	10	5	1	276	1940	2220	1.44e-116	420
fba82201-ffe4-4d0b-b2ee-9f1020324a27	gb:HM370978|Organism:Influenza	100.000	274	0	0	1	274	1014	741	1.06e-142	507
1436da4e-2614-49c7-b036-28abbb180247	gb:HM370977|Organism:Influenza	98.352	546	7	2	1	544	1445	900	0.0	957
82531ee5-c575-4a32-9a5d-65cf2f5ca65b	gb:HM370966|Organism:Influenza	94.755	286	6	5	1	281	1939	2220	1.45e-121	436
68d37421-d62d-429a-86d0-493a5d1eb7a5	gb:HM370966|Organism:Influenza	97.561	287	5	1	10	294	1934	2220	1.16e-137	490
613139c8-f725-4112-91bb-af6609d08b24	gb:HM370972|Organism:Influenza	93.103	116	7	1	1	115	2213	2328	2.08e-41	169
de4b3725-fa89-4e50-ade3-eada998d2042	gb:HM370972|Organism:Influenza	91.667	288	8	12	4	285	2323	2046	5.43e-106	385
dbc6345f-10de-4db0-9791-5cf1f6a19109	gb:HM370966|Organism:Influenza	96.503	286	3	7	1	283	2220	1939	1.87e-130	466
2c7e58f1-888e-4fec-b2bf-77ffbb5d0650	gb:HM370978|Organism:Influenza	91.007	278	15	9	1	272	1014	741	1.87e-100	366
46852d9d-2b97-4af1-a7d5-bbdd0bbde1fb	gb:HM370979|Organism:Influenza	99.072	862	4	3	5	863	873	13	0.0	1544
5707e87c-2520-4224-8b81-0a4bb44e9f91	gb:HM370972|Organism:Influenza	99.647	283	1	0	1	283	2328	2046	5.09e-146	518
31bfb302-decc-4320-abb9-dcf9d032d8eb	gb:HM370972|Organism:Influenza	99.647	283	0	1	1	282	2328	2046	1.82e-145	516
6525707e-47c8-4f82-952b-0ab42ca2ac26	gb:HM370972|Organism:Influenza	99.293	283	1	1	1	282	2046	2328	8.48e-144	510
79c8318b-56b0-4009-ba7d-a70599637295	gb:HM370972|Organism:Influenza	97.232	289	3	4	105	391	2043	2328	7.30e-136	484
b10eeab4-950f-4c88-98ff-f458adbd3acf	gb:HM370966|Organism:Influenza	98.233	283	2	3	1	281	2220	1939	3.06e-138	492
38b58057-7b51-4975-9f8e-e01b646791d5	gb:HM370966|Organism:Influenza	96.809	282	6	3	1	279	2220	1939	5.12e-131	468
eb183d1a-2416-418f-ad83-3e7ffc415ec2	gb:HM370972|Organism:Influenza	96.831	284	6	3	1	282	2328	2046	4.00e-132	472
4d247c09-c7a3-4730-a6ba-4d286c546bd5	gb:HM370979|Organism:Influenza	94.539	879	25	17	1	870	877	13	0.0	1336
ca25b63e-fc5c-49a6-ae61-f66ce30fae71	gb:HM370966|Organism:Influenza	95.789	285	6	6	1	282	2220	1939	4.03e-127	455
c31f631a-8716-4847-a8bb-e90d3e23262a	gb:HM370972|Organism:Influenza	97.414	116	0	1	1	113	2213	2328	3.36e-49	195
6a954fa0-0d6b-4c4f-b40f-71047dc08358	gb:HM370978|Organism:Influenza	96.538	260	3	4	1	254	272	13	2.82e-118	425
82378b18-825c-465d-856b-1fe23da8f832	gb:HM370966|Organism:Influenza	96.809	282	7	2	1	280	2220	1939	1.43e-131	470
90df9ef5-0637-4233-b3da-4e4921e6b919	gb:HM370966|Organism:Influenza	97.887	284	2	3	14	296	1940	2220	4.17e-137	488
1ba01b67-634f-4ab4-8bc9-bf3d49838f40	gb:HM370966|Organism:Influenza	97.880	283	3	3	1	281	1939	2220	1.42e-136	486
a5ba0e58-ce5f-4831-947c-d0aed9bdc637	gb:HM370972|Organism:Influenza	94.014	284	7	9	1	275	2046	2328	3.98e-117	422
c64d3499-cd66-4262-9a67-35e3061a1dfe	gb:HM370966|Organism:Influenza	96.113	283	8	3	1	281	1939	2220	3.10e-128	459
1834b19f-266b-4d4d-9a4c-daab8e474d88	gb:HM370972|Organism:Influenza	99.296	284	1	1	1	284	2046	2328	2.38e-144	512
d0679c32-1b73-4c59-82a3-119ddb7c2422	gb:HM370978|Organism:Influenza	98.400	250	1	3	296	542	765	1014	2.93e-121	436
2728bf66-e7b0-4572-a64d-eb642c6442e9	gb:HM370966|Organism:Influenza	97.527	283	3	2	1	280	2220	1939	6.60e-135	481
4a1bade8-48d1-406f-a4ce-e40bb3cf4d16	gb:HM370977|Organism:Influenza	94.366	213	5	5	1	209	1445	1236	2.33e-86	320
4a1bade8-48d1-406f-a4ce-e40bb3cf4d16	gb:HM370977|Organism:Influenza	92.683	123	8	1	237	359	1337	1458	5.33e-43	176
97e89e8e-c803-4a44-b36c-fc1721737b31	gb:HM370966|Organism:Influenza	97.887	284	4	2	1	284	1939	2220	1.11e-137	490
987c37c1-7364-4fe8-ba0f-a09122b7aca2	gb:HM370966|Organism:Influenza	96.113	283	5	6	1	279	1939	2219	1.11e-127	457
99123996-df58-4912-b881-5bce649e28dc	gb:HM370978|Organism:Influenza	96.014	276	6	4	1	273	1014	741	8.42e-124	444
d2bd4af2-8288-4d53-81fe-908ec1172c39	gb:HM370966|Organism:Influenza	90.175	285	21	7	1	281	2220	1939	6.96e-100	364
d2fc6952-d761-494c-979e-956e7c82536c	gb:HM370972|Organism:Influenza	96.540	289	4	4	1	289	2046	2328	1.14e-132	473
7811b64e-004d-4ec3-8191-371a8fdfa2c3	gb:HM370972|Organism:Influenza	98.162	272	0	4	1	270	2328	2060	1.42e-131	470
bc303bbb-821e-47aa-b1d0-ae0f66eaa2ac	gb:HM370979|Organism:Influenza	98.030	863	11	6	4	863	872	13	0.0	1495
297d25f3-65ca-4ffd-900e-768a847538f2	gb:HM370972|Organism:Influenza	99.306	288	1	1	6	292	2041	2328	1.46e-146	520
20b42ce0-002b-4352-b8d8-a9011dc4b7a9	gb:HM370979|Organism:Influenza	96.973	859	12	9	16	862	19	875	0.0	1430
1b6ccfff-d50f-48e1-95b4-8e4e50c2e685	gb:HM370978|Organism:Influenza	97.464	276	1	4	1	273	742	1014	1.80e-130	466
ee5626e2-7bb9-4d29-ad11-d5254596a54c	gb:HM370966|Organism:Influenza	97.887	284	4	2	1	284	1939	2220	1.11e-137	490
affd8563-9cb7-4342-ae48-5d970848a601	gb:HM370966|Organism:Influenza	93.594	281	9	4	107	378	1940	2220	1.21e-113	411
dae3f6a0-b600-41db-be21-7ce4b1c7a21b	gb:HM370979|Organism:Influenza	94.084	879	11	23	1	841	13	888	0.0	1297
3b328314-ce12-428e-b856-212e346a5ed5	gb:HM370979|Organism:Influenza	95.172	870	22	15	15	874	872	13	0.0	1356
f1ade096-2388-4c60-a2cc-8903fa8552ff	gb:CY139254|Organism:Influenza	94.340	106	5	1	1	105	2316	2211	5.05e-39	161
d4a0e84d-7bf5-4a1c-83ce-f5d74b5d9e87	gb:HM370978|Organism:Influenza	96.329	1008	11	18	1	988	13	1014	0.0	1633
2c4adb96-da30-4cd7-8654-530693798221	gb:JN706699|Organism:Influenza	86.395	294	15	20	106	381	1934	2220	9.92e-80	298
099cbfb0-ff6c-4f89-9b68-ebe89721e155	gb:KX859392|Organism:Influenza	86.505	289	19	17	2	280	1941	2219	1.99e-80	300
8ee53f64-1c26-4d35-b3ae-619032900a47	gb:HM370966|Organism:Influenza	96.820	283	7	2	1	282	1939	2220	4.00e-132	472
e7c18fc5-d5d6-401b-9a81-b286c7782622	gb:HM370966|Organism:Influenza	98.227	282	2	1	1	279	2220	1939	1.09e-137	490
ec316953-f6cb-4643-bccb-29c18ec9aaf8	gb:HM370966|Organism:Influenza	95.775	284	9	3	1	283	1939	2220	4.05e-127	455
bf546b72-4f33-4deb-a2be-946fc3757138	gb:HM370978|Organism:Influenza	96.000	275	6	5	1	271	741	1014	3.00e-123	442
6ecdd618-aeab-4cdf-a6ad-ae5079289004	gb:HM370966|Organism:Influenza	97.887	284	2	4	1	282	2220	1939	3.97e-137	488
a90b04db-7108-4d9f-924b-34433fd98bcd	gb:HM370966|Organism:Influenza	95.053	283	8	3	1	278	2220	1939	1.11e-122	440
24bba8b6-11c8-4bb6-bf6f-b6c189b5e86e	gb:HM370966|Organism:Influenza	98.921	278	2	1	10	286	1943	2220	2.41e-139	496
2f03dd40-cb02-453d-b64b-6c8dbad2f12a	gb:HM370972|Organism:Influenza	98.587	283	0	3	1	279	2046	2328	6.53e-140	497
9ebe9798-13c4-4dab-a876-ce5615ff6690	gb:HM370966|Organism:Influenza	98.233	283	4	1	1	283	1939	2220	8.57e-139	494
f81468a9-bf5a-4eb4-8842-373f16ee6e82	gb:HM370966|Organism:Influenza	96.853	286	4	5	1	285	1939	2220	1.13e-132	473
6f2ca228-6d78-4c6b-a5d1-208752f9f2a6	gb:KX254922|Organism:Influenza	96.739	92	1	2	27	117	2245	2335	2.44e-36	152
f9694748-21ad-4d6d-8c25-a5f0b63dcdcc	gb:HM370972|Organism:Influenza	93.127	291	7	11	1	286	2046	2328	6.95e-115	414
a8984fc5-1633-4f4c-8473-0d0b1926647d	gb:KX978623|Organism:Influenza	94.035	285	9	8	1	280	1939	2220	3.14e-118	425
8b33ba48-3079-401a-9e4c-bd7b2754a59d	gb:HM370972|Organism:Influenza	98.905	274	0	3	1	273	2328	2057	1.45e-136	486
625053f3-a9a4-49aa-8f7d-64941f961a54	gb:JN706699|Organism:Influenza	94.982	279	10	4	1	277	1939	2215	5.21e-121	435
77de0465-8a69-49ed-b5df-019dd407250d	gb:HM370978|Organism:Influenza	97.517	1007	12	9	1	999	1014	13	0.0	1709
87117983-8585-415d-8323-7a519fc7dc36	gb:HM370972|Organism:Influenza	99.647	283	0	1	1	282	2328	2046	1.82e-145	516
5b064771-9f33-44b6-b711-108fb138cc89	gb:HM370972|Organism:Influenza	92.632	285	8	9	1	274	2046	2328	6.67e-110	398
ac7a4128-3816-4e00-abf2-26c75a629248	gb:HM370966|Organism:Influenza	97.527	283	4	3	1	281	2220	1939	6.62e-135	481
08d2a345-060c-4359-b5af-99199c11c68a	gb:HM370966|Organism:Influenza	98.936	282	3	0	1	282	2220	1939	3.95e-142	505
02832cfa-ae1e-4c1a-adfa-af4aeda99538	gb:HM370972|Organism:Influenza	92.784	291	9	10	1	287	2046	2328	9.02e-114	411
f1b82f47-6e96-48ff-bbf9-00fd2159a4d1	gb:HM370979|Organism:Influenza	96.833	884	11	14	1	878	877	5	0.0	1461
441463fa-42cd-4f03-a4ca-1fbbbf76ccb4	gb:HM370972|Organism:Influenza	95.470	287	5	6	1	283	2046	2328	5.23e-126	451
822275a7-9b28-4e5f-93da-4c4b54402a19	gb:HM370966|Organism:Influenza	91.986	287	10	12	1	279	2220	1939	1.14e-107	390
4723bdec-902e-4344-b19d-60344f9ba509	gb:HM370972|Organism:Influenza	94.077	287	10	6	1	284	2046	2328	2.46e-119	429
93d389a7-41d3-4028-9dc5-1580795b163e	gb:HM370972|Organism:Influenza	88.153	287	14	15	1	271	2046	2328	1.14e-87	324
8b3ac45b-1d32-4156-97d4-e7ae583faea6	gb:HM370966|Organism:Influenza	96.853	286	4	3	1	285	2220	1939	1.13e-132	473
78d86d41-f23e-4353-be67-b13e20f0f5ae	gb:MG279893|Organism:Influenza	98.780	82	0	1	1	81	803	884	2.43e-34	145
0763fe3f-8b66-427b-9f72-5a273d6b355c	gb:HM370972|Organism:Influenza	99.296	284	1	1	1	284	2046	2328	2.38e-144	512
9bf94dab-f0de-45a2-8f4e-9c5d906047dd	gb:KF972090|Organism:Influenza	88.235	85	5	5	28	109	2245	2327	9.31e-20	97.1
85083587-ae6b-45ba-87a3-f317af13f56b	gb:HM370978|Organism:Influenza	99.302	1003	2	4	1	999	1014	13	0.0	1808
08ea15e3-6a37-4154-8b71-01ffa05ae542	gb:HM370966|Organism:Influenza	94.406	286	8	6	1	282	2220	1939	1.89e-120	433
56622419-17e5-4371-8174-61bf07198556	gb:HM370966|Organism:Influenza	98.201	278	3	1	95	372	1945	2220	6.92e-136	484
c573e485-ceb6-48ed-829d-406a09ced4a6	gb:HM370966|Organism:Influenza	96.587	293	6	3	4	293	2230	1939	1.93e-135	483
c72a9c36-c6fc-4a98-bcbe-39ce9b448025	gb:HM370972|Organism:Influenza	92.857	154	8	2	1	151	2328	2175	1.51e-56	220
35eb4b24-13a9-4644-bf73-cb72902f516e	gb:HM370966|Organism:Influenza	93.190	279	7	7	4	271	2216	1939	1.83e-110	399
bed909f7-5ff8-458f-90e6-6feaa604118a	gb:HM370978|Organism:Influenza	92.500	280	9	10	1	274	1014	741	1.12e-107	390
7c2a164d-3140-46ef-8638-538c030a7bc8	gb:HM370979|Organism:Influenza	97.005	868	11	10	1	856	877	13	0.0	1445
11f3890b-6d10-441b-9c7c-b36325f477b8	gb:HM370972|Organism:Influenza	96.864	287	4	5	1	286	2328	2046	3.27e-133	475
ed11511f-e4be-49eb-a75d-09909bde460f	gb:HM370979|Organism:Influenza	97.123	869	8	13	1	856	877	13	0.0	1450
95e3870c-0668-4df7-ad7b-5f1389b80c70	gb:HM370972|Organism:Influenza	92.361	288	10	10	1	281	2328	2046	1.91e-110	399
1dcd4e71-9f19-4ab2-a721-bce317216744	gb:HM370972|Organism:Influenza	95.819	287	4	4	1	283	2046	2328	1.12e-127	457
ebbdc318-dae8-426e-a28b-7b367a93ed2f	gb:HM370966|Organism:Influenza	96.466	283	5	4	1	279	1939	2220	2.38e-129	462
2a0a217e-2a7f-44c6-86bc-64f9d2aaea85	gb:HM370972|Organism:Influenza	99.138	116	1	0	1	116	2213	2328	1.24e-53	209
7567ae09-d4d7-4eac-b223-eb61a298ee2e	gb:HM370972|Organism:Influenza	100.000	116	0	0	1	116	2213	2328	2.67e-55	215
d7aefc6f-ad8b-4e91-bacc-e5343c2b1ff8	gb:HM370978|Organism:Influenza	95.775	284	3	7	104	380	1022	741	2.58e-125	449
9b576900-33b0-4cdf-840e-92da2ea82bdc	gb:KX101128|Organism:Influenza	100.000	78	0	0	14	91	2318	2241	3.59e-34	145
bd8a1acc-daa4-43eb-a3d0-56f05239643f	gb:HM370978|Organism:Influenza	95.019	261	4	6	1	253	272	13	4.72e-111	401
8e02ff37-da69-44e0-aaa1-6a00ff363c0e	gb:HM370966|Organism:Influenza	97.518	282	4	1	1	279	2220	1939	2.36e-134	479
9884e8e9-e242-4a05-9034-31326da2ae92	gb:HM370972|Organism:Influenza	94.774	287	9	6	1	285	2328	2046	3.17e-123	442
