189b7555-4dce-4fcf-9c1f-36cf354ec742	gb:HM370978|Organism:Influenza	97.091	275	7	1	1	275	1014	741	2.34e-129	462
eeddca5c-d8b9-452b-b52b-77a338380948	gb:HM370972|Organism:Influenza	94.056	286	6	10	1	278	2328	2046	1.12e-117	424
33aa365f-c21c-4ac7-a9ca-ae35b2994f41	gb:HM370978|Organism:Influenza	96.727	275	4	5	1	271	1014	741	1.39e-126	453
cdd32237-1178-46f4-9227-aca358969999	gb:HM370972|Organism:Influenza	100.000	283	0	0	1	283	2046	2328	1.09e-147	523
d6f5943f-6018-469e-88b5-993676c6ff93	gb:HM370972|Organism:Influenza	92.509	267	7	9	1	258	2046	2308	1.47e-101	370
176ed57b-a81d-40f9-a4f2-5f9e125032de	gb:HM370976|Organism:Influenza	90.266	1089	57	37	48	1110	487	1552	0.0	1378
5493f011-5f32-4fa3-88de-72e81b15d4ea	gb:HM370957|Organism:Influenza	95.686	255	2	5	1	247	13	266	7.93e-111	401
5493f011-5f32-4fa3-88de-72e81b15d4ea	gb:HM370957|Organism:Influenza	92.090	177	4	6	242	409	2166	2341	1.83e-62	241
246a9b9f-c620-49d6-807b-fa3581ef6fd0	gb:CY140154|Organism:Influenza	87.823	271	16	10	15	268	999	729	5.25e-81	302
3191c22f-a047-4ca9-837e-89f0d19725ee	gb:HM370978|Organism:Influenza	99.275	276	0	2	1	276	741	1014	6.45e-140	497
455e906c-ad8b-4c27-a850-ebe70670b524	gb:HM370973|Organism:Influenza	87.725	334	19	15	73	399	2014	2332	2.23e-101	370
b0305447-5c4b-49fb-be02-f023e561fef0	gb:HM370978|Organism:Influenza	96.751	277	6	3	1	277	1014	741	3.06e-128	459
128159f3-966d-4dfe-8b6e-1d8c84b31a03	gb:HM370978|Organism:Influenza	100.000	274	0	0	1	274	1014	741	1.06e-142	507
9754e5ea-f50f-468e-a850-157c488807e0	gb:HM370957|Organism:Influenza	100.000	254	0	0	158	411	266	13	2.15e-131	470
9754e5ea-f50f-468e-a850-157c488807e0	gb:HM370957|Organism:Influenza	100.000	163	0	0	1	163	2328	2166	8.32e-81	302
d916f5ed-4458-4252-8975-9c8aa8cf0ba0	gb:HM370966|Organism:Influenza	91.228	285	14	10	1	280	1939	2217	9.49e-104	377
700c1147-205a-45bc-a2e4-8ff3fdbd931d	gb:HM370972|Organism:Influenza	96.831	284	3	5	1	279	2046	2328	1.42e-131	470
fa35de0e-ed2b-47ba-a8db-a400d3e29f7b	gb:HM370966|Organism:Influenza	95.775	284	6	5	1	280	2220	1939	1.44e-126	453
d9a1d25d-e3eb-498b-89ff-ae87a99826d6	gb:HM370972|Organism:Influenza	96.820	283	7	2	1	281	2046	2328	3.99e-132	472
9c6a1b63-0344-473f-b325-6d3564ef4f9d	gb:HM370977|Organism:Influenza	93.590	546	16	12	19	550	1440	900	0.0	797
089cefb0-0bd1-4f44-9c07-d8ac4fa9add3	gb:HM370972|Organism:Influenza	96.154	286	3	6	1	281	2046	2328	8.63e-129	460
b116d483-e830-4e0e-b15c-ec8c751e24ce	gb:HM370966|Organism:Influenza	97.561	287	2	3	1	282	2220	1934	1.47e-136	486
bc18f812-b997-4008-930d-1557204f9471	gb:HM370979|Organism:Influenza	97.803	865	13	5	4	865	874	13	0.0	1487
c2b93e61-ad28-442b-a92d-429214dd8d34	gb:HM370977|Organism:Influenza	91.985	549	23	18	1	531	1445	900	0.0	750
9790cd1c-1b3f-488c-a8ad-39fb764e631e	gb:HM370966|Organism:Influenza	92.708	288	13	7	1	286	1939	2220	3.23e-113	409
bd372985-7122-4666-a089-064ba1f89990	gb:HM370966|Organism:Influenza	96.947	262	5	3	19	278	1960	2220	1.44e-121	436
b92b1c4d-6f9f-4b60-ac58-99fee95d44fe	gb:HM370966|Organism:Influenza	99.291	282	2	0	1	282	1939	2220	8.48e-144	510
e18ebb34-e6aa-4b5f-8ccd-e3ac20b323c7	gb:HM370977|Organism:Influenza	89.312	552	21	24	1	520	900	1445	0.0	658
2cea277a-33e9-4f3d-a84d-336bec8d8fd7	gb:HM370972|Organism:Influenza	98.587	283	2	2	1	281	2328	2046	1.83e-140	499
0cc9327f-76be-4a39-a673-bcfa23d60655	gb:HM370972|Organism:Influenza	96.479	284	6	3	1	281	2046	2328	1.85e-130	466
94e7eeec-789d-4422-b3ef-293c068de10d	gb:HM370978|Organism:Influenza	96.751	277	5	3	1	276	1014	741	3.04e-128	459
036bd438-2c8d-452d-91b2-731108500870	gb:HM370978|Organism:Influenza	95.833	1008	18	21	1	990	13	1014	0.0	1607
8fac20e9-abb4-4ee9-800f-e2f99f711f79	gb:HM370972|Organism:Influenza	95.189	291	6	5	1	291	2328	2046	1.50e-126	453
aaa8dc97-8ef2-4d54-ae6d-d3d6529cda44	gb:HM370978|Organism:Influenza	97.455	275	4	3	1	273	741	1014	1.80e-130	466
84550c52-1650-4be3-9bdb-96ef8146c6cc	gb:HM370973|Organism:Influenza	97.890	237	4	1	1	236	2328	2092	4.36e-113	409
84550c52-1650-4be3-9bdb-96ef8146c6cc	gb:HM370973|Organism:Influenza	99.320	147	1	0	232	378	160	14	2.77e-70	267
c662549d-4082-4e62-9697-ca89979a01fd	gb:HM370966|Organism:Influenza	91.579	285	8	10	1	272	2220	1939	2.40e-104	379
c6d1e685-438e-4cc4-b2ac-b7edb4771e46	gb:HM370957|Organism:Influenza	99.203	251	1	1	188	437	263	13	8.33e-126	451
c6d1e685-438e-4cc4-b2ac-b7edb4771e46	gb:HM370957|Organism:Influenza	88.276	145	6	10	4	144	2338	2201	4.37e-39	163
6f1d2ee4-0fa4-41c5-9b5f-b3b650ace1fa	gb:HM370973|Organism:Influenza	98.739	238	2	1	1	238	2328	2092	5.68e-117	422
6f1d2ee4-0fa4-41c5-9b5f-b3b650ace1fa	gb:HM370973|Organism:Influenza	98.667	150	0	2	234	383	160	13	1.01e-69	265
1ebdfb13-7858-4b1b-917d-d1b49ed98fbc	gb:HM370978|Organism:Influenza	100.000	274	0	0	1	274	1014	741	1.06e-142	507
56327950-1d10-43b6-bcd9-0bd02a49b84b	gb:HM370972|Organism:Influenza	95.699	279	8	3	1	275	2328	2050	2.40e-124	446
d4a7c968-3d49-4f8f-bd2d-9f65ad482d67	gb:HM370977|Organism:Influenza	96.552	551	11	6	1	548	900	1445	0.0	905
18c8a471-8257-4665-ab1c-36660bdc10eb	gb:HM370978|Organism:Influenza	94.872	273	3	8	10	271	742	1014	1.82e-115	416
d35849ce-0a20-4a23-b0f2-cdf89d353356	gb:HM370978|Organism:Influenza	98.109	1005	7	8	1	996	1014	13	0.0	1740
87be8841-29dd-4e21-ac58-5e991695948c	gb:HM370977|Organism:Influenza	98.720	547	6	1	1	546	899	1445	0.0	970
27da52bf-c65d-433a-9a30-e13fa08bb9b1	gb:HM370972|Organism:Influenza	98.944	284	1	2	1	283	2328	2046	1.10e-142	507
53e62f65-4a78-4972-a5b9-669792e77d6f	gb:HM370978|Organism:Influenza	91.367	278	12	8	1	270	741	1014	1.43e-101	370
9e4f8727-85c6-48b0-9984-81b87ec892ed	gb:HM370972|Organism:Influenza	96.127	284	5	4	1	279	2328	2046	3.08e-128	459
97e30259-e085-453d-a391-b14eaf64c417	gb:HM370978|Organism:Influenza	98.221	281	2	3	1	280	1014	736	4.07e-137	488
d88c1b06-afb1-4b99-96ed-86599d704ca4	gb:HM370972|Organism:Influenza	97.183	284	5	3	1	282	2046	2328	8.60e-134	477
aea319f4-090c-46fb-a487-f65a50a081c3	gb:HM370978|Organism:Influenza	98.509	1006	6	8	1	1001	13	1014	0.0	1766
4d789698-3bb0-4f2a-859e-b73de869f5e0	gb:HM370966|Organism:Influenza	99.291	282	2	0	1	282	1939	2220	8.48e-144	510
433db077-29f4-46fb-8e6b-b87ebdf9ec39	gb:HM370978|Organism:Influenza	91.459	281	12	11	1	276	741	1014	3.15e-103	375
4c4da6db-f2f0-40c8-ae2c-d12ca32d6028	gb:HM370972|Organism:Influenza	95.439	285	7	6	1	281	2328	2046	1.87e-125	449
2a706fbf-f341-4aa6-9593-a8e99bfacc4a	gb:HM370966|Organism:Influenza	93.056	288	12	8	1	281	2220	1934	8.70e-115	414
ca9ce805-4e1f-4410-85bc-a1ccfefad1c6	gb:HM370957|Organism:Influenza	97.287	258	3	3	1	258	13	266	7.96e-121	435
ca9ce805-4e1f-4410-85bc-a1ccfefad1c6	gb:HM370957|Organism:Influenza	98.171	164	2	1	253	416	2166	2328	8.49e-76	285
6005bd51-b088-428c-9fc6-75641512d78a	gb:HM370978|Organism:Influenza	97.834	277	2	3	1	275	740	1014	3.01e-133	475
71a8742d-df4f-4fc0-abda-2019dff0357e	gb:HM370957|Organism:Influenza	97.287	258	0	7	158	412	266	13	1.02e-119	431
71a8742d-df4f-4fc0-abda-2019dff0357e	gb:HM370957|Organism:Influenza	96.341	164	4	2	1	163	2328	2166	8.46e-71	268
04f80c2e-d725-4262-a894-eff34a3517d2	gb:HM370972|Organism:Influenza	90.625	256	12	10	161	408	266	15	3.83e-89	329
04f80c2e-d725-4262-a894-eff34a3517d2	gb:HM370972|Organism:Influenza	91.925	161	3	5	15	166	2325	2166	3.11e-55	217
fc09755d-f78c-4ceb-a3ff-7da0ad1a1316	gb:HM370972|Organism:Influenza	95.896	268	8	3	94	358	2041	2308	9.19e-120	431
9e911c99-3a5d-42bc-aba5-2aa815a546c0	gb:HM370972|Organism:Influenza	97.544	285	4	3	1	284	2046	2328	5.18e-136	484
21a4d4e7-96c1-45e7-a98b-8a6025678325	gb:HM370979|Organism:Influenza	95.097	877	18	22	1	864	877	13	0.0	1358
9e082e43-994f-472f-bbce-9caf01564ef6	gb:HM370978|Organism:Influenza	98.905	274	0	2	1	271	1014	741	1.37e-136	486
e8863f01-976a-46db-80b4-5cf5c51e8950	gb:HM370978|Organism:Influenza	97.817	1008	12	9	1	1004	1014	13	0.0	1731
7ce698aa-f79d-484d-b05e-ee188e09687c	gb:HM370957|Organism:Influenza	99.213	254	2	0	157	410	266	13	4.65e-128	459
7ce698aa-f79d-484d-b05e-ee188e09687c	gb:HM370957|Organism:Influenza	99.387	163	0	1	1	162	2328	2166	1.39e-78	294
10e42df7-bd46-4d66-8239-f41bb1c2b12a	gb:HM370972|Organism:Influenza	96.751	277	3	4	1	272	2328	2053	1.12e-127	457
1993ec26-83b1-41db-95bf-243fc33c3de9	gb:HM370978|Organism:Influenza	93.190	279	9	7	1	274	1014	741	5.16e-111	401
07e6bd09-f623-45a0-8c25-3cb7ea640741	gb:JN683626|Organism:Influenza	87.762	286	13	15	1	274	2045	2320	7.14e-85	315
4dbb7584-1f4e-4300-a2dd-77652e5e713d	gb:HM370972|Organism:Influenza	92.517	294	9	8	1	284	2046	2336	3.24e-113	409
b1efd740-c098-4f62-85c3-ddc18188b06c	gb:JN706699|Organism:Influenza	98.582	282	3	1	1	281	1939	2220	6.58e-140	497
c50fc493-96b3-4f5f-9699-8f59885e434e	gb:HM370978|Organism:Influenza	97.193	285	3	5	1	283	741	1022	8.84e-134	477
a48b0d7a-a6ac-4c37-b1e1-eecbe97ffab9	gb:HM370972|Organism:Influenza	99.647	283	0	1	1	282	2328	2046	1.82e-145	516
804f11d0-f63c-4033-b366-d7f533237de8	gb:HM370978|Organism:Influenza	94.000	250	8	6	1	246	741	987	5.54e-102	372
a6bed7b9-8fdf-4ed3-9d35-78b345b6667d	gb:HM370973|Organism:Influenza	85.093	322	19	17	1	298	2328	2012	7.37e-81	302
a6bed7b9-8fdf-4ed3-9d35-78b345b6667d	gb:HM370973|Organism:Influenza	91.139	79	5	2	291	367	91	13	6.20e-22	106
2fb3bbf5-d4df-4884-92f1-e0e75e8fcaca	gb:HM370979|Organism:Influenza	94.954	218	3	6	14	224	873	657	5.88e-91	335
0416a8bb-660a-4aaa-a77f-a32d40d155e7	gb:HM370966|Organism:Influenza	98.582	282	3	1	1	281	1939	2220	6.58e-140	497
7458e92a-916d-43c1-92f4-cbcf2622b087	gb:HM370973|Organism:Influenza	85.656	244	12	14	149	376	2092	2328	7.78e-61	235
7458e92a-916d-43c1-92f4-cbcf2622b087	gb:HM370973|Organism:Influenza	92.208	154	5	4	1	153	13	160	1.31e-53	211
ff16e18d-190c-44f6-b2c1-33998ff66f9c	gb:HM370972|Organism:Influenza	88.926	298	12	11	1	292	2328	2046	7.31e-95	348
ff16e18d-190c-44f6-b2c1-33998ff66f9c	gb:HM370972|Organism:Influenza	90.909	66	2	3	155	216	266	201	6.33e-16	86.1
a5bf5428-61d6-4797-af0a-fe5995d0f513	gb:HM370972|Organism:Influenza	98.556	277	1	3	1	275	2328	2053	1.86e-136	486
d7469d83-089c-4c40-9c89-d2e9f8937f95	gb:HM370966|Organism:Influenza	91.228	285	8	9	1	271	1939	2220	4.00e-102	372
3946e27e-42a6-4998-8062-c3eb5c060328	gb:HM370978|Organism:Influenza	98.540	274	3	1	1	273	1014	741	1.78e-135	483
37a4f8bc-ed67-4ae6-aeda-0be0fd3f1b25	gb:HM370972|Organism:Influenza	92.632	285	14	6	1	280	2046	2328	1.47e-111	403
9ebb444c-66b2-45b0-ac61-612d48248679	gb:HM370978|Organism:Influenza	96.364	275	3	6	1	269	1014	741	2.30e-124	446
8c1cf48d-8779-4ceb-a64c-7d9b5509eaf2	gb:HM370978|Organism:Influenza	95.255	274	2	7	1	263	741	1014	1.05e-117	424
f8520078-4e67-4917-8499-df8f231c8f97	gb:HM370966|Organism:Influenza	95.745	282	7	4	1	277	1939	2220	1.84e-125	449
523164c5-3d5e-47b4-8807-d2e4e132706c	gb:HM370976|Organism:Influenza	98.299	1117	11	7	1	1113	441	1553	0.0	1951
6ab2ea8d-e126-440b-85a9-1717e5fc8151	gb:HM370972|Organism:Influenza	91.696	289	12	8	1	283	2046	2328	1.16e-107	390
d67259cc-e3ea-4a6f-bf40-7b609eb90c96	gb:HM370973|Organism:Influenza	97.890	237	5	0	1	237	2328	2092	1.20e-113	411
d67259cc-e3ea-4a6f-bf40-7b609eb90c96	gb:HM370973|Organism:Influenza	94.631	149	2	4	233	376	160	13	4.68e-58	226
65170ff8-799b-4876-84fe-2c338952db9c	gb:HM370972|Organism:Influenza	97.203	286	4	4	1	285	2328	2046	6.73e-135	481
a0d41d78-d55a-4c3a-84e3-c8820d7ef0c8	gb:HM370978|Organism:Influenza	97.122	278	2	6	1	276	1014	741	6.54e-130	464
c8138bfb-c0d4-4d98-bdba-ec8abd5f2f32	gb:HM370957|Organism:Influenza	98.805	251	2	1	158	407	266	16	3.61e-124	446
c8138bfb-c0d4-4d98-bdba-ec8abd5f2f32	gb:HM370957|Organism:Influenza	100.000	163	0	0	1	163	2328	2166	8.28e-81	302
2054405c-891b-4da1-937e-f0767a25f3b5	gb:HM370973|Organism:Influenza	93.333	255	8	8	1	250	2328	2078	7.35e-101	368
2054405c-891b-4da1-937e-f0767a25f3b5	gb:HM370973|Organism:Influenza	91.391	151	3	6	233	376	160	13	1.02e-49	198
44b6d4e6-15ee-47d3-914a-9c90e76ff0f6	gb:HM370979|Organism:Influenza	97.688	865	11	7	3	860	875	13	0.0	1478
a8bc5b7b-3e6f-4e7c-849c-eee5b0b326a3	gb:HM370972|Organism:Influenza	98.233	283	5	0	1	283	2046	2328	2.38e-139	496
2ea9a55c-3b86-4a40-978a-9fa79ffc06fa	gb:HM370972|Organism:Influenza	89.510	286	14	12	1	273	2328	2046	6.79e-95	348
43c1f1c1-4221-404f-b965-11d894486eb1	gb:HM370966|Organism:Influenza	93.706	286	10	7	1	282	2220	1939	4.09e-117	422
fd1238ab-fe65-4eda-b7af-45e290d9f879	gb:HM370978|Organism:Influenza	81.362	279	21	20	1	253	741	1014	6.65e-50	198
70a4ddca-0102-4916-bf88-4f9c75cb36f7	gb:HM370966|Organism:Influenza	98.227	282	3	1	1	280	2220	1939	3.05e-138	492
61081917-380e-4a0e-b12b-478467c70bdf	gb:HM370966|Organism:Influenza	91.873	283	13	8	1	275	1939	2219	1.46e-106	387
2813bacf-2e69-47e2-bdcb-1d15743a9b8d	gb:HM370966|Organism:Influenza	95.172	290	5	7	9	292	1934	2220	1.95e-125	449
0fc7add4-874b-4291-96bb-b815034be850	gb:HM370957|Organism:Influenza	100.000	251	0	0	3	253	16	266	9.92e-130	464
0fc7add4-874b-4291-96bb-b815034be850	gb:HM370957|Organism:Influenza	95.706	163	4	3	248	407	2166	2328	5.03e-68	259
31294620-24c8-4bae-ad5a-466e2d91b683	gb:HM370978|Organism:Influenza	98.929	280	0	2	1	278	1014	736	6.71e-140	497
a3a72295-70e4-41d7-80a5-e2c6df1c8684	gb:HM370972|Organism:Influenza	99.647	283	0	1	1	282	2328	2046	1.82e-145	516
fa4ba26d-18e3-4cf3-999e-8e7414475cdb	gb:HM370978|Organism:Influenza	89.170	277	13	13	11	275	737	1008	2.52e-89	329
7c6ff3d3-f15e-4307-85db-f0708cf9d723	gb:HM370972|Organism:Influenza	94.810	289	5	5	1	285	2328	2046	3.17e-123	442
a83c3334-8696-4830-8788-d214221dd499	gb:HM370972|Organism:Influenza	93.000	300	12	9	1	295	2341	2046	2.57e-119	429
6242b94c-8d49-4352-9838-96d9dcf4d170	gb:HM370978|Organism:Influenza	100.000	274	0	0	1	274	1014	741	1.06e-142	507
d27db757-2a77-4a10-89ed-faeeff835d1a	gb:HM370978|Organism:Influenza	93.950	281	6	11	110	381	736	1014	9.44e-115	414
3b0cbc66-84eb-434e-8c20-dff9d0470a6d	gb:CY120556|Organism:Influenza	89.370	254	19	5	1	248	729	980	2.80e-84	313
7f064ba9-32b9-49e8-9906-6706b80467f8	gb:HM370972|Organism:Influenza	97.887	284	3	3	1	282	2046	2328	3.97e-137	488
b6f043a2-07f5-4b23-8dd7-da781bf8250e	gb:HM370978|Organism:Influenza	98.540	274	2	2	1	272	741	1014	1.78e-135	483
4cc9dcd6-1a4d-420f-9880-b58b947ee8f9	gb:MH598331|Organism:Influenza	90.459	283	12	9	1	269	2208	1927	3.09e-98	359
03d65068-76a6-4b21-8e2e-bc15132b6d18	gb:HM370978|Organism:Influenza	99.635	274	0	1	1	273	741	1014	1.77e-140	499
519a8135-6ba8-4d0c-b988-2aa3dfe07eec	gb:HM370972|Organism:Influenza	97.552	286	2	2	1	284	2046	2328	5.18e-136	484
4c0a8fa7-589c-4a1a-89e2-e80b49810fb5	gb:HM370978|Organism:Influenza	92.933	283	6	9	1	278	1014	741	1.89e-110	399
5ad8aa79-135b-4f99-baca-0d7c24409696	gb:HM370957|Organism:Influenza	94.615	260	5	7	1	257	13	266	1.34e-108	394
5ad8aa79-135b-4f99-baca-0d7c24409696	gb:HM370957|Organism:Influenza	96.319	163	4	2	252	412	2166	2328	3.04e-70	267
2f8f0574-785e-49ca-94d7-b96ee16af9d6	gb:KJ889434|Organism:Influenza	79.371	286	27	23	1	258	741	1022	5.29e-42	172
291c3efd-d2e5-43e5-86dc-d333aa197fe4	gb:HM370978|Organism:Influenza	84.806	283	15	20	1	263	740	1014	3.14e-68	259
f77ec5cf-bace-4edf-9f96-4a89b6d8e6f0	gb:HM370972|Organism:Influenza	92.282	298	9	11	1	286	2046	2341	8.99e-114	411
55d737d0-f915-4e79-9834-e6c779a08d04	gb:HM370978|Organism:Influenza	99.270	274	1	1	1	273	1014	741	8.24e-139	494
6c5b2caa-38b7-46cf-a4fa-1b62199ccb8d	gb:HM370978|Organism:Influenza	98.069	259	2	3	11	267	998	741	6.35e-125	448
2278fbf5-1ae5-46f0-a29e-87c8ceebc510	gb:HM370978|Organism:Influenza	96.377	276	2	4	1	270	741	1014	6.43e-125	448
672b47a4-cc7f-48e8-b8e3-d7c323ff9bc3	gb:HM370973|Organism:Influenza	98.718	234	2	1	3	235	2325	2092	9.15e-115	414
672b47a4-cc7f-48e8-b8e3-d7c323ff9bc3	gb:HM370973|Organism:Influenza	93.243	148	2	3	231	370	160	13	1.29e-53	211
401d3534-bca0-4f34-ba81-ddd3fd1bab67	gb:HM370977|Organism:Influenza	97.623	547	6	3	1	541	900	1445	0.0	931
97784ad1-42a1-421f-941d-e2a27c34ccde	gb:HM370973|Organism:Influenza	86.611	239	13	11	144	365	2092	2328	3.48e-64	246
97784ad1-42a1-421f-941d-e2a27c34ccde	gb:HM370973|Organism:Influenza	88.235	153	8	8	1	148	13	160	1.67e-42	174
68d350a1-778b-4ec8-9799-389a63f877c6	gb:HM370972|Organism:Influenza	96.479	284	7	3	1	282	2328	2046	1.86e-130	466
5b02187b-936f-4c2b-b935-42ea988059f6	gb:HM370978|Organism:Influenza	99.273	275	1	1	1	275	1014	741	2.31e-139	496
4dd13f1e-ce4d-4df6-a202-9cb639c5dc24	gb:HM370972|Organism:Influenza	100.000	283	0	0	1	283	2328	2046	1.09e-147	523
9b156000-fdf0-47d6-8390-39f6824e02c6	gb:HM370966|Organism:Influenza	98.936	282	3	0	1	282	1939	2220	3.95e-142	505
0c417774-a615-47d0-b594-2025619ef4c6	gb:HM370966|Organism:Influenza	97.270	293	5	2	4	294	2230	1939	8.94e-139	494
bc71d665-f0ad-4f58-8bbc-236d2b698564	gb:HM370978|Organism:Influenza	96.443	1012	18	15	1	997	1014	6	0.0	1653
4bd82f2c-13a1-4254-b9a3-b80082c3ced6	gb:HM370972|Organism:Influenza	98.606	287	3	1	10	296	2043	2328	1.15e-142	507
19fcaa9a-98d9-4f67-95fa-47228069c389	gb:HM370972|Organism:Influenza	93.898	295	9	7	8	297	2038	2328	1.54e-121	436
2d5d7074-c0a7-40ea-8197-3740678c2fd5	gb:HM370962|Organism:Influenza	97.248	545	8	4	3	543	1442	901	0.0	917
8f445215-4311-4181-98ce-7ba78a64eafe	gb:HM370972|Organism:Influenza	94.737	285	5	8	1	277	2046	2328	5.15e-121	435
41951fae-a1b8-4ac8-b99f-81a3e2ca717e	gb:HM370978|Organism:Influenza	97.937	1018	12	9	1	1013	1014	1	0.0	1755
839d2296-1cae-493b-b1fc-924f887d0612	gb:HM370972|Organism:Influenza	94.318	176	7	3	128	301	2340	2166	4.48e-70	267
839d2296-1cae-493b-b1fc-924f887d0612	gb:HM370972|Organism:Influenza	84.358	179	12	14	412	583	197	28	2.17e-38	161
839d2296-1cae-493b-b1fc-924f887d0612	gb:HM370972|Organism:Influenza	100.000	46	0	0	296	341	266	221	1.35e-15	86.1
5c034bd3-a3de-4267-8702-58224c4c5045	gb:HM370972|Organism:Influenza	92.883	281	7	9	5	279	2319	2046	2.45e-109	396
28491829-87f4-40a8-9956-1f340c302608	gb:HM370978|Organism:Influenza	97.410	1004	15	8	1	995	13	1014	0.0	1700
59beb063-7e98-43b2-9e4b-aa755689c82b	gb:HM370978|Organism:Influenza	95.985	274	3	5	1	266	741	1014	3.81e-122	438
9ea7dcf0-7870-45f2-99fa-7d96534b74b8	gb:HM370972|Organism:Influenza	96.853	286	4	4	1	284	2328	2046	1.12e-132	473
b1eba1a2-42d2-4376-8128-d874b24120b3	gb:HM370977|Organism:Influenza	97.632	549	8	5	1	547	1445	900	0.0	937
7b3f64f7-ade7-4c00-8495-90e7168b5587	gb:HM370966|Organism:Influenza	93.220	295	11	7	4	292	2230	1939	3.28e-118	425
8a083c19-d8ab-474d-9d6e-90320be14756	gb:HM370972|Organism:Influenza	94.346	283	9	5	1	276	2046	2328	8.58e-119	427
798d4378-667f-443a-b6c7-420695fd199c	gb:HM370966|Organism:Influenza	97.518	282	5	2	1	280	1939	2220	6.60e-135	481
5c034fe5-b982-41e9-9dde-5ce047919dfd	gb:HM370972|Organism:Influenza	97.561	287	2	5	1	286	2328	2046	1.45e-136	486
04b0f6ab-7f00-4d6e-80dd-51aa6fcb653a	gb:HM370957|Organism:Influenza	95.349	258	3	7	1	253	13	266	7.99e-111	401
04b0f6ab-7f00-4d6e-80dd-51aa6fcb653a	gb:HM370957|Organism:Influenza	84.507	71	8	2	248	315	2166	2236	3.31e-10	67.6
97304b6f-2a5b-4c07-9e32-e7fb8e177723	gb:HM370957|Organism:Influenza	98.431	255	1	3	1	253	13	266	3.62e-124	446
97304b6f-2a5b-4c07-9e32-e7fb8e177723	gb:HM370957|Organism:Influenza	97.561	164	2	2	248	410	2166	2328	3.89e-74	279
ac875027-1c25-4baa-9e12-72ae3c2475ff	gb:HM370972|Organism:Influenza	88.561	271	12	16	1	260	2328	2066	8.91e-84	311
61eab082-ee85-4046-ac6f-ced66d53925f	gb:HM370972|Organism:Influenza	100.000	283	0	0	1	283	2328	2046	1.09e-147	523
d524d388-80a7-4fd4-b2fa-79b3a1cda015	gb:HM370978|Organism:Influenza	98.175	274	2	3	1	271	741	1014	2.96e-133	475
b9603ece-2a6f-45af-a3be-cfda2b6987db	gb:HM370957|Organism:Influenza	93.916	263	7	5	156	418	266	13	6.32e-107	388
b9603ece-2a6f-45af-a3be-cfda2b6987db	gb:HM370957|Organism:Influenza	96.319	163	4	1	1	161	2328	2166	3.09e-70	267
3d26dbf1-e627-4eed-bb45-d6d0310c6fd7	gb:HM370966|Organism:Influenza	96.466	283	3	4	1	277	2220	1939	8.49e-129	460
ec51c633-53dd-4b2b-851b-ec6f5dab2852	gb:HM370972|Organism:Influenza	98.969	291	1	1	5	293	2038	2328	1.47e-146	520
660c4ad3-1d0f-4a19-ab89-8cd5ac80c5ad	gb:HM370978|Organism:Influenza	99.270	274	2	0	1	274	741	1014	2.30e-139	496
2aba917e-52cd-4a35-818f-e8d6b72b4c5a	gb:HM370977|Organism:Influenza	96.357	549	10	9	1	542	1445	900	0.0	894
f54ef61a-906f-4ec6-9673-3ee33d2e2e0e	gb:HM370972|Organism:Influenza	94.558	294	9	7	5	293	2337	2046	7.03e-125	448
580c9b0d-40b7-4ade-b459-7838abac74e6	gb:HM370973|Organism:Influenza	95.298	319	8	5	72	385	2012	2328	2.56e-140	499
580c9b0d-40b7-4ade-b459-7838abac74e6	gb:HM370973|Organism:Influenza	100.000	79	0	0	1	79	13	91	3.85e-34	147
a5847be4-f1e8-4259-a51d-94a8b5e75791	gb:HM370972|Organism:Influenza	98.940	283	3	0	1	283	2328	2046	1.10e-142	507
1a190497-1024-44ec-88ff-38e0ea10fd7c	gb:HM370972|Organism:Influenza	96.875	288	2	6	1	286	2328	2046	3.14e-133	475
7e12043e-9e22-4a2a-ac8a-75bbb62f6d7a	gb:HM370978|Organism:Influenza	97.250	1018	12	13	2	1008	1	1013	0.0	1711
b0fd2c7b-3565-4c33-83a9-653e5add4486	gb:HM370978|Organism:Influenza	96.816	1005	11	12	1	987	1014	13	0.0	1659
fd4250d1-a7af-499e-ba1a-f9656eec3970	gb:HM370966|Organism:Influenza	91.667	288	16	6	1	286	1939	2220	3.26e-108	392
f30200a6-282c-47d9-bcd6-a9eb551dad13	gb:HM370978|Organism:Influenza	93.942	1007	33	21	1	984	13	1014	0.0	1496
acf05b53-97b7-40a7-b02f-18cce7c8fe46	gb:HM370978|Organism:Influenza	94.946	277	5	9	1	271	741	1014	3.02e-118	425
502b6d9a-05c7-416b-929d-9fb5bb44b7a0	gb:HM370978|Organism:Influenza	91.697	277	9	9	1	266	741	1014	3.92e-102	372
04af877d-53e5-4078-abc8-9c905b26116f	gb:HM370972|Organism:Influenza	98.621	290	2	2	1	288	2046	2335	2.47e-144	512
0dee08a7-8430-4027-8908-691fd70b6836	gb:HM370972|Organism:Influenza	89.547	287	18	12	1	279	2046	2328	1.49e-96	353
5fdf9598-2ac2-4734-8371-86458481a263	gb:HM370966|Organism:Influenza	97.872	282	4	2	1	280	2220	1939	1.42e-136	486
4817a705-bf13-4c94-b860-6b040e800310	gb:HM370972|Organism:Influenza	97.552	286	3	3	1	285	2046	2328	1.45e-136	486
d3a472b5-507e-4345-aef7-1206d8c61f7d	gb:HM370978|Organism:Influenza	99.636	275	0	1	1	275	741	1014	4.97e-141	501
089e4a3d-b412-4838-92be-89b7771516df	gb:HM370972|Organism:Influenza	98.962	289	1	2	1	288	2328	2041	1.91e-145	516
849e5407-8c71-4271-8976-55825157b567	gb:HM370978|Organism:Influenza	90.580	276	17	8	1	269	1014	741	1.11e-97	357
5cd33412-93f0-484b-8942-560fe6a175c7	gb:HM370972|Organism:Influenza	96.564	291	2	6	1	286	2328	2041	3.24e-133	475
0ec71abc-5fbc-4909-8806-87d9fc9a39ec	gb:HM370978|Organism:Influenza	93.238	281	9	10	1	278	741	1014	4.05e-112	405
b241363e-ee8c-4dd6-a911-5651869a5f99	gb:HM370978|Organism:Influenza	92.286	350	9	7	1	338	1027	684	1.04e-134	481
b241363e-ee8c-4dd6-a911-5651869a5f99	gb:HM370978|Organism:Influenza	94.845	97	3	2	332	428	920	1014	3.33e-35	150
d1848be3-8e0d-422b-84ab-f00805541c36	gb:HM370966|Organism:Influenza	99.291	282	2	0	1	282	1939	2220	8.48e-144	510
3590546a-e29e-4f4c-92e8-f3b3bee5d80e	gb:HM370972|Organism:Influenza	96.140	285	3	5	1	279	2046	2328	3.08e-128	459
0383ebdc-2972-4ce8-ba76-ecadf23827ce	gb:HM370977|Organism:Influenza	95.035	1430	37	26	1	1401	1445	21	0.0	2217
2937df85-7bd7-4f62-85b0-afcd2f7b5105	gb:HM370972|Organism:Influenza	93.772	289	10	8	1	282	2328	2041	8.96e-119	427
66814804-8145-470a-a78a-17aa4da6b2a0	gb:HM370972|Organism:Influenza	95.122	287	4	7	1	281	2328	2046	8.69e-124	444
65f4e14b-707d-494f-b492-b264cc33e1ec	gb:HM370978|Organism:Influenza	92.336	274	9	8	1	262	741	1014	2.30e-104	379
7298ecf1-082e-430a-8a91-fda4dc111d96	gb:HM370966|Organism:Influenza	93.289	298	12	8	1	293	1939	2233	1.97e-120	433
b999b490-dedb-4e92-b4ed-71421c33648c	gb:HM370972|Organism:Influenza	94.097	288	7	7	1	283	2328	2046	2.45e-119	429
b2aa7fcb-3da3-4ee5-a2b4-d9638ec0b226	gb:HM370972|Organism:Influenza	96.167	287	6	5	1	286	2328	2046	6.80e-130	464
0c5b7adb-2fef-451a-818d-33a2752aa73e	gb:HM370966|Organism:Influenza	97.153	281	8	0	3	283	1940	2220	3.11e-133	475
7061c38e-87da-46bd-a15a-fb5c465b0fd8	gb:HM370973|Organism:Influenza	92.683	246	9	6	142	379	2092	2336	3.51e-94	346
7061c38e-87da-46bd-a15a-fb5c465b0fd8	gb:HM370973|Organism:Influenza	97.973	148	1	2	1	146	13	160	6.09e-67	255
15da657a-81a8-4b75-831c-3bee4ef0701d	gb:HM370978|Organism:Influenza	97.070	273	2	3	1	267	741	1013	3.81e-127	455
53ce9e38-6b23-4358-83c5-8295372aa61b	gb:HM370972|Organism:Influenza	96.194	289	3	6	4	285	2041	2328	1.88e-130	466
fd480758-78a2-44bd-a9f4-caebed3790a3	gb:HM370978|Organism:Influenza	97.925	1012	9	10	1	1010	13	1014	0.0	1742
132961fc-cdc3-445b-baef-88c4a45b37ea	gb:HM370972|Organism:Influenza	97.603	292	3	4	3	291	2336	2046	6.83e-140	497
0aea8d54-a3d7-48e5-b705-9a9b0a19344e	gb:HM370978|Organism:Influenza	97.101	276	3	5	1	273	1014	741	8.36e-129	460
8712d850-ce45-4b53-a25c-a2e385e1ca3f	gb:HM370972|Organism:Influenza	86.926	283	23	12	107	380	2051	2328	5.91e-82	305
26a05c1b-ecaf-45ba-bf24-33880b333bf3	gb:HM370957|Organism:Influenza	98.805	251	1	1	158	406	266	16	3.60e-124	446
26a05c1b-ecaf-45ba-bf24-33880b333bf3	gb:HM370957|Organism:Influenza	95.732	164	5	2	1	163	2328	2166	3.89e-69	263
b94c6fdf-c138-4bf2-875a-4a07f1272f67	gb:HM370978|Organism:Influenza	97.818	275	1	4	1	271	1014	741	1.38e-131	470
348b5b37-0e85-4806-a77f-8c41e3abf6a0	gb:HM370966|Organism:Influenza	96.820	283	3	5	1	278	2220	1939	5.10e-131	468
907ede2e-fd90-4053-9bcb-88f47ca44462	gb:HM370966|Organism:Influenza	97.595	291	4	3	1	289	1939	2228	2.47e-139	496
51f950ef-9fa7-4e07-8115-13f6aaf529d8	gb:HM370957|Organism:Influenza	100.000	254	0	0	159	412	266	13	2.16e-131	470
51f950ef-9fa7-4e07-8115-13f6aaf529d8	gb:HM370957|Organism:Influenza	96.988	166	0	2	1	164	2328	2166	1.82e-72	274
c450d1b7-12d1-45d5-820a-5fcff50d3b55	gb:HM370978|Organism:Influenza	95.351	1011	19	24	1	992	13	1014	0.0	1581
db818191-19bc-4998-8d1e-59fb61e1db05	gb:HM370966|Organism:Influenza	96.809	282	3	4	1	276	2220	1939	1.82e-130	466
9db17ffb-fb33-4a86-8088-51ba00c8993d	gb:HM370966|Organism:Influenza	94.444	288	7	9	1	285	2220	1939	5.31e-121	435
4b527b87-7300-4744-a036-9c4fd07514a2	gb:HM370966|Organism:Influenza	94.118	289	9	6	1	283	2220	1934	1.97e-120	433
85a30b30-5d3b-48d9-ad3e-cdb6875ea6f0	gb:HM370972|Organism:Influenza	98.944	284	2	1	1	284	2046	2328	1.11e-142	507
0543e121-49bd-4412-8f00-a604d434e751	gb:HM370979|Organism:Influenza	99.078	868	1	6	1	864	13	877	0.0	1552
e51e37ed-e49b-4b18-8f58-2145683eb314	gb:HM370966|Organism:Influenza	99.301	286	2	0	10	295	1935	2220	5.32e-146	518
3f4e17c6-b6e6-46a8-8856-ced28d088820	gb:HM370978|Organism:Influenza	95.636	275	6	6	1	270	1014	741	1.39e-121	436
b5dcea63-2658-45d4-a783-64430a77a810	gb:HM370972|Organism:Influenza	97.183	284	4	4	1	281	2046	2328	8.57e-134	477
e2e9ba08-0b8d-4a4a-91ec-9f07a456c23d	gb:HM370972|Organism:Influenza	93.750	288	7	7	1	282	2328	2046	4.09e-117	422
ae5e7e89-a7e2-45b7-85e1-096d2947689c	gb:HM370973|Organism:Influenza	94.937	316	8	6	3	312	2325	2012	5.55e-137	488
ae5e7e89-a7e2-45b7-85e1-096d2947689c	gb:HM370973|Organism:Influenza	97.531	81	0	1	305	385	91	13	2.31e-31	137
58195d31-e1ab-4fb8-a8c4-f2ea6a6fb532	gb:HM370978|Organism:Influenza	95.307	277	6	6	1	273	741	1014	1.82e-120	433
c43a14b7-d616-4212-a9b3-8d69f961623b	gb:HM370978|Organism:Influenza	89.170	277	14	15	13	275	740	1014	6.89e-90	331
1cb85542-6609-4b52-8300-64b1fb799f79	gb:HM370972|Organism:Influenza	96.154	286	4	6	1	282	2328	2046	8.66e-129	460
9d3c3b41-74c2-46b9-8b2c-fb070db0df79	gb:HM370957|Organism:Influenza	96.484	256	3	4	1	252	13	266	7.88e-116	418
9d3c3b41-74c2-46b9-8b2c-fb070db0df79	gb:HM370957|Organism:Influenza	98.780	164	0	2	247	409	2166	2328	1.79e-77	291
21cd4c56-b4fa-4473-829e-3d84e631c75a	gb:HM370957|Organism:Influenza	98.054	257	1	4	1	256	13	266	1.32e-123	444
21cd4c56-b4fa-4473-829e-3d84e631c75a	gb:HM370957|Organism:Influenza	96.951	164	4	1	251	414	2166	2328	1.83e-72	274
de2465d1-3dea-45a0-8fed-baabfae6cbdc	gb:HM370978|Organism:Influenza	93.841	276	4	11	1	265	1014	741	1.38e-111	403
61b8894b-8ad9-4836-880d-e101c4ec9704	gb:HM370978|Organism:Influenza	98.408	1005	6	8	1	998	1014	13	0.0	1759
7875a061-c4df-4b44-a9e1-73afdb89f663	gb:HM370972|Organism:Influenza	97.931	290	3	3	1	289	2328	2041	1.93e-140	499
d8948060-c2bf-4d5d-be7f-fcd597ba0bf0	gb:HM370978|Organism:Influenza	95.439	285	4	8	1	277	741	1024	2.40e-124	446
39e3dc2e-385f-43ea-a6ad-535140272c17	gb:HM370966|Organism:Influenza	98.582	282	2	2	1	280	2220	1939	6.55e-140	497
da9aea4d-e1d4-4031-8853-cf299367e0de	gb:HM370973|Organism:Influenza	95.833	240	8	2	1	238	2328	2089	2.02e-106	387
da9aea4d-e1d4-4031-8853-cf299367e0de	gb:HM370973|Organism:Influenza	94.595	148	5	3	231	375	160	13	4.67e-58	226
ebeeba24-98d0-419c-a0cb-17fafbc23107	gb:HM370966|Organism:Influenza	96.503	286	5	5	1	285	1939	2220	5.24e-131	468
ad3d4283-601d-4cb7-a234-27d17225e9f4	gb:CY144546|Organism:Influenza	93.993	283	7	6	1	273	2034	2316	1.42e-116	420
5b997d3b-ac8c-44b3-a7e1-0f2f2ee13664	gb:HM370978|Organism:Influenza	97.778	270	2	3	4	270	1009	741	2.30e-129	462
bbac6f3e-100e-4d83-a43c-b661f9a7eb77	gb:HM370966|Organism:Influenza	91.304	276	12	9	4	269	2217	1944	1.89e-100	366
c8e6a3c3-be2d-4036-960d-a892e803efa3	gb:HM370972|Organism:Influenza	94.077	287	6	10	1	280	2328	2046	3.14e-118	425
4713cb4a-a1af-46ea-bfb2-228dec8afaf4	gb:HM370972|Organism:Influenza	93.772	289	7	7	10	289	2042	2328	1.17e-117	424
6ac30d30-3831-4475-801e-9a24d4d0d927	gb:HM370972|Organism:Influenza	98.239	284	2	3	1	282	2328	2046	8.54e-139	494
93ff67da-5747-4c90-a4ff-761cd1d17ea9	gb:HM370978|Organism:Influenza	97.455	275	3	3	1	272	1014	741	1.79e-130	466
3fe83965-73d7-42c5-bd56-77f18cf1429a	gb:HM370978|Organism:Influenza	97.112	277	2	4	1	274	741	1014	2.33e-129	462
730c676f-4b3f-4b7f-9185-ead9369108c5	gb:HM370972|Organism:Influenza	99.647	283	1	0	1	283	2328	2046	5.09e-146	518
80211a6a-7c97-40c6-8b55-2e6280315253	gb:HM370972|Organism:Influenza	94.755	286	6	8	1	280	2046	2328	1.45e-121	436
afea7b7d-8501-4d0d-bf13-84092d0b8043	gb:HM370974|Organism:Influenza	98.127	267	3	2	19	284	2204	1939	6.75e-130	464
f6ce8520-80c3-4bf5-8835-309cbbdccfac	gb:HM370972|Organism:Influenza	95.486	288	7	5	1	287	2046	2328	4.11e-127	455
2654fd9a-eb95-4403-933a-55a477c5b943	gb:HM370966|Organism:Influenza	96.853	286	5	3	1	286	2220	1939	3.14e-133	475
5913f1e8-8ba5-49ff-aa9c-e8a5baaebacf	gb:HM370978|Organism:Influenza	90.734	259	10	9	1	252	741	992	2.38e-90	333
15fc8178-dce6-4617-9019-13430300170c	gb:HM370978|Organism:Influenza	98.540	274	2	2	1	272	1014	741	1.78e-135	483
15cda54d-73a7-4cf8-a528-2d5972f05a1b	gb:HM370973|Organism:Influenza	95.625	320	10	4	1	319	2328	2012	1.20e-143	510
15cda54d-73a7-4cf8-a528-2d5972f05a1b	gb:HM370973|Organism:Influenza	93.827	81	2	3	312	391	91	13	8.52e-26	119
4e08f917-c2a8-428f-ad2e-d7cc1509828b	gb:KX232488|Organism:Influenza	95.397	239	7	3	4	239	1024	787	9.15e-104	377
bdb8bb68-0fb9-442b-8d28-cd32ebe02e3c	gb:HM370972|Organism:Influenza	98.513	269	1	3	1	268	2328	2062	3.97e-132	472
047f4bb6-2422-4abd-b887-2988a69b4f00	gb:HM370957|Organism:Influenza	100.000	254	0	0	1	254	13	266	2.15e-131	470
047f4bb6-2422-4abd-b887-2988a69b4f00	gb:HM370957|Organism:Influenza	100.000	163	0	0	249	411	2166	2328	8.32e-81	302
69cdef91-977e-4cb3-bfbb-0a0ad8a33d35	gb:HM370978|Organism:Influenza	98.545	275	2	2	1	274	1014	741	4.98e-136	484
1207f0be-0332-424f-9b53-d86aebc0770f	gb:HM370972|Organism:Influenza	93.311	299	11	9	1	293	2341	2046	1.97e-120	433
e8ec4339-f17e-4c39-9cbb-df37565ead0e	gb:HM370966|Organism:Influenza	96.820	283	6	2	1	281	2220	1939	1.43e-131	470
ec994b2d-d14d-4b40-a27a-4af8b166ebfb	gb:HM370979|Organism:Influenza	97.600	875	11	6	1	867	13	885	0.0	1491
9297b6dd-ea9c-44c0-be17-f8e5f5b5650a	gb:HM370978|Organism:Influenza	93.548	279	10	8	11	282	737	1014	3.18e-113	409
f32c7483-c88a-4f99-89c1-5573fa7fc016	gb:HM370957|Organism:Influenza	98.062	258	1	2	158	415	266	13	3.67e-124	446
f32c7483-c88a-4f99-89c1-5573fa7fc016	gb:HM370957|Organism:Influenza	100.000	163	0	0	1	163	2328	2166	8.41e-81	302
8f8f0607-cf1d-4b4d-9085-4fc044a6aa84	gb:HM370973|Organism:Influenza	95.077	325	7	7	70	392	2011	2328	2.02e-141	503
8f8f0607-cf1d-4b4d-9085-4fc044a6aa84	gb:HM370973|Organism:Influenza	97.403	77	1	1	3	78	15	91	3.95e-29	130
d6407bdf-616b-4df4-a28a-3b22a2470e88	gb:HM370966|Organism:Influenza	98.606	287	2	2	9	293	1934	2220	1.14e-142	507
f2896f9d-6f22-4ea0-b885-0198f6108270	gb:HM370972|Organism:Influenza	92.857	266	5	8	1	254	2328	2065	1.10e-102	374
13eb9b5e-4179-4e85-bcbf-7635725b968b	gb:CY126513|Organism:Influenza	92.364	275	13	6	1	269	2314	2042	5.22e-106	385
db9b6bcc-d537-4846-a8c9-63f52b5d1ea8	gb:HM370957|Organism:Influenza	96.825	252	2	2	1	246	13	264	2.85e-115	416
db9b6bcc-d537-4846-a8c9-63f52b5d1ea8	gb:HM370957|Organism:Influenza	95.890	146	3	3	243	387	2166	2309	3.08e-60	233
a0d19479-e812-4d12-b436-415360943fcc	gb:HM370979|Organism:Influenza	97.696	868	10	9	1	861	13	877	0.0	1483
b41a251b-1f9b-416e-8aca-b1ea14010ae2	gb:CY136627|Organism:Influenza	90.657	289	14	9	1	283	1927	2208	4.19e-102	372
d1711743-17a6-4364-a72f-f34d65fe6872	gb:KM244079|Organism:Influenza	92.803	264	11	5	9	267	976	716	3.04e-103	375
233e0d23-3bca-4eec-b912-4a46d8912453	gb:HM370972|Organism:Influenza	97.880	283	1	5	1	278	2328	2046	5.06e-136	484
4be3d134-8ce7-4fe4-aac0-f642a901f596	gb:DQ335775|Organism:Influenza	96.154	52	1	1	5	55	810	861	2.99e-16	84.2
12c1fe48-dcbc-419f-8d86-7088d911ede3	gb:HM370978|Organism:Influenza	91.697	277	10	8	1	267	741	1014	3.93e-102	372
83e4a64d-3985-4713-a5f6-0ee919df9ab3	gb:HM370978|Organism:Influenza	95.324	278	4	9	1	273	1014	741	1.82e-120	433
2194ae78-6aca-4ea2-951a-048b7177d1a7	gb:HM370978|Organism:Influenza	98.805	1004	7	5	1	1001	1014	13	0.0	1783
8ae936d1-f819-452f-84f3-bb3c6aa738c9	gb:HM370978|Organism:Influenza	90.747	281	7	15	1	269	741	1014	1.11e-97	357
1bf1c01b-f409-45c8-8a2b-695826ceb008	gb:HM370972|Organism:Influenza	95.053	283	8	6	1	277	2328	2046	1.11e-122	440
40e9c47e-6ecb-4518-83b2-2f9283bfea7c	gb:HM370966|Organism:Influenza	91.727	278	12	8	5	272	2215	1939	3.10e-103	375
14648f6c-1185-4680-a704-b9446f518eda	gb:HM370972|Organism:Influenza	92.308	247	7	9	1	237	2046	2290	1.59e-92	340
9c3a4ffb-b54d-4aa8-bf10-7a183c771453	gb:HM370978|Organism:Influenza	91.039	279	11	12	1	270	741	1014	6.66e-100	364
d4386d84-6e19-482b-bf72-404b43267e35	gb:HM370972|Organism:Influenza	95.620	274	8	4	1	272	2328	2057	1.48e-121	436
a6367743-a8e3-4d32-b8a2-733db313eda8	gb:HM370978|Organism:Influenza	93.885	278	8	9	1	272	1014	740	8.92e-114	411
d55c25c5-b0bc-4763-89a3-95d246efee47	gb:HM370979|Organism:Influenza	93.274	892	29	24	1	875	890	13	0.0	1286
b3ed6f7f-3c26-4128-9f48-988fa044b04b	gb:HM370972|Organism:Influenza	97.173	283	6	1	1	281	2046	2328	8.57e-134	477
8378e4fb-e1be-4945-988a-54e49ae03ec4	gb:HM370972|Organism:Influenza	98.233	283	4	1	1	282	2046	2328	8.54e-139	494
4ae6b6db-e6af-4e5c-a4e8-7e445e4d68cc	gb:HM370972|Organism:Influenza	97.244	254	2	5	1	249	13	266	4.68e-118	425
4ae6b6db-e6af-4e5c-a4e8-7e445e4d68cc	gb:HM370972|Organism:Influenza	96.951	164	4	1	244	407	2166	2328	1.79e-72	274
fc48aff9-da2f-41bf-8b17-1aab31a68d0f	gb:HM370978|Organism:Influenza	93.130	262	9	8	1	256	741	999	3.62e-103	375
a192cdad-3d0e-4cd2-abb0-b1adc25c7bee	gb:HM370972|Organism:Influenza	95.423	284	5	4	1	277	2328	2046	2.38e-124	446
31d51efa-aec6-4e4f-8549-632597f8fc81	gb:HM370966|Organism:Influenza	95.088	285	10	4	1	284	1939	2220	2.44e-124	446
90ef9e64-44d3-40fb-876f-e25bb10fb418	gb:HM370978|Organism:Influenza	90.210	286	18	10	4	283	1022	741	7.01e-100	364
a0b9503d-9134-46a8-9449-472433a25839	gb:HM370972|Organism:Influenza	96.466	283	3	3	1	276	2046	2328	8.46e-129	460
2b5e87a1-1de7-48f2-8b5d-083a6985a7f9	gb:HM370978|Organism:Influenza	94.224	277	9	7	1	273	741	1014	1.84e-115	416
f03939cf-229f-438d-8d24-e3f223cd291b	gb:HM370972|Organism:Influenza	97.880	283	3	2	1	280	2046	2328	1.42e-136	486
adc6d064-7ec6-4739-8c19-68c5ab94f829	gb:HM370972|Organism:Influenza	91.901	284	11	11	1	273	2046	2328	1.44e-106	387
78e346ec-dd5c-4465-ae9b-bd8db3913ba2	gb:HM370972|Organism:Influenza	96.516	287	2	8	1	283	2046	2328	5.20e-131	468
bdd3c64a-7179-4029-8fc2-38ec74f42c33	gb:HM370966|Organism:Influenza	95.439	285	10	1	1	285	2220	1939	5.27e-126	451
b5bd1e5e-8f19-438f-a5c8-b29e96f8e0cd	gb:HM370972|Organism:Influenza	98.233	283	2	3	1	280	2046	2328	3.05e-138	492
9b011346-da1e-4628-975a-a63e8ae51b40	gb:HM370972|Organism:Influenza	99.293	283	0	1	1	281	2046	2328	8.45e-144	510
b5e70636-dad2-479a-b607-3f67cdcc29cc	gb:HM370978|Organism:Influenza	94.161	274	9	5	3	270	1013	741	8.44e-114	411
6c47a4f3-8d39-4f2d-97b5-6403310e9bf8	gb:HM370972|Organism:Influenza	97.193	285	3	5	1	282	2328	2046	8.60e-134	477
c4564edd-1df8-4b0a-b8aa-2e06edf0d1b3	gb:HM370978|Organism:Influenza	96.226	1007	17	16	1	991	13	1014	0.0	1629
dd4267a1-693f-41af-87ba-b74b70cdb2b6	gb:HM370972|Organism:Influenza	97.902	286	2	4	1	285	2328	2046	3.11e-138	492
510f06c2-1a36-4c06-af94-a596b8b0566d	gb:HM370973|Organism:Influenza	93.416	243	5	10	1	238	2328	2092	2.67e-95	350
510f06c2-1a36-4c06-af94-a596b8b0566d	gb:HM370973|Organism:Influenza	97.297	148	0	3	234	377	160	13	1.00e-64	248
9c2c4e30-40f1-4466-ac12-47de7da0774d	gb:HM370972|Organism:Influenza	98.596	285	0	4	1	283	2328	2046	5.12e-141	501
697d7e48-6464-4374-87f3-72935adc1737	gb:HM370973|Organism:Influenza	92.308	234	7	6	145	367	2092	2325	5.69e-87	322
697d7e48-6464-4374-87f3-72935adc1737	gb:HM370973|Organism:Influenza	97.987	149	2	1	1	149	13	160	1.63e-67	257
c4045026-1d5c-4962-818b-fc8e2d5ef14c	gb:HM370972|Organism:Influenza	88.644	317	13	13	96	410	2341	2046	1.04e-99	364
c4045026-1d5c-4962-818b-fc8e2d5ef14c	gb:HM370972|Organism:Influenza	98.485	66	1	0	265	330	266	201	3.23e-25	117
27a7b77f-4bbd-4286-9202-ea730214fa08	gb:HM370978|Organism:Influenza	98.897	272	2	1	1	272	1014	744	5.18e-136	484
ea94a6e5-87e8-4856-8a45-e6d75fe33c79	gb:HM370978|Organism:Influenza	97.445	274	3	3	1	270	1014	741	6.38e-130	464
c0116209-721f-42cd-bbda-a2cf39992309	gb:HM370972|Organism:Influenza	99.303	287	2	0	10	296	2042	2328	1.48e-146	520
e9bbda1b-59a5-498e-bac1-83c0c8799052	gb:HM370972|Organism:Influenza	96.842	285	5	4	1	283	2046	2328	1.12e-132	473
a3b5bc8c-0bbe-44ee-96fc-a44a72177134	gb:HM370972|Organism:Influenza	96.154	260	4	4	1	259	2046	2300	1.53e-116	420
57ac54c5-e2af-4830-8a61-2cad417a5977	gb:HM370973|Organism:Influenza	93.711	318	10	6	83	391	2012	2328	7.35e-131	468
57ac54c5-e2af-4830-8a61-2cad417a5977	gb:HM370973|Organism:Influenza	97.778	90	0	2	3	90	2	91	2.34e-36	154
d7b520c2-8c47-410c-a9d6-7749e8e7cd60	gb:HM370966|Organism:Influenza	97.518	282	3	2	1	278	2220	1939	2.35e-134	479
adb2fe70-bed7-4cac-9127-31a49aa624e0	gb:HM370972|Organism:Influenza	96.864	287	3	5	1	285	2046	2328	3.13e-133	475
6300455f-381b-4a0e-ba63-709247c732f2	gb:HM370972|Organism:Influenza	98.940	283	2	1	1	282	2328	2046	3.95e-142	505
5fcece84-991a-4e7c-879e-31cf8819693c	gb:HM370972|Organism:Influenza	96.457	254	1	4	1	246	13	266	3.60e-114	412
5fcece84-991a-4e7c-879e-31cf8819693c	gb:HM370972|Organism:Influenza	96.951	164	2	2	241	402	2166	2328	6.37e-72	272
bd13576b-d210-4d01-84ad-d13a79879a8b	gb:HM370978|Organism:Influenza	92.361	288	6	11	4	279	1024	741	2.45e-109	396
443d9b54-a398-4c08-9d89-05e5e12cc07d	gb:HM370978|Organism:Influenza	92.042	289	9	11	1	282	741	1022	8.91e-109	394
277421f7-700a-4e3a-8ddd-491db6fe3250	gb:HM370978|Organism:Influenza	97.059	272	4	4	1	270	741	1010	4.03e-127	455
3e8c74c6-b297-4c79-9173-5d0d5a5ba981	gb:HM370957|Organism:Influenza	96.109	257	4	3	156	412	266	16	1.03e-114	414
3e8c74c6-b297-4c79-9173-5d0d5a5ba981	gb:HM370957|Organism:Influenza	94.479	163	7	2	1	161	2328	2166	3.08e-65	250
a19c7738-f1b0-41da-ad76-ccd5aaa0df74	gb:HM370957|Organism:Influenza	97.276	257	3	3	174	429	266	13	2.96e-120	433
a19c7738-f1b0-41da-ad76-ccd5aaa0df74	gb:HM370957|Organism:Influenza	89.503	181	12	6	1	179	2341	2166	6.97e-57	222
8dd27384-4548-47c8-8a10-05bf99de93ea	gb:HM370972|Organism:Influenza	96.140	285	7	3	1	283	2328	2046	2.42e-129	462
f0f9e550-7d58-40f9-af10-626ba8f2e01e	gb:HM370972|Organism:Influenza	97.887	284	3	3	1	282	2328	2046	3.97e-137	488
860b3b8a-c5ba-4a4b-88e3-a18cf81d83d7	gb:HM370973|Organism:Influenza	91.304	322	14	13	1	313	2328	2012	1.22e-118	427
860b3b8a-c5ba-4a4b-88e3-a18cf81d83d7	gb:HM370973|Organism:Influenza	97.468	79	1	1	306	383	91	13	2.98e-30	134
f84aa477-025c-4e6c-8b5b-3d06ce3f6e0a	gb:HM370978|Organism:Influenza	93.182	264	5	9	1	254	741	1001	3.04e-103	375
768b94ed-b38d-4419-923f-c122d0f2028a	gb:HM370978|Organism:Influenza	85.816	282	26	10	1	276	1014	741	1.52e-76	287
aa2b1668-1684-479f-9781-d6768e6b90a5	gb:HM370972|Organism:Influenza	94.346	283	7	6	1	274	2328	2046	3.06e-118	425
44a25b5a-8cb1-4fc3-8c5e-fc57a626a98f	gb:HM370978|Organism:Influenza	94.945	1009	18	19	1	983	13	1014	0.0	1550
b3cdb902-13b7-4c65-bdf0-b273877ae210	gb:HM370972|Organism:Influenza	98.587	283	1	2	1	280	2046	2328	6.55e-140	497
d5787f72-7a4a-4bd4-810e-7b1ca39825e0	gb:HM370972|Organism:Influenza	94.737	285	6	6	1	278	2328	2046	5.17e-121	435
413155a2-8e39-44f8-9f45-4fedb3272ce2	gb:HM370973|Organism:Influenza	98.750	160	0	2	3	162	3	160	2.79e-75	283
413155a2-8e39-44f8-9f45-4fedb3272ce2	gb:HM370973|Organism:Influenza	86.192	239	11	20	158	381	2092	2323	6.13e-62	239
5f4993ca-a860-4c02-a018-1c359dfdd439	gb:HM370978|Organism:Influenza	90.559	286	14	11	9	288	736	1014	1.99e-100	366
f281f130-ac5b-47dc-b18c-33b382bdf189	gb:HM370978|Organism:Influenza	90.714	280	13	8	1	273	1014	741	8.72e-99	361
7108cad9-6627-4d95-8216-a4f51a5f6728	gb:HM370972|Organism:Influenza	98.940	283	1	2	1	281	2046	2328	3.93e-142	505
a4647024-5bb0-4c25-b6be-5703756b7182	gb:HM370972|Organism:Influenza	94.656	262	4	7	42	294	2068	2328	7.21e-110	398
7e778f3c-57da-40f7-a666-2107a2020d8d	gb:HM370972|Organism:Influenza	97.925	241	0	4	35	273	2091	2328	2.37e-114	412
d29ccbe1-6587-4253-8747-29070c26e3b2	gb:HM370966|Organism:Influenza	96.113	283	3	4	1	276	2220	1939	3.94e-127	455
6beb942b-cfe0-426d-8a75-214b574e335b	gb:HM370973|Organism:Influenza	96.624	237	3	3	1	232	2328	2092	5.59e-107	388
6beb942b-cfe0-426d-8a75-214b574e335b	gb:HM370973|Organism:Influenza	97.973	148	1	2	228	373	160	13	5.92e-67	255
d0d226e3-e715-4252-9622-5805f9faa38a	gb:HM370972|Organism:Influenza	92.361	288	10	9	11	287	2042	2328	1.95e-110	399
cc6cbb1b-4d5e-4240-a9b0-e10f8cf8e307	gb:HM370972|Organism:Influenza	97.122	278	2	3	12	283	2051	2328	6.72e-130	464
a8fcc318-0709-4799-97b8-333a60c3b95c	gb:HM370972|Organism:Influenza	98.062	258	3	2	1	257	2328	2072	6.74e-125	448
d4f0b692-321e-434c-a68a-e5f93430d6b7	gb:HM370973|Organism:Influenza	94.984	319	7	7	1	312	2328	2012	4.28e-138	492
d4f0b692-321e-434c-a68a-e5f93430d6b7	gb:HM370973|Organism:Influenza	98.750	80	0	1	305	384	91	13	1.78e-32	141
16391103-d143-4195-b9df-663cf6081972	gb:HM370966|Organism:Influenza	98.929	280	2	1	4	283	2217	1939	1.84e-140	499
bd8eebc2-acb5-468d-857a-eefb4f842f39	gb:HM370957|Organism:Influenza	94.231	260	8	7	155	413	266	13	1.73e-107	390
bd8eebc2-acb5-468d-857a-eefb4f842f39	gb:HM370957|Organism:Influenza	95.706	163	4	2	1	160	2328	2166	5.10e-68	259
e0b8184e-f526-4c9b-a8ef-ad633f228d3a	gb:HM370978|Organism:Influenza	92.165	1021	28	43	1	988	1014	13	0.0	1395
d16aae80-72be-4fa1-8967-dfb90a2711dd	gb:HM370972|Organism:Influenza	97.527	283	1	2	1	277	2046	2328	2.35e-134	479
f436effd-4d7f-4274-84ea-a4bc764076d5	gb:HM370972|Organism:Influenza	99.650	286	0	1	13	297	2043	2328	4.13e-147	521
0e9d5e28-0961-47db-907f-7d99213278ef	gb:HM370972|Organism:Influenza	95.775	284	6	5	1	279	2046	2328	1.43e-126	453
2d56f5c4-ecc2-4067-89d8-7c0ae4d2a6b6	gb:HM370957|Organism:Influenza	96.708	243	2	4	149	389	266	28	2.80e-110	399
2d56f5c4-ecc2-4067-89d8-7c0ae4d2a6b6	gb:HM370957|Organism:Influenza	87.805	164	9	7	1	154	2328	2166	1.10e-44	182
6226aaf3-4a32-4f7a-aed0-906fc73dec6a	gb:HM370978|Organism:Influenza	90.102	293	11	14	7	289	19	303	7.18e-100	364
43c86cd5-69c5-4607-bc6c-3eb98973ef5f	gb:HM370972|Organism:Influenza	98.944	284	0	3	1	282	2328	2046	3.95e-142	505
a752d192-49ec-4d4e-8308-d39c10709427	gb:HM370978|Organism:Influenza	92.727	275	7	7	1	263	741	1014	4.97e-106	385
6ea13700-18ce-4cae-a663-c3c29fc781a0	gb:HM370972|Organism:Influenza	92.509	267	13	5	2	262	1	266	4.88e-103	375
6ea13700-18ce-4cae-a663-c3c29fc781a0	gb:HM370972|Organism:Influenza	92.638	163	8	3	257	415	2166	2328	1.12e-59	231
28596b81-a519-48f5-95cc-d4c4f7dea94e	gb:HM370979|Organism:Influenza	92.652	871	32	27	5	853	873	13	0.0	1225
ffe21121-0d5a-46ef-a4c9-75618ee2ce6b	gb:HM370972|Organism:Influenza	99.296	284	1	1	1	284	2328	2046	2.38e-144	512
e5beced2-b24f-4640-9e03-e7e5207087bb	gb:HM370978|Organism:Influenza	88.732	284	14	13	1	276	741	1014	6.92e-90	331
b83315be-329d-4419-a436-6399e0ccd881	gb:HM370978|Organism:Influenza	97.834	277	4	2	1	277	1014	740	8.94e-134	477
6f9d6fb2-8e71-40d6-b14f-498f2db84d9f	gb:HM370972|Organism:Influenza	96.491	285	5	4	1	282	2046	2328	1.86e-130	466
79a3ad89-94c3-4e78-8da6-c1c71082d116	gb:HM370979|Organism:Influenza	92.525	883	35	25	1	870	877	13	0.0	1236
16f5771c-4400-499d-abbc-140bb3bdd173	gb:HM370972|Organism:Influenza	99.296	284	0	2	1	283	2328	2046	2.37e-144	512
0632a977-00f5-4e41-9241-c388b7e96e9a	gb:HM370978|Organism:Influenza	98.540	274	3	1	1	273	741	1014	1.78e-135	483
f6194a64-484b-4e1f-9036-15976828aca3	gb:HM370978|Organism:Influenza	96.296	270	7	2	7	275	1008	741	1.10e-122	440
5d9482cc-62f1-436e-98c6-e405a14e379d	gb:HM370977|Organism:Influenza	91.756	558	22	20	1	546	1445	900	0.0	754
16c878c7-5eda-46a2-9593-4d5c6e6d1e47	gb:HM370957|Organism:Influenza	99.213	254	2	0	1	254	13	266	4.68e-128	459
16c878c7-5eda-46a2-9593-4d5c6e6d1e47	gb:HM370957|Organism:Influenza	98.780	164	1	1	249	412	2166	2328	1.81e-77	291
9d253727-bdcc-4310-a1ef-72d95560c2bc	gb:HM370979|Organism:Influenza	96.770	867	13	9	1	854	13	877	0.0	1432
d54d194b-fb46-4d46-8116-8c7c4e98dd11	gb:HM370966|Organism:Influenza	97.518	282	5	2	1	280	1939	2220	6.60e-135	481
20624b7c-5b08-4ed7-ab13-09ea2ef2dfcc	gb:HM370972|Organism:Influenza	95.088	285	8	6	1	281	2328	2046	8.69e-124	444
56acb472-39ae-47d7-85c8-52b5277407f0	gb:HM370978|Organism:Influenza	97.826	276	0	5	1	272	741	1014	3.85e-132	472
8fa77697-fa35-478f-9b9b-b743ed2709c4	gb:HM370957|Organism:Influenza	96.863	255	6	2	1	254	13	266	4.72e-118	425
8fa77697-fa35-478f-9b9b-b743ed2709c4	gb:HM370957|Organism:Influenza	94.512	164	6	3	249	410	2166	2328	3.05e-65	250
c80ae06c-8c15-47b3-8f88-cc9d2bddb3e2	gb:HM370972|Organism:Influenza	97.173	283	4	2	1	279	2046	2328	3.06e-133	475
24c41c9b-3a2d-4a9e-b720-5bb92c59b664	gb:HM370978|Organism:Influenza	97.101	276	3	4	1	273	1014	741	8.36e-129	460
b7e26147-2498-4949-8b0e-2ae2c00f256f	gb:HM370972|Organism:Influenza	97.993	299	3	3	3	300	2337	2041	2.46e-145	516
3dd3d277-6828-4353-a007-dc8cb94da105	gb:HM370972|Organism:Influenza	90.459	283	13	11	1	271	2048	2328	8.65e-99	361
a3b9791e-f0ed-433f-9c26-d60f64cd12fa	gb:HM370978|Organism:Influenza	95.374	281	4	6	9	282	736	1014	4.06e-122	438
e60f8393-7d82-4091-8112-bb5bac41c2e6	gb:HM370978|Organism:Influenza	98.307	1004	4	7	1	993	1014	13	0.0	1748
87a7f914-3bbe-4832-9c53-9bf4b87f0068	gb:HM370957|Organism:Influenza	98.438	256	1	3	1	255	13	266	1.01e-124	448
87a7f914-3bbe-4832-9c53-9bf4b87f0068	gb:HM370957|Organism:Influenza	95.181	166	2	3	250	412	2166	2328	1.83e-67	257
e7bd7fdd-9e15-40bc-958b-2fa3199cc06a	gb:HM370978|Organism:Influenza	97.324	1009	14	10	1	1003	1014	13	0.0	1701
8ab97179-de01-487a-8ac9-2843f661bab3	gb:HM370972|Organism:Influenza	97.880	283	2	3	105	383	2044	2326	2.00e-136	486
ac753079-8f77-47bd-ad57-e78713579bdc	gb:HM370978|Organism:Influenza	94.203	276	9	7	1	271	1014	741	6.55e-115	414
adb7e4a3-29ea-43f5-85bf-494ad12d592f	gb:HM370972|Organism:Influenza	99.296	284	0	2	1	282	2046	2329	3.08e-144	512
e9f7d899-80d1-4114-87f0-fac4b6f893f8	gb:HM370972|Organism:Influenza	97.535	284	4	3	1	282	2328	2046	1.85e-135	483
5701ff0e-6244-4b09-af29-06f3ede869ea	gb:MH502179|Organism:Influenza	89.680	281	20	7	1	279	729	1002	1.93e-95	350
657fbe5e-6d8a-41df-99f2-7ce436fcefd5	gb:HM370966|Organism:Influenza	95.053	283	6	6	1	276	2220	1939	3.96e-122	438
092382f1-ffdf-4e8b-9010-d2644aab9059	gb:HM370972|Organism:Influenza	90.217	276	7	12	1	269	2046	2308	3.84e-93	342
5d11a562-b14f-43a2-8a56-25becc0ba9e3	gb:HM370972|Organism:Influenza	98.596	285	0	4	1	283	2328	2046	5.12e-141	501
c2823ad2-a991-42eb-9c9d-dff47786f024	gb:HM370957|Organism:Influenza	98.024	253	3	2	154	406	266	16	6.03e-122	438
c2823ad2-a991-42eb-9c9d-dff47786f024	gb:HM370957|Organism:Influenza	94.479	163	5	3	1	159	2328	2166	1.09e-64	248
8d7ebe18-de3f-425a-bfad-1ed2c98f9c35	gb:HM370957|Organism:Influenza	94.677	263	4	8	1	262	13	266	2.99e-110	399
99b07caf-5f04-4d8f-91a4-79d375ac2366	gb:HM370979|Organism:Influenza	94.604	871	23	19	19	875	873	13	0.0	1327
fdc5a5dc-7325-49ba-935b-0889520a4055	gb:HM370972|Organism:Influenza	98.976	293	2	1	4	295	2338	2046	1.14e-147	523
98253a09-607e-4745-bcd0-dbdb5105ed68	gb:HM370973|Organism:Influenza	81.148	244	22	17	139	365	2092	2328	1.67e-42	174
98253a09-607e-4745-bcd0-dbdb5105ed68	gb:HM370973|Organism:Influenza	86.486	148	15	5	1	143	13	160	1.68e-37	158
c9ec5ec9-b808-4154-afb5-8b89d6cdb948	gb:HM370972|Organism:Influenza	90.526	285	16	9	1	276	2046	2328	1.90e-100	366
3633179a-0c43-4c86-adee-71da6822daa2	gb:HM370957|Organism:Influenza	98.833	257	0	2	159	415	266	13	6.10e-127	455
3633179a-0c43-4c86-adee-71da6822daa2	gb:HM370957|Organism:Influenza	98.780	164	1	1	1	164	2328	2166	1.82e-77	291
115ce324-2ff3-4875-9bb6-9b01a9a591e9	gb:HM370966|Organism:Influenza	95.423	284	8	5	1	281	2220	1939	6.72e-125	448
71aea8da-4764-4c35-abd5-57a6ea01eead	gb:HM370978|Organism:Influenza	96.922	1007	14	13	1	995	13	1014	0.0	1672
d29332d6-0803-487b-9a8f-bf7e4ae41c27	gb:HM370972|Organism:Influenza	92.885	253	12	6	156	404	266	16	3.71e-99	363
d29332d6-0803-487b-9a8f-bf7e4ae41c27	gb:HM370972|Organism:Influenza	92.073	164	4	7	4	161	2326	2166	6.58e-57	222
625b851e-60a9-4aba-9028-911159aa4627	gb:HM370966|Organism:Influenza	98.227	282	2	2	1	279	2220	1939	1.09e-137	490
1f3d7641-b137-4cd1-96ea-2bbc2f07e16d	gb:HM370977|Organism:Influenza	95.628	549	14	10	1	542	900	1445	0.0	872
6221d5d8-c0e1-4faf-9a18-c448659a3251	gb:HM370973|Organism:Influenza	93.478	230	12	3	143	371	2092	2319	5.81e-92	339
6221d5d8-c0e1-4faf-9a18-c448659a3251	gb:HM370973|Organism:Influenza	99.324	148	0	1	1	147	13	160	2.78e-70	267
0bac5f0d-5420-4f96-b782-fb3f012a32e3	gb:HM370972|Organism:Influenza	94.035	285	12	4	1	282	2046	2328	8.79e-119	427
6d22df5a-b124-41dd-a2d7-b60a2d8e7b3a	gb:HM370966|Organism:Influenza	98.587	283	2	2	1	282	1939	2220	1.84e-140	499
ed98e601-7761-449e-8506-3dc4666e6691	gb:HM370978|Organism:Influenza	96.454	282	5	4	1	278	741	1021	8.73e-129	460
34923cbf-ed05-4982-8d9e-35f81c2a5475	gb:HM370973|Organism:Influenza	94.958	238	9	2	1	236	2328	2092	2.02e-101	370
34923cbf-ed05-4982-8d9e-35f81c2a5475	gb:HM370973|Organism:Influenza	93.919	148	2	1	232	372	160	13	2.79e-55	217
abab2283-e0fc-4403-bf9b-30ade8d2f6cd	gb:HM370978|Organism:Influenza	98.188	276	3	2	1	276	741	1014	6.49e-135	481
56fdfcf0-1a18-4cb5-9616-5093793ded2f	gb:HM370972|Organism:Influenza	98.773	163	1	1	237	398	2166	2328	6.26e-77	289
56fdfcf0-1a18-4cb5-9616-5093793ded2f	gb:HM370972|Organism:Influenza	87.500	256	16	12	1	242	13	266	1.05e-74	281
0ba6e9b7-beba-4d80-8a03-d0d0fb0a2556	gb:HM370972|Organism:Influenza	99.293	283	1	1	1	282	2328	2046	8.48e-144	510
055a573f-c703-40d8-9a58-2543ca5ae591	gb:HM370972|Organism:Influenza	96.140	285	5	4	1	281	2328	2046	8.63e-129	460
ef9bd085-ed64-4f42-acd6-099ecd8315bb	gb:HM370966|Organism:Influenza	97.887	284	4	1	1	284	1939	2220	1.11e-137	490
b53a5fe8-d4c9-484b-9c0a-bfe640b7f523	gb:HM370966|Organism:Influenza	97.193	285	4	3	1	284	1939	2220	2.41e-134	479
28d035e8-10ed-43ed-88c5-528de9cf636a	gb:HM370978|Organism:Influenza	96.377	276	4	3	1	272	1014	741	1.80e-125	449
5450a2d2-c59c-4c39-bc41-e662ee05664d	gb:HM370978|Organism:Influenza	97.122	278	3	3	1	277	1014	741	6.57e-130	464
21630caf-a4d0-496e-94d2-edf1e30c7304	gb:HM370972|Organism:Influenza	93.380	287	11	7	1	283	2046	2328	5.31e-116	418
b944b848-f734-48ea-9301-7bc3d7aa3d3e	gb:HM370966|Organism:Influenza	96.000	275	7	2	1	271	2220	1946	8.49e-124	444
b6bf12da-8f11-450d-bbe2-8a0267f692c2	gb:CY004350|Organism:Influenza	86.986	292	11	19	8	281	1938	2220	1.54e-81	303
4b5a5060-40e5-42fc-91d1-cdc83838cdc4	gb:HM370973|Organism:Influenza	89.873	316	12	16	81	380	2017	2328	5.71e-107	388
4b5a5060-40e5-42fc-91d1-cdc83838cdc4	gb:HM370973|Organism:Influenza	88.750	80	2	4	1	79	13	86	1.80e-17	91.6
dd61d09a-0d86-4760-bbe2-aa21e914226b	gb:HM370972|Organism:Influenza	94.326	282	5	8	17	289	2325	2046	4.20e-117	422
55d97370-e016-44b8-be4a-a131f235a747	gb:HM370978|Organism:Influenza	94.346	283	4	10	6	280	736	1014	1.13e-117	424
591ee2b2-f91f-4249-b416-90948df25876	gb:HM370957|Organism:Influenza	94.444	252	5	7	159	405	260	13	3.68e-104	379
591ee2b2-f91f-4249-b416-90948df25876	gb:HM370957|Organism:Influenza	96.296	162	2	3	1	159	2328	2168	3.86e-69	263
d1dda8ce-c89c-4e6c-9425-fba4566bd0ae	gb:HM370972|Organism:Influenza	89.189	296	10	15	1	287	2046	2328	1.99e-95	350
616b0771-225d-4725-b3ac-da1e61b8749a	gb:HM370972|Organism:Influenza	93.836	292	12	6	8	295	2335	2046	5.52e-121	435
a931f4e8-2697-45b2-98df-087c72c40d77	gb:HM370972|Organism:Influenza	98.592	284	0	4	1	281	2046	2328	1.83e-140	499
8788ae6e-2949-4012-95c6-cf0fc4a98814	gb:HM370972|Organism:Influenza	92.905	296	4	14	8	289	2338	2046	7.03e-115	414
1a38cb4c-7ca3-430c-9ad7-4497f4ad4885	gb:HM370972|Organism:Influenza	99.648	284	0	1	1	284	2046	2328	5.11e-146	518
3d54b08c-e2bd-4cc8-bbdd-7308d022e1b8	gb:HM370957|Organism:Influenza	92.636	258	11	8	162	415	266	13	1.06e-99	364
3d54b08c-e2bd-4cc8-bbdd-7308d022e1b8	gb:HM370957|Organism:Influenza	94.048	168	4	4	1	167	2328	2166	3.09e-65	250
ca692cec-a5f0-4c4b-a2e4-2f8da53a208a	gb:HM370966|Organism:Influenza	96.429	280	7	3	1	279	2220	1943	3.13e-128	459
2e8ea739-c3c1-442c-92d7-827ae1fedd45	gb:KX978623|Organism:Influenza	94.949	297	6	8	5	296	2231	1939	1.18e-127	457
cbeccc7a-7588-4680-bf9c-bdb0a4fe7651	gb:HM370979|Organism:Influenza	91.240	879	33	38	1	849	13	877	0.0	1157
0654932a-791f-4056-9568-fdda1f5fbc90	gb:HM370972|Organism:Influenza	97.544	285	3	4	1	283	2328	2046	5.16e-136	484
03a3ca56-278d-4f22-a355-b629b915b4e6	gb:HM370966|Organism:Influenza	98.233	283	4	1	1	283	1939	2220	8.57e-139	494
cc259c09-9517-4226-8533-ea16e9a42b0e	gb:HM370966|Organism:Influenza	93.403	288	9	10	1	284	1939	2220	5.33e-116	418
80757d2e-7427-4308-9963-bd2de3bd9196	gb:HM370972|Organism:Influenza	96.587	293	0	2	1	293	2328	2046	8.97e-134	477
d8a3b545-710c-45b0-a5eb-d9805a0ded05	gb:CY180899|Organism:Influenza	88.189	254	16	11	1	240	1	254	1.75e-77	291
d8a3b545-710c-45b0-a5eb-d9805a0ded05	gb:CY180899|Organism:Influenza	92.857	168	6	4	235	401	2154	2316	6.44e-62	239
7859dcbc-b78d-43c8-8e3d-683913d0f72d	gb:HM370972|Organism:Influenza	94.056	286	2	10	1	274	2328	2046	1.42e-116	420
cd6ebdf7-8944-4d4b-bdf9-b396f8c98fe4	gb:HM370973|Organism:Influenza	95.219	251	10	2	1	249	2328	2078	3.42e-109	396
cd6ebdf7-8944-4d4b-bdf9-b396f8c98fe4	gb:HM370973|Organism:Influenza	94.737	152	2	6	232	381	160	13	1.02e-59	231
daa590bf-d3f2-4e7f-9ba4-214db1552c23	gb:HM370962|Organism:Influenza	92.182	550	26	15	1	542	901	1441	0.0	761
b71e3dd8-b1ac-4db9-a346-c0b9d072e13a	gb:HM370979|Organism:Influenza	96.096	871	15	16	1	858	877	13	0.0	1402
8e23b98c-1681-47f1-a122-1e2ece273f55	gb:HM370972|Organism:Influenza	100.000	163	0	0	1	163	2328	2166	6.20e-81	302
8e23b98c-1681-47f1-a122-1e2ece273f55	gb:HM370972|Organism:Influenza	99.219	128	1	0	158	285	266	139	8.25e-60	231
77ee8500-e934-4e73-b464-a5cd20425c6e	gb:HM370957|Organism:Influenza	95.455	242	5	6	168	406	251	13	1.03e-104	381
77ee8500-e934-4e73-b464-a5cd20425c6e	gb:HM370957|Organism:Influenza	98.160	163	1	2	1	161	2328	2166	2.97e-75	283
1fc06977-569e-4fc3-8558-7d4834cbbcc3	gb:HM370972|Organism:Influenza	98.596	285	2	1	1	285	2046	2328	1.44e-141	503
dbe4ad3c-1e50-4832-beb7-4b2f2f2befa6	gb:CY139820|Organism:Influenza	91.986	287	16	7	1	284	2316	2034	2.50e-109	396
bcfcbd4e-58ef-4d7b-8e85-cfc6666bec4d	gb:HM370979|Organism:Influenza	98.958	864	3	4	5	866	872	13	0.0	1541
98a50b7e-5a0d-4d28-9b4a-43112380e617	gb:HM370973|Organism:Influenza	93.305	239	8	7	143	375	2092	2328	3.43e-94	346
98a50b7e-5a0d-4d28-9b4a-43112380e617	gb:HM370973|Organism:Influenza	97.987	149	0	3	1	147	13	160	5.95e-67	255
ed09696e-c509-4f61-86a6-7bee4c3f71f9	gb:HM370978|Organism:Influenza	85.816	282	24	12	1	266	741	1022	5.36e-76	285
91830157-0ef1-49dc-a09d-06f307095743	gb:HM370972|Organism:Influenza	97.880	283	3	2	1	280	2328	2046	1.42e-136	486
d52046f9-1def-4cb9-b64a-659468dcd11d	gb:HM370978|Organism:Influenza	97.321	1008	12	9	1	999	13	1014	0.0	1698
055a4110-a12c-4ca9-b8e4-935b66d8c894	gb:HM370957|Organism:Influenza	94.141	256	6	6	154	402	266	13	1.01e-104	381
055a4110-a12c-4ca9-b8e4-935b66d8c894	gb:HM370957|Organism:Influenza	92.121	165	5	6	1	159	2328	2166	5.03e-58	226
80d30655-5711-4570-8930-54fb69d3fc22	gb:HM370972|Organism:Influenza	98.233	283	4	1	1	282	2328	2046	8.54e-139	494
c407ea4e-bb2a-43f5-afc6-ef369e733299	gb:HM370978|Organism:Influenza	98.556	277	1	1	1	277	1014	741	1.40e-136	486
ad3bf76d-f268-4c37-9599-453a6149b984	gb:HM370978|Organism:Influenza	98.556	277	1	2	1	277	1014	741	1.40e-136	486
f183d6ba-e76a-4ab1-86cd-f352788712f0	gb:HM370972|Organism:Influenza	92.632	285	8	11	1	274	2046	2328	6.67e-110	398
d94e52c6-f408-4d89-a8fc-2b71a70a4e91	gb:HM370966|Organism:Influenza	94.035	285	8	5	1	279	1939	2220	1.12e-117	424
db5888a0-ac39-407f-bafa-8b269aaca607	gb:HM370978|Organism:Influenza	94.928	276	8	5	1	272	741	1014	8.44e-119	427
bbb0150d-cb99-4ebc-b638-8d29f9d73835	gb:HM370978|Organism:Influenza	97.810	274	4	2	6	277	1011	738	4.08e-132	472
cc26637b-d24f-48ad-a2a6-fb26f8d5e6f5	gb:HM370966|Organism:Influenza	96.454	282	4	4	1	276	1939	2220	8.46e-129	460
a5172566-9b00-43dc-92c0-c5a8d9696c09	gb:HM370972|Organism:Influenza	95.819	287	3	8	1	282	2328	2046	4.03e-127	455
6ff57b37-4f31-4b1c-9a2e-3716fab7cec3	gb:HM370962|Organism:Influenza	96.350	548	10	9	5	549	1441	901	0.0	893
54486f82-a571-4e80-8654-7d880c08241a	gb:HM370973|Organism:Influenza	91.875	320	12	13	1	309	2328	2012	7.35e-121	435
54486f82-a571-4e80-8654-7d880c08241a	gb:HM370973|Organism:Influenza	87.013	77	4	5	311	386	84	13	1.10e-14	82.4
15499b8a-d4df-4df7-b147-0d76903c0f68	gb:HM370978|Organism:Influenza	96.029	277	4	6	1	273	1014	741	8.42e-124	444
b540eb5c-6997-4235-a00d-13b54394a0fa	gb:HM370966|Organism:Influenza	93.662	284	12	5	1	280	2220	1939	1.46e-116	420
52f298b3-4f8f-4866-aca5-bdc1b1a4604a	gb:HM370977|Organism:Influenza	97.105	449	7	6	258	703	1000	1445	0.0	752
93432ead-9736-49ca-b627-c16ef67a24cb	gb:HM370966|Organism:Influenza	96.842	285	2	5	1	281	2220	1939	1.43e-131	470
a22805d8-edd9-47b1-acd7-7829d1d7a5e4	gb:HM370966|Organism:Influenza	99.291	282	2	0	1	282	1939	2220	8.48e-144	510
96b4d171-3e83-4244-93cd-3d8efa9b43fa	gb:GQ923500|Organism:Influenza	91.085	258	18	4	156	412	254	1	1.37e-93	344
96b4d171-3e83-4244-93cd-3d8efa9b43fa	gb:GQ923500|Organism:Influenza	93.252	163	9	2	1	161	2316	2154	6.63e-62	239
87a1c0c4-2ced-4b2b-a6a4-eb868bb62953	gb:HM370972|Organism:Influenza	93.684	285	8	8	1	277	2046	2328	5.19e-116	418
39fb4fcd-9b68-441d-8e61-ede2c79a829b	gb:HM370978|Organism:Influenza	95.455	286	6	7	1	281	741	1024	1.87e-125	449
1cb5c408-a819-4a1e-bda9-99883e529cec	gb:HM370957|Organism:Influenza	98.819	254	2	1	158	410	266	13	7.79e-126	451
1cb5c408-a819-4a1e-bda9-99883e529cec	gb:HM370957|Organism:Influenza	98.780	164	0	2	1	163	2328	2166	1.80e-77	291
e177c856-45fe-4ce5-88c0-f799bba99cf2	gb:HM370957|Organism:Influenza	99.606	254	1	0	1	254	13	266	1.00e-129	464
e177c856-45fe-4ce5-88c0-f799bba99cf2	gb:HM370957|Organism:Influenza	98.773	163	2	0	249	411	2166	2328	1.80e-77	291
f23f9559-c5b2-4093-a633-9c34fe903f8f	gb:CY139254|Organism:Influenza	97.802	91	2	0	5	95	2311	2221	4.41e-38	158
f12ad8ab-4a76-4334-8922-a32f3598d862	gb:HM370972|Organism:Influenza	97.544	285	3	3	1	283	2046	2328	5.16e-136	484
c8427042-6e7e-4c56-ac68-20f320693f04	gb:HM370978|Organism:Influenza	96.390	277	4	5	1	274	1014	741	5.05e-126	451
436faa46-2875-4e03-9d9d-9a367af2fb4a	gb:HM370962|Organism:Influenza	89.170	554	31	25	15	553	1441	902	0.0	664
bc26d119-a328-4507-bc60-012ebe37702d	gb:HM370972|Organism:Influenza	98.592	284	2	2	1	283	2328	2046	5.12e-141	501
ea53049b-f329-43e0-b050-b5944cfdea9a	gb:HM370979|Organism:Influenza	96.485	882	12	13	2	869	1	877	0.0	1439
23d4a263-dc41-4e05-8903-76a9bc2070d7	gb:HM370978|Organism:Influenza	96.329	1008	14	16	1	991	1014	13	0.0	1635
22489c1b-73d9-44c2-9643-cdd60a5a64d2	gb:HM370978|Organism:Influenza	99.630	270	0	1	5	274	1009	741	2.98e-138	492
1adac3f9-d732-4e79-b4ef-c7b101214536	gb:HM370973|Organism:Influenza	97.205	322	3	4	79	399	2012	2328	1.57e-152	540
1adac3f9-d732-4e79-b4ef-c7b101214536	gb:HM370973|Organism:Influenza	91.209	91	3	5	1	86	1	91	8.71e-26	119
c0c5874b-21e8-48c2-b713-5e4143e1ddb0	gb:HM370972|Organism:Influenza	99.647	283	1	0	1	283	2046	2328	5.09e-146	518
5c688005-01e0-4df6-b45f-ef55e85b9b4e	gb:HM370973|Organism:Influenza	96.203	237	4	3	1	232	2328	2092	2.64e-105	383
5c688005-01e0-4df6-b45f-ef55e85b9b4e	gb:HM370973|Organism:Influenza	96.689	151	2	3	228	378	160	13	1.00e-64	248
b44eb23d-3418-4025-8f6d-136d4da7986c	gb:HM370972|Organism:Influenza	90.311	289	10	12	1	277	2046	2328	2.46e-99	363
7d30ca42-c5ba-42e3-9de3-5ff6de54c0b2	gb:HM370973|Organism:Influenza	90.254	236	16	6	143	373	2092	2325	7.54e-81	302
7d30ca42-c5ba-42e3-9de3-5ff6de54c0b2	gb:HM370973|Organism:Influenza	93.377	151	3	6	1	147	13	160	2.81e-55	217
bc6f46d5-0019-4265-89ac-fb6b55392167	gb:HM370978|Organism:Influenza	96.043	278	6	5	1	277	1014	741	6.61e-125	448
ee8f04b3-68f4-4f33-80cb-bb36edd48636	gb:HM370972|Organism:Influenza	93.706	286	15	3	1	286	2046	2328	3.21e-118	425
4abb84c2-b5d6-41a5-96a0-8396062017b4	gb:HM370972|Organism:Influenza	98.587	283	0	4	1	279	2328	2046	6.53e-140	497
6afdeccf-c7bd-4d67-81c1-45bd9659c9d5	gb:HM370966|Organism:Influenza	98.936	282	2	1	1	281	1939	2220	1.41e-141	503
059a6935-10ea-44b4-9f66-ecdcf458b4c0	gb:HM370972|Organism:Influenza	97.544	285	2	4	1	282	2328	2046	1.85e-135	483
02643ef7-5b4f-46fd-b7a5-115821014259	gb:HM370973|Organism:Influenza	99.054	317	2	1	72	387	2012	2328	6.97e-161	568
02643ef7-5b4f-46fd-b7a5-115821014259	gb:HM370973|Organism:Influenza	98.701	77	1	0	3	79	15	91	2.33e-31	137
8ac5c1af-fa06-4cbf-aa8a-ee426c72cc1f	gb:HM370978|Organism:Influenza	93.773	273	8	8	14	280	745	1014	5.28e-111	401
5c11033f-ed45-4625-a59d-59f7bb5b4cbe	gb:HM370978|Organism:Influenza	94.624	279	5	7	1	274	741	1014	1.10e-117	424
4742b0a0-2f31-4154-8b7d-c98f65aa3275	gb:HM370972|Organism:Influenza	100.000	283	0	0	1	283	2046	2328	1.09e-147	523
ffc6579a-db17-43ca-957b-7ae7c4fd996b	gb:HM370972|Organism:Influenza	99.293	283	1	1	1	282	2046	2328	8.48e-144	510
dfcaf3a2-1aaf-4380-b4d8-75b80c9b3031	gb:HM370972|Organism:Influenza	95.760	283	2	6	1	273	2046	2328	6.51e-125	448
79ea1cb6-17e9-432c-85f6-cab38d2a59ba	gb:HM370972|Organism:Influenza	99.293	283	2	0	1	283	2328	2046	2.37e-144	512
70981ded-6e2b-40d2-b128-1a8dfd181c09	gb:HM370957|Organism:Influenza	89.453	256	11	12	1	242	13	266	4.82e-83	309
70981ded-6e2b-40d2-b128-1a8dfd181c09	gb:HM370957|Organism:Influenza	95.732	164	5	2	237	399	2166	2328	3.80e-69	263
938ba401-e209-4abc-94ca-18288e4f749b	gb:HM370966|Organism:Influenza	89.041	292	18	11	1	288	1939	2220	2.00e-95	350
b07789a4-525b-4053-b53d-844ee4162bf7	gb:HM370972|Organism:Influenza	99.293	283	1	1	1	282	2046	2328	8.48e-144	510
ff1db18e-aacd-470e-b8dc-5112d0956d50	gb:HM370966|Organism:Influenza	98.288	292	4	1	4	294	2230	1939	8.88e-144	510
bd712519-a396-4e6f-be34-08e7645845f1	gb:HM370978|Organism:Influenza	93.165	278	14	5	1	277	1014	741	1.45e-111	403
b5f24cf8-125f-4ccc-abd9-0c047b343649	gb:HM370979|Organism:Influenza	94.257	888	22	21	2	871	1	877	0.0	1330
1ad9127b-5564-4bb8-b4cc-334abd77fb5c	gb:HM370978|Organism:Influenza	94.030	268	11	5	9	275	1001	738	5.37e-111	401
85450ab6-be4a-4455-9491-c1c3c68ad4a6	gb:HM370978|Organism:Influenza	98.507	1005	8	5	1	1001	1014	13	0.0	1766
4e026e9b-bf90-454e-84c0-947fc1aaef3d	gb:HM370966|Organism:Influenza	96.831	284	4	5	1	281	2220	1939	1.43e-131	470
83a4623a-af88-4be6-9cc5-7503fc976667	gb:HM370966|Organism:Influenza	91.034	290	9	13	1	276	2220	1934	4.07e-103	375
cd12d168-a35a-4964-8d60-0d8de17e3d3a	gb:HM370966|Organism:Influenza	98.246	285	1	4	1	284	2220	1939	2.39e-139	496
6f03cb15-8f52-40fb-9d3c-03bcaeddcca6	gb:HM370972|Organism:Influenza	93.993	283	6	9	1	272	2046	2328	5.08e-116	418
