fa999843-435e-40b1-8d38-e32018f594c6	gb:HM370979|Organism:Influenza	95.862	870	15	16	1	854	13	877	0.0	1387
47479d9e-bbe7-43e4-999d-f94b68890a1f	gb:HM370979|Organism:Influenza	94.725	853	20	22	1	834	877	31	0.0	1303
34f2bd8f-f9b9-40a3-9c31-3730e8c50586	gb:HM370978|Organism:Influenza	95.699	1023	13	23	97	1101	1022	13	0.0	1616
331ec97c-5f9c-4210-8f88-91869cccc703	gb:HM370972|Organism:Influenza	100.000	283	0	0	1	283	2328	2046	1.09e-147	523
5e89453e-b6d3-4ec5-ada8-ef2df1ce0977	gb:KY983184|Organism:Influenza	85.714	287	22	16	17	289	2047	2328	5.75e-76	285
d8da0f5f-1279-4710-b171-eed1a8071e52	gb:HM370979|Organism:Influenza	94.165	874	24	19	1	856	877	13	0.0	1306
3496cd80-1a29-44c5-9dcb-4b6c9de4cde9	gb:HM370978|Organism:Influenza	92.998	1014	33	32	1	988	1014	13	0.0	1445
ae7e97eb-7528-45e1-bcfe-a800f0829791	gb:HM370972|Organism:Influenza	95.819	287	5	5	1	284	2328	2046	1.13e-127	457
2ec01bdb-7e97-4ad0-966c-caacd432475f	gb:HM370979|Organism:Influenza	97.362	872	10	12	1	866	877	13	0.0	1471
945182dc-1a11-45de-939d-0accee91db6a	gb:HM370978|Organism:Influenza	97.547	1019	9	16	100	1110	1023	13	0.0	1729
aff6b066-f8bb-4adc-8cee-df04efbff30f	gb:HM370978|Organism:Influenza	98.030	1015	5	11	1	1013	1014	13	0.0	1749
5bb15573-0fd2-4dd1-8cae-fe05df466307	gb:HM370979|Organism:Influenza	97.809	867	8	9	1	858	13	877	0.0	1485
e0480ef5-bcfe-44a8-a679-a11c67b884f7	gb:HM370979|Organism:Influenza	97.933	871	11	5	1	870	13	877	0.0	1502
f83f5e93-4bac-4273-9ed5-5bd9c1825b55	gb:HM370979|Organism:Influenza	97.809	867	12	6	1	862	13	877	0.0	1489
07bf6cbd-7c99-470c-9eac-a579052732ea	gb:HM370979|Organism:Influenza	93.158	877	33	21	1	862	13	877	0.0	1262
6085983a-21a1-4cb0-bb26-0395e3168769	gb:HM370978|Organism:Influenza	98.808	1007	4	5	1	1004	13	1014	0.0	1786
72fa2deb-927b-43c1-a9e8-491d75a09d28	gb:HM370979|Organism:Influenza	97.578	867	13	6	1	861	13	877	0.0	1478
f1d22a6c-6785-40db-b1e1-ff0c99ad205d	gb:HM370979|Organism:Influenza	94.432	880	20	26	1	866	877	13	0.0	1327
8f15df35-78c2-4480-9f71-95eeb18c734e	gb:HM370977|Organism:Influenza	97.537	1421	18	17	1	1409	1445	30	0.0	2414
8f15df35-78c2-4480-9f71-95eeb18c734e	gb:HM370977|Organism:Influenza	83.905	1429	108	94	1417	2758	62	1455	0.0	1253
ac16583c-226c-4633-9b1f-159bbff8b75c	gb:HM370979|Organism:Influenza	91.026	468	13	15	375	818	415	877	1.16e-171	604
ac16583c-226c-4633-9b1f-159bbff8b75c	gb:HM370979|Organism:Influenza	97.233	253	4	3	1	253	13	262	9.71e-118	425
cd1a50e7-db1b-4e65-8091-32e2b00cc5e6	gb:HM370972|Organism:Influenza	97.213	287	1	5	1	284	2046	2328	2.41e-134	479
62b9ddf6-5440-4c94-927d-c0d922fd5d8b	gb:HM370976|Organism:Influenza	97.059	34	1	0	92	125	1519	1552	5.22e-08	58.4
4fabe034-8d73-4dfc-8b3d-82acaf37615a	gb:HM370979|Organism:Influenza	95.872	872	17	17	1	860	13	877	0.0	1393
fc23ef55-8271-4d32-a8dd-cf076fd3d59f	gb:KJ889434|Organism:Influenza	91.451	1006	59	17	1	983	1014	13	0.0	1356
174bf9fb-9bf9-4a8e-bcb4-4951f6ed43b5	gb:HM370972|Organism:Influenza	96.140	285	5	5	1	281	2046	2328	8.63e-129	460
9a5da756-4896-4e66-a031-9c080918b0f7	gb:HM370979|Organism:Influenza	97.011	870	9	13	1	858	877	13	0.0	1447
aecca4d7-498e-406a-9221-1d1f3b8bcf60	gb:HM370979|Organism:Influenza	97.586	870	12	9	1	866	13	877	0.0	1482
0030bc7b-aee3-4b3a-8cf1-7e5f8e3bf7eb	gb:HM370979|Organism:Influenza	97.025	874	9	13	1	866	877	13	0.0	1454
6e350395-fa1f-4a94-b79c-88182f337421	gb:HM370979|Organism:Influenza	93.634	864	30	23	1	844	877	19	0.0	1267
728b3acb-2d78-4ec4-98e3-84c20800a96b	gb:HM370979|Organism:Influenza	91.724	870	43	22	1	846	877	13	0.0	1181
e9cce3e7-8827-498a-830a-6a3cbf17b8ad	gb:HM370972|Organism:Influenza	88.356	292	19	14	1	286	2046	2328	1.55e-91	337
2f379386-b703-4c85-ad98-d643658bf45c	gb:HM370978|Organism:Influenza	97.826	276	1	4	103	377	284	13	5.46e-132	472
2f379386-b703-4c85-ad98-d643658bf45c	gb:HM370978|Organism:Influenza	100.000	96	0	0	1	96	1014	919	1.33e-43	178
a2bfe974-26f3-4631-bc12-b112cf178620	gb:HM370966|Organism:Influenza	99.291	282	2	0	1	282	2220	1939	8.48e-144	510
5a30bfda-45b1-4932-b599-ccf72e78390d	gb:HM370966|Organism:Influenza	95.406	283	6	5	1	277	1939	2220	8.55e-124	444
d205339e-29a9-4184-9f24-50efc16e2e50	gb:HM370979|Organism:Influenza	98.501	867	6	7	1	862	13	877	0.0	1522
a7e460ff-95b1-4a99-b96f-fa8f42f1936a	gb:HM370972|Organism:Influenza	87.973	291	19	14	1	283	2046	2328	2.56e-89	329
cd4ac578-cd95-4e59-b7b9-0f4361f6b436	gb:HM370979|Organism:Influenza	98.037	866	9	5	1	859	877	13	0.0	1498
6dfff73f-42ff-4960-b6f8-514a48d2d70f	gb:HM370979|Organism:Influenza	96.449	873	16	11	1	866	877	13	0.0	1426
cb8a6777-8da9-4bfa-8b25-478d9553c449	gb:HM370972|Organism:Influenza	95.683	278	3	5	16	284	2051	2328	4.09e-122	438
15b2ae07-ba1c-416d-9b5e-c1b68021e05e	gb:HM370978|Organism:Influenza	97.617	1007	11	13	1	999	13	1014	0.0	1714
5dbdc121-2a9f-4b0c-9fe3-9f9059997fbc	gb:HM370979|Organism:Influenza	97.133	872	12	11	1	866	13	877	0.0	1459
f796a68e-696e-4f77-9cdb-db0189427a06	gb:HM370972|Organism:Influenza	98.592	284	2	2	1	283	2046	2328	5.12e-141	501
cee9c3d7-cac2-4187-bf92-bea256359b89	gb:HM370979|Organism:Influenza	97.241	870	13	11	1	864	13	877	0.0	1463
226ed7b8-7109-48af-b735-93c4ca9da0ec	gb:HM370972|Organism:Influenza	95.070	284	6	7	1	277	2046	2328	1.11e-122	440
a8f435df-c1a5-4c5d-8b8d-edf7fbccc1bb	gb:HM370979|Organism:Influenza	94.875	878	17	24	1	863	877	13	0.0	1347
ec501b60-a696-42b5-ae20-5bdf16098cfc	gb:HM370964|Organism:Influenza	97.025	874	13	12	1	870	877	13	0.0	1458
89925f44-9285-498c-a9a6-a1b9c5f5bb97	gb:HM370972|Organism:Influenza	85.517	290	21	20	15	289	2045	2328	2.07e-75	283
350b0c68-d41f-4ac4-b6d6-ab1dc3b77b12	gb:HM370979|Organism:Influenza	92.195	884	40	27	3	867	1	874	0.0	1223
b9e9cf2e-f0f4-4660-8498-4d59b1c433fb	gb:HM370979|Organism:Influenza	94.470	868	19	21	1	842	13	877	0.0	1310
606d803b-1156-479e-b0e9-f668b3122373	gb:HM370979|Organism:Influenza	97.803	865	9	7	1	855	13	877	0.0	1483
7748fa9b-0bba-47fe-92d6-b67220e34cd2	gb:HM370978|Organism:Influenza	98.799	666	2	5	1	665	1014	354	0.0	1181
7748fa9b-0bba-47fe-92d6-b67220e34cd2	gb:HM370978|Organism:Influenza	96.441	281	7	2	660	940	290	13	3.07e-128	460
bb75c251-1d6b-423c-8748-626c2cdc5be4	gb:HM370979|Organism:Influenza	98.276	870	5	8	1	865	13	877	0.0	1515
e0a0c7f8-2269-41f2-8159-3234dcffaa5b	gb:HM370978|Organism:Influenza	93.209	1016	34	25	1	991	13	1018	0.0	1461
e0a0c7f8-2269-41f2-8159-3234dcffaa5b	gb:HM370978|Organism:Influenza	94.634	205	8	3	981	1183	204	1	3.39e-84	315
7a428bae-09fd-4400-a613-e63337292994	gb:HM370978|Organism:Influenza	97.300	1000	7	14	1	989	1014	24	0.0	1679
7f162cc8-9285-4485-b3d5-9416e2fb4676	gb:HM370979|Organism:Influenza	97.581	868	6	10	1	856	13	877	0.0	1472
55f208a3-a12f-42d1-a790-af528b09f62f	gb:HM370979|Organism:Influenza	97.936	872	7	7	1	868	13	877	0.0	1500
6db9e021-1d90-4583-9097-ca2e59838904	gb:HM370979|Organism:Influenza	98.847	867	3	6	1	862	877	13	0.0	1539
27fb17cf-43a2-45f7-b043-6e29bf35e503	gb:HM370972|Organism:Influenza	93.007	286	6	11	1	275	2046	2328	4.00e-112	405
4db1a440-ff16-41f1-abf8-7192ad14dc22	gb:HM370979|Organism:Influenza	97.701	870	7	9	1	862	877	13	0.0	1483
d5a2d618-59a3-46c0-96cf-c5008b3d8cb5	gb:HM370979|Organism:Influenza	96.579	877	12	14	1	871	13	877	0.0	1437
06c3c506-cfb9-4121-aff0-1dec1c1b0a0b	gb:HM370979|Organism:Influenza	96.005	876	17	13	9	882	18	877	0.0	1408
92d8df02-4b8b-4da2-9e0c-4f4511a36c71	gb:HM370972|Organism:Influenza	96.528	288	3	3	1	286	2328	2046	1.46e-131	470
ad51f187-fe42-4bd7-ae66-87e456bd03ef	gb:HM370972|Organism:Influenza	92.657	286	13	8	1	281	2046	2328	4.10e-112	405
7f7cc79c-ec8f-48b2-b959-8bc7d346f4b1	gb:HM370972|Organism:Influenza	95.804	286	8	2	1	285	2328	2046	3.15e-128	459
fd3ee77d-f6af-4975-aac5-cfa30145ee2a	gb:HM370979|Organism:Influenza	98.272	868	8	7	1	864	877	13	0.0	1513
941fcaf8-cc51-4dc9-9a6c-7b5701ca147a	gb:HM370966|Organism:Influenza	98.264	288	2	2	1	286	2220	1934	5.32e-141	501
54243466-9428-43f5-b789-ed53fcdfe03a	gb:HM370978|Organism:Influenza	96.733	1010	15	13	1	1000	1014	13	0.0	1666
c6c64d25-d3bf-4a6a-8a62-e27e9cce9977	gb:HM370972|Organism:Influenza	95.122	287	7	6	1	284	2328	2046	2.44e-124	446
9cba4c31-004d-45af-b3a1-97d6766bb617	gb:KX232513|Organism:Influenza	89.165	886	54	35	1	865	1	865	0.0	1066
c45a3196-7aef-4df8-998b-a85f32010fc3	gb:HM370979|Organism:Influenza	94.943	870	17	19	1	848	877	13	0.0	1338
379c18ac-6a72-4105-b095-b22a219ea5bb	gb:HM370972|Organism:Influenza	98.940	283	1	2	1	281	2328	2046	3.93e-142	505
6995638c-beec-4ec0-b9de-0c1444df8ea2	gb:HM370979|Organism:Influenza	97.806	866	11	7	1	859	877	13	0.0	1487
5ad86514-4f1b-4322-90a6-fa241805365a	gb:HM370979|Organism:Influenza	98.276	870	6	7	1	866	13	877	0.0	1515
376710ef-d4ab-4283-a5a3-464eb0cc0e8b	gb:HM370957|Organism:Influenza	97.276	257	1	5	1	253	13	267	1.13e-119	431
376710ef-d4ab-4283-a5a3-464eb0cc0e8b	gb:HM370957|Organism:Influenza	98.558	208	1	1	250	455	2121	2328	3.24e-100	366
9ab3b235-4bc1-47b1-8ead-669f9e1b392f	gb:HM370978|Organism:Influenza	96.866	1021	9	18	1	1009	1014	5	0.0	1687
ca03c065-3e59-400e-9db0-ef9bffecb065	gb:HM370979|Organism:Influenza	96.254	881	16	12	1	867	890	13	0.0	1428
bc617b59-4eab-495b-bfc1-e076ebb54a69	gb:HM370979|Organism:Influenza	98.387	868	7	7	1	864	877	13	0.0	1519
a2c4fed6-1736-4a9c-bd11-d9fec7a4ee07	gb:HM370979|Organism:Influenza	97.597	874	10	10	1	872	13	877	0.0	1487
dfb979cc-4c38-46f5-a8e8-628e7919f61f	gb:HM370979|Organism:Influenza	95.163	889	20	20	104	985	885	13	0.0	1382
af8cca4d-57c2-44a2-b3a7-8a9f1199d475	gb:HM370979|Organism:Influenza	91.422	851	45	17	1	833	877	37	0.0	1142
1c846196-3ae2-4bb4-8eea-481cf059980b	gb:HM370978|Organism:Influenza	94.669	1013	27	22	1	997	1014	13	0.0	1546
2d3774fd-d292-4848-89a4-c0b420574cd0	gb:HM370978|Organism:Influenza	98.408	1005	9	6	1	1001	1014	13	0.0	1760
b6b0a3a1-8d26-4061-a2c5-32579f1c9263	gb:HM370979|Organism:Influenza	95.423	874	16	15	6	867	874	13	0.0	1371
6ab0691e-28b0-4c66-8c51-f975f9d4a6bb	gb:HM370979|Organism:Influenza	96.437	870	15	13	1	859	13	877	0.0	1421
e7c0ac5c-2178-46f9-9a98-29f793c995e6	gb:HM370957|Organism:Influenza	95.802	262	3	7	1	257	13	271	3.16e-115	416
e7c0ac5c-2178-46f9-9a98-29f793c995e6	gb:HM370957|Organism:Influenza	97.512	201	3	2	254	453	2129	2328	5.44e-93	342
4ed3d3aa-8457-4817-8901-ba8349032951	gb:HM370979|Organism:Influenza	97.126	870	15	9	1	865	877	13	0.0	1459
cdd56fe9-8448-4055-b53d-3d97c3b8185e	gb:HM370972|Organism:Influenza	97.527	283	3	3	1	279	2046	2328	6.57e-135	481
d4dc79d5-17c9-4ea0-b939-17f21e37b6e2	gb:HM370966|Organism:Influenza	96.491	285	3	5	1	281	2220	1939	6.67e-130	464
459b56bd-9431-4d9b-b184-8345ffb4fcc8	gb:HM370966|Organism:Influenza	98.233	283	2	2	1	281	2220	1939	3.06e-138	492
d1aacd97-bd84-4506-8e8b-43434882f647	gb:HM370972|Organism:Influenza	88.112	286	13	13	1	268	2046	2328	1.45e-86	320
00a257b4-beea-4c21-8abe-362d86d68564	gb:HM370975|Organism:Influenza	98.703	617	3	4	1	614	13	627	0.0	1090
00a257b4-beea-4c21-8abe-362d86d68564	gb:HM370975|Organism:Influenza	97.472	633	6	6	607	1233	1136	1764	0.0	1072
aefa38a1-b499-4025-970c-31b9ec8d5929	gb:HM370979|Organism:Influenza	88.939	886	47	37	1	864	877	21	0.0	1046
78021868-0114-47a7-9be6-9e31f96dd804	gb:HM370978|Organism:Influenza	88.594	1017	60	40	14	999	23	1014	0.0	1184
42b73119-269e-4a95-94b4-6226b2ea6110	gb:HM370979|Organism:Influenza	87.753	890	57	39	1	863	13	877	0.0	992
0fbdd3c5-d783-49ca-bf8f-39045011d1dd	gb:HM370972|Organism:Influenza	95.070	284	6	6	1	277	2046	2328	1.11e-122	440
317b01ef-06a4-40d0-b469-4f3abb1f5a0b	gb:CY077317|Organism:Influenza	91.781	292	11	6	1	288	2316	2034	9.12e-109	394
7d4d61b6-3269-4587-adc5-2454b7bb8f28	gb:HM370978|Organism:Influenza	98.307	1004	11	6	1	1000	1014	13	0.0	1755
365b6377-4dc1-4653-b0d4-6ccd30c88adf	gb:HM370978|Organism:Influenza	97.421	1008	12	13	1	1000	1014	13	0.0	1705
b8ab28af-701c-4431-a613-ba320aea7fa9	gb:HM370978|Organism:Influenza	98.310	1006	8	8	1	1001	1014	13	0.0	1755
9a69203c-c760-45a4-9101-f40d481dafe6	gb:HM370979|Organism:Influenza	97.356	870	11	10	1	863	13	877	0.0	1469
b83335f0-8b66-40c2-b30e-5c21e8d2f0c5	gb:HM370972|Organism:Influenza	93.609	266	9	7	1	258	2046	2311	1.13e-107	390
16320580-9e60-4eee-9f8c-af5d3831b81a	gb:HM370979|Organism:Influenza	92.890	872	30	24	1	846	12	877	0.0	1238
34937c11-b338-44ca-a184-01e46ab8e77b	gb:HM370972|Organism:Influenza	94.406	286	7	6	1	280	2046	2328	6.74e-120	431
c8f3b336-caa6-4daf-98be-fbb10e36e8bf	gb:HM370979|Organism:Influenza	95.647	873	16	18	1	859	877	13	0.0	1382
94689156-1b17-443d-bbc1-2e284eca4b88	gb:JN706703|Organism:Influenza	91.304	1012	44	35	1	985	1014	20	0.0	1341
e3bca15d-b2ca-4e43-aa27-01792cefdbe6	gb:HM370972|Organism:Influenza	93.007	286	14	5	1	283	2328	2046	2.47e-114	412
73d76b27-1c10-4bcb-9839-44a6b73dab8f	gb:HM370972|Organism:Influenza	98.958	288	1	2	3	289	2337	2051	6.93e-145	514
05d09516-487d-419b-a152-09045aeee4e7	gb:HM370978|Organism:Influenza	96.432	1009	16	19	1	996	13	1014	0.0	1646
0c14895f-ac34-4430-9b25-476cd2a3aa07	gb:HM370972|Organism:Influenza	83.860	285	14	19	7	266	2051	2328	3.20e-63	243
50929abd-b050-4f37-afd7-f7938300b417	gb:HM370979|Organism:Influenza	97.595	873	4	12	1	864	877	13	0.0	1480
41728f90-decf-490e-8056-d3246570ed4e	gb:HM370979|Organism:Influenza	97.943	875	6	9	1	873	13	877	0.0	1506
2fdaf9f9-3bc5-4560-820c-f16c51305ca4	gb:HM370957|Organism:Influenza	96.735	245	2	4	10	251	26	267	2.49e-111	403
2fdaf9f9-3bc5-4560-820c-f16c51305ca4	gb:HM370957|Organism:Influenza	95.192	208	8	2	253	459	2122	2328	1.54e-88	327
1eb81777-51a1-4db4-80ed-ed1cb822f06c	gb:HM370979|Organism:Influenza	98.618	868	8	4	1	867	877	13	0.0	1533
7d4ae665-04b3-4a7a-bdc8-c9c14aca6f1e	gb:HM370979|Organism:Influenza	99.419	861	2	3	4	862	872	13	0.0	1559
2226743e-2ef4-4eb8-88a1-ddb7cdc7ce6e	gb:HM370979|Organism:Influenza	98.619	869	3	7	1	864	13	877	0.0	1530
9d2d9313-3c17-4d63-9d49-26b9f95b23c5	gb:HM370979|Organism:Influenza	97.005	868	17	9	1	862	13	877	0.0	1450
450fe022-4398-4003-a5f6-14f673a1dbe7	gb:HM370979|Organism:Influenza	95.548	876	21	14	1	869	13	877	0.0	1386
67dfbcd3-4219-4cf1-87df-8bcdbaa1cd3b	gb:HM370979|Organism:Influenza	87.234	893	61	35	23	898	861	5	0.0	968
663c042c-f458-47e3-9a81-f0526bc248f4	gb:HM370979|Organism:Influenza	96.670	871	13	12	1	861	13	877	0.0	1434
fcd66688-3253-43e1-a698-5bb55f97d312	gb:HM370978|Organism:Influenza	99.402	1004	4	2	1	1004	13	1014	0.0	1820
a4f7e386-452d-4f32-b38a-a2384ac30245	gb:HM370978|Organism:Influenza	92.996	1028	32	32	6	1010	4	1014	0.0	1463
21d3db1a-9637-4105-a4c6-2dda929a84c2	gb:HM370979|Organism:Influenza	98.268	866	8	6	1	860	877	13	0.0	1509
9350fe5d-8389-4c66-bbff-957ce8a473e0	gb:HM370979|Organism:Influenza	90.575	870	52	23	109	958	872	13	0.0	1125
71a8f5f4-1883-43ee-b06b-5edf61693adc	gb:HM370972|Organism:Influenza	98.246	285	2	3	1	284	2328	2046	2.39e-139	496
19beb3ca-d6b2-44ea-8de2-87da4c660f90	gb:HM370979|Organism:Influenza	93.166	878	29	26	1	860	13	877	0.0	1260
883829dd-0a5c-4f4a-96c3-e4455d05e782	gb:HM370979|Organism:Influenza	96.274	832	12	13	35	851	50	877	0.0	1347
21477681-ad90-431f-83b3-91516aad1aa5	gb:HM370979|Organism:Influenza	99.078	868	4	3	1	867	13	877	0.0	1555
15ca40e6-012e-4fac-9ef6-d6fc246b4516	gb:HM370979|Organism:Influenza	95.063	871	21	16	1	855	877	13	0.0	1351
14cef33c-ba41-441a-9d11-4be77d54bdf1	gb:HM370972|Organism:Influenza	96.127	284	8	3	1	282	2046	2328	8.66e-129	460
a63f4744-2d43-4b5a-878b-ed3a3342c66e	gb:HM370979|Organism:Influenza	96.211	871	12	14	1	856	13	877	0.0	1406
ee593074-3bb9-435a-8481-27b74c88919f	gb:HM370978|Organism:Influenza	95.631	1007	18	21	1	986	13	1014	0.0	1592
bc2a858b-d3e0-401a-bf2a-eaaeb055108c	gb:HM370978|Organism:Influenza	97.738	1017	16	5	1	1013	1014	1	0.0	1744
b4297857-839a-4f93-aa87-0fc73136bb78	gb:HM370978|Organism:Influenza	97.716	1007	13	9	1	1002	1014	13	0.0	1724
cf4d4c41-2550-4f3d-8cc8-bf1eb14d8048	gb:HM370978|Organism:Influenza	99.212	1015	1	5	1	1014	1014	6	0.0	1823
be92405c-2be6-41cf-91cf-6c5668397bf1	gb:HM370978|Organism:Influenza	97.833	1015	11	10	5	1013	1022	13	0.0	1742
4ed7828a-57dd-49b6-a2e1-f1fdc030e58e	gb:HM370979|Organism:Influenza	98.616	867	6	5	1	863	877	13	0.0	1530
ea96a123-434c-4459-ac10-ebb1a0adbe0c	gb:HM370979|Organism:Influenza	98.155	867	7	8	1	860	13	877	0.0	1504
92e27adf-d881-463f-9974-39dffbc22d97	gb:HM370979|Organism:Influenza	97.701	870	10	5	1	865	877	13	0.0	1487
3225069a-0385-44e4-b25f-541b86523544	gb:HM370966|Organism:Influenza	98.264	288	4	1	9	296	1934	2220	1.49e-141	503
d8df8aaa-3367-4330-9ed9-d7c415952592	gb:HM370979|Organism:Influenza	97.359	871	10	12	1	864	13	877	0.0	1469
fc87936e-8dc3-46e9-a8c5-666b7401d200	gb:HM370978|Organism:Influenza	96.161	1016	17	18	1	1008	13	1014	0.0	1640
ec9ff6be-1d05-4619-a0f2-8daca3f272ba	gb:HM370978|Organism:Influenza	98.705	1004	6	6	1	999	1014	13	0.0	1775
2002db70-52c8-4acd-81e0-b09ea0a08001	gb:HM370979|Organism:Influenza	93.211	869	32	20	1	851	877	18	0.0	1253
9c7e8069-4c52-4312-a354-316296adf7e8	gb:HM370972|Organism:Influenza	98.951	286	0	1	1	286	2328	2046	3.10e-143	508
07389f3f-71a7-4d74-bfb4-0724a69dbecd	gb:HM370978|Organism:Influenza	96.931	1010	11	16	1	998	13	1014	0.0	1676
59c43935-ca1c-4bd8-9626-a28d7db3fa53	gb:HM370978|Organism:Influenza	90.490	1020	47	35	1	988	1014	13	0.0	1301
54780f13-4ee9-4601-9126-45fbba1a46e9	gb:HM370979|Organism:Influenza	97.699	869	11	8	1	864	877	13	0.0	1485
55b4cbb8-515e-4e9a-85c0-319b76f58357	gb:HM370976|Organism:Influenza	97.059	34	1	0	6	39	1519	1552	8.80e-09	58.4
346d100d-e405-4aa6-84e4-565191b70892	gb:HM370979|Organism:Influenza	96.005	876	14	19	1	866	13	877	0.0	1404
6c352056-4b59-4202-88dd-f61641fb8d78	gb:HM370972|Organism:Influenza	97.544	285	3	4	1	283	2328	2046	5.16e-136	484
4bc98f3b-4176-4241-9faf-b61c6ad9c5c1	gb:LC367453|Organism:Influenza	86.410	986	93	36	1	955	6	981	0.0	1040
64d19f54-f616-471b-94ba-9df69cddf3bc	gb:HM370972|Organism:Influenza	95.406	283	6	7	1	276	2046	2328	8.52e-124	444
85ba940f-1c24-4ebf-8cea-bcaa3d16f56a	gb:HM370979|Organism:Influenza	97.519	403	4	4	1	397	890	488	0.0	684
85ba940f-1c24-4ebf-8cea-bcaa3d16f56a	gb:HM370979|Organism:Influenza	94.366	71	1	3	387	455	808	877	7.80e-22	106
b4f59405-2fca-41e6-9ec4-7fac719dddcd	gb:HM370979|Organism:Influenza	95.876	873	16	17	1	861	877	13	0.0	1395
29b8ce5e-bc2c-45ef-b0ad-6fc56078c734	gb:HM370978|Organism:Influenza	98.014	1007	8	8	1	1000	13	1014	0.0	1738
a825463c-cc5e-4e5a-b096-cb5ea1ab364f	gb:HM370978|Organism:Influenza	93.526	1004	27	27	7	987	1001	13	0.0	1459
9def8135-e4df-4cc6-84e2-fef5a6dd9771	gb:HM370979|Organism:Influenza	98.501	867	5	7	1	861	13	877	0.0	1522
f468734b-a403-4ec2-b3ac-b817160fd8c6	gb:HM370972|Organism:Influenza	94.386	285	10	6	1	281	2328	2046	1.88e-120	433
797b4567-a186-4392-8f08-4f6fd7e6adb8	gb:HM370979|Organism:Influenza	93.252	652	24	17	1	639	13	657	0.0	942
da79a0a7-8bac-419c-948a-3f078f3b9f06	gb:HM370979|Organism:Influenza	97.819	871	9	8	1	867	877	13	0.0	1495
511e007a-bb44-4ee2-9ec7-069ce626c29b	gb:HM370979|Organism:Influenza	92.105	874	30	20	1	844	877	13	0.0	1195
2fab56d1-ca38-40bc-8ede-31d8ab159d7c	gb:HM370979|Organism:Influenza	95.460	881	20	15	1	877	877	13	0.0	1387
ed97f17f-19eb-4681-b339-869be815a93a	gb:HM370972|Organism:Influenza	90.592	287	9	10	1	281	2046	2320	7.29e-100	364
9d50a4db-228e-4b1d-b2ad-51d8cc64758c	gb:HM370979|Organism:Influenza	96.009	877	16	11	1	870	877	13	0.0	1408
5404a170-2a2f-459a-a1fe-c4bf71b46a8b	gb:HM370978|Organism:Influenza	97.443	1017	11	12	2	1006	1	1014	0.0	1720
fcbf8597-bf10-471a-86a3-f841b6973943	gb:HM370979|Organism:Influenza	97.811	868	11	7	1	862	13	878	0.0	1491
c4672056-08a8-47fd-a6ac-9dbfc19abda5	gb:HM370979|Organism:Influenza	97.555	859	8	9	1	848	877	21	0.0	1458
98884d77-ceb4-430b-9130-c354f54a4ead	gb:HM370979|Organism:Influenza	92.506	854	36	21	23	855	31	877	0.0	1197
db4aab8f-2eb5-46c9-b684-1ef158cb55e5	gb:HM370966|Organism:Influenza	96.886	289	2	3	1	284	2220	1934	1.07e-133	477
2c99cc0d-fc3a-46d6-aa85-f477619563a6	gb:HM370978|Organism:Influenza	96.918	1006	11	15	1	990	13	1014	0.0	1668
df33e76f-e19b-42ee-a8b7-86862e74a781	gb:HM370979|Organism:Influenza	94.165	874	23	22	1	855	13	877	0.0	1306
eed1e5d5-78cc-4689-8d9e-fecb8699e271	gb:HM370979|Organism:Influenza	93.242	873	36	22	1	858	13	877	0.0	1264
8d76c849-db97-4588-a686-54c8a3d44b90	gb:HM370979|Organism:Influenza	98.383	866	9	4	1	862	13	877	0.0	1517
28f2af41-a9a3-4d61-ba80-134d45165f3c	gb:HM370979|Organism:Influenza	96.544	868	14	12	1	855	877	13	0.0	1423
c2c57db7-a79e-4e6e-a474-d20f1da279fe	gb:HM370972|Organism:Influenza	97.213	287	3	4	1	286	2046	2328	6.75e-135	481
9be94ebf-1b82-4c9f-8f0b-f9ae79d0bb7e	gb:HM370979|Organism:Influenza	98.728	865	1	5	1	855	877	13	0.0	1528
135f242d-03a5-4776-ba3e-05bc5c5ef400	gb:HM370978|Organism:Influenza	95.854	1013	13	18	1	995	13	1014	0.0	1611
7cae111d-52a7-4ec8-bb69-1a02a4ffc79a	gb:HM370978|Organism:Influenza	95.842	1010	20	18	1	996	1014	13	0.0	1613
9f980bdf-f4f3-4da7-a08b-d7f6b623206c	gb:HM370979|Organism:Influenza	97.924	867	13	5	1	864	13	877	0.0	1496
074d7a3b-24f9-4820-92ba-99bef46e29fe	gb:HM370979|Organism:Influenza	86.878	884	64	44	1	851	13	877	0.0	942
6f657162-b423-49aa-8328-8faa81748f77	gb:HM370979|Organism:Influenza	99.306	865	4	2	1	863	877	13	0.0	1563
2a938711-38e6-4db7-829d-a01dea1f6621	gb:HM370979|Organism:Influenza	95.723	865	12	14	1	840	13	877	0.0	1369
d4e81d50-839e-49e0-b5b2-8deef6010cf6	gb:HM370979|Organism:Influenza	97.001	867	17	6	1	860	877	13	0.0	1448
c00c1bf2-1a51-4435-9571-c8ba88150dd0	gb:HM370979|Organism:Influenza	99.735	377	0	1	1	376	13	389	0.0	689
c00c1bf2-1a51-4435-9571-c8ba88150dd0	gb:HM370979|Organism:Influenza	94.643	336	4	7	372	696	333	1	8.75e-143	508
0411c262-23d4-4069-bd75-af9d82da6497	gb:HM370979|Organism:Influenza	99.422	865	2	3	1	862	877	13	0.0	1567
0a3e783c-ad07-420a-9c30-44f1f6b2a67e	gb:HM370972|Organism:Influenza	100.000	166	0	0	111	276	2211	2046	1.17e-82	307
1fdf8905-fa24-4a22-80fd-c924ace97fa2	gb:HM370978|Organism:Influenza	98.113	1007	6	12	1	999	1014	13	0.0	1742
1a7bf32d-ed88-4b98-ba89-e3ace84f0c14	gb:HM370971|Organism:Influenza	90.304	887	39	40	1	855	13	884	0.0	1118
0ccda4ee-5202-4230-ae96-96714e5566c5	gb:HM370979|Organism:Influenza	97.668	686	13	3	1	684	13	697	0.0	1175
0ccda4ee-5202-4230-ae96-96714e5566c5	gb:HM370979|Organism:Influenza	95.745	235	4	4	713	944	260	29	4.54e-102	374
7bd7888e-5f2a-4774-8283-6b3451af6bbf	gb:HM370978|Organism:Influenza	98.209	1005	9	9	1	999	13	1014	0.0	1748
ada1afcd-d056-458f-ad90-82baccf91e64	gb:HM370979|Organism:Influenza	98.152	866	4	10	1	856	13	876	0.0	1500
ace2c40c-429b-4e1c-8191-77482405f7af	gb:HM370979|Organism:Influenza	94.145	871	26	18	1	852	13	877	0.0	1303
4b5de090-bad2-408d-9d89-7a9215334948	gb:HM370978|Organism:Influenza	97.410	1004	17	7	2	1000	15	1014	0.0	1701
119144d5-c167-4864-8f8a-26e04db84d25	gb:HM370979|Organism:Influenza	93.402	879	23	26	1	858	877	13	0.0	1269
fabc6ae3-7348-4d4e-94f5-0bda4f78a323	gb:HM370979|Organism:Influenza	93.424	882	28	27	1	869	877	13	0.0	1280
a25b55f6-16ec-40aa-a0cd-4b661a23719d	gb:HM370972|Organism:Influenza	97.203	286	2	5	1	283	2328	2046	2.40e-134	479
aa8fe1da-fcc4-4c90-a739-286754e2f677	gb:HM370979|Organism:Influenza	97.123	869	13	10	1	861	13	877	0.0	1456
a09e238f-d2c9-47fe-bd0a-f31f498e53a4	gb:HM370978|Organism:Influenza	96.226	1007	16	19	4	996	1011	13	0.0	1629
17c9a7dd-e5b3-40ca-b099-7c860ec19e18	gb:HM370979|Organism:Influenza	94.305	878	18	22	1	859	877	13	0.0	1315
0dcda746-8f1f-4547-893f-a2e6ad7f908b	gb:HM370978|Organism:Influenza	98.946	664	2	3	1	662	1014	354	0.0	1182
0dcda746-8f1f-4547-893f-a2e6ad7f908b	gb:HM370978|Organism:Influenza	98.929	280	1	2	657	936	290	13	6.49e-140	499
8538538f-1a45-4ac1-9d25-4419713deaf8	gb:HM370979|Organism:Influenza	97.241	870	10	12	1	861	877	13	0.0	1461
a30da030-b578-4080-ac19-a5d7e52cec5b	gb:HM370972|Organism:Influenza	98.294	293	2	3	95	386	2336	2046	1.19e-143	510
2e19e743-3164-428e-bfc9-438cd8aa2c27	gb:HM370978|Organism:Influenza	97.129	1010	10	14	1	999	13	1014	0.0	1687
d689d0e1-e574-43e3-a0d1-a554244030d9	gb:HM370972|Organism:Influenza	96.864	287	4	4	1	286	2046	2328	3.14e-133	475
40c03b46-c911-4b39-b167-584fea405af5	gb:HM370979|Organism:Influenza	95.977	870	18	15	1	857	12	877	0.0	1397
5789622d-ec4d-4949-aa64-457dda8c49b6	gb:HM370978|Organism:Influenza	94.554	1010	28	21	1	991	1014	13	0.0	1535
bdd216db-717c-48ee-a906-63bbd72b9567	gb:HM370979|Organism:Influenza	95.052	869	25	13	4	863	872	13	0.0	1351
8524ef67-3d49-4a01-8b1a-48a0119a712a	gb:HM370978|Organism:Influenza	97.313	1005	14	12	1	995	13	1014	0.0	1694
f8fc3714-6211-45b0-9950-d10350d2b1a7	gb:HM370979|Organism:Influenza	95.637	871	13	20	4	860	872	13	0.0	1375
8f8a2488-64ce-434c-ae7f-5c382784606d	gb:HM370978|Organism:Influenza	97.549	1020	6	14	1	1011	1014	5	0.0	1727
3b8365a1-a601-403f-bd6a-c8f536531a89	gb:HM370979|Organism:Influenza	97.933	871	5	11	1	864	13	877	0.0	1496
8aa9f490-99cf-483b-aa6a-e5bf26e6019c	gb:HM370979|Organism:Influenza	89.486	875	57	31	1	850	13	877	0.0	1074
c0a0dcd5-7dbd-4574-b2c9-57348871e33c	gb:HM370979|Organism:Influenza	94.943	870	23	16	1	854	877	13	0.0	1343
3209a480-baf3-4a64-9da1-e9418c999987	gb:HM370972|Organism:Influenza	98.932	281	3	0	1	281	2046	2326	1.42e-141	503
694a1e68-9afe-4dc9-8e95-e6cd16458f91	gb:HM370966|Organism:Influenza	98.936	282	2	1	1	281	2220	1939	1.41e-141	503
976229dd-6484-4b74-a8bb-db667a9dbb92	gb:HM370978|Organism:Influenza	98.608	1006	9	4	1	1005	13	1014	0.0	1775
b144e7f4-5f44-4c7f-b211-bbdcc88c3744	gb:HM370979|Organism:Influenza	96.583	878	15	14	9	877	884	13	0.0	1441
c9706162-f3c2-46b1-98fa-c66e588eaa97	gb:HM370978|Organism:Influenza	98.162	653	5	5	285	932	364	1014	0.0	1133
c9706162-f3c2-46b1-98fa-c66e588eaa97	gb:HM370978|Organism:Influenza	94.737	285	8	6	1	283	13	292	5.13e-121	436
4c2151cc-a38d-495a-ae33-2351fb73697a	gb:HM370972|Organism:Influenza	95.222	293	11	3	6	297	2051	2341	1.15e-128	460
5f8d5f3c-460d-465d-afe5-b566c83bddc3	gb:HM370972|Organism:Influenza	100.000	283	0	0	1	283	2328	2046	1.09e-147	523
c37f3bdf-3dae-471c-abc1-975775b389b4	gb:MH546999|Organism:Influenza	91.590	868	39	25	4	845	860	1	0.0	1168
dc1f80b9-8e65-4191-8db2-632a57b82272	gb:HM370978|Organism:Influenza	95.243	1009	20	23	1	988	13	1014	0.0	1572
809370c6-4918-4cfe-bccb-d3c9b069be61	gb:HM370979|Organism:Influenza	95.298	872	18	21	1	856	877	13	0.0	1362
d67758f4-78e4-445d-bfe0-d910c17edc34	gb:HM370979|Organism:Influenza	98.506	870	6	7	1	868	13	877	0.0	1528
4fa13780-8101-4c72-82bf-d5cde034f76e	gb:HM370979|Organism:Influenza	93.629	879	25	24	1	862	13	877	0.0	1284
041bd405-1c6d-475d-b667-c7fcc8a1df3f	gb:HM370978|Organism:Influenza	96.131	1008	16	22	1	991	13	1014	0.0	1624
8f7610b6-09a3-41e2-a3ef-939879cbe3a1	gb:HM370978|Organism:Influenza	89.406	1010	65	37	4	984	18	1014	0.0	1234
6e34bd8e-3e13-43c1-be51-0dede0cc8165	gb:HM370979|Organism:Influenza	96.424	867	17	10	1	855	877	13	0.0	1417
953c39ba-5b33-4679-9abd-3e8c7ed7a166	gb:HM370979|Organism:Influenza	97.581	868	14	6	1	864	13	877	0.0	1480
177b8e21-b2a6-4029-bc2b-60e2ee7d769e	gb:HM370979|Organism:Influenza	97.005	868	8	12	1	853	13	877	0.0	1443
a975cbb6-663b-485f-86b0-05f5f16c0543	gb:HM370979|Organism:Influenza	96.705	880	19	9	7	882	886	13	0.0	1456
9ae4e72c-e680-4972-b699-64a60de61c96	gb:HM370978|Organism:Influenza	92.738	1019	41	27	1	1003	1014	13	0.0	1441
547aa2a8-57f4-48a8-bb8c-e1c7c0762671	gb:HM370978|Organism:Influenza	97.308	1003	17	8	1	994	1014	13	0.0	1694
37ec70bc-3046-4af3-9307-96092d05734a	gb:HM370978|Organism:Influenza	95.866	1016	18	17	1	998	13	1022	0.0	1622
a5d14f26-8f31-4eda-96b7-2bef342ddd2b	gb:HM370979|Organism:Influenza	94.545	880	19	15	1	866	877	13	0.0	1332
86c11c4c-30cb-42a8-bd65-cb9bcef575e3	gb:HM370979|Organism:Influenza	97.126	870	7	11	1	857	877	13	0.0	1452
b4f799e7-e9c7-4f28-9bb3-1d8dff9d750a	gb:HM370979|Organism:Influenza	95.982	871	23	9	1	865	13	877	0.0	1404
c85c6f2c-f92d-4312-8204-2441d78b42aa	gb:HM370978|Organism:Influenza	90.518	1023	41	41	1	988	1014	13	0.0	1301
b2f16914-e5eb-453a-8164-b4e1e47fd064	gb:HM370978|Organism:Influenza	97.027	1009	19	9	1	1005	13	1014	0.0	1687
5873abaf-162c-4401-b239-635be8216c1b	gb:HM370979|Organism:Influenza	91.516	884	40	25	81	935	1	878	0.0	1184
d0fc0922-df6a-4e72-a752-75a54bea7d64	gb:HM370979|Organism:Influenza	97.821	872	9	6	1	869	13	877	0.0	1496
a560e1b6-5059-4492-ba1a-d3b3e7aa41d9	gb:HM370979|Organism:Influenza	96.141	881	21	12	104	979	885	13	0.0	1426
b3279fd2-736b-46eb-a8d4-e7bba77f586d	gb:HM370979|Organism:Influenza	95.150	866	23	13	1	856	877	21	0.0	1349
e4da2003-91f8-4fea-942f-87dfe795ce10	gb:HM370979|Organism:Influenza	98.746	877	3	7	3	875	885	13	0.0	1552
2c9b6120-b3fa-4eef-9ef3-a6022ab2b8a6	gb:HM370978|Organism:Influenza	94.181	1014	26	23	1	993	13	1014	0.0	1515
9e0ae7c8-55be-488d-9f52-ecf59cf065d1	gb:HM370978|Organism:Influenza	97.741	664	7	8	1	659	1014	354	0.0	1136
9e0ae7c8-55be-488d-9f52-ecf59cf065d1	gb:HM370978|Organism:Influenza	98.921	278	3	0	654	931	290	13	2.32e-139	497
e235072e-5975-4f4d-beb6-393ad7c1a026	gb:HM370978|Organism:Influenza	94.560	1011	26	27	1	991	1014	13	0.0	1535
d0153a91-8e34-4906-8b21-640dc32b7987	gb:HM370979|Organism:Influenza	94.224	883	25	24	1	865	13	887	0.0	1325
dc5e1bdc-7e1e-45a9-8d2f-f72274d7adb8	gb:HM370979|Organism:Influenza	97.106	864	17	6	1	857	13	875	0.0	1450
2a2dfc0a-32cf-4334-b741-dfa30cee886e	gb:HM370972|Organism:Influenza	100.000	283	0	0	1	283	2046	2328	1.09e-147	523
30649c8e-8019-4cbc-8f32-f0dd8bcd9cd1	gb:HM370966|Organism:Influenza	97.173	283	5	3	1	281	2220	1939	3.08e-133	475
5facc1a3-684f-4631-9d73-d3359d40fe6c	gb:HM370979|Organism:Influenza	94.309	861	22	22	2	845	1	851	0.0	1293
6f90d422-601c-4877-81fd-c8835c60d6ae	gb:HM370979|Organism:Influenza	98.618	868	7	4	1	866	877	13	0.0	1531
0f00d929-251f-4d26-9e76-1a52fd03a2ae	gb:HM370979|Organism:Influenza	96.176	863	17	13	106	955	872	13	0.0	1397
6da7c7c7-3557-4cb1-9dd0-877e4a0a941f	gb:HM370972|Organism:Influenza	98.587	283	4	0	1	283	2046	2328	5.12e-141	501
44e48970-417c-4e19-b911-6ea8ce9bc285	gb:HM370979|Organism:Influenza	96.602	618	14	5	1	611	13	630	0.0	1018
44e48970-417c-4e19-b911-6ea8ce9bc285	gb:HM370979|Organism:Influenza	87.356	609	32	34	584	1156	630	31	0.0	656
787162b9-cffe-4d05-ae2b-08710d449418	gb:HM370979|Organism:Influenza	95.622	868	19	17	6	860	874	13	0.0	1375
b9fcefec-8155-4041-9be3-ab3cf8465261	gb:HM370979|Organism:Influenza	97.581	868	6	11	1	856	13	877	0.0	1472
6a18e5a7-83b9-4b4c-96dd-7354098a7d89	gb:HM370972|Organism:Influenza	93.426	289	9	8	1	285	2046	2328	1.49e-116	420
caed1f1a-775b-457f-979c-9bee4b21e185	gb:HM370966|Organism:Influenza	94.425	287	9	4	1	280	2220	1934	5.35e-121	435
71945414-dc95-4eaa-9d75-ff194806c51c	gb:HM370972|Organism:Influenza	99.647	283	1	0	1	283	2328	2046	5.09e-146	518
8f6a9a30-a6c0-4a55-9759-78ec14e3749a	gb:HM370979|Organism:Influenza	94.266	872	26	21	1	855	13	877	0.0	1312
d6f1a0f6-861f-4435-bd06-ec8fb33af306	gb:HM370978|Organism:Influenza	97.804	1002	12	8	1	992	1014	13	0.0	1720
c1886191-a458-4ca6-b8fc-115bf46a916d	gb:HM370977|Organism:Influenza	97.616	1426	18	14	3	1415	1442	20	0.0	2431
a08bdbf8-b7fc-4ed0-ad59-f76227e0acd7	gb:HM370966|Organism:Influenza	98.936	282	2	1	1	281	2220	1939	1.41e-141	503
dce0e259-1569-4e18-a49c-44886d38b09c	gb:HM370978|Organism:Influenza	91.529	1027	38	33	6	1000	5	1014	0.0	1369
26a14560-041e-47ac-a172-ceaf169c3a65	gb:HM370972|Organism:Influenza	97.544	285	5	2	1	284	2328	2045	1.44e-136	486
bd07a649-a32a-4790-b7ec-5173459249ed	gb:HM370979|Organism:Influenza	94.548	862	24	21	1	845	13	868	0.0	1310
99b887e7-af2d-465c-9d86-9cc2a4f6d7cb	gb:HM370978|Organism:Influenza	95.347	1010	26	17	1	997	1014	13	0.0	1585
c4ac992b-eac0-4c4c-ad22-82a9fce994cc	gb:HM370978|Organism:Influenza	95.129	1006	7	23	1	968	1014	13	0.0	1548
b43a66c1-b091-464e-ad0b-459afc201447	gb:HM370979|Organism:Influenza	95.434	876	19	19	1	866	877	13	0.0	1376
101de118-bea1-4549-b26e-56dd71ab168b	gb:HM370979|Organism:Influenza	97.680	862	8	9	11	861	25	885	0.0	1471
1cbf3a2d-60bf-443c-b6b3-065cc1be69cf	gb:HM370972|Organism:Influenza	100.000	277	0	0	7	283	2322	2046	2.37e-144	512
9e05bf23-e15d-4250-8995-d6011a31934c	gb:HM370972|Organism:Influenza	93.056	288	10	8	1	283	2328	2046	2.47e-114	412
0e194256-95d3-4d35-930f-dfba00ca1a32	gb:HM370978|Organism:Influenza	95.064	1013	28	16	1	1002	13	1014	0.0	1574
8bc1504f-0c1c-4ed8-9349-8734fe0dab32	gb:HM370972|Organism:Influenza	97.561	287	2	5	1	286	2046	2328	1.45e-136	486
a185958e-7063-4aa1-8c95-61eb78494c8c	gb:HM370978|Organism:Influenza	88.552	1022	61	44	1	987	13	1013	0.0	1188
1e855305-c75b-4034-82be-7e5c385328c6	gb:HM370979|Organism:Influenza	97.353	869	11	10	1	861	13	877	0.0	1467
864b38e9-138f-4f36-aa72-5cf04bb9d953	gb:HM370978|Organism:Influenza	96.857	1018	18	13	1	1007	13	1027	0.0	1690
11343be4-91e8-40cb-be6a-e66e7d1726da	gb:HM370972|Organism:Influenza	97.895	285	4	2	1	285	2046	2328	3.11e-138	492
27763214-a352-4e26-be9a-8e97c6b888af	gb:HM370979|Organism:Influenza	97.039	878	18	8	1	875	877	5	0.0	1471
97b6f105-ba97-4fad-9ebc-6d5f22510a2e	gb:HM370978|Organism:Influenza	99.501	1003	2	3	1	1001	1014	13	0.0	1821
53ae3bd8-b630-417d-bffb-a5f8371c7acd	gb:HM370978|Organism:Influenza	97.711	1005	6	14	1	991	1014	13	0.0	1712
78486e08-c7cb-4402-87df-95507361ea56	gb:HM370979|Organism:Influenza	96.313	868	15	14	18	875	873	13	0.0	1410
31fc42ff-5ef3-473c-905d-8c2af1ec980a	gb:HM370972|Organism:Influenza	97.222	288	2	3	1	287	2328	2046	1.88e-135	483
1863c87a-6090-4611-af32-1713cc655605	gb:HM370972|Organism:Influenza	98.233	283	1	3	1	279	2046	2328	3.04e-138	492
e41ce3c7-b333-41d1-a287-0a97fbb1e881	gb:HM370979|Organism:Influenza	97.575	866	9	8	1	855	13	877	0.0	1472
5cc5e349-55d5-46a2-8c28-9d03a9abfd89	gb:HM370978|Organism:Influenza	96.832	1010	12	17	1	998	13	1014	0.0	1670
767324e2-9dbe-4572-a977-b764bd644943	gb:HM370979|Organism:Influenza	99.307	866	4	2	1	865	13	877	0.0	1565
2f9a9f02-49f9-4d20-bf4b-50be32e66e70	gb:HM370972|Organism:Influenza	89.236	288	16	12	1	278	2328	2046	2.49e-94	346
2cd161e7-62c7-4224-82c7-2f7208e45efa	gb:HM370972|Organism:Influenza	98.592	284	2	2	1	283	2328	2046	5.12e-141	501
fbb9b43e-5db4-4621-ac7d-8fa3c9a92f93	gb:HM370979|Organism:Influenza	93.326	884	26	18	1	870	877	13	0.0	1275
372c9c7b-4b00-4c0d-ba8d-064dd270cf17	gb:HM370978|Organism:Influenza	97.619	1008	13	8	1	1003	13	1014	0.0	1718
41317ca0-135a-43a8-b8f3-f3174f8a05e2	gb:HM370978|Organism:Influenza	97.908	1004	13	8	1	998	13	1014	0.0	1731
1c03c5d1-93ac-41bf-86c6-e5c546044d52	gb:HM370972|Organism:Influenza	91.892	296	10	9	1	295	2328	2046	5.59e-111	401
ebd4df8e-4772-4862-89bb-a0b8e3dc40ce	gb:HM370972|Organism:Influenza	97.603	292	6	1	1	292	2328	2038	1.93e-140	499
a24effeb-6395-4985-a85d-ed435c45b5a2	gb:HM370978|Organism:Influenza	97.723	1010	9	10	1	1004	13	1014	0.0	1725
7d22bda1-41eb-4c5e-afba-9fc6bc13d90d	gb:HM370979|Organism:Influenza	97.701	870	10	7	1	865	877	13	0.0	1487
f3a31e79-ba15-471b-abb2-e60dfc0999bb	gb:HM370979|Organism:Influenza	98.163	871	4	9	1	865	13	877	0.0	1509
2dc657af-1804-408f-9315-b89442ca51fd	gb:HM370972|Organism:Influenza	94.444	288	5	11	1	281	2328	2045	1.88e-120	433
11a8ce28-4ca0-4f85-bbf3-dffddc6bb71b	gb:HM370979|Organism:Influenza	97.022	873	9	15	1	864	877	13	0.0	1452
9b31432a-11a4-4993-b7f2-45b6538632c5	gb:HM370978|Organism:Influenza	98.504	1003	9	6	1	998	13	1014	0.0	1764
993b22b0-3ada-4d66-a95b-c5f70c0c8e5d	gb:HM370978|Organism:Influenza	99.395	661	0	3	1	657	1014	354	0.0	1195
993b22b0-3ada-4d66-a95b-c5f70c0c8e5d	gb:HM370978|Organism:Influenza	97.842	278	5	1	652	928	290	13	8.37e-134	479
3f855017-be69-4b4e-9d01-b144d1117e00	gb:HM370979|Organism:Influenza	96.900	871	9	12	1	859	13	877	0.0	1443
b8983071-3a5d-4b24-96cc-49fef1fa29fc	gb:HM370979|Organism:Influenza	98.960	865	4	3	1	860	877	13	0.0	1543
b0162f31-f9d7-4ccf-a880-f1a3c78f699c	gb:HM370979|Organism:Influenza	97.909	861	15	3	5	862	17	877	0.0	1487
7a7e76e0-5ca9-4551-a248-6b01664934e9	gb:HM370979|Organism:Influenza	98.730	866	7	4	1	863	877	13	0.0	1535
0b17b1b2-168c-490f-9641-763d6212038b	gb:HM370979|Organism:Influenza	97.709	873	11	7	1	872	13	877	0.0	1493
a1a1dd61-a7ca-4e6f-845b-c50f47049aa7	gb:KX232513|Organism:Influenza	94.694	867	35	9	1	858	1	865	0.0	1336
8d638e73-9ba0-41e6-aabb-4d349ad12f34	gb:HM370978|Organism:Influenza	95.238	1008	25	16	1	991	1014	13	0.0	1574
751caa08-650c-4ccf-9309-5d2ede33c40b	gb:HM370979|Organism:Influenza	96.651	866	14	12	1	852	13	877	0.0	1424
9f2d7f4a-4e03-4019-bf5b-7877f59f889d	gb:HM370978|Organism:Influenza	96.238	1010	15	18	1	987	13	1022	0.0	1633
0c300ef9-b207-4e6e-80f4-882482cf403f	gb:HM370972|Organism:Influenza	90.690	290	17	7	1	287	2328	2046	9.15e-104	377
1f0bfafa-52c0-4c0e-981c-b9c207b38faa	gb:HM370972|Organism:Influenza	96.246	293	4	6	3	289	2337	2046	1.14e-132	473
c6bccb3f-7045-4974-9c52-4d710cf477c3	gb:HM370972|Organism:Influenza	98.940	283	2	1	1	282	2328	2046	3.95e-142	505
e15880f8-34f0-4c62-8aa9-fa71f79fc2d7	gb:HM370979|Organism:Influenza	96.789	872	14	12	1	864	878	13	0.0	1443
0e1a9b82-66b5-478e-968a-25f81a298bbc	gb:HM370972|Organism:Influenza	97.518	282	2	5	19	297	2325	2046	9.06e-134	477
33be8e1a-453c-42c9-b3fe-bbe6d96cfe7e	gb:HM370978|Organism:Influenza	96.436	1010	14	19	1	996	1014	13	0.0	1646
a28284a6-351a-445d-b980-cd7f1ff83eaf	gb:HM370978|Organism:Influenza	98.121	1011	7	9	1	1008	1014	13	0.0	1751
f74f9d53-a602-444d-8fab-8cd97b86df96	gb:HM370978|Organism:Influenza	98.597	998	2	9	12	1002	22	1014	0.0	1755
7180c7dc-3cd2-4a84-9ca2-99b2e4dca9a5	gb:HM370978|Organism:Influenza	98.416	1010	4	9	1	1006	13	1014	0.0	1766
f8e3a3c1-b8eb-4de4-bbac-bbf615414023	gb:HM370972|Organism:Influenza	95.789	285	5	5	1	280	2328	2046	1.44e-126	453
b8b2ad76-dd06-48b5-a7d9-bb1e33e52459	gb:HM370966|Organism:Influenza	99.291	282	2	0	1	282	1939	2220	8.48e-144	510
2e7d716d-9549-4561-9f37-1c674badc501	gb:HM370979|Organism:Influenza	99.422	865	3	2	1	863	13	877	0.0	1568
3424b1f2-5592-485c-a555-32f70614ae94	gb:HM370976|Organism:Influenza	97.059	34	1	0	6	39	1519	1552	8.80e-09	58.4
acfe72a9-f622-48b8-ba9e-b8945a3efa3b	gb:MH412437|Organism:Influenza	92.881	295	9	10	4	292	2225	1937	5.49e-116	418
16eba765-58e6-4c07-9cea-1f78ffe0245c	gb:HM370979|Organism:Influenza	98.159	869	3	9	1	860	13	877	0.0	1504
aed86e7b-4943-48bf-9e1b-9f65702b09c0	gb:HM370978|Organism:Influenza	95.755	1013	18	21	1	999	1014	13	0.0	1609
e1386a0e-cd0e-4092-b7af-eb7d721ecdcc	gb:HM370979|Organism:Influenza	96.465	877	20	10	6	875	885	13	0.0	1437
89b2a9d6-ab02-47ce-b704-65b800de62fd	gb:HM370978|Organism:Influenza	95.035	1007	20	22	1	982	13	1014	0.0	1555
89a3c8e8-cd40-4ff7-a38f-3863d60400a5	gb:HM370979|Organism:Influenza	96.548	869	18	11	1	862	876	13	0.0	1428
b6060bd6-80ec-4aec-b92a-764ae0798007	gb:HM370978|Organism:Influenza	97.117	1006	14	11	1	995	1014	13	0.0	1683
73260163-3daf-4598-b8f3-7ea7e7bf4ae9	gb:HM370979|Organism:Influenza	98.730	866	4	6	1	860	877	13	0.0	1531
094b582d-fb49-41a4-927b-f21b6d6df044	gb:HM370978|Organism:Influenza	98.907	1006	6	4	1	1005	1014	13	0.0	1792
b12d8f7f-eb0e-4490-b754-b6b66342699d	gb:HM370978|Organism:Influenza	97.505	1002	11	7	1	988	13	1014	0.0	1700
a564cf15-643b-4b06-be5c-2f689f1d66dd	gb:HM370979|Organism:Influenza	95.692	882	20	13	1	873	13	885	0.0	1402
d34e7346-2e27-4a94-b2b5-b86391435fea	gb:HM370978|Organism:Influenza	93.583	1013	34	25	1	993	13	1014	0.0	1482
e78807c1-fb85-4799-8637-8513687346ee	gb:HM370978|Organism:Influenza	96.139	1010	12	19	1	991	13	1014	0.0	1624
bc428070-eadb-4c18-9d53-3ea6bb90d31f	gb:HM370978|Organism:Influenza	96.918	1006	17	13	3	1000	15	1014	0.0	1674
8651e1d8-20b6-480a-bab9-f89642031035	gb:HM370972|Organism:Influenza	96.466	283	5	4	1	278	2046	2328	2.37e-129	462
f9a6076e-d101-4ceb-80e9-3acc75ee91e3	gb:HM370978|Organism:Influenza	98.016	1008	10	10	1	1004	13	1014	0.0	1742
1823a1b0-80b1-4f0a-a592-63f610075eda	gb:HM370972|Organism:Influenza	98.940	283	2	1	1	282	2046	2328	3.95e-142	505
4a0c1c28-25ec-421c-8de9-b0f3e50eb4d2	gb:HM370979|Organism:Influenza	96.211	871	12	16	1	856	877	13	0.0	1406
4c8f6e1a-9211-450c-8313-9dec9fda9f3c	gb:HM370972|Organism:Influenza	96.864	287	2	6	1	284	2328	2046	1.12e-132	473
9978d4c9-f0e7-431e-a6e7-e0a59aa29dbf	gb:HM370978|Organism:Influenza	96.238	1010	18	14	1	998	13	1014	0.0	1637
8f393dff-4497-4c06-a9f5-d44d66cd6d4e	gb:HM370978|Organism:Influenza	90.794	630	37	18	273	884	354	980	0.0	822
8f393dff-4497-4c06-a9f5-d44d66cd6d4e	gb:HM370978|Organism:Influenza	95.035	282	6	8	1	278	13	290	5.04e-121	436
41fa2274-1887-434f-9a7d-1cc81f88a6ca	gb:HM370972|Organism:Influenza	100.000	277	0	0	106	382	2322	2046	3.26e-144	512
0140eea2-3815-462f-899a-cb885c5c04b5	gb:HM370979|Organism:Influenza	93.523	880	28	23	1	866	13	877	0.0	1282
dbdf0086-cf17-4758-8972-4887bd2bbd2e	gb:HM370979|Organism:Influenza	97.130	871	10	12	1	862	13	877	0.0	1456
8db2859d-30e9-42a3-af55-dab914d60658	gb:HM370979|Organism:Influenza	96.119	876	15	18	1	868	13	877	0.0	1411
f07e14d0-eb24-487d-a039-55c8423fc48a	gb:HM370979|Organism:Influenza	96.907	873	15	12	1	865	13	881	0.0	1452
e34ee33b-6661-4722-a932-685d4ced9e2e	gb:HM370972|Organism:Influenza	99.647	283	1	0	1	283	2046	2328	5.09e-146	518
a10f2c10-cc7e-4418-89e2-e22de137fcd5	gb:HM370972|Organism:Influenza	92.727	275	11	8	1	272	2328	2060	4.21e-107	388
3e79e2aa-38da-493a-abc9-2695e5c7331d	gb:HM370979|Organism:Influenza	96.014	878	19	10	6	872	5	877	0.0	1413
862dfa9a-0322-4280-83f7-122652acb393	gb:HM370979|Organism:Influenza	98.037	866	6	7	1	856	13	877	0.0	1495
a5a6bb95-556a-4b1d-b143-86247cbd97ae	gb:HM370979|Organism:Influenza	97.235	868	11	13	1	858	13	877	0.0	1458
c37205b1-0d50-4fa8-94f8-293170765692	gb:HM370979|Organism:Influenza	95.476	862	14	18	4	842	872	13	0.0	1352
5c2551d9-5bd5-4207-a24e-03ee5118aea6	gb:CY101245|Organism:Influenza	90.941	287	10	12	13	286	2033	2316	4.24e-102	372
0927a89a-21f9-40b3-b0b3-f72f9f5372d7	gb:HM370972|Organism:Influenza	88.889	288	12	12	1	273	2046	2328	1.47e-91	337
919e484e-fbb4-4d55-9ef1-e5138a4b369b	gb:HM370979|Organism:Influenza	94.671	882	19	18	1	871	13	877	0.0	1343
4d8c3ea3-1da8-4288-8a13-f948c66ab0b2	gb:HM370978|Organism:Influenza	95.929	1007	16	17	1	987	1014	13	0.0	1609
4cbda0e0-a71c-4b96-a94b-b44dc4dc5f58	gb:HM370978|Organism:Influenza	92.948	1021	30	33	1	998	1014	13	0.0	1448
e1986ab8-1b41-4e1e-bc57-bee7b7aa135d	gb:HM370978|Organism:Influenza	93.787	1014	34	24	1	998	13	1013	0.0	1496
8cfbb74a-8ec3-404b-a165-dceb41ac40f8	gb:HM370978|Organism:Influenza	97.036	1012	13	14	1	1005	13	1014	0.0	1687
69844ad7-a191-4821-ad2e-199022324d61	gb:HM370972|Organism:Influenza	99.647	283	1	0	1	283	2046	2328	5.09e-146	518
5f9d5ca2-2c15-44fc-b067-04d9b9d64838	gb:HM370979|Organism:Influenza	90.513	896	31	42	2	862	1	877	0.0	1134
8b14fe2f-aafa-4f03-8cde-6b458b3aa1b0	gb:HM370972|Organism:Influenza	99.647	283	1	0	1	283	2046	2328	5.09e-146	518
af286a72-3ca3-487b-8505-5f1eec8b8fd1	gb:HM370972|Organism:Influenza	89.860	286	12	8	1	272	2046	2328	5.23e-96	351
381c5834-f496-4c54-9a24-6fea086ead4c	gb:HM370972|Organism:Influenza	99.298	285	0	2	1	285	2046	2328	6.63e-145	514
b6cce58a-c55f-4cae-8097-693d7c254da0	gb:HM370978|Organism:Influenza	97.194	998	11	16	28	1016	1002	13	0.0	1672
305fcdb6-5f6b-4d81-bbfb-dd6f20c42135	gb:HM370979|Organism:Influenza	96.674	872	17	9	1	867	877	13	0.0	1439
016b5e45-9491-4eaf-b33b-d83fa42a0135	gb:HM370979|Organism:Influenza	94.266	872	23	22	22	879	19	877	0.0	1308
fc68570b-d081-4d5b-b9d8-f60fec2908ba	gb:HM370979|Organism:Influenza	94.719	871	24	20	1	855	13	877	0.0	1334
f9680d6c-e1f0-499a-a1cf-245293477025	gb:HM370972|Organism:Influenza	95.517	290	3	7	1	281	2046	2334	4.09e-127	455
57dfcb9f-91b6-4df6-9995-f7ab692f7733	gb:HM370979|Organism:Influenza	97.356	870	11	12	1	863	13	877	0.0	1469
e8f28d61-7cef-4ccf-b8a2-3f87cb7f0ee3	gb:HM370979|Organism:Influenza	96.220	873	13	15	1	863	13	875	0.0	1411
bbd6621c-186b-4561-8811-b34c4c6a7fd0	gb:HM370972|Organism:Influenza	99.293	283	0	2	1	281	2328	2046	8.45e-144	510
e689a9b9-c50c-4378-8a51-ddb6eede6364	gb:HM370978|Organism:Influenza	96.418	1005	19	11	1	991	13	1014	0.0	1640
5c490d61-0571-43ab-a9a7-bd47c092cdf0	gb:HM370972|Organism:Influenza	93.814	291	7	10	4	284	2335	2046	8.85e-119	427
6af5e025-ddc5-4138-b6a2-b4fe51bd53ac	gb:HM370972|Organism:Influenza	91.259	286	10	11	1	274	2046	2328	3.13e-103	375
29ae4c04-de7d-4aec-95bc-65e1e2e6774d	gb:HM370979|Organism:Influenza	88.050	887	46	43	23	876	872	13	0.0	996
3caef81d-6064-43d7-b4d9-cb4b4e08297a	gb:HM370979|Organism:Influenza	97.130	871	7	10	1	859	13	877	0.0	1454
a72ad7b2-1900-4b7f-bce1-7f7286fe5226	gb:HM370979|Organism:Influenza	96.789	872	14	12	1	865	13	877	0.0	1443
682be14a-298c-44a9-8dd9-9c1ebcd94ceb	gb:HM370972|Organism:Influenza	96.774	279	8	1	1	279	2046	2323	6.70e-130	464
384c7336-a5d8-48a0-ab0d-17b6cbfba890	gb:HM370979|Organism:Influenza	98.499	866	7	6	1	861	13	877	0.0	1522
b600dfba-fc28-4569-a11d-182279189dff	gb:HM370972|Organism:Influenza	96.831	284	6	3	1	282	2046	2328	4.00e-132	472
f604c41b-fdb6-465c-8478-b72219527ed0	gb:HM370979|Organism:Influenza	98.159	869	6	7	1	863	877	13	0.0	1507
83823bfc-4d40-4347-ac31-727e265b6472	gb:HM370978|Organism:Influenza	96.832	1010	16	15	1	1002	1014	13	0.0	1674
769f764e-6587-4311-963b-ca84634e3602	gb:HM370979|Organism:Influenza	96.778	869	12	13	1	857	13	877	0.0	1435
3b9d5beb-4cdd-4253-a14e-68fa7028408a	gb:HM370972|Organism:Influenza	96.831	284	6	3	1	282	2046	2328	4.00e-132	472
00603c44-6676-4835-ba4d-1bd54ad798d5	gb:HM370979|Organism:Influenza	96.705	880	19	9	97	972	4	877	0.0	1456
f81feabb-b867-45a2-87c5-b8aabc8d75ab	gb:HM370979|Organism:Influenza	98.152	866	6	8	1	857	877	13	0.0	1502
28f9eb3a-d382-4a09-87cd-f06c814e929c	gb:HM370979|Organism:Influenza	95.304	873	20	15	1	859	12	877	0.0	1365
4e3147f8-721e-46e2-bc19-27581208b6a3	gb:HM370979|Organism:Influenza	98.276	870	4	8	1	864	877	13	0.0	1513
b644d15d-a559-469c-a8c5-40a88d4d5faf	gb:HM370978|Organism:Influenza	97.725	1011	6	12	1	1003	1014	13	0.0	1724
cecff3bf-109f-4e8e-b0a5-3bc31749e900	gb:HM370979|Organism:Influenza	95.512	869	21	16	1	855	13	877	0.0	1373
bf4f9f74-c81c-41fe-8487-b9a33ae54da8	gb:HM370979|Organism:Influenza	93.814	873	23	27	1	850	13	877	0.0	1284
16f1b988-36ec-40d4-88f3-8bb023226266	gb:HM370977|Organism:Influenza	91.696	289	12	7	2	287	1	280	1.65e-107	390
16f1b988-36ec-40d4-88f3-8bb023226266	gb:HM370977|Organism:Influenza	96.429	112	1	2	283	393	1336	1445	1.08e-44	182
7e569657-fa8b-4acc-93d0-57d9e9964ec3	gb:HM370979|Organism:Influenza	94.183	894	23	18	103	988	6	878	0.0	1336
11bcacd8-cf4e-42d3-88d3-69d27642b12d	gb:HM370978|Organism:Influenza	97.614	1006	7	15	1	993	13	1014	0.0	1709
572d0389-6297-4bc3-8df9-29987277f83e	gb:HM370979|Organism:Influenza	95.771	875	19	15	1	867	877	13	0.0	1395
61e174f7-c71d-47d9-8d98-c65685359bdc	gb:HM370972|Organism:Influenza	90.592	287	9	13	15	293	2322	2046	7.29e-100	364
011c7c8e-f4d6-4b6e-b921-2fd8e0714703	gb:HM370977|Organism:Influenza	100.000	268	0	0	1	268	13	280	3.22e-139	496
011c7c8e-f4d6-4b6e-b921-2fd8e0714703	gb:HM370977|Organism:Influenza	96.491	114	2	2	262	375	1334	1445	2.20e-46	187
25b9f9eb-470e-4264-b8af-86a688479e7c	gb:HM370978|Organism:Influenza	96.922	1007	6	21	1	987	1014	13	0.0	1664
ad2c36dc-7b65-4b61-9bf2-e7f08c2b8ac6	gb:HM370972|Organism:Influenza	96.479	284	3	5	1	278	2046	2328	2.37e-129	462
870244c9-dc41-4976-bcdf-67e63a4a49fc	gb:HM370979|Organism:Influenza	97.814	869	5	11	1	859	13	877	0.0	1487
fd55614b-0a36-480c-8703-ddb88865ce36	gb:HM370972|Organism:Influenza	95.714	280	7	5	6	282	2051	2328	2.43e-124	446
34d43a16-3255-477d-81f3-03495388dd27	gb:HM370978|Organism:Influenza	97.919	1009	10	10	1	1005	13	1014	0.0	1736
cebc3527-fd7d-455f-af99-35dcdcf49dfd	gb:HM370978|Organism:Influenza	94.461	1011	24	22	1	988	13	1014	0.0	1528
da2bb74c-c3d6-4455-924d-f08454b1362b	gb:HM370979|Organism:Influenza	97.344	866	13	10	1	857	13	877	0.0	1463
9a9ecb23-bb88-43e1-ab27-4191df7e161e	gb:HM370978|Organism:Influenza	93.117	1017	20	32	1	982	13	1014	0.0	1445
cf288582-02a8-48a4-9921-1b30b79018fc	gb:HM370972|Organism:Influenza	98.239	284	4	1	1	284	2046	2328	2.39e-139	496
007e6916-2054-4bb8-8698-626d8fb3b5c5	gb:HM370979|Organism:Influenza	97.011	870	15	8	1	864	13	877	0.0	1452
5e6c97a5-9e63-4256-bd88-ff58eb30c373	gb:HM370978|Organism:Influenza	97.711	1005	11	10	1	996	13	1014	0.0	1718
e48e4d55-c293-4994-98bd-dc76b115057f	gb:HM370979|Organism:Influenza	93.111	871	29	22	1	846	13	877	0.0	1247
5de9be38-22c5-4806-a80d-e0c254b7f732	gb:HM370978|Organism:Influenza	96.158	1015	11	15	1	1000	1014	13	0.0	1633
1a59568c-1704-4cf9-9ba2-b55f0b39aad3	gb:HM370979|Organism:Influenza	95.958	866	15	15	4	854	873	13	0.0	1387
eb699ae7-b4f9-4f8e-9c76-fca53331c151	gb:HM370978|Organism:Influenza	98.106	1003	8	6	1	993	1014	13	0.0	1736
3e245ea3-9410-4e9d-858a-185dde434afb	gb:HM370979|Organism:Influenza	93.880	866	23	17	1	846	13	868	0.0	1279
20692773-c04e-4df7-9175-147fbefac199	gb:HM370978|Organism:Influenza	98.706	1005	3	7	1	998	13	1014	0.0	1775
193f5d1f-2a16-46e9-89e7-12ee06a4ac97	gb:HM370978|Organism:Influenza	97.024	1008	12	15	1	996	13	1014	0.0	1679
7820ca79-7b2e-45e0-bb69-65f1750b5d82	gb:HM370979|Organism:Influenza	94.802	885	23	16	1	882	13	877	0.0	1358
b58e1fda-65bc-44d0-9f60-7ad9a7de61ae	gb:HM370972|Organism:Influenza	95.789	285	7	4	1	282	2328	2046	4.03e-127	455
cde32f82-9f62-4ddb-b47f-35a9f0585131	gb:HM370966|Organism:Influenza	97.917	288	5	1	1	288	2220	1934	6.96e-140	497
1fb7106a-e966-49bd-b539-7f8ea37eca50	gb:HM370979|Organism:Influenza	95.057	870	17	23	1	849	13	877	0.0	1345
a98cbbc5-ab70-4ad0-bdfa-a89d274aea48	gb:HM370979|Organism:Influenza	94.834	871	18	16	4	856	874	13	0.0	1334
fb168688-4298-4e5c-b27c-fad07ca4a620	gb:HM370972|Organism:Influenza	97.527	283	4	2	1	280	2328	2046	6.60e-135	481
658f9173-0ad7-4a49-a15b-834cade79a3a	gb:MH546999|Organism:Influenza	90.816	882	48	29	1	868	1	863	0.0	1149
08967686-af2a-4795-8cec-27aa4622305f	gb:HM370979|Organism:Influenza	97.120	868	14	10	1	860	13	877	0.0	1454
c7ffee88-a804-489e-9a0e-23733971080c	gb:HM370972|Organism:Influenza	98.944	284	2	1	1	284	2046	2328	1.11e-142	507
56647c24-744d-4237-9de6-39afcb120d2d	gb:HM370977|Organism:Influenza	93.617	282	9	5	2	276	1	280	3.42e-114	412
56647c24-744d-4237-9de6-39afcb120d2d	gb:HM370977|Organism:Influenza	97.368	114	1	1	270	383	1334	1445	4.84e-48	193
701ce89a-87cb-4ccf-b83f-4bd73f72842b	gb:HM370979|Organism:Influenza	98.393	871	6	7	1	869	13	877	0.0	1524
70a7ccd5-ffae-4917-8501-dd823ae2e9fe	gb:HM370979|Organism:Influenza	98.044	869	8	7	1	864	877	13	0.0	1502
bfcd0d18-7de8-4555-ad2c-c5bf01c95bac	gb:HM370979|Organism:Influenza	98.155	867	7	9	1	860	877	13	0.0	1504
ca326bd9-32df-45fa-a9e2-8c08ab082619	gb:HM370972|Organism:Influenza	98.596	285	0	3	1	283	2046	2328	5.12e-141	501
d5f267b1-d9ff-48aa-b87a-9fce14b38f5c	gb:HM370972|Organism:Influenza	98.596	285	0	3	1	283	2328	2046	5.12e-141	501
f1c4c271-c47b-4767-839e-0f9c4e629d69	gb:HM370978|Organism:Influenza	97.512	1005	9	12	1	992	1014	13	0.0	1703
f7212870-a728-401b-99f8-2f40e0eadff4	gb:HM370979|Organism:Influenza	96.123	877	10	14	1	865	13	877	0.0	1410
f98fa98d-00f4-42b9-bc3d-089e05fded31	gb:HM370972|Organism:Influenza	98.718	234	0	3	104	334	2279	2046	2.95e-114	412
66fd9988-e43e-471b-9a2e-916442f7504b	gb:HM370979|Organism:Influenza	98.026	861	12	5	4	861	872	14	0.0	1491
d21f5090-7023-485c-a2d0-c3a805a36c13	gb:HM370978|Organism:Influenza	90.117	1022	59	32	1	990	13	1024	0.0	1290
