e36e4b58-8bd5-455b-8522-abc8aae7075c	gb:HM370976|Organism:Influenza	96.347	219	5	3	108	325	1555	1339	1.36e-97	357
d27cfe86-8d9d-4c8b-8fb9-504c21136f37	gb:HM370976|Organism:Influenza	95.853	217	6	3	1	217	1552	1339	5.26e-95	348
0f71200a-677a-449d-be02-4a7b60173f14	gb:HM370976|Organism:Influenza	93.548	217	4	8	1	210	1552	1339	5.17e-85	315
51f061d9-f883-4a39-84f4-c25511fd9e78	gb:HM370976|Organism:Influenza	97.209	215	3	3	1	213	1339	1552	6.61e-99	361
f7decd65-a726-4ead-a670-effe36bf2fef	gb:HM370976|Organism:Influenza	88.018	217	13	8	107	311	1337	1552	1.05e-63	244
cf315b6e-dae8-4193-8223-31cb241e8092	gb:HM370976|Organism:Influenza	95.111	225	8	3	3	227	1560	1339	4.28e-96	351
e9c9287c-e9f4-4af4-a84c-87cd4ed1e038	gb:HM370976|Organism:Influenza	92.523	214	11	4	1	209	1552	1339	3.98e-81	302
c94c86fe-e63c-4192-b75a-87ae4cf60f8f	gb:HM370976|Organism:Influenza	92.308	195	10	5	106	296	1347	1540	4.74e-72	272
90e7fa6c-44a4-48a9-ad03-baf3cc06dc29	gb:HM370976|Organism:Influenza	94.444	216	7	3	1	213	1552	1339	6.71e-89	327
31c30bd5-b822-4306-bd39-23429bb44b32	gb:HM370976|Organism:Influenza	97.768	224	5	0	5	228	1562	1339	1.18e-106	387
dff7cdd9-b93c-4236-b06a-78995dc5fb14	gb:HM370976|Organism:Influenza	98.131	214	3	1	1	213	1339	1552	3.05e-102	372
f5557679-28b2-4e89-ba8b-2a12c5fdd1f9	gb:HM370976|Organism:Influenza	94.907	216	4	6	1	211	1339	1552	5.13e-90	331
4e6cb5dc-395d-41f1-bcd0-f04ff08da405	gb:HM370976|Organism:Influenza	97.196	214	3	3	1	211	1552	1339	2.35e-98	359
aff0e9cc-ed37-44cb-adf0-2ba7eff971f8	gb:HM370976|Organism:Influenza	89.610	231	13	10	1	224	1565	1339	1.56e-75	283
2ea64510-3aae-4f0e-bb76-b3471970dd6f	gb:HM370976|Organism:Influenza	92.593	216	6	9	1	208	1552	1339	3.96e-81	302
f9ef411f-5ff4-4676-989a-0e4897b22cac	gb:HM370976|Organism:Influenza	97.664	214	4	1	1	213	1339	1552	1.42e-100	366
ef930535-c44e-4b8c-9dbd-338923524fdc	gb:HM370976|Organism:Influenza	95.872	218	6	3	1	218	1552	1338	1.47e-95	350
fd8ffbb4-b707-4fdc-b41d-b38884f11ef4	gb:HM370976|Organism:Influenza	92.453	212	11	5	7	214	1549	1339	5.29e-80	298
3261181c-151f-478f-9ae7-629acb0034b0	gb:HM370976|Organism:Influenza	96.059	203	4	2	2	204	1340	1538	6.71e-89	327
eec77213-8407-4f86-a4c5-52bccb3a65df	gb:HM370976|Organism:Influenza	97.196	214	3	3	1	212	1552	1340	2.39e-98	359
2ce139a7-6699-4ebf-a9a4-ca2044cdf496	gb:HM370976|Organism:Influenza	97.196	214	4	2	1	212	1339	1552	6.58e-99	361
aa9d6840-a65c-475f-953d-75e19540e419	gb:HM370976|Organism:Influenza	96.729	214	5	2	1	212	1339	1552	3.06e-97	355
dff689e3-3071-4bce-b709-40a431a1fe57	gb:HM370976|Organism:Influenza	94.144	222	7	5	94	310	1559	1339	2.18e-90	333
c34bafa5-0f2c-4f30-b5a9-08314dde8266	gb:JN706701|Organism:Influenza	84.416	231	19	13	4	222	1564	1339	7.38e-54	211
3e39cc76-d383-454c-968a-fd6f4e30aa5e	gb:HM370976|Organism:Influenza	94.248	226	6	7	1	224	1339	1559	4.53e-92	339
b93a7971-be8d-403e-89f2-731a93693edd	gb:HM370976|Organism:Influenza	97.674	215	4	1	1	215	1552	1339	3.99e-101	368
a9a7013d-f79c-480a-bdab-8b65f07d4c42	gb:HM370976|Organism:Influenza	96.330	218	4	3	1	218	1339	1552	3.16e-97	355
80e2783c-dcf0-4a85-a9b0-b8387dd1ffad	gb:HM370976|Organism:Influenza	90.233	215	8	11	1	203	1552	1339	3.90e-71	268
b6000a6d-e1e8-42fb-9618-8156b7e39b54	gb:HM370976|Organism:Influenza	97.196	214	4	2	1	212	1552	1339	6.58e-99	361
2833cb29-c490-4a06-a414-300c10460344	gb:KX232486|Organism:Influenza	91.192	193	9	8	1	185	1294	1486	3.36e-67	255
e6ee2002-5fce-4bea-bbc3-ddc59c13de29	gb:HM370976|Organism:Influenza	92.593	216	6	6	1	208	1552	1339	3.96e-81	302
e80920ba-a7be-4279-a5a8-cfa733256f85	gb:HM370976|Organism:Influenza	97.196	214	5	1	1	213	1339	1552	6.61e-99	361
08cb6da4-3101-428e-bcf4-799db5ca8171	gb:HM370976|Organism:Influenza	94.860	214	6	4	1	209	1552	1339	1.82e-89	329
8099cd6d-e3c5-44b7-aa00-ba70b491f67c	gb:HM370976|Organism:Influenza	92.558	215	7	7	1	207	1552	1339	1.42e-80	300
d96bdf79-ec0a-4564-a17f-663c34ac01d4	gb:HM370976|Organism:Influenza	95.089	224	9	2	101	324	1560	1339	6.30e-96	351
ed564549-9b6c-4701-8fb1-067d7251cf96	gb:HM370976|Organism:Influenza	94.470	217	8	4	1	216	1552	1339	5.27e-90	331
5926f8e8-2a51-4ba0-8889-e9ca0067d64b	gb:HM370976|Organism:Influenza	94.907	216	7	3	1	214	1339	1552	4.03e-91	335
d850bc2b-d33a-4dda-9b06-7d44814fb476	gb:HM370976|Organism:Influenza	97.196	214	4	1	1	212	1339	1552	6.58e-99	361
00aa4362-a102-4710-b9c2-e6b31229f263	gb:HM370976|Organism:Influenza	94.860	214	7	4	1	210	1552	1339	5.10e-90	331
a74bfdf9-ee2d-47d7-9e02-19a411dbadcd	gb:HM370976|Organism:Influenza	97.196	214	3	3	1	211	1552	1339	2.35e-98	359
a7e00c2e-0247-42a7-8b6b-7b93d1468b11	gb:HM370976|Organism:Influenza	90.625	224	12	8	1	217	1339	1560	3.35e-77	289
f6a4bd9c-5079-4782-a3fc-4f7a0f038b7b	gb:HM370976|Organism:Influenza	98.598	214	3	0	1	214	1552	1339	1.84e-104	379
6e42ba4a-76cf-485b-b547-7e6f759bb3b7	gb:HM370976|Organism:Influenza	96.262	214	4	4	1	210	1339	1552	5.07e-95	348
f55c7297-3fa7-4b0d-af18-1a56f1437f5e	gb:HM370976|Organism:Influenza	95.349	215	5	3	1	211	1552	1339	1.10e-91	337
9dd88b38-c0ec-4c6c-bee7-91b941ba861e	gb:HM370976|Organism:Influenza	94.444	216	3	6	1	209	1552	1339	8.49e-88	324
028400d3-e7a6-4e75-bfe2-73b8a7612253	gb:HM370976|Organism:Influenza	95.853	217	4	4	1	215	1339	1552	1.87e-94	346
22785e00-d417-4fbe-af77-b6e533a1e669	gb:HM370976|Organism:Influenza	97.222	216	3	3	1	215	1339	1552	1.86e-99	363
ed2e0200-087f-4d59-8692-39dc58e79635	gb:HM370976|Organism:Influenza	94.619	223	4	5	7	223	1559	1339	3.26e-92	339
92567292-c0a4-4282-9fee-d35b13b4875e	gb:HM370976|Organism:Influenza	94.860	214	7	4	1	210	1339	1552	5.10e-90	331
76500f00-8744-4c0e-9358-2c39eb6a9192	gb:HM370976|Organism:Influenza	90.265	226	11	9	10	229	1345	1565	4.44e-76	285
c1d65745-ce7d-4e55-b1b9-108976533fb5	gb:HM370976|Organism:Influenza	96.279	215	6	2	2	216	1551	1339	4.04e-96	351
798f05b5-82cb-4e7f-9c1f-542476ceec71	gb:HM370976|Organism:Influenza	95.215	209	6	4	1	206	1339	1546	6.63e-89	327
da3500f7-9b06-45e1-a722-f7af7c0e4516	gb:HM370976|Organism:Influenza	96.729	214	6	1	1	213	1552	1339	3.08e-97	355
450e56de-3cb7-45ef-b294-5a1d3feda9b6	gb:HM370976|Organism:Influenza	93.519	216	7	7	1	211	1339	1552	5.17e-85	315
4af1f5f6-6d7a-4a7b-91e7-02280b4ca27d	gb:HM370976|Organism:Influenza	98.131	214	4	0	1	214	1552	1339	8.54e-103	374
fccca65c-757e-4ab8-82aa-c60d3f2da3ae	gb:HM370976|Organism:Influenza	97.143	210	3	3	4	210	1342	1551	3.92e-96	351
1ca6d1a4-9698-4056-b444-56d4e4106ae7	gb:MH546988|Organism:Influenza	87.755	196	10	14	23	209	1348	1538	1.50e-55	217
693b3db6-c567-4e89-9d85-5fe6a260bd80	gb:HM370976|Organism:Influenza	94.954	218	6	4	1	216	1339	1553	1.13e-91	337
c782a78d-7816-41c3-8258-76890e6cfdbd	gb:HM370976|Organism:Influenza	95.370	216	5	4	1	213	1339	1552	3.10e-92	339
bf63f388-c80a-447f-be4e-81a3400871af	gb:HM370976|Organism:Influenza	97.664	214	5	0	1	214	1552	1339	3.97e-101	368
ee58117e-80a7-4b2f-93ad-ac16e1e01d0c	gb:HM370976|Organism:Influenza	93.458	214	7	5	1	207	1552	1339	6.54e-84	311
ff535fc1-6c51-4328-82cc-7e9bf2447607	gb:HM370976|Organism:Influenza	95.327	214	5	3	1	209	1552	1339	3.92e-91	335
a2dad0ec-8e71-452a-84a1-181638ac42ad	gb:HM370976|Organism:Influenza	98.131	214	4	0	1	214	1339	1552	8.54e-103	374
a2865016-f43b-405f-878c-49c3325117c8	gb:HM370976|Organism:Influenza	88.940	217	15	7	1	211	1552	1339	2.45e-68	259
dc076c98-b532-47ed-bbeb-9199280005c5	gb:HM370976|Organism:Influenza	97.664	214	3	2	1	212	1552	1339	1.41e-100	366
c11506b0-bb65-4208-9572-9bb621ff2ac1	gb:HM370976|Organism:Influenza	93.578	218	6	6	1	214	1552	1339	4.06e-86	318
ec099206-664a-4d39-b4f3-b244e76a70f3	gb:HM370976|Organism:Influenza	96.729	214	5	1	1	212	1552	1339	3.06e-97	355
d776cbe9-cf92-4e81-a577-55987e797622	gb:HM370976|Organism:Influenza	98.266	173	3	0	1	173	1505	1333	9.32e-82	303
81d19577-c8d6-4e46-9474-68b237c12fe6	gb:HM370976|Organism:Influenza	98.598	214	3	0	1	214	1339	1552	1.84e-104	379
f5b3576b-4b0e-4b0b-ae03-2cb7ebd3bdb8	gb:HM370976|Organism:Influenza	97.664	214	4	1	1	213	1339	1552	1.42e-100	366
7647d1fd-a347-48b4-9be0-113980f097fe	gb:HM370976|Organism:Influenza	96.262	214	3	3	1	209	1552	1339	1.81e-94	346
03303951-e854-4e96-8084-a1d9295de390	gb:HM370976|Organism:Influenza	95.349	215	3	4	1	209	1339	1552	3.92e-91	335
44fba652-a079-4de8-bac0-4d8e59db38f7	gb:HM370976|Organism:Influenza	94.009	217	5	8	1	212	1339	1552	3.10e-87	322
c4d1a547-0944-4f91-ac8e-1c33c8871705	gb:HM370976|Organism:Influenza	94.570	221	5	3	1	221	1339	1552	4.18e-91	335
04e034dc-448c-4a6e-8779-5c7b05fb32cb	gb:HM370976|Organism:Influenza	95.814	215	7	2	1	214	1552	1339	1.86e-94	346
5d53ae1d-4832-4288-aeb7-07b73ff45534	gb:HM370976|Organism:Influenza	88.318	214	11	9	15	216	1340	1551	7.06e-64	244
b056d359-651b-4ef9-ad15-b150087dff51	gb:HM370976|Organism:Influenza	95.392	217	7	3	1	216	1552	1338	2.57e-93	342
b402f485-59bb-4992-9720-603d24da4070	gb:HM370976|Organism:Influenza	96.296	216	5	3	1	215	1339	1552	4.02e-96	351
43f1d035-3250-434c-a919-7dcba30e93ba	gb:HM370976|Organism:Influenza	94.323	229	8	5	1	226	1339	1565	1.98e-94	346
43c988bd-e99e-4556-9a38-38f81a2ef7f9	gb:HM370976|Organism:Influenza	87.069	232	17	11	102	328	1562	1339	2.40e-65	250
0cf1a836-0c65-4d0c-9096-d2496c402dbc	gb:HM370976|Organism:Influenza	95.814	215	5	4	1	212	1552	1339	6.62e-94	344
8b7c87cb-fbbe-4a8b-b2f3-f6d21cc118c4	gb:KX859334|Organism:Influenza	90.547	201	10	9	21	215	1363	1560	1.23e-67	257
3055fedd-89e1-4eac-8841-a06d9712c413	gb:KX232486|Organism:Influenza	92.537	201	7	4	1	195	1294	1492	5.24e-75	281
a5293140-dcca-49ba-9715-54fbe75cb24f	gb:HM370976|Organism:Influenza	90.826	218	9	7	1	212	1340	1552	5.27e-75	281
cf22d88d-010e-45af-b065-c802b79dea59	gb:HM370976|Organism:Influenza	92.417	211	12	4	5	212	1548	1339	5.23e-80	298
95d8c6b6-89ec-4558-86bd-03c366ddb4d1	gb:HM370976|Organism:Influenza	97.196	214	6	0	1	214	1552	1339	1.85e-99	363
e454a02f-dfc1-46c7-8387-927dcb11ae08	gb:HM370976|Organism:Influenza	95.833	216	6	3	1	215	1339	1552	1.87e-94	346
4c3f63a1-1ec6-4823-bc04-1a625e834c41	gb:HM370976|Organism:Influenza	97.209	215	4	2	1	214	1552	1339	1.85e-99	363
cb896b7a-05fd-4357-bc72-4439690d10e6	gb:HM370976|Organism:Influenza	95.327	214	4	6	4	213	1341	1552	4.01e-91	335
9be4f710-2d07-4ed7-a875-4b0d8b4149c8	gb:HM370976|Organism:Influenza	92.130	216	9	6	1	210	1552	1339	5.17e-80	298
059cf7bf-025b-4d18-852a-e1aedf6c92b5	gb:HM370976|Organism:Influenza	88.584	219	13	9	1	212	1552	1339	3.19e-67	255
28f687c7-2caa-4c5a-b978-161e5aa26429	gb:EU743162|Organism:Influenza	93.151	219	5	8	1	214	1326	1539	1.89e-84	313
dff0e59a-5477-4481-a8cc-650e6b705827	gb:HM370976|Organism:Influenza	96.262	214	8	0	1	214	1339	1552	4.00e-96	351
335a8192-8685-4efb-a8a4-f00f1856ff4d	gb:HM370976|Organism:Influenza	95.392	217	4	6	1	213	1339	1553	8.61e-93	340
1f79d8ab-7c98-40c9-9958-c750dded521b	gb:HM370976|Organism:Influenza	92.523	214	10	4	1	208	1552	1339	3.96e-81	302
7f1230f0-0b39-4b10-abe2-62cff6fb3920	gb:HM370976|Organism:Influenza	98.140	215	3	1	1	215	1339	1552	8.58e-103	374
8b82614a-3036-48a1-be2c-f03998237027	gb:HM370976|Organism:Influenza	98.140	215	4	0	1	215	1339	1553	2.47e-103	375
d46968c4-1dec-4380-bc4d-e82b8bc97c1b	gb:HM370976|Organism:Influenza	98.206	223	4	0	3	225	1561	1339	8.97e-108	390
8bd82324-271f-441f-821a-109398e3bb3d	gb:HM370976|Organism:Influenza	97.209	215	4	2	1	214	1552	1339	1.85e-99	363
f04b8424-6c36-45ae-b170-efadadb45eb8	gb:HM370976|Organism:Influenza	94.884	215	5	4	1	210	1552	1339	5.10e-90	331
d7e2ba04-99c3-4de6-9aee-6407a145ad13	gb:HM370976|Organism:Influenza	97.674	215	3	2	1	214	1339	1552	3.97e-101	368
bbdabf9a-4754-4892-a32a-4b7c0c038510	gb:HM370976|Organism:Influenza	94.762	210	4	4	1	203	1339	1548	1.08e-86	320
3357a726-8f24-4de0-9032-87fa4ab540b6	gb:HM370976|Organism:Influenza	97.196	214	2	3	1	210	1552	1339	2.34e-98	359
12a9461f-e332-40d0-852b-25fa78a0190f	gb:HM370976|Organism:Influenza	93.458	214	7	6	11	222	1343	1551	7.08e-84	311
465ad870-ec77-41b7-ad01-6ca8499af791	gb:MH546988|Organism:Influenza	90.654	214	17	3	1	211	1540	1327	5.24e-75	281
de64ef28-af76-4714-a405-8b015dc1686c	gb:HM370976|Organism:Influenza	94.860	214	3	2	1	206	1552	1339	6.46e-89	327
bec5f9a4-8a18-404c-b3eb-4c8678deaffc	gb:HM370976|Organism:Influenza	96.279	215	6	2	1	214	1339	1552	4.00e-96	351
7ceab6ea-d608-412e-ba54-e38b04291b45	gb:HM370976|Organism:Influenza	87.500	216	15	10	1	208	1552	1341	3.18e-62	239
fbfecc57-88c2-499b-852e-611b0021ec74	gb:HM370976|Organism:Influenza	94.118	221	9	4	1	218	1552	1333	1.53e-90	333
5284473f-1db5-4978-bffc-ac57f6b198c4	gb:HM370976|Organism:Influenza	89.352	216	13	9	14	221	1340	1553	2.00e-69	263
299befc6-7a64-40a6-b48e-f77da434631f	gb:HM370976|Organism:Influenza	90.000	220	9	12	13	223	1554	1339	3.36e-72	272
a73c8cf1-ca9e-4089-80e7-5ffabf41bdaf	gb:HM370976|Organism:Influenza	91.855	221	9	8	1	214	1339	1557	1.56e-80	300
a89c5085-28fa-481e-8813-6f1eae52e6d5	gb:HM370976|Organism:Influenza	88.496	226	17	7	1	223	1552	1333	5.82e-70	265
0f263875-b48c-4edf-aa49-bd776390993c	gb:HM370976|Organism:Influenza	90.625	224	13	7	10	228	1559	1339	9.50e-78	291
3e98a7de-f07e-4915-86c6-ed33bde65a08	gb:HM370976|Organism:Influenza	89.908	218	9	9	12	220	1339	1552	4.28e-71	268
01abefd0-1fcc-4aa2-a66d-0d181c560001	gb:HM370976|Organism:Influenza	97.209	215	4	2	1	214	1552	1339	1.85e-99	363
b7e9b238-6eff-4d8c-8d8e-de8bf82bc8bc	gb:HM370976|Organism:Influenza	93.119	218	7	6	1	214	1552	1339	1.89e-84	313
5b22eed5-4208-4ce7-93aa-570e6222c00c	gb:HM370976|Organism:Influenza	92.523	214	5	10	6	212	1343	1552	1.88e-79	296
d437f23f-831a-4fd7-86ec-ad4253622b60	gb:HM370976|Organism:Influenza	95.392	217	6	4	1	216	1339	1552	2.43e-93	342
14997a44-a6b5-4109-9ef7-173f3cb9d322	gb:HM370976|Organism:Influenza	93.953	215	6	7	1	209	1552	1339	3.95e-86	318
1a99e7bc-511d-4e35-86d4-7bd72cea771c	gb:JN683630|Organism:Influenza	84.018	219	18	13	1	207	1552	1339	6.87e-49	195
8cb00ad1-d0c9-4bdb-8266-2d7d01cb4eb0	gb:HM370976|Organism:Influenza	96.552	203	4	3	1	201	1339	1540	1.40e-90	333
887ae98f-dbf5-42f2-b6e9-e9d905b45d12	gb:HM370976|Organism:Influenza	94.860	214	8	3	1	211	1339	1552	5.13e-90	331
c8486877-6aa8-40ee-8828-301c6d29cc44	gb:HM370976|Organism:Influenza	94.884	215	9	2	1	214	1552	1339	4.03e-91	335
d1af30c4-f62c-4c9a-a6a9-45cd1abb8346	gb:HM370976|Organism:Influenza	94.714	227	6	4	10	235	1560	1339	5.75e-95	348
4f56645b-f9b5-4c06-894f-72762baafff4	gb:HM370976|Organism:Influenza	98.131	214	3	1	1	213	1339	1552	3.05e-102	372
4674987c-bfe5-4701-9600-cd97eb2c3b49	gb:HM370976|Organism:Influenza	92.558	215	8	5	1	208	1552	1339	3.96e-81	302
892a5754-c71c-42e7-95fb-9bf1b6e55c78	gb:HM370976|Organism:Influenza	97.674	215	4	1	1	215	1339	1552	3.99e-101	368
9c6a64e7-7c52-4df3-a789-ddb859fc8c03	gb:HM370976|Organism:Influenza	97.209	215	4	2	1	214	1552	1339	1.85e-99	363
b6cdff9b-4a89-4beb-8430-14810136a5c3	gb:HM370976|Organism:Influenza	92.627	217	11	5	1	215	1552	1339	8.83e-83	307
b60341ca-60c0-4129-87c3-6e208825007b	gb:HM370976|Organism:Influenza	93.182	220	8	5	8	226	1333	1546	1.61e-85	316
182d7f73-0493-4a97-b87a-37cc2d4f4a94	gb:HM370976|Organism:Influenza	94.907	216	4	6	1	211	1552	1339	5.13e-90	331
5ae3df27-8b3a-4dc0-80ad-973ca97d9b39	gb:HM370976|Organism:Influenza	95.455	198	5	4	1	194	1339	1536	1.80e-84	313
35c676f5-fbdd-4225-9af1-5c2ed626a4b2	gb:HM370976|Organism:Influenza	98.598	214	3	0	1	214	1339	1552	1.84e-104	379
f982b4b8-b1d6-415e-aaa3-04af2feb9ad0	gb:HM370976|Organism:Influenza	97.209	215	4	2	1	214	1552	1339	1.85e-99	363
e2d66dc7-9f65-40f7-a695-216a0a3c850a	gb:HM370976|Organism:Influenza	91.163	215	10	8	1	207	1552	1339	1.43e-75	283
c80a82dc-effe-4781-bb0c-76db7a735700	gb:HM370976|Organism:Influenza	90.367	218	7	9	1	209	1340	1552	8.67e-73	274
56bbb1e2-d370-40fb-bc38-dc53e6b62fcc	gb:HM370976|Organism:Influenza	97.209	215	5	1	1	215	1552	1339	1.86e-99	363
70abf909-3bcd-40bc-bcc8-bb12d7d7480a	gb:HM370976|Organism:Influenza	98.131	214	2	2	1	212	1552	1339	3.04e-102	372
9d6750e8-4674-48fe-9d17-c26701d201b7	gb:HM370976|Organism:Influenza	96.729	214	4	2	1	211	1339	1552	1.09e-96	353
73de5411-23c7-4b38-b34f-ead9909b1364	gb:HM370976|Organism:Influenza	93.925	214	6	7	1	208	1339	1551	1.41e-85	316
608aef6e-6b4e-4f44-88f0-e0c5f09e22a5	gb:HM370976|Organism:Influenza	92.593	216	12	3	1	214	1552	1339	8.78e-83	307
2cda390a-1c3a-4939-8bd4-76c269bdcf59	gb:HM370976|Organism:Influenza	90.367	218	11	10	1	212	1552	1339	6.81e-74	278
00e66de3-c2bd-4df2-a93b-b44633f5d555	gb:HM370976|Organism:Influenza	97.209	215	4	2	1	214	1552	1339	1.85e-99	363
d1d3615d-ee31-4979-9eab-d837f32a808d	gb:HM370976|Organism:Influenza	97.196	214	5	1	1	213	1552	1339	6.61e-99	361
8df4e70c-d61d-4f29-9ddd-92a0d79989cd	gb:HM370976|Organism:Influenza	96.729	214	5	1	1	212	1339	1552	3.06e-97	355
098ec055-ab18-41e5-a253-b35ebc3b7715	gb:JN706701|Organism:Influenza	86.916	214	17	11	112	318	1548	1339	3.03e-59	230
f320e163-6b91-40eb-b871-f3372a5e6d11	gb:HM370976|Organism:Influenza	92.857	224	6	5	1	216	1339	1560	2.03e-85	316
5cc00216-c6e0-4178-bd2a-dc553d779933	gb:HM370976|Organism:Influenza	91.630	227	6	11	95	312	1561	1339	6.18e-81	302
832c4ac4-4ab1-4498-938a-8438d81b8425	gb:HM370976|Organism:Influenza	96.818	220	4	1	9	225	1333	1552	5.44e-100	364
21f72bcd-91ce-43d5-8af8-c6f5c8726586	gb:HM370976|Organism:Influenza	94.366	213	9	2	1	210	1552	1340	8.81e-88	324
086afd89-bc8b-4367-912b-c4eb6138f397	gb:HM370976|Organism:Influenza	94.419	215	5	6	1	209	1339	1552	8.49e-88	324
40ccf52b-4049-4e77-8441-af4915430904	gb:HM370976|Organism:Influenza	88.688	221	17	5	1	214	1552	1333	2.00e-69	263
08c3860b-b778-4cc9-8576-0b071939e2a2	gb:HM370976|Organism:Influenza	92.523	214	10	3	1	208	1552	1339	3.96e-81	302
944dada6-e4dc-4110-b4c1-fb16c44af29c	gb:HM370976|Organism:Influenza	90.583	223	14	6	8	226	1333	1552	3.38e-77	289
99e3fbe4-922b-4cb0-aa41-61a15d302a4c	gb:HM370976|Organism:Influenza	95.305	213	8	2	16	226	1340	1552	1.19e-91	337
587b5cb3-3efa-421e-9330-c4b913e74bb0	gb:HM370976|Organism:Influenza	95.614	228	6	4	1	225	1339	1565	1.96e-99	363
29eba255-c57d-4304-ad77-bdd04476a6f0	gb:HM370976|Organism:Influenza	93.981	216	8	5	1	213	1552	1339	3.12e-87	322
189533e8-76a6-4d56-97fe-bc315d197d30	gb:HM370976|Organism:Influenza	98.122	213	3	1	1	212	1339	1551	1.09e-101	370
6e038c6f-40e9-470b-a29d-460cd499bd58	gb:HM370976|Organism:Influenza	97.664	214	4	1	1	213	1552	1339	1.42e-100	366
3fde9c3a-af42-4cad-a476-ad8850b63a5a	gb:HM370976|Organism:Influenza	97.222	216	4	1	1	216	1339	1552	5.19e-100	364
65ec8c01-06f4-42d3-bf80-d96e5ab4c69b	gb:HM370976|Organism:Influenza	92.694	219	8	7	6	216	1560	1342	2.55e-83	309
0eb97358-b805-4680-a207-798bcf6a857a	gb:HM370976|Organism:Influenza	97.209	215	3	3	1	213	1552	1339	6.61e-99	361
6fa85079-c322-4fc8-9083-6256325c99eb	gb:HM370976|Organism:Influenza	97.196	214	4	2	1	212	1339	1552	6.58e-99	361
5ac7fc9b-ddf4-4b5e-b443-25839844c99c	gb:HM370976|Organism:Influenza	92.661	218	9	7	1	215	1552	1339	8.83e-83	307
65d75cb1-157d-4d25-b19f-bbe8f5970a68	gb:HM370976|Organism:Influenza	94.545	220	5	4	1	219	1339	1552	1.49e-90	333
82ba0e37-c3bf-4a4e-9ae9-a9f05131f2f6	gb:HM370976|Organism:Influenza	98.131	214	3	1	1	213	1339	1552	3.05e-102	372
fdaf4120-6563-4673-ad84-5a8416fb499f	gb:HM370976|Organism:Influenza	91.244	217	13	6	1	214	1552	1339	8.85e-78	291
34f6d4a0-2475-495e-9270-9128a38553fa	gb:KX232486|Organism:Influenza	94.536	183	3	6	1	176	1294	1476	2.54e-73	276
6717b1c0-fc66-4315-a1cb-5969b04e9b38	gb:HM370976|Organism:Influenza	98.131	214	3	1	1	213	1552	1339	3.05e-102	372
cdab6f2a-0244-47fe-a5b5-2c81586cfa0c	gb:HM370976|Organism:Influenza	98.131	214	4	0	1	214	1339	1552	8.54e-103	374
5d4dcb69-771f-4ccd-919e-e9cb55c9d73f	gb:HM370976|Organism:Influenza	92.558	215	8	8	1	208	1552	1339	3.96e-81	302
c7aece43-932b-4b2f-9e06-fb0bece0244c	gb:HM370976|Organism:Influenza	93.868	212	6	6	15	220	1340	1550	1.97e-84	313
44eb62a2-b602-44d8-b7c3-3e4ee29b8171	gb:HM370976|Organism:Influenza	97.222	216	4	1	1	216	1552	1339	5.19e-100	364
a968c89a-3652-4536-8ec3-09cb63971c72	gb:HM370976|Organism:Influenza	97.309	223	4	2	105	326	1560	1339	1.05e-103	377
3091c81d-5f3b-47ae-910a-46f79dd2970c	gb:HM370976|Organism:Influenza	94.667	225	7	4	9	230	1561	1339	7.26e-94	344
424caa56-cb2f-4d08-a34c-c43d46991d0d	gb:HM370976|Organism:Influenza	95.327	214	7	3	1	211	1552	1339	1.10e-91	337
d32ce78f-735b-46c8-8c39-60bd9c2a543f	gb:HM370976|Organism:Influenza	97.209	215	4	2	1	214	1552	1339	1.85e-99	363
d30a1f9b-4242-4e99-afbb-e6db93ab8de0	gb:HM370976|Organism:Influenza	94.146	205	7	5	5	205	1548	1345	8.55e-83	307
368871e1-a107-4fdc-9b5e-594311ec37c8	gb:HM370976|Organism:Influenza	94.737	228	3	7	1	225	1339	1560	2.00e-94	346
24f38259-5043-4677-b019-1da7ddc11cc7	gb:HM370976|Organism:Influenza	95.327	214	6	3	1	210	1552	1339	1.10e-91	337
85f492f6-67a8-48a7-aa74-86e1fef721cf	gb:HM370976|Organism:Influenza	86.161	224	11	11	1	214	1552	1339	9.10e-58	224
098c4235-3978-424c-a027-f7a57c3c9bda	gb:HM370976|Organism:Influenza	96.279	215	4	4	1	212	1552	1339	1.42e-95	350
89de0312-fb95-4abe-b7ec-f30fb5b6c26b	gb:HM370976|Organism:Influenza	96.262	214	5	1	1	211	1552	1339	5.09e-95	348
a5b83a55-4465-4ccb-997a-1bc272645de0	gb:HM370976|Organism:Influenza	91.667	216	10	6	1	210	1552	1339	2.41e-78	292
b5b80ff9-c0a0-4f6f-ad59-967e76df2f4b	gb:HM370976|Organism:Influenza	96.226	212	5	3	5	215	1548	1339	6.73e-94	344
9505ee3e-8fd0-4fd2-a945-e37d257a0415	gb:HM370976|Organism:Influenza	91.589	214	9	5	1	205	1552	1339	1.09e-76	287
60bff8cd-8dd2-4dd3-b51e-8802b3ba7055	gb:HM370976|Organism:Influenza	92.130	216	11	6	1	212	1552	1339	1.45e-80	300
11ae1f71-1f4a-43cf-b895-f3cc52782766	gb:HM370976|Organism:Influenza	98.206	223	3	1	1	223	1339	1560	3.29e-107	388
9c0fbef2-cc15-494b-af73-6e3471bca660	gb:HM370976|Organism:Influenza	91.071	224	9	7	1	223	1552	1339	2.58e-78	292
c7825cad-8a63-4881-a4d3-8c55a49a3baa	gb:HM370976|Organism:Influenza	96.190	210	5	2	5	211	1548	1339	8.52e-93	340
af1d5f57-7bb6-4020-8f78-84398b50aa6f	gb:HM370976|Organism:Influenza	94.836	213	7	4	16	224	1340	1552	1.97e-89	329
78dc9fde-198a-4cdc-930b-b47e7f4d343a	gb:HM370976|Organism:Influenza	94.393	214	10	2	2	214	1551	1339	6.74e-89	327
e2444986-c305-4e12-a4f7-4370974a4f53	gb:HM370976|Organism:Influenza	96.774	217	4	2	1	217	1552	1339	2.43e-98	359
48c93579-d8d7-4e25-9378-57d5e85c6cf8	gb:HM370976|Organism:Influenza	94.860	214	6	5	1	209	1339	1552	1.82e-89	329
664f56f8-878c-46bc-ba60-fa4df743d76d	gb:HM370976|Organism:Influenza	97.619	210	3	2	5	212	1548	1339	2.37e-98	359
c44e87b1-27de-4091-8247-2ec46c46374b	gb:HM370976|Organism:Influenza	98.598	214	3	0	1	214	1339	1552	1.84e-104	379
9c5e56f9-6600-49bb-aef6-5ef28e5c9ffa	gb:HM370976|Organism:Influenza	95.370	216	7	3	1	215	1552	1339	8.71e-93	340
acd48eb6-7fba-4cf8-9825-2b94fe71b319	gb:HM370976|Organism:Influenza	95.455	220	8	2	10	228	1333	1551	1.55e-95	350
b7e820e9-d4dd-4046-8175-73d4642a3a18	gb:HM370976|Organism:Influenza	96.729	214	2	4	1	209	1339	1552	3.89e-96	351
10da6304-dabd-4031-81ee-e8e1feb5350c	gb:HM370976|Organism:Influenza	94.884	215	8	2	1	212	1339	1553	1.43e-90	333
8576c293-5874-4939-8dbb-e7938d707a95	gb:HM370976|Organism:Influenza	95.909	220	7	2	8	225	1333	1552	3.27e-97	355
6f7cd761-ce01-4d73-a3a5-1630e603065b	gb:MH546988|Organism:Influenza	86.792	212	8	10	1	195	1327	1535	4.26e-56	219
66d12bc8-5716-48aa-ad75-561a062ade21	gb:JN683638|Organism:Influenza	94.393	214	6	5	1	209	1552	1340	8.49e-88	324
7b9f620e-3a4f-4692-8b4e-f8d22633dde6	gb:HM370976|Organism:Influenza	89.952	209	8	9	6	201	1343	1551	8.35e-68	257
ba5a9cb1-f038-445a-9c62-51e697bcf21c	gb:HM370976|Organism:Influenza	95.349	215	6	3	1	212	1552	1339	3.08e-92	339
035142f3-c1ee-46d2-8de6-264ced1d1aef	gb:HM370976|Organism:Influenza	95.814	215	2	5	1	209	1552	1339	8.43e-93	340
22dce2dc-3b2e-49ba-8f5f-28916f8116d7	gb:HM370976|Organism:Influenza	86.449	214	15	9	8	215	1347	1552	3.29e-57	222
9cc4d64a-980d-4885-a049-e07fcd86eb2c	gb:HM370976|Organism:Influenza	95.794	214	4	5	1	209	1339	1552	8.43e-93	340
ee17930c-2db5-45db-bb61-8fa7dc1f73fa	gb:HM370976|Organism:Influenza	94.196	224	7	6	3	222	1560	1339	1.17e-91	337
dab9943d-e6ac-4b24-b0a0-1eef65ae7d5d	gb:HM370976|Organism:Influenza	93.953	215	9	4	1	212	1552	1339	3.10e-87	322
4e8dd597-28ef-492f-a380-946f81043a19	gb:HM370976|Organism:Influenza	91.589	214	9	9	5	213	1548	1339	1.14e-76	287
a0c64649-b43a-4e41-aed5-de306db1d364	gb:HM370976|Organism:Influenza	97.738	221	3	2	1	220	1339	1558	2.56e-104	379
739f011d-55d0-40a2-943e-96c5720a4780	gb:HM370976|Organism:Influenza	95.814	215	5	3	1	212	1552	1339	6.62e-94	344
52801629-e80f-4f78-8dcc-6859026d10fe	gb:HM370976|Organism:Influenza	95.964	223	4	5	1	219	1339	1560	9.14e-98	357
f4a6cc21-1497-44ae-a9cb-b1570444aad2	gb:HM370976|Organism:Influenza	91.244	217	13	6	1	214	1552	1339	8.85e-78	291
104e7209-20fa-442c-b95a-1fd56066ffc5	gb:HM370976|Organism:Influenza	93.088	217	6	7	1	212	1339	1551	2.42e-83	309
afe6b4c0-9452-4f1c-863e-d4d823d3c6f9	gb:HM370976|Organism:Influenza	95.283	212	5	3	1	207	1339	1550	5.07e-90	331
0336e3fe-2327-4d4d-ac99-e5dbb5670580	gb:HM370976|Organism:Influenza	98.598	214	3	0	1	214	1339	1552	1.84e-104	379
e9f07240-84d5-4de1-94b1-e468932dbf1a	gb:HM370976|Organism:Influenza	94.619	223	9	2	4	223	1561	1339	2.52e-93	342
c81bd6cc-a743-4a71-bffb-9f1ac900e317	gb:HM370976|Organism:Influenza	92.308	221	5	9	1	216	1552	1339	1.15e-81	303
ccb8d876-a8f8-4de4-b49c-de262f5e82b6	gb:HM370976|Organism:Influenza	94.570	221	5	4	12	230	1337	1552	4.37e-91	335
8cc7990a-93da-4f24-aa28-d030d240877d	gb:HM370976|Organism:Influenza	95.853	217	5	2	1	216	1339	1552	5.23e-95	348
1a6fd211-4dae-4acc-b111-3f39394a1a00	gb:HM370976|Organism:Influenza	97.196	214	5	1	1	213	1339	1552	6.61e-99	361
e7903604-5bf8-4fdb-99c1-399fdce5c84a	gb:KP415188|Organism:Influenza	83.735	166	19	7	14	174	1497	1335	1.55e-35	150
947f129b-668f-464c-a3aa-9c44e083c894	gb:HM370976|Organism:Influenza	97.664	214	4	1	1	213	1339	1552	1.42e-100	366
f570785b-3bec-4c57-a0af-55b322fc0261	gb:HM370976|Organism:Influenza	98.598	214	3	0	1	214	1552	1339	1.84e-104	379
859b4d3a-553e-4b06-a935-f5df2a59984d	gb:HM370976|Organism:Influenza	96.262	214	7	1	1	213	1552	1339	1.43e-95	350
7f4b043d-44a3-449a-a3fb-77b3022b0634	gb:HM370976|Organism:Influenza	94.652	187	3	3	178	357	1525	1339	2.59e-75	283
4944fa5a-1016-4a5b-96e3-ad7737c89005	gb:HM370976|Organism:Influenza	96.729	214	6	1	1	213	1339	1552	3.08e-97	355
304b06b6-6c17-4d58-b6a1-332a4bc5168f	gb:HM370976|Organism:Influenza	92.342	222	13	4	1	220	1552	1333	2.01e-84	313
a344ec45-bbc4-4100-b321-99c43098d820	gb:HM370976|Organism:Influenza	95.192	208	7	3	124	329	1545	1339	3.88e-88	326
cec628a9-45cc-4bb3-9dce-942c2185bd0f	gb:HM370976|Organism:Influenza	93.488	215	10	3	1	212	1552	1339	1.44e-85	316
9b050276-1791-47ae-9284-2a8191eb620c	gb:HM370976|Organism:Influenza	96.744	215	4	3	1	213	1552	1339	3.08e-97	355
2cbadc8d-7b8d-4732-8918-222195d6fab5	gb:HM370976|Organism:Influenza	96.262	214	5	2	1	211	1552	1339	5.09e-95	348
a14703fa-226c-4235-80f6-b0848720dd54	gb:HM370976|Organism:Influenza	97.664	214	3	2	1	212	1339	1552	1.41e-100	366
04cd3f53-9c8f-4672-a190-def32972c350	gb:HM370976|Organism:Influenza	95.853	217	6	3	1	217	1339	1552	5.26e-95	348
de754085-017e-4d18-9235-7bfd23be8325	gb:HM370976|Organism:Influenza	91.667	216	9	9	1	209	1339	1552	8.61e-78	291
c824efbe-c77d-43a9-bb07-31f9f097c0c8	gb:HM370976|Organism:Influenza	94.931	217	4	6	1	213	1552	1339	1.44e-90	333
3bb09d42-5e59-4a49-92b0-19ee51e0cffd	gb:HM370976|Organism:Influenza	94.884	215	4	7	14	223	1340	1552	1.96e-89	329
6faec3c5-b9e2-49ca-be22-853e5f204c33	gb:MH546988|Organism:Influenza	91.667	216	9	7	1	209	1327	1540	8.61e-78	291
f7acdfc9-20ad-4545-989c-155576ecdf3f	gb:HM370976|Organism:Influenza	97.664	214	5	0	1	214	1339	1552	3.97e-101	368
5e153c8e-34e3-46c3-8849-817fe74b9720	gb:HM370976|Organism:Influenza	92.093	215	8	5	1	207	1552	1339	6.58e-79	294
0160f746-b57c-4c33-90a6-6f5c332c9d4a	gb:HM370976|Organism:Influenza	98.592	213	3	0	1	213	1339	1551	6.57e-104	377
962385b9-75c1-4e97-8ac9-a28e479b8f4c	gb:HM370976|Organism:Influenza	92.593	216	5	8	1	207	1339	1552	1.42e-80	300
6b0e31b5-d619-4e59-bcdd-59b9455d1d44	gb:HM370976|Organism:Influenza	95.327	214	6	4	1	210	1552	1339	1.10e-91	337
f681fbdf-9b7f-4b15-b5d1-62df846139a8	gb:HM370976|Organism:Influenza	94.660	206	5	6	6	206	1343	1547	5.14e-85	315
942da671-6e63-40ff-8fe1-08e39e27943f	gb:HM370976|Organism:Influenza	95.413	218	4	3	1	216	1339	1552	2.43e-93	342
cb735d6b-fa46-4206-b260-9f996d9b740e	gb:HM370976|Organism:Influenza	97.156	211	5	1	3	212	1550	1340	3.06e-97	355
aed7b53a-84c5-490f-8fe8-d69b6ea5b33b	gb:HM370976|Organism:Influenza	95.833	216	7	2	1	216	1339	1552	5.23e-95	348
cf3773d0-93e4-46c4-8f1a-76336208c61c	gb:HM370976|Organism:Influenza	96.744	215	5	2	1	214	1339	1552	8.60e-98	357
dae39028-7dd5-4ad1-8200-24620c052212	gb:HM370976|Organism:Influenza	94.884	215	5	4	1	210	1552	1339	5.10e-90	331
396baed3-fd4d-49a8-b99a-52e8aa546222	gb:HM370976|Organism:Influenza	96.744	215	6	1	1	215	1552	1339	8.64e-98	357
d734f3e7-9b4d-4132-a22c-eb687f477103	gb:HM370976|Organism:Influenza	92.593	216	12	4	1	214	1552	1339	8.78e-83	307
9bbf151c-6bf7-43d5-b1c4-984090ec58c3	gb:HM370976|Organism:Influenza	96.244	213	5	3	1	210	1552	1340	1.82e-94	346
ba8074b3-7d0e-4d03-b29c-4fefa792848d	gb:HM370976|Organism:Influenza	96.244	213	4	4	1	210	1339	1550	1.83e-94	346
06df5674-6266-4ae7-91bc-e1218b3e2d4e	gb:KM244077|Organism:Influenza	89.604	202	10	9	1	194	1294	1492	2.00e-64	246
45076f69-a9c3-49d5-9296-10086f92fe89	gb:HM370976|Organism:Influenza	96.759	216	3	4	1	214	1552	1339	8.60e-98	357
18d15a2f-126c-4f5b-a768-ae9179047a4d	gb:HM370976|Organism:Influenza	94.419	215	8	4	1	212	1552	1339	6.67e-89	327
ed967ec5-2b0c-4dbb-9433-1326c0b2d486	gb:HM370976|Organism:Influenza	96.053	228	5	3	1	225	1565	1339	4.20e-101	368
99c16c85-778c-40db-a8c7-3f5a9ea3b537	gb:HM370976|Organism:Influenza	95.794	214	7	1	1	212	1552	1339	6.62e-94	344
f5738b01-50c0-4715-8c12-47c7bf660c5f	gb:JN706701|Organism:Influenza	91.705	217	9	6	1	212	1339	1551	2.43e-78	292
7ff45ea6-7f62-4746-bf56-1edcdb492399	gb:HM370976|Organism:Influenza	93.578	218	8	6	1	216	1552	1339	1.14e-86	320
fe34e399-6838-430e-836a-9ed73992b22a	gb:HM370976|Organism:Influenza	97.664	214	3	1	1	212	1339	1552	1.41e-100	366
0c11cf98-5be4-464c-9c45-17feed4bf489	gb:HM370976|Organism:Influenza	90.000	220	10	9	1	214	1552	1339	8.91e-73	274
d025c318-209e-4ed9-a1a4-18c327f69010	gb:HM370976|Organism:Influenza	95.794	214	5	3	1	210	1552	1339	2.36e-93	342
9aa4067d-6701-4149-9955-565b72abc0de	gb:HM370976|Organism:Influenza	95.349	215	5	5	1	211	1552	1339	1.10e-91	337
adae24b6-937d-4091-9e69-dea30c27f69b	gb:HM370976|Organism:Influenza	93.519	216	8	5	1	212	1552	1339	1.44e-85	316
076a9565-597d-47b2-afbb-84883cc3fe09	gb:KX232486|Organism:Influenza	93.171	205	6	8	14	214	1492	1292	7.31e-79	294
d68139d5-753f-4029-bb5d-7c5970f310dc	gb:JN706701|Organism:Influenza	88.940	217	14	7	1	210	1552	1339	2.44e-68	259
f5aa10b2-3093-48ac-ae36-dc088870455e	gb:HM370976|Organism:Influenza	98.598	214	3	0	1	214	1552	1339	1.84e-104	379
bb1d7ace-54a7-49b5-abba-64cd661c0d2c	gb:HM370976|Organism:Influenza	97.209	215	4	2	1	214	1339	1552	1.85e-99	363
20674bb0-8f60-42a3-be06-b923f4e59b22	gb:HM370976|Organism:Influenza	97.664	214	4	1	1	213	1552	1339	1.42e-100	366
72a62dfb-d503-4c53-87eb-91fbaf5ee2e5	gb:HM370976|Organism:Influenza	83.562	219	14	16	1	202	1552	1339	4.02e-46	185
95f06b8b-9332-4b53-b12d-48a60fd8c852	gb:HM370976|Organism:Influenza	87.273	220	16	7	1	214	1552	1339	9.04e-63	241
cf3eab09-daf3-49af-9ff1-f23996055ef3	gb:HM370976|Organism:Influenza	94.977	219	4	3	1	216	1339	1553	1.13e-91	337
2644b4ed-db61-4fa7-ad5b-fc3c075c8051	gb:HM370976|Organism:Influenza	96.744	215	6	1	1	215	1339	1552	8.64e-98	357
b1ab53b9-eae4-4f89-825d-bb025d8350a5	gb:HM370976|Organism:Influenza	96.729	214	6	1	1	213	1552	1339	3.08e-97	355
608a1f32-14ac-49b1-a49f-acac7fa0e8d1	gb:HM370976|Organism:Influenza	90.278	216	9	6	1	206	1339	1552	3.07e-72	272
0acece35-f436-4da7-89ee-621242a40726	gb:HM370976|Organism:Influenza	97.196	214	3	2	1	211	1339	1552	2.35e-98	359
aa1fe059-805f-44ae-9156-2946b625a9e1	gb:HM370976|Organism:Influenza	97.196	214	4	2	1	212	1552	1339	6.58e-99	361
432bac1b-b852-4606-b128-2fb775e3f0ce	gb:HM370976|Organism:Influenza	95.872	218	4	3	1	217	1339	1552	5.26e-95	348
cf33373f-c479-4151-ae57-02648a653b63	gb:HM370976|Organism:Influenza	96.861	223	4	3	1	222	1339	1559	1.20e-101	370
4eac8996-7e50-457b-8787-d34f741e8b85	gb:HM370976|Organism:Influenza	97.664	214	5	0	1	214	1552	1339	3.97e-101	368
881b5c74-aae6-4fd3-b03d-6b827deb225f	gb:HM370976|Organism:Influenza	94.009	217	6	6	1	213	1552	1339	3.12e-87	322
226db2b0-ca79-471d-8638-b6ed6c7459cb	gb:HM370976|Organism:Influenza	94.667	225	9	3	3	227	1560	1339	1.99e-94	346
0ebab981-97e8-4128-bb92-ff9f33dc0882	gb:HM370976|Organism:Influenza	97.664	214	4	1	1	213	1552	1339	1.42e-100	366
6b73cfc1-0297-45c1-86e3-a74f783e589e	gb:HM370976|Organism:Influenza	97.525	202	4	1	1	201	1339	1540	7.05e-94	344
7d8f41c1-b93a-44c6-8768-3578e0ca4da9	gb:HM370976|Organism:Influenza	95.349	215	3	6	1	209	1339	1552	3.92e-91	335
ac0ea55b-49b4-40a4-9c81-a94bc713b8d6	gb:HM370976|Organism:Influenza	95.392	217	6	4	1	216	1552	1339	2.43e-93	342
99c77e64-d995-417e-896f-0be0c101e4d1	gb:HM370976|Organism:Influenza	95.434	219	4	3	1	218	1552	1339	6.84e-94	344
b23bcaf8-30c3-4ad8-a9d6-d96c97d607d4	gb:HM370976|Organism:Influenza	88.263	213	14	10	1	209	1552	1347	6.98e-64	244
fe617c21-75ea-417d-9151-746ded1905c7	gb:HM370976|Organism:Influenza	95.833	216	5	3	1	214	1552	1339	1.86e-94	346
ddce4553-8f24-4367-8a14-f095eb429567	gb:HM370976|Organism:Influenza	98.515	202	3	0	1	202	1339	1540	8.37e-98	357
2c4db1ec-9394-4a30-b714-993cd8b760b9	gb:HM370976|Organism:Influenza	98.131	214	3	1	1	213	1339	1552	3.05e-102	372
3a9c0620-6e3e-46a1-8bd0-61987582c6a1	gb:HM370976|Organism:Influenza	97.209	215	5	1	1	215	1552	1339	1.86e-99	363
f3e21a14-b7ee-48f8-8b9f-e45bbfa9e577	gb:HM370976|Organism:Influenza	97.685	216	3	1	1	216	1339	1552	1.12e-101	370
a7b3f4e7-4975-4c5f-a084-72b6988be11f	gb:HM370976|Organism:Influenza	94.419	215	6	4	1	210	1552	1339	2.37e-88	326
b01f37a2-07ee-4273-bac9-dd0945e56701	gb:HM370976|Organism:Influenza	97.664	214	4	1	1	213	1339	1552	1.42e-100	366
3602aa75-03c1-47d1-a9c7-bcbd90a52a41	gb:HM370976|Organism:Influenza	94.495	218	6	5	1	216	1339	1552	5.27e-90	331
929beb6f-4738-4a46-9cc5-42f2317169f7	gb:HM370976|Organism:Influenza	95.349	215	8	2	1	214	1339	1552	8.66e-93	340
a4f5b262-c7fe-4304-8b10-81cbcc2aa60b	gb:HM370976|Organism:Influenza	95.370	216	5	5	1	213	1552	1339	3.10e-92	339
05934a46-2b45-432f-9652-e659116c6bee	gb:HM370976|Organism:Influenza	87.838	222	12	8	1	215	1552	1339	1.95e-64	246
389e6dd4-eb26-4aed-85f0-2102cb543def	gb:HM370976|Organism:Influenza	97.196	214	5	1	1	213	1339	1552	6.61e-99	361
eb09e2c9-ff1b-4c2c-ac17-363ba48c65dd	gb:HM370976|Organism:Influenza	96.262	214	7	1	1	213	1552	1339	1.43e-95	350
7e781919-bf30-4b71-8337-90b51e3342c9	gb:HM370976|Organism:Influenza	95.327	214	6	3	1	210	1552	1339	1.10e-91	337
cfd1ee8e-44ee-467c-8762-bca40cb34401	gb:HM370976|Organism:Influenza	88.479	217	17	7	1	212	1552	1339	3.19e-67	255
3caaa97f-5655-4873-af81-3c4d7c6ae3cf	gb:HM370976|Organism:Influenza	95.305	213	4	2	1	207	1339	1551	1.40e-90	333
c0c68a0c-9686-4227-b4f8-f6cccdf79ba2	gb:HM370976|Organism:Influenza	97.664	214	3	2	1	212	1339	1552	1.41e-100	366
ab5d4d65-249c-4625-8f4f-56739770c657	gb:HM370976|Organism:Influenza	97.273	220	5	1	8	226	1333	1552	3.27e-102	372
e362d0c6-ed70-426c-8283-4180407fefa6	gb:HM370976|Organism:Influenza	98.131	214	3	1	1	213	1339	1552	3.05e-102	372
ca9c97b5-6e80-49b8-8cdf-a8faeedb4a21	gb:HM370976|Organism:Influenza	95.392	217	5	5	1	215	1552	1339	8.71e-93	340
455448b3-7232-4ab2-8a95-0989ea6f7838	gb:MH546988|Organism:Influenza	90.950	221	10	6	1	218	1540	1327	3.25e-77	289
f1b78edb-7f57-4391-a9be-a6ecf35fff6f	gb:HM370976|Organism:Influenza	92.478	226	3	8	6	220	1561	1339	7.01e-84	311
11e48d04-86f8-4382-a14b-e065e7928ece	gb:HM370976|Organism:Influenza	94.884	215	8	3	1	213	1552	1339	1.44e-90	333
e602d350-31f4-4839-b778-523af488e4b4	gb:HM370976|Organism:Influenza	94.619	223	7	4	8	226	1560	1339	9.21e-93	340
e7645c72-3c3c-4f27-95e1-08a26b5c11dd	gb:HM370976|Organism:Influenza	85.586	222	17	14	1	215	1339	1552	4.26e-56	219
cfdf67cf-a3e7-46cc-9ca7-c8816cf0da3e	gb:HM370976|Organism:Influenza	92.694	219	8	5	17	233	1340	1552	2.69e-83	309
f2899500-e8c5-4b0f-99f5-e6f67ffb256a	gb:HM370976|Organism:Influenza	93.953	215	11	2	1	214	1552	1339	8.72e-88	324
7e775fc6-4176-44d6-9fd8-4c3748364cec	gb:HM370976|Organism:Influenza	95.853	217	4	4	1	215	1339	1552	1.87e-94	346
2ac1679a-7efc-4a60-8b7a-7c9f9ca2ab09	gb:HM370976|Organism:Influenza	93.488	215	4	8	1	206	1339	1552	6.50e-84	311
de0dbcb6-39b9-465b-b16e-7276c182e6fc	gb:HM370976|Organism:Influenza	97.664	214	3	2	1	212	1339	1552	1.41e-100	366
cc5abea4-5ba2-4f91-9a35-f989cd97575d	gb:HM370976|Organism:Influenza	95.775	213	6	3	4	215	1341	1551	8.75e-93	340
3805cd78-669c-4fb3-9fe6-3f000c4dc1af	gb:HM370976|Organism:Influenza	92.991	214	10	4	1	209	1552	1339	8.55e-83	307
2a62b151-0ec2-46c5-bc58-28c76650ae73	gb:HM370976|Organism:Influenza	93.333	210	8	4	1	205	1339	1547	3.06e-82	305
43b47f85-03fd-4c14-b591-9b9743a86a95	gb:HM370976|Organism:Influenza	98.131	214	4	0	1	214	1552	1339	8.54e-103	374
63b19364-297e-40c6-91b1-bed2246657a6	gb:HM370976|Organism:Influenza	94.037	218	6	6	1	215	1552	1339	8.77e-88	324
3fee2b4a-c738-4a75-8368-eca664b92199	gb:HM370976|Organism:Influenza	96.279	215	6	2	1	214	1339	1552	4.00e-96	351
d64ed460-70a0-4d3c-bd5e-2f2be8b85ff2	gb:HM370976|Organism:Influenza	94.419	215	5	6	1	209	1339	1552	8.49e-88	324
5ee29be8-4778-45f2-b450-69549271556f	gb:HM370976|Organism:Influenza	94.037	218	7	6	1	216	1339	1552	2.45e-88	326
d5f29894-9cbe-4cd4-b208-a61db178a38e	gb:HM370976|Organism:Influenza	95.853	217	6	2	1	217	1552	1339	5.26e-95	348
ff5f3ccc-6eed-4873-b473-50781d6f2e84	gb:HM370976|Organism:Influenza	95.161	186	5	3	100	282	1523	1339	1.20e-77	291
97cee309-e6fc-42bd-9e0b-a6e54b1a3d33	gb:HM370976|Organism:Influenza	92.093	215	9	5	1	209	1339	1551	1.85e-79	296
d4423869-f4f7-4871-ad98-2bdae3dd5289	gb:HM370976|Organism:Influenza	93.506	231	6	5	98	324	1564	1339	6.35e-91	335
6e4edf2e-e827-4277-a10a-ace355388392	gb:HM370976|Organism:Influenza	90.654	214	10	8	1	204	1339	1552	2.35e-73	276
983bb5e9-f650-4577-b648-24deaccfb50b	gb:HM370976|Organism:Influenza	94.521	219	5	5	1	217	1339	1552	5.29e-90	331
609c2ff6-dd12-4bb3-91ad-60285e99fb50	gb:HM370976|Organism:Influenza	97.797	227	5	0	1	227	1339	1565	2.52e-108	392
fe96e3cf-9bbc-45a1-8f47-3abe589d095b	gb:HM370976|Organism:Influenza	90.308	227	11	9	1	222	1552	1332	1.19e-76	287
43966ad2-fd10-42e0-89d5-5daaad69d870	gb:HM370976|Organism:Influenza	93.488	215	8	5	1	210	1552	1339	5.14e-85	315
4ae32543-31a0-423a-afd0-94cc42d742ed	gb:HM370976|Organism:Influenza	88.584	219	17	8	1	216	1552	1339	2.52e-68	259
6fd76ea1-c01b-42b1-9113-922ea8ce7e29	gb:HM370976|Organism:Influenza	97.222	216	4	1	1	216	1339	1552	5.19e-100	364
5578c388-1ccb-4b15-a602-4ce33bbe092e	gb:HM370976|Organism:Influenza	92.523	214	8	8	1	206	1339	1552	1.41e-80	300
e701d5a4-eb67-46e5-9e87-6a15726cbaf0	gb:HM370976|Organism:Influenza	95.794	214	5	3	1	210	1339	1552	2.36e-93	342
91ad6e1b-24c5-49e4-9b15-8ad73dc24a18	gb:HM370976|Organism:Influenza	98.598	214	3	0	1	214	1339	1552	1.84e-104	379
db734882-923a-43da-86b5-494f3c63a6cb	gb:MH546988|Organism:Influenza	90.187	214	12	7	15	220	1328	1540	1.19e-71	270
0393eefc-9e1f-4091-9975-38b9427111d6	gb:HM370976|Organism:Influenza	92.166	217	10	5	1	213	1552	1339	1.46e-80	300
a88b21c3-d0c4-431b-b981-d79e6219c537	gb:HM370976|Organism:Influenza	95.370	216	3	4	1	211	1339	1552	1.10e-91	337
c09d6748-d715-4773-85ab-0c37fc0fbbab	gb:HM370976|Organism:Influenza	94.860	214	7	3	1	210	1552	1339	5.10e-90	331
e81d88d2-3c59-40e2-a577-e09631b5729b	gb:HM370976|Organism:Influenza	90.393	229	11	9	1	220	1339	1565	9.13e-78	291
e54ba388-4750-4bee-ac2d-ba86b2cfe534	gb:HM370976|Organism:Influenza	89.498	219	5	12	113	316	1337	1552	1.06e-68	261
da9f35d8-110e-4ee1-8e92-aab70244fac9	gb:HM370976|Organism:Influenza	96.714	213	5	2	4	215	1341	1552	1.12e-96	353
80e4f164-9462-4f26-a4a0-af9a6b06ac16	gb:HM370976|Organism:Influenza	95.197	229	8	3	1	228	1339	1565	2.57e-98	359
843bbc50-90e4-4162-9b8b-8ef6b96d2080	gb:HM370976|Organism:Influenza	97.196	214	4	2	1	212	1552	1339	6.58e-99	361
be9dac10-0cfd-4c28-ba09-657a01aa0cbc	gb:HM370976|Organism:Influenza	86.700	203	9	12	8	201	1343	1536	2.70e-53	209
c27f3e93-5f69-42f7-b4e8-6d00e45d9ad2	gb:HM370976|Organism:Influenza	95.327	214	7	3	1	211	1339	1552	1.10e-91	337
5e792a33-44f9-42d8-908e-5beadd41bdec	gb:HM370976|Organism:Influenza	94.495	218	5	6	1	216	1339	1551	1.89e-89	329
39e3e46e-e833-4f74-a4d1-d33bb613fac7	gb:HM370976|Organism:Influenza	89.030	237	9	15	1	230	1339	1565	7.47e-74	278
545d9a36-1b39-4d27-9849-f8da8d04c1ac	gb:HM370976|Organism:Influenza	90.000	210	16	3	125	332	1340	1546	2.46e-70	267
0c9a4885-a55c-40b0-84f5-8e580851e259	gb:HM370976|Organism:Influenza	97.938	194	4	0	1	194	1552	1359	1.10e-91	337
f8c80fc5-3230-4fca-9712-214cbe8db06d	gb:HM370976|Organism:Influenza	95.349	215	7	3	1	213	1552	1339	3.10e-92	339
eb0ebaad-f168-4b49-93bb-67dbe9813e05	gb:HM370976|Organism:Influenza	90.594	202	9	9	7	198	1352	1553	2.28e-68	259
9d751ad4-80cc-4305-ae01-9ca4cee5c9a5	gb:HM370976|Organism:Influenza	91.414	198	10	7	17	209	1357	1552	5.22e-70	265
028474e0-e4eb-4c71-be28-2b11fc9af4a8	gb:HM370976|Organism:Influenza	95.833	216	4	5	1	213	1552	1339	6.73e-94	344
b66b31a1-95d4-4b1d-89d1-00e91236b30c	gb:HM370976|Organism:Influenza	90.393	229	12	7	1	223	1563	1339	2.58e-78	292
d100e291-04d5-4147-b1b9-5cf95b439dd8	gb:HM370976|Organism:Influenza	94.907	216	6	5	1	213	1552	1339	1.44e-90	333
3c61b9af-ae7c-47ba-95c3-362979c41391	gb:HM370976|Organism:Influenza	90.826	218	10	9	1	212	1552	1339	1.46e-75	283
9c2805b2-24f4-48c9-b240-c216dd503ac0	gb:HM370976|Organism:Influenza	96.744	215	6	1	1	215	1552	1339	8.64e-98	357
73aaedf1-fdb6-4875-bd0d-591a31d54beb	gb:HM370976|Organism:Influenza	92.377	223	10	5	6	222	1560	1339	7.08e-84	311
d3798e95-61ca-4e83-93c7-eb06b8280025	gb:HM370976|Organism:Influenza	93.607	219	6	6	1	216	1339	1552	1.14e-86	320
450a1ff8-8984-4cf7-a6e2-f916f45ae8a2	gb:HM370976|Organism:Influenza	96.847	222	2	3	3	219	1560	1339	1.47e-100	366
a5b19bb4-ad8a-402f-b028-9cf960845ca9	gb:HM370976|Organism:Influenza	96.279	215	4	2	1	212	1552	1339	1.42e-95	350
bbb9ff74-9ad6-456f-b8ea-dc64d8b5ee69	gb:HM370976|Organism:Influenza	96.847	222	3	3	6	223	1560	1339	4.16e-101	368
054ae437-fac3-422e-b83c-91f4aefb0f74	gb:HM370976|Organism:Influenza	97.196	214	4	2	1	212	1552	1339	6.58e-99	361
4a582781-2b18-43c5-8ac1-c77f1fe45679	gb:HM370976|Organism:Influenza	98.585	212	3	0	1	212	1339	1550	2.50e-103	375
959c6b62-9255-4ddf-bc99-16330cd6e16a	gb:HM370976|Organism:Influenza	89.908	218	12	7	1	212	1552	1339	3.17e-72	272
ded5f309-7319-4448-a508-561368fd5d86	gb:HM370976|Organism:Influenza	97.170	212	4	1	1	212	1552	1343	8.69e-98	357
5962b754-4f0e-4e78-8fa3-32c29c0b5f42	gb:HM370976|Organism:Influenza	95.794	214	4	5	1	209	1339	1552	8.43e-93	340
dc3d026f-4a3d-4cbb-8179-994c04fc62eb	gb:HM370976|Organism:Influenza	92.166	217	9	8	1	212	1552	1339	1.45e-80	300
524effd8-d4be-447b-b9bf-381ed4309779	gb:HM370976|Organism:Influenza	94.884	215	3	6	1	208	1339	1552	1.81e-89	329
7318f9bd-8cab-4f26-9c76-7f671879fe02	gb:HM370976|Organism:Influenza	98.131	214	3	1	1	213	1552	1339	3.05e-102	372
972f846d-b93b-4e13-a182-252fecd051e0	gb:HM370976|Organism:Influenza	96.774	217	4	2	1	217	1339	1552	2.43e-98	359
5112587c-7181-4743-9137-7f3640bd9678	gb:KX977871|Organism:Influenza	97.059	136	1	2	132	264	1416	1551	3.20e-58	226
08f73e86-44e9-4f93-84d2-ea84977ea198	gb:HM370976|Organism:Influenza	93.925	214	9	4	1	210	1552	1339	1.10e-86	320
632a11ee-1720-4245-9434-c30c752f8be5	gb:HM370976|Organism:Influenza	96.262	214	6	2	1	212	1339	1552	1.42e-95	350
bc0f4518-1416-45e8-b154-30a1b8d50745	gb:HM370976|Organism:Influenza	93.363	226	8	7	1	220	1563	1339	6.96e-89	327
8f63ea81-5fe7-41ac-822a-f0bbe45e2833	gb:HM370976|Organism:Influenza	96.296	216	4	4	1	214	1339	1552	4.00e-96	351
7676617b-882e-4612-8b70-ddc1509424c9	gb:HM370976|Organism:Influenza	94.828	232	6	4	1	231	1339	1565	9.37e-98	357
a0326dde-4fed-4a86-804e-24826c0ba806	gb:HM370976|Organism:Influenza	95.477	199	5	4	1	196	1339	1536	5.36e-85	315
e088b399-2a54-4e7a-b99a-562510e253f1	gb:HM370976|Organism:Influenza	93.363	226	7	8	3	224	1560	1339	7.10e-89	327
d7a18b60-091b-4696-9305-02cfff7688f3	gb:HM370976|Organism:Influenza	97.222	216	4	2	1	215	1339	1553	5.17e-100	364
df433267-26d9-4482-831c-41bbb0d55332	gb:HM370976|Organism:Influenza	95.652	207	7	2	1	205	1339	1545	5.54e-90	331
e6e36120-8473-41c6-b47d-618e125aeeef	gb:HM370976|Organism:Influenza	93.023	215	6	8	1	207	1552	1339	3.04e-82	305
ad9035f2-0e10-4023-9bc6-813f656cd77f	gb:HM370976|Organism:Influenza	92.576	229	9	5	1	223	1339	1565	3.29e-87	322
7f7dfe7f-aa23-4004-a546-55c76be8540b	gb:HM370976|Organism:Influenza	90.086	232	11	11	1	225	1565	1339	9.36e-78	291
8d4723fe-30bb-481a-abc0-307dfde2424b	gb:HM370976|Organism:Influenza	98.131	214	4	0	1	214	1552	1339	8.54e-103	374
ba8b678d-005b-4528-a9f4-34ed0b67fa61	gb:HM370976|Organism:Influenza	98.246	57	1	0	31	87	1395	1339	5.34e-21	100
3f5d7d18-197a-4863-b367-3b60213bb1f2	gb:HM370976|Organism:Influenza	93.519	216	7	4	1	211	1552	1339	5.17e-85	315
018eb5e2-f404-46b7-8969-4bdadb17bd43	gb:HM370976|Organism:Influenza	94.419	215	5	6	1	209	1552	1339	8.49e-88	324
515a72fd-5cfc-416f-b994-ad451b150a99	gb:HM370976|Organism:Influenza	96.262	214	4	4	1	210	1339	1552	5.07e-95	348
658bd3ab-b119-405e-a472-80daae4dbaee	gb:HM370976|Organism:Influenza	90.000	210	16	5	17	221	1343	1552	1.55e-70	267
0d8f136f-6058-4b73-bc00-7d2022704e5b	gb:HM370976|Organism:Influenza	94.393	214	8	4	15	225	1340	1552	2.57e-88	326
