bdf8e5f9-da5d-4b7d-9d38-70369fb38117	gb:HM370979|Organism:Influenza	96.807	877	11	15	1	872	877	13	0.0	1448
a7d28f69-a60d-4b85-9d71-8cd59e97a63b	gb:HM370978|Organism:Influenza	96.700	1000	16	12	1	987	13	1008	0.0	1648
7d13bd44-5b5a-4aac-8ef8-c9cae1db8976	gb:HM370979|Organism:Influenza	96.536	866	15	13	1	852	877	13	0.0	1419
311f7339-2412-4d6a-9881-3df71f6bd7cd	gb:HM370978|Organism:Influenza	97.517	1007	13	12	1	1000	13	1014	0.0	1711
9eafbb50-ad80-4e27-baca-f846265ef9eb	gb:HM370978|Organism:Influenza	95.060	992	24	20	1	971	13	1000	0.0	1537
dadba859-b90e-4816-ace1-d2338d47778d	gb:HM370978|Organism:Influenza	97.038	1013	9	20	1	1003	1014	13	0.0	1685
ff1bdab0-db3b-4a05-a65c-ecc31336c74b	gb:HM370978|Organism:Influenza	99.404	1007	1	4	1	1007	1014	13	0.0	1821
80e53696-66cd-47f8-bb7c-101be11ebeb6	gb:HM370979|Organism:Influenza	91.149	870	34	30	1	838	13	871	0.0	1140
0025bd68-c1db-4c73-bd2e-293453e55543	gb:JN683632|Organism:Influenza	88.338	1029	66	49	1	1002	13	1014	0.0	1186
d708b3b6-681e-4747-a015-ff8a213280df	gb:HM370979|Organism:Influenza	99.307	866	4	2	1	865	877	13	0.0	1565
05af7112-86ec-4d4e-90c3-609aa37af1db	gb:HM370979|Organism:Influenza	97.353	869	7	8	5	866	872	13	0.0	1463
6c6a3566-517d-457a-ac0b-319812eb5ffb	gb:HM370978|Organism:Influenza	98.315	1009	7	10	1	1006	13	1014	0.0	1760
36b1979e-f9e8-4668-a708-91a7e1b339d3	gb:HM370978|Organism:Influenza	90.795	1032	58	32	99	1113	1024	13	0.0	1345
4ec43857-e789-4ba1-8044-18fdd89ab2d8	gb:HM370979|Organism:Influenza	94.585	868	23	12	1	847	13	877	0.0	1321
5f3a76c8-5eea-43b8-8e50-7c841e982b9a	gb:HM370978|Organism:Influenza	98.405	1003	5	6	1	993	1014	13	0.0	1753
10012f14-eaad-400c-9410-2c7011b30cf9	gb:HM370978|Organism:Influenza	97.817	1008	11	11	1	1003	1014	13	0.0	1729
2e15b553-d1ac-4473-b4cf-2515fb316153	gb:HM370979|Organism:Influenza	98.728	865	7	2	1	861	13	877	0.0	1533
de01e4a9-60f5-4e6f-aab4-45c4eb005fcd	gb:HM370978|Organism:Influenza	96.322	1006	17	15	1	990	13	1014	0.0	1635
1432e47c-c945-494e-9877-f0c60d2a06a4	gb:HM370978|Organism:Influenza	97.522	1009	7	13	1	999	13	1013	0.0	1709
5d86cd13-ba6d-453c-b8ae-0f192e90a953	gb:HM370978|Organism:Influenza	97.219	1007	11	11	1	995	1014	13	0.0	1688
ea9b9a76-3a4f-44bb-abfe-bcafc3f29af9	gb:HM370978|Organism:Influenza	93.175	1011	41	21	9	999	12	1014	0.0	1459
812d80fe-7a9f-438d-9135-d9a17f2db50a	gb:HM370978|Organism:Influenza	97.421	1008	15	11	4	1009	1011	13	0.0	1707
3129606b-5f50-4153-ae06-e08e6e7bbb94	gb:HM370978|Organism:Influenza	94.829	1025	23	22	1	1018	13	1014	0.0	1572
75e587e7-1f62-432c-ba4e-b9ea82badca6	gb:HM370979|Organism:Influenza	96.229	875	10	15	1	862	13	877	0.0	1411
4cd13a5c-e2c8-4aee-9ccd-75ead25a55db	gb:HM370979|Organism:Influenza	95.776	876	15	17	1	865	877	13	0.0	1393
558ec048-6da4-4665-8cc4-96e434ed2686	gb:HM370979|Organism:Influenza	96.524	863	17	10	5	857	872	13	0.0	1415
b033c9db-563e-4ed2-8b19-41ad4f2668ca	gb:HM370978|Organism:Influenza	92.549	1020	36	31	1	998	13	1014	0.0	1426
c1be6582-9387-4689-bfb5-8960af2957d1	gb:HM370978|Organism:Influenza	98.010	1005	3	11	1	991	1014	13	0.0	1729
253a2739-2310-4b9e-b850-7ffadffbe332	gb:HM370978|Organism:Influenza	99.401	1002	3	3	1	999	13	1014	0.0	1814
efb25c5c-149f-484c-8c37-685c49db8210	gb:HM370978|Organism:Influenza	95.059	1012	27	21	1	999	1014	13	0.0	1570
349d23ea-ecba-4bb6-adc1-ea171c0401c0	gb:HM370978|Organism:Influenza	90.430	1024	57	33	1	993	1014	1	0.0	1310
e4bd0c30-93bd-45e5-9699-dff3b283c273	gb:HM370978|Organism:Influenza	92.375	1023	38	33	7	1002	1022	13	0.0	1421
3349fe91-d990-4360-8756-5f8f1cdfc168	gb:HM370978|Organism:Influenza	96.051	1013	16	22	1	1000	13	1014	0.0	1628
8c87f68a-eda0-4f02-ac01-4731fc3b228f	gb:HM370978|Organism:Influenza	96.925	1008	16	9	1	999	13	1014	0.0	1676
56276d03-4c10-4633-bf3c-96efdfcd9d96	gb:HM370978|Organism:Influenza	96.333	1009	15	14	7	999	1024	22	0.0	1639
f42d9427-d1b8-4d6a-87b0-2ad018f4390e	gb:HM370978|Organism:Influenza	96.436	1010	13	22	1	995	1014	13	0.0	1644
3e6ff5c6-fed3-4fb4-8cfa-846ce83a6c08	gb:HM370979|Organism:Influenza	98.044	869	7	8	1	863	13	877	0.0	1502
408ebbfe-335a-45dc-b05b-3543073834dd	gb:HM370979|Organism:Influenza	97.931	870	12	4	1	869	877	13	0.0	1502
a45b3948-1058-4f87-b7e5-d3bc07e4eb6d	gb:HM370978|Organism:Influenza	98.818	1015	4	7	5	1016	1022	13	0.0	1801
75af02bf-fbce-4922-a2d6-4cb5233d574a	gb:HM370978|Organism:Influenza	95.626	1006	11	17	1	977	1014	13	0.0	1583
ff4c95c7-d709-4c75-bfa3-c3b15df0f6a1	gb:HM370979|Organism:Influenza	98.152	866	12	4	1	863	877	13	0.0	1507
00c22bac-6718-4a13-9003-ece3e9d6465c	gb:HM370979|Organism:Influenza	94.138	870	24	20	1	847	12	877	0.0	1299
49b5fed3-eca2-4928-8670-3b963de87a9b	gb:HM370978|Organism:Influenza	99.105	1006	1	7	1	1002	1014	13	0.0	1801
dcafb467-90d7-45a3-a349-b7e0e84d9eee	gb:HM370978|Organism:Influenza	88.791	1026	67	40	1	1002	1014	13	0.0	1214
7a2bd8f5-49ae-41f0-9e42-9aec22aa1cbb	gb:HM370978|Organism:Influenza	97.915	1007	8	8	1	999	13	1014	0.0	1731
94aca1fb-6ea6-4e8b-8031-bf5875eae550	gb:HM370979|Organism:Influenza	97.005	868	11	13	16	876	872	13	0.0	1445
b3826abf-eb02-4190-bdd9-3a7c5ae75892	gb:HM370978|Organism:Influenza	98.223	1013	5	10	1	1011	1014	13	0.0	1759
c7f05e1f-cd48-446a-a81a-31598e9aec2d	gb:HM370979|Organism:Influenza	96.897	870	12	10	1	860	13	877	0.0	1443
4abfe1e5-3640-4a5d-b3b6-938c60b1fe5d	gb:HM370978|Organism:Influenza	97.537	1015	12	10	1	1007	13	1022	0.0	1724
19a331cb-ba05-4f56-abfb-532c3e9caa5d	gb:KF435067|Organism:Influenza	90.972	1008	75	12	1	998	1014	13	0.0	1343
dcd8e08a-315e-4405-8b65-964c63a789e7	gb:HM370978|Organism:Influenza	94.960	1012	27	19	1	998	1014	13	0.0	1565
540f9cd2-c405-4681-9f15-8a3183f1940f	gb:HM370978|Organism:Influenza	99.005	1005	4	3	1	1002	13	1014	0.0	1796
f7615b43-5b8d-444a-b900-d040c40f077d	gb:HM370978|Organism:Influenza	98.606	1004	7	7	1	999	13	1014	0.0	1770
385371e2-5810-4442-b75f-6f16206d2550	gb:HM370978|Organism:Influenza	99.017	1017	3	5	1	1012	1027	13	0.0	1816
b08ded49-b8b1-4adb-b41c-e0d4b9bcc3f1	gb:HM370979|Organism:Influenza	98.851	870	4	4	1	869	877	13	0.0	1546
d6ccf9b3-e7f4-4e09-85c8-5262b60b5a11	gb:HM370979|Organism:Influenza	92.734	867	31	26	1	838	13	876	0.0	1223
79c9917d-a65a-4c9e-93ad-e39734f065c0	gb:HM370978|Organism:Influenza	97.619	1008	11	11	1	1001	13	1014	0.0	1716
28a0483e-28ef-4c20-9e97-8d93439efdca	gb:HM370978|Organism:Influenza	99.004	1004	2	7	1	998	1014	13	0.0	1792
935c0edf-3ac5-4870-b567-dceb98e8b6ee	gb:HM370978|Organism:Influenza	96.047	1012	22	16	1	1004	1014	13	0.0	1631
110783f9-d7be-4610-8730-11c4a15147d5	gb:HM370978|Organism:Influenza	96.249	1013	16	17	1	1002	1014	13	0.0	1640
89a34050-0ce6-438f-97b6-7319407e09d1	gb:HM370978|Organism:Influenza	94.217	1003	38	15	18	1007	19	1014	0.0	1513
68b694f3-bbe3-434a-8d7f-1b24eaf0159b	gb:HM370978|Organism:Influenza	98.504	1003	6	7	5	1004	1009	13	0.0	1760
e3f441b2-1038-4278-bd2a-cd4ba5d75fc1	gb:HM370978|Organism:Influenza	97.416	1006	11	11	1	995	13	1014	0.0	1700
e50b65a7-81f7-4e58-948f-3c542e1b2aaf	gb:HM370978|Organism:Influenza	94.071	1012	20	28	1	982	13	1014	0.0	1500
743d3fdd-5f64-4536-9b89-c1034822786b	gb:HM370979|Organism:Influenza	95.829	863	20	14	18	867	872	13	0.0	1380
5392e834-1e98-43cc-a6d7-9b28a0bcbbd4	gb:HM370979|Organism:Influenza	96.449	873	11	17	1	863	877	15	0.0	1423
b6c0675b-1ceb-4014-bfe8-0a64a94a8890	gb:HM370979|Organism:Influenza	94.931	868	24	14	1	851	13	877	0.0	1341
5e9a736e-d302-4be8-a39e-13c9b0e51b42	gb:HM370978|Organism:Influenza	97.428	1011	10	12	1	1004	13	1014	0.0	1709
f0a5647c-9384-438b-927d-b46ecc443ebb	gb:HM370979|Organism:Influenza	91.451	889	42	29	1	868	890	15	0.0	1190
c25e6959-59fb-4ad8-9376-6e4b7705117d	gb:HM370978|Organism:Influenza	86.127	1038	52	62	1	982	13	1014	0.0	1035
2432de96-3eca-45f8-b868-150ea1d61cd9	gb:HM370979|Organism:Influenza	99.079	869	4	2	1	869	877	13	0.0	1557
f34258be-3388-45dd-b638-715f4e8e2cfa	gb:HM370978|Organism:Influenza	97.520	1008	11	11	1	1000	1014	13	0.0	1711
acf64f46-4799-4898-99b9-df819bd540ea	gb:HM370978|Organism:Influenza	94.384	1015	30	22	1	1001	13	1014	0.0	1533
64d3aa69-d211-4ff9-a2f4-c4ea89f7e7a7	gb:HM370979|Organism:Influenza	97.933	871	4	11	1	863	13	877	0.0	1496
5ba94dcb-2ec0-4015-a4ca-21dbde39c7b4	gb:HM370979|Organism:Influenza	96.279	860	20	9	4	855	871	16	0.0	1400
ff51dcac-59f0-4b41-afa7-3edffd8b99ab	gb:HM370978|Organism:Influenza	93.658	946	32	23	75	1005	82	1014	0.0	1389
de19516c-1055-4341-85b2-d9330e348d17	gb:HM370979|Organism:Influenza	96.465	877	13	13	1	871	877	13	0.0	1432
910dccf3-9fb3-473a-b3b4-e3903d444887	gb:HM370978|Organism:Influenza	97.815	1007	12	9	1	1002	13	1014	0.0	1729
8e75901a-4ac1-4c76-8f79-faac8a07d04d	gb:HM370978|Organism:Influenza	94.269	1012	21	29	1	985	13	1014	0.0	1513
aa8165d8-cacf-42fe-9580-ee741a3a8418	gb:HM370978|Organism:Influenza	93.634	1021	32	24	1	1007	13	1014	0.0	1495
20b28bb1-b06f-4000-b2e8-b1c541eb356b	gb:HM370978|Organism:Influenza	95.664	715	17	12	8	717	12	717	0.0	1136
20b28bb1-b06f-4000-b2e8-b1c541eb356b	gb:HM370978|Organism:Influenza	94.108	628	10	15	726	1328	638	13	0.0	929
e7f63b2f-e896-4569-99a3-605660fc4df9	gb:HM370978|Organism:Influenza	98.221	1012	4	11	1	1001	1014	6	0.0	1757
28cb9b55-52ab-4b5b-a3e9-6ed03cc53671	gb:HM370978|Organism:Influenza	96.548	1014	16	16	1	1007	13	1014	0.0	1661
8a2cbdeb-e7f0-42ae-a3e6-4874a55c01e3	gb:HM370979|Organism:Influenza	97.480	873	6	7	5	861	5	877	0.0	1476
9a23006c-95a0-478d-be75-fe7e239b4e7a	gb:HM370979|Organism:Influenza	98.391	870	7	6	1	868	877	13	0.0	1522
5794cd15-61ee-4b0b-a84b-01efe484cf6d	gb:HM370978|Organism:Influenza	89.526	1012	53	40	1	969	13	1014	0.0	1232
a113cc35-292a-40f9-b322-049e361e84ee	gb:HM370979|Organism:Influenza	97.123	869	10	15	5	866	873	13	0.0	1452
928c0be9-989c-4f0a-9d06-99f97954f42b	gb:HM370978|Organism:Influenza	92.843	1020	32	29	1	997	1014	13	0.0	1441
1df49458-ef3e-40a3-bcd4-cd506c57d370	gb:HM370978|Organism:Influenza	90.795	1032	42	33	107	1104	1025	13	0.0	1330
6a5cc758-6287-4209-a89f-ba6b6e25d317	gb:HM370978|Organism:Influenza	95.751	1012	13	22	1	992	1014	13	0.0	1604
571b1240-fb13-4a3f-a64e-e95e05f2936f	gb:HM370978|Organism:Influenza	94.252	1009	30	23	1	989	13	1013	0.0	1517
094a9658-8117-4210-b98c-c07000504f87	gb:HM370978|Organism:Influenza	95.580	1018	26	17	4	1010	18	1027	0.0	1613
fb75f2c3-b748-4d11-9377-176ef566a066	gb:HM370978|Organism:Influenza	96.524	1007	22	12	1	999	1014	13	0.0	1653
ad69efb5-6524-4c25-8889-54831c35250a	gb:HM370978|Organism:Influenza	87.415	1033	63	52	94	1082	1023	14	0.0	1125
d6b79b90-5042-42c1-b230-f117eed87926	gb:HM370978|Organism:Influenza	93.930	1005	32	27	7	993	21	1014	0.0	1491
aca414ed-76ae-48a8-bcef-b5c428e5a1f6	gb:HM370978|Organism:Influenza	97.923	1011	6	12	1	1005	13	1014	0.0	1736
e6d97bbc-b112-4ff1-9117-7184ee966082	gb:HM370978|Organism:Influenza	98.211	1006	8	9	1	1000	13	1014	0.0	1749
978a1cc3-6184-48c5-b667-6f193e49faaa	gb:HM370978|Organism:Influenza	97.319	1007	8	13	1	993	13	1014	0.0	1692
ddb554d6-b344-41fa-852c-620095edcac1	gb:HM370979|Organism:Influenza	93.123	887	31	20	1	871	13	885	0.0	1273
7e3612e7-3398-4e21-a50a-062f3d31cc9a	gb:HM370978|Organism:Influenza	96.249	1013	17	17	1	1003	13	1014	0.0	1640
0b6952e4-3af3-470e-8e04-d93cf030a0f5	gb:HM370979|Organism:Influenza	98.270	867	10	5	1	863	12	877	0.0	1513
c754c415-b140-46ec-b73a-4707d3feed74	gb:HM370978|Organism:Influenza	98.205	1003	11	6	1	997	13	1014	0.0	1746
805574b4-03d7-4534-a54d-356c7c78e6f7	gb:CY117140|Organism:Influenza	91.339	1016	71	11	1	1013	1	1002	0.0	1373
68e4a914-907d-4f92-bbda-3317b6c021be	gb:HM370978|Organism:Influenza	93.558	1009	24	31	1	975	13	1014	0.0	1465
15a4077b-a147-4a7a-b53b-86b433c26f97	gb:HM370978|Organism:Influenza	98.115	1008	9	8	1	1004	1014	13	0.0	1748
caae72a6-9f1c-4ed1-9196-91cc4f8a3add	gb:HM370978|Organism:Influenza	97.421	1008	8	17	4	1002	1011	13	0.0	1701
e0aa917c-e5d0-41e8-8dbd-e736dc9a091d	gb:HM370978|Organism:Influenza	99.402	1003	5	1	1	1003	1014	13	0.0	1818
1317b3be-0737-45e7-8226-4e966597cb5c	gb:HM370978|Organism:Influenza	91.715	1026	49	28	5	1010	5	1014	0.0	1391
7571289b-56e3-4b29-99d2-99f9a7e9c988	gb:HM370978|Organism:Influenza	97.512	1005	12	11	1	995	1014	13	0.0	1705
409a7311-a0df-4242-b9cb-fbcfcb549f8d	gb:HM370978|Organism:Influenza	95.360	1013	25	19	1	1002	13	1014	0.0	1591
dcf99a03-a748-403e-846b-0d7e7574b7e5	gb:HM370978|Organism:Influenza	98.706	1005	5	6	1	1000	13	1014	0.0	1777
f4fc0ccd-dcee-4792-a04a-0b602b40f827	gb:HM370978|Organism:Influenza	95.153	1011	24	15	1	995	13	1014	0.0	1572
fb3bf784-768b-403e-b3e7-0bff74d7d1ac	gb:HM370978|Organism:Influenza	97.423	1009	11	12	1	1001	1014	13	0.0	1705
dbf080b0-2b8c-4538-a248-4f5377bde98b	gb:HM370979|Organism:Influenza	97.011	870	16	7	1	865	877	13	0.0	1454
c12ac281-3143-4999-9334-6c280740b2bf	gb:HM370979|Organism:Influenza	96.782	870	17	9	1	863	12	877	0.0	1441
adb0c60e-b7f2-47ad-b35f-e17cc2d2a6b0	gb:HM370978|Organism:Influenza	96.931	1010	15	12	1	1002	13	1014	0.0	1679
0d62bd76-3759-4115-a5df-5c37c1917fcb	gb:HM370978|Organism:Influenza	97.324	1009	11	15	1	1000	13	1014	0.0	1700
ead04e91-da16-4990-80e6-8f2c751293fb	gb:HM370978|Organism:Influenza	96.226	1007	21	12	1	995	13	1014	0.0	1633
66fb3546-9dad-40bc-9ec1-a817cfe88ca0	gb:HM370978|Organism:Influenza	97.228	1010	12	13	1	1002	13	1014	0.0	1696
ff5573d0-0e48-4e46-8b7f-848c2882717c	gb:HM370978|Organism:Influenza	98.312	1007	4	11	1	999	1014	13	0.0	1753
a7691875-e58b-4f56-98db-b816a0b238b3	gb:HM370978|Organism:Influenza	94.763	1012	25	23	1	994	13	1014	0.0	1550
32995205-679b-4e52-9e10-432d86d160eb	gb:HM370978|Organism:Influenza	96.008	1002	17	21	10	997	22	1014	0.0	1607
71b28a25-2ea2-49a9-a617-50ccff3fdb10	gb:HM370978|Organism:Influenza	87.843	1020	73	41	1	987	13	1014	0.0	1149
94df60c6-d483-4eb5-9df0-53aa5e5b6d53	gb:HM370978|Organism:Influenza	87.911	1034	51	54	1	992	1014	13	0.0	1149
4df54c89-79da-41d8-99a9-a67d80e36f21	gb:HM370979|Organism:Influenza	91.033	881	45	26	1	863	877	13	0.0	1158
84ad9b19-9180-415c-8b6c-ac7579ff94dc	gb:HM370978|Organism:Influenza	98.810	1008	2	4	1	1004	1014	13	0.0	1786
111e7ea7-ceb0-4da9-a8fe-73c47ab7b7f7	gb:HM370978|Organism:Influenza	91.740	1017	35	38	1	983	1014	13	0.0	1367
82c51bd1-f191-4eac-8730-e0222e682456	gb:HM370978|Organism:Influenza	97.239	1014	19	5	1	1005	1014	1	0.0	1709
3855cf0a-a50b-4321-88f8-83bb97d318c1	gb:HM370978|Organism:Influenza	97.047	1016	12	11	1	1012	13	1014	0.0	1694
8972cd23-0144-4075-a62b-b00fba487ee8	gb:HM370978|Organism:Influenza	97.607	1003	11	9	1	991	1014	13	0.0	1707
33b8a974-14ee-4fb1-ae6c-3b5d98b71a67	gb:HM370979|Organism:Influenza	97.398	884	9	10	1	876	890	13	0.0	1493
a7204227-955d-489e-942a-d2f79352f816	gb:HM370978|Organism:Influenza	96.036	1009	18	15	1	994	1014	13	0.0	1622
c9ca53c3-75e1-418f-8a0b-f7a56f33786b	gb:HM370978|Organism:Influenza	99.601	1002	2	1	1	1000	13	1014	0.0	1827
136dc487-ea82-4bba-9d1d-fe811778933d	gb:HM370978|Organism:Influenza	92.338	1031	25	40	106	1113	1023	24	0.0	1417
b0cc6a26-deea-4706-bd4e-6d6dc99e4dda	gb:HM370978|Organism:Influenza	96.256	1015	13	19	1	1003	13	1014	0.0	1640
a929b8df-4a5e-426d-aec9-8d22e8c9bb4c	gb:HM370978|Organism:Influenza	94.554	1010	33	18	1	996	1014	13	0.0	1541
105c62ec-46c1-4531-b715-1e6c12c022ca	gb:HM370979|Organism:Influenza	98.274	869	5	8	1	863	877	13	0.0	1513
c50f8328-6a1a-4dc7-aa2d-f7c3cad34cf1	gb:HM370978|Organism:Influenza	96.226	1007	16	16	1	990	1014	13	0.0	1629
8d393ff0-3390-4908-9e6e-ba65b6bbb927	gb:HM370978|Organism:Influenza	95.644	1010	23	18	1	997	13	1014	0.0	1602
a9d70842-6063-4663-bd56-160535867492	gb:HM370978|Organism:Influenza	96.545	1013	19	13	1	1008	1014	13	0.0	1663
66cd84e7-65ca-4487-8dd9-a5a0f3a46142	gb:HM370978|Organism:Influenza	92.037	854	46	21	65	904	56	901	0.0	1181
66cd84e7-65ca-4487-8dd9-a5a0f3a46142	gb:HM370978|Organism:Influenza	100.000	31	0	0	906	936	984	1014	4.69e-07	58.4
45f62175-3040-490c-b4e6-d1568b86014e	gb:HM370978|Organism:Influenza	98.111	1006	9	10	1	1000	13	1014	0.0	1744
7b2a2641-36c5-4c9f-a6dd-1565fcc97782	gb:JN683632|Organism:Influenza	94.187	1015	37	22	1	1006	1014	13	0.0	1528
14a57f43-8c8b-4994-9742-5ba66a711ea5	gb:HM370978|Organism:Influenza	96.838	1012	13	13	1	1003	13	1014	0.0	1674
c9bee830-42a4-4253-bf0c-8e9a36db3ffa	gb:HM370978|Organism:Influenza	89.139	1022	42	49	2	976	15	1014	0.0	1208
55993947-f453-459f-9e3e-188ae09e314d	gb:HM370963|Organism:Influenza	94.955	1011	19	29	1	988	1014	13	0.0	1555
620303bf-ade4-465e-b0c0-90d906f07cf9	gb:HM370979|Organism:Influenza	97.029	875	12	10	1	871	877	13	0.0	1459
9d6f63b0-389e-4b92-abff-badcc2fc7f5f	gb:HM370979|Organism:Influenza	93.743	879	29	18	1	867	13	877	0.0	1295
6e418548-69f7-4ef3-ab9f-2875d6200a3b	gb:HM370979|Organism:Influenza	98.148	864	8	6	6	863	874	13	0.0	1500
b6827e46-bbe7-4236-b0b2-08ba47a03217	gb:HM370978|Organism:Influenza	98.705	1004	6	4	1	999	1014	13	0.0	1775
6a5d03e9-2468-4a03-99e2-24af01bef7dd	gb:HM370979|Organism:Influenza	98.961	866	3	5	1	861	13	877	0.0	1544
0e7075ed-079f-4d3d-90b5-8790af7cb6cd	gb:HM370978|Organism:Influenza	95.759	1014	13	24	1	996	1014	13	0.0	1607
b08a8f00-56b3-4fa7-afa7-609e2a7a5dc1	gb:HM370978|Organism:Influenza	97.024	1008	14	14	1	998	13	1014	0.0	1681
6901d2ab-62a4-4d2d-a1e8-856e048c41dd	gb:HM370978|Organism:Influenza	96.369	1019	16	14	1	1003	1014	1	0.0	1657
3591743c-8cef-4354-91d2-b68c79f8d2fe	gb:HM370978|Organism:Influenza	88.878	1043	58	47	1	1013	1027	13	0.0	1230
3d2345dd-eb0d-4e62-afbb-b42fd3c43f36	gb:HM370979|Organism:Influenza	95.381	866	25	11	1	860	877	21	0.0	1363
0a342acd-faee-46a2-b96f-47c28f158a10	gb:HM370979|Organism:Influenza	94.713	870	18	18	1	847	13	877	0.0	1327
651010fd-9dd7-49f3-baf3-807df5c0f9ce	gb:HM370978|Organism:Influenza	97.782	992	11	10	16	1001	27	1013	0.0	1700
5dfcfa94-6b44-4aa2-bb16-c5e7961301ce	gb:HM370979|Organism:Influenza	96.897	870	14	8	1	862	877	13	0.0	1445
f157cc80-85bb-423e-ba64-38e1ce2cdf8a	gb:HM370979|Organism:Influenza	97.619	882	9	10	1	874	13	890	0.0	1502
9507f147-9bff-41be-9c67-33ba567475cb	gb:HM370978|Organism:Influenza	97.012	1004	20	10	1	996	1014	13	0.0	1679
c3558966-a16d-4ddc-b2ac-860a425fe02b	gb:HM370979|Organism:Influenza	97.022	873	8	13	1	863	13	877	0.0	1452
1bb698e5-5271-4ce9-9d0a-93f792c9e490	gb:HM370978|Organism:Influenza	93.861	1010	34	23	1	990	13	1014	0.0	1496
86a93f12-c58c-4fe2-bd0f-cfe2adab978c	gb:HM370978|Organism:Influenza	97.120	1007	12	10	1	995	13	1014	0.0	1683
14a551c7-f40e-467d-9665-4ef2323f5a05	gb:HM370978|Organism:Influenza	99.302	1003	5	2	1	1002	1014	13	0.0	1812
3f7940dc-98a8-4feb-a8b8-7f4f8145799c	gb:HM370978|Organism:Influenza	97.522	1009	12	11	1	1003	1014	13	0.0	1712
7af8f352-5105-496e-9380-31d7dc9cd448	gb:HM370978|Organism:Influenza	98.318	1011	6	9	1	1009	13	1014	0.0	1762
762ccc91-e62a-4176-9fef-46a8dfe44a04	gb:HM370978|Organism:Influenza	95.779	995	24	14	1	986	1014	29	0.0	1589
6ac3d3ea-cc84-45fc-96a8-cc205b7c1eff	gb:HM370979|Organism:Influenza	96.778	869	9	13	1	854	13	877	0.0	1432
6594852e-af75-4f8c-9843-4816fd178201	gb:HM370978|Organism:Influenza	94.291	1016	28	25	1	1003	1014	16	0.0	1528
42f097be-2188-48da-baa3-7975a8a00d39	gb:HM370978|Organism:Influenza	97.228	1010	10	15	1	1000	13	1014	0.0	1694
72e5a8a2-444e-4cf2-9bcb-c68104d345c9	gb:HM370978|Organism:Influenza	98.709	1007	2	10	1	1001	13	1014	0.0	1777
41aa267e-b291-4bc5-966c-1e126133abe2	gb:HM370978|Organism:Influenza	97.239	1014	14	13	5	1008	5	1014	0.0	1705
3f079641-199d-48f1-9413-cc6a7afc3589	gb:HM370978|Organism:Influenza	95.665	1015	12	20	1	996	1014	13	0.0	1602
e8f0e483-b56c-496d-9b39-c9b52ef85e17	gb:HM370978|Organism:Influenza	92.567	1009	37	28	104	1084	16	1014	0.0	1413
3463107e-140a-4300-a7fb-9894f69953a2	gb:JN683632|Organism:Influenza	95.356	1012	29	16	1	1004	1014	13	0.0	1592
1c1cccb5-05f4-4ea1-a869-e1559141f137	gb:HM370978|Organism:Influenza	94.627	1005	28	22	3	989	18	1014	0.0	1533
856370b5-3d0f-4ab1-9040-065a6c8d9455	gb:HM370979|Organism:Influenza	95.991	873	18	13	1	864	877	13	0.0	1402
a3ccf630-5334-4778-8eef-a6e930579578	gb:HM370978|Organism:Influenza	97.527	1011	10	12	1	1005	13	1014	0.0	1714
b4b3fa05-5747-44d7-beb2-1b01d25cc550	gb:HM370979|Organism:Influenza	97.130	871	11	12	1	863	13	877	0.0	1458
937ea8c8-2d80-48b3-a571-66f68e7b8327	gb:HM370978|Organism:Influenza	98.111	1006	8	9	1	999	13	1014	0.0	1742
0e187f0b-ed3c-45a5-820f-b86ab6665da9	gb:HM370978|Organism:Influenza	99.900	1002	0	1	1	1001	1014	13	0.0	1844
cc76da9e-b03a-428a-a691-3ec06bf61164	gb:HM370978|Organism:Influenza	96.365	1018	19	13	1	1009	13	1021	0.0	1659
a792ae69-c156-4b46-a5f2-dcfe7d640555	gb:HM370978|Organism:Influenza	96.165	1017	12	24	1	1005	13	1014	0.0	1637
e46a4189-4350-433b-b0af-f948625d3b10	gb:HM370978|Organism:Influenza	97.522	1009	12	10	1	1003	1014	13	0.0	1712
2e1a8785-c8ce-49eb-b45c-d162062a7da3	gb:HM370978|Organism:Influenza	96.078	1020	15	17	1	1003	13	1024	0.0	1639
b924f776-b867-4b6d-9ca4-7d4bdb3acdf4	gb:HM370979|Organism:Influenza	91.638	885	27	32	1	858	877	13	0.0	1181
172430cd-c7fa-406a-8884-74e3f2cce10f	gb:HM370978|Organism:Influenza	97.421	1008	11	10	1	999	13	1014	0.0	1703
1dfb118e-8da4-4acc-ab97-45ab1404fb5c	gb:HM370979|Organism:Influenza	97.806	866	8	10	1	856	877	13	0.0	1483
50df3475-1a52-451f-a1ad-090f336050e3	gb:HM370978|Organism:Influenza	97.217	1006	12	13	1	994	13	1014	0.0	1688
36f238ff-132d-4202-b5ec-48a386b06b92	gb:HM370978|Organism:Influenza	97.711	1005	13	8	1	998	13	1014	0.0	1720
75e28e81-f9e1-419c-aaf4-c8d2f162e5ef	gb:HM370978|Organism:Influenza	98.909	1008	3	5	1	1006	1014	13	0.0	1794
e1fe066d-9425-4b92-97f9-32e215ca26e8	gb:HM370978|Organism:Influenza	97.621	1009	11	11	1	1003	13	1014	0.0	1718
cc5482dc-5af0-4556-aa84-19a074f650db	gb:HM370978|Organism:Influenza	88.667	953	51	46	63	971	75	1014	0.0	1109
70960384-ee3e-4229-8944-05a8b1e65cff	gb:HM370978|Organism:Influenza	98.507	1005	5	8	1	998	1014	13	0.0	1764
61acc245-5962-41bb-b73e-5df4972f1477	gb:HM370978|Organism:Influenza	97.120	1007	11	14	1	994	1014	13	0.0	1683
1733381c-bc10-4fa8-8711-86ad3a13defb	gb:HM370979|Organism:Influenza	95.000	820	26	13	1	809	13	828	0.0	1273
1733381c-bc10-4fa8-8711-86ad3a13defb	gb:HM370979|Organism:Influenza	93.774	530	18	12	801	1320	525	1	0.0	782
b48e2840-fd3c-42c7-8196-8f500f59fdbe	gb:HM370978|Organism:Influenza	96.528	1008	10	18	1	989	1014	13	0.0	1644
75459659-ff45-46f4-90a0-0cca69634665	gb:HM370978|Organism:Influenza	98.204	1002	9	7	1	993	13	1014	0.0	1742
59597714-20b1-4710-8a38-ef6d1d5b1a1c	gb:HM370978|Organism:Influenza	98.141	1022	6	9	1	1016	1027	13	0.0	1770
94a87331-0c72-437b-be4e-87948f2dcb42	gb:HM370979|Organism:Influenza	98.960	865	3	5	1	859	877	13	0.0	1543
269c133d-87ea-4c13-b1f3-f27a8963d4f8	gb:HM370978|Organism:Influenza	93.936	1006	27	29	1	987	1014	24	0.0	1489
95765048-14c5-4cfb-bb67-c3ccae45d58e	gb:HM370979|Organism:Influenza	97.666	857	5	6	1	848	877	27	0.0	1458
00da7f1e-0e9d-42e9-90a4-ed9afdade1c3	gb:HM370978|Organism:Influenza	94.872	1014	24	23	1	998	13	1014	0.0	1559
13e3fe37-93ee-4da5-b7d0-14e6747bd252	gb:HM370978|Organism:Influenza	95.829	1007	16	20	1	986	1014	13	0.0	1604
970b2621-1e1b-47ad-8e82-eeb68c83b523	gb:HM370978|Organism:Influenza	98.706	1005	4	7	4	1005	1011	13	0.0	1775
ecd32991-2083-4ce8-a942-d0a9cb186767	gb:HM370978|Organism:Influenza	98.305	1003	3	8	1	990	13	1014	0.0	1746
247a56f1-4643-4c81-b8bb-0b30e526b65a	gb:HM370978|Organism:Influenza	96.841	1013	11	18	1	1003	13	1014	0.0	1674
96188e41-059c-4cf1-aacb-083f33b1a8df	gb:HM370978|Organism:Influenza	97.413	1005	12	12	1	994	13	1014	0.0	1700
3863558e-97b6-41ae-a27d-178d83dfa783	gb:HM370979|Organism:Influenza	98.037	866	9	6	6	867	874	13	0.0	1498
2cba04d8-2461-48c0-ab5b-b6c141e80222	gb:HM370964|Organism:Influenza	94.629	875	24	19	1	862	877	13	0.0	1334
0287552b-1063-49b0-9a4f-419a7571dbe3	gb:HM370979|Organism:Influenza	96.782	870	16	12	1	863	13	877	0.0	1441
50e51514-dcab-484c-8343-2eeb56b00279	gb:HM370979|Organism:Influenza	89.126	892	50	40	1	872	13	877	0.0	1066
9b35262a-54ca-49ac-80ef-e429dbbcc2f5	gb:HM370978|Organism:Influenza	97.024	1008	12	14	1	996	1014	13	0.0	1679
95f73291-e89e-42aa-9efc-988a0e9d27ca	gb:HM370979|Organism:Influenza	97.926	868	9	9	1	862	877	13	0.0	1495
eccbd5d5-3a40-483e-9a07-b443446ca561	gb:HM370978|Organism:Influenza	97.024	1008	16	10	1	1000	1014	13	0.0	1683
3da3b58f-05c5-46af-9b33-7428364b4a7b	gb:CY122309|Organism:Influenza	89.053	1014	84	22	1	999	1002	1	0.0	1232
bef3d313-62fb-42cf-aef3-4301a66ede9f	gb:HM370979|Organism:Influenza	99.076	866	1	5	1	860	13	877	0.0	1548
5e772fa4-5e8b-4251-a5fd-41a4c08358f0	gb:HM370979|Organism:Influenza	98.383	866	7	6	1	860	13	877	0.0	1515
35d44058-1612-46ac-a0a2-106f75bdce45	gb:HM370978|Organism:Influenza	96.142	1011	17	18	1	998	13	1014	0.0	1631
9f928ce7-feba-48d0-840b-93a15dd825bf	gb:HM370978|Organism:Influenza	97.082	994	13	12	1	988	1014	31	0.0	1661
8addf74e-2990-4dc8-98c4-3e7185fc767e	gb:HM370978|Organism:Influenza	96.351	1014	20	13	1	1009	13	1014	0.0	1652
7ef1adc7-34b1-4ea5-9e5a-0d43d29455e0	gb:HM370978|Organism:Influenza	98.020	1010	7	11	1	1005	13	1014	0.0	1742
97918988-0535-4758-8d32-bd63501ff4a0	gb:HM370978|Organism:Influenza	92.659	1008	43	26	105	1091	1010	13	0.0	1423
ae8f1bc3-cbf4-4928-b324-0312e1925cab	gb:HM370979|Organism:Influenza	97.806	866	8	10	1	856	13	877	0.0	1483
0a7a4a38-7a7a-4ca5-93f3-e385300a58b0	gb:HM370978|Organism:Influenza	97.041	1014	10	15	1	998	1014	5	0.0	1688
1475853a-9dca-4c23-b1d1-2c9cbe2da4e8	gb:HM370978|Organism:Influenza	98.705	1004	5	7	1	998	13	1014	0.0	1775
136ccc16-8363-492d-a229-37e56b792812	gb:HM370978|Organism:Influenza	93.510	1017	29	29	1	995	1014	13	0.0	1478
e4b2b393-c121-4dfa-bace-d8c71ec62ba4	gb:HM370978|Organism:Influenza	88.081	1032	48	56	1	987	1014	13	0.0	1155
0c8697e2-71c3-4cef-8831-fbc493a93550	gb:HM370978|Organism:Influenza	97.453	1021	12	14	1	1013	13	1027	0.0	1729
96c16eef-55d2-40a7-bd1a-b56877715560	gb:HM370979|Organism:Influenza	94.064	876	25	23	1	860	13	877	0.0	1304
1f07fd7e-34da-4938-ba00-f9e5b163af2e	gb:HM370979|Organism:Influenza	96.334	873	16	14	1	865	877	13	0.0	1421
31d0bfa5-c290-4420-9324-62342bb50851	gb:HM370978|Organism:Influenza	97.515	1006	16	9	1	1001	1014	13	0.0	1711
c4002468-e03a-48ad-99b9-42a023f3a563	gb:HM370978|Organism:Influenza	97.413	1005	6	18	1	988	13	1014	0.0	1694
d1d05f41-7368-4c9a-9392-70ccef539b78	gb:HM370979|Organism:Influenza	95.211	877	22	15	4	876	873	13	0.0	1369
5871d2e2-d101-4fc3-b36a-0c899705af28	gb:HM370978|Organism:Influenza	93.718	971	22	24	4	942	1023	60	0.0	1419
555c5051-2ef8-4007-8c53-982500ca78fe	gb:HM370978|Organism:Influenza	98.504	1003	7	7	1	996	1014	13	0.0	1762
045302f7-0bb1-4a1a-a0b7-10379aa3937f	gb:CY178968|Organism:Influenza	87.182	1022	98	27	1	1009	1	1002	0.0	1131
21a4baf8-feaf-4f41-929f-2cc21a2bb066	gb:HM370979|Organism:Influenza	98.502	868	5	5	1	863	877	13	0.0	1524
9b678401-fe1b-4d56-ad11-4de21b2ed00b	gb:HM370978|Organism:Influenza	99.601	1002	1	2	1	999	1014	13	0.0	1825
33deabd8-48a6-4f5e-8dc1-d39d62511dd1	gb:HM370978|Organism:Influenza	97.621	1009	10	12	1	1002	1014	13	0.0	1718
19415ba4-3ac3-4325-bf32-39b6e45b359c	gb:HM370978|Organism:Influenza	96.154	1014	16	18	1	1003	1014	13	0.0	1635
927a9c28-234f-434c-a2d1-1128948cda6e	gb:HM370978|Organism:Influenza	97.151	1018	10	13	1	1015	13	1014	0.0	1701
cac00d00-f1f7-49bb-8cc8-caf0036d50db	gb:HM370978|Organism:Influenza	97.140	1014	16	12	2	1006	15	1024	0.0	1700
9d97b5b5-33cb-42f1-867f-e4dad3ab77df	gb:HM370978|Organism:Influenza	96.531	1009	14	16	1	995	1014	13	0.0	1650
19ce17fa-9e8d-4206-8dbe-e3ea2ef0499e	gb:HM370978|Organism:Influenza	89.296	1037	63	39	104	1119	5	1014	0.0	1256
288a3edb-4efd-4489-ad25-dd5f73189650	gb:HM370978|Organism:Influenza	97.120	1007	10	13	1	993	1014	13	0.0	1681
b79ecf11-1799-4883-8ac8-75c328145a0e	gb:HM370979|Organism:Influenza	96.778	869	14	13	1	859	877	13	0.0	1437
5c82d12c-8f66-4c68-b8d9-14505f79b4eb	gb:HM370978|Organism:Influenza	94.565	1012	32	20	1	999	13	1014	0.0	1543
c2af0dcd-3394-4578-8459-f3e225c64dc2	gb:HM370979|Organism:Influenza	97.463	867	11	7	1	857	13	878	0.0	1469
c0455926-6985-458a-bdae-b2f8b49ee8f0	gb:HM370978|Organism:Influenza	94.368	1012	28	22	1	993	13	1014	0.0	1526
8c49e1ab-0bbe-454a-ab41-1a674b3422e8	gb:HM370978|Organism:Influenza	98.909	1008	3	6	1	1006	13	1014	0.0	1794
33636f4c-3db6-4586-bb8f-8a9efa9828ea	gb:HM370979|Organism:Influenza	94.226	866	27	16	1	852	877	21	0.0	1301
1bf2612f-4f84-4254-a336-cd1020f80e95	gb:HM370978|Organism:Influenza	93.519	1003	17	29	1	956	13	1014	0.0	1448
5682e4df-f412-46cb-ae47-e3160ed4afac	gb:HM370978|Organism:Influenza	98.035	1018	7	9	5	1018	6	1014	0.0	1757
553a4794-de13-4984-83c6-b3b7487e7989	gb:HM370978|Organism:Influenza	92.292	1012	37	33	1	981	1014	13	0.0	1399
3c57623a-d421-4816-82c6-82b83703c9c4	gb:HM370979|Organism:Influenza	98.046	870	7	9	1	865	877	13	0.0	1504
b6456980-04b6-433b-9168-da514e345507	gb:HM370978|Organism:Influenza	93.470	1026	37	21	2	1009	1	1014	0.0	1496
ff05ab39-7af4-4001-b27f-1619e3b251d4	gb:HM370978|Organism:Influenza	95.349	989	21	18	1	975	1014	37	0.0	1548
7b845db1-5c0e-42e6-bb44-930467501e56	gb:HM370979|Organism:Influenza	96.318	869	17	11	1	858	13	877	0.0	1413
04103bab-f249-462d-a314-d2ddf56f6d7e	gb:HM370978|Organism:Influenza	96.032	1008	16	14	1	990	13	1014	0.0	1618
eae4e017-37ce-42ec-a6b9-94b02f488c4e	gb:HM370979|Organism:Influenza	97.826	874	9	8	1	866	877	6	0.0	1500
b20e2118-a4cc-4dda-a306-0ab1a0a41d12	gb:HM370979|Organism:Influenza	93.103	870	23	22	1	838	13	877	0.0	1240
e1702ef4-8f2c-494d-b898-d992ade718f2	gb:HM370978|Organism:Influenza	91.174	1031	34	45	1	1003	1014	13	0.0	1347
8364c72b-36e7-4371-830b-6a9ee81c79b9	gb:HM370978|Organism:Influenza	98.111	1006	9	9	1	1000	13	1014	0.0	1744
23c4a809-378a-4466-b8be-663fa996484e	gb:HM370978|Organism:Influenza	95.751	1012	25	16	1	1004	13	1014	0.0	1615
4e04fd1e-27b1-4530-9894-65efc34e597f	gb:HM370978|Organism:Influenza	98.310	1006	5	9	2	1001	15	1014	0.0	1753
a2589086-2227-4d47-bc55-91833db24841	gb:HM370978|Organism:Influenza	99.104	1005	1	7	1	1000	1014	13	0.0	1799
7c9f2700-7265-424d-8172-cab722ce7e32	gb:HM370978|Organism:Influenza	98.216	1009	5	12	1	1003	1014	13	0.0	1751
dd954756-151b-48cc-8312-2e76403e4698	gb:HM370979|Organism:Influenza	98.974	877	4	3	1	874	13	887	0.0	1565
0a851ffc-3f26-4362-ac28-5503e5b664ea	gb:HM370979|Organism:Influenza	96.991	864	18	7	4	863	872	13	0.0	1445
f21274c0-c888-49fe-9ca3-e738f6580cb7	gb:HM370978|Organism:Influenza	95.776	1018	16	18	1	1007	13	1014	0.0	1616
aa232434-216a-4240-8e99-636f558d32c2	gb:HM370978|Organism:Influenza	97.097	999	17	12	1	988	1014	17	0.0	1674
364fee27-e220-4ea0-b66b-997e2867d58c	gb:HM370978|Organism:Influenza	98.904	1004	6	4	1	1001	1014	13	0.0	1788
9c95c1b7-53f0-4855-b08c-e847ef35760d	gb:HM370978|Organism:Influenza	95.000	1020	30	13	1	1009	13	1022	0.0	1581
659bdda7-9cc8-4fec-96ff-61146058c529	gb:HM370978|Organism:Influenza	98.312	1007	7	9	1	1002	1014	13	0.0	1757
66d190cc-6e87-43bc-8e18-b6f0519e0a26	gb:HM370978|Organism:Influenza	98.305	1003	7	7	1	994	1014	13	0.0	1749
084cb008-6f90-4e7f-9b39-aebbaabf5534	gb:HM370978|Organism:Influenza	96.150	1013	16	20	1	1001	13	1014	0.0	1633
2da9d771-9096-4555-b836-85bc0ec173f9	gb:HM370978|Organism:Influenza	90.555	1027	41	47	2	996	12	1014	0.0	1308
c8584944-aeef-49fd-81a3-4fcb9ee3a44d	gb:HM370979|Organism:Influenza	96.689	876	12	16	1	870	877	13	0.0	1441
fb7a4457-e1a8-45d6-bff6-6a56f0a39042	gb:HM370979|Organism:Influenza	98.730	866	5	5	1	861	877	13	0.0	1533
2cd29ff2-6dc0-4022-bc84-da5c32f6e2ec	gb:HM370978|Organism:Influenza	95.635	1008	22	19	1	992	13	1014	0.0	1598
81d3d247-9d77-4b68-9ba4-a3ff3eb64109	gb:HM370978|Organism:Influenza	97.614	1006	13	10	1	999	13	1014	0.0	1714
456576f2-9c93-4ef3-a543-f5a755999171	gb:HM370978|Organism:Influenza	97.117	1006	10	19	1	991	1014	13	0.0	1679
f1ef468d-c354-4332-b172-0e35382e7bce	gb:HM370978|Organism:Influenza	89.583	960	40	44	45	951	62	1014	0.0	1164
b1cca921-e43f-42b9-b338-dc8889082ac7	gb:HM370978|Organism:Influenza	90.607	1022	41	42	1	987	13	1014	0.0	1304
4d728d8c-d11a-4637-9a86-0c4be28c7824	gb:HM370978|Organism:Influenza	91.369	1008	43	30	1	970	1014	13	0.0	1339
9e8d7777-fd41-47a0-84a7-df5599b9e728	gb:MF146526|Organism:Influenza	86.909	1016	99	28	1	997	13	1013	0.0	1109
95cf1370-fdad-4451-8ccb-27f80a5cbc4e	gb:HM370978|Organism:Influenza	92.059	1020	29	42	1	986	1014	13	0.0	1387
8b53b682-5a3b-42b9-a9a1-c29d45703a0c	gb:HM370978|Organism:Influenza	96.900	1000	13	14	1	987	1014	20	0.0	1659
c667b69a-16e0-40cb-ba2b-fa80c8a3dbd5	gb:HM370979|Organism:Influenza	97.595	873	7	12	1	867	13	877	0.0	1483
ad86987b-197d-4af6-b0cb-afee0e4feef1	gb:HM370979|Organism:Influenza	97.931	870	7	7	1	864	877	13	0.0	1496
ee137512-1f46-47f9-b084-ad3b162b0bcb	gb:HM370979|Organism:Influenza	96.659	868	13	7	1	855	13	877	0.0	1428
109b922e-786b-4914-a7f0-25e0628b98f3	gb:HM370979|Organism:Influenza	94.539	879	24	18	6	877	874	13	0.0	1336
5fcfed90-0dc9-4410-894a-9ac5cc84d194	gb:HM370978|Organism:Influenza	86.660	1012	69	50	11	989	998	20	0.0	1061
2ad5218f-0c07-434a-9209-0371642db87b	gb:HM370978|Organism:Influenza	97.621	1009	6	12	1	998	13	1014	0.0	1714
5ebb237c-c311-4c14-a724-049e05f2b113	gb:HM370979|Organism:Influenza	98.619	869	4	8	1	865	877	13	0.0	1531
3acf21b5-aee0-4cba-bf4c-4c028cd97a71	gb:HM370978|Organism:Influenza	95.941	1010	15	17	1	992	1014	13	0.0	1615
6b08270d-323e-4403-9360-d6397a81576d	gb:HM370978|Organism:Influenza	96.355	1015	16	14	1	1007	1014	13	0.0	1650
254bee11-d927-49a6-b3d3-a7f633184b2e	gb:HM370978|Organism:Influenza	94.123	1021	33	23	1	1013	13	1014	0.0	1528
61fc62fd-c5f2-4580-89b4-cab401149f08	gb:HM370979|Organism:Influenza	95.378	887	15	15	1	883	877	13	0.0	1387
7c9a067b-e5c9-4d20-9bec-cdb9a04c1824	gb:HM370978|Organism:Influenza	96.524	1007	25	9	1	1002	1014	13	0.0	1657
6ef7abdb-108c-4a50-aa25-b37756f2495a	gb:HM370979|Organism:Influenza	95.672	878	19	15	1	875	877	16	0.0	1393
0c30ec29-c298-4fa1-a4d2-76f7b576e73b	gb:HM370978|Organism:Influenza	95.575	1017	19	20	1	1006	13	1014	0.0	1605
106a2285-1354-40ad-bc5c-989fe4b3b56b	gb:HM370978|Organism:Influenza	96.326	1007	15	18	3	994	15	1014	0.0	1635
c69e6c56-43d6-4a11-993e-3f636ab5ef23	gb:HM370978|Organism:Influenza	92.035	1017	34	34	1	985	13	1014	0.0	1386
10596429-8d75-4a4c-9274-f36a22ae113f	gb:HM370978|Organism:Influenza	94.701	1019	24	20	1	998	13	1022	0.0	1555
357fe46f-3d46-40d2-953e-b77c281d1ce7	gb:HM370978|Organism:Influenza	97.219	1007	11	14	1	995	1014	13	0.0	1688
98f8ac57-8438-4eda-89c6-7049429798f3	gb:HM370978|Organism:Influenza	94.778	1015	28	19	1	998	13	1019	0.0	1557
2b55f456-d33c-416c-8334-a4a6ba0ab19a	gb:HM370978|Organism:Influenza	96.226	1007	16	18	1	990	13	1014	0.0	1629
b352c936-d1fb-4045-b1e0-694ca0ece045	gb:HM370979|Organism:Influenza	95.876	873	18	17	1	863	877	13	0.0	1397
6fe255a8-db05-4412-9fe6-8de7ac29beeb	gb:HM370979|Organism:Influenza	96.778	869	8	13	1	853	13	877	0.0	1432
9b90701f-90f2-4556-b0d9-f852a5b195b8	gb:HM370978|Organism:Influenza	98.413	1008	4	12	1	1002	13	1014	0.0	1762
6bd50210-53e4-42a5-ba88-5be8a94cb4c9	gb:JN683632|Organism:Influenza	90.282	1029	51	39	1	1003	13	1018	0.0	1301
d571135f-22ff-4495-9eb5-beadd2601099	gb:HM370979|Organism:Influenza	96.259	882	13	13	1	879	877	13	0.0	1428
3a8c0292-3545-4e1b-9664-71afd7d44a75	gb:HM370978|Organism:Influenza	97.027	1009	9	18	1	995	13	1014	0.0	1677
7e4c4a22-eef5-4e87-9638-0083707db9a9	gb:HM370979|Organism:Influenza	98.046	870	8	8	1	866	13	877	0.0	1504
473ced7e-ee52-44cd-82b5-bcf8f6a8105e	gb:HM370979|Organism:Influenza	93.977	880	27	23	1	869	877	13	0.0	1308
0b20fd69-9e7f-4916-b0cc-aac2dd03cf21	gb:HM370979|Organism:Influenza	97.187	782	7	8	1	776	877	105	0.0	1308
e4582fc4-84f3-4e22-9979-8b79be5768eb	gb:HM370978|Organism:Influenza	96.032	1008	16	20	1	990	1014	13	0.0	1618
0fa2e90c-9aa8-4afb-929d-a73729a0b178	gb:HM370978|Organism:Influenza	95.238	1008	29	16	1	995	1014	13	0.0	1578
d62faad1-7480-4637-811a-2446a2ed8e7d	gb:HM370979|Organism:Influenza	95.747	870	15	14	1	853	877	13	0.0	1382
051988ba-ba4f-4d6f-a408-c27be61192df	gb:HM370978|Organism:Influenza	93.417	1033	27	30	1	1016	13	1021	0.0	1493
e27a8347-f481-4d94-837f-8143ef932c08	gb:HM370979|Organism:Influenza	90.878	877	44	27	1	852	12	877	0.0	1144
3aafb657-7f84-4c65-895b-259d396eb57b	gb:CY130127|Organism:Influenza	83.283	993	114	44	22	982	30	1002	0.0	867
ab7cac69-878e-4591-b272-89b2feae6110	gb:HM370979|Organism:Influenza	94.368	870	22	19	16	868	872	13	0.0	1310
2dccbf9b-bf3d-4e62-97be-82a56b14ed0b	gb:HM370978|Organism:Influenza	95.149	1010	14	29	1	983	13	1014	0.0	1561
2a6eb41f-e59a-4ecf-b177-6d7d4585d433	gb:HM370979|Organism:Influenza	98.272	868	8	5	1	864	13	877	0.0	1513
dd9a7f6a-3ebf-4dbf-89d2-7ddd35c90644	gb:HM370978|Organism:Influenza	96.937	1012	16	11	1	1007	1014	13	0.0	1683
60df0828-1a45-44dd-b3a7-2c680f0cc2a6	gb:HM370978|Organism:Influenza	98.010	1005	6	12	1	994	13	1014	0.0	1733
9d7db0af-6195-486b-b8c1-da648bb1821b	gb:HM370978|Organism:Influenza	98.805	1004	5	6	1	999	1014	13	0.0	1781
df0dbe86-4874-4c1c-b913-56dc8a98cb47	gb:HM370978|Organism:Influenza	97.230	1011	12	14	1	1004	13	1014	0.0	1698
d0bdab24-362e-4464-a53d-fd93d2833a07	gb:HM370978|Organism:Influenza	96.131	1008	18	18	1	993	13	1014	0.0	1626
9aef9ca5-adb6-41da-a2de-6356a8093f3e	gb:HM370978|Organism:Influenza	97.820	1009	9	11	1	1003	1014	13	0.0	1729
56d1a044-0ddc-401d-a353-c31e58ea06d0	gb:HM370978|Organism:Influenza	96.071	1018	11	20	9	1005	1022	13	0.0	1631
cb02db9e-8328-4d60-a217-2273ca74934a	gb:HM370979|Organism:Influenza	98.270	867	3	10	1	857	13	877	0.0	1507
e87b6a0b-da24-4b4b-988b-bda40a5c9127	gb:HM370978|Organism:Influenza	98.485	990	6	8	9	990	1001	13	0.0	1736
fa611b4d-530c-4a7e-853b-2574eef6e28d	gb:HM370979|Organism:Influenza	95.968	868	15	16	1	851	13	877	0.0	1391
a92aca1a-2370-42ac-b286-1c0ee9ad1744	gb:HM370978|Organism:Influenza	98.113	1007	8	10	1	1001	1014	13	0.0	1744
3351cbef-6b0f-498a-9072-b0dd35748924	gb:HM370978|Organism:Influenza	94.669	1013	20	22	1	990	13	1014	0.0	1541
12da8fd5-dfad-476b-bbfe-100e62d22b4e	gb:HM370979|Organism:Influenza	94.749	876	24	17	1	865	877	13	0.0	1343
8b04bf5a-89b7-4625-9088-e6bc54143da7	gb:HM370979|Organism:Influenza	97.276	881	12	10	1	877	5	877	0.0	1483
1f5a20d8-e7c4-44d4-8182-68e78aae31c9	gb:HM370978|Organism:Influenza	98.109	1005	9	8	1	998	1014	13	0.0	1742
dfcba69e-8712-4bea-bc5e-f8740af655bb	gb:HM370978|Organism:Influenza	97.236	1013	13	10	10	1010	5	1014	0.0	1701
1ff93e27-afa1-4e8f-b0bd-3fc9fe23e96a	gb:HM370978|Organism:Influenza	97.324	1009	10	10	1	999	13	1014	0.0	1698
17bf660e-1c02-44c3-8527-fa855f668729	gb:HM370978|Organism:Influenza	97.809	1004	11	9	1	995	13	1014	0.0	1722
122bb810-0ed7-419a-bcec-eb545a9a2a11	gb:HM370979|Organism:Influenza	97.235	868	13	10	1	860	13	877	0.0	1459
81ec0e53-a7ac-4879-93ea-52dbd077162f	gb:HM370979|Organism:Influenza	93.216	855	34	21	22	864	19	861	0.0	1236
3dc3297a-7ad9-47e5-80eb-3a109304ae40	gb:HM370979|Organism:Influenza	95.330	878	17	16	1	867	13	877	0.0	1373
6cd6fe28-26fb-470f-8099-ad457085b169	gb:HM370978|Organism:Influenza	98.111	1006	7	10	1	998	13	1014	0.0	1742
ffc6aca6-5226-4931-8ae3-39721f8ef390	gb:HM370978|Organism:Influenza	98.607	1005	8	5	1	1002	1014	13	0.0	1773
c19b4b1d-c19f-4e2b-8657-e52410af948b	gb:HM370979|Organism:Influenza	97.578	867	9	10	4	865	872	13	0.0	1474
0a090165-bda5-42fb-832e-a277514346e8	gb:HM370979|Organism:Influenza	97.011	870	10	16	1	859	13	877	0.0	1448
bbfce261-3e61-4ed0-b9f3-07f9bf4af66d	gb:HM370978|Organism:Influenza	98.406	1004	5	9	1	995	13	1014	0.0	1755
36ad0df1-92b3-4928-8840-4f574fcbde22	gb:HM370979|Organism:Influenza	92.947	879	28	28	5	868	872	13	0.0	1249
82b529c9-eb08-4478-8e94-143d8d061f70	gb:HM370978|Organism:Influenza	89.776	1027	50	44	1	997	1014	13	0.0	1264
cb3bed95-e586-4147-980e-4bd709e1081a	gb:HM370978|Organism:Influenza	94.726	1005	28	17	1	983	1014	13	0.0	1539
edbdea3b-a9f8-468b-ba65-1d7072e3983e	gb:HM370979|Organism:Influenza	98.044	869	9	7	1	865	13	877	0.0	1504
b4d352ae-f0f9-4432-b05f-614c031329d8	gb:HM370978|Organism:Influenza	98.318	1011	4	9	1	1007	1014	13	0.0	1760
e3433f36-0a76-4bac-aca0-76bbb35ec4fe	gb:HM370979|Organism:Influenza	94.090	863	29	13	1	847	877	21	0.0	1291
e042dc68-9998-49ad-9aae-72420602cafa	gb:HM370979|Organism:Influenza	97.113	866	15	9	1	857	13	877	0.0	1452
1b5756b0-97c5-4d86-99cd-7117365d7c5f	gb:HM370979|Organism:Influenza	89.714	875	45	37	1	840	13	877	0.0	1075
ab39fe71-3051-4d74-a3e3-7d622145aa03	gb:HM370978|Organism:Influenza	96.131	1008	19	17	1	994	1014	13	0.0	1628
74693b46-52ef-4f3c-a49d-00f359d167fc	gb:HM370979|Organism:Influenza	97.926	868	12	5	1	865	877	13	0.0	1498
c9143db2-b97e-40b3-bf24-d64e83636a81	gb:HM370978|Organism:Influenza	97.915	1007	8	10	1	999	1014	13	0.0	1731
f1921387-bc1c-4f5f-9050-deba878b485d	gb:HM370979|Organism:Influenza	98.385	867	10	3	1	865	13	877	0.0	1520
c965b4ef-c214-48a6-8e81-35c0e761631c	gb:HM370979|Organism:Influenza	97.464	552	7	7	9	555	18	567	0.0	935
c965b4ef-c214-48a6-8e81-35c0e761631c	gb:HM370979|Organism:Influenza	96.970	33	1	0	548	580	36	4	1.16e-06	56.5
1afbd626-7b86-4357-ba94-3394f21ba73f	gb:HM370978|Organism:Influenza	98.274	985	9	8	1	983	13	991	0.0	1718
f5365c89-08be-4807-810d-74ffb98e7be2	gb:HM370979|Organism:Influenza	96.536	866	15	13	4	860	872	13	0.0	1419
ae1f1585-fbd7-4338-90bc-ed87453fb4a7	gb:HM370979|Organism:Influenza	98.035	865	8	6	1	856	13	877	0.0	1495
e69e9201-f839-4ef4-ac70-daaa9d217ea9	gb:HM370978|Organism:Influenza	97.397	999	4	15	8	987	19	1014	0.0	1681
3f59c3f9-5f8e-452f-927f-202ebba50cf2	gb:HM370978|Organism:Influenza	97.921	1010	8	8	1	1005	1014	13	0.0	1736
d5dfb83b-12a6-44ea-8f5b-ea8eba9356e5	gb:HM370978|Organism:Influenza	96.548	1014	16	14	1	1007	1014	13	0.0	1661
95ddd507-c140-4613-b688-ab037d66d41a	gb:HM370979|Organism:Influenza	95.776	876	16	15	1	866	13	877	0.0	1393
56dfa124-b073-4be0-a0d2-19442a663158	gb:HM370978|Organism:Influenza	95.266	1014	20	23	3	1001	14	1014	0.0	1581
de440000-b7bb-493e-9668-8a9de34aa617	gb:HM370978|Organism:Influenza	95.172	1015	22	20	1	1004	13	1011	0.0	1578
e2b7b2ea-f2db-4cae-9d14-9debf34feb73	gb:HM370978|Organism:Influenza	95.537	829	13	19	1	808	1014	189	0.0	1304
e2b7b2ea-f2db-4cae-9d14-9debf34feb73	gb:HM370978|Organism:Influenza	96.026	151	2	3	903	1050	162	13	1.36e-62	243
2c50f502-22ea-4535-9683-b5413faa8191	gb:HM370979|Organism:Influenza	98.385	867	7	6	1	862	13	877	0.0	1517
8164098f-c8cd-43d1-af53-4561a58cb121	gb:HM370979|Organism:Influenza	93.622	878	20	23	1	858	13	874	0.0	1279
b35772e2-ace6-4c56-b3fa-aa4743ba026d	gb:HM370978|Organism:Influenza	93.928	1021	30	29	1	1008	13	1014	0.0	1513
30cc98c3-61bd-4a9a-92ce-124e4ed51684	gb:HM370978|Organism:Influenza	96.127	1007	17	15	1	990	13	1014	0.0	1624
4bcdb706-4af6-4b45-8a89-0090df2f9bc7	gb:HM370979|Organism:Influenza	93.607	876	22	28	1	853	877	13	0.0	1277
49dff744-26c0-43bf-a99c-a6263b0fa041	gb:HM370979|Organism:Influenza	95.063	871	23	12	1	857	13	877	0.0	1352
c521a200-f959-4ea2-9fe4-e6bfa4b481fc	gb:HM370978|Organism:Influenza	97.162	1022	9	13	6	1017	1024	13	0.0	1709
9348187a-266a-4f65-9de8-71412c77ee49	gb:HM370978|Organism:Influenza	97.126	1009	16	11	1	1003	1014	13	0.0	1690
08064c19-0d8f-464c-9101-0fa3f6baf766	gb:HM370979|Organism:Influenza	94.875	878	19	21	1	865	13	877	0.0	1349
4e15cdbb-7699-44f5-b3ee-d94b400bb813	gb:HM370978|Organism:Influenza	95.584	1019	14	24	1	1005	13	1014	0.0	1604
c70a50ab-d41d-4611-ae74-285a90f0d108	gb:HM370979|Organism:Influenza	97.712	874	12	7	1	868	877	6	0.0	1496
78e5fcab-d8f4-4699-b3c3-27b3de4ffa5e	gb:HM370978|Organism:Influenza	89.726	1022	52	34	2	979	1	1013	0.0	1256
5eb3f986-247a-46ca-b124-226b2d00abd5	gb:HM370978|Organism:Influenza	94.778	1015	25	20	1	1000	1014	13	0.0	1555
4aabad3c-28dd-4d02-b606-45ddd120dc41	gb:HM370978|Organism:Influenza	95.730	1007	22	18	1	991	1014	13	0.0	1602
225224a7-7afd-42e1-8f50-94680b962645	gb:HM370978|Organism:Influenza	95.768	1016	22	14	1	1009	1014	13	0.0	1618
c7378959-b855-4389-8133-8a9a512fe429	gb:HM370978|Organism:Influenza	94.216	1020	32	23	1	1011	13	1014	0.0	1531
b24edf80-26d8-4598-8d20-881b2f838904	gb:HM370978|Organism:Influenza	96.620	1006	19	12	1	995	1014	13	0.0	1655
842d0b7b-4882-4927-91f5-e8742a57bd0c	gb:HM370978|Organism:Influenza	94.587	1016	28	21	5	998	1023	13	0.0	1546
215777a3-fc4c-4515-aed1-772d3b682bd5	gb:HM370979|Organism:Influenza	95.853	868	17	13	3	858	873	13	0.0	1386
bd568cd9-4a6d-4b45-b94b-d436c1e58a28	gb:HM370978|Organism:Influenza	97.027	1009	11	14	1	997	1014	13	0.0	1679
4aed2df6-73bf-448c-875d-d8ccd615eba6	gb:JN683632|Organism:Influenza	90.812	1034	46	37	1	1004	13	1027	0.0	1338
a44c9abf-71f0-4959-a5af-a572ad228890	gb:HM370978|Organism:Influenza	97.421	1008	12	14	1	1000	13	1014	0.0	1705
ea0192e7-94b4-47ac-a5b0-6a01fbe11f5a	gb:HM370979|Organism:Influenza	92.630	882	28	26	1	862	877	13	0.0	1234
f4590028-5769-47a8-8467-280a42519a26	gb:HM370979|Organism:Influenza	97.445	861	16	5	1	856	877	18	0.0	1463
2c7c6165-1d3d-4e92-adab-00a44a0f7d1b	gb:HM370979|Organism:Influenza	96.110	874	19	14	1	868	13	877	0.0	1411
31ed845a-7399-49db-a14c-59c2e22a3121	gb:HM370978|Organism:Influenza	99.004	1004	3	6	1	999	1014	13	0.0	1792
d98f330c-1704-45e2-80a9-c71f30b216f8	gb:HM370979|Organism:Influenza	98.046	870	10	6	1	868	877	13	0.0	1506
03c851f5-eaaf-4d29-bea8-5840c3596021	gb:HM370979|Organism:Influenza	98.163	871	8	8	1	869	13	877	0.0	1513
14870645-daad-4f4c-811f-18587bf154e5	gb:HM370979|Organism:Influenza	98.942	851	5	4	22	869	862	13	0.0	1519
7363a0fa-93a2-47d7-8bc3-0d5c2853adf5	gb:HM370979|Organism:Influenza	97.235	868	6	14	5	862	872	13	0.0	1454
cb79161c-a7af-4846-b8fd-37305c0585a1	gb:HM370979|Organism:Influenza	93.333	870	30	18	5	854	874	13	0.0	1260
a3f32dad-e89d-4d28-9d87-fb576ebaf831	gb:HM370978|Organism:Influenza	98.606	1004	7	6	1	999	13	1014	0.0	1770
5b7f905f-43fc-413b-b550-7a20e3272624	gb:KJ889434|Organism:Influenza	90.594	1010	71	20	1	994	1014	13	0.0	1317
d8c162e2-c8f6-4d6a-902e-f56c45be3e8f	gb:HM370979|Organism:Influenza	97.917	864	5	8	5	860	871	13	0.0	1483
e74c3ed1-cd23-45a5-922d-27f1136784a5	gb:HM370979|Organism:Influenza	96.793	873	9	15	1	862	877	13	0.0	1439
ca02511a-4433-4079-9eff-73046c12b884	gb:HM370978|Organism:Influenza	97.743	1019	9	13	6	1018	1023	13	0.0	1742
71d6f9a6-2244-4852-aa4e-43a3b7f5e55b	gb:HM370978|Organism:Influenza	99.100	1000	3	4	5	999	1011	13	0.0	1792
2d04da58-2f1b-4ff5-8c87-fdb5b2c2b0a2	gb:HM370979|Organism:Influenza	95.276	868	16	19	1	846	877	13	0.0	1352
e8ea8305-ae57-44ff-98da-e9d210634257	gb:HM370978|Organism:Influenza	99.203	1004	3	4	1	1001	1014	13	0.0	1805
f083f28e-7a22-4727-a1c3-6d611f71cdbd	gb:HM370978|Organism:Influenza	95.455	1012	15	24	1	991	13	1014	0.0	1585
d959cea4-e484-4292-9de1-2f68d0224cfc	gb:HM370978|Organism:Influenza	97.915	1007	4	16	1	995	13	1014	0.0	1727
f3f89262-7d1a-4352-8fff-9428b9ea01f1	gb:HM370978|Organism:Influenza	97.214	1005	12	10	1	992	13	1014	0.0	1687
57f85c49-0c60-4542-8c34-068d20bfc0e2	gb:HM370978|Organism:Influenza	97.321	1008	13	13	1	1000	13	1014	0.0	1700
15799363-5d63-44bd-b87b-0a70c5c9ca99	gb:HM370978|Organism:Influenza	97.915	1007	10	9	1	1001	13	1014	0.0	1733
f26fdab9-b772-43e8-88e6-79456ea4997a	gb:HM370978|Organism:Influenza	94.597	1018	24	24	1	1003	1014	13	0.0	1546
a8826f01-92e2-4292-9888-3e6a9eabd0a8	gb:HM370978|Organism:Influenza	92.742	992	32	32	19	978	31	1014	0.0	1397
8ba8f3b2-07a8-43ee-a772-7e2f188064ee	gb:HM370979|Organism:Influenza	97.814	869	12	6	1	865	12	877	0.0	1493
be1fd6a2-e654-458c-8749-2c23d2938fbc	gb:HM370978|Organism:Influenza	96.853	1017	17	14	8	1016	5	1014	0.0	1687
ad7bc7ba-e65a-4e28-83ac-f5ffa6d8e688	gb:HM370978|Organism:Influenza	97.021	1007	18	11	1	1000	13	1014	0.0	1683
b8de7255-fb38-44f1-9492-c507cc1c0a2e	gb:HM370978|Organism:Influenza	98.804	1003	4	6	1	996	1014	13	0.0	1779
6710b879-06a3-4e76-8f99-d318ef0b4e76	gb:MF575062|Organism:Influenza	88.734	1003	94	13	1	985	1014	13	0.0	1208
0a7981b3-1184-4ef2-9a6a-d67c88b9f61d	gb:HM370978|Organism:Influenza	97.319	1007	4	14	2	992	15	1014	0.0	1688
e74aaed7-c64f-48ec-b2cf-bd0d8b17357b	gb:HM370978|Organism:Influenza	96.322	1006	14	18	1	987	1014	13	0.0	1631
5547ce65-5ae7-4f5e-9650-780185abb67a	gb:HM370978|Organism:Influenza	97.200	1000	11	13	13	1001	1006	13	0.0	1676
5b980353-1df5-4441-ac84-6c35d257d139	gb:HM370978|Organism:Influenza	95.837	1009	13	20	1	987	1014	13	0.0	1604
1ce2ed74-1350-43d7-8043-13dcb0ecd7a4	gb:HM370978|Organism:Influenza	94.700	1000	21	23	9	985	1003	13	0.0	1524
af1efe4f-8094-44fa-961a-8169d48ff6e6	gb:HM370979|Organism:Influenza	94.118	867	30	18	5	862	872	18	0.0	1299
58a71c07-cd91-4046-8b6e-33409362f5f0	gb:HM370978|Organism:Influenza	97.352	982	13	12	22	993	36	1014	0.0	1657
c19d4491-5d28-4373-900c-6919e913ea23	gb:HM370978|Organism:Influenza	98.406	1004	6	7	1	996	1014	13	0.0	1757
a5ce33f0-3e0c-4768-a70e-92bd4dd38578	gb:HM370978|Organism:Influenza	96.610	1003	14	17	5	993	1009	13	0.0	1646
543e8020-ad7c-4adb-91c5-c7cba9e1e885	gb:HM370978|Organism:Influenza	97.610	1004	8	11	1	990	1014	13	0.0	1707
1672ebf2-6a84-42e1-8f75-9906b52479aa	gb:HM370978|Organism:Influenza	99.301	1002	5	2	1	1000	13	1014	0.0	1810
f6aeb946-37b9-4e01-96da-0019a5b33db5	gb:HM370978|Organism:Influenza	98.504	1003	7	5	1	996	13	1014	0.0	1762
32bd0ece-da53-40a4-b974-2a0ca7e5e470	gb:HM370978|Organism:Influenza	98.807	1006	5	7	1	1003	1014	13	0.0	1784
313257a6-040d-42b2-a608-cd7d947b803a	gb:HM370978|Organism:Influenza	98.108	1004	8	8	1	995	1014	13	0.0	1738
b12b7aa5-5b04-4c8b-8815-673ab5a4a23d	gb:HM370978|Organism:Influenza	98.413	1008	2	11	1	1000	1014	13	0.0	1760
1cf747aa-10e4-4794-9ade-7621edff6819	gb:HM370978|Organism:Influenza	97.559	1024	11	9	2	1021	1	1014	0.0	1740
b37718c6-4c92-4b93-a4d2-36cae3e185bc	gb:HM370978|Organism:Influenza	98.904	1004	5	3	1	1000	1014	13	0.0	1788
a26c32e4-722e-4236-824a-29fde18bd4b9	gb:HM370978|Organism:Influenza	97.910	1005	5	12	1	992	13	1014	0.0	1725
a45d849e-5ded-46ed-92bc-2841e9ab6067	gb:HM370978|Organism:Influenza	98.806	1005	5	5	1	1001	1014	13	0.0	1783
64f7c5c7-a5b4-4d44-80f3-644f98bcb2d5	gb:HM370978|Organism:Influenza	92.829	1018	29	35	1	990	1014	13	0.0	1435
c7092b65-f9f9-4903-b552-993c5267a9e4	gb:HM370979|Organism:Influenza	96.149	857	17	13	11	857	863	13	0.0	1386
6a12254c-a2c0-4936-84cc-049176e2e97b	gb:HM370978|Organism:Influenza	97.904	1002	17	3	1	998	13	1014	0.0	1731
900aea62-ffc8-4073-9320-d3cba0c40316	gb:HM370978|Organism:Influenza	98.111	1006	11	6	3	1005	14	1014	0.0	1746
b38ebbb9-ec48-4b83-8a3a-e2a0cd99f54d	gb:HM370978|Organism:Influenza	97.515	1006	12	12	1	997	1014	13	0.0	1707
fe98a93a-7a78-4daf-b6f3-1f5749b4cdef	gb:HM370978|Organism:Influenza	91.837	1029	31	41	1	992	1025	13	0.0	1386
741e3dd5-793d-4c39-8f49-8fa42a473bfd	gb:HM370978|Organism:Influenza	90.900	1011	51	32	1	979	1014	13	0.0	1319
6a343336-0ab3-4db9-b511-6abcf3915404	gb:HM370979|Organism:Influenza	98.962	867	5	4	1	865	877	13	0.0	1548
de3551a5-b620-444d-b1da-ab3377cedcd0	gb:HM370978|Organism:Influenza	95.984	1021	21	16	1	1007	13	1027	0.0	1640
719bd0db-d2f4-492b-adf4-a3c1d94ff489	gb:HM370979|Organism:Influenza	83.857	892	73	57	1	848	13	877	0.0	784
944fbb82-253b-4257-9f55-8baf8fb581e5	gb:HM370978|Organism:Influenza	95.158	1012	26	19	1	999	1014	13	0.0	1576
70560aae-24f8-47e8-b568-24ec6fc4a1cf	gb:HM370979|Organism:Influenza	95.105	858	20	18	14	858	861	13	0.0	1332
e5d48977-0113-4e26-9a08-5b365e7fed2f	gb:HM370978|Organism:Influenza	98.209	1005	13	5	1	1003	13	1014	0.0	1751
b5359dea-1235-4f31-a8ce-ac3f91c15254	gb:HM370978|Organism:Influenza	99.102	1002	6	3	1	999	1014	13	0.0	1797
1e0021e2-5cea-4336-aa0c-d787a8372637	gb:HM370978|Organism:Influenza	95.243	1009	30	17	1	998	1014	13	0.0	1581
85763fe6-8aa9-4b52-8750-de4e6d6bb16c	gb:HM370978|Organism:Influenza	97.917	1008	10	9	1	1003	13	1014	0.0	1735
bfa024a3-0ad8-4317-ac71-1529059d06f9	gb:HM370978|Organism:Influenza	89.370	1016	53	42	1	976	13	1013	0.0	1227
bad26d6b-78be-446e-97f0-a5c8fe3f62cf	gb:HM370978|Organism:Influenza	90.206	1021	60	34	1	1000	13	1014	0.0	1295
9c95b935-74ea-4db3-a6f1-c345d75b5604	gb:HM370978|Organism:Influenza	90.448	1026	50	40	1	1002	1014	13	0.0	1308
333c322e-4aa7-425d-8238-e0b6e75e20e3	gb:HM370979|Organism:Influenza	86.971	875	57	42	1	828	877	13	0.0	931
a9d40b96-b308-4655-b1c9-2f265c167eae	gb:HM370978|Organism:Influenza	96.838	1012	13	15	1	1003	13	1014	0.0	1674
7f4a11ea-4e7b-43d8-a1db-c70e663430a5	gb:HM370979|Organism:Influenza	94.798	865	27	17	1	853	13	871	0.0	1332
1006e9df-2fb3-4780-9f1e-913e3e2c44ca	gb:HM370978|Organism:Influenza	91.879	1022	44	31	1	993	13	1024	0.0	1391
ea1e4870-5648-4daf-abd8-4fda956d4eb2	gb:HM370978|Organism:Influenza	91.847	1018	43	36	1	994	13	1014	0.0	1384
f06957bf-07f4-43bb-af41-415ec0bc75bf	gb:HM370978|Organism:Influenza	95.289	1019	17	25	1	1005	1014	13	0.0	1587
adbc86c6-789f-4430-9c15-40c795da8877	gb:HM370978|Organism:Influenza	97.520	1008	11	9	1	1000	13	1014	0.0	1711
9e41b9bc-37c4-4b71-88a2-2bb843b0d227	gb:HM370978|Organism:Influenza	97.024	1008	14	13	1	998	13	1014	0.0	1681
f0dda9cf-f743-46a1-8d10-edf8ec74df72	gb:JN706703|Organism:Influenza	95.294	1020	24	21	1	1002	1014	1	0.0	1596
f4dc7d16-0074-4ad3-bd61-5c082b93c0cb	gb:HM370979|Organism:Influenza	93.678	870	31	19	1	851	877	13	0.0	1280
a8c64c67-3c33-4a05-8dc0-766b5487b614	gb:HM370978|Organism:Influenza	97.024	1008	13	14	1	997	13	1014	0.0	1679
9ff1e824-21ad-48e3-a81f-b2c35f6ac426	gb:HM370979|Organism:Influenza	99.077	867	3	5	1	864	13	877	0.0	1552
7384d60c-5762-4f0c-8c0d-9b1df33af702	gb:HM370978|Organism:Influenza	96.660	1018	18	14	2	1007	1	1014	0.0	1677
94cbdafd-9771-409c-808a-46b4095d26fd	gb:HM370979|Organism:Influenza	98.733	868	5	4	1	865	877	13	0.0	1537
4426e9c8-b5cb-4466-b8a8-bce58f061f19	gb:HM370979|Organism:Influenza	98.845	866	8	2	1	865	877	13	0.0	1543
0f5312a0-2183-4427-b070-a72c829b151a	gb:HM370978|Organism:Influenza	96.819	1006	10	14	1	988	1014	13	0.0	1661
5825b8f1-2f7c-44b4-85af-29bfe84d3537	gb:HM370979|Organism:Influenza	97.232	867	11	10	1	858	13	875	0.0	1456
738274b9-5521-4c8e-af9c-f526305bbf62	gb:HM370978|Organism:Influenza	95.531	1007	26	17	4	998	15	1014	0.0	1592
eaaf9515-6213-44b3-8b76-93466460ac3d	gb:HM370979|Organism:Influenza	98.157	868	6	7	1	861	877	13	0.0	1506
81173546-c084-4382-86bb-3d0da6740620	gb:HM370978|Organism:Influenza	97.228	1010	14	14	1	1004	13	1014	0.0	1698
0d3c80ec-e127-43ca-87fb-a60da2668cfa	gb:HM370978|Organism:Influenza	98.218	1010	3	10	1	1003	1014	13	0.0	1751
094dc0a2-c3da-4727-8643-ddf4feb4ab5b	gb:HM370979|Organism:Influenza	96.241	878	16	16	1	874	877	13	0.0	1423
f012894a-e0ee-47ac-8112-e68e5ecde074	gb:HM370978|Organism:Influenza	85.911	1015	71	59	35	1012	39	1018	0.0	1016
8eec692b-b0c4-4470-a22e-8f2416497a20	gb:HM370979|Organism:Influenza	96.904	872	14	11	1	866	13	877	0.0	1448
b5d7483b-61d8-44d1-b681-f51072c7de2f	gb:HM370978|Organism:Influenza	94.286	1015	26	25	1	996	13	1014	0.0	1524
5efe95d9-4a05-477f-a18d-bda0f4894912	gb:HM370979|Organism:Influenza	95.692	882	24	10	1	875	13	887	0.0	1406
74e522c8-f47e-4cab-a8db-cca283ba2b0c	gb:HM370978|Organism:Influenza	96.450	1014	20	13	1	1010	1014	13	0.0	1659
16cf5cd4-7d45-4e72-bb68-a8174b3a036c	gb:KX977733|Organism:Influenza	89.364	1006	84	21	1	987	1014	13	0.0	1243
2fa557e9-acdf-49ca-a48a-d41a4ce64022	gb:HM370978|Organism:Influenza	99.003	1003	3	5	1	997	1014	13	0.0	1790
36fa8e2e-ca5e-4973-8091-9893327af2ff	gb:HM370978|Organism:Influenza	98.899	999	6	4	19	1012	1011	13	0.0	1779
7e68bf38-a351-4f12-a45f-3051ca7b8688	gb:HM370979|Organism:Influenza	98.844	865	5	4	1	860	13	877	0.0	1537
60d57130-f233-43d0-b58c-c55a68b16b9f	gb:HM370978|Organism:Influenza	95.898	1024	20	18	2	1013	1	1014	0.0	1639
c1a73afb-10ae-41d7-8e57-82153a156ccf	gb:HM370978|Organism:Influenza	97.515	1006	8	14	1	993	1014	13	0.0	1703
9e04583a-56fa-46ec-817a-0f91ef2d7361	gb:HM370979|Organism:Influenza	95.298	872	20	16	1	858	877	13	0.0	1363
c72c1f6e-a983-449d-8328-4e3c666a0684	gb:HM370979|Organism:Influenza	96.207	870	15	13	1	857	877	13	0.0	1408
58ba9bc1-e3ca-447c-b04e-410956cacbb5	gb:HM370978|Organism:Influenza	98.611	1008	6	7	1	1006	1014	13	0.0	1777
1fe1b018-ce99-48b9-b3d2-b9bc316984ed	gb:HM370979|Organism:Influenza	99.423	867	2	3	1	866	13	877	0.0	1570
bd634668-14fe-49fc-acf9-743e50acf943	gb:HM370978|Organism:Influenza	99.304	1006	2	4	1	1005	1014	13	0.0	1814
2413bc07-905e-4c8f-b7a2-08d47bab4e16	gb:HM370978|Organism:Influenza	97.919	1009	9	10	1	1004	13	1014	0.0	1736
79eddd09-1f08-4c1c-94e8-99d953c19cdb	gb:HM370978|Organism:Influenza	97.228	1010	10	15	1	1000	1014	13	0.0	1694
833f2c0d-3081-4d9e-a62f-cb22262a183d	gb:HM370979|Organism:Influenza	97.595	873	8	11	1	868	13	877	0.0	1483
ac7ff4cf-c9cd-4f74-83a4-40b042ee9c60	gb:HM370978|Organism:Influenza	92.240	1018	34	38	1	989	1014	13	0.0	1400
a147a71f-eeee-4624-8f41-0e7e723aa3d3	gb:HM370979|Organism:Influenza	98.387	868	7	7	1	864	13	877	0.0	1519
c35789ff-b6e8-47cb-9017-f37474a7d7e2	gb:HM370978|Organism:Influenza	97.917	1008	8	11	1	1001	1014	13	0.0	1733
5badfc9c-1f96-4e34-ac17-c8d7a29b2ce0	gb:HQ871934|Organism:Influenza	89.792	1009	80	20	1	993	1	1002	0.0	1271
8bde1b8b-2612-48a1-9dec-309f72944e6b	gb:HM370979|Organism:Influenza	98.276	870	4	8	1	864	13	877	0.0	1513
05b18ffe-52c4-4693-803e-04cfe4393edd	gb:HM370978|Organism:Influenza	95.961	1015	18	17	1	1005	13	1014	0.0	1626
7491a346-bc9c-4c4f-8c07-73e4accfb9c5	gb:HM370978|Organism:Influenza	94.428	1005	22	27	10	989	19	1014	0.0	1515
66554582-2de8-416c-8bba-a8e219e68936	gb:HM370979|Organism:Influenza	98.849	869	2	7	1	865	877	13	0.0	1543
ab24a8fc-61ae-4fc3-94b5-7f8494ec8dc1	gb:HM370978|Organism:Influenza	99.104	1004	3	5	1	1000	1014	13	0.0	1799
d80ce366-ae52-4b7c-852e-1f0ace703c63	gb:HM370979|Organism:Influenza	98.041	868	10	7	1	864	877	13	0.0	1502
fd772302-d017-407e-bea2-71e55df0dbaa	gb:HM370978|Organism:Influenza	95.945	1011	20	15	1	999	13	1014	0.0	1620
9c7ff52c-535e-4340-9157-b2e3e071b3ca	gb:HM370979|Organism:Influenza	97.803	865	7	10	1	859	877	19	0.0	1482
5b887d64-ac4b-4852-a942-bdac35b8329b	gb:HM370978|Organism:Influenza	90.215	1022	47	44	1	990	13	1013	0.0	1284
5d79f890-01ee-433b-9312-b6709260a910	gb:HM370978|Organism:Influenza	97.114	1005	15	12	1	994	1014	13	0.0	1683
acba7e47-51d3-4ba4-b74f-a19e54b9d6b9	gb:HM370978|Organism:Influenza	97.371	989	3	12	13	981	29	1014	0.0	1661
37da5c56-7641-409f-b8b2-5db9e8496ce8	gb:HM370978|Organism:Influenza	96.925	1008	7	14	1	990	1014	13	0.0	1668
e3df9198-6423-4696-90d0-93a8614acee9	gb:HM370979|Organism:Influenza	92.477	864	34	28	5	841	872	13	0.0	1206
27834727-635d-49bb-88f5-ffcef56da9bf	gb:HM370978|Organism:Influenza	97.515	1006	11	9	1	996	13	1014	0.0	1707
fed4d041-ca8e-4ec1-9029-3ff2d839327e	gb:HM370978|Organism:Influenza	95.743	1010	20	19	1	995	1014	13	0.0	1605
46bbc765-baca-4c70-b424-e959fb141c14	gb:HM370979|Organism:Influenza	97.166	882	10	12	2	873	1	877	0.0	1476
0ead7d76-c73e-4751-8a10-f90efa1cfc6c	gb:HM370979|Organism:Influenza	94.211	881	20	26	103	962	7	877	0.0	1315
f06cd2fb-e250-4642-b735-1a8d0d8baa4e	gb:MF575062|Organism:Influenza	88.768	1015	87	21	12	1006	7	1014	0.0	1218
889583ce-c501-45ad-a753-36cca7f4c38d	gb:HM370978|Organism:Influenza	98.416	1010	7	8	1	1009	1014	13	0.0	1768
8e791383-8aac-4c39-ac21-8f3d34de2fd3	gb:HM370978|Organism:Influenza	96.131	1008	16	19	1	991	13	1014	0.0	1624
4712b59c-755f-4c7e-b145-5c399dcb01b4	gb:HM370978|Organism:Influenza	93.307	1016	36	28	1	998	13	1014	0.0	1471
4c1f0279-6208-43b1-a1cb-7dbc6c8da0e9	gb:HM370978|Organism:Influenza	98.104	1002	7	6	1	990	13	1014	0.0	1735
0f13a42e-918b-4595-86d3-559704a723f4	gb:HM370978|Organism:Influenza	96.733	1010	11	17	1	996	13	1014	0.0	1663
aad96873-a4ff-4801-9172-7fa3f31afd63	gb:HM370978|Organism:Influenza	94.763	1012	22	28	1	991	13	1014	0.0	1546
e9d6155c-227b-49ff-b1fa-ded4619b70e1	gb:HM370979|Organism:Influenza	96.667	870	17	10	1	863	13	877	0.0	1435
a079a7a3-3f78-4a98-857a-d39b0f74723c	gb:HM370979|Organism:Influenza	91.438	876	31	31	1	843	13	877	0.0	1162
dc826939-e26f-4932-9cf2-a1bc86d2b77b	gb:HM370963|Organism:Influenza	93.281	1012	29	30	1	990	1014	20	0.0	1456
c9019673-ff67-4b71-bed6-e16ecd68f153	gb:HM370978|Organism:Influenza	91.423	1026	35	41	1	997	1014	13	0.0	1358
981ff2c6-d9cc-4f75-902c-c40d04eeaf31	gb:HM370978|Organism:Influenza	97.718	1008	8	12	1	999	1014	13	0.0	1720
98cc6061-e877-46eb-83a4-3b33b10fb053	gb:HM370978|Organism:Influenza	96.813	1004	18	11	1	992	13	1014	0.0	1664
ca0787f3-a085-4022-afcf-88a797fc7db4	gb:HM370978|Organism:Influenza	94.955	1011	28	20	1	997	13	1014	0.0	1563
65793575-0d68-430d-a803-354fef6e09f0	gb:HM370979|Organism:Influenza	97.241	870	12	11	1	863	13	877	0.0	1463
8dcdc5cc-8434-4d4e-80d4-9162bc78d8b0	gb:HM370978|Organism:Influenza	96.726	1008	17	12	1	998	1014	13	0.0	1664
771ffff8-6d9d-4862-acd4-98f70195fc76	gb:CY164401|Organism:Influenza	89.254	1005	75	19	1	975	1	1002	0.0	1227
7a2dbc3b-be56-4dfa-be11-b185b0cb6b6f	gb:HM370978|Organism:Influenza	98.018	1009	7	10	1	1003	13	1014	0.0	1740
829c49f6-214a-4d12-b0f0-7246c025b40c	gb:HM370978|Organism:Influenza	98.905	1005	5	5	1	1002	1014	13	0.0	1790
e570a074-3e3a-40c8-8c2c-20a7a3333819	gb:JN683632|Organism:Influenza	91.078	1020	51	33	1	998	13	1014	0.0	1343
992e4b11-853b-4e1d-962d-28b9c33b07d0	gb:HM370978|Organism:Influenza	97.672	988	8	10	20	999	34	1014	0.0	1683
e6975f4e-a0b8-409b-ba4d-58295f2f281c	gb:HM370978|Organism:Influenza	97.332	1012	10	13	1	1005	13	1014	0.0	1703
3c3595bb-e408-4d6a-88c0-0166b4651738	gb:HM370979|Organism:Influenza	97.251	873	14	8	1	871	13	877	0.0	1471
50a5e968-1084-4778-a657-e216395a3c0e	gb:HM370978|Organism:Influenza	97.021	1007	10	13	1	992	13	1014	0.0	1676
19e05563-f797-4654-b4e8-85fbf70891a2	gb:HM370978|Organism:Influenza	95.392	1020	21	17	1	1004	13	1022	0.0	1600
5548a3a4-74fc-4649-9900-b7a1a2e7dc96	gb:HM370978|Organism:Influenza	97.505	1002	13	8	1	991	1014	14	0.0	1701
293f1c90-4c7c-40d5-bc4e-4f9727010332	gb:HM370978|Organism:Influenza	98.010	1005	5	10	1	993	1014	13	0.0	1731
b42d0766-9685-4e76-83bd-36410aabc8fa	gb:HM370979|Organism:Influenza	95.150	866	17	17	22	873	872	18	0.0	1343
55b3f227-7abf-4297-b680-7512efb0866c	gb:HM370979|Organism:Influenza	96.556	871	15	11	1	862	13	877	0.0	1428
8accd600-621b-4dc2-a231-596129ea906a	gb:HM370979|Organism:Influenza	97.838	879	11	8	1	872	13	890	0.0	1511
36efcabc-99d3-4e09-8d1c-8b7e35f9ab57	gb:HM370979|Organism:Influenza	98.041	868	12	5	1	866	13	877	0.0	1504
4f8ce7b5-0966-4200-a544-88e54f8d0506	gb:HM370979|Organism:Influenza	95.977	870	20	13	1	860	13	877	0.0	1399
cc18ba8a-5559-44f5-8ee0-488e0f456edc	gb:HM370978|Organism:Influenza	97.811	1005	6	12	1	992	1014	13	0.0	1720
bed0cb31-9acc-401a-9f93-efb29ec2f4e8	gb:HM370978|Organism:Influenza	96.142	1011	12	14	1	993	13	1014	0.0	1626
db4a9734-d148-4bb2-a246-a2b81d9e07f9	gb:HM370978|Organism:Influenza	91.211	1024	40	40	1	992	1014	9	0.0	1347
8f4c7bd1-9dcd-4243-a1b4-0df9e2524064	gb:HM370978|Organism:Influenza	93.412	1017	30	29	1	995	13	1014	0.0	1472
823966c5-f277-4a1c-83cd-b2029dec7ef8	gb:HM370979|Organism:Influenza	94.361	869	31	13	4	863	872	13	0.0	1317
1a9912b3-9e72-41d0-a40a-ff7d75b2a2a1	gb:HM370978|Organism:Influenza	92.962	1023	26	32	1	998	1014	13	0.0	1448
8f11cbd0-35e0-4fcb-92db-ad9b7eac9d92	gb:HM370978|Organism:Influenza	91.389	1022	41	34	1	996	1014	14	0.0	1356
390dc9e4-d3be-4792-9479-cf29c4512aca	gb:HM370979|Organism:Influenza	99.538	865	4	0	1	865	877	13	0.0	1576
c7f82dd7-3376-4988-86c3-a5a109729b99	gb:HM370979|Organism:Influenza	98.509	872	5	6	1	871	13	877	0.0	1531
fdbd3fa6-38db-43c6-9ff4-d8e483c3ac80	gb:HM370978|Organism:Influenza	99.405	1009	2	4	1	1006	1014	7	0.0	1827
8fd29294-b780-4eb3-8a83-27832a6e3e6e	gb:HM370978|Organism:Influenza	96.326	1007	14	20	1	989	13	1014	0.0	1633
63babd37-1e28-43e7-91e3-e5684fe0e6bd	gb:HM370979|Organism:Influenza	92.018	877	30	31	3	844	6	877	0.0	1195
883a47af-a10a-4776-bd96-091a4f83109e	gb:HM370978|Organism:Influenza	96.829	1009	16	13	1	1000	1014	13	0.0	1672
5b43a4e9-e112-4dbf-b29e-7c889ff49bcb	gb:HM370978|Organism:Influenza	95.486	1019	16	22	1	1006	13	1014	0.0	1600
7dd09600-cf3d-4283-b1a9-01eeddf4b86b	gb:HM370979|Organism:Influenza	97.353	869	11	12	1	861	13	877	0.0	1467
df793669-892b-4452-a86a-45277e6c7059	gb:HM370978|Organism:Influenza	96.819	1006	20	10	1	998	1014	13	0.0	1670
18e323dd-f2c0-4ec9-bd1f-a16eeb09ed11	gb:HM370978|Organism:Influenza	97.915	1007	11	9	1	1002	13	1014	0.0	1735
60128dfd-266c-4b19-accd-8dd785b75ebf	gb:HM370978|Organism:Influenza	94.059	1010	31	25	1	989	1014	13	0.0	1506
b4c629d8-cccf-4220-bbf8-8ad56942a423	gb:HM370979|Organism:Influenza	97.468	869	13	8	1	864	13	877	0.0	1474
90a76902-55c8-4703-b46d-5d52fbc0c732	gb:HM370978|Organism:Influenza	96.894	998	13	17	11	996	23	1014	0.0	1655
6f516906-69c3-4923-a2a3-51065189416c	gb:HM370978|Organism:Influenza	97.416	1006	18	7	1	1002	13	1014	0.0	1707
939100eb-c7c8-4456-9eb0-289e63398308	gb:HM370979|Organism:Influenza	96.211	871	19	12	1	863	877	13	0.0	1413
5bd257fd-b397-45c8-a6ce-5d01b00a01a7	gb:HM370979|Organism:Influenza	94.124	868	31	11	1	851	13	877	0.0	1303
91345015-abb0-4e98-9ee4-b805f82da778	gb:HM370978|Organism:Influenza	96.337	1010	12	18	1	993	1014	13	0.0	1637
34cc8abf-4036-4939-a7f7-97ec3fe1b43a	gb:HM370978|Organism:Influenza	91.309	978	33	41	44	995	967	16	0.0	1288
62db4213-aedd-499a-9e3d-d55104ac7d5c	gb:HM370979|Organism:Influenza	96.552	870	16	12	1	860	12	877	0.0	1428
6caaf76e-cde0-43bb-8b98-aa2dc5c26165	gb:HM370978|Organism:Influenza	99.204	1005	3	4	1	1003	1014	13	0.0	1807
ae9edfbf-50a6-4f55-87b1-8e920975f7aa	gb:HM370979|Organism:Influenza	95.986	872	19	15	1	863	877	13	0.0	1402
ce719cab-49a2-4975-8a09-4eb8e48493f7	gb:HM370978|Organism:Influenza	97.517	1007	10	9	1	997	13	1014	0.0	1707
fe13b445-5509-4880-a481-292587c3d6c2	gb:HM370978|Organism:Influenza	98.706	1005	5	7	1	1000	13	1014	0.0	1777
d75512ce-782a-44c9-ae59-d24f8c59d49c	gb:HM370978|Organism:Influenza	97.515	1006	18	7	1	1003	13	1014	0.0	1712
f3adc1d0-e028-4295-b397-83a7663c17dc	gb:HM370978|Organism:Influenza	98.207	1004	10	6	1	998	1014	13	0.0	1748
77efe22d-8ae7-48fa-8c18-30408b22776e	gb:HM370978|Organism:Influenza	97.727	1012	5	15	1	1004	13	1014	0.0	1725
094dd843-203c-480d-a651-1068315a4da8	gb:HM370979|Organism:Influenza	95.612	866	15	17	1	853	13	868	0.0	1367
dc4db72f-6bb7-499f-8b4b-ebcf8b76f8d3	gb:HM370979|Organism:Influenza	99.654	866	2	1	1	866	13	877	0.0	1581
0c8a88f5-fee6-4c9b-8cec-4e99235b4aec	gb:HM370979|Organism:Influenza	97.933	871	6	8	1	865	877	13	0.0	1498
73b8b30e-2a9e-4194-ab23-edb5516d3875	gb:HM370979|Organism:Influenza	98.378	863	8	6	4	862	873	13	0.0	1511
62d882a4-d76c-428a-832b-128ee0fec70e	gb:HM370979|Organism:Influenza	93.476	889	28	20	1	870	13	890	0.0	1293
713a903d-fc6f-4906-b77b-e1d55b403ddd	gb:HM370978|Organism:Influenza	94.210	1019	20	32	1	997	13	1014	0.0	1519
2f48b5c9-f0eb-40f7-a1ce-3e0b1690d416	gb:HM370978|Organism:Influenza	94.274	1013	16	26	1	982	13	1014	0.0	1511
de2a769e-8ce0-41cc-8680-07f2be08dc75	gb:HM370978|Organism:Influenza	95.545	1010	19	20	1	992	13	1014	0.0	1592
e85c900a-3a53-46a2-8c78-298996f4cc7b	gb:HM370978|Organism:Influenza	97.413	1005	8	12	1	990	13	1014	0.0	1696
b2d02c49-e5f0-4d60-88cd-ea7344ff4c7a	gb:HM370978|Organism:Influenza	98.805	1004	7	4	1	1001	13	1014	0.0	1783
f19bcb2d-ea27-406b-84c7-4cc5563f9b20	gb:HM370979|Organism:Influenza	98.269	809	5	8	1	805	13	816	0.0	1408
b7473af2-038c-4e91-b8ed-f6dbbf59cc31	gb:HM370978|Organism:Influenza	96.036	1009	23	12	4	1005	15	1013	0.0	1626
6b84b0b5-36d3-4c69-b549-4e8ee820e46c	gb:HM370979|Organism:Influenza	97.232	867	10	11	1	855	13	877	0.0	1456
58c0c125-f5f3-43ed-9fae-c2cdb02bb752	gb:HM370978|Organism:Influenza	97.313	1005	11	14	1	992	13	1014	0.0	1692
de91ac27-630c-4cdc-be82-c2121d19b1ee	gb:HM370978|Organism:Influenza	97.730	1013	9	9	1	1010	1014	13	0.0	1731
bf793f38-a40a-4047-bbc0-352dc36ee98e	gb:HM370978|Organism:Influenza	97.134	1012	10	11	1	1003	1014	13	0.0	1690
4658e26f-eb5d-4591-8dca-2ed9e3bbcbc5	gb:HM370979|Organism:Influenza	98.144	862	6	6	5	858	872	13	0.0	1495
6482f5a0-f1c7-43fd-ba25-6365e564c474	gb:HM370978|Organism:Influenza	93.438	1021	24	24	1	997	13	1014	0.0	1474
8e1a7a14-6ced-46ad-b72f-a4236afc7f4a	gb:HM370979|Organism:Influenza	97.126	870	9	13	1	859	13	877	0.0	1454
f600be25-56eb-4c54-ba25-c517841fb6eb	gb:HM370978|Organism:Influenza	88.345	1021	63	49	1	984	13	1014	0.0	1175
88af44d8-37da-408c-8d0b-95e8951f47d6	gb:HM370978|Organism:Influenza	98.213	1007	9	9	1	1003	13	1014	0.0	1751
e8efd939-4ddf-4d7f-b659-cd692742fa46	gb:HM370978|Organism:Influenza	99.501	1002	2	3	1	999	13	1014	0.0	1820
9a881225-0f0c-47c6-9f8f-0718e88b97b7	gb:HM370978|Organism:Influenza	97.532	1013	9	14	1	1008	13	1014	0.0	1718
dc0f148a-43f6-486f-9905-057e5a5427f8	gb:HM370979|Organism:Influenza	98.383	866	3	8	1	856	13	877	0.0	1511
0e7184d7-9b0d-4255-906a-bb5ead6b57ec	gb:HM370979|Organism:Influenza	98.962	867	2	5	1	862	877	13	0.0	1544
81afb8f8-e7cc-4afa-ab96-6bade4651c79	gb:HM370978|Organism:Influenza	98.016	1008	9	7	1	1003	1014	13	0.0	1740
66b473a3-a98c-4ac1-b804-9acd91483f39	gb:MH546990|Organism:Influenza	89.990	1009	63	28	3	983	12	1010	0.0	1269
7e258432-0998-404b-b65f-f848b85be447	gb:HM370978|Organism:Influenza	98.905	1005	7	4	1	1004	1014	13	0.0	1792
b7a4d676-8a83-4159-b41d-d448e74a4d2d	gb:HM370978|Organism:Influenza	96.267	1018	10	23	1	1006	13	1014	0.0	1644
8993e1a0-2b78-418a-9519-6dcf19e09ca6	gb:HM370978|Organism:Influenza	93.776	980	29	23	39	995	44	1014	0.0	1443
6a42918e-ebe3-4a21-9402-c5869ce4abd0	gb:HM370978|Organism:Influenza	98.507	1005	7	7	1	1000	1014	13	0.0	1766
04ba9f2f-b3ed-4512-aada-ade0a4b837ed	gb:HM370978|Organism:Influenza	95.580	1018	22	20	1	1011	13	1014	0.0	1609
fc8cb62e-4f6a-445d-984d-dad9b4a46a2a	gb:HM370978|Organism:Influenza	96.739	1012	12	16	1	1001	13	1014	0.0	1666
073e4323-a58f-415f-a98b-b04cfeac1afe	gb:HM370979|Organism:Influenza	90.304	887	38	38	89	936	890	13	0.0	1118
c8b6e4d7-d524-4370-9d19-4a2d4467c736	gb:HM370978|Organism:Influenza	96.780	1025	15	16	1	1017	13	1027	0.0	1694
18c0f781-7ba0-4a7e-a5e7-eae20aa36cfa	gb:HM370978|Organism:Influenza	97.324	1009	11	12	1	1000	1014	13	0.0	1700
bb749472-8c9d-4650-b126-7c0044f2deb2	gb:HM370978|Organism:Influenza	97.316	1006	13	12	5	1003	1011	13	0.0	1696
cfca1a7a-8452-48bb-bebf-5b19227da176	gb:HM370978|Organism:Influenza	88.967	997	73	31	11	988	22	1000	0.0	1197
64b5a702-da07-4ac9-8f89-6e9b207fa9d8	gb:HM370978|Organism:Influenza	93.695	1015	34	24	1	998	1014	13	0.0	1493
077645b5-513d-4a89-911a-dd0d65c51495	gb:HM370978|Organism:Influenza	97.537	1015	6	13	1	1002	13	1021	0.0	1718
9fcf4a76-1cb9-4d13-a544-8d10b89d7f72	gb:HM370978|Organism:Influenza	97.621	1009	6	13	1	998	13	1014	0.0	1714
74c2e3b6-3393-448b-a0ad-7b7c650411d7	gb:HM370978|Organism:Influenza	97.614	1006	7	16	1	993	1014	13	0.0	1709
34a3ddb2-692b-423d-9844-06481f143117	gb:HM370979|Organism:Influenza	95.568	880	19	16	1	875	877	13	0.0	1391
ce36e050-2e3c-4bbf-9c0c-72722cb84ac4	gb:HM370978|Organism:Influenza	97.120	1007	9	17	1	992	1014	13	0.0	1681
e76f8e83-0b0c-4ad5-9846-348c343dd38f	gb:HM370979|Organism:Influenza	90.794	869	45	29	8	850	18	877	0.0	1129
e99d8b13-d8d0-4484-a43e-b2ab0a4927ef	gb:HM370978|Organism:Influenza	96.047	1012	14	19	1	996	13	1014	0.0	1624
1f49225e-8a70-460e-aa0b-87ba1692c6c6	gb:HM370978|Organism:Influenza	94.874	1034	26	23	1	1026	13	1027	0.0	1591
1917b50a-553d-438e-aefa-307a5b1f8e58	gb:HM370978|Organism:Influenza	97.716	1007	9	10	1	998	1014	13	0.0	1720
993748be-e07e-47b0-9810-9f0af26b88ba	gb:HM370978|Organism:Influenza	94.828	986	29	19	18	986	993	13	0.0	1519
96a62bef-68d4-439f-8907-3af59a11204c	gb:HM370979|Organism:Influenza	92.273	880	43	21	1	870	13	877	0.0	1225
157121de-7410-42e9-a859-4a487330fbb2	gb:HM370978|Organism:Influenza	97.989	746	6	7	1	743	13	752	0.0	1286
157121de-7410-42e9-a859-4a487330fbb2	gb:HM370978|Organism:Influenza	92.821	195	8	4	742	931	821	1014	3.29e-73	278
6c07db81-b0c1-4ade-b510-fbff8a5393b8	gb:HM370979|Organism:Influenza	96.556	871	9	15	1	856	13	877	0.0	1423
cd7ec016-6d78-425a-96fb-27505a7dea16	gb:HM370979|Organism:Influenza	97.123	869	8	12	1	856	877	13	0.0	1450
f391a294-d8bb-4be8-8f13-23235d5bd69d	gb:HM370979|Organism:Influenza	96.674	872	17	10	1	867	13	877	0.0	1439
094c71cb-a7a1-4270-a679-62f1ee7fab31	gb:HM370978|Organism:Influenza	97.123	1008	17	11	1	1002	13	1014	0.0	1690
0a5f2f02-8f95-4278-b78e-5aefb9ccf4e5	gb:HM370978|Organism:Influenza	98.704	1003	5	6	1	996	1014	13	0.0	1773
bba8dedf-9779-4a3f-80fd-69fa6800aa0f	gb:HM370978|Organism:Influenza	98.607	1005	8	6	1	1002	1014	13	0.0	1773
0a48aed4-64e3-43f2-8091-c3d699d4bc58	gb:HM370978|Organism:Influenza	97.714	1006	10	12	1	997	1014	13	0.0	1718
da1af3a7-0a68-4768-90d7-fac857305591	gb:HM370979|Organism:Influenza	97.693	867	10	9	1	859	877	13	0.0	1482
e1a17c52-6fb7-40cc-8fa3-4b56e8fe1bd8	gb:HM370979|Organism:Influenza	97.693	867	8	7	1	857	13	877	0.0	1480
b10b401b-8014-4c10-86f0-a32449f0d679	gb:HM370978|Organism:Influenza	99.202	1003	3	4	1	999	13	1014	0.0	1803
da499f6a-771d-4e1b-8844-50ce39079f92	gb:HM370978|Organism:Influenza	95.486	1019	21	21	112	1118	1018	13	0.0	1604
8063d034-b33c-4aaa-ad3f-465d3aab16ed	gb:HM370978|Organism:Influenza	96.813	1004	16	12	3	995	16	1014	0.0	1663
710ae17c-f913-48cd-9a43-c2a50cd62c44	gb:HM370978|Organism:Influenza	94.544	1008	24	22	3	986	1013	13	0.0	1528
d4f61319-9476-46fa-a498-c8d2164b2c87	gb:HM370978|Organism:Influenza	98.310	1006	6	11	1	999	1014	13	0.0	1753
563727fa-770b-4b6c-b980-5800cd954cd3	gb:HM370978|Organism:Influenza	95.957	1014	11	22	1	996	1014	13	0.0	1618
12e4db00-555f-44d4-a1be-b937d63a5390	gb:HM370978|Organism:Influenza	96.040	1010	16	15	1	994	1014	13	0.0	1622
444f91bf-3e5c-4117-a095-c69d8abbf860	gb:HM370978|Organism:Influenza	94.955	1011	25	23	1	994	13	1014	0.0	1561
5599fce9-ecc9-4f2e-8c16-9c3932dd40a1	gb:HM370978|Organism:Influenza	96.337	1010	22	13	1	1003	1014	13	0.0	1646
9170c4d2-0447-44d6-aa0b-7e438a62e556	gb:HM370978|Organism:Influenza	97.532	1013	7	15	1	1006	13	1014	0.0	1716
5ea7c171-4a87-4c67-b2ee-4df1c461e0a9	gb:HM370978|Organism:Influenza	94.423	1022	19	28	1	1004	1014	13	0.0	1537
b0e84140-b064-4b50-9703-bff79dc23cc9	gb:HM370978|Organism:Influenza	91.317	1025	36	41	4	1001	16	1014	0.0	1351
2ead2161-6cc4-4a5d-8dbf-8e60ca0ae3e8	gb:HM370978|Organism:Influenza	96.200	1000	17	15	6	991	19	1011	0.0	1616
53429853-71f1-44c9-adf9-5017f9126939	gb:HM370978|Organism:Influenza	98.607	1005	5	7	1	999	1014	13	0.0	1770
9b3c88cc-74fd-4992-9c9f-fbf424b2f6fb	gb:HM370978|Organism:Influenza	97.624	1010	12	11	1	1006	13	1014	0.0	1722
952b91a6-4953-499b-8440-f0551191d73e	gb:HM370978|Organism:Influenza	97.705	1002	13	6	1	992	1014	13	0.0	1714
8d899772-7eeb-4628-ae7f-97012a8a7165	gb:HM370978|Organism:Influenza	99.003	1003	5	5	1	999	13	1014	0.0	1792
04f5460e-8033-4999-986d-5cbb01e02db1	gb:HM370978|Organism:Influenza	96.249	1013	15	20	1	1001	13	1014	0.0	1639
e6fa85a7-a312-4d88-be86-811e833cae98	gb:HM370978|Organism:Influenza	95.696	999	18	21	10	992	25	1014	0.0	1583
bd95d15a-74e7-41f5-96c0-9c51596970ef	gb:HM370979|Organism:Influenza	98.616	867	8	4	3	867	877	13	0.0	1531
24b33c64-d4e4-48fd-a62f-01eb85881909	gb:HM370978|Organism:Influenza	98.406	1004	9	6	1	999	13	1014	0.0	1759
4930a7d1-5723-4c3b-b36c-3235683539b2	gb:HM370978|Organism:Influenza	94.054	1009	28	28	1	987	1014	16	0.0	1502
2718cd0f-85f3-40c4-99e5-00822676422a	gb:HM370979|Organism:Influenza	91.290	884	36	31	1	863	13	876	0.0	1168
c2a8aab2-d16d-41dd-b133-5f110969e390	gb:HM370979|Organism:Influenza	93.471	873	22	22	26	883	865	13	0.0	1264
46d9940b-090d-4f7f-89c7-9da11b7be656	gb:HM370978|Organism:Influenza	94.176	1013	31	23	1	996	13	1014	0.0	1519
42545f62-1208-4ee7-9f0c-bf713c3301cf	gb:HM370979|Organism:Influenza	95.662	876	16	14	1	865	877	13	0.0	1387
e6d6ead5-a1d6-458b-9072-4190e95fc445	gb:HM370978|Organism:Influenza	99.501	1003	2	3	1	1001	13	1014	0.0	1821
8cf65756-3330-4ce7-aee2-9c0e1900a4f7	gb:HM370979|Organism:Influenza	92.841	866	27	27	8	846	20	877	0.0	1223
7bc56097-4ff4-40fb-9ea5-3b8b728c9151	gb:HM370978|Organism:Influenza	97.228	1010	9	15	1	999	13	1014	0.0	1692
0a76be75-cda4-4bbf-8992-2b482b170f8e	gb:HM370978|Organism:Influenza	97.225	1009	9	15	1	997	1014	13	0.0	1690
64594d2f-bad5-441d-97f4-25e71163fbda	gb:HM370978|Organism:Influenza	97.517	1007	9	11	1	996	1014	13	0.0	1707
c3f90ceb-f959-4d2b-8277-60d6437c0b74	gb:HM370978|Organism:Influenza	98.606	1004	7	7	1	999	13	1014	0.0	1770
43d137f6-d120-4001-97aa-8e6e5fc00051	gb:HM370978|Organism:Influenza	98.109	1005	8	9	1	997	13	1014	0.0	1740
f324e29a-3788-4c54-bd93-df95cf32de96	gb:HM370978|Organism:Influenza	97.910	1005	8	10	1	995	13	1014	0.0	1727
8037cf66-df3c-4389-acbd-3b374eb599d9	gb:HM370978|Organism:Influenza	96.252	1014	13	15	1	1001	1014	13	0.0	1639
73fbd40b-1b48-4cfc-aa47-dacec62b4feb	gb:HM370978|Organism:Influenza	97.410	1004	9	15	1	989	13	1014	0.0	1694
8c8fa6c6-5deb-4928-b2f5-c559b09b0831	gb:HM370978|Organism:Influenza	98.903	1003	7	3	1	1000	13	1014	0.0	1788
b2f33c36-8e1a-4aca-a6de-cd39c110706b	gb:HM370978|Organism:Influenza	99.602	1004	1	3	1	1003	1014	13	0.0	1829
51919f7e-0a8f-4982-b743-6f171cf5e87d	gb:HM370979|Organism:Influenza	93.857	879	23	26	1	862	877	13	0.0	1295
07cc8449-75d7-457a-9771-08efa9a4dd1b	gb:HM370978|Organism:Influenza	96.078	1020	23	14	2	1014	5	1014	0.0	1646
3cdeaf55-3a37-4412-8c48-7691da3f3725	gb:HM370978|Organism:Influenza	98.308	1005	4	10	1	995	1014	13	0.0	1749
b3a113f7-a5d2-42a3-9104-fefc11bf8077	gb:HM370978|Organism:Influenza	91.454	1018	38	37	1	975	13	1024	0.0	1352
cbe90780-85fd-4869-ac41-112dd4cc74f4	gb:HM370978|Organism:Influenza	98.606	1004	7	6	1	999	1014	13	0.0	1770
89e3c98d-2581-437c-9b9c-42f0ac31ebce	gb:HM370978|Organism:Influenza	96.822	1007	13	14	1	993	1014	13	0.0	1664
bcf6a2f4-7f9a-471a-af8f-6248a692acb0	gb:HM370979|Organism:Influenza	94.610	872	29	16	1	861	877	13	0.0	1334
c3c7b2db-432f-4e6f-9fae-89a27bacdbd4	gb:HM370978|Organism:Influenza	99.204	1005	2	4	1	1002	1014	13	0.0	1807
00d3cc85-1346-443b-b2b8-90986550725c	gb:HM370979|Organism:Influenza	96.712	882	10	13	1	867	13	890	0.0	1450
0946fe29-34fe-4060-99cc-46abb685aba6	gb:HM370979|Organism:Influenza	97.113	866	13	10	1	858	13	874	0.0	1450
74dbe8b8-ad14-43fe-9a0f-343253466b2c	gb:HM370978|Organism:Influenza	98.008	1004	13	6	1	999	1014	13	0.0	1736
655e27b0-ec99-481f-af53-fcc4c415675e	gb:HM370978|Organism:Influenza	93.418	1018	27	29	1	994	13	1014	0.0	1472
9044d562-1f47-4050-b8e8-0351617970c7	gb:HM370979|Organism:Influenza	98.157	868	9	6	1	864	13	877	0.0	1507
5b393566-6d95-4a1e-b562-587d982c9ddd	gb:HM370978|Organism:Influenza	99.006	1006	4	6	1	1004	1014	13	0.0	1797
d4745a4b-8a0d-45b0-a0d5-9e3b1136d73a	gb:HM370978|Organism:Influenza	96.915	1005	15	13	5	1000	1011	14	0.0	1670
a491ae0c-bff4-4022-8395-91060669a426	gb:HM370978|Organism:Influenza	94.100	1017	28	26	1	1000	1014	13	0.0	1517
2c4e9501-e835-460c-9b06-95cd34deb310	gb:HM370978|Organism:Influenza	93.996	1016	25	27	1	994	13	1014	0.0	1506
9b7c3f48-2a11-4971-93aa-9e25e36a6632	gb:HM370978|Organism:Influenza	95.656	1013	22	17	1	1002	1014	13	0.0	1607
d821d423-8b6f-46ac-9dda-6aaeb28a813a	gb:HM370978|Organism:Influenza	98.111	1006	7	7	1	998	13	1014	0.0	1742
d3653d29-f884-49f3-9a01-e0a97e86f3be	gb:HM370979|Organism:Influenza	87.659	867	59	38	7	836	16	871	0.0	965
64564d1f-3607-4bfc-9c49-866283e0863b	gb:HM370979|Organism:Influenza	95.243	883	20	21	6	876	885	13	0.0	1378
d095b9e7-3fab-414d-9cad-b87886e95a81	gb:CY139576|Organism:Influenza	87.807	1017	100	19	1	1008	1	1002	0.0	1170
d783236e-5f9e-444f-839c-3f7b089222d0	gb:HM370978|Organism:Influenza	96.446	1013	19	15	8	1012	11	1014	0.0	1655
dd7d17b1-e906-45f3-9468-cd2b279839a6	gb:HM370978|Organism:Influenza	97.515	1006	11	14	1	996	13	1014	0.0	1707
fdeba0c4-9f25-4b51-8154-f52f6f216e6d	gb:HM370978|Organism:Influenza	94.286	1015	29	21	1	999	1014	13	0.0	1526
0c8bb087-f781-447f-a5b3-1ba7ec741611	gb:HM370978|Organism:Influenza	97.233	1012	9	14	7	1011	19	1018	0.0	1696
a9b31c41-c975-4816-92ad-79cd7e5d3738	gb:HM370978|Organism:Influenza	97.088	996	18	11	12	999	22	1014	0.0	1668
86419b00-ca6d-4200-8545-38902c14a75e	gb:HM370979|Organism:Influenza	96.897	870	8	13	1	860	877	17	0.0	1439
eade8186-c966-4f67-8575-0546f4484611	gb:HM370978|Organism:Influenza	96.736	1011	13	17	1	1000	1014	13	0.0	1666
f75f35da-3374-4c35-8b9c-d3871f4ea8af	gb:HM370979|Organism:Influenza	97.945	876	7	8	9	876	885	13	0.0	1507
cf85fbab-8dbb-49e4-8fc5-4fa52c946892	gb:HM370978|Organism:Influenza	92.475	1010	35	35	13	998	22	1014	0.0	1406
196b3ca8-856f-4aea-92d8-5e2875b64bc2	gb:HM370979|Organism:Influenza	98.157	868	8	7	1	863	877	13	0.0	1507
00a38174-8e35-44c7-90a2-1756519bb7b2	gb:HM370978|Organism:Influenza	95.224	1005	32	13	4	998	1011	13	0.0	1576
f55d9feb-ca5e-4544-a6ce-6b2b52f58029	gb:HM370978|Organism:Influenza	94.362	1011	25	24	1	988	13	1014	0.0	1522
4342cec4-8642-4f25-a2ce-141ada04ee4a	gb:HM370978|Organism:Influenza	97.917	1008	6	12	1	999	13	1014	0.0	1731
9fcd6926-0c55-4616-89be-52c3f7f73c57	gb:HM370979|Organism:Influenza	98.731	867	6	5	1	864	13	877	0.0	1535
f05e909b-98b7-465d-8aee-c370e5b655dc	gb:HM370978|Organism:Influenza	98.805	1004	2	8	1	996	1014	13	0.0	1779
0daa2f6d-93b4-46cb-b0a0-e208a50e8105	gb:KX232480|Organism:Influenza	90.945	1016	48	31	1	986	1014	13	0.0	1327
41115702-496c-4cca-a778-28e7bfc5e395	gb:HM370978|Organism:Influenza	97.038	1013	12	13	1	1006	13	1014	0.0	1688
a91d2718-92d3-4f39-aec9-88c6adb4b17b	gb:HM370978|Organism:Influenza	98.012	1006	9	7	1	999	13	1014	0.0	1736
5e162e09-9f28-40e9-89ec-9c54e0951b98	gb:HM370978|Organism:Influenza	94.705	1001	28	20	140	1122	1006	13	0.0	1531
8a24bbaf-a347-45fe-ac85-5879e0346ceb	gb:HM370979|Organism:Influenza	98.376	862	10	4	5	864	872	13	0.0	1511
aad0f5ae-3189-4c12-a845-d69241b32831	gb:HM370978|Organism:Influenza	99.003	1003	7	3	1	1001	13	1014	0.0	1794
58e9ecad-41d0-40f2-a5ad-02bc2b9af375	gb:HM370979|Organism:Influenza	97.001	867	14	12	1	860	877	16	0.0	1447
7cb76313-8eb4-49a2-b101-5de49413f50f	gb:HM370979|Organism:Influenza	96.220	873	16	16	1	864	877	13	0.0	1413
21afb48a-c3bc-4129-80a7-309d6bdded26	gb:HM370978|Organism:Influenza	94.269	1012	30	22	6	1001	15	1014	0.0	1522
84b4f2ac-7321-4662-8f7b-270d8eb87be9	gb:HM370978|Organism:Influenza	95.088	1018	22	23	1	1003	1014	10	0.0	1578
e8a5fcb0-fb8b-4821-8124-70ee9583ff70	gb:HM370978|Organism:Influenza	96.860	1019	13	13	10	1017	1023	13	0.0	1687
a3280a3c-9066-49ec-80c7-98c17e223e29	gb:HM370979|Organism:Influenza	93.656	867	18	23	15	851	872	13	0.0	1262
e4a293eb-9c2c-43a6-b359-925ff67de2dc	gb:HM370979|Organism:Influenza	97.377	877	16	7	4	875	887	13	0.0	1485
9e4b0f32-c355-45f1-985a-c9f49b6dd67a	gb:HM370978|Organism:Influenza	97.815	1007	7	12	1	997	13	1014	0.0	1724
90035ec4-095c-403b-9864-c01635d394c2	gb:HM370978|Organism:Influenza	97.428	1011	11	12	1	1004	12	1014	0.0	1709
28bef6f9-7f8d-4c8a-8e1b-dad87ff09f00	gb:HM370979|Organism:Influenza	94.151	872	23	24	1	851	13	877	0.0	1303
c109b8c2-b118-492c-ab38-52ba32231df8	gb:HM370978|Organism:Influenza	96.531	1009	19	13	1	1000	13	1014	0.0	1655
63399e04-5e54-46dc-b674-2e80202656bf	gb:HM370979|Organism:Influenza	97.216	862	13	10	4	858	872	15	0.0	1448
5770dfe9-3b12-4e24-b004-022506455a5e	gb:HM370978|Organism:Influenza	95.337	1008	23	18	1	990	13	1014	0.0	1580
bbbb190c-4ba7-438a-9ca6-0737d0e23c3c	gb:HM370978|Organism:Influenza	92.210	1027	31	33	1	1003	13	1014	0.0	1408
cbaf33bc-4f4f-4254-9f6a-e30e27f0c729	gb:HM370978|Organism:Influenza	94.170	1012	33	23	1	996	1014	13	0.0	1519
a5db7bb0-9584-4451-8254-c89ece4e26bb	gb:HM370979|Organism:Influenza	92.702	877	28	28	1	853	13	877	0.0	1232
f271994d-7a4d-466d-84dd-c653a2630c12	gb:HM370978|Organism:Influenza	95.679	972	24	16	1	960	13	978	0.0	1546
2010aa4b-af83-43df-9c03-3506fa420ee1	gb:HM370979|Organism:Influenza	95.968	868	19	10	5	864	872	13	0.0	1395
0b7126e3-e09a-4438-9c58-405b4ae0cb4a	gb:HM370978|Organism:Influenza	96.032	1008	18	20	1	992	13	1014	0.0	1620
5c72d6b2-ebcb-41b7-a460-663a9c607c0c	gb:HM370978|Organism:Influenza	97.117	1006	17	10	1	998	1014	13	0.0	1687
4cd0745d-4203-4d4a-9ef8-423f06d9adc2	gb:CY087761|Organism:Influenza	85.994	1021	100	38	1	997	1	1002	0.0	1053
bcb69ad0-adb3-4310-9bc4-24ab1f093f05	gb:HM370979|Organism:Influenza	92.431	872	44	17	1	857	13	877	0.0	1225
1b33f9c3-f617-4771-b1aa-1479ce4c25e3	gb:HM370979|Organism:Influenza	98.378	863	7	7	4	862	872	13	0.0	1509
8d69b10a-b6e4-4e9c-9bbd-f3a4af94a708	gb:HM370979|Organism:Influenza	92.775	872	27	29	1	842	877	12	0.0	1229
7d787f51-d2c0-45a5-884b-91ce1567bbfd	gb:HM370978|Organism:Influenza	95.141	1029	18	26	8	1021	1024	13	0.0	1594
d1026c0c-0d60-4292-a319-f71978efcf79	gb:HM370978|Organism:Influenza	96.620	1006	12	17	3	993	16	1014	0.0	1650
29fa18d0-66ad-4a15-bc90-b3eefb0b8105	gb:HM370978|Organism:Influenza	94.887	1017	21	26	1	1001	13	1014	0.0	1561
b35f6a8e-23f8-404b-82e1-da692ef5457b	gb:HM370978|Organism:Influenza	98.207	1004	12	6	1	1000	1014	13	0.0	1749
9519fadc-8006-4074-934d-04c680c1f882	gb:HM370978|Organism:Influenza	98.408	1005	7	9	1	999	13	1014	0.0	1759
be4c3fc3-ff72-4cab-83ea-365744ecfbf0	gb:HM370979|Organism:Influenza	97.029	875	11	10	1	870	13	877	0.0	1458
6032c033-0bbf-45ed-a442-260323cdc667	gb:HM370978|Organism:Influenza	97.332	1012	12	14	1	1007	13	1014	0.0	1705
9776d8dc-6e1f-49f3-8005-17b9854f270a	gb:HM370978|Organism:Influenza	93.824	1020	36	26	4	1004	1024	13	0.0	1509
e8d7abbc-f3f1-4609-a2b7-d442bd1047c1	gb:HM370978|Organism:Influenza	98.710	1008	1	10	1	1002	1014	13	0.0	1779
92ee6654-a594-4e5b-a82b-b8d3165fa5c0	gb:HM370978|Organism:Influenza	92.976	1025	28	32	5	1001	1024	16	0.0	1454
e51ba5ca-eec6-4f79-8446-ceb7b9efa960	gb:HM370979|Organism:Influenza	97.931	870	9	7	1	866	877	13	0.0	1498
664a443f-e56f-4ee7-a486-3ec362135991	gb:HM370979|Organism:Influenza	96.540	867	13	13	4	859	873	13	0.0	1419
80c54865-96a7-404f-8a64-2b027a83bc4e	gb:HM370979|Organism:Influenza	92.440	873	30	28	1	845	877	13	0.0	1214
9a332dba-56fb-4dff-99a7-90117a2a8abb	gb:HM370978|Organism:Influenza	96.644	1013	11	17	1	1001	1014	13	0.0	1661
1157d816-3c83-4eb9-8d16-5a3384b87b6c	gb:HM370979|Organism:Influenza	99.191	865	4	2	1	862	877	13	0.0	1555
c5924539-2bef-4fed-a5ec-7bad3b31e4fa	gb:HM370978|Organism:Influenza	95.933	1008	24	15	8	1008	17	1014	0.0	1618
f96485ab-fdd8-47d4-8818-fc9eca0ad5ab	gb:HM370978|Organism:Influenza	98.204	1002	6	8	1	990	1014	13	0.0	1740
02a21e10-c01e-4f49-bd69-1d6a74bfee65	gb:HM370978|Organism:Influenza	97.530	1012	13	9	1	1010	13	1014	0.0	1720
a1090ab7-9f61-4bd6-aa3d-2e6647dfb04d	gb:HM370979|Organism:Influenza	98.044	869	9	7	1	865	877	13	0.0	1504
36ea4485-aef2-4eb8-9f23-79f5c2e1b89f	gb:HM370979|Organism:Influenza	97.465	868	12	8	11	870	12	877	0.0	1472
1ce69f12-e305-4e3c-9b7a-b91e9b8e5c7e	gb:HM370979|Organism:Influenza	94.839	872	23	18	1	857	877	13	0.0	1341
c48baf3c-1e9c-454a-82a3-e1ff58e3fb1e	gb:HM370970|Organism:Influenza	86.879	1006	63	50	1	952	1014	24	0.0	1062
7c9fa4b2-b506-4a2f-843e-f8be77e67f06	gb:HM370978|Organism:Influenza	98.807	1006	5	6	1	1003	13	1014	0.0	1784
e72700d0-f068-4aa5-bb52-07d7cd119c5e	gb:HM370979|Organism:Influenza	98.733	868	6	5	1	866	13	877	0.0	1537
6df8b677-5039-4330-8195-4395d2b9d7d2	gb:HM370978|Organism:Influenza	98.010	1005	7	10	1	995	13	1014	0.0	1733
4c006fbc-7ef1-4f27-9774-e5b7fc2b6e5b	gb:HM370978|Organism:Influenza	95.243	1009	26	15	1	994	1014	13	0.0	1578
e50fb48b-be17-4446-ab03-b48106ab1339	gb:HM370979|Organism:Influenza	96.886	867	16	7	1	858	13	877	0.0	1441
f4bebb2c-9dc7-4da6-a3ec-c4e5c76ba135	gb:HM370978|Organism:Influenza	95.319	1004	16	17	1	975	13	1014	0.0	1565
7c5d13e1-1238-43bf-859e-3ef56e90b25c	gb:HM370978|Organism:Influenza	96.624	1007	16	13	1	994	13	1014	0.0	1655
7df5df1f-8235-4545-8cd3-68734ce7eac7	gb:MF147702|Organism:Influenza	87.834	1011	80	29	1	977	1014	13	0.0	1146
2fa97d07-8d08-4e76-b80b-716cbb1e1ce4	gb:HM370978|Organism:Influenza	98.218	1010	6	11	1	1006	13	1014	0.0	1755
258b4cd2-fc69-4e46-96f5-2a2c3b780ff5	gb:HM370978|Organism:Influenza	96.931	1010	18	11	1	1005	13	1014	0.0	1681
bc39851c-1af0-417e-b3d7-e0a791ee443f	gb:HM370979|Organism:Influenza	95.867	871	18	13	1	859	877	13	0.0	1393
de54d491-db37-487f-8057-9d7b0f8fe823	gb:HM370979|Organism:Influenza	95.086	875	18	19	1	860	877	13	0.0	1354
4c97003b-547c-4c18-87dc-668963140467	gb:HM370978|Organism:Influenza	93.707	1017	28	29	1	996	1014	13	0.0	1491
0775efee-f17a-46aa-9b65-c8b8fe7f3557	gb:HM370978|Organism:Influenza	97.413	1005	15	8	1	997	13	1014	0.0	1701
4f403bb4-2a37-4633-84ba-b419b39cf7f6	gb:HM370979|Organism:Influenza	95.995	874	16	17	13	875	12	877	0.0	1402
902368a7-7b3c-40a2-acb8-05999855a654	gb:HM370978|Organism:Influenza	90.983	987	43	40	22	973	997	22	0.0	1288
df74f0b9-728e-422b-bce3-10500c689fb3	gb:HM370979|Organism:Influenza	95.063	871	18	17	1	852	13	877	0.0	1347
fdea2df5-3de3-4bb7-9e0f-227681c03491	gb:HM370978|Organism:Influenza	88.343	1038	69	48	1	1014	13	1022	0.0	1199
d4135065-8e4d-4aa1-92f0-1028e64da2f2	gb:HM370978|Organism:Influenza	96.627	1008	13	16	1	993	13	1014	0.0	1653
c51f23ce-febf-4aa8-8a52-1ea552e73510	gb:HM370978|Organism:Influenza	97.438	1015	13	13	5	1011	1022	13	0.0	1718
d44c9914-15e5-4410-8a00-dc2aec847244	gb:HM370978|Organism:Influenza	93.945	1024	22	27	1	1006	13	1014	0.0	1511
5d367a7a-3d43-465b-be83-07e1efa3e413	gb:HM370978|Organism:Influenza	95.271	1015	22	21	2	997	7	1014	0.0	1585
0ac3518d-7040-4e85-8072-2b564ed1b009	gb:HM370978|Organism:Influenza	96.436	1010	11	21	1	993	1014	13	0.0	1642
933bc554-54aa-4c1c-bd62-57a2940b332e	gb:HM370979|Organism:Influenza	96.465	877	14	15	1	872	877	13	0.0	1432
a4b3f672-3ec6-4035-a7a6-8dbcbeb8d47d	gb:HM370978|Organism:Influenza	92.794	1013	30	31	1	981	13	1014	0.0	1426
95acdf7a-0707-4de7-aadb-50e342de7f94	gb:HM370978|Organism:Influenza	93.465	1010	28	27	1	980	1014	13	0.0	1465
05b68a9d-db7d-470e-a669-c2708b636179	gb:HM370979|Organism:Influenza	96.194	867	12	13	1	848	877	13	0.0	1399
9b23f615-9ecb-4b0f-8dc2-e06520782313	gb:HM370979|Organism:Influenza	91.240	879	38	32	1	854	877	13	0.0	1160
ab55410a-9f66-4abd-b4dd-7a5ca5c14fba	gb:HM370979|Organism:Influenza	95.682	880	22	13	2	868	1	877	0.0	1400
bbe4f547-e547-4a36-84d9-b56963b2428a	gb:HM370978|Organism:Influenza	97.214	1005	16	10	1	996	1014	13	0.0	1690
170de598-7a29-4255-8cfa-1a950cea195a	gb:HM370979|Organism:Influenza	94.178	876	19	26	1	855	877	13	0.0	1306
3f484fa2-ba5e-431d-8c1f-f16e57119edf	gb:HM370979|Organism:Influenza	97.133	872	15	9	1	869	13	877	0.0	1463
af558e3f-5476-4560-8de4-7ebad384e529	gb:HM370978|Organism:Influenza	99.006	1006	4	5	1	1004	1014	13	0.0	1797
b80d82c8-7703-4b11-bb7d-27133c44edac	gb:HM370978|Organism:Influenza	94.412	1020	32	23	91	1093	1024	13	0.0	1544
2e5d5907-d694-452e-86bc-7dcba4325e44	gb:HM370978|Organism:Influenza	98.111	1006	6	10	1	997	13	1014	0.0	1740
0c57d201-e8b8-4497-94e9-79f3bc6893ec	gb:HM370978|Organism:Influenza	92.224	1016	34	33	1	985	1014	13	0.0	1397
a48093b2-bd72-4eb9-afc3-0ac658179caf	gb:HM370978|Organism:Influenza	94.611	1002	31	17	6	991	20	1014	0.0	1530
08c34469-3f5f-40cc-bcbc-0c5dabd900ca	gb:HM370978|Organism:Influenza	98.904	1004	8	3	1	1003	13	1014	0.0	1790
730e8fc4-8498-487c-a59b-078ffebdb86b	gb:HM370978|Organism:Influenza	98.509	1006	6	9	1	1001	13	1014	0.0	1766
356c266b-ff5f-438e-8993-0f53fe3ca77e	gb:HM370978|Organism:Influenza	96.191	1024	21	17	1	1015	13	1027	0.0	1659
d36d2aed-17ba-4dc3-81c1-6a4c30706a8a	gb:HM370979|Organism:Influenza	96.313	868	18	10	1	857	877	13	0.0	1413
307d8e58-dd15-4bd9-bf85-b7ca925c9f1c	gb:HM370978|Organism:Influenza	98.606	1004	4	8	1	996	13	1014	0.0	1768
b458bc57-393c-4550-b9c1-5e548fd93263	gb:HM370978|Organism:Influenza	97.815	1007	8	10	1	998	1014	13	0.0	1725
24e85aa6-a23f-40fe-b779-d9dc85807209	gb:HM370978|Organism:Influenza	94.643	1008	21	28	1	981	13	1014	0.0	1531
c7fd1047-266f-4f71-b37d-8fb955d4cad4	gb:HM370978|Organism:Influenza	90.560	1017	44	45	1	980	1014	13	0.0	1299
4928fbc0-2659-49e8-b8c6-e94ddca5f96d	gb:HM370979|Organism:Influenza	96.800	875	10	16	1	867	877	13	0.0	1445
100561af-3f96-4fb2-bc50-5fc0557b0960	gb:HM370978|Organism:Influenza	95.571	1016	23	17	1	1008	1014	13	0.0	1607
6002eaf3-086a-4010-afd3-a34f22b53e27	gb:HM370978|Organism:Influenza	98.408	1005	8	7	1	1000	1014	13	0.0	1760
9cf93d04-1b7e-4bfb-b893-55f12dd959a3	gb:HM370979|Organism:Influenza	94.881	879	22	16	1	870	13	877	0.0	1352
5d45ce84-d460-4a98-b32b-4e83c598d256	gb:HM370979|Organism:Influenza	98.730	866	8	3	1	864	13	877	0.0	1535
153c2431-d33e-4ccb-b059-14038d915b9f	gb:HM370979|Organism:Influenza	98.157	868	12	3	1	867	877	13	0.0	1511
31b293aa-0e74-4c82-833c-73ccded133b0	gb:HM370979|Organism:Influenza	98.044	869	8	7	1	864	877	13	0.0	1502
6b75bdec-7189-4cdb-85b2-b7a194bded67	gb:HM370978|Organism:Influenza	95.351	1011	25	16	1	998	1014	13	0.0	1587
ffaec0a3-bff7-48e7-b0dd-a9a8c223b701	gb:HM370978|Organism:Influenza	91.790	1011	35	36	1	972	1014	13	0.0	1363
c0518426-ac7d-4e8a-a1d2-b4d433117033	gb:HM370978|Organism:Influenza	96.937	1012	15	11	1	1006	1014	13	0.0	1683
e3a30215-c37e-429b-bd87-1fb42c69f1cd	gb:HM370978|Organism:Influenza	97.610	1004	11	10	1	993	1014	13	0.0	1709
84f5f01c-787d-4e3c-92bc-655bf52d7beb	gb:HM370979|Organism:Influenza	97.130	871	13	10	1	865	13	877	0.0	1459
d5c29240-2de7-42f0-984e-96eb7625bf92	gb:HM370978|Organism:Influenza	96.036	1009	20	14	1	996	13	1014	0.0	1624
67435e9a-b7ac-4e7c-82b9-8f5f99ae8a53	gb:HM370978|Organism:Influenza	92.406	1014	38	29	1	987	13	1014	0.0	1410
57974a6e-a2b7-4e8d-87fa-967d50784a94	gb:HM370978|Organism:Influenza	99.296	994	0	7	1	988	1014	22	0.0	1790
3335a1e6-5a1a-4e25-a3c3-270b662ca920	gb:HM370978|Organism:Influenza	96.036	1009	21	17	1	997	13	1014	0.0	1624
093dc3c7-8356-4622-95ca-d115d152a3c3	gb:HM370978|Organism:Influenza	97.033	1011	10	13	1	1000	1014	13	0.0	1683
d3402f4e-1d1c-4d61-a683-7a7180208151	gb:HM370979|Organism:Influenza	98.041	868	10	6	1	864	877	13	0.0	1502
eed0a6f6-9eeb-47b9-95a1-c98b44e8c348	gb:HM370978|Organism:Influenza	97.811	1005	6	13	1	992	13	1014	0.0	1720
709514b6-1fe8-4859-b72e-0a9f778bf59c	gb:HM370979|Organism:Influenza	96.318	869	10	17	1	851	877	13	0.0	1408
3ad08ba9-707a-49e5-a518-ded6122f24a1	gb:HM370978|Organism:Influenza	97.211	1004	14	12	1	992	1014	13	0.0	1687
0b4dc4b8-844f-4e7c-ad1f-8a9fcec9d4da	gb:HM370978|Organism:Influenza	98.515	1010	5	6	1	1008	13	1014	0.0	1773
841ba011-ef0b-4394-b949-0ae358503664	gb:HM370979|Organism:Influenza	98.385	867	6	6	1	861	13	877	0.0	1517
6db99b67-49db-47f1-a450-c3172d7a6c4e	gb:HM370978|Organism:Influenza	97.807	1003	4	12	1	986	1014	13	0.0	1714
a5805292-90d9-4729-b3db-c3202293b95b	gb:HM370979|Organism:Influenza	99.195	870	2	4	1	870	877	13	0.0	1563
1ad8e15d-e5b2-49d2-b9db-067f19d5c862	gb:HM370979|Organism:Influenza	96.782	870	14	13	1	861	877	13	0.0	1439
dddd80e1-c245-4755-be14-15e32f97c2e9	gb:HM370978|Organism:Influenza	96.032	1008	26	14	1	1000	1014	13	0.0	1628
54e31537-e723-49cd-9e6a-cb3272731474	gb:HM370978|Organism:Influenza	95.854	1013	26	16	1	1008	13	1014	0.0	1624
5abadb5b-1b4b-4299-b428-ef92fc88463d	gb:HM370979|Organism:Influenza	97.608	878	12	5	1	875	877	6	0.0	1496
6be09a1e-afd5-4a5c-8070-294e9e744cf0	gb:HM370978|Organism:Influenza	98.016	1008	8	10	1	1002	1014	13	0.0	1740
8795941a-de5a-4fbd-ae0b-ce260dfd6372	gb:HM370978|Organism:Influenza	96.329	1008	24	11	12	1010	1016	13	0.0	1644
028422bf-05c8-41f6-95c7-fc680946d993	gb:HM370978|Organism:Influenza	98.111	1006	1	13	1	992	13	1014	0.0	1736
6b7dd392-af41-41d4-a085-8ca6f04800d5	gb:HM370978|Organism:Influenza	97.120	1007	10	14	1	993	1014	13	0.0	1681
40bd2a5f-4cef-4931-ba73-35342f81251f	gb:HM370979|Organism:Influenza	96.000	875	14	18	1	864	877	13	0.0	1402
0f2146e0-b2b7-4987-8e45-5341d87067df	gb:HM370978|Organism:Influenza	94.356	1010	28	26	1	989	13	1014	0.0	1522
358a753a-a058-4598-84bb-ab1bbac09b97	gb:HM370979|Organism:Influenza	95.193	853	16	20	32	869	855	13	0.0	1325
5700030b-7f33-4a4c-84f8-e683c6c8cd01	gb:HM370978|Organism:Influenza	92.792	985	24	33	1	945	1014	37	0.0	1382
4acef921-5c76-4caf-8cbf-c1e216639c77	gb:HM370978|Organism:Influenza	99.203	1004	4	4	1	1002	1014	13	0.0	1807
bc6bc695-8f34-4419-92e5-d5fb388e8a8c	gb:HM370978|Organism:Influenza	96.552	1015	12	16	1	1005	1014	13	0.0	1659
29d3ed05-8734-49c0-a26a-7c98c224ffda	gb:HM370978|Organism:Influenza	95.335	1029	16	24	5	1018	1024	13	0.0	1605
a078c71b-3b0e-4ff7-bc36-8b271b8e84df	gb:HM370979|Organism:Influenza	98.847	867	5	5	1	864	13	877	0.0	1541
54e07153-70b9-41f9-8887-621f3717cd7c	gb:HM370978|Organism:Influenza	99.308	1011	4	2	5	1012	1023	13	0.0	1825
c4fdd863-01d9-4c82-add3-727e2bbd570e	gb:HM370979|Organism:Influenza	98.159	869	4	9	1	861	877	13	0.0	1506
a35a3220-bfba-4a62-a4d6-8781623a020a	gb:HM370978|Organism:Influenza	94.384	1015	28	24	1	999	13	1014	0.0	1531
10365228-03a1-4e2f-a155-9d1626fd31a4	gb:HM370979|Organism:Influenza	97.190	854	16	8	11	859	27	877	0.0	1437
23642d72-b3af-4bc2-b2ce-efe135f7fede	gb:HM370978|Organism:Influenza	95.833	1008	19	23	1	991	1014	13	0.0	1607
76b0d300-3d75-4341-bf23-2e3bfbc38c34	gb:HM370979|Organism:Influenza	93.471	873	28	22	3	850	874	6	0.0	1269
7f968143-aa80-4c46-acdd-4e2305c5f696	gb:HM370979|Organism:Influenza	87.444	892	47	44	3	848	885	13	0.0	966
6e3e9095-2928-4742-9f9f-a1ba2eb4fc57	gb:HM370979|Organism:Influenza	98.274	869	6	8	1	864	13	877	0.0	1513
c9e0db52-65ab-4cc2-bf77-844935564228	gb:HM370979|Organism:Influenza	98.973	876	2	4	1	873	877	6	0.0	1561
edae25f4-b126-495d-a155-3f2cce7bd46d	gb:HM370979|Organism:Influenza	93.203	868	30	21	1	842	13	877	0.0	1249
74748f39-a1c4-4faf-8a72-93e25ed0a6e8	gb:HM370978|Organism:Influenza	94.147	1008	23	30	10	996	22	1014	0.0	1502
efa13f5c-3792-400d-91fc-668f2fc77666	gb:HM370978|Organism:Influenza	95.635	1008	27	13	1	997	13	1014	0.0	1602
ce0211d6-847a-4583-95ea-867f2d9ccef4	gb:HM370978|Organism:Influenza	98.213	1007	6	10	1	1000	1014	13	0.0	1749
4bdf1ca4-53f9-4f87-b6be-b88f2c1418c9	gb:HM370978|Organism:Influenza	96.249	1013	16	18	1	1002	1014	13	0.0	1640
16760b21-1a10-4c67-a703-d4ce17a5c526	gb:HM370978|Organism:Influenza	91.845	1030	37	38	89	1091	5	1014	0.0	1393
da3d3b4d-54f7-4f77-8cb4-2c45fb7439cf	gb:HM370978|Organism:Influenza	95.295	999	27	18	1	987	1014	24	0.0	1567
43cdd5e8-2ae3-4000-b466-17823f9582ed	gb:HM370979|Organism:Influenza	96.433	869	19	9	1	861	877	13	0.0	1423
4003d6c4-a1c6-466b-904b-3ea5d7bb204f	gb:HM370978|Organism:Influenza	98.909	1008	5	3	1	1008	1014	13	0.0	1796
724d5c9f-c196-4150-88c8-7faafdf7f9c4	gb:HM370978|Organism:Influenza	97.446	1018	14	9	1	1009	1027	13	0.0	1725
fe3b89b8-a03b-4e5a-bc28-d8077feb6002	gb:HM370978|Organism:Influenza	97.923	1011	7	11	1	1006	1014	13	0.0	1738
1751ca05-509d-476a-9859-08c25808202f	gb:HM370979|Organism:Influenza	99.085	874	5	3	1	873	877	6	0.0	1567
71b0cf05-b2a0-4165-b545-122c9827ac07	gb:HM370978|Organism:Influenza	96.931	1010	12	14	1	999	1014	13	0.0	1676
0cc192cc-2551-4ae9-834c-3f242e137a2a	gb:HM370979|Organism:Influenza	96.568	874	16	13	1	869	13	877	0.0	1435
af074ea2-621c-490e-854b-61e666a1f6ef	gb:HM370979|Organism:Influenza	97.350	868	13	10	1	861	13	877	0.0	1467
705e006e-17d1-4ff1-a311-270a2ffb9506	gb:HM370979|Organism:Influenza	97.680	862	7	8	10	860	872	13	0.0	1469
6b344f0d-0d00-46b1-a584-5dfd234488f7	gb:HM370978|Organism:Influenza	94.653	1010	23	15	6	995	1011	13	0.0	1537
1ad2e0f5-56fa-428c-83ad-cb6cd08a324e	gb:HM370978|Organism:Influenza	97.472	989	11	11	22	1004	34	1014	0.0	1676
