d6c5d2ba-4e87-4caf-b063-3940fa01b1b5	gb:HM370979|Organism:Influenza	93.490	891	28	25	1	874	890	13	0.0	1297
954a47be-afce-47a6-afe4-fe279a880cf4	gb:HM370979|Organism:Influenza	93.814	873	23	22	1	856	877	19	0.0	1284
9d1dfc20-6f8d-483f-92c2-1e6f926b2e33	gb:HM370979|Organism:Influenza	94.834	871	27	13	5	868	872	13	0.0	1343
95cd65fb-a104-4813-9ab4-8fa7a7070829	gb:HM370979|Organism:Influenza	95.972	869	18	10	1	856	13	877	0.0	1395
36c12001-ee54-47d9-b114-59aa53241c2f	gb:HM370979|Organism:Influenza	98.272	868	8	7	1	864	877	13	0.0	1513
aa00ff43-7c0c-4c73-b080-18b55c2e3fc1	gb:HM370979|Organism:Influenza	94.292	876	33	16	1	870	877	13	0.0	1325
64431dec-5e64-43ae-8503-9d87354f8003	gb:HM370979|Organism:Influenza	94.325	881	17	22	1	864	13	877	0.0	1319
9d4a86bf-3b43-4791-9afa-1f2d768961f4	gb:HM370979|Organism:Influenza	97.116	867	16	6	1	860	877	13	0.0	1454
de83e8d5-bb5f-4c1d-9ad3-ee085d739a14	gb:HM370979|Organism:Influenza	97.474	871	9	8	1	864	13	877	0.0	1474
37683791-6188-42d3-8c53-51b9afe3750d	gb:HM370979|Organism:Influenza	96.101	872	17	15	1	863	14	877	0.0	1406
99aa27e7-0238-4a2d-b9d8-a3a1189994ba	gb:HM370979|Organism:Influenza	99.423	867	1	4	1	865	877	13	0.0	1570
f78b9182-9de1-4f2a-9315-ae2fa366b6cc	gb:HM370979|Organism:Influenza	97.691	866	8	8	4	863	872	13	0.0	1478
7e67da7c-0845-40fc-953f-233359d61203	gb:HM370979|Organism:Influenza	95.091	876	18	16	1	862	877	13	0.0	1356
cbde115b-3174-4c55-913e-0c3604f7cc56	gb:HM370979|Organism:Influenza	87.136	894	31	41	1	848	890	35	0.0	937
18168871-3aa1-4dc4-9f52-5a343d20856d	gb:HM370979|Organism:Influenza	97.706	872	8	9	1	867	877	13	0.0	1489
8c5162a1-5e6e-4917-be71-7b4f19fb9081	gb:HM370979|Organism:Influenza	96.453	874	10	18	1	862	13	877	0.0	1423
045630c1-5e30-43de-a1c2-b814955a9767	gb:HM370979|Organism:Influenza	97.924	867	13	5	1	864	13	877	0.0	1496
984ff9d2-a8a5-425c-bbf3-88d02061e012	gb:HM370979|Organism:Influenza	97.245	871	7	15	1	860	13	877	0.0	1459
3ff75dbf-880c-49ed-b204-89d506125ed8	gb:HM370979|Organism:Influenza	94.977	876	23	16	1	866	877	13	0.0	1354
cec3ec64-fd5c-454e-848d-090599ad0be3	gb:HM370979|Organism:Influenza	98.731	867	4	6	1	862	877	13	0.0	1533
eac80ad2-2097-4513-9aa7-59f482798e82	gb:HM370979|Organism:Influenza	98.387	868	8	6	1	865	877	13	0.0	1520
9995bd8e-b7e4-4d40-9939-3b79ae6c3248	gb:HM370979|Organism:Influenza	93.693	872	37	15	1	860	13	878	0.0	1290
2dbc5318-552c-4559-ac77-2c5f1fd2aea3	gb:HM370979|Organism:Influenza	96.705	880	14	12	1	872	877	5	0.0	1450
77ca7e43-1db5-4ed3-ab99-e051974fe366	gb:HM370979|Organism:Influenza	97.008	869	9	16	1	856	13	877	0.0	1445
fa878f8b-80e8-484b-96d5-895e5b6a0f2c	gb:HM370979|Organism:Influenza	98.041	868	11	6	1	865	13	877	0.0	1504
19f6645e-649e-4b83-b807-32d309b14389	gb:HM370979|Organism:Influenza	94.231	884	24	24	1	868	877	5	0.0	1325
149194ee-7caf-4131-ad85-b20b6e0f4078	gb:HM370979|Organism:Influenza	88.713	886	50	39	1	850	877	6	0.0	1037
7e69e5dc-d803-48ec-a4d9-c7a15cb24df0	gb:HM370979|Organism:Influenza	96.322	870	16	12	1	859	13	877	0.0	1415
81ad0c7d-405b-476b-881b-0b2058e3d54a	gb:HM370979|Organism:Influenza	98.163	871	5	10	1	866	13	877	0.0	1509
7c2277ef-e37a-4682-91b7-933cec4d7cc9	gb:HM370964|Organism:Influenza	96.009	877	18	13	1	872	13	877	0.0	1410
5801ec9a-f59e-492f-a023-f510e767124e	gb:HM370979|Organism:Influenza	97.826	874	8	9	1	872	13	877	0.0	1498
4b4b8da8-d675-4383-80e3-a4906e2c2180	gb:HM370979|Organism:Influenza	98.962	867	5	4	1	865	877	13	0.0	1548
4fbdb068-65ed-4923-85d8-5289b0878ee7	gb:HM370979|Organism:Influenza	90.621	885	44	34	1	866	13	877	0.0	1138
ec5d135f-cccf-4cae-8e9a-82199f06e94e	gb:HM370979|Organism:Influenza	87.912	819	45	37	1	782	12	813	0.0	915
6eef02aa-4d97-4311-a3a7-2a3f17ef7264	gb:HM370979|Organism:Influenza	95.528	872	27	9	1	862	13	882	0.0	1384
a71132f2-c9c7-41aa-bc70-3cd270cef911	gb:HM370979|Organism:Influenza	90.951	873	37	30	1	839	13	877	0.0	1136
3c14ea07-ff34-416a-8090-bf2770f9613a	gb:HM370979|Organism:Influenza	96.437	870	14	15	1	858	877	13	0.0	1419
172cae1a-da8a-485b-be36-35e3a66e1c2d	gb:HM370979|Organism:Influenza	95.881	874	17	17	1	864	877	13	0.0	1397
faf948f6-7a72-4e09-b6ea-8547ffac64d3	gb:HM370979|Organism:Influenza	97.699	869	9	10	1	862	877	13	0.0	1483
d5ec6000-5b21-431b-be3f-76c62f8a6a4d	gb:HM370979|Organism:Influenza	94.790	883	15	22	1	857	13	890	0.0	1347
76cdabc9-b0dc-4394-bc41-cd9b7326485f	gb:HM370979|Organism:Influenza	96.911	874	14	9	1	870	13	877	0.0	1452
8512c9ef-0673-4835-b89e-9becaf366383	gb:HM370979|Organism:Influenza	97.706	872	7	12	1	866	13	877	0.0	1487
087df75a-6f60-40a9-a805-0eede95cd3e7	gb:HM370979|Organism:Influenza	96.119	876	13	17	1	866	877	13	0.0	1410
37fe4b37-1aaf-41de-b33c-89530a75d970	gb:HM370979|Organism:Influenza	96.796	874	15	11	1	872	13	875	0.0	1447
d0253307-9663-417b-b69d-7eee17832f22	gb:HM370979|Organism:Influenza	95.097	877	20	20	1	866	13	877	0.0	1360
4da75d17-fb16-4b96-a156-85426513816a	gb:HM370979|Organism:Influenza	96.678	873	12	14	1	863	12	877	0.0	1435
7a91de49-24ff-4312-be71-de76c0870bcd	gb:HM370979|Organism:Influenza	98.039	867	7	9	1	860	876	13	0.0	1498
29fbd851-e653-4af7-8964-f657159b7ae7	gb:HM370979|Organism:Influenza	94.198	879	21	25	1	863	13	877	0.0	1314
aea4d1c6-132b-4550-ae49-fdfa53a19c93	gb:HM370979|Organism:Influenza	96.825	882	10	15	1	881	877	13	0.0	1458
420661ac-9fd0-40e1-aff9-a0b5e3954d59	gb:HM370979|Organism:Influenza	92.014	864	38	25	1	841	13	868	0.0	1184
d9c1d129-a98f-4250-94d5-ab86dc822682	gb:HM370979|Organism:Influenza	90.951	873	37	30	1	839	877	13	0.0	1136
0d20d17e-9930-4c4c-a69a-66fcbaa9cd92	gb:HM370979|Organism:Influenza	98.957	863	4	3	4	864	872	13	0.0	1539
c6c59639-2fd3-4a60-8bf6-ebceb7759f54	gb:HM370979|Organism:Influenza	94.138	887	13	25	1	870	877	13	0.0	1314
64cfbf56-09a7-4717-8f3e-9b970139fa55	gb:HM370979|Organism:Influenza	97.110	865	16	5	1	856	877	13	0.0	1450
fdc9bc9b-0abd-44c7-a17c-16c66ff2c13e	gb:HM370979|Organism:Influenza	95.362	884	19	16	97	964	890	13	0.0	1386
42b60c78-c491-4694-a395-08a5fe796921	gb:HM370979|Organism:Influenza	98.960	865	7	2	1	863	13	877	0.0	1546
5893a1b3-b938-4a75-a950-2a2c7dbbc176	gb:HM370979|Organism:Influenza	97.933	871	8	9	1	867	13	877	0.0	1500
6096a400-e9a6-4e02-953b-a5616dea2c5d	gb:HM370979|Organism:Influenza	98.044	869	8	8	1	864	13	877	0.0	1502
84d60ca9-d569-4d3b-9336-2110e27efe8f	gb:HM370979|Organism:Influenza	96.811	878	15	8	5	874	5	877	0.0	1454
2438a87d-32b3-4917-adf6-e197bd821340	gb:HM370979|Organism:Influenza	94.857	875	20	21	1	860	13	877	0.0	1343
99acc368-f536-434c-829c-307a5f7516a2	gb:HM370979|Organism:Influenza	99.306	865	2	2	1	861	877	13	0.0	1561
708c7c1c-70d9-4a1e-bd74-17c4a3b8de45	gb:HM370979|Organism:Influenza	94.604	871	19	21	1	849	13	877	0.0	1323
dffd5974-af0e-48c2-b759-4ee2b6d51ab5	gb:HM370979|Organism:Influenza	98.845	866	6	3	1	863	877	13	0.0	1541
9aab30f1-fe62-4fe7-8364-f7be56a50d3d	gb:HM370979|Organism:Influenza	94.845	873	18	20	1	854	877	13	0.0	1338
377b995a-dd06-4f0d-85e5-73c2a8037187	gb:HM370979|Organism:Influenza	98.057	875	9	5	6	874	885	13	0.0	1515
59e03900-d6d7-4f3c-ad13-718eee2363fb	gb:HM370979|Organism:Influenza	96.036	883	16	15	3	873	885	10	0.0	1419
ff91ed73-f19a-44ee-9de3-89f40ade9709	gb:HM370979|Organism:Influenza	97.677	861	7	7	4	852	872	13	0.0	1467
3b7cee2f-058c-4dfc-83d8-f709b0115de8	gb:HM370979|Organism:Influenza	96.322	870	17	11	1	860	13	877	0.0	1415
d8631305-875d-4136-aa4a-39d69641b6df	gb:HM370979|Organism:Influenza	94.044	873	24	23	1	853	13	877	0.0	1299
cd4aa485-b6ba-461b-9e4f-55468e1a9880	gb:HM370979|Organism:Influenza	98.171	875	8	7	1	870	13	884	0.0	1520
d6c17420-c40f-4bb8-ae84-f70474289293	gb:HM370979|Organism:Influenza	99.423	866	4	1	1	866	877	13	0.0	1570
d387c829-a0f4-4055-88df-950055d123c7	gb:HM370979|Organism:Influenza	98.849	869	5	5	1	868	877	13	0.0	1544
2569d627-afd1-4067-a1c3-9184f50b1fc6	gb:HM370979|Organism:Influenza	95.413	872	17	18	1	856	877	13	0.0	1367
8a1890be-1b06-4bb4-9d97-ceb3c33a4ed3	gb:HM370979|Organism:Influenza	94.994	879	24	16	1	873	877	13	0.0	1362
4083dfd4-9f1b-417f-84f1-53b19de1863f	gb:HM370979|Organism:Influenza	88.168	879	56	43	5	856	20	877	0.0	1003
6a51d328-4c71-4f6e-82d9-8bc33baae6d4	gb:HM370979|Organism:Influenza	97.238	869	11	10	1	860	13	877	0.0	1459
c62aabf9-b599-466a-a677-556d74bca2ed	gb:HM370979|Organism:Influenza	94.960	873	31	12	1	868	877	13	0.0	1356
c1720fc3-b962-49e4-90c1-8bde1172b332	gb:HM370979|Organism:Influenza	94.545	880	19	22	2	858	1	874	0.0	1332
1e8213d2-f19d-4344-862b-00979bc47663	gb:HM370979|Organism:Influenza	96.437	870	15	14	1	859	877	13	0.0	1421
831400df-4a4d-4dc8-94fc-e5f3e39c9b94	gb:HM370979|Organism:Influenza	90.427	867	44	32	7	844	20	876	0.0	1105
6b67ecac-e5e5-4b1a-b572-36a06a1c7af9	gb:HM370979|Organism:Influenza	87.401	881	56	40	18	864	872	13	0.0	961
283e0cbe-c09e-41be-9715-69e4d8cb6ae1	gb:HM370979|Organism:Influenza	94.171	875	26	18	1	860	13	877	0.0	1310
107273f3-1fdc-4419-9961-9a0e54f5c66b	gb:HM370979|Organism:Influenza	98.504	869	3	8	1	863	13	877	0.0	1524
d72c4dda-36c7-4704-9213-6ffd4eb3c9e5	gb:HM370979|Organism:Influenza	94.954	872	27	16	1	862	877	13	0.0	1351
b6233487-0905-49d5-8db9-dfdab19db52a	gb:HM370979|Organism:Influenza	95.727	866	17	18	5	857	871	13	0.0	1376
a7d42347-30e2-48e0-bc99-1ec7e5bb4a24	gb:HM370979|Organism:Influenza	99.191	865	5	2	1	863	877	13	0.0	1557
890a2f7c-e9c2-4fa4-95f9-6b7bfce278bc	gb:HM370979|Organism:Influenza	96.564	873	12	12	1	863	877	13	0.0	1430
b854c5ff-6e80-40b8-a334-96599b12e689	gb:HM370979|Organism:Influenza	97.359	871	5	12	1	859	13	877	0.0	1465
3f37c965-b077-4c9e-a66f-89b2d3afe71d	gb:HM370979|Organism:Influenza	98.619	869	5	7	1	866	877	13	0.0	1531
7d60a2d1-a833-4315-be54-54f8c33a4f7b	gb:HM370979|Organism:Influenza	93.533	866	23	20	1	834	877	13	0.0	1258
5893ecd4-2de9-42d7-ab8a-88122b7f3a97	gb:HM370979|Organism:Influenza	98.741	874	6	4	1	871	877	6	0.0	1548
4f08dfa2-69e5-482f-bf04-2fbbeb7fc471	gb:HM370979|Organism:Influenza	97.001	867	14	8	6	865	874	13	0.0	1447
f421f13f-c521-49d6-b72d-6422c1bc69e9	gb:HM370979|Organism:Influenza	96.412	864	15	14	16	867	872	13	0.0	1410
79278734-21b7-47ce-85fc-187a6a3926be	gb:HM370979|Organism:Influenza	97.693	867	8	9	1	857	13	877	0.0	1480
e974879b-8b90-4e11-8b84-f624c3d977ba	gb:HM370979|Organism:Influenza	94.665	881	29	17	6	876	885	13	0.0	1351
b7082b37-ecd5-4630-a3f0-bdbe58c847df	gb:HM370979|Organism:Influenza	93.005	872	27	25	1	845	877	13	0.0	1242
05a928a5-9e2d-4b05-a71b-0e0631766b19	gb:HM370979|Organism:Influenza	98.161	870	4	8	1	863	877	13	0.0	1507
0ae4062d-3aec-41a1-afdc-9c8ddce23556	gb:HM370979|Organism:Influenza	98.851	870	4	5	1	869	877	13	0.0	1546
a75350dd-a3fa-4b6d-9c64-41d89abf2fee	gb:HM370979|Organism:Influenza	96.420	866	12	14	4	856	872	13	0.0	1410
7fca1f15-0c02-42c0-9933-1e167c2ad6e2	gb:HM370979|Organism:Influenza	97.921	866	5	9	1	854	13	877	0.0	1487
4661f95f-4c37-4a0b-bbd0-a083aacc6bfd	gb:HM370979|Organism:Influenza	97.231	614	10	6	1	608	877	265	0.0	1033
4661f95f-4c37-4a0b-bbd0-a083aacc6bfd	gb:HM370979|Organism:Influenza	94.472	199	5	5	598	794	696	890	1.81e-80	302
3d45b736-a384-45af-a912-6233a391d975	gb:HM370979|Organism:Influenza	96.921	877	10	12	13	881	880	13	0.0	1454
55ee3ed0-cfaf-4af5-8b81-f2173ba81b32	gb:HM370979|Organism:Influenza	96.667	870	19	9	1	865	13	877	0.0	1437
8496c9cf-1713-4dbb-a558-330f0061d413	gb:HM370979|Organism:Influenza	96.719	884	17	8	1	878	890	13	0.0	1461
1b389968-0d1e-4503-b2b6-d77fe1b410dc	gb:HM370979|Organism:Influenza	91.815	562	22	20	1	545	877	323	0.0	761
1b389968-0d1e-4503-b2b6-d77fe1b410dc	gb:HM370979|Organism:Influenza	89.744	312	19	12	577	881	318	13	4.95e-106	387
e0cf2996-6e4d-4902-a58f-2eb1764114ee	gb:HM370979|Organism:Influenza	91.264	870	31	38	20	857	34	890	0.0	1144
60eaf926-fa79-44ca-87b1-b2c4bb5182a3	gb:HM370979|Organism:Influenza	98.966	870	4	4	1	870	877	13	0.0	1552
708a0731-9b37-4d5f-b758-c4a3c9d1260b	gb:HM370979|Organism:Influenza	96.441	871	10	10	1	856	877	13	0.0	1417
baeb885f-ec44-4df7-8745-540757728d18	gb:HM370979|Organism:Influenza	96.014	878	9	18	1	865	877	13	0.0	1404
d6b9255e-010f-4172-94da-edcbd54e48ac	gb:HM370979|Organism:Influenza	94.966	874	20	17	1	858	12	877	0.0	1349
8c3088f6-a708-4d96-8370-4072f9a47037	gb:HM370979|Organism:Influenza	95.091	876	26	10	1	870	877	13	0.0	1363
cedf3784-e5f2-41b6-a6b6-c1f60f0a33e8	gb:HM370979|Organism:Influenza	98.621	870	5	6	1	868	13	877	0.0	1533
4c0e9b73-8010-4cea-a3c8-6b8372ed4ec0	gb:HM370971|Organism:Influenza	94.438	881	14	25	1	862	13	877	0.0	1323
d72fa3f4-8fa1-46b8-b734-672fc93f33cb	gb:HM370979|Organism:Influenza	99.767	860	2	0	4	863	872	13	0.0	1578
213b96fc-1c3a-447b-83a9-0cac5236a848	gb:HM370979|Organism:Influenza	98.844	865	5	4	1	862	13	875	0.0	1537
e74fcce2-795b-4ff2-ae0e-054127133857	gb:HM370979|Organism:Influenza	97.712	874	10	7	1	873	877	13	0.0	1495
3a4c282c-85cb-49c9-baaa-748d66bfec4a	gb:HM370979|Organism:Influenza	98.270	867	11	4	1	865	877	13	0.0	1515
c939c6fe-46d9-45f6-91fa-2b776e6673cd	gb:HM370979|Organism:Influenza	91.429	875	40	24	1	850	877	13	0.0	1168
f9022372-d3c1-4f9a-bd5f-d5ece230fedc	gb:HM370979|Organism:Influenza	94.954	872	29	13	1	864	13	877	0.0	1352
2641cdc1-1791-4a52-a7c4-a2a8c5db34cf	gb:HM370979|Organism:Influenza	94.761	878	21	19	1	866	13	877	0.0	1343
177bba13-3311-4fba-ae0b-457850bddd47	gb:HM370979|Organism:Influenza	97.589	871	8	8	1	864	877	13	0.0	1480
4da96bf4-253f-4839-82c4-328c2890f639	gb:HM370979|Organism:Influenza	90.615	895	48	33	2	878	889	13	0.0	1155
06c48344-c997-480d-a389-6639d4e028cd	gb:HM370979|Organism:Influenza	98.966	870	4	4	1	870	877	13	0.0	1552
0d5b85c4-73cc-453f-8e53-c666868ffd30	gb:HM370964|Organism:Influenza	96.110	874	10	15	1	859	877	13	0.0	1404
7e688a16-5a26-4b6e-9354-43c8a3d217ea	gb:HM370979|Organism:Influenza	98.963	868	6	3	1	868	877	13	0.0	1550
d9784263-b95d-4079-8163-83e7d4d95911	gb:HM370979|Organism:Influenza	96.663	869	13	13	1	857	13	877	0.0	1430
e2e7555f-e039-46f8-98ef-046976b88cdf	gb:HM370979|Organism:Influenza	97.126	870	17	7	1	867	13	877	0.0	1461
b46c5ecc-2dc6-46ca-8053-4315f86fdaa9	gb:HM370979|Organism:Influenza	96.544	868	14	16	112	971	872	13	0.0	1423
e743c804-762f-4e60-a396-2394bd20bcee	gb:HM370979|Organism:Influenza	98.268	866	5	9	1	857	13	877	0.0	1507
5dfa2935-2270-4a4a-b986-b51d709d4256	gb:HM370979|Organism:Influenza	99.191	865	4	3	1	862	13	877	0.0	1555
1c695ba3-3b49-4a7a-8aae-65b9ac6d2470	gb:HM370979|Organism:Influenza	88.255	877	50	42	7	849	20	877	0.0	1000
36eb8b40-cbe3-4ac6-aa73-6382facaf69b	gb:HM370979|Organism:Influenza	97.371	875	13	10	2	870	7	877	0.0	1480
90bf4de8-d120-40a7-83af-dce31016648b	gb:HM370979|Organism:Influenza	97.586	870	10	11	1	864	877	13	0.0	1480
508dde5c-aaaf-4859-acb7-bef113fe89ea	gb:HM370979|Organism:Influenza	98.961	866	1	6	1	859	877	13	0.0	1543
1c7b10cf-844a-4bb1-b4fb-ac6f2dcc6354	gb:HM370979|Organism:Influenza	97.383	879	14	7	2	873	1	877	0.0	1487
beb4afa9-88e3-43e4-8354-81deb3e51f52	gb:HM370979|Organism:Influenza	97.561	861	10	8	1	854	877	21	0.0	1463
e2a6e27e-ba90-4d2a-8048-5cee03fa0341	gb:HM370979|Organism:Influenza	96.250	880	17	14	13	886	8	877	0.0	1428
9f348a2b-a1c9-4dac-945e-dee402ae06b4	gb:HM370979|Organism:Influenza	96.770	867	12	13	1	853	13	877	0.0	1432
e98ee334-287b-40a2-8d1e-40547916592b	gb:HM370979|Organism:Influenza	97.359	871	10	8	1	864	13	877	0.0	1469
1f27b8f7-3933-4de7-9573-52d5a35ec115	gb:HM370979|Organism:Influenza	93.387	877	34	19	1	864	12	877	0.0	1277
4d7debd4-6b35-4caf-b8f0-fa1c27f899ca	gb:HM370979|Organism:Influenza	98.616	867	5	7	1	862	877	13	0.0	1528
f6942d7b-49a6-47df-9271-cd6613e3a650	gb:HM370979|Organism:Influenza	98.621	870	5	5	1	867	12	877	0.0	1533
cdcc278b-5107-4e2c-b48a-edaad7955e9c	gb:HM370979|Organism:Influenza	91.762	874	37	30	1	848	13	877	0.0	1182
d97bc64b-5069-42aa-acc1-b0b8535b03bc	gb:HM370979|Organism:Influenza	89.468	883	47	38	1	854	12	877	0.0	1074
888741b0-d088-456e-99f9-6b525650c185	gb:HM370979|Organism:Influenza	98.385	867	7	7	1	862	877	13	0.0	1517
edc1de6a-3e21-4f87-be36-6c143e615eee	gb:HM370979|Organism:Influenza	95.260	865	25	14	5	859	19	877	0.0	1356
7cacc97a-784e-4630-ace4-6bc0590ca4ad	gb:HM370979|Organism:Influenza	98.504	869	4	6	1	864	877	13	0.0	1524
6007cbfa-34a3-49e3-b5a8-31bcd634b43e	gb:HM370979|Organism:Influenza	97.924	867	8	8	1	859	877	13	0.0	1493
2a06308b-9133-4c97-8a78-8a48af7fb55e	gb:HM370979|Organism:Influenza	89.165	886	59	28	1	863	13	884	0.0	1070
53062143-73ea-4225-8d0a-8da493bfd5cd	gb:HM370979|Organism:Influenza	87.283	865	51	43	1	814	877	21	0.0	933
2e415ec7-f687-4355-a859-035980cb927e	gb:HM370979|Organism:Influenza	86.333	878	57	46	5	836	874	14	0.0	898
0435727c-68bd-4281-852b-19cc62729bf8	gb:HM370979|Organism:Influenza	99.193	867	4	3	1	866	877	13	0.0	1559
da8a6bdd-113c-400f-9399-5d368a8e4551	gb:HM370979|Organism:Influenza	92.857	882	25	27	1	861	877	13	0.0	1245
b9dc9341-c831-415a-9b83-96ef6283016c	gb:HM370979|Organism:Influenza	95.156	867	19	18	1	846	13	877	0.0	1347
f7ef6d43-1556-4cc0-93cb-a63861835d89	gb:HM370979|Organism:Influenza	95.314	875	18	17	1	858	13	881	0.0	1367
55faa56e-0a3c-4524-9411-cf2a6c1c1e2b	gb:HM370979|Organism:Influenza	97.693	867	13	6	1	862	13	877	0.0	1483
54cf1b1a-b1a4-4a2c-8021-5d52c43d8597	gb:HM370979|Organism:Influenza	96.347	876	11	17	1	866	13	877	0.0	1421
e992811e-dd7b-47b3-b283-dcfdf0b32f25	gb:HM370979|Organism:Influenza	96.678	873	10	17	1	862	877	13	0.0	1434
9966465c-afb3-4fd2-9183-db20abfafb1a	gb:HM370979|Organism:Influenza	98.616	867	5	7	1	862	13	877	0.0	1528
bfdb14ed-01db-4bfd-b4b4-afb07da00b71	gb:HM370979|Organism:Influenza	97.948	877	3	9	1	874	877	13	0.0	1506
1e217837-89ee-49ec-943c-36c3810262bd	gb:HM370979|Organism:Influenza	97.471	870	10	10	1	863	13	877	0.0	1474
d1bb0e8f-b52d-4d84-9cc9-ee2c15878f28	gb:HM370979|Organism:Influenza	97.924	867	8	7	3	865	873	13	0.0	1493
083279ba-2970-409a-bc34-2f35df2f66b8	gb:HM370979|Organism:Influenza	94.451	883	26	19	1	878	877	13	0.0	1338
eaef82d5-b3cc-4b94-aef4-94cadc57c4f6	gb:HM370979|Organism:Influenza	98.962	867	2	5	1	862	877	13	0.0	1544
85b76deb-94b4-43a7-8cba-d882879d6e09	gb:HM370979|Organism:Influenza	94.406	876	31	16	1	869	13	877	0.0	1330
39d3113c-36e4-45a2-a796-328caed3f41a	gb:HM370979|Organism:Influenza	98.383	866	10	4	1	863	13	877	0.0	1519
de889e4f-494a-44f7-a1bd-96b213d0514a	gb:HM370979|Organism:Influenza	93.743	879	29	20	1	867	877	13	0.0	1295
95e74b00-5088-49b0-b675-c1fb687aa7e3	gb:HM370979|Organism:Influenza	94.641	877	20	19	1	862	877	13	0.0	1334
25a4bc63-18d3-4d04-b49d-35457f42c227	gb:HM370979|Organism:Influenza	99.078	868	4	3	1	867	877	13	0.0	1555
c670f211-04f4-4f2a-abd9-fe410d7636a0	gb:HM370979|Organism:Influenza	98.278	871	7	6	1	869	877	13	0.0	1519
a0c6269d-313b-4b3f-b58b-16d7a03169d6	gb:HM370979|Organism:Influenza	98.274	869	8	6	1	866	13	877	0.0	1515
41cd5a73-b6ac-4c0d-b994-f80ca626dd48	gb:HM370979|Organism:Influenza	98.492	862	5	7	8	864	871	13	0.0	1513
8d5997b1-5d83-4ad5-b66c-d139e9e3c8bf	gb:HM370979|Organism:Influenza	90.216	879	43	38	1	843	13	884	0.0	1107
84770ea3-65f2-4be0-b7b7-a8029d8f8372	gb:HM370979|Organism:Influenza	98.848	868	6	4	1	867	13	877	0.0	1544
bfa2a06f-2bd8-4243-9607-fdea3463941d	gb:EU735822|Organism:Influenza	92.193	871	44	17	1	853	865	1	0.0	1210
f3293ac6-7e61-4742-af49-de9c8cdb10f0	gb:HM370979|Organism:Influenza	92.474	877	36	24	1	859	877	13	0.0	1227
931567b7-67f9-4b5c-903b-5cb0cb861ba4	gb:HM370979|Organism:Influenza	97.359	871	14	8	1	868	877	13	0.0	1472
517a835f-78a0-4b52-9d44-114f490877c7	gb:HM370979|Organism:Influenza	91.892	888	39	28	2	867	1	877	0.0	1210
6dff04e4-cdd8-4518-8ad2-38bbd7562be7	gb:HM370979|Organism:Influenza	92.205	821	39	22	24	831	39	847	0.0	1138
8b9aae14-3a5b-4f06-8cd2-8d96df8cb198	gb:HM370979|Organism:Influenza	96.900	871	12	12	1	862	877	13	0.0	1445
83561974-2e51-4665-b3e9-b6717b3f4845	gb:HM370979|Organism:Influenza	89.229	882	47	33	1	851	13	877	0.0	1059
d03c1caf-271f-4d44-8e32-c261d1d41549	gb:HM370979|Organism:Influenza	98.155	867	8	6	1	861	877	13	0.0	1506
edf199fd-b2ee-47eb-9bc9-4712b78f8b40	gb:HM370979|Organism:Influenza	96.767	866	20	8	1	859	877	13	0.0	1437
90fb4923-d153-4ad5-8fac-4497735a49e5	gb:HM370979|Organism:Influenza	98.276	870	7	4	1	866	12	877	0.0	1517
937e9fd1-e203-4e9a-a8f6-b30cd2288cc9	gb:HM370979|Organism:Influenza	89.414	888	47	36	1	864	13	877	0.0	1075
57c1772e-2e3f-42cf-b19e-5481b119cf0d	gb:HM370979|Organism:Influenza	97.133	872	12	8	6	874	874	13	0.0	1459
6ccd549b-5d77-4e4d-86d1-5cf899155401	gb:HM370979|Organism:Influenza	95.814	860	15	15	1	843	877	22	0.0	1369
1a404e72-2123-43c5-98c7-696b2bacb3d6	gb:HM370979|Organism:Influenza	94.725	872	20	21	1	853	13	877	0.0	1332
dec242a1-7d7c-4bdb-8d39-d4dbc7c44b74	gb:HM370979|Organism:Influenza	89.278	886	47	38	1	859	13	877	0.0	1066
cdd2f330-7526-45fc-9b1a-9f8a3275b35c	gb:HM370979|Organism:Influenza	97.926	868	8	7	1	861	877	13	0.0	1495
5acf213c-0830-455f-ac29-d6570975a174	gb:HM370979|Organism:Influenza	91.399	872	42	26	1	846	13	877	0.0	1164
a39eac1b-98b1-4ccb-a408-b2bad879c9c4	gb:HM370979|Organism:Influenza	90.753	876	46	29	1	852	13	877	0.0	1136
d77af262-7b2b-442b-b602-ad4b773d36a2	gb:HM370979|Organism:Influenza	97.926	868	11	7	1	864	877	13	0.0	1496
d64679fa-9079-4bbb-9e14-7d7421d95455	gb:HM370979|Organism:Influenza	97.001	867	10	13	1	853	877	13	0.0	1443
7c1df5e6-bfaa-4f40-b20b-b368eaeda529	gb:HM370979|Organism:Influenza	94.539	879	20	21	1	865	13	877	0.0	1332
07b6e2a5-4bbc-45b5-aac9-85ff69fe2c5c	gb:HM370979|Organism:Influenza	94.904	883	14	22	8	869	885	13	0.0	1352
d5601f59-72a0-4430-aba7-a8644d0d8adc	gb:HM370979|Organism:Influenza	95.814	884	15	13	1	881	877	13	0.0	1408
16a8c178-2392-4e71-9413-81e6c562322e	gb:HM370979|Organism:Influenza	95.057	870	14	14	1	846	13	877	0.0	1341
baddb763-4e91-4b73-a547-b52a3375522b	gb:HM370979|Organism:Influenza	98.618	868	7	4	1	866	877	13	0.0	1531
7fbfb013-5915-41f7-b591-dedaa7668eee	gb:HM370979|Organism:Influenza	95.995	874	16	16	1	864	13	877	0.0	1402
df26b7ea-b1f5-4736-b9ec-058b45949974	gb:HM370979|Organism:Influenza	97.814	869	12	6	1	866	877	13	0.0	1493
000f056a-d9d4-4058-94a6-fc349976d403	gb:HM370979|Organism:Influenza	98.152	866	9	7	1	860	13	877	0.0	1504
9ecd6e2d-3ae8-4a6b-a13c-adcc5b49047e	gb:HM370979|Organism:Influenza	91.638	873	29	34	1	846	13	868	0.0	1168
df6bba20-4924-4ace-819e-e31bbf3bb144	gb:HM370979|Organism:Influenza	96.925	878	8	11	5	879	874	13	0.0	1454
6384b2d7-41a7-4902-8097-ac316c6713c2	gb:HM370979|Organism:Influenza	97.264	329	6	1	1	329	890	565	8.68e-157	555
ae113dba-ef0b-419d-841f-952f846a5c82	gb:HM370979|Organism:Influenza	96.241	878	14	15	1	872	13	877	0.0	1421
91f148d0-9a11-4470-be79-237ca8d10b51	gb:HM370979|Organism:Influenza	94.931	868	21	20	7	860	20	878	0.0	1338
d5819f59-6ebf-4682-bebb-fb915bfed779	gb:HM370979|Organism:Influenza	97.116	867	16	8	1	860	13	877	0.0	1454
f65a2dc5-1596-41d9-9922-1f22ec5a90e0	gb:HM370979|Organism:Influenza	97.471	870	10	12	1	863	877	13	0.0	1474
1c3623e9-99b1-43dd-b65c-f88b34a7e669	gb:HM370979|Organism:Influenza	96.659	868	18	10	1	860	13	877	0.0	1432
a746b9db-e0d7-42c3-bbc6-108be5d434ab	gb:HM370979|Organism:Influenza	97.693	867	9	10	1	858	13	877	0.0	1480
99f576e8-dcfc-42c0-b7bf-b92fe7127a92	gb:HM370979|Organism:Influenza	91.928	892	29	36	4	871	885	13	0.0	1208
3c61f781-7413-4a74-82f1-23c7976d7459	gb:HM370979|Organism:Influenza	93.898	885	29	18	1	873	13	884	0.0	1312
af592855-80ba-4fb4-a938-6d490a83dbc4	gb:HM370979|Organism:Influenza	95.533	873	16	19	1	858	13	877	0.0	1375
95b5ac7a-ba02-4d6c-8e6c-bd5007282363	gb:HM370979|Organism:Influenza	98.039	867	13	4	1	865	13	877	0.0	1504
5855efca-a5c2-402d-bc0a-01c4e5d1f846	gb:HM370979|Organism:Influenza	97.569	864	10	11	5	861	872	13	0.0	1469
9f885578-fd8a-4298-a3e2-83fa1730e34e	gb:HM370979|Organism:Influenza	97.806	866	9	9	1	857	13	877	0.0	1485
c2b263dc-8a4b-461e-bd02-7369b59cb5c6	gb:HM370979|Organism:Influenza	97.001	867	15	5	1	858	13	877	0.0	1447
9db9daa0-24a7-4500-b6fa-fe38efbf9088	gb:HM370979|Organism:Influenza	86.105	878	61	47	1	830	13	877	0.0	889
9e220b0c-a63d-4ee9-b4b3-55afa18aba36	gb:HM370979|Organism:Influenza	97.931	870	8	9	1	865	877	13	0.0	1498
5375ae93-ae99-42d6-8c6f-2d9e851b0938	gb:HM370979|Organism:Influenza	87.896	884	46	45	3	848	873	13	0.0	983
fc79c461-cbb7-42ae-a374-cbd46c31fb37	gb:HM370979|Organism:Influenza	95.069	872	22	14	1	858	13	877	0.0	1352
961f693b-d3c0-411c-a3f6-310caae73a4d	gb:HM370979|Organism:Influenza	93.548	868	25	22	23	869	20	877	0.0	1264
dd700bea-bfce-47de-b05b-2d5e37dcbdc4	gb:HM370979|Organism:Influenza	98.497	865	12	1	1	864	13	877	0.0	1524
8f9e6bff-1c11-4f1d-868d-e8c2a4b55e1a	gb:HM370979|Organism:Influenza	87.239	909	52	53	100	975	890	13	0.0	977
e6940962-ea16-44ab-95b0-e10da28dfa43	gb:HM370979|Organism:Influenza	93.349	842	25	21	36	859	841	13	0.0	1216
b587fec4-4ab2-4b14-a59a-d3a1d99d4904	gb:HM370979|Organism:Influenza	98.048	871	8	6	1	868	877	13	0.0	1506
d72ec097-6436-43c4-ae10-d5f3038565f2	gb:HM370979|Organism:Influenza	92.449	874	28	27	1	845	877	13	0.0	1214
a2979a9c-8957-4ad8-a816-cd96013251f1	gb:HM370979|Organism:Influenza	98.737	871	3	6	1	869	13	877	0.0	1541
4ea5da33-23df-48af-8621-989434632bd2	gb:HM370979|Organism:Influenza	96.552	870	17	11	1	862	13	877	0.0	1428
6c31c304-32d2-418a-a881-1950dc94f105	gb:HM370979|Organism:Influenza	97.359	871	9	10	1	863	877	13	0.0	1469
00ac78ce-a17d-48d9-8b5b-be7001fcb521	gb:HM370979|Organism:Influenza	96.110	874	12	18	1	861	13	877	0.0	1406
bcbe71c3-0e01-40dd-9967-5932286b9f43	gb:HM370979|Organism:Influenza	93.088	868	23	26	1	834	13	877	0.0	1236
0be3a45f-9fae-4d00-ab8a-9490b66b495e	gb:HM370979|Organism:Influenza	98.152	866	8	6	1	859	877	13	0.0	1504
e6cf65a0-d73e-4895-ae9a-5ba3736c7fef	gb:HM370979|Organism:Influenza	98.960	865	7	2	1	863	13	877	0.0	1546
6cdad6e2-4908-4fc0-afe4-23894a47015a	gb:HM370979|Organism:Influenza	96.591	880	10	14	1	875	877	13	0.0	1441
1562870d-08d6-4d8a-abfa-8fad259638db	gb:HM370979|Organism:Influenza	95.057	870	17	20	1	849	13	877	0.0	1345
5fe31f93-18e5-460a-b9db-bb089f180a9e	gb:HM370979|Organism:Influenza	95.355	818	15	18	43	838	61	877	0.0	1279
406743d8-99bf-4abc-9cf8-f521ff310d0c	gb:HM370979|Organism:Influenza	92.474	877	25	32	5	857	872	13	0.0	1216
0742d712-11ce-4b9f-ab45-5aabc16f7025	gb:HM370979|Organism:Influenza	98.278	871	7	5	1	869	877	13	0.0	1519
e8549588-9563-4c37-80f1-7b52a283ef7d	gb:HM370979|Organism:Influenza	92.865	869	36	17	1	847	877	13	0.0	1238
4bf6e58a-afa1-4e49-b814-87ecad41a671	gb:HM370979|Organism:Influenza	96.670	871	13	12	1	861	13	877	0.0	1434
b012e102-fa34-4bfd-944a-be2f367ff5bb	gb:HM370979|Organism:Influenza	99.418	859	2	3	1	858	877	21	0.0	1555
4f938e21-f91e-4839-8c83-e071a61818cc	gb:HM370979|Organism:Influenza	98.046	870	9	7	1	867	13	877	0.0	1506
157b4d7e-f8ad-47ec-8bbf-7165e587af69	gb:HM370979|Organism:Influenza	94.749	876	15	23	1	856	13	877	0.0	1334
6b3ca244-07b5-4793-adc5-300d76b57fc7	gb:HM370979|Organism:Influenza	96.568	874	15	12	2	870	876	13	0.0	1434
de63323d-85b9-4f90-8dcc-e81888902d38	gb:HM370979|Organism:Influenza	98.032	864	9	7	5	864	872	13	0.0	1495
9092f46c-294d-4bdb-8473-e15bb8db2c01	gb:HM370979|Organism:Influenza	97.282	883	13	8	91	968	1	877	0.0	1487
301805c5-c72c-452a-b10c-1d7fb124236a	gb:HM370979|Organism:Influenza	97.126	870	13	8	1	863	13	877	0.0	1458
e8afc4e2-46e8-4cc8-bb54-05f79cc75e89	gb:HM370979|Organism:Influenza	98.272	868	1	9	1	857	13	877	0.0	1507
cd136d12-b46a-4157-a1f7-034a8c7d9142	gb:HM370979|Organism:Influenza	96.096	871	19	15	11	871	12	877	0.0	1406
5a903302-b50c-439d-a44e-7bc493d17535	gb:HM370979|Organism:Influenza	91.741	896	39	29	91	969	890	13	0.0	1212
7ef79cad-49f8-4350-b696-949d27778f24	gb:HM370979|Organism:Influenza	97.350	868	12	10	1	860	13	877	0.0	1465
65c68d70-62e5-493c-bb06-113fa2fd22c7	gb:HM370979|Organism:Influenza	97.123	869	15	10	1	863	13	877	0.0	1458
a0b95c3f-e9dc-4312-8048-b9b5058ed292	gb:HM370979|Organism:Influenza	92.639	883	27	23	1	863	877	13	0.0	1236
b03bb9d0-3561-475f-b403-18c670e0554e	gb:HM370979|Organism:Influenza	97.685	864	11	7	9	868	19	877	0.0	1476
7fa844d6-2a00-43cb-a2f8-6c150f758d92	gb:HM370979|Organism:Influenza	96.445	872	16	13	1	864	13	877	0.0	1424
fa7639ae-5346-4e8b-bdbe-51242ec0067a	gb:HM370979|Organism:Influenza	98.509	872	3	7	1	869	877	13	0.0	1530
771caa06-05ef-4099-8055-8f2acce28714	gb:HM370979|Organism:Influenza	95.972	869	21	10	1	859	877	13	0.0	1399
7a40c756-f263-4ecb-8a9c-8285b6b365af	gb:HM370979|Organism:Influenza	97.001	867	10	11	1	853	877	13	0.0	1443
55ae4200-861d-497c-be46-11f2bf0fe08c	gb:HM370979|Organism:Influenza	91.422	886	35	35	1	858	877	5	0.0	1177
de7a1901-4f70-4aa1-b894-e8762f00b7bc	gb:HM370979|Organism:Influenza	96.433	869	18	8	1	860	877	13	0.0	1421
21341fb3-dfcb-4ada-895a-da1920bc39fb	gb:HM370979|Organism:Influenza	94.444	864	21	20	1	845	13	868	0.0	1304
55158bc5-8a13-443d-9875-2693d9ca94bc	gb:HM370979|Organism:Influenza	96.678	873	15	12	1	867	877	13	0.0	1439
84f5ce9d-d4d6-47ec-952b-5e9c81c8f4f8	gb:HM370979|Organism:Influenza	97.276	771	8	8	6	767	874	108	0.0	1295
43ae7600-cb89-449e-bb3a-5239eb295742	gb:HM370979|Organism:Influenza	95.400	413	8	5	1	406	13	421	0.0	647
43ae7600-cb89-449e-bb3a-5239eb295742	gb:HM370979|Organism:Influenza	100.000	41	0	0	399	439	56	16	6.93e-13	76.8
91217d20-bf66-4995-b157-41ab1aa367e3	gb:HM370979|Organism:Influenza	97.503	881	14	8	2	878	1	877	0.0	1498
09d1ba7a-4b57-4d97-bd77-70ac4e4e921e	gb:HM370979|Organism:Influenza	97.806	866	12	7	1	860	877	13	0.0	1487
69a8f0a4-49f5-4e76-b0ff-49f7c77d6a3a	gb:HM370979|Organism:Influenza	85.202	892	57	46	102	938	6	877	0.0	846
8e13c883-7636-45b3-963d-20eb56316014	gb:HM370979|Organism:Influenza	92.647	884	31	27	1	869	877	13	0.0	1242
99edd609-7cc2-4768-8117-8c0e37208309	gb:HM370979|Organism:Influenza	94.822	869	24	14	1	852	877	13	0.0	1336
ba107422-9313-4d20-92db-1642f2f1c612	gb:HM370979|Organism:Influenza	95.080	874	20	16	1	860	13	877	0.0	1354
a57881ad-f19f-4f5f-9114-0ba8805f59d1	gb:HM370979|Organism:Influenza	94.960	873	23	19	1	860	13	877	0.0	1349
d3978d5c-f1a0-4772-8f9c-f3b12a950672	gb:HM370979|Organism:Influenza	98.385	867	6	6	1	861	13	877	0.0	1517
3376b477-6e39-474a-8ea7-eff7327fe5fb	gb:HM370979|Organism:Influenza	98.030	863	9	7	5	861	873	13	0.0	1493
6915f787-ad75-41a8-8879-a884bf60299a	gb:HM370979|Organism:Influenza	98.845	866	6	3	1	863	13	877	0.0	1541
b36e1f57-67e9-40e2-995d-dc9184d3edf6	gb:HM370979|Organism:Influenza	96.825	882	9	14	1	879	13	878	0.0	1456
6c99b138-3b2a-4063-80ac-ab8cda638b15	gb:HM370979|Organism:Influenza	98.276	870	9	5	1	869	877	13	0.0	1519
2b238dbf-3af6-4cbe-bded-9a6fbb5a0790	gb:HM370979|Organism:Influenza	94.037	872	21	19	1	848	877	13	0.0	1293
c3aa1d0e-99cf-4697-a34d-abd827412c3d	gb:HM370979|Organism:Influenza	98.266	865	7	7	1	857	877	13	0.0	1507
ca00cd51-6774-45ff-b0a5-7beac162fd5f	gb:HM370979|Organism:Influenza	92.898	873	35	20	1	855	13	876	0.0	1243
69095645-61cc-4361-8254-4d77fd06a49b	gb:HM370979|Organism:Influenza	96.429	868	12	13	1	852	877	13	0.0	1413
95b74a44-e4b5-4c66-8a35-1f4e51a3f533	gb:HM370979|Organism:Influenza	97.130	871	13	11	1	865	877	13	0.0	1459
42ba823d-fcfa-4c63-ae76-8b6f28735ed7	gb:HM370979|Organism:Influenza	98.848	868	3	6	1	864	877	13	0.0	1541
2e0834bf-7d71-447d-b628-6583df60c10f	gb:HM370979|Organism:Influenza	89.813	854	39	38	5	821	873	31	0.0	1051
b97cd258-c913-4ce4-b3e9-0176a0bbd850	gb:HM370979|Organism:Influenza	90.755	887	31	36	93	942	885	13	0.0	1136
58c6b780-d4df-42b2-9a32-c0974c789f90	gb:HM370979|Organism:Influenza	92.018	877	31	32	1	850	13	877	0.0	1195
db189691-c305-4fdf-879e-52b5907b5797	gb:HM370979|Organism:Influenza	95.183	872	18	19	1	855	877	13	0.0	1356
c1c44064-bd72-4bab-b5e2-46d9f03a6be9	gb:HM370979|Organism:Influenza	98.845	866	5	4	1	862	13	877	0.0	1539
42ec92c3-bfbe-4890-ab41-313f38740ee2	gb:HM370979|Organism:Influenza	97.581	868	7	10	1	859	13	875	0.0	1474
089f9e90-9782-4832-bdbb-c571b02e5b41	gb:HM370979|Organism:Influenza	94.943	870	19	20	1	850	877	13	0.0	1339
7d3a7ef1-e271-4c63-b792-beae532f2496	gb:HM370979|Organism:Influenza	95.029	865	19	20	1	849	877	21	0.0	1338
bed15ce4-aa41-454e-a889-d7261081318f	gb:HM370979|Organism:Influenza	92.334	874	35	22	1	851	13	877	0.0	1214
ebac7795-a690-4eff-a863-f7bcb62ca973	gb:HM370979|Organism:Influenza	94.610	872	27	17	1	859	877	13	0.0	1332
8931ac97-b7d1-4428-8618-e9eb82374021	gb:HM370979|Organism:Influenza	98.960	865	8	1	1	864	13	877	0.0	1546
9adf1feb-7f2c-40fd-bbb9-5c7e6b7bb3b0	gb:HM370979|Organism:Influenza	96.879	865	12	14	1	856	877	19	0.0	1434
363a2c03-e652-407b-9826-dc8213e27369	gb:HM370979|Organism:Influenza	98.847	867	6	4	1	865	13	877	0.0	1543
3841b1c3-da3a-4f8c-823b-d4e95adc434c	gb:HM370979|Organism:Influenza	96.770	867	11	11	1	852	877	13	0.0	1430
6e69da56-6730-4546-bbd5-3e965ba6ab00	gb:HM370979|Organism:Influenza	97.814	869	5	11	1	859	877	13	0.0	1487
f06feee7-5c1b-4f67-acf4-accfa17f8213	gb:HM370979|Organism:Influenza	98.962	867	2	4	1	862	13	877	0.0	1544
5ffc267c-65fb-44b3-a527-f8c12c25b930	gb:HM370979|Organism:Influenza	99.194	868	3	3	1	867	877	13	0.0	1561
68d9080f-71df-42b2-a7f5-cb462272960e	gb:HM370979|Organism:Influenza	98.610	863	8	3	9	870	18	877	0.0	1524
7362aed4-4081-452e-9c6f-d52772ae9594	gb:HM370979|Organism:Influenza	97.575	866	12	9	1	858	13	877	0.0	1474
8e5c83bf-c8eb-462c-8398-2f9838a95b1c	gb:HM370979|Organism:Influenza	98.382	865	10	4	1	861	877	13	0.0	1517
5ce9353f-e383-440a-9468-79986a064fff	gb:MF148062|Organism:Influenza	85.347	894	74	46	1	859	877	6	0.0	872
923b66e3-9dc0-4db4-b337-23fa8e329e52	gb:HM370979|Organism:Influenza	90.868	876	40	30	1	847	877	13	0.0	1138
c73a94d6-c7dd-46b1-a859-92785d3060ea	gb:HM370979|Organism:Influenza	94.554	863	24	19	6	849	19	877	0.0	1312
f87fc50e-3779-4a6b-a40f-17c5007af2e2	gb:HM370979|Organism:Influenza	87.122	893	54	48	4	853	887	13	0.0	955
be6a82a7-026f-43f5-b2c9-2cba13664b0f	gb:HM370979|Organism:Influenza	96.092	870	13	16	1	854	13	877	0.0	1399
008de30a-d90c-46aa-b3e0-b26e48ae0b49	gb:HM370979|Organism:Influenza	98.963	868	4	4	1	866	877	13	0.0	1548
dc0cde34-ffa4-4d4a-87ce-05b859d03e26	gb:HM370979|Organism:Influenza	97.796	862	12	6	3	859	872	13	0.0	1480
012b9431-badc-4362-8840-e1a6ba2dd020	gb:HM370979|Organism:Influenza	92.186	883	30	32	1	854	12	884	0.0	1212
6d6a149a-5e99-41eb-84f9-796c2bec4165	gb:HM370979|Organism:Influenza	94.790	883	20	21	1	875	877	13	0.0	1352
3c96cfc7-0684-4103-85cb-8a14dc9f8a41	gb:HM370979|Organism:Influenza	97.929	869	11	7	1	865	12	877	0.0	1498
0b59ea36-028f-48ed-ac66-cd76c3f20dee	gb:HM370979|Organism:Influenza	93.501	877	29	22	104	970	873	15	0.0	1279
350fed9f-882e-4053-a008-ddd1a1ff5130	gb:HM370979|Organism:Influenza	97.059	884	14	9	2	880	1	877	0.0	1478
a4469081-339d-4be8-8166-63d0f579b952	gb:HM370979|Organism:Influenza	98.383	866	7	6	14	874	12	875	0.0	1515
b920271e-b3fb-4cbe-8d11-d86cdb60fb9b	gb:HM370979|Organism:Influenza	93.984	881	21	21	1	865	13	877	0.0	1304
653cee4e-9942-4047-8526-297443b172aa	gb:HM370979|Organism:Influenza	98.039	867	11	6	1	863	877	13	0.0	1502
1aa07c2b-d7fa-46e6-aa72-f724e42b4ffc	gb:HM370979|Organism:Influenza	95.876	873	18	14	1	863	13	877	0.0	1397
0c434958-13d9-49fa-b4e8-94fec0cd6c48	gb:HM370979|Organism:Influenza	98.284	874	4	5	1	872	877	13	0.0	1520
df40b8fa-cd64-4981-95c5-504efea8b14d	gb:HM370979|Organism:Influenza	93.736	878	25	21	1	861	877	13	0.0	1290
f7521c9d-6205-4666-8569-219362fdd4ca	gb:HM370979|Organism:Influenza	98.044	869	6	10	1	862	877	13	0.0	1500
6505329f-24ee-4f67-b92c-f966d1c64ebf	gb:HM370979|Organism:Influenza	99.193	867	4	3	1	866	13	877	0.0	1559
1ead9717-15ba-4dba-914b-0311c84b9f85	gb:HM370979|Organism:Influenza	98.274	869	4	8	1	862	13	877	0.0	1511
9e2d9ba8-e3b8-4ba4-b647-36a1dc5c80ea	gb:HM370979|Organism:Influenza	98.262	863	9	6	1	859	13	873	0.0	1506
9e2d9ba8-e3b8-4ba4-b647-36a1dc5c80ea	gb:HM370979|Organism:Influenza	83.889	900	66	58	857	1692	885	1	0.0	785
98d6647f-108a-492e-a9cd-76543200230f	gb:HM370979|Organism:Influenza	98.075	883	9	6	1	880	890	13	0.0	1530
a686694f-2bf2-4ecd-894e-7c573a78dcdc	gb:HM370979|Organism:Influenza	97.578	867	12	8	1	860	13	877	0.0	1476
dfd9d521-1fc5-490f-8090-e2b36d6de055	gb:HM370979|Organism:Influenza	89.805	873	32	46	1	824	13	877	0.0	1066
888d90f6-b2dd-483d-b6c6-cca69c38a77a	gb:HM370979|Organism:Influenza	94.712	851	20	20	23	858	37	877	0.0	1299
159f372d-7670-471f-9b98-35ab5cd835bb	gb:HM370979|Organism:Influenza	98.737	871	1	6	1	868	13	876	0.0	1539
538ddd88-0298-4074-a326-0317def7d977	gb:HM370979|Organism:Influenza	99.309	868	2	3	1	867	877	13	0.0	1567
629231b0-a010-42cc-b8e2-9c3f2ff7afef	gb:HM370979|Organism:Influenza	96.900	871	14	12	1	864	13	877	0.0	1447
20d9e026-0d53-4321-b448-f33f265fa5c8	gb:HM370979|Organism:Influenza	97.696	868	9	7	1	860	13	877	0.0	1482
383936de-fa33-4934-aeed-f3629b84b51c	gb:HM370979|Organism:Influenza	97.471	870	11	8	1	864	877	13	0.0	1474
ea568fa2-88d3-46bb-a112-50dfac0ac975	gb:HM370979|Organism:Influenza	98.731	867	3	6	1	861	877	13	0.0	1533
4d406ccf-49d0-4149-8ddd-0793ffda73a9	gb:HM370979|Organism:Influenza	90.826	872	38	31	1	845	12	868	0.0	1129
1b23135a-748b-476c-a2f2-160e50e525ff	gb:HM370979|Organism:Influenza	97.595	873	8	11	1	868	877	13	0.0	1483
07a53221-aec3-47ad-9b19-0922f3976bcf	gb:HM370979|Organism:Influenza	95.699	837	15	21	10	836	52	877	0.0	1327
b0355857-f1c6-49bd-b143-8acb3c734b26	gb:HM370979|Organism:Influenza	95.923	883	12	19	1	877	13	877	0.0	1410
35021659-356a-4710-9aaf-973066135282	gb:HM370979|Organism:Influenza	95.408	871	22	12	1	862	877	16	0.0	1371
bed70b09-ea13-431d-9853-02a8b33b7062	gb:HM370979|Organism:Influenza	95.449	879	15	22	1	868	13	877	0.0	1378
3e8e9f8f-bc43-4631-8fd8-001ec1fe6992	gb:HM370979|Organism:Influenza	96.904	872	14	9	1	866	877	13	0.0	1448
827d76c0-d2a1-46c4-9ee4-f48d8f31baa7	gb:HM370979|Organism:Influenza	97.232	867	12	10	1	857	877	13	0.0	1458
8f71001c-9ffc-4fc7-82f3-eb45fb2304a7	gb:HM370979|Organism:Influenza	89.709	894	46	31	4	870	887	13	0.0	1099
3eb43e12-2beb-48bc-b4a4-b886f8c49ea5	gb:HM370979|Organism:Influenza	95.642	872	22	10	1	863	877	13	0.0	1386
33144ca9-adea-4fc7-98f9-44234801c746	gb:HM370979|Organism:Influenza	97.811	868	11	8	1	863	877	13	0.0	1491
57f9f8cb-eb01-4922-8847-2812d61c7e8c	gb:HM370979|Organism:Influenza	97.463	867	10	11	3	863	873	13	0.0	1469
91a8b821-0cd8-4fae-be3c-5c384a9fa0e9	gb:HM370979|Organism:Influenza	97.248	872	10	13	1	865	877	13	0.0	1465
77133a95-eed2-4a30-a10b-f5522ef1c138	gb:HM370979|Organism:Influenza	96.789	872	9	16	1	860	877	13	0.0	1437
273119e0-0d7e-4cf5-965d-22fa73ca31fe	gb:HM370979|Organism:Influenza	94.808	886	23	17	1	871	890	13	0.0	1360
9bba983f-f11f-45a9-91bf-8270413e9fba	gb:HM370979|Organism:Influenza	96.266	857	16	13	22	869	862	13	0.0	1391
f3a7ae75-edec-409b-83ab-d715c681c237	gb:EU743548|Organism:Influenza	84.695	869	115	14	1	855	865	1	0.0	852
b46dab1f-237b-408c-80ff-b6f40d3f9541	gb:HM370979|Organism:Influenza	96.461	876	9	11	1	865	13	877	0.0	1426
fb518585-11c5-4065-b0df-b0843e4882b2	gb:HM370979|Organism:Influenza	94.279	874	33	14	1	866	13	877	0.0	1321
55f83d6f-2b1a-42aa-958a-b5818d9cfdaf	gb:HM370979|Organism:Influenza	97.600	875	5	10	1	869	13	877	0.0	1485
c69a333f-37e9-4dc5-9e65-6cafb533cae1	gb:HM370979|Organism:Influenza	94.725	872	25	14	9	871	18	877	0.0	1336
186d4a29-e23c-4cbc-9ab1-344690a6bebb	gb:HM370979|Organism:Influenza	97.130	871	13	9	3	869	874	12	0.0	1459
221f82a3-d79e-4f64-a085-eef541ff5570	gb:HM370979|Organism:Influenza	92.290	882	34	24	1	865	13	877	0.0	1221
37a60a3d-8461-4422-acd7-5b3e55cd521e	gb:HM370979|Organism:Influenza	95.429	875	20	16	1	865	877	13	0.0	1376
a305a5ad-aa90-4e56-a0df-95efa8cfa270	gb:HM370979|Organism:Influenza	90.068	886	37	41	95	940	887	13	0.0	1101
88ea35ae-92a4-4f22-a86e-d0805d7ecb0c	gb:HM370979|Organism:Influenza	97.468	869	12	8	1	863	877	13	0.0	1474
96637c4a-74f4-448e-8197-1ec1a24699c6	gb:HM370979|Organism:Influenza	98.389	869	4	10	1	863	13	877	0.0	1519
e1c03cb7-f52a-421e-9ab5-43a1d4d5eaf5	gb:HM370979|Organism:Influenza	98.385	867	5	5	1	860	13	877	0.0	1515
f9def554-7e60-47aa-8855-49764f03c2ff	gb:HM370979|Organism:Influenza	97.356	870	13	7	1	865	877	13	0.0	1471
cf816ed3-c12f-4128-b7d9-a16c5248449b	gb:HM370979|Organism:Influenza	95.776	876	20	13	1	870	877	13	0.0	1397
b4ddf005-ff46-484a-92e7-38d5928e29ec	gb:HM370979|Organism:Influenza	97.362	872	8	12	1	864	877	13	0.0	1469
8b41d276-1af6-423a-9046-0fe6bc121aa3	gb:HM370979|Organism:Influenza	98.032	864	11	6	4	865	872	13	0.0	1496
88f548d4-4dd2-4893-8534-b73861d3406d	gb:HM370979|Organism:Influenza	99.194	868	3	2	1	867	13	877	0.0	1561
75dadc1f-7264-4579-9688-3bdd002a4aaf	gb:HM370979|Organism:Influenza	96.318	869	14	15	1	855	13	877	0.0	1411
1ff5d6d6-f4ef-4c80-8711-de775b77ecbc	gb:HM370979|Organism:Influenza	99.191	865	5	1	1	863	877	13	0.0	1557
52eeae73-417a-4329-b85d-4107533efac7	gb:HM370979|Organism:Influenza	96.793	873	14	12	1	867	877	13	0.0	1445
4252fe1a-ded4-4c6d-b27d-f1d11e8ef46f	gb:HM370979|Organism:Influenza	98.262	863	9	6	4	863	872	13	0.0	1506
2d4fe3f6-3540-441d-ba8b-f64408a44749	gb:HM370979|Organism:Influenza	90.899	890	31	37	103	957	887	13	0.0	1149
60bec633-9254-403d-8f46-02631a51660f	gb:HM370979|Organism:Influenza	95.439	877	15	19	1	864	13	877	0.0	1375
65f06d18-e4f1-4640-8c83-fd510f96189f	gb:HM370979|Organism:Influenza	97.581	868	14	7	1	864	877	13	0.0	1480
55eef07c-a451-48d4-afa4-0f39aa064218	gb:HM370979|Organism:Influenza	90.817	893	33	35	1	872	877	13	0.0	1149
0f9d6738-265c-456b-afe6-b90eddeb6b2d	gb:HM370979|Organism:Influenza	98.624	872	3	6	1	870	13	877	0.0	1535
e2cba30e-179b-423c-8109-f67b622b4574	gb:HM370979|Organism:Influenza	97.931	870	9	7	1	865	12	877	0.0	1498
9f3e3faf-5560-4657-9303-e44c983194ba	gb:HM370979|Organism:Influenza	94.688	866	16	19	1	843	13	871	0.0	1317
a0211576-25a3-4bdb-acf9-b41dd14290ab	gb:HM370979|Organism:Influenza	95.150	866	21	17	1	852	13	871	0.0	1347
728adcbf-005a-456d-a0b8-b942ba126e48	gb:HM370979|Organism:Influenza	95.776	876	15	17	1	865	13	877	0.0	1393
0f743b3e-3539-4ce1-9fa1-62423a17d8f5	gb:HM370979|Organism:Influenza	97.468	869	12	9	1	863	877	13	0.0	1474
480069ce-1ff1-467e-a374-f537daa463e6	gb:HM370979|Organism:Influenza	93.721	876	18	30	5	851	873	6	0.0	1279
0a0e224e-69a2-46f4-9408-279cf83068c1	gb:HM370979|Organism:Influenza	91.904	877	31	28	1	849	877	13	0.0	1190
8f3733d1-2eb1-4a86-8362-0e15303c6110	gb:HM370979|Organism:Influenza	97.113	866	14	10	6	865	873	13	0.0	1450
500db579-6021-498b-8c2f-8668207393ba	gb:HM370979|Organism:Influenza	85.860	884	72	39	1	850	13	877	0.0	891
93bb6196-2513-47d2-8168-89be379780b2	gb:HM370971|Organism:Influenza	93.486	875	32	21	1	860	13	877	0.0	1277
6f16851f-8fa0-466e-aad5-d42935e3f27e	gb:HM370979|Organism:Influenza	97.921	866	10	8	6	868	874	14	0.0	1493
6b8b059f-1205-493e-90cd-32d00de14766	gb:HM370979|Organism:Influenza	95.781	877	18	16	1	870	13	877	0.0	1397
5f112553-e509-48a3-9bf7-4bd9c8ec5a7d	gb:HM370979|Organism:Influenza	97.338	864	11	11	12	867	18	877	0.0	1458
57b58f54-cb9f-42c3-ad17-7fe7c759dfac	gb:HM370979|Organism:Influenza	93.714	875	22	24	1	852	13	877	0.0	1280
36801232-6d40-4a6f-a0d7-2dd243d96fcb	gb:HM370979|Organism:Influenza	98.497	865	3	7	1	855	13	877	0.0	1517
bfefa4d5-295d-4e54-9b4e-d4679f110f24	gb:HM370979|Organism:Influenza	94.089	829	19	22	62	872	61	877	0.0	1232
0ab247fb-9bd9-42f9-a320-69c408480d19	gb:HM370979|Organism:Influenza	92.964	867	35	17	1	846	13	874	0.0	1240
75531c64-f63b-4527-ae48-e5c4ac2649e0	gb:HM370979|Organism:Influenza	97.338	864	9	9	5	858	872	13	0.0	1456
47de548d-00ec-4945-a7c5-b03ed18499a4	gb:HM370979|Organism:Influenza	96.305	866	15	13	1	850	13	877	0.0	1406
707df2f5-885f-4b7a-96bb-693d347ec3c6	gb:HM370979|Organism:Influenza	90.909	891	36	35	1	872	13	877	0.0	1155
7c7e43bd-9693-46ef-975c-152806712767	gb:HM370979|Organism:Influenza	98.621	870	5	6	1	868	13	877	0.0	1533
bb1da8ad-7f33-4622-a2e9-182aac7d9a96	gb:HM370979|Organism:Influenza	96.250	880	17	13	4	872	3	877	0.0	1428
01a613e3-13ff-4f11-9ead-87843b34f32d	gb:HM370979|Organism:Influenza	93.596	890	23	28	1	873	13	885	0.0	1297
d8c93a47-ebd3-44ee-9e07-c5c71bd207bc	gb:HM370979|Organism:Influenza	96.571	875	14	13	14	881	12	877	0.0	1435
6e4b5427-cc0b-4546-8393-15aacb31fb9c	gb:HM370979|Organism:Influenza	98.041	868	9	6	6	871	874	13	0.0	1502
1702d5f1-a177-4f8b-b846-90098813f38f	gb:HM370979|Organism:Influenza	97.696	868	6	9	1	857	13	877	0.0	1480
18271d8c-0d2c-49d2-b408-fd4400edb8b9	gb:HM370979|Organism:Influenza	99.306	865	5	1	1	864	877	13	0.0	1563
889aee03-45e3-478f-a98f-a4785da6d445	gb:HM370979|Organism:Influenza	98.618	868	4	6	1	863	13	877	0.0	1530
f6e131d7-087d-41ff-9dae-9d590c07eb25	gb:HM370979|Organism:Influenza	97.136	873	11	11	1	867	13	877	0.0	1461
55e4b43e-4e5c-4339-81ec-0e0231aeea52	gb:HM370979|Organism:Influenza	96.674	872	9	16	1	859	13	877	0.0	1432
49606656-13fb-4770-b4f7-4d4e09aeda5a	gb:HM370979|Organism:Influenza	96.778	869	15	9	1	860	877	13	0.0	1437
8de09804-7af8-4205-bbac-9d785065e50d	gb:HM370979|Organism:Influenza	98.041	868	6	9	1	860	13	877	0.0	1498
54ad1033-ad8b-4450-984e-c2a87eb18a00	gb:HM370979|Organism:Influenza	94.205	880	23	22	1	863	13	881	0.0	1317
d0246eaa-5c22-4b3b-af46-c5f81a9778a4	gb:HM370979|Organism:Influenza	97.578	867	15	6	1	863	13	877	0.0	1480
beb1ff5d-cf30-49e9-ac1c-99b11143beaf	gb:HM370979|Organism:Influenza	96.437	870	14	15	1	858	877	13	0.0	1419
3f4a028e-2fb4-4102-9a53-7377ae1810e3	gb:HM370979|Organism:Influenza	94.005	884	22	26	1	872	13	877	0.0	1310
93353732-bdd1-4615-a8ca-9dfdf7f5a973	gb:HM370979|Organism:Influenza	95.517	870	22	15	1	858	13	877	0.0	1375
bbcfe995-2f8d-4aea-9336-28992e7492e7	gb:HM370979|Organism:Influenza	97.712	874	8	9	1	871	13	877	0.0	1493
f8e29191-2bc3-4f8e-8462-e74f902d6d1e	gb:HM370979|Organism:Influenza	94.671	882	19	25	106	967	886	13	0.0	1343
adaa2121-d638-4d48-b870-18e27edcb8f2	gb:HM370979|Organism:Influenza	97.123	869	12	11	1	860	13	877	0.0	1454
5dd03460-0e1e-46d5-b089-f1d280c4de34	gb:HM370964|Organism:Influenza	96.194	867	12	16	1	848	877	13	0.0	1399
ccb5eb78-0f79-431a-b3c7-bf274eeb6347	gb:HM370979|Organism:Influenza	98.728	865	4	5	1	858	877	13	0.0	1530
698f67ad-b954-4e4a-8322-4242475cacce	gb:HM370979|Organism:Influenza	93.800	871	21	23	1	844	13	877	0.0	1279
8576da25-ebb3-4aab-8ef4-ceed41169d0e	gb:HM370979|Organism:Influenza	96.756	863	12	11	1	851	13	871	0.0	1424
5d011e3a-2f6f-4dc2-9956-0fc183e23da0	gb:HM370979|Organism:Influenza	94.713	870	20	21	11	858	12	877	0.0	1328
e29efd29-8cd8-4935-9e12-7c0e21f372d8	gb:HM370979|Organism:Influenza	96.384	885	13	15	2	875	1	877	0.0	1439
d0e30a19-b147-410c-bb5c-9cf43eb73546	gb:HM370979|Organism:Influenza	97.032	876	8	14	1	869	877	13	0.0	1458
4a2ac493-7dbe-4fbb-b453-980a071b0a72	gb:HM370979|Organism:Influenza	99.078	868	5	2	1	868	877	13	0.0	1555
77b820fd-0e35-4c07-857e-edf76c4eadad	gb:HM370979|Organism:Influenza	98.976	879	6	3	2	879	1	877	0.0	1570
d9008d6c-233e-43ec-abd3-f3b9cb2ffdf6	gb:HM370979|Organism:Influenza	89.130	874	49	40	4	845	872	13	0.0	1046
56e73fe0-e8a1-48d5-92ad-048a09925795	gb:HM370979|Organism:Influenza	95.986	872	17	15	1	861	13	877	0.0	1400
1b6b7ab8-9fa4-407b-85ba-9298cfaac402	gb:HM370979|Organism:Influenza	97.365	873	13	8	1	871	13	877	0.0	1476
5ef4261e-d1f3-4072-8fac-2e211fdee179	gb:HM370979|Organism:Influenza	94.719	871	21	19	1	852	13	877	0.0	1330
e8be7e87-8335-4f46-be0d-69439c4b5286	gb:KX232513|Organism:Influenza	88.396	879	57	40	1	848	1	865	0.0	1016
beb3adf2-a082-456b-ba5f-2cfd49548e3f	gb:HM370979|Organism:Influenza	95.357	883	21	18	7	878	4	877	0.0	1386
f832ada4-747c-4b8c-9cb4-5b11318d293e	gb:HM370979|Organism:Influenza	97.353	869	9	10	1	859	877	13	0.0	1465
9da1df60-64a2-49bb-9c6b-181c4857a0e5	gb:HM370979|Organism:Influenza	94.483	870	19	19	6	854	874	13	0.0	1314
678f4884-a01c-4a3f-816c-100a7a888ed4	gb:HM370979|Organism:Influenza	97.798	863	10	8	4	863	874	18	0.0	1480
671d534e-e6a2-49d2-af7e-9e91dd08d6b3	gb:HM370979|Organism:Influenza	99.193	867	4	3	1	866	877	13	0.0	1559
d98b2c57-0494-49a4-beba-14501bfbe4c2	gb:HM370979|Organism:Influenza	97.821	872	9	9	1	869	13	877	0.0	1496
b4bbab9a-28ee-42d1-97c3-69e346ebf5a9	gb:HM370979|Organism:Influenza	97.126	870	15	9	1	865	13	877	0.0	1459
440c1daa-817d-4f07-b602-58036542c0ab	gb:HM370979|Organism:Influenza	92.727	880	33	27	1	864	13	877	0.0	1242
858a8dec-9d4e-47c7-a80a-2c54a95b184f	gb:HM370979|Organism:Influenza	96.663	869	12	12	1	856	13	877	0.0	1428
6225fbad-1855-4317-93a3-718c444b410b	gb:HM370979|Organism:Influenza	98.507	871	7	3	1	871	877	13	0.0	1531
2287d84f-c70a-4ea3-b49b-0fd32efe8267	gb:HM370979|Organism:Influenza	96.203	869	16	13	1	856	877	13	0.0	1406
1463004f-e4e7-4924-952a-a36f48422814	gb:HM370979|Organism:Influenza	93.111	871	28	23	1	845	13	877	0.0	1247
a89de45c-8065-4816-a733-015e52b402d4	gb:HM370979|Organism:Influenza	96.216	872	18	11	1	864	877	13	0.0	1413
10cb5368-da63-4a67-a825-9699719fcbc5	gb:HM370979|Organism:Influenza	96.347	876	15	17	1	870	877	13	0.0	1424
e09e8876-2c64-4aa7-aa7a-83f25966182c	gb:HM370979|Organism:Influenza	98.618	868	2	7	1	861	877	13	0.0	1528
600a6ad2-5441-44d1-aeb6-49932b0e23ae	gb:HM370979|Organism:Influenza	90.673	847	31	34	1	814	877	46	0.0	1083
5d84b148-613b-4f44-9a68-b65749bc79d0	gb:HM370979|Organism:Influenza	94.700	868	20	24	1	845	13	877	0.0	1325
851f37f4-0662-4dc8-9e2a-22703e3d3180	gb:HM370979|Organism:Influenza	92.921	890	28	27	2	873	5	877	0.0	1262
636c54df-4c3b-45e2-bb30-6aa6babe47a5	gb:HM370979|Organism:Influenza	97.811	868	10	7	1	862	13	877	0.0	1489
4be61c63-43e7-4c17-8dcf-764ac6464d74	gb:HM370979|Organism:Influenza	97.821	872	11	6	1	871	877	13	0.0	1498
0e8fdf7e-4063-466d-9558-70ef566da22f	gb:HM370979|Organism:Influenza	96.560	872	11	16	1	860	13	877	0.0	1426
cd13ca85-6890-4114-ab54-12ea36350e9f	gb:HM370979|Organism:Influenza	94.585	868	27	15	9	862	18	879	0.0	1325
7b06b622-36b3-457c-b30e-f7a61b414957	gb:HM370979|Organism:Influenza	96.275	886	16	13	1	877	890	13	0.0	1437
d14f4602-85ad-4edb-bf2d-147f6d41373e	gb:HM370979|Organism:Influenza	94.749	876	22	20	97	951	885	13	0.0	1341
4ca4d0bc-431e-4e62-a620-209775a62ae6	gb:HM370979|Organism:Influenza	98.402	876	6	6	2	873	6	877	0.0	1533
7e868b7e-525a-4622-8969-cd52cebbeb69	gb:HM370979|Organism:Influenza	98.385	867	11	3	1	866	13	877	0.0	1520
cd348bbf-dfa9-4705-8982-4ef70a3376ec	gb:HM370979|Organism:Influenza	95.282	869	18	20	1	855	13	872	0.0	1356
c49de33e-1728-448d-9842-dac1942b2299	gb:HM370979|Organism:Influenza	96.556	871	13	10	1	860	13	877	0.0	1426
d02ca3f2-910f-4d5d-af7a-f7e791e54188	gb:HM370979|Organism:Influenza	91.638	885	36	31	1	867	13	877	0.0	1190
2fa53758-b595-4d87-8a7e-14a03f379064	gb:HM370979|Organism:Influenza	97.567	863	13	8	117	974	872	13	0.0	1471
57d5cd6f-f206-4a1a-b29b-5b3b4ea92eed	gb:KX859370|Organism:Influenza	85.795	887	77	40	5	856	885	13	0.0	894
31d17d77-5361-42ad-a227-b280ad3e3d72	gb:HM370979|Organism:Influenza	92.873	884	38	15	4	867	1	879	0.0	1260
f2377c00-24dd-4b44-bf89-35fe60ccb8c6	gb:HM370979|Organism:Influenza	96.785	871	16	10	1	865	877	13	0.0	1443
118d1e3e-78d5-4b45-aac0-f4615ccbf877	gb:HM370979|Organism:Influenza	98.274	869	5	7	1	863	13	877	0.0	1513
c09f57c6-2c76-47e7-aad6-a886222af074	gb:HM370979|Organism:Influenza	96.556	871	15	12	1	862	13	877	0.0	1428
d1ca5cab-518a-40eb-a1f2-a5140bb4b3b7	gb:HM370979|Organism:Influenza	96.237	877	15	14	1	871	13	877	0.0	1421
1c91f6c4-1661-4d44-bad0-9fbe3a9826ab	gb:HM370979|Organism:Influenza	94.552	881	20	20	1	869	877	13	0.0	1336
3f53dcac-421f-4218-946f-fad5f1fb9149	gb:HM370979|Organism:Influenza	96.042	859	19	11	24	877	863	15	0.0	1384
44feae49-5505-485a-957e-7fdd29b3ac93	gb:HM370979|Organism:Influenza	98.274	869	6	9	1	864	877	13	0.0	1513
d55f2aee-95c5-4909-bd65-a4429ff68a3d	gb:HM370979|Organism:Influenza	99.077	867	4	3	1	865	877	13	0.0	1554
6213b372-41da-4ef9-827a-add240f7b55d	gb:HM370979|Organism:Influenza	97.957	881	8	9	5	881	887	13	0.0	1519
6fe802ca-8655-45d8-8730-e1da90ae6513	gb:HM370979|Organism:Influenza	87.104	884	61	40	1	849	12	877	0.0	952
d84e1750-8839-4afb-9030-ab93c6ac92c6	gb:HM370979|Organism:Influenza	87.586	870	48	46	1	815	13	877	0.0	953
1913725a-766f-45a8-b484-aa2fc34323c9	gb:HM370979|Organism:Influenza	88.093	907	61	38	1	889	13	890	0.0	1033
a975feac-7e45-4e43-94be-9e4d2528f465	gb:HM370979|Organism:Influenza	98.857	875	7	3	1	874	877	5	0.0	1557
75f2af45-d2e5-4b23-a56c-e3957d61d42f	gb:HM370979|Organism:Influenza	98.737	871	4	5	1	870	13	877	0.0	1541
3b316f3f-a571-4bf5-81c2-c84749e8f473	gb:HM370979|Organism:Influenza	92.246	877	29	30	1	850	13	877	0.0	1206
dd08ec16-3d0e-48ad-bfa3-f89f0f4316b6	gb:HM370979|Organism:Influenza	98.278	871	5	9	1	867	877	13	0.0	1517
25ad0cd0-5419-42b2-b59f-1ee93677250f	gb:HM370979|Organism:Influenza	99.307	866	1	5	1	862	877	13	0.0	1561
10ec6c29-b6c7-4735-b0ee-440ad8f7aeea	gb:HM370979|Organism:Influenza	97.489	876	7	10	1	872	877	13	0.0	1482
2c9896a3-a398-4c7c-a402-5e1fbd430857	gb:HM370979|Organism:Influenza	99.654	867	1	2	1	867	877	13	0.0	1583
18d2712d-647b-4aa8-bbc9-cb1c49e0a5fc	gb:HM370979|Organism:Influenza	97.086	652	7	8	1	649	13	655	0.0	1088
18d2712d-647b-4aa8-bbc9-cb1c49e0a5fc	gb:HM370979|Organism:Influenza	98.462	130	1	1	698	827	748	876	2.97e-58	228
bd24b72d-f49b-40f9-9e43-ac504dd27571	gb:HM370979|Organism:Influenza	97.693	867	9	8	1	858	13	877	0.0	1480
b0baff18-e0b4-4ea2-9904-f764f73c7994	gb:HM370979|Organism:Influenza	98.039	867	10	7	1	862	877	13	0.0	1500
79d676fa-4a29-4eee-b6bd-1e10ecd1b445	gb:HM370979|Organism:Influenza	97.254	874	6	11	1	865	877	13	0.0	1465
b86b6d6e-865a-4110-afa8-0730a8782c5c	gb:HM370979|Organism:Influenza	97.691	866	12	8	1	859	877	13	0.0	1482
625e588e-599d-4fe3-bacf-052e917c0ad4	gb:HM370979|Organism:Influenza	94.845	873	23	20	1	859	877	13	0.0	1343
493fda66-8c28-4e08-8003-86241abfe13d	gb:HM370979|Organism:Influenza	94.954	872	19	18	1	854	877	13	0.0	1343
67161bb9-17c3-4042-9517-e171cabb0a0f	gb:HM370979|Organism:Influenza	96.078	867	14	15	4	857	872	13	0.0	1395
bbeef0f3-85fc-4bec-bb36-40a6666e26be	gb:HM370979|Organism:Influenza	97.463	867	16	4	1	863	13	877	0.0	1474
0786d162-23f9-4c86-a787-7869fa22080b	gb:EU735822|Organism:Influenza	91.600	869	53	17	1	853	1	865	0.0	1182
76c460d6-c0df-4488-882b-1b8538ec309a	gb:HM370979|Organism:Influenza	95.954	865	22	10	1	852	13	877	0.0	1391
94dca250-f12d-44f9-8e5a-17e3610ecb1d	gb:HM370979|Organism:Influenza	98.962	867	4	5	1	864	877	13	0.0	1546
95a3c851-5374-4b24-9272-bbc0c64977a3	gb:HM370979|Organism:Influenza	97.468	869	11	8	1	862	13	877	0.0	1472
32444797-3a2a-4aea-be2a-dd1b6895c68f	gb:HM370979|Organism:Influenza	98.848	868	6	4	1	867	877	13	0.0	1544
949716e8-e05a-4048-9325-de80ab6b7458	gb:HM370979|Organism:Influenza	97.465	868	10	7	1	859	13	877	0.0	1471
29afefcd-69b6-42f1-bffd-78fb50ae718f	gb:HM370979|Organism:Influenza	93.651	882	23	23	3	859	2	875	0.0	1288
0da80eea-32b6-4853-9a45-ba84db027e14	gb:HM370979|Organism:Influenza	98.849	869	2	7	1	865	13	877	0.0	1543
34feddda-dc5c-4b9a-8bec-9d0b4cc01ec2	gb:HM370979|Organism:Influenza	96.800	875	11	12	1	868	13	877	0.0	1445
158c11cc-b86e-4dc3-b5dd-4e5401f83ab5	gb:HM370979|Organism:Influenza	97.600	875	9	9	1	873	877	13	0.0	1489
8a868136-a826-4b67-8424-f8de7c7e6391	gb:HM370979|Organism:Influenza	96.481	881	10	18	99	967	6	877	0.0	1435
73ae53c4-1f39-4de2-8ba5-c98758240647	gb:HM370979|Organism:Influenza	98.039	867	11	4	1	863	877	13	0.0	1502
a0ce78a8-6a15-4322-90e5-157918325f21	gb:HM370964|Organism:Influenza	91.389	871	32	33	17	856	871	13	0.0	1153
dbbb4ae5-6036-40a0-be14-2af01790b136	gb:HM370979|Organism:Influenza	98.847	867	6	3	1	865	877	13	0.0	1543
0f0d1f99-dc59-493d-bcae-98d73db27bfc	gb:HM370979|Organism:Influenza	95.781	877	11	19	1	863	13	877	0.0	1391
dbc17773-b000-44bf-8007-11efd1aa1203	gb:HM370979|Organism:Influenza	97.605	877	12	7	4	873	887	13	0.0	1495
ad94720b-0695-41bc-8cc9-e54c94fee002	gb:HM370979|Organism:Influenza	92.816	877	35	23	13	874	12	875	0.0	1245
0ad34dc2-cf43-4916-a4b5-4e61cda5fb2c	gb:HM370979|Organism:Influenza	98.041	868	8	8	1	862	877	13	0.0	1500
369e0758-bfa7-4f3c-b578-5a131be27ea2	gb:HM370979|Organism:Influenza	88.409	880	63	31	1	856	877	13	0.0	1024
ecd2426f-5748-4d1b-aab8-112db7ca13bc	gb:HM370979|Organism:Influenza	96.060	863	15	10	18	864	872	13	0.0	1387
db355247-0229-4b3d-9606-de3e2367c23a	gb:HM370979|Organism:Influenza	96.682	874	15	8	1	869	877	13	0.0	1441
b45210ca-fee2-4ef6-a887-831211232acd	gb:HM370979|Organism:Influenza	95.128	862	21	18	1	846	13	869	0.0	1339
059ef878-ce77-4788-bf5d-0ea4a51f0c32	gb:HM370979|Organism:Influenza	96.023	880	17	13	1	877	877	13	0.0	1415
ead7d5c0-dd59-4a84-83fd-f4d589d67017	gb:HM370979|Organism:Influenza	95.982	871	14	16	1	856	13	877	0.0	1395
5f36404e-4505-4246-b1aa-d810d3821909	gb:HM370979|Organism:Influenza	92.889	886	32	24	1	863	13	890	0.0	1258
020f7aad-d95b-40ab-ab95-9ae8b9c2feb6	gb:HM370979|Organism:Influenza	96.145	882	14	19	7	878	19	890	0.0	1423
b727774c-1a85-434e-867b-7c1d69732e89	gb:HM370979|Organism:Influenza	97.583	869	4	13	1	856	13	877	0.0	1472
4c1904d2-ab9f-40a6-8326-fbd33590094d	gb:HM370979|Organism:Influenza	96.583	878	12	12	1	873	13	877	0.0	1439
cfb442bb-d4be-405c-95a1-b486f4d86e6b	gb:HM370979|Organism:Influenza	98.734	869	2	9	1	864	13	877	0.0	1535
488e8e5c-238d-462f-bab0-874745303805	gb:HM370979|Organism:Influenza	92.906	874	31	22	17	866	879	13	0.0	1242
e18f4ee2-fc9a-4787-960d-3b8fa927813b	gb:HM370979|Organism:Influenza	96.552	870	17	10	1	862	13	877	0.0	1428
3912f7a2-2a48-43e6-b26c-6397df6a9d28	gb:HM370979|Organism:Influenza	85.489	889	82	41	2	855	1	877	0.0	883
48f11a77-26eb-412a-b63f-1dba63ce9df8	gb:HM370979|Organism:Influenza	97.448	862	12	8	5	857	873	13	0.0	1461
a13a81a9-deee-4e5f-a6a3-7124d049d4f1	gb:HM370979|Organism:Influenza	98.157	868	11	5	1	866	13	877	0.0	1509
bbde9940-956e-425e-90f1-2ef88413b00e	gb:HM370979|Organism:Influenza	97.001	867	17	8	1	860	877	13	0.0	1448
4aa2bd29-e82a-4ef0-94db-ecb47b97a1a9	gb:HM370979|Organism:Influenza	92.123	876	33	33	1	851	13	877	0.0	1203
99e60cb3-eedf-422a-8efa-8be87d21b757	gb:HM370979|Organism:Influenza	95.757	872	15	15	1	857	13	877	0.0	1386
2d6ca9f9-c45f-46c7-a578-170aab51434a	gb:HM370979|Organism:Influenza	90.961	874	48	25	1	852	877	13	0.0	1147
4e70a46e-349b-4631-b099-2e6acd632e2d	gb:HM370964|Organism:Influenza	91.629	884	41	29	1	870	877	13	0.0	1192
e7f892ae-0f65-49cb-973f-f59d07d7c499	gb:HM370964|Organism:Influenza	94.910	884	19	11	1	877	877	13	0.0	1360
9191cd52-91b5-4d79-ba3e-dc9374f17313	gb:HM370979|Organism:Influenza	90.664	889	41	37	2	860	1	877	0.0	1144
66143bbc-780d-4b8b-b14b-8ce48f530c85	gb:HM370979|Organism:Influenza	99.539	867	2	2	1	867	877	13	0.0	1578
97fe4448-a3e4-400a-aaba-d5bffecd603e	gb:HM370979|Organism:Influenza	97.251	873	7	9	1	864	877	13	0.0	1463
578a6976-1baf-4f9b-80ba-724dadfe3cae	gb:HM370979|Organism:Influenza	94.253	870	29	20	6	865	17	875	0.0	1310
8db94707-e17b-49a8-b733-48a0a2582722	gb:HM370979|Organism:Influenza	95.309	874	16	19	1	858	13	877	0.0	1363
2f367f20-b7e0-40cf-a73d-677574be7dda	gb:HM370979|Organism:Influenza	95.444	878	15	20	1	866	13	877	0.0	1376
612d48ef-e93a-4348-ba34-04ff3d9df46f	gb:HM370979|Organism:Influenza	94.689	885	21	22	1	866	13	890	0.0	1351
865a250e-51ef-4c9a-847d-baaa214147c7	gb:HM370979|Organism:Influenza	98.155	867	10	3	1	863	877	13	0.0	1507
45212b87-7f80-4af6-8886-d2e159d5f1a2	gb:HM370979|Organism:Influenza	88.664	891	42	40	102	964	872	13	0.0	1031
574fd6e3-b71a-4641-b666-ef2bb7c3e4ac	gb:HM370979|Organism:Influenza	98.152	866	8	7	1	859	13	877	0.0	1504
2e4fbf32-ffee-4110-8eb3-7be926ce9762	gb:HM370979|Organism:Influenza	98.387	868	7	7	1	864	877	13	0.0	1519
24fed6da-6faf-4a6f-b729-07d130519b39	gb:HM370979|Organism:Influenza	96.907	873	13	11	1	867	13	877	0.0	1450
78ee7541-0120-4b30-9af6-5215724b6b7a	gb:HM370979|Organism:Influenza	94.111	866	23	22	10	856	19	875	0.0	1291
0d0b4cc2-22ae-4c02-9b84-a4a03ca7957b	gb:HM370979|Organism:Influenza	95.833	864	19	15	5	856	871	13	0.0	1380
68941eab-7a65-4be5-bb5b-8617c0ab7b9f	gb:HM370979|Organism:Influenza	97.015	871	11	14	1	862	13	877	0.0	1450
6efa00f7-8e3d-4a2b-b512-09ecf1a09dc4	gb:HM370979|Organism:Influenza	95.386	867	15	20	4	852	872	13	0.0	1356
0f5f1ef2-b106-4fc4-9287-84db7cbc3865	gb:HM370979|Organism:Influenza	96.253	854	17	11	26	870	30	877	0.0	1386
78487f48-8421-4b78-9c61-c9db2f047e09	gb:HM370979|Organism:Influenza	96.520	862	18	12	7	860	20	877	0.0	1415
7f3e2784-616d-449b-a573-f6e0f44274c5	gb:HM370979|Organism:Influenza	95.786	878	15	16	1	869	877	13	0.0	1397
c271fca7-e977-4c80-ad7f-7595bea1c8ef	gb:HM370979|Organism:Influenza	94.482	888	22	21	2	873	1	877	0.0	1343
adff26ca-de4b-4ea6-802b-1cb9597a6c1c	gb:HM370979|Organism:Influenza	97.696	868	8	10	1	859	13	877	0.0	1482
2e84b7f3-a1f4-4dec-8478-c77a8ff53e58	gb:HM370979|Organism:Influenza	96.351	877	18	13	1	875	13	877	0.0	1430
a63bce19-be7a-4ba9-b948-f6dafbb2d137	gb:HM370979|Organism:Influenza	98.618	868	4	5	1	863	877	13	0.0	1530
b96ca172-3e67-4128-977e-7ccc5831c9ac	gb:HM370979|Organism:Influenza	94.361	869	19	19	1	843	877	13	0.0	1306
2091e059-2d82-4236-a439-701f854b62cf	gb:HM370979|Organism:Influenza	96.815	879	7	13	1	872	877	13	0.0	1448
1a3cdc05-5662-4d1c-9431-a8288b87757f	gb:HM370979|Organism:Influenza	88.068	880	45	30	2	831	876	7	0.0	989
00d24798-8e6a-4b67-98a1-ee0a5a107625	gb:HM370979|Organism:Influenza	97.909	861	12	6	1	859	877	21	0.0	1485
2b4d7245-ab4e-4e17-8e60-1ac6dfd32dd2	gb:HM370979|Organism:Influenza	95.573	881	24	11	1	869	13	890	0.0	1397
462b2937-cefc-4ea9-be34-b6fdad74470a	gb:HM370979|Organism:Influenza	98.506	870	5	7	1	867	13	877	0.0	1528
9348bf18-6630-4593-b538-9ff7eff4a050	gb:HM370979|Organism:Influenza	93.800	871	28	22	1	856	877	18	0.0	1286
6ca88647-19a6-420a-b2d1-47f9130791ec	gb:HM370979|Organism:Influenza	98.155	867	12	4	1	865	877	13	0.0	1509
d7e80fc8-03cd-45bd-9afd-42fed3136b56	gb:HM370979|Organism:Influenza	97.639	847	9	8	37	874	33	877	0.0	1443
46b8732e-eae2-418d-8dca-91121695bdfd	gb:HM370979|Organism:Influenza	97.015	871	9	14	1	860	877	13	0.0	1448
b84965f5-30a6-4fc4-9b83-c53eba5dc640	gb:HM370979|Organism:Influenza	96.036	883	14	15	1	873	877	6	0.0	1417
7a7ce018-d444-43af-8a03-a2e65138bcf4	gb:HM370979|Organism:Influenza	97.806	866	8	9	1	856	877	13	0.0	1483
c4c373fb-a797-4ea1-b0a9-dc1b86674474	gb:HM370979|Organism:Influenza	97.471	870	12	8	1	865	13	877	0.0	1476
dc6fbacd-7225-46ad-b97f-fc23710c5ddb	gb:HM370979|Organism:Influenza	92.449	874	29	27	1	846	877	13	0.0	1214
2542e479-53cd-4521-96fa-3a1c9abd5df7	gb:HM370979|Organism:Influenza	97.508	883	10	6	7	887	885	13	0.0	1498
cd101799-65e8-459d-b336-a6cdd8ea0fd0	gb:HM370979|Organism:Influenza	98.157	868	8	6	1	863	877	13	0.0	1507
87f55496-c220-4119-aff2-0a6a22d6a512	gb:HM370979|Organism:Influenza	97.581	868	12	9	1	862	877	13	0.0	1478
89c41d66-eb8c-4b32-8a58-31579e8355eb	gb:HM370979|Organism:Influenza	99.193	867	3	4	1	865	877	13	0.0	1559
0868ce7f-e52b-455b-9e45-bda0dc5c6904	gb:HM370979|Organism:Influenza	97.116	867	12	8	14	874	872	13	0.0	1450
5ddcc49b-bb18-43c3-bdbc-7a7116668d03	gb:HM370979|Organism:Influenza	96.014	552	15	7	1	548	13	561	0.0	891
f3dde2f9-b5e2-41aa-8c51-03be6d3b70bf	gb:HM370979|Organism:Influenza	94.622	874	18	22	1	854	877	13	0.0	1327
529389a2-91d0-4ecf-8171-072f16c5179d	gb:HM370979|Organism:Influenza	97.353	869	12	9	1	862	13	877	0.0	1467
4876d061-d6ed-47d7-9d79-481cd2ecd740	gb:HM370979|Organism:Influenza	95.652	874	19	13	6	872	874	13	0.0	1386
39120523-0909-4e21-8e61-58c5cc3bab6c	gb:HM370979|Organism:Influenza	97.001	867	18	5	1	861	13	877	0.0	1450
19b8a6ee-5099-44c9-80da-da7154c3b245	gb:HM370979|Organism:Influenza	97.383	879	11	12	1	873	13	885	0.0	1485
4a96b58f-6f85-4c28-943a-ed7084f7387b	gb:HM370979|Organism:Influenza	96.123	877	20	9	1	875	877	13	0.0	1419
4a5b6b09-3f70-4d2b-88c9-382f964856f0	gb:HM370979|Organism:Influenza	95.434	876	24	9	1	871	13	877	0.0	1382
acdd236b-6d59-4438-9bf1-2d717d040fa2	gb:HM370979|Organism:Influenza	97.463	867	12	8	1	859	13	877	0.0	1471
afa76e53-675c-41dd-a6be-5c2cdea52a88	gb:HM370979|Organism:Influenza	91.753	873	36	29	1	850	877	18	0.0	1181
67ceac5a-b967-4590-838c-a77ddf1f0ddd	gb:HM370979|Organism:Influenza	98.272	868	6	6	1	862	877	13	0.0	1511
56c0b789-c76f-4ed3-970b-c1d87b83dd1f	gb:HM370979|Organism:Influenza	94.931	868	26	12	1	853	877	13	0.0	1343
c08d29a2-e80f-4f48-a477-dc0ea8d876bb	gb:HM370979|Organism:Influenza	98.733	868	4	7	1	864	13	877	0.0	1535
3f14ccc8-a687-4657-be96-3c8c707e7e8b	gb:HM370979|Organism:Influenza	97.350	868	9	11	1	860	13	874	0.0	1463
da07462a-c9a3-43bf-a196-81cea6e1361b	gb:HM370979|Organism:Influenza	96.477	880	12	16	1	876	13	877	0.0	1435
1e562a0d-b829-4ea6-994e-97c9e312d49b	gb:HM370979|Organism:Influenza	97.926	868	10	5	1	863	13	877	0.0	1496
c6ce8e1b-f0a5-4fdb-8122-9cb0fe2c487e	gb:HM370979|Organism:Influenza	95.298	872	21	16	1	859	13	877	0.0	1365
859bf84b-4944-4f50-b347-b56b3ed3e419	gb:HM370979|Organism:Influenza	96.330	872	12	12	1	859	877	13	0.0	1415
f9610d53-38ae-4925-87f5-e7ce4a256c90	gb:HM370979|Organism:Influenza	98.618	868	3	6	1	862	877	13	0.0	1528
8a92a45d-75e5-4eff-a7d4-9e5f1b9eacf4	gb:HM370979|Organism:Influenza	98.734	869	4	5	1	866	877	13	0.0	1537
a36e0cef-b027-4131-8934-73486ee38a72	gb:HM370979|Organism:Influenza	93.915	871	24	20	4	856	872	13	0.0	1288
596cf6a7-42e4-4211-a8dd-51cca4bc1b3b	gb:HM370979|Organism:Influenza	97.362	872	13	9	1	869	877	13	0.0	1474
49e139dd-3bcd-47f7-a76c-6e908d69d98b	gb:HM370979|Organism:Influenza	96.770	867	9	10	1	850	877	13	0.0	1428
63185321-3763-47e3-9f22-1535af78956e	gb:HM370979|Organism:Influenza	97.838	879	6	10	1	872	13	885	0.0	1506
a12fc223-fd55-4d5d-b9de-8ffbeaf934c8	gb:HM370979|Organism:Influenza	98.276	870	3	8	1	863	13	877	0.0	1513
ca484bcc-59e6-4c5c-840b-731f2993659c	gb:HM370979|Organism:Influenza	96.540	867	15	10	1	854	13	877	0.0	1421
e7268ac0-7d8f-4d39-a7b8-6bf323a980e3	gb:HM370979|Organism:Influenza	90.282	885	40	30	1	861	877	15	0.0	1116
780f6efd-e5d1-4555-8839-1c3c9bc7f75d	gb:HM370979|Organism:Influenza	95.309	874	17	18	1	859	877	13	0.0	1365
925515cd-6224-41cd-97e1-ae115b7adcd4	gb:HM370979|Organism:Influenza	98.046	870	8	7	1	866	877	13	0.0	1504
38e9647a-99ac-4462-a7ee-6cd3822da1a3	gb:HM370979|Organism:Influenza	96.928	879	13	14	2	868	1	877	0.0	1461
2cd22e78-c9a3-466e-8ef0-eb354c24a057	gb:HM370979|Organism:Influenza	95.222	879	20	17	1	865	7	877	0.0	1371
87d15b65-0373-401d-ae1e-f450c88ea55e	gb:HM370979|Organism:Influenza	97.714	875	8	9	1	873	877	13	0.0	1495
423116af-3ba9-4bb6-8eaf-c3b2df1f5403	gb:HM370979|Organism:Influenza	97.116	867	13	9	1	857	877	13	0.0	1452
c543611b-0a23-4ed2-b2d7-28679b85e0e7	gb:HM370979|Organism:Influenza	96.727	886	18	9	1	883	13	890	0.0	1465
248cb44c-034f-4ebe-a2e3-7991bd47d17b	gb:HM370979|Organism:Influenza	96.864	861	12	7	10	856	872	13	0.0	1426
c0b16a34-3b5f-4d1a-80d9-88692458962c	gb:HM370979|Organism:Influenza	95.781	877	18	11	1	869	12	877	0.0	1397
72c939a2-9898-4180-9d4c-45f67cfb8772	gb:HM370979|Organism:Influenza	90.562	890	47	27	102	968	888	13	0.0	1144
f8339f55-204f-4321-b23f-474d97cde6b9	gb:HM370979|Organism:Influenza	97.564	862	10	8	1	854	13	871	0.0	1465
ad42a0eb-7baa-43e0-a461-f56af7ccebdc	gb:HM370979|Organism:Influenza	96.544	868	13	9	1	854	13	877	0.0	1421
4f76d673-cfa6-43f8-88a3-23fc6d787b48	gb:HM370979|Organism:Influenza	98.501	867	7	5	1	863	877	13	0.0	1524
1d3f5495-a9a7-4a89-a3b0-90e936365ce2	gb:HM370979|Organism:Influenza	93.701	889	37	16	1	882	1	877	0.0	1314
92fa0da6-7413-478d-8c57-eae8b1e0750b	gb:HM370979|Organism:Influenza	94.931	868	23	15	4	858	872	13	0.0	1339
62ce77c4-a77f-4279-a9c8-c169b90b5727	gb:HM370979|Organism:Influenza	96.437	870	16	13	1	860	13	877	0.0	1421
7bc0d235-0a68-4a94-958e-adbd8fa39018	gb:HM370979|Organism:Influenza	95.652	874	14	17	1	859	877	13	0.0	1382
6da7272b-440d-481a-a7b1-c331b2e8a2c7	gb:HM370979|Organism:Influenza	97.257	875	12	9	1	866	13	884	0.0	1472
9386009c-27aa-46f4-ad29-82cd9268d025	gb:HM370979|Organism:Influenza	93.596	890	24	23	4	887	872	10	0.0	1297
af485460-9b39-4cf5-b536-67abfc3bbc8a	gb:HM370979|Organism:Influenza	94.124	868	28	18	1	848	13	877	0.0	1299
1f5f6096-2f65-4ae9-a3ba-ede53501c7d7	gb:HM370979|Organism:Influenza	98.032	864	8	8	117	975	872	13	0.0	1493
f679534a-fe9b-4d2b-a0e2-8e8b987732c1	gb:HM370979|Organism:Influenza	95.497	866	19	16	1	847	13	877	0.0	1365
e9585621-56ce-4713-a4e3-475597241f84	gb:HM370979|Organism:Influenza	95.968	868	13	13	1	849	13	877	0.0	1389
ae1c59f2-8f85-468a-87ce-01c0c620738b	gb:HM370979|Organism:Influenza	96.904	872	15	8	1	867	877	13	0.0	1450
d966b5e9-afcf-4f05-b39b-f7e12b5d25c5	gb:HM370979|Organism:Influenza	98.274	869	7	8	1	865	877	13	0.0	1515
97c185c7-b6a7-418f-a107-72f72e0a2764	gb:HM370979|Organism:Influenza	95.413	872	16	21	5	864	872	13	0.0	1367
fdd5d32b-c620-450d-b3e3-c5a0a3a3228d	gb:HM370979|Organism:Influenza	90.297	876	37	34	1	850	13	866	0.0	1103
f6d3a2f1-81c4-4706-a47b-fd22c24d862e	gb:HM370979|Organism:Influenza	98.041	868	7	8	1	861	877	13	0.0	1500
044d1f14-16b3-493f-a162-3373925e6686	gb:HM370979|Organism:Influenza	98.963	868	1	5	1	863	13	877	0.0	1546
d4a0e409-ad93-4b88-9c7c-fa3df9cd630a	gb:HM370979|Organism:Influenza	98.159	869	8	7	1	865	13	877	0.0	1509
2ff6a68e-4cd8-4dcb-ada8-b22c753e1a35	gb:HM370979|Organism:Influenza	97.919	865	4	8	1	851	13	877	0.0	1485
0b97fb08-d013-4443-867e-64f740544c0e	gb:HM370979|Organism:Influenza	95.692	882	26	9	2	876	1	877	0.0	1408
f89886d8-8d01-4252-a751-8c0c83dbcfa2	gb:HM370979|Organism:Influenza	99.654	866	1	2	1	865	13	877	0.0	1581
37022c44-ab3e-4eb8-b242-baa861c2bbf3	gb:HM370979|Organism:Influenza	98.847	867	6	4	1	865	877	13	0.0	1543
3b9e7990-658a-456c-8246-0034afc96bcf	gb:HM370979|Organism:Influenza	88.488	886	57	35	1	862	13	877	0.0	1029
acebeb54-7868-4580-8678-904de1a07d51	gb:HM370979|Organism:Influenza	95.271	867	19	15	1	847	13	877	0.0	1354
3ea804c4-b01f-4c80-9ba6-0bad78d5f2e0	gb:HM370979|Organism:Influenza	96.233	876	12	15	1	866	13	877	0.0	1415
a72f0c20-b1a7-43f4-b0b0-9c7515f347a5	gb:HM370979|Organism:Influenza	98.966	870	2	4	1	868	877	13	0.0	1550
f4e054a2-3378-4ee5-8733-0d197bd19f42	gb:HM370979|Organism:Influenza	97.480	873	5	11	1	864	877	13	0.0	1474
20a2a1e5-b926-4523-84e1-7ae909ac98e7	gb:HM370979|Organism:Influenza	92.455	888	32	25	2	865	1	877	0.0	1236
c1f202eb-3490-416a-bcfb-f88436c175ae	gb:HM370979|Organism:Influenza	97.699	869	13	6	1	866	13	877	0.0	1487
bef96ef4-f4f9-46e9-bcd6-c051171fa9c5	gb:HM370979|Organism:Influenza	95.968	868	11	15	3	852	874	13	0.0	1387
91f02169-563e-49fa-84dc-e20597cb4e67	gb:HM370979|Organism:Influenza	96.843	887	10	12	1	880	888	13	0.0	1467
a9e38040-b5d1-4cd1-aee4-c14df6791704	gb:HM370979|Organism:Influenza	96.815	879	17	9	1	874	877	5	0.0	1458
92d8b29a-81d8-4751-82ee-000be7efc1de	gb:MF148062|Organism:Influenza	84.933	896	88	43	6	875	887	13	0.0	863
a959784b-b126-42dc-ae0c-fb090d5f1b23	gb:HM370979|Organism:Influenza	97.245	871	14	10	1	867	13	877	0.0	1467
ffebf9e0-c074-40fd-8f6d-3a93a8129420	gb:HM370979|Organism:Influenza	90.227	880	42	35	1	851	877	13	0.0	1109
ddbddf8c-0319-4657-b1ad-934bf7a60666	gb:HM370979|Organism:Influenza	99.079	869	3	4	1	868	877	13	0.0	1555
d17ec06c-da0f-4227-b89a-3ad8eb42a663	gb:HM370979|Organism:Influenza	96.670	871	13	13	1	861	877	13	0.0	1434
a6ce24c8-68c5-40a4-8fb5-19e50e8c1f67	gb:HM370979|Organism:Influenza	98.385	867	7	5	1	862	13	877	0.0	1517
c1df0883-60a4-435c-9e51-52172b04f0e3	gb:HM370979|Organism:Influenza	97.701	870	9	10	1	864	877	13	0.0	1485
22a376a1-fd74-4100-94d8-ee67b7e37391	gb:HM370979|Organism:Influenza	97.691	866	10	8	1	857	877	13	0.0	1480
7ae985de-7891-441a-ab9c-5bf503a8c882	gb:HM370979|Organism:Influenza	96.445	872	15	12	1	863	13	877	0.0	1424
55a31f03-cdcc-4b40-86a5-630f6477eea4	gb:HM370979|Organism:Influenza	97.359	871	6	11	1	860	877	13	0.0	1465
53caf214-18c9-456b-bf73-0dace2cc5cf8	gb:HM370979|Organism:Influenza	97.389	881	13	10	1	874	890	13	0.0	1491
4af38525-0de4-4395-b020-be5edede27e8	gb:HM370979|Organism:Influenza	97.133	872	14	9	1	868	877	13	0.0	1461
60506e0a-a6ea-458b-b0fe-b82c04366142	gb:HM370979|Organism:Influenza	96.493	884	17	13	2	878	1	877	0.0	1448
7f7072da-28a7-4744-95aa-a72cc37b81fd	gb:HM370979|Organism:Influenza	96.568	874	14	13	1	867	13	877	0.0	1434
fd5ec8a1-b471-412f-a53a-42fb763e473e	gb:HM370979|Organism:Influenza	97.719	877	9	7	5	874	885	13	0.0	1498
a8e4a89e-0d20-4def-9185-a178acd46f04	gb:HM370979|Organism:Influenza	96.763	865	12	13	2	854	873	13	0.0	1428
3d63a529-96a9-4108-bd88-70d186eefb9c	gb:HM370979|Organism:Influenza	98.490	861	8	3	4	860	872	13	0.0	1513
59ef7148-d993-4d09-acf9-d48dcce6c448	gb:HM370979|Organism:Influenza	98.035	865	8	4	1	856	877	13	0.0	1495
8284d523-4742-47c7-bf75-b25470addba5	gb:HM370979|Organism:Influenza	95.434	876	21	15	99	965	12	877	0.0	1378
d94b27ae-0af7-4795-8cda-6b02c349f995	gb:HM370979|Organism:Influenza	98.387	868	6	7	1	863	877	13	0.0	1519
1e63540a-88f4-4d31-bec9-5a6c34b8f3b5	gb:HM370979|Organism:Influenza	98.961	866	5	4	1	863	877	13	0.0	1546
9e9e27ef-09b5-46be-ad1b-084e687036f3	gb:HM370979|Organism:Influenza	96.216	872	16	14	1	862	877	13	0.0	1411
4d11f814-dc59-410a-97e6-939eda94af24	gb:HM370979|Organism:Influenza	98.389	869	6	5	1	865	13	877	0.0	1520
ac053fe5-7ef5-4419-ab5a-70769145e445	gb:HM370979|Organism:Influenza	98.276	870	7	7	1	867	877	13	0.0	1517
a3605052-14a6-49fc-8ea6-724b7cf4ce91	gb:HM370979|Organism:Influenza	97.786	858	11	8	3	855	873	19	0.0	1472
674b5de7-c0ce-4bdc-a4ab-b82b2659f952	gb:HM370979|Organism:Influenza	95.000	860	22	13	7	852	870	18	0.0	1330
f1e44716-3a33-48b0-b721-4576613f0018	gb:HM370979|Organism:Influenza	97.365	873	11	10	1	869	13	877	0.0	1474
fa5820f8-732c-4fa5-bcdc-b3fe9819a23a	gb:HM370979|Organism:Influenza	98.140	860	3	9	1	850	877	21	0.0	1487
08a4f942-7b58-4216-9a23-3bea22e49179	gb:HM370979|Organism:Influenza	98.274	869	8	6	1	866	877	13	0.0	1515
74ce2624-5e08-4728-93ca-e70344207775	gb:HM370979|Organism:Influenza	91.063	884	41	30	1	852	13	890	0.0	1160
324b4ea6-b1c4-4146-a7dc-422fa46e0d9e	gb:HM370979|Organism:Influenza	93.100	884	26	26	1	869	13	876	0.0	1262
aa594580-ab95-4420-802e-cd15a2ec4897	gb:HM370979|Organism:Influenza	98.157	868	9	7	1	864	877	13	0.0	1507
96e27a31-8cf1-4dca-a16e-f191672fb056	gb:HM370979|Organism:Influenza	96.893	869	13	9	1	859	877	13	0.0	1443
03f21234-758f-48ec-b8f4-efd19640f3eb	gb:HM370979|Organism:Influenza	98.157	868	10	3	1	865	13	877	0.0	1509
be7febd8-4dcd-4263-8c27-70a1afbf4857	gb:HM370979|Organism:Influenza	98.274	869	9	6	1	867	13	877	0.0	1517
8cc93c46-6a5d-4eb0-912a-9bb78e41f8aa	gb:HM370979|Organism:Influenza	97.701	870	8	10	1	863	877	13	0.0	1485
359750b9-31dd-4ca4-9e08-70bd41a88754	gb:HM370979|Organism:Influenza	96.674	872	13	15	1	863	877	13	0.0	1435
830974c2-ca6a-4150-8db8-098a66a9f232	gb:HM370979|Organism:Influenza	96.305	866	19	11	8	867	19	877	0.0	1410
d05c2686-ea69-4017-9be3-511e6d396b64	gb:HM370979|Organism:Influenza	98.961	866	4	4	1	862	877	13	0.0	1544
05c8f23a-67ba-4d9d-941f-8143873c98fa	gb:HM370979|Organism:Influenza	97.722	878	8	9	6	875	886	13	0.0	1500
bbc43118-7173-4010-a5d5-08c085c9704e	gb:HM370979|Organism:Influenza	98.731	867	6	4	1	864	13	877	0.0	1535
47530c22-df51-4041-8ebf-cde2f042f3e2	gb:HM370979|Organism:Influenza	96.176	863	13	14	1	857	877	29	0.0	1393
4bed676c-50e3-40ce-892e-845d0416e3de	gb:HM370979|Organism:Influenza	96.318	869	21	9	1	862	877	13	0.0	1417
4ee57c9f-c090-4f2d-9943-a6cbc8046d1a	gb:HM370979|Organism:Influenza	97.362	872	11	10	1	867	877	13	0.0	1472
a5dbf91b-4f20-4b96-b354-734df5e7bbc6	gb:HM370979|Organism:Influenza	98.169	874	6	5	1	873	13	877	0.0	1517
5a48ad1b-313e-41e8-9afd-875134263eba	gb:HM370979|Organism:Influenza	97.480	873	8	10	1	860	13	884	0.0	1478
b1a158d8-72d3-489e-95a1-7916e53dd0dc	gb:HM370979|Organism:Influenza	98.387	868	9	4	1	866	13	877	0.0	1520
928960af-0fff-4499-aae0-3b5bac834e04	gb:HM370979|Organism:Influenza	98.504	869	6	5	1	866	877	13	0.0	1526
0e7d8642-c16f-4b86-b793-c4593bd9608a	gb:HM370979|Organism:Influenza	98.387	868	5	5	1	862	13	877	0.0	1517
a8e18ab0-1c53-412f-af20-23c89d0478e0	gb:HM370979|Organism:Influenza	97.483	874	5	13	1	866	13	877	0.0	1476
f5037e29-0101-450e-ae57-4422f9f80720	gb:HM370979|Organism:Influenza	97.569	864	10	10	4	860	872	13	0.0	1469
7dec79b4-e283-488c-871c-4e29d8a6ec91	gb:HM370979|Organism:Influenza	95.238	882	13	17	1	869	12	877	0.0	1369
d3233ea2-f0db-4b4c-9ab3-e825d573a6a2	gb:HM370979|Organism:Influenza	96.606	884	16	10	1	877	877	1	0.0	1454
46d6f784-52f6-40e0-8e99-dd8a0ec82258	gb:HM370979|Organism:Influenza	89.087	898	46	39	101	971	885	13	0.0	1068
dbe8921c-1b19-4940-9213-7b013320d9da	gb:HM370979|Organism:Influenza	98.847	867	2	8	1	861	877	13	0.0	1539
bb57259c-2def-4c44-871a-0b020f1d1bdd	gb:HM370979|Organism:Influenza	96.942	883	8	12	1	869	890	13	0.0	1463
dcd147a3-d575-4855-a0c4-bbb77eefe4d4	gb:HM370979|Organism:Influenza	95.462	573	16	8	1	565	877	307	0.0	905
dcd147a3-d575-4855-a0c4-bbb77eefe4d4	gb:HM370979|Organism:Influenza	90.704	355	12	16	561	904	483	827	5.58e-126	453
0d98ccbf-96d3-4a81-9514-4d203a6b70f8	gb:HM370979|Organism:Influenza	97.811	868	6	6	1	858	877	13	0.0	1485
1145b830-a6a4-4738-8ae9-406384914bfd	gb:KX232513|Organism:Influenza	93.600	875	29	16	1	858	1	865	0.0	1280
e4d9cd87-885a-425b-952e-b6ff0c0265f2	gb:HM370979|Organism:Influenza	95.982	871	9	21	1	851	13	877	0.0	1391
cfc8ec28-2bfa-411d-be88-3a61ff2b247c	gb:HM370979|Organism:Influenza	96.000	875	16	13	1	866	877	13	0.0	1404
2b8bf24e-57db-40ef-94a3-0f72fa9b5efb	gb:HM370979|Organism:Influenza	95.314	875	18	19	1	862	13	877	0.0	1367
c1fb5a26-044f-4609-b413-dc07d96e568c	gb:HM370979|Organism:Influenza	96.211	871	14	16	1	858	13	877	0.0	1408
a2e02f05-86f6-423a-9aff-6c8809a668ef	gb:HM370979|Organism:Influenza	94.050	874	19	23	1	850	877	13	0.0	1295
f33519b6-763f-40dc-80fa-86f5b143646b	gb:HM370979|Organism:Influenza	95.776	876	18	13	1	868	877	13	0.0	1395
cacdcd09-7a72-459c-b058-25c1f9abbb35	gb:HM370979|Organism:Influenza	98.297	881	6	7	2	877	1	877	0.0	1535
90499831-3e44-460d-94a6-c8b8ce310c6e	gb:HM370979|Organism:Influenza	99.308	867	2	4	1	865	877	13	0.0	1565
0d648281-2c87-475b-9568-7846f1cf1787	gb:HM370979|Organism:Influenza	96.900	871	10	11	1	859	12	877	0.0	1443
ba964977-1ca0-459a-adb9-d3cafcfe734d	gb:HM370979|Organism:Influenza	95.747	870	24	12	1	862	13	877	0.0	1389
bc0183f9-92df-4544-8626-7a5b5c6d6444	gb:HM370979|Organism:Influenza	98.847	867	5	4	1	864	877	13	0.0	1541
d6e4ba11-0755-4cfd-84d2-5e1555154ede	gb:HM370979|Organism:Influenza	96.445	872	19	10	1	867	877	13	0.0	1428
9344ccc6-3466-47a2-bb29-5580d1f3c4b2	gb:HM370979|Organism:Influenza	90.203	888	43	38	3	857	1	877	0.0	1118
7d69b79f-daff-43cb-b04d-dcc7d20bb3da	gb:HM370979|Organism:Influenza	91.106	877	39	33	1	850	13	877	0.0	1151
00a6a8cc-ccba-481e-afdd-2b7f5313d94a	gb:HM370979|Organism:Influenza	96.667	870	15	14	5	869	873	13	0.0	1434
816207ce-de8a-4b86-9be6-55af31ce009c	gb:HM370979|Organism:Influenza	98.270	867	9	5	1	863	13	877	0.0	1513
4f584436-f74c-42c5-9012-c0ef84e1e93e	gb:HM370979|Organism:Influenza	95.325	877	19	20	1	867	13	877	0.0	1373
c05d1656-578e-4ee3-a5d6-6b1caddb3a4f	gb:HM370979|Organism:Influenza	87.919	894	56	42	1	863	13	885	0.0	1005
53b7e86a-0a87-494b-903b-9bdc0bfd8169	gb:HM370979|Organism:Influenza	92.404	882	31	28	1	863	13	877	0.0	1225
248650b5-287c-4692-ade6-f1c27b0b1774	gb:HM370979|Organism:Influenza	97.123	869	13	12	1	861	13	877	0.0	1456
3fde2380-6a3c-4bf8-9027-cfe183bec87c	gb:HM370979|Organism:Influenza	98.746	877	1	8	92	962	5	877	0.0	1550
c799af74-e720-48ff-919a-743f23dbdc61	gb:HM370979|Organism:Influenza	97.699	869	6	8	1	859	877	13	0.0	1482
a7dbf832-10da-4359-931b-6fb583dd55db	gb:HM370979|Organism:Influenza	97.100	862	11	12	5	859	872	18	0.0	1441
fc0dd7e9-b6a7-4868-bf14-7e6adbc64884	gb:HM370979|Organism:Influenza	97.704	871	4	11	1	861	877	13	0.0	1483
765f047a-067d-4825-9772-dd62279fd482	gb:HM370979|Organism:Influenza	96.101	872	20	11	1	865	877	13	0.0	1410
3141dec6-fe2c-467f-815d-78a28dc6f509	gb:HM370979|Organism:Influenza	93.100	884	32	26	1	874	877	13	0.0	1267
b754db83-2a8a-4df0-901a-40c984fa991b	gb:HM370979|Organism:Influenza	90.045	884	39	34	102	946	886	13	0.0	1099
dda47449-e46d-460c-be55-c2fcddc945cd	gb:HM370979|Organism:Influenza	96.322	870	15	12	1	858	13	877	0.0	1413
a5d4f885-0434-4dff-b1db-07444d75582d	gb:HM370979|Organism:Influenza	98.274	869	5	9	1	863	13	877	0.0	1513
16c99bb6-f464-4c3a-831a-3dc551f17848	gb:HM370979|Organism:Influenza	98.159	869	10	5	1	867	13	877	0.0	1511
232eed43-1b5c-43fc-bfcb-52b6fce2a69a	gb:HM370979|Organism:Influenza	98.616	867	6	3	1	863	13	877	0.0	1530
b3f4c098-d266-409b-957a-80afa573ef23	gb:HM370979|Organism:Influenza	96.224	874	18	12	1	868	13	877	0.0	1417
ace7e40c-9645-429f-802a-3ba59ae225c0	gb:HM370979|Organism:Influenza	98.070	881	9	6	2	878	1	877	0.0	1526
259b32b7-e5c2-4dbe-a96a-c49da159a218	gb:HM370979|Organism:Influenza	95.365	863	20	15	15	860	872	13	0.0	1354
149a7357-44f4-4f85-bed5-40bc65a15e50	gb:HM370979|Organism:Influenza	97.468	869	13	8	1	864	877	13	0.0	1474
e9e29d9d-6034-4b56-aa48-af78f0d71fff	gb:HM370979|Organism:Influenza	91.600	881	40	27	1	863	877	13	0.0	1186
3a2e8172-f892-4e39-a88b-7f9e3f100181	gb:HM370979|Organism:Influenza	97.471	870	7	14	1	860	13	877	0.0	1471
78f1eb1d-51a1-45d4-be98-476bfa6ff3b4	gb:HM370979|Organism:Influenza	97.477	872	11	7	1	868	13	877	0.0	1478
a625fe31-7fb5-4cc4-beba-5b8f12306d78	gb:HM370979|Organism:Influenza	95.408	871	28	12	1	865	13	877	0.0	1376
abe0461f-5169-4ff4-b574-cd6649019472	gb:HM370979|Organism:Influenza	97.952	879	12	5	1	874	890	13	0.0	1519
163a4ce2-8722-45b0-ad71-68b194ee482e	gb:HM370979|Organism:Influenza	97.238	869	16	7	1	865	877	13	0.0	1465
2014d916-1123-4d13-9368-3cf40ea14265	gb:HM370979|Organism:Influenza	98.739	872	3	4	1	871	877	13	0.0	1543
d9416e90-4e32-4f38-bb44-77bdc51b5662	gb:HM370979|Organism:Influenza	92.972	868	35	25	5	855	871	13	0.0	1242
0e2399c3-82e8-4fef-8153-e8ea8e65927b	gb:HM370979|Organism:Influenza	98.385	867	8	6	1	863	877	13	0.0	1519
b8fe4e4b-034e-47e0-8a26-44d0934be92a	gb:HM370979|Organism:Influenza	89.976	848	43	33	1	821	13	845	0.0	1057
324f95b2-5e28-4699-a3ff-074aa8cf20c6	gb:HM370979|Organism:Influenza	98.618	868	5	7	1	864	877	13	0.0	1530
ea96d99d-0580-4c11-b6d8-a78e8f5d1f78	gb:HM370979|Organism:Influenza	88.068	880	45	51	1	835	13	877	0.0	989
e60c43fb-06ce-477f-aff6-1134975d6b42	gb:HM370979|Organism:Influenza	95.853	868	26	9	1	861	877	13	0.0	1395
40c978ab-1334-410b-a9ab-daffac646041	gb:HM370979|Organism:Influenza	95.006	881	16	17	1	869	877	13	0.0	1358
43dcb096-bfdf-4283-9fe2-b2eb85da47bb	gb:HM370979|Organism:Influenza	93.658	883	21	27	1	866	877	13	0.0	1288
e0a0d6bc-eca0-43cf-bf0c-a6309f5deb68	gb:HM370979|Organism:Influenza	97.362	872	8	12	1	864	13	877	0.0	1469
95c9af61-7327-42ed-b182-0623670f0fa1	gb:HM370979|Organism:Influenza	98.394	872	6	5	1	871	13	877	0.0	1526
2adf7572-6da1-4613-88c2-ccb0a1a23537	gb:HM370979|Organism:Influenza	97.943	875	5	11	2	867	7	877	0.0	1504
4fa55e26-c289-4a89-8c24-90198ecc1eb7	gb:HM370979|Organism:Influenza	92.938	878	35	19	1	864	13	877	0.0	1253
c95c45a7-1d09-496d-b1c3-8b5d27592d8d	gb:HM370979|Organism:Influenza	88.027	877	52	34	1	835	12	877	0.0	989
af3d0de4-ec6a-4d3f-8c8b-9880c84ad7e8	gb:HM370979|Organism:Influenza	97.809	867	7	8	1	856	12	877	0.0	1485
2bb68dc7-badc-47ea-81cb-3994f69e36fa	gb:HM370979|Organism:Influenza	95.045	888	11	22	96	963	887	13	0.0	1365
23f2e763-2c30-41c6-afe7-6f711be9793b	gb:HM370979|Organism:Influenza	97.699	869	6	9	1	859	877	13	0.0	1482
fea2201b-72ea-4b58-98bf-f4b6cd426702	gb:HM370979|Organism:Influenza	94.707	888	20	20	1	884	877	13	0.0	1354
68bdf47f-ecaf-439d-a837-2b79ac40c6cc	gb:HM370979|Organism:Influenza	96.778	869	11	14	1	856	13	877	0.0	1434
f145ef95-a2d0-4184-be30-e8cfdac201f2	gb:HM370979|Organism:Influenza	98.035	865	9	6	5	866	872	13	0.0	1496
32e4a5a0-2b9f-4f83-b655-69a04617a0ff	gb:HM370979|Organism:Influenza	98.155	867	13	3	1	866	877	13	0.0	1509
c3f08ee6-8e6d-4cc4-a3e8-0e442bf9d4ad	gb:HM370979|Organism:Influenza	95.886	875	23	8	1	872	13	877	0.0	1404
46de8bd8-8a29-4f59-9b17-1c57c751a02d	gb:HM370979|Organism:Influenza	99.309	868	2	3	1	867	877	13	0.0	1567
69b1b3c7-37cb-45ac-a3ca-697100f181f0	gb:HM370979|Organism:Influenza	95.465	882	20	13	1	866	13	890	0.0	1389
74672f42-8260-4aac-a8c3-7eb775ae24f7	gb:HM370979|Organism:Influenza	96.110	874	13	15	1	862	13	877	0.0	1406
7c09b85e-008c-477c-b1ad-855e8600f2ca	gb:HM370979|Organism:Influenza	97.929	869	12	6	1	867	13	877	0.0	1500
0d149b25-e914-4625-bc65-ca7238594a76	gb:HM370979|Organism:Influenza	97.371	875	11	10	1	873	877	13	0.0	1478
0f73d56c-51ad-4a8c-83a9-7a759646c5ff	gb:HM370979|Organism:Influenza	98.616	867	6	6	1	863	877	13	0.0	1530
a1c77b40-a933-497c-95f3-f47214910489	gb:HM370979|Organism:Influenza	91.468	879	29	40	1	847	13	877	0.0	1166
b324475f-21fb-4443-87ad-520057dc534c	gb:HM370979|Organism:Influenza	97.727	880	13	7	2	877	1	877	0.0	1507
99deb017-2d99-4a05-9a3e-98d94829c6f8	gb:HM370979|Organism:Influenza	98.501	867	9	4	1	865	13	877	0.0	1526
c439f66d-df2a-4fc4-8045-189222b57297	gb:HM370979|Organism:Influenza	93.922	872	29	20	1	855	13	877	0.0	1295
7d499355-bce5-4aca-9c89-85dd7392b522	gb:HM370979|Organism:Influenza	91.904	877	36	28	8	866	18	877	0.0	1194
61830580-a57d-45d3-886b-50174a6880bc	gb:HM370979|Organism:Influenza	98.280	872	4	9	1	868	877	13	0.0	1517
0975a974-1be4-4335-b5c0-72c939ceec5a	gb:HM370979|Organism:Influenza	97.816	870	9	7	1	865	877	13	0.0	1493
3ec1415d-71b3-4875-8728-5f322e1a6121	gb:HM370979|Organism:Influenza	97.463	867	11	8	1	858	877	13	0.0	1469
d8294ff8-e707-4d1b-99bd-e2a44e198ccc	gb:HM370979|Organism:Influenza	97.468	869	12	9	1	863	877	13	0.0	1474
acf2880f-5cf8-4f72-80da-c1be47640210	gb:HM370979|Organism:Influenza	98.521	879	5	5	7	881	887	13	0.0	1544
13c44517-858d-4faa-8bc0-a7226a7440ac	gb:HM370979|Organism:Influenza	86.758	876	62	41	3	839	873	13	0.0	926
c86e7414-2f6c-4b77-8c81-c437371bd7dd	gb:HM370979|Organism:Influenza	96.767	866	20	6	1	859	877	13	0.0	1437
0419ca5a-06ce-444c-9443-e2369c5d7a5e	gb:HM370979|Organism:Influenza	97.166	882	11	11	4	880	5	877	0.0	1478
88f6e5bb-4eda-44d4-a72c-cf43394e91d4	gb:HM370979|Organism:Influenza	98.159	869	8	8	1	865	13	877	0.0	1509
9743efca-700d-4906-ba4b-a0c56d9d8e5a	gb:HM370971|Organism:Influenza	87.324	852	48	51	10	812	18	858	0.0	920
ede30a69-dd84-4832-9a06-8a8f8e836147	gb:HM370979|Organism:Influenza	93.665	884	17	22	1	864	13	877	0.0	1286
4996fb83-5e01-4bfe-999d-591696415ae1	gb:HM370979|Organism:Influenza	91.260	881	49	21	1	869	877	13	0.0	1175
7325d00e-4e2b-42f5-b1dd-557949020d25	gb:HM370979|Organism:Influenza	96.770	867	16	11	1	857	877	13	0.0	1435
46166cc9-6e58-4b3f-9fda-9827be39a784	gb:HM370979|Organism:Influenza	97.586	870	10	10	1	864	13	877	0.0	1480
0f0bdc21-1ffa-4cc9-be24-cfb6f9739bbd	gb:HM370979|Organism:Influenza	97.696	868	14	6	1	865	877	13	0.0	1487
d27d5f51-31c6-4104-9d12-4bcb7e57e9fc	gb:HM370979|Organism:Influenza	97.468	869	12	8	1	863	13	877	0.0	1474
22bbcd96-cab2-4d72-b9ee-e309b6253ab5	gb:HM370979|Organism:Influenza	93.841	893	23	22	6	887	884	13	0.0	1315
416b899b-dd2a-4c41-bd5c-16e0894bcdc3	gb:HM370979|Organism:Influenza	92.630	882	38	25	1	871	12	877	0.0	1243
7bc7cd74-1911-4beb-81c7-6caf51b26dee	gb:HM370979|Organism:Influenza	99.768	861	2	0	3	863	873	13	0.0	1580
0940d2c7-d4a6-4540-849a-2c6dcc8bdc68	gb:HM370979|Organism:Influenza	97.120	868	12	8	1	858	13	877	0.0	1452
c1800400-1ada-4095-ae33-7c477245f63a	gb:HM370979|Organism:Influenza	96.945	851	11	10	7	848	873	29	0.0	1413
4f9a6607-b121-43eb-82f3-7e270944c580	gb:HM370979|Organism:Influenza	93.585	873	23	23	1	848	13	877	0.0	1271
6dc11078-392f-410d-9396-e165a4d32016	gb:HM370979|Organism:Influenza	98.730	866	6	4	1	862	877	13	0.0	1533
721e2a8c-b1c7-464f-90e9-d477b8b8fffd	gb:HM370979|Organism:Influenza	90.308	877	44	33	1	847	12	877	0.0	1110
3b1cee2f-d37f-46a0-b2ab-8cedd045263e	gb:HM370979|Organism:Influenza	97.350	868	9	11	1	857	877	13	0.0	1463
c8ee7a44-f2ba-4921-905e-2cca8aa34d00	gb:HM370979|Organism:Influenza	96.441	871	16	11	1	862	877	13	0.0	1423
8892c654-e95a-46f6-baff-71a961e2b31c	gb:HM370979|Organism:Influenza	96.313	868	10	14	5	857	873	13	0.0	1406
c256f822-88cb-4ea7-898a-17ad3d95f940	gb:HM370979|Organism:Influenza	91.972	872	35	24	1	844	13	877	0.0	1190
e8ed4b64-e2a7-4b5f-ac06-f342bebbc2fb	gb:HM370979|Organism:Influenza	96.897	870	16	9	1	864	13	877	0.0	1447
c2aa0447-9a14-4bdd-abd3-0384547d2039	gb:HM370979|Organism:Influenza	98.961	866	3	5	1	861	877	13	0.0	1544
4e6d18a0-5ef8-46de-9390-76dc0496c21a	gb:HM370979|Organism:Influenza	98.041	868	7	6	1	861	13	877	0.0	1500
7159e588-ef24-4348-bca3-52365c856aa8	gb:HM370979|Organism:Influenza	94.960	873	19	19	1	856	877	13	0.0	1345
83bfdc72-462c-4869-a7bc-53f857b54f4b	gb:HM370979|Organism:Influenza	95.890	876	18	14	6	867	6	877	0.0	1402
4bc14664-3d9b-4802-9b1e-482cf080de18	gb:HM370979|Organism:Influenza	97.806	866	11	8	1	859	13	877	0.0	1487
ecd57956-1eb3-4f81-8cdc-892ae9c01a3c	gb:HM370979|Organism:Influenza	96.904	872	16	10	1	868	13	877	0.0	1450
d29cf40e-60a7-43fd-a5fb-5aa89b12dd34	gb:HM370979|Organism:Influenza	98.168	382	1	4	1	382	877	502	0.0	662
71ae3e4f-d68f-4368-a6f9-770f11b8a5fd	gb:HM370979|Organism:Influenza	91.638	885	33	31	1	858	13	883	0.0	1186
71b08957-1077-4ffe-a6b2-d64057a126ea	gb:HM370979|Organism:Influenza	90.661	878	42	37	4	859	872	13	0.0	1131
