cc2893a5-aa56-44ba-888c-09c5314d179e	gb:HM370973|Organism:Influenza	97.917	192	2	1	3	192	15	206	9.37e-90	331
cc2893a5-aa56-44ba-888c-09c5314d179e	gb:HM370973|Organism:Influenza	89.894	188	11	5	187	366	2141	2328	7.56e-61	235
1315c171-b42d-4c07-b083-353e98104ca9	gb:HM370973|Organism:Influenza	99.490	196	1	0	3	198	15	210	1.59e-97	357
1315c171-b42d-4c07-b083-353e98104ca9	gb:HM370973|Organism:Influenza	96.809	188	4	2	190	376	2142	2328	3.49e-84	313
5e4a7d6a-a960-486f-a571-3e9e1ad941d2	gb:HM370973|Organism:Influenza	96.040	202	4	3	178	379	210	13	4.53e-88	326
5e4a7d6a-a960-486f-a571-3e9e1ad941d2	gb:HM370973|Organism:Influenza	96.257	187	6	1	1	186	2328	2142	5.90e-82	305
fc65c63d-da39-4398-b654-c24bd7decaf2	gb:HM370973|Organism:Influenza	98.469	196	1	2	1	196	13	206	1.25e-93	344
fc65c63d-da39-4398-b654-c24bd7decaf2	gb:HM370973|Organism:Influenza	97.884	189	4	0	190	378	2140	2328	1.25e-88	327
b4a778fc-6f41-4924-8e91-a481ccddb936	gb:HM370973|Organism:Influenza	95.455	198	3	5	177	368	210	13	1.23e-83	311
b4a778fc-6f41-4924-8e91-a481ccddb936	gb:HM370973|Organism:Influenza	94.709	189	4	5	1	185	2328	2142	5.75e-77	289
fdc54fca-4233-4eb9-afeb-d0a0d5864642	gb:HM370973|Organism:Influenza	96.970	198	6	0	1	198	13	210	2.67e-90	333
fdc54fca-4233-4eb9-afeb-d0a0d5864642	gb:HM370973|Organism:Influenza	96.257	187	5	2	190	374	2142	2328	5.81e-82	305
eddc23af-e25f-43e9-915c-20bc8c7c9e35	gb:HM370973|Organism:Influenza	98.990	198	1	1	1	197	13	210	2.05e-96	353
eddc23af-e25f-43e9-915c-20bc8c7c9e35	gb:HM370973|Organism:Influenza	98.930	187	2	0	189	375	2142	2328	7.44e-91	335
ebc3005d-e75f-4e14-b14b-acfaad0d2a7d	gb:HM370973|Organism:Influenza	96.450	169	4	2	1	167	2328	2160	1.20e-73	278
ebc3005d-e75f-4e14-b14b-acfaad0d2a7d	gb:HM370973|Organism:Influenza	88.587	184	9	7	183	355	195	13	3.43e-54	213
02e70d91-5fd8-4a9a-8d27-c1007da20358	gb:HM370973|Organism:Influenza	89.899	198	11	6	1	189	13	210	3.58e-64	246
02e70d91-5fd8-4a9a-8d27-c1007da20358	gb:HM370973|Organism:Influenza	89.109	202	13	5	181	375	2142	2341	4.64e-63	243
f2d437f0-45f3-44a9-858c-e12fac62fd0b	gb:HM370973|Organism:Influenza	98.485	198	2	1	2	198	13	210	9.55e-95	348
f2d437f0-45f3-44a9-858c-e12fac62fd0b	gb:HM370973|Organism:Influenza	97.340	188	2	3	190	375	2142	2328	2.69e-85	316
57dc3cea-bb83-4ce4-9044-469adcdd1395	gb:HM370973|Organism:Influenza	97.030	202	2	1	1	202	13	210	2.04e-91	337
57dc3cea-bb83-4ce4-9044-469adcdd1395	gb:HM370973|Organism:Influenza	89.247	186	7	8	194	368	2142	2325	2.14e-56	220
55306dda-cbb9-44fd-b7c3-9b14dcdc8fc7	gb:HM370973|Organism:Influenza	97.340	188	3	2	1	187	2328	2142	7.47e-86	318
55306dda-cbb9-44fd-b7c3-9b14dcdc8fc7	gb:HM370973|Organism:Influenza	94.975	199	6	3	179	374	210	13	4.49e-83	309
796d0446-1dc9-4303-a317-ba758dab0ebb	gb:HM370973|Organism:Influenza	98.485	198	1	2	1	196	13	210	9.85e-95	348
796d0446-1dc9-4303-a317-ba758dab0ebb	gb:HM370973|Organism:Influenza	91.133	203	11	7	188	386	2142	2341	7.89e-71	268
57bc6ac6-eed1-4520-ac44-4477132020d2	gb:HM370973|Organism:Influenza	97.990	199	3	1	1	199	13	210	1.21e-93	344
57bc6ac6-eed1-4520-ac44-4477132020d2	gb:HM370973|Organism:Influenza	91.979	187	7	5	191	369	2142	2328	5.85e-67	255
45fc569a-d257-4038-962d-e36496812aef	gb:HM370973|Organism:Influenza	98.485	198	2	1	179	375	210	13	9.55e-95	348
45fc569a-d257-4038-962d-e36496812aef	gb:HM370973|Organism:Influenza	98.930	187	2	0	1	187	2328	2142	7.44e-91	335
320601dc-38df-404b-8ce2-11e2ec74bd87	gb:HM370973|Organism:Influenza	99.495	198	1	0	1	198	13	210	1.22e-98	361
320601dc-38df-404b-8ce2-11e2ec74bd87	gb:HM370973|Organism:Influenza	96.791	187	3	3	190	373	2142	2328	4.48e-83	309
85ecbfa9-bd52-4340-9c94-53d4086a9eb7	gb:HM370979|Organism:Influenza	94.725	872	13	22	1	846	877	13	0.0	1325
8360fa4d-8760-425f-a739-cdb372d2e935	gb:HM370973|Organism:Influenza	97.980	198	1	2	1	195	13	210	1.59e-92	340
8360fa4d-8760-425f-a739-cdb372d2e935	gb:HM370973|Organism:Influenza	97.861	187	4	0	187	373	2142	2328	1.60e-87	324
f1da9e14-891e-4b71-9f71-0683dd25f67e	gb:HM370973|Organism:Influenza	98.995	199	1	1	180	378	210	13	5.76e-97	355
f1da9e14-891e-4b71-9f71-0683dd25f67e	gb:HM370973|Organism:Influenza	97.872	188	3	1	1	188	2328	2142	1.62e-87	324
69be9966-c70a-489a-b182-b186a118ebad	gb:HM370973|Organism:Influenza	88.940	217	9	8	190	402	210	5	2.73e-66	254
69be9966-c70a-489a-b182-b186a118ebad	gb:HM370973|Organism:Influenza	89.950	199	7	10	1	198	2328	2142	1.64e-63	244
388abba9-6f21-4e4e-9a67-c223c9a2cdb5	gb:HM370973|Organism:Influenza	99.495	198	1	0	1	198	13	210	1.23e-98	361
388abba9-6f21-4e4e-9a67-c223c9a2cdb5	gb:HM370973|Organism:Influenza	98.930	187	2	0	190	376	2142	2328	7.46e-91	335
79e3f575-ef63-4a70-8700-274efa1fea6c	gb:HM370973|Organism:Influenza	98.995	199	1	1	1	199	13	210	5.71e-97	355
79e3f575-ef63-4a70-8700-274efa1fea6c	gb:HM370973|Organism:Influenza	95.238	189	7	1	189	375	2140	2328	9.75e-80	298
18da8eb4-d728-4e17-b2de-d4842d9fe8d1	gb:HM370973|Organism:Influenza	97.990	199	1	3	1	197	13	210	4.34e-93	342
18da8eb4-d728-4e17-b2de-d4842d9fe8d1	gb:HM370973|Organism:Influenza	92.000	175	4	6	189	353	2142	2316	2.11e-61	237
eb548c8f-46e4-43ff-8a30-7d8e3301836e	gb:HM370973|Organism:Influenza	98.990	198	1	1	1	197	13	210	2.05e-96	353
eb548c8f-46e4-43ff-8a30-7d8e3301836e	gb:HM370973|Organism:Influenza	97.326	187	4	1	189	374	2142	2328	2.69e-85	316
cf35c09f-bf97-4f4c-b652-c5dad2dc8168	gb:HM370979|Organism:Influenza	97.933	871	10	7	1	869	877	13	0.0	1502
41d9c48e-b112-4ef5-b2a3-2c3f00c16f5f	gb:HM370973|Organism:Influenza	95.025	201	2	5	189	384	210	13	4.62e-83	309
41d9c48e-b112-4ef5-b2a3-2c3f00c16f5f	gb:HM370973|Organism:Influenza	91.534	189	10	4	15	197	2330	2142	6.11e-67	255
11f1b60e-efda-4c10-af8b-ba721f2325c9	gb:HM370973|Organism:Influenza	98.485	198	1	2	179	374	210	13	9.52e-95	348
11f1b60e-efda-4c10-af8b-ba721f2325c9	gb:HM370973|Organism:Influenza	97.340	188	3	2	1	187	2328	2142	7.47e-86	318
9544cbe5-2435-4550-bded-f6d1287e66de	gb:HM370973|Organism:Influenza	98.990	198	1	1	1	197	13	210	2.04e-96	353
9544cbe5-2435-4550-bded-f6d1287e66de	gb:HM370973|Organism:Influenza	95.745	188	4	4	189	373	2142	2328	2.70e-80	300
1a0fa455-9a3e-456f-b60e-08680b872d45	gb:HM370973|Organism:Influenza	98.485	198	1	2	179	374	210	13	9.52e-95	348
1a0fa455-9a3e-456f-b60e-08680b872d45	gb:HM370973|Organism:Influenza	98.396	187	3	0	1	187	2328	2142	3.45e-89	329
3662a845-f7b5-4165-9e54-50d5d8c25363	gb:HM370973|Organism:Influenza	97.949	195	2	2	1	194	13	206	2.06e-91	337
3662a845-f7b5-4165-9e54-50d5d8c25363	gb:HM370973|Organism:Influenza	93.717	191	6	4	188	374	2140	2328	9.80e-75	281
3fa24c56-ae60-4ec1-8ab5-18abe369169a	gb:HM370973|Organism:Influenza	93.617	188	6	6	174	356	2142	2328	4.32e-73	276
3fa24c56-ae60-4ec1-8ab5-18abe369169a	gb:HM370973|Organism:Influenza	88.889	198	6	8	1	182	13	210	3.41e-59	230
4ea04763-80cb-487d-9e7d-372fa18927e5	gb:HM370978|Organism:Influenza	97.910	1005	7	12	1	994	1014	13	0.0	1727
891b39d6-9b43-4835-98e9-f40b901303e6	gb:HM370973|Organism:Influenza	98.485	198	3	0	180	377	210	13	2.67e-95	350
891b39d6-9b43-4835-98e9-f40b901303e6	gb:HM370973|Organism:Influenza	98.404	188	2	1	1	188	2328	2142	3.48e-89	329
67744e62-dce2-481b-93d5-529ad56ea40e	gb:HM370973|Organism:Influenza	97.512	201	2	1	179	379	210	13	1.62e-92	340
67744e62-dce2-481b-93d5-529ad56ea40e	gb:HM370973|Organism:Influenza	98.396	187	3	0	1	187	2328	2142	3.50e-89	329
911574f2-dd54-4a40-bd35-bae4297941e0	gb:HM370973|Organism:Influenza	97.884	189	2	1	1	189	2328	2142	4.53e-88	326
911574f2-dd54-4a40-bd35-bae4297941e0	gb:HM370973|Organism:Influenza	92.574	202	8	5	181	379	210	13	2.76e-75	283
fd55d8b0-9bbe-4075-ae36-9f9798f835e6	gb:HM370979|Organism:Influenza	90.046	874	43	27	18	860	873	13	0.0	1092
6c0508a8-2cae-4f64-8442-5cfe749a7e96	gb:HM370978|Organism:Influenza	97.415	735	9	8	226	957	286	1013	0.0	1243
6c0508a8-2cae-4f64-8442-5cfe749a7e96	gb:HM370978|Organism:Influenza	97.021	235	2	3	1	232	13	245	4.18e-107	390
40e98db3-f5a7-4587-837b-0277555d048f	gb:HM370973|Organism:Influenza	98.571	210	3	0	2	211	1	210	5.93e-102	372
40e98db3-f5a7-4587-837b-0277555d048f	gb:HM370973|Organism:Influenza	95.812	191	2	4	203	391	2142	2328	2.19e-81	303
64c8757c-83ca-4b8e-8d8e-0b696a84dafa	gb:HM370973|Organism:Influenza	94.444	198	4	4	1	191	13	210	9.64e-80	298
64c8757c-83ca-4b8e-8d8e-0b696a84dafa	gb:HM370973|Organism:Influenza	91.053	190	13	4	183	371	2142	2328	2.12e-66	254
f29fbc96-8c97-41d2-a23d-53b8aed85c95	gb:HM370973|Organism:Influenza	91.000	200	14	3	178	374	199	1	2.75e-70	267
f29fbc96-8c97-41d2-a23d-53b8aed85c95	gb:HM370973|Organism:Influenza	82.447	188	14	12	1	173	2328	2145	3.74e-34	147
96f1cecc-2ca9-4d9f-9f7a-f812f4868860	gb:HM370973|Organism:Influenza	93.939	198	6	5	1	196	13	206	1.27e-78	294
96f1cecc-2ca9-4d9f-9f7a-f812f4868860	gb:HM370973|Organism:Influenza	91.099	191	10	7	191	377	2141	2328	7.75e-66	252
44dbf4dd-742d-43da-93d3-96722fd75f82	gb:HM370973|Organism:Influenza	95.980	199	6	2	1	198	13	210	5.74e-87	322
44dbf4dd-742d-43da-93d3-96722fd75f82	gb:HM370973|Organism:Influenza	88.372	172	9	10	190	353	2142	2310	3.63e-49	196
f1564550-bbfa-44e3-9f60-60f7a6b7e06e	gb:HM370973|Organism:Influenza	93.500	200	8	4	1	197	13	210	4.55e-78	292
f1564550-bbfa-44e3-9f60-60f7a6b7e06e	gb:HM370973|Organism:Influenza	94.180	189	8	3	189	376	2142	2328	7.62e-76	285
b4a9251b-657b-4d1e-a52e-84e7f2c5ad8f	gb:HM370973|Organism:Influenza	97.990	199	2	2	282	479	210	13	1.60e-93	344
b4a9251b-657b-4d1e-a52e-84e7f2c5ad8f	gb:HM370973|Organism:Influenza	91.371	197	10	6	101	290	2338	2142	4.62e-69	263
70c3def4-3ba9-4634-b754-d92c713a46a2	gb:HM370973|Organism:Influenza	96.970	198	3	3	1	195	13	210	3.35e-89	329
70c3def4-3ba9-4634-b754-d92c713a46a2	gb:HM370973|Organism:Influenza	94.118	187	2	3	187	364	2142	2328	4.43e-73	276
446af15d-6f93-405b-ab23-599b5cf92b0b	gb:HM370973|Organism:Influenza	95.960	198	6	2	1	196	13	210	2.06e-86	320
446af15d-6f93-405b-ab23-599b5cf92b0b	gb:HM370973|Organism:Influenza	97.326	187	2	3	188	371	2142	2328	9.58e-85	315
f39cbd22-d379-4f5b-a7e0-b7acf5489e74	gb:HM370973|Organism:Influenza	98.990	198	1	1	179	375	210	13	2.05e-96	353
f39cbd22-d379-4f5b-a7e0-b7acf5489e74	gb:HM370973|Organism:Influenza	94.681	188	8	2	1	187	2328	2142	1.63e-77	291
e94b4b0b-b4ef-4315-9b57-58d1f059f968	gb:HM370973|Organism:Influenza	99.038	208	1	1	3	209	3	210	5.78e-102	372
e94b4b0b-b4ef-4315-9b57-58d1f059f968	gb:HM370973|Organism:Influenza	89.119	193	4	6	201	382	2142	2328	1.71e-57	224
d3a17da9-0170-4fab-8c1e-93fe89c16fe2	gb:HM370979|Organism:Influenza	98.048	871	7	9	1	867	877	13	0.0	1506
0f5c14e2-53ec-4e7f-8d94-38821d46555b	gb:HM370979|Organism:Influenza	98.276	870	5	6	1	865	13	877	0.0	1515
