2aec56a8-1299-48f1-8d9e-a1904cbc4711	gb:HM370978|Organism:Influenza	91.438	292	7	12	1	275	13	303	5.22e-106	385
12c52507-6893-406b-8804-de4a18483c5c	gb:HM370979|Organism:Influenza	97.811	868	8	11	1	860	13	877	0.0	1487
50514e7d-384b-4071-b1bf-5a6b5e52d321	gb:HM370978|Organism:Influenza	95.985	274	3	6	1	266	1014	741	3.81e-122	438
930f0abf-7a7e-480a-b8ae-2d5968d83179	gb:HM370979|Organism:Influenza	98.157	868	11	5	1	866	877	13	0.0	1509
4426dc1f-0325-4a68-89ea-5c05ef834bec	gb:HM370966|Organism:Influenza	97.872	282	2	2	1	278	2220	1939	5.06e-136	484
bc8779e8-7d0b-4c41-97c8-85f1da9b324c	gb:HM370979|Organism:Influenza	98.621	870	5	6	1	868	877	13	0.0	1533
2a1d1088-86fd-4c58-b7cd-1ac298fb03a9	gb:HM370979|Organism:Influenza	98.737	871	3	8	1	869	877	13	0.0	1541
1ae001c5-0db7-4301-98fa-81107cfddc0d	gb:HM370978|Organism:Influenza	97.024	1008	10	17	1	994	1014	13	0.0	1677
65445a16-9e85-4ca0-9cb7-da4ea14d9823	gb:HM370977|Organism:Influenza	97.442	821	12	8	355	1170	629	1445	0.0	1391
65445a16-9e85-4ca0-9cb7-da4ea14d9823	gb:HM370977|Organism:Influenza	97.534	365	5	3	2	363	1	364	1.67e-176	621
6c0e7399-b3f0-48d6-af59-de94d1efc06e	gb:HM370966|Organism:Influenza	95.035	282	8	5	1	276	1939	2220	3.96e-122	438
f97d5e65-ac0e-4e5f-bd35-8e001a449600	gb:HM370978|Organism:Influenza	98.507	1005	5	9	1	998	1014	13	0.0	1764
4a4ce64c-5722-48e4-93c2-01b9947e6408	gb:HM370979|Organism:Influenza	98.499	866	6	7	1	860	13	877	0.0	1520
6d1d9deb-3172-4549-b3bc-07a69becbe16	gb:HM370966|Organism:Influenza	97.173	283	5	3	1	281	2220	1939	3.08e-133	475
66ca6702-8081-40df-8a99-0b2cdb6f7327	gb:HM370979|Organism:Influenza	95.183	872	21	15	1	858	13	877	0.0	1358
a08b50be-6e4b-4d5f-a682-4edc15bf73ac	gb:HM370979|Organism:Influenza	92.000	875	32	24	1	847	877	13	0.0	1194
e752af56-4163-4efa-8352-5975b1e6c60e	gb:HM370979|Organism:Influenza	95.402	870	18	13	1	853	13	877	0.0	1365
16c8088f-6d73-4ad0-863e-0a18a81d28b0	gb:HM370966|Organism:Influenza	97.193	285	3	3	1	283	2220	1939	8.64e-134	477
d1114375-efc9-4950-b2e0-bdfa57bb25fe	gb:HM370979|Organism:Influenza	96.893	869	12	12	1	858	13	877	0.0	1441
64e74c34-84cf-4928-b365-8949c8805f09	gb:HM370972|Organism:Influenza	92.808	292	6	13	1	286	2046	2328	3.23e-113	409
3d72d237-bca8-4236-88c1-d8b3c643acc5	gb:HM370978|Organism:Influenza	95.644	1010	23	19	1	997	1014	13	0.0	1602
72a8c1f4-aaa9-4dd5-98ed-f2ab4c6a4d1b	gb:HM370966|Organism:Influenza	96.127	284	6	5	1	281	1939	2220	3.10e-128	459
6d9e309d-7096-4e81-88b3-5a07703f5b92	gb:HM370978|Organism:Influenza	97.321	1008	10	13	3	1001	15	1014	0.0	1696
f795f689-9bbd-4a66-9eb0-b05d4122a52f	gb:HM370966|Organism:Influenza	85.906	298	22	17	1	289	2220	1934	2.61e-80	300
ad5f2eff-c96f-4c90-bdd4-413243e3d7af	gb:HM370966|Organism:Influenza	90.066	302	19	11	1	298	1939	2233	7.34e-105	381
edcb89f4-8101-4ce7-86da-5429e7903620	gb:HM370966|Organism:Influenza	97.887	284	2	4	1	282	2220	1939	3.97e-137	488
ad9584f2-7fa0-4f9f-ae9e-a11b851dfcc3	gb:HM370972|Organism:Influenza	95.035	282	6	7	1	275	2328	2048	1.83e-121	436
8d46e57f-f246-4ce9-84d1-af565f398aba	gb:HM370979|Organism:Influenza	99.653	865	1	2	1	863	13	877	0.0	1580
26855f17-a45c-4010-82cc-55a01522b6ea	gb:CY004740|Organism:Influenza	94.346	283	8	6	1	276	1939	2220	8.58e-119	427
e5ed8dcc-1f4a-45d1-8754-14b3ee38fc5f	gb:JN706699|Organism:Influenza	90.690	290	8	14	1	279	2220	1939	5.34e-101	368
c02fb5be-bc82-4299-9fb1-2b8aaa0a1517	gb:HM370979|Organism:Influenza	98.250	857	7	6	5	858	872	21	0.0	1493
9ef81102-3873-4b47-a44b-4243b473f2db	gb:HM370966|Organism:Influenza	95.053	283	9	4	1	279	2220	1939	1.12e-122	440
f346ed9f-c20f-4dec-a98c-bfb625424db1	gb:HM370966|Organism:Influenza	94.909	275	10	3	5	275	1946	2220	8.55e-119	427
b6c209c1-b5df-41e9-bd7b-7e853ee61d4d	gb:HM370979|Organism:Influenza	91.549	497	14	19	1	477	13	501	0.0	660
6ebd804d-0c81-4384-b4b6-b30ade6f2999	gb:HM370966|Organism:Influenza	96.140	285	5	5	1	282	1939	2220	8.66e-129	460
17ef8ea0-a0d7-441e-8fc3-059dfca2697c	gb:HM370978|Organism:Influenza	99.011	1011	6	4	6	1013	6	1015	0.0	1808
f7fe8262-e73f-4ac3-ab57-041febba857e	gb:HM370978|Organism:Influenza	96.617	1005	16	12	1	990	13	1014	0.0	1652
d64d8b8e-1d3f-44b9-9d2f-37d28fb2c7ea	gb:CY206241|Organism:Influenza	93.080	289	8	10	1	283	2209	1927	2.47e-114	412
0c1a93c5-af08-4164-b3d7-612901eb9c2c	gb:HM370978|Organism:Influenza	97.311	1004	14	11	1	993	1014	13	0.0	1692
10e9493c-7bae-43cd-9622-9a699f2d915e	gb:HM370979|Organism:Influenza	96.579	877	14	11	1	873	877	13	0.0	1439
7b6488dd-9caf-4b36-93f1-ff88d4ad13db	gb:HM370966|Organism:Influenza	97.586	290	3	3	1	289	2220	1934	9.00e-139	494
2ebd0880-f027-4355-a31c-a85c8cd89d24	gb:HM370979|Organism:Influenza	98.731	867	2	9	1	860	13	877	0.0	1531
c058d358-5291-40ea-a505-acc964a960af	gb:HM370966|Organism:Influenza	94.483	290	8	7	1	290	2220	1939	1.16e-122	440
d8ce58f1-7bf3-4372-b20b-de081380f717	gb:HM370966|Organism:Influenza	98.195	277	3	2	1	275	2220	1944	1.90e-135	483
d0205e61-6653-4849-a7f6-f9d01313ec97	gb:HM370978|Organism:Influenza	97.512	1005	13	10	1	996	13	1014	0.0	1707
8438f244-fbff-49cf-a584-4d68c4507965	gb:HM370979|Organism:Influenza	98.848	868	3	6	1	863	878	13	0.0	1541
a9221e46-c3ac-49c1-9c47-bd2d4a3e7b22	gb:HM370979|Organism:Influenza	95.103	878	22	19	1	870	877	13	0.0	1363
78e063b4-73c2-49e5-8c8b-5fb185feadf3	gb:HM370978|Organism:Influenza	93.386	1013	34	28	1	993	13	1012	0.0	1469
3631e418-467b-487c-949d-aab415152a64	gb:HM370979|Organism:Influenza	95.886	875	10	21	20	883	18	877	0.0	1393
89b0b529-b50f-473c-891f-03bd7f2e6b7a	gb:HM370979|Organism:Influenza	97.133	872	7	13	1	861	877	13	0.0	1456
0502038c-ad83-4ca9-b1fe-f97aa07a3364	gb:HM370978|Organism:Influenza	89.494	257	7	12	15	252	996	741	1.05e-82	307
b75e69a4-c35f-458b-b844-82201aa6a6d5	gb:HM370978|Organism:Influenza	89.844	1024	54	40	6	1004	1011	13	0.0	1269
359e1ba0-53d5-487d-afd7-3c79c04f73dd	gb:HM370979|Organism:Influenza	97.948	731	6	9	1	726	13	739	0.0	1258
359e1ba0-53d5-487d-afd7-3c79c04f73dd	gb:HM370979|Organism:Influenza	77.228	707	64	68	722	1338	704	5	6.36e-87	324
43ab5bc2-e7e2-40c1-9dae-a134a0250759	gb:HM370979|Organism:Influenza	98.964	869	4	4	1	868	877	13	0.0	1550
db643a09-e320-4cc2-8cf1-0adcff90a423	gb:HM370978|Organism:Influenza	97.894	997	12	8	10	1001	22	1014	0.0	1716
3fd546c1-d0ec-4559-b0da-d03db0dffb82	gb:HM370966|Organism:Influenza	99.291	282	2	0	1	282	1939	2220	8.48e-144	510
0496c1d9-2ff5-4a46-af40-ef45f7094be0	gb:HM370978|Organism:Influenza	93.775	1012	26	28	1	985	13	1014	0.0	1485
cdd0a4e0-ce7e-421d-aa00-7f438af64a3b	gb:HM370978|Organism:Influenza	98.806	1005	7	5	1	1003	13	1014	0.0	1784
770ae392-ffe5-4a6d-87c0-764acb6e361f	gb:HM370966|Organism:Influenza	95.455	286	6	6	1	283	2220	1939	1.88e-125	449
04cba2fa-1b4e-4e63-b90c-00a47001e3e8	gb:HM370979|Organism:Influenza	97.015	871	13	13	1	864	13	877	0.0	1452
744f8c3d-5319-45d7-a1db-47fbf6b99a32	gb:HM370966|Organism:Influenza	91.809	293	12	7	1	289	1936	2220	7.08e-110	398
bbd5622f-8673-444b-8b08-efa1d118abb2	gb:JN683628|Organism:Influenza	90.960	177	6	8	1	168	1939	2114	2.49e-59	230
bbd5622f-8673-444b-8b08-efa1d118abb2	gb:JN683628|Organism:Influenza	89.524	105	7	3	156	258	2036	1934	2.60e-29	130
f69cfa80-8e08-4185-970e-c8c3d513e372	gb:HM370966|Organism:Influenza	97.173	283	7	1	1	283	2220	1939	8.64e-134	477
4ed6d797-605d-4df6-b43c-69e0b16db937	gb:HM370966|Organism:Influenza	93.993	283	9	8	1	276	2220	1939	3.99e-117	422
a8ea25e8-9182-45f3-8556-8086304d6f73	gb:HM370966|Organism:Influenza	92.857	294	10	10	1	290	2220	1934	2.47e-115	416
efaffd9f-b569-4952-9eb5-304bdf789e65	gb:HM370979|Organism:Influenza	95.800	881	20	14	2	869	1	877	0.0	1406
bb76e5ec-b695-4178-a644-e932a257f444	gb:HM370978|Organism:Influenza	94.877	1015	19	21	1	995	1014	13	0.0	1555
a6bc6073-87c9-4dea-a8c7-c1a186c6730e	gb:HM370979|Organism:Influenza	93.943	875	29	18	1	861	877	13	0.0	1301
68774afc-7189-4e04-a62e-a5ba6d0293d6	gb:HM370979|Organism:Influenza	94.616	873	25	22	1	859	13	877	0.0	1332
1973bb67-da49-48ad-9b72-39447a722d50	gb:HM370979|Organism:Influenza	98.961	866	6	3	1	864	13	877	0.0	1546
3a9a1275-5c8c-4ef7-af94-d8a06a610092	gb:CY133970|Organism:Influenza	88.621	290	19	10	94	372	1922	2208	1.58e-92	340
1e086ab3-d4ff-4b62-8d00-c55cdfee9599	gb:HM370978|Organism:Influenza	98.008	1004	9	9	11	1006	14	1014	0.0	1733
b351f7d0-1de4-4c15-a94b-3370f4e0659b	gb:HM370979|Organism:Influenza	96.364	880	13	15	7	874	5	877	0.0	1430
35f3e428-ebe6-4c70-b2a2-5b39d1d65b8d	gb:HM370978|Organism:Influenza	95.808	1002	19	21	5	987	17	1014	0.0	1596
e6a622e5-4f6d-41e5-862c-f01b35bea8f8	gb:HM370972|Organism:Influenza	97.544	285	3	4	1	283	2046	2328	5.16e-136	484
9072db82-21b9-4963-9275-328211476d38	gb:HM370978|Organism:Influenza	88.716	1028	46	49	1	977	1014	6	0.0	1192
6725c8a4-1c04-487a-8e52-1d8ef52e057d	gb:HM370966|Organism:Influenza	98.587	283	3	1	1	283	2220	1939	1.84e-140	499
fbe23f86-ec9d-4aca-88d3-aed3d8bfda3f	gb:HM370974|Organism:Influenza	92.248	258	12	7	1	251	1939	2195	4.03e-98	359
5f88dd47-fd8f-467c-8f56-1fac735d5574	gb:HM370979|Organism:Influenza	99.076	866	3	4	1	862	877	13	0.0	1550
3d9119a6-ab75-440f-8abd-c677ed46a92a	gb:HM370979|Organism:Influenza	97.931	870	8	6	1	865	877	13	0.0	1498
ffb0176d-bf14-4777-a71d-7f0a00127b7c	gb:HM370979|Organism:Influenza	96.548	869	14	10	4	865	872	13	0.0	1424
6978b91e-0b67-4dcf-bad9-815ef59f0767	gb:HM370979|Organism:Influenza	97.113	866	13	10	1	855	877	13	0.0	1450
c2c42b78-ed72-4ab9-b6e1-1f3b5b784ba7	gb:CY004492|Organism:Influenza	85.326	552	64	11	12	549	897	1445	7.86e-157	555
b4a26d7c-aa8d-4f8b-8224-91b51c10403f	gb:HM370979|Organism:Influenza	93.993	849	24	19	19	848	854	14	0.0	1260
de30f337-7b1d-4c83-bc0d-678f797ab335	gb:HM370979|Organism:Influenza	96.793	873	15	9	1	868	877	13	0.0	1445
211199ee-09ec-4656-8f30-ea50da25c523	gb:HM370979|Organism:Influenza	98.848	868	5	5	1	866	877	13	0.0	1543
5cb174a5-a31f-4970-93ff-d767a3fadfa8	gb:HM370979|Organism:Influenza	94.960	873	23	18	1	860	13	877	0.0	1349
d4f27ba7-56ec-4971-b297-0e928f1c1847	gb:HM370979|Organism:Influenza	98.963	868	5	3	1	867	13	877	0.0	1550
ebaf2781-1756-4fae-be21-3e660f0d074e	gb:HM370979|Organism:Influenza	93.258	890	23	27	5	874	885	13	0.0	1277
9e79e74c-8e27-4daf-bf37-d1fd052e279f	gb:HM370978|Organism:Influenza	95.567	1015	15	21	1	998	1014	13	0.0	1598
0c62357b-9dc4-400d-a6d8-1897b15e2169	gb:HM370979|Organism:Influenza	98.159	869	5	7	1	862	13	877	0.0	1506
3229a4ee-bf24-4758-8ef1-431d4e043491	gb:HM370979|Organism:Influenza	87.696	894	50	49	1	863	13	877	0.0	987
998ebe5f-29c9-49dd-9b9c-a0be76157e5a	gb:HM370966|Organism:Influenza	98.606	287	2	2	1	285	1939	2225	1.14e-142	507
f22eb973-5481-4964-8696-6d0a2a54359d	gb:HM370974|Organism:Influenza	93.130	262	10	7	11	269	1946	2202	1.17e-103	377
c7d7b70f-381a-4bc1-b4b0-fd9288fad1b4	gb:HM370966|Organism:Influenza	96.127	284	7	4	1	282	2220	1939	8.66e-129	460
3130812b-c800-48ea-b421-1d7304664cec	gb:HM370966|Organism:Influenza	95.819	287	5	4	1	285	2220	1939	1.13e-127	457
a94b25fa-bdd7-4b26-8885-51908736cbcf	gb:HM370966|Organism:Influenza	95.819	287	6	6	11	294	1937	2220	3.26e-128	459
e3897386-0016-42e0-855b-431c8eb44b17	gb:HM370978|Organism:Influenza	99.303	1005	2	3	1	1003	1014	13	0.0	1812
9b191de9-da0f-478c-826b-e09c9db35d47	gb:HM370979|Organism:Influenza	97.093	860	20	5	7	863	20	877	0.0	1445
3a90d2ef-5c6f-48a4-a73b-773938d881fb	gb:HM370966|Organism:Influenza	95.070	284	10	3	1	282	2220	1939	8.72e-124	444
334fba34-8b59-4f11-baf5-d496b988f0f7	gb:HM370979|Organism:Influenza	96.334	873	16	14	1	865	13	877	0.0	1421
473ac2e7-12fb-4dbc-8d9c-2d8a321773e3	gb:HM370972|Organism:Influenza	97.603	292	2	4	9	299	2041	2328	2.52e-139	496
f4f2eee5-52b5-43bf-b6bc-e5f398add52d	gb:JN706699|Organism:Influenza	94.077	287	7	7	3	285	1940	2220	8.89e-119	427
4ae817c6-a9a7-49bf-93ca-0195afc3c31c	gb:HM370966|Organism:Influenza	96.127	284	6	5	1	281	2220	1939	3.10e-128	459
872c1663-acb8-464f-a578-b4b1b9d0542a	gb:HM370972|Organism:Influenza	97.183	284	5	3	1	282	2046	2328	8.60e-134	477
8e6eed06-7f76-4d03-851a-49bf8fe98dd0	gb:HM370966|Organism:Influenza	89.761	293	14	12	1	288	1939	2220	9.25e-99	361
49ff9057-6919-4f5a-9632-a0ff68b00bc9	gb:HM370966|Organism:Influenza	86.713	286	22	13	16	293	1943	2220	1.61e-81	303
9ed9e986-a9cd-45a0-8a1a-7fb62a5537e6	gb:HM370966|Organism:Influenza	94.558	294	7	6	11	303	1935	2220	2.61e-124	446
fbcc69dd-217d-4cdc-b6a0-e5ee5e496a75	gb:HM370979|Organism:Influenza	94.755	877	18	23	1	861	13	877	0.0	1339
914cef59-1712-4e87-bc99-e4b52957f00b	gb:HM370979|Organism:Influenza	96.461	876	15	10	1	871	877	13	0.0	1432
93fcd709-9a69-440b-9fe3-954337d3b3bc	gb:HM370979|Organism:Influenza	95.767	874	13	18	1	859	13	877	0.0	1387
ed6923ad-e654-4ea7-be85-5e6368449252	gb:HM370972|Organism:Influenza	93.750	288	10	7	1	285	2046	2328	3.20e-118	425
1d9cb6e0-2580-4f22-b341-c90e8d8e6e69	gb:HM370979|Organism:Influenza	95.677	879	15	18	1	870	877	13	0.0	1391
e6fc4fa0-7c6d-490f-bfa9-8542d4218c19	gb:HM370977|Organism:Influenza	96.556	1452	24	21	1	1432	1458	13	0.0	2381
b7077eaa-a03c-4216-bad5-f96354679ea9	gb:HM370966|Organism:Influenza	93.814	291	8	10	9	293	1934	2220	2.55e-119	429
db216daf-1eac-4749-a917-cadf28f7c326	gb:HM370966|Organism:Influenza	90.941	287	14	11	1	280	2220	1939	3.20e-103	375
b7021ce0-b5b3-4b13-955e-bb39b4ef051a	gb:HM370966|Organism:Influenza	95.439	285	7	4	1	282	1939	2220	1.88e-125	449
358d2751-a954-49ab-bdb2-ab9d3ae21d54	gb:HM370972|Organism:Influenza	99.647	283	0	1	1	282	2046	2328	1.82e-145	516
e4d22868-2a9a-4ef2-9146-cff0ef68130d	gb:HM370972|Organism:Influenza	90.559	286	14	9	1	276	2046	2328	1.90e-100	366
8070700d-e652-4913-a5c4-e5bc0c3367a1	gb:HM370972|Organism:Influenza	97.518	282	3	4	11	289	2327	2047	2.47e-134	479
748a1fd5-0a69-4f54-b3c5-7f8f85d4b5de	gb:HM370978|Organism:Influenza	97.818	275	2	3	1	272	741	1014	3.85e-132	472
4b470159-c29b-47c2-bd2a-ebd11eaefdf0	gb:HM370979|Organism:Influenza	98.841	863	5	4	20	880	872	13	0.0	1533
7cb9e60d-43d5-4396-b197-cf08d971fe86	gb:HM370979|Organism:Influenza	97.826	874	8	6	1	864	877	5	0.0	1498
d494cc5b-922f-4bb3-a237-74802a550d89	gb:HM370972|Organism:Influenza	96.466	283	7	3	1	280	2046	2328	6.64e-130	464
f09c47bd-a515-48d2-b21d-e1dc027ca9c8	gb:HM370972|Organism:Influenza	95.652	276	0	8	1	274	2328	2063	2.13e-120	433
04d24674-aecb-4092-91e7-5325cdd70364	gb:HM370966|Organism:Influenza	93.950	281	10	5	11	287	2216	1939	5.39e-116	418
f0d4664e-9e2d-45eb-b7fd-2a17b2ec63d0	gb:HM370979|Organism:Influenza	95.429	875	24	10	6	867	6	877	0.0	1380
2483a2c7-d519-447b-97da-b394391e8f34	gb:HM370979|Organism:Influenza	94.057	875	27	18	1	860	13	877	0.0	1304
0118d28d-534a-4c98-91d1-738052884507	gb:HM370972|Organism:Influenza	97.880	283	2	3	1	279	2046	2328	1.41e-136	486
bb654085-0116-4f2e-8e69-fc005aef6a0c	gb:HM370972|Organism:Influenza	93.684	285	8	7	1	277	2328	2046	5.19e-116	418
6781859c-a235-434c-9c53-ed81b95b801a	gb:HM370966|Organism:Influenza	96.154	286	8	1	1	283	2220	1935	6.98e-130	464
0d35d4b7-5bc9-4cbb-92cc-1838990b62e0	gb:HM370979|Organism:Influenza	98.180	879	7	8	1	876	877	5	0.0	1526
28be3142-8e8e-4c52-92f6-4cc6bbe6b1dd	gb:MH546990|Organism:Influenza	87.500	1040	70	50	1	1008	9	1020	0.0	1146
781d34ce-110f-4999-afd0-126403f5b820	gb:HM370966|Organism:Influenza	95.819	287	3	7	1	283	2220	1939	4.05e-127	455
5ae7f558-8b9b-4227-963d-66c1f8489632	gb:HM370966|Organism:Influenza	94.366	284	13	3	1	283	2220	1939	1.90e-120	433
4a363608-45dc-4876-81dd-75d63f32cba7	gb:HM370966|Organism:Influenza	98.227	282	3	2	1	280	2220	1939	3.05e-138	492
574d50e3-c877-42d5-b108-2f195a0e844f	gb:HM370979|Organism:Influenza	94.944	890	20	17	1	877	13	890	0.0	1371
d0d46a4c-fc27-4a91-bff6-4dc2846f0b3d	gb:HM370979|Organism:Influenza	95.408	871	19	14	1	856	13	877	0.0	1367
6e4a2c26-047c-4b88-ac4d-e854a4ddd883	gb:HM370979|Organism:Influenza	89.371	875	48	37	1	840	13	877	0.0	1059
72d82925-2821-409b-bbe0-357e945a3c01	gb:HM370966|Organism:Influenza	98.233	283	3	2	1	282	1939	2220	8.54e-139	494
1e75a2d8-c7a3-4462-bbe8-4324767ffc4d	gb:HM370972|Organism:Influenza	89.825	285	15	10	1	273	2046	2328	1.46e-96	353
