5c29b6d0-0993-47ec-a0d6-5607f7c29c87	gb:MH546895|Organism:Influenza	96.544	868	17	10	1	858	13	877	0.0	1424
4184122b-a1c2-4562-a98e-afac64f35c98	gb:HM370974|Organism:Influenza	99.396	497	0	2	1	494	13	509	0.0	898
22dcd9d3-43e3-4070-8b64-32b0e41816af	gb:HM370974|Organism:Influenza	99.398	498	1	2	1	497	509	13	0.0	902
67a052c8-f662-4fab-b8c7-c9f19368f5e2	gb:KY983106|Organism:Influenza	97.809	867	14	5	1	864	877	13	0.0	1491
395f6f86-c7b5-405a-8142-57355334661c	gb:KY983106|Organism:Influenza	98.383	866	12	2	1	865	877	13	0.0	1520
46ce3e61-d848-4e5e-a338-a215e6a10b6c	gb:KY983106|Organism:Influenza	98.844	865	10	0	1	865	877	13	0.0	1543
23d8c37d-8a73-4361-af53-515a0ad10e2c	gb:HM370974|Organism:Influenza	98.592	497	1	2	1	491	13	509	0.0	874
1c0b7b77-34f2-4c98-8bef-7f5d5fc0d6e2	gb:MH546895|Organism:Influenza	97.015	871	10	12	1	861	877	13	0.0	1450
9c924cb2-06b5-466f-8396-145c7ee2513e	gb:GQ923465|Organism:Influenza	91.289	861	52	21	16	863	851	1	0.0	1153
819455f5-1d2d-4adf-b7a5-6be4e550c264	gb:MH546895|Organism:Influenza	98.728	865	9	2	1	863	13	877	0.0	1535
52ca301f-14b3-40b7-9c19-2bb64453a614	gb:HM370974|Organism:Influenza	99.396	497	2	1	1	496	13	509	0.0	900
66600c8e-9b1e-495c-83dc-2644f8cd1bb1	gb:KY983106|Organism:Influenza	97.575	866	15	6	1	861	877	13	0.0	1478
4fef8e7d-2a27-493a-b7dd-4aa0b54a7d35	gb:KY983106|Organism:Influenza	97.926	868	12	6	1	865	877	13	0.0	1498
b7d5b0d1-f8ed-4957-a710-1f325bd9cc13	gb:MH546895|Organism:Influenza	96.512	860	19	10	115	964	871	13	0.0	1411
cd41618a-e19f-434b-98de-949028269f77	gb:CY132201|Organism:Influenza	93.013	873	32	24	1	852	1	865	0.0	1247
9280078c-57af-4bf9-8606-b639de7d99ab	gb:MH546895|Organism:Influenza	98.382	865	11	1	1	862	13	877	0.0	1517
348b0f00-962d-4e78-bab1-5e810aa7b90c	gb:KY983106|Organism:Influenza	98.728	865	11	0	1	865	13	877	0.0	1537
df09a938-f0fb-466d-b000-2b8ce1c35013	gb:MH546895|Organism:Influenza	97.477	872	11	8	1	868	13	877	0.0	1478
4e74f968-e299-4699-a9b1-0e49efe2bb12	gb:MH546895|Organism:Influenza	95.672	878	21	15	1	867	877	6	0.0	1395
19e1bf1f-43ef-43be-ba59-404c999993d4	gb:HM370974|Organism:Influenza	99.799	497	1	0	1	497	509	13	0.0	913
32f4810b-a47e-4736-9eaf-718410f50a7b	gb:MH546895|Organism:Influenza	97.909	861	11	4	4	858	872	13	0.0	1483
aa2bc726-e4e2-47cb-a41e-cc3de5c560e7	gb:KY983106|Organism:Influenza	98.730	866	8	2	1	864	13	877	0.0	1535
1afed8ec-7e5e-42c2-bef4-35927267adeb	gb:MH546895|Organism:Influenza	98.499	866	11	2	1	865	877	13	0.0	1526
668dc0a1-80dc-4b17-b61d-3b9a8f76b6bd	gb:HM370974|Organism:Influenza	92.054	516	20	16	2	503	1	509	0.0	706
b007a8ed-5192-4622-8105-d38e56a9ccbb	gb:CY102741|Organism:Influenza	100.000	34	0	0	23	56	2175	2208	3.67e-10	63.9
021808b0-b12e-4da2-8a9c-bd2eaa663ecb	gb:MH546895|Organism:Influenza	97.022	873	14	6	1	869	13	877	0.0	1458
abfea38c-82f9-4cc7-994a-c42decef3886	gb:KY983106|Organism:Influenza	97.924	867	16	1	1	867	13	877	0.0	1500
9468e61e-6e8d-4d48-80b1-cafbe9a73218	gb:HM370974|Organism:Influenza	99.799	497	1	0	1	497	13	509	0.0	913
ec701888-1428-4294-a780-3cbd99da4419	gb:MH411885|Organism:Influenza	98.046	870	11	4	1	869	12	876	0.0	1507
a48a10ce-3753-4ae4-aa72-635154e2b2ae	gb:KY983106|Organism:Influenza	98.387	868	11	2	1	868	877	13	0.0	1522
6d77d771-0ad3-4786-ab95-97c1643d55fc	gb:MH546895|Organism:Influenza	97.347	867	15	6	1	861	13	877	0.0	1467
45a273e7-f9c9-49e6-b2d4-fcc0dc02fadd	gb:MH546895|Organism:Influenza	97.474	871	13	8	1	868	877	13	0.0	1478
24d3a4f3-d93d-43ed-904f-c6ba50a38443	gb:MH546895|Organism:Influenza	98.739	872	10	1	1	871	13	884	0.0	1548
3a0678c4-cdf8-4a55-9a54-2c85144dbda2	gb:HM370974|Organism:Influenza	98.994	497	5	0	1	497	509	13	0.0	891
b30929c4-f4ea-4be5-a496-36bee122ba9e	gb:KY983106|Organism:Influenza	98.613	865	11	1	1	864	13	877	0.0	1530
dfe60a2e-a04e-4c68-8c8b-0dc94cf7b831	gb:KY983106|Organism:Influenza	97.924	867	12	6	1	863	13	877	0.0	1496
4fb53520-ffe3-4e78-91fa-c67b4b1ff7bc	gb:MH547031|Organism:Influenza	97.113	866	21	4	1	863	13	877	0.0	1458
c29a22d4-c61e-421c-9404-5144d07d2bf5	gb:MH546895|Organism:Influenza	97.353	869	11	10	1	861	13	877	0.0	1467
f947f073-b926-4914-91da-649657470fd3	gb:CY102741|Organism:Influenza	100.000	34	0	0	1	34	2208	2175	3.67e-10	63.9
fb9d9b71-588a-46f0-b996-54a45efbd3df	gb:HM370974|Organism:Influenza	96.421	503	6	8	1	497	13	509	0.0	819
3e6fd81f-d61c-4af0-a44c-1330eb425bbe	gb:HM370974|Organism:Influenza	99.799	497	0	1	1	496	509	13	0.0	911
2fc96abc-60cc-4f59-aee3-a1b91034b076	gb:KY983106|Organism:Influenza	97.924	867	13	4	1	864	13	877	0.0	1496
0f01f137-641a-4791-93b7-d96216c101d0	gb:HM370974|Organism:Influenza	95.882	510	11	8	9	516	514	13	0.0	817
df80578c-43fe-492f-b4b0-3c99c9b88e18	gb:KY983106|Organism:Influenza	95.086	875	27	15	1	869	877	13	0.0	1363
eee8b38a-8c63-4d07-bb91-b74508c7b551	gb:MH546895|Organism:Influenza	97.691	866	13	3	1	860	13	877	0.0	1482
ab22c5a2-12a6-4b3a-a9cc-25a03c58e05e	gb:MH546895|Organism:Influenza	98.960	865	7	2	1	863	13	877	0.0	1546
127bf126-ed03-4ac1-b7aa-f130cabcc813	gb:KY983106|Organism:Influenza	94.502	873	24	19	1	857	877	13	0.0	1325
83ca6eaa-8d32-4080-9007-2068c9767a04	gb:KY983106|Organism:Influenza	97.353	869	18	5	1	868	13	877	0.0	1472
2241ff42-8822-47a1-8baa-dde59d7043a8	gb:MH546895|Organism:Influenza	97.806	866	10	6	1	858	13	877	0.0	1485
03b88c5f-e73f-4285-822d-0471788069b6	gb:KY983106|Organism:Influenza	97.581	868	18	3	1	868	13	877	0.0	1483
bc61b6f2-2ffb-4951-8c44-b0d3af5b9922	gb:KY983106|Organism:Influenza	98.157	868	13	2	1	868	13	877	0.0	1511
e8e0fb8d-398c-42a4-b884-072164e3a20f	gb:HM370974|Organism:Influenza	100.000	497	0	0	1	497	13	509	0.0	918
7d2c4a77-daf2-4fbe-ae9c-cdf0fff9e9af	gb:KY983106|Organism:Influenza	98.845	866	9	1	1	866	877	13	0.0	1543
355894da-df74-403c-88f9-948bdf33d992	gb:HM370974|Organism:Influenza	98.594	498	3	4	1	495	13	509	0.0	878
9355ff28-9a43-42f9-8c0d-284de1b3255c	gb:MH546895|Organism:Influenza	89.572	911	44	39	1	893	13	890	0.0	1109
fc049993-563b-4d35-94ed-271d31b0ea58	gb:MH546895|Organism:Influenza	96.453	874	18	8	1	870	13	877	0.0	1430
4d0159f0-e5e3-44e6-8a98-8ff539c642f2	gb:MH546895|Organism:Influenza	98.041	868	14	3	1	868	877	13	0.0	1506
36a584da-f9a4-4dde-be4c-ec40298f2b75	gb:CY102741|Organism:Influenza	100.000	34	0	0	1	34	2208	2175	3.67e-10	63.9
3ce2b610-30b2-4889-913f-f52ef91d4ebd	gb:MH546895|Organism:Influenza	95.276	868	23	13	1	853	877	13	0.0	1360
e43e9cbd-e67c-4d4b-8f98-dc91cebe5dc0	gb:HM370974|Organism:Influenza	89.703	505	18	24	1	479	13	509	1.11e-174	614
e6329710-0b8d-4d9f-8f8c-f6e66c554b6d	gb:CY128817|Organism:Influenza	91.784	499	28	10	1	488	497	1	0.0	682
301bda9d-7e32-48ee-bcb2-4b407401ed87	gb:HM370974|Organism:Influenza	99.799	498	0	1	1	498	13	509	0.0	913
696954d0-0d8c-42b4-abd2-ec604507d8fd	gb:HM370974|Organism:Influenza	97.200	500	6	5	1	496	13	508	0.0	839
ccf32919-4cc9-444a-ac74-41597065f50e	gb:MH546895|Organism:Influenza	99.306	865	5	1	1	864	877	13	0.0	1563
885c8aa4-f0fb-4ef9-832c-2ea0b563ab89	gb:MH546895|Organism:Influenza	98.041	868	9	6	1	863	13	877	0.0	1502
bea206dd-c627-4265-80eb-64a2deb9eff0	gb:MH546895|Organism:Influenza	98.961	866	8	1	1	866	877	13	0.0	1548
ecde2f41-7ea2-4791-a8f6-e357d48466a1	gb:KY983106|Organism:Influenza	98.845	866	9	1	1	866	13	877	0.0	1543
90f6fea1-cf61-4109-87c8-287811bf2de8	gb:KY983106|Organism:Influenza	98.383	866	11	3	1	864	877	13	0.0	1519
116db458-d050-4a5e-904b-ec902741186e	gb:KY983106|Organism:Influenza	94.495	872	25	18	1	856	877	13	0.0	1323
623bd0a7-2c8c-4195-bbd3-ba8f037c39fe	gb:HM370974|Organism:Influenza	98.798	499	3	2	1	498	13	509	0.0	885
843b2bcc-96cf-4607-9c2d-e5a7701fcddd	gb:MH546895|Organism:Influenza	98.497	865	11	2	1	863	877	13	0.0	1524
ed672d2d-d696-445e-9bc6-390b8a21e90f	gb:KY983106|Organism:Influenza	97.929	869	13	5	1	868	877	13	0.0	1500
69e1252e-c5d0-4a6a-9c58-ff6b0274c275	gb:MH546895|Organism:Influenza	97.586	870	12	9	1	865	12	877	0.0	1482
bdf0536f-9565-4b39-94c0-5dc07d94c0de	gb:CY102741|Organism:Influenza	100.000	34	0	0	1	34	2208	2175	3.67e-10	63.9
72c541e9-a04e-42a6-9fcb-2afdad448373	gb:HM370974|Organism:Influenza	99.198	499	1	2	1	498	13	509	0.0	896
3db39426-78e5-4e5a-9412-cadfe2fde826	gb:HM370974|Organism:Influenza	98.193	498	3	5	1	493	509	13	0.0	865
7300d1c5-dbba-4274-b6fb-57174bb517e7	gb:KY983106|Organism:Influenza	98.497	865	12	1	1	864	877	13	0.0	1524
903e8d89-2c16-41b4-8c28-f8368c023034	gb:MH546895|Organism:Influenza	96.014	878	18	11	1	866	877	5	0.0	1411
3ce44f27-28bf-4409-958d-96b94df474e7	gb:KY983106|Organism:Influenza	94.211	881	23	21	7	882	20	877	0.0	1319
a2260d07-8513-4a47-83de-75e0e35a25a0	gb:KY551131|Organism:Influenza	97.564	862	17	3	3	863	1	859	0.0	1472
f2fba7ec-4bd9-4587-bc97-1944b73bb764	gb:MH547031|Organism:Influenza	97.811	868	15	4	1	867	13	877	0.0	1495
