c8b6c108-ff93-4bb5-a236-ca51c81f03c2	gb:HM370978|Organism:Influenza	94.224	277	6	7	1	270	741	1014	6.52e-115	414
66e3b203-6c7e-4d53-9182-f827134141bc	gb:HM370978|Organism:Influenza	97.112	277	3	3	1	275	741	1014	2.34e-129	462
233edfb7-4cb4-4296-bdb3-c5203e950fbd	gb:HM370978|Organism:Influenza	98.909	275	0	2	1	273	1014	741	3.83e-137	488
0b528455-87fa-4e55-bb27-eb68762bbf4b	gb:HM370978|Organism:Influenza	99.270	274	2	0	1	274	1014	741	2.30e-139	496
26a53974-3574-4c53-83d2-728cdfdce4f8	gb:HM370978|Organism:Influenza	98.917	277	0	1	1	277	741	1014	3.01e-138	492
3104e4e2-a46b-4e9c-92f1-ffc9d24671dd	gb:HM370978|Organism:Influenza	100.000	274	0	0	1	274	741	1014	1.06e-142	507
bb3bdf6c-3913-4998-8462-34f329320678	gb:HM370978|Organism:Influenza	97.473	277	2	4	1	275	741	1014	5.04e-131	468
41ecc95d-c750-4063-a9a7-7e71bb1507ae	gb:HM370978|Organism:Influenza	100.000	274	0	0	1	274	1014	741	1.06e-142	507
3e2d98de-6250-4e39-8afd-4933cd7b31f0	gb:HM370978|Organism:Influenza	100.000	274	0	0	1	274	1014	741	1.06e-142	507
6e9dbaac-8f1c-4070-85ba-1acefae87c12	gb:HM370978|Organism:Influenza	97.786	271	2	2	1	267	741	1011	6.38e-130	464
14c715d4-b471-4ca3-800c-05c2a816f2bb	gb:HM370978|Organism:Influenza	99.649	285	0	1	1	284	1025	741	1.42e-146	520
39aa14fe-9996-4dc0-93f3-b054c011f5b1	gb:HM370978|Organism:Influenza	98.905	274	0	2	1	271	741	1014	1.37e-136	486
f33c7be6-b90a-42a8-8955-4a089fa8744e	gb:HM370978|Organism:Influenza	95.273	275	8	5	1	271	741	1014	6.50e-120	431
a057ab68-228e-4de9-9a3a-470e7b9e8c4c	gb:HM370978|Organism:Influenza	100.000	274	0	0	1	274	1014	741	1.06e-142	507
d11f42cd-074d-46ec-a2ea-e0475f8f22ba	gb:HM370978|Organism:Influenza	99.270	274	1	1	1	273	741	1014	8.24e-139	494
f290c07a-f751-42a1-8a5a-7588e2ed301a	gb:HM370978|Organism:Influenza	99.635	274	0	1	1	273	741	1014	1.77e-140	499
57b15eef-9f51-414c-83a6-8af26f5bd4d5	gb:HM370978|Organism:Influenza	100.000	274	0	0	1	274	1014	741	1.06e-142	507
b369908a-2f51-481c-afc6-bd0412c1d0ba	gb:HM370978|Organism:Influenza	96.715	274	3	5	1	268	741	1014	4.93e-126	451
1b299acc-3209-4c54-8ca5-18ea5a1473f5	gb:HM370978|Organism:Influenza	97.080	274	2	3	1	268	1014	741	1.06e-127	457
02049074-5784-42cf-b135-746f1b383006	gb:HM370978|Organism:Influenza	98.897	272	0	3	1	271	741	1010	1.83e-135	483
6d82fa08-367e-4f7f-9c98-64a30f92afb9	gb:HM370978|Organism:Influenza	99.635	274	1	0	1	274	1014	741	4.95e-141	501
