7699504d-6046-4a23-9de1-f3a435df6c3b	gb:MH412413|Organism:Influenza	97.811	1005	10	9	1	996	1013	12	0.0	1724
5e19f5ee-893e-42a0-b6e9-6faec939b995	gb:KY983217|Organism:Influenza	90.462	1017	49	30	1	984	13	1014	0.0	1297
2f9ce2e3-bb16-4e9e-befd-5a0e3076ebe4	gb:MH412413|Organism:Influenza	99.194	992	5	2	3	993	4	993	0.0	1784
2f9ce2e3-bb16-4e9e-befd-5a0e3076ebe4	gb:MH412413|Organism:Influenza	88.889	612	18	26	986	1553	973	368	0.0	708
c0e86f7a-675e-4211-8040-a86e9f08c6fd	gb:MH412413|Organism:Influenza	97.030	1010	17	12	1	1005	12	1013	0.0	1687
e9668c90-beeb-4eb4-9439-fd15abbfa811	gb:MH412413|Organism:Influenza	99.071	646	6	0	1	646	1013	368	0.0	1160
2627603f-bb45-40ad-8552-d0f26a5bff5b	gb:MH412413|Organism:Influenza	98.604	1003	6	5	1	996	1013	12	0.0	1768
009107d7-1150-4d1d-a574-a28f891e8c6c	gb:MH412413|Organism:Influenza	96.517	1005	20	10	1	993	1013	12	0.0	1648
1588eba6-932b-4d1a-998b-e4e5186f413e	gb:MH412413|Organism:Influenza	95.319	1004	22	12	1	981	1013	12	0.0	1570
6964d5e2-69fa-4af9-b1fd-28847b93c584	gb:MH412413|Organism:Influenza	93.148	1007	37	27	3	984	14	1013	0.0	1448
8ed2de77-6178-465d-bf3f-02dcef4d711b	gb:MH412413|Organism:Influenza	98.704	1003	8	5	1	999	12	1013	0.0	1775
e8aea024-af5d-471a-831d-871024f63dd8	gb:KP896502|Organism:Influenza	94.742	1008	31	17	8	1005	7	1002	0.0	1548
01a78c2f-e9a2-4572-8128-37a78f36d19c	gb:MH412413|Organism:Influenza	98.104	1002	10	9	1	993	12	1013	0.0	1736
19503e3d-9d7d-4ada-ad65-2f87679db51e	gb:MH412413|Organism:Influenza	96.937	1012	8	15	1	999	1013	12	0.0	1676
37b1448a-78b1-4d9f-a168-de0220d409df	gb:MH412413|Organism:Influenza	98.903	1003	6	4	1	999	12	1013	0.0	1786
f64ef03c-4f5a-4d6e-b5b7-5c5b0ef45a4d	gb:MH412413|Organism:Influenza	99.103	1003	7	2	1	1002	1013	12	0.0	1801
01ef5f18-9ac3-448a-a6bc-db06ca1a3ee5	gb:MH412413|Organism:Influenza	97.117	1006	14	13	1	995	12	1013	0.0	1683
e8d0d3ae-23b4-423b-aa3f-dbe05885a87e	gb:MH412413|Organism:Influenza	96.768	990	17	12	15	989	1001	12	0.0	1637
9c819777-42cf-4ea6-b045-2a9bb068d3d2	gb:MH412413|Organism:Influenza	97.718	1008	12	9	1	1003	12	1013	0.0	1724
9fd6f0b5-8b82-4ecd-8a2d-8ae5df74d4d8	gb:MH412413|Organism:Influenza	98.607	1005	9	4	1	1003	12	1013	0.0	1773
98ec71f1-930e-426f-a0d4-1ec265028717	gb:MH412413|Organism:Influenza	97.416	1006	18	8	1	1002	12	1013	0.0	1707
0d0a3997-1e15-4d57-8f40-a57374093b5d	gb:MH412413|Organism:Influenza	98.108	1004	13	6	1	1000	1013	12	0.0	1744
07f84dfb-5ff1-4de4-87b7-b82a32d1d6e8	gb:MH412413|Organism:Influenza	98.700	1000	8	4	8	1005	1008	12	0.0	1770
928f3705-37d1-48a5-9667-d32859de53c4	gb:MH412413|Organism:Influenza	98.307	1004	8	8	1	997	12	1013	0.0	1751
9c51c248-ec11-484c-9a3d-4917e2c840c3	gb:MH412413|Organism:Influenza	89.971	1017	46	51	1	976	12	1013	0.0	1262
d6f98b17-6718-4e0a-8e0b-407ab64c4671	gb:MH412413|Organism:Influenza	96.617	1005	16	9	1	990	12	1013	0.0	1652
4941e01c-91f5-446b-8cd0-9ab74f7d1ef6	gb:MH412413|Organism:Influenza	95.721	1005	25	18	1	990	12	1013	0.0	1602
0f52332c-bb51-4994-800a-1de2c62d8676	gb:MH412413|Organism:Influenza	98.205	1003	9	5	1	995	12	1013	0.0	1744
6b82943a-f0f1-4a17-9a36-5e94208f338c	gb:MH412413|Organism:Influenza	99.381	646	4	0	1	646	1013	368	0.0	1171
7849e840-3a5d-4094-ba77-00ea66d19a15	gb:MH412413|Organism:Influenza	98.902	1002	11	0	1	1002	12	1013	0.0	1790
37cb8685-e453-4334-b9e9-270de080d33b	gb:MH412413|Organism:Influenza	98.804	1003	10	2	1	1002	12	1013	0.0	1784
fc09ecb2-c944-4833-8006-a22acb727b93	gb:MH412413|Organism:Influenza	99.701	1002	3	0	1	1002	1013	12	0.0	1834
268126e9-f649-4b84-b8f6-36ca859f81df	gb:MH412413|Organism:Influenza	88.650	652	39	30	1	623	1013	368	0.0	761
e71c925a-7db8-4ec2-8dd6-25a4ed77c6b2	gb:MH412413|Organism:Influenza	92.906	1015	42	28	1	998	12	1013	0.0	1448
26e79b67-9391-4a77-a78e-ba73885a5783	gb:MH412413|Organism:Influenza	97.507	1003	16	7	1	995	12	1013	0.0	1705
2de61d23-699b-46a8-9ed0-c0fe7eb1160f	gb:MH412413|Organism:Influenza	97.716	1007	12	8	1	1001	12	1013	0.0	1722
3ae504d0-5ebe-428a-bd9b-168eb1d4e583	gb:MH412413|Organism:Influenza	99.144	935	4	4	60	991	80	1013	0.0	1679
94218d10-ffeb-4b7b-86cd-cffb9e1771ac	gb:MH412413|Organism:Influenza	98.145	647	7	5	1	643	1013	368	0.0	1123
55045a61-711c-4b2a-bd04-199e3673ba62	gb:MH412413|Organism:Influenza	97.921	1010	5	9	1	1002	1013	12	0.0	1735
a99f1fba-6dde-40ad-9cb0-cb09ac738679	gb:MH412413|Organism:Influenza	97.994	648	7	6	1	644	1013	368	0.0	1120
664567d4-3606-498c-aa89-e442fe4719c5	gb:MH412413|Organism:Influenza	99.202	1002	6	1	1	1000	1013	12	0.0	1805
68eec4f5-bad7-466e-9d05-ec2fe225c32a	gb:MH412413|Organism:Influenza	94.077	1013	34	19	1	998	12	1013	0.0	1515
667880e2-af41-4dd0-987b-e52b37712ac0	gb:MH412413|Organism:Influenza	97.813	1006	14	6	1	1002	12	1013	0.0	1729
072dc443-f735-4705-a50a-9b3a3aa80a8f	gb:MH412413|Organism:Influenza	90.146	1025	53	42	1	1000	12	1013	0.0	1290
b22989fd-2437-4f6e-8450-b6ea55e65e87	gb:MH412413|Organism:Influenza	99.202	1003	7	1	1	1003	1013	12	0.0	1807
0e1a8b6d-e2d2-4272-8a1d-b0007d011dcd	gb:MH412413|Organism:Influenza	99.104	1004	6	2	1	1003	12	1013	0.0	1801
cd4a8717-ac9f-447a-b077-3285a8ba8dc8	gb:MH412413|Organism:Influenza	99.003	1003	8	2	1	1002	12	1013	0.0	1796
5006b24f-fd42-4b1c-a284-1078724103dd	gb:MH412413|Organism:Influenza	98.806	1005	7	4	1	1003	1013	12	0.0	1784
823bc11f-31b5-4183-9da8-9025afa88a80	gb:MH412413|Organism:Influenza	99.601	1002	3	1	1	1001	12	1013	0.0	1827
