7a99ab97-3a11-4096-828e-041894e2749e	gb:CY165615|Organism:Influenza	87.817	197	16	8	127	320	2014	2205	1.43e-57	224
2112d54d-6b93-4722-b4c6-1bcd7d91ecad	gb:CY165615|Organism:Influenza	93.750	192	12	0	126	317	2014	2205	4.95e-77	289
716883c3-1583-44eb-b7c2-1e36ec3a8bba	gb:CY064949|Organism:Influenza	92.188	192	11	3	134	323	2018	2207	6.62e-71	268
77c598b6-29e2-4867-ae94-1e51d2f4c95d	gb:CY165615|Organism:Influenza	93.750	192	12	0	126	317	2014	2205	4.95e-77	289
ec469828-1739-4cc4-a991-d9fb58683484	gb:KP657908|Organism:Influenza	97.391	115	3	0	13	127	1	115	3.03e-49	196
22737159-aa70-4990-9798-17f64af03844	gb:GQ227607|Organism:Influenza	90.722	194	13	2	4	194	2205	2014	1.81e-66	254
49c94caa-eb37-42cb-9899-d249be3a754c	gb:GQ227607|Organism:Influenza	87.113	194	20	4	126	316	2014	2205	8.48e-55	215
dea4e872-8ab1-4505-839e-0c1221677034	gb:CY135500|Organism:Influenza	91.237	194	11	5	123	312	2014	2205	3.81e-68	259
073f0d88-0cbb-40c8-97e8-33e288539445	gb:CY165615|Organism:Influenza	93.750	192	12	0	4	195	2205	2014	4.95e-77	289
91837453-a1e7-4db1-ae86-8e456ee2003b	gb:MF147585|Organism:Influenza	100.000	36	0	0	1	36	13	48	3.01e-11	67.6
9989f16a-ac20-451d-8b69-a73094e25171	gb:KX978202|Organism:Influenza	92.965	199	14	0	126	324	2026	2224	1.44e-77	291
c2fa92ee-9713-4e78-b284-f09103d5b9bb	gb:CY064949|Organism:Influenza	90.860	186	16	1	128	313	2023	2207	8.34e-65	248
cfbed0d9-0792-4c2a-ae3c-5a27f359981d	gb:GU050410|Organism:Influenza	91.667	192	14	2	4	193	2205	2014	8.28e-70	265
cb77a58c-1eb0-4aa6-8bc1-f71c9374d44a	gb:CY165615|Organism:Influenza	91.710	193	14	2	4	195	2205	2014	2.30e-70	267
1f3a6a71-d51a-4981-bf50-c8b0f90eff8d	gb:CY165615|Organism:Influenza	93.229	192	13	0	4	195	2205	2014	2.30e-75	283
923f7fe5-2857-4f37-8bda-076b70130748	gb:CY165615|Organism:Influenza	93.750	192	12	0	126	317	2014	2205	4.95e-77	289
aa65a0e9-ea37-4531-9c00-d4f6582f59fb	gb:CY165615|Organism:Influenza	93.750	192	12	0	123	314	2014	2205	4.90e-77	289
dc570a20-a92f-44dc-9c37-dfdcd13aef77	gb:CY165615|Organism:Influenza	90.104	192	15	2	126	313	2014	2205	2.99e-64	246
78905c76-d5b1-4d39-8c8b-74afb32643df	gb:KX978202|Organism:Influenza	91.346	208	14	4	127	331	2026	2232	8.59e-75	281
b5d8d1e6-b84c-4d4a-bb5e-f22e3802cb0c	gb:CY165615|Organism:Influenza	92.784	194	12	1	126	319	2014	2205	3.00e-74	279
414c6030-47e2-43ee-9f9c-14e1bc7754fc	gb:CY165615|Organism:Influenza	92.746	193	13	1	128	320	2014	2205	1.08e-73	278
62f64198-c5c7-47a9-b658-16d6460c5511	gb:CY165615|Organism:Influenza	92.708	192	13	1	4	194	2205	2014	3.98e-73	276
d063ab1b-8fbd-41d9-84f0-32ff2f38b3ee	gb:CY165615|Organism:Influenza	92.268	194	13	2	4	197	2205	2014	1.39e-72	274
3979c6ad-f1ef-460e-a673-3db0fbcea016	gb:CY165615|Organism:Influenza	92.308	195	12	2	126	320	2014	2205	1.40e-72	274
efa8847c-4b50-4dcd-98cf-35e6afdc34e3	gb:CY165615|Organism:Influenza	93.750	192	12	0	126	317	2014	2205	4.95e-77	289
77196b70-4468-4137-95e1-f20d1d85f3ef	gb:CY165615|Organism:Influenza	93.229	192	12	1	4	194	2205	2014	8.25e-75	281
77270c73-d68d-4379-ba50-5fe9ae77527e	gb:CY165615|Organism:Influenza	93.229	192	13	0	126	317	2014	2205	2.30e-75	283
730e2156-be1b-4ef0-b2cb-8844ddb113e1	gb:JQ973677|Organism:Influenza	91.753	194	13	3	127	319	2026	2217	2.33e-70	267
97352563-fa5c-4fde-a3cf-134b8292d7e0	gb:CY165615|Organism:Influenza	90.722	194	10	4	4	191	2205	2014	6.40e-66	252
d2274985-2859-4ca6-b8c5-17142c2443a5	gb:GQ227607|Organism:Influenza	92.188	192	14	1	4	194	2205	2014	1.79e-71	270
a333c63a-7305-4a08-9d98-413f093f9d95	gb:CY165615|Organism:Influenza	93.229	192	13	0	126	317	2014	2205	2.30e-75	283
