9e47b77a-9b00-401e-9808-b36bf13a7c74	gb:MH502085|Organism:Influenza	99.032	310	3	0	1	310	1540	1231	1.64e-157	556
9e47b77a-9b00-401e-9808-b36bf13a7c74	gb:MH502085|Organism:Influenza	98.305	118	2	0	301	418	118	1	1.90e-52	207
b64fc2ec-c5a6-4a56-96ae-40095f0d1bcc	gb:MH502085|Organism:Influenza	98.397	312	3	2	1	312	1540	1231	9.90e-155	547
b64fc2ec-c5a6-4a56-96ae-40095f0d1bcc	gb:MH502085|Organism:Influenza	97.458	118	3	0	303	420	118	1	8.88e-51	202
71154514-9a68-4f26-b526-7e7dcd2098e1	gb:MH502085|Organism:Influenza	91.401	314	17	10	1	308	1540	1231	6.22e-117	422
71154514-9a68-4f26-b526-7e7dcd2098e1	gb:MH502085|Organism:Influenza	97.479	119	2	1	299	417	118	1	8.81e-51	202
821d17a8-5c43-45bd-b1da-73debb924924	gb:MH502085|Organism:Influenza	98.397	312	3	1	109	420	1231	1540	9.90e-155	547
821d17a8-5c43-45bd-b1da-73debb924924	gb:MH502085|Organism:Influenza	98.305	118	2	0	1	118	1	118	1.91e-52	207
96a71506-4ec7-4ab4-96e7-14ae540ae1a2	gb:MH546724|Organism:Influenza	94.688	320	8	5	11	324	1559	1243	6.30e-137	488
96a71506-4ec7-4ab4-96e7-14ae540ae1a2	gb:MH546724|Organism:Influenza	92.381	105	5	2	315	416	130	26	4.37e-34	147
bcbdd402-aba7-4825-8348-340f91ba6144	gb:MH502085|Organism:Influenza	98.071	311	4	2	1	310	1540	1231	1.65e-152	540
bcbdd402-aba7-4825-8348-340f91ba6144	gb:MH502085|Organism:Influenza	98.305	118	2	0	301	418	118	1	1.90e-52	207
6805f063-627a-4a91-b54f-596542f15dbd	gb:MH502085|Organism:Influenza	96.519	316	4	3	1	315	1540	1231	2.81e-145	516
6805f063-627a-4a91-b54f-596542f15dbd	gb:MH502085|Organism:Influenza	96.610	118	3	1	306	422	118	1	1.49e-48	195
143018d2-6de6-4075-8961-64b0a610e552	gb:MH502085|Organism:Influenza	99.032	310	3	0	109	418	1231	1540	1.64e-157	556
143018d2-6de6-4075-8961-64b0a610e552	gb:MH502085|Organism:Influenza	95.763	118	5	0	1	118	1	118	1.91e-47	191
cc9bc833-cd39-4972-914b-692e977f0ef4	gb:MH502085|Organism:Influenza	96.764	309	6	4	109	413	1231	1539	3.55e-144	512
cc9bc833-cd39-4972-914b-692e977f0ef4	gb:MH502085|Organism:Influenza	95.763	118	5	0	1	118	1	118	1.89e-47	191
417b6f24-04f8-4021-89ca-2ad8ab6011c3	gb:MH502085|Organism:Influenza	98.392	311	3	2	1	310	1540	1231	3.54e-154	545
417b6f24-04f8-4021-89ca-2ad8ab6011c3	gb:MH502085|Organism:Influenza	98.305	118	2	0	301	418	118	1	1.90e-52	207
d117cf2e-6f4b-43d1-b2bd-e5054516042a	gb:MH502085|Organism:Influenza	94.268	314	9	6	110	418	1231	1540	6.10e-132	472
d117cf2e-6f4b-43d1-b2bd-e5054516042a	gb:MH502085|Organism:Influenza	97.391	115	2	1	5	119	5	118	1.48e-48	195
16c6b285-13c0-4797-9155-ecfdf782b738	gb:MH502085|Organism:Influenza	99.032	310	3	0	108	417	1231	1540	1.63e-157	556
16c6b285-13c0-4797-9155-ecfdf782b738	gb:MH502085|Organism:Influenza	96.610	118	3	1	1	117	1	118	1.48e-48	195
7a2fc3a9-e679-473a-975d-48e0a8b6c542	gb:MH502085|Organism:Influenza	98.710	310	3	1	1	309	1540	1231	2.73e-155	549
7a2fc3a9-e679-473a-975d-48e0a8b6c542	gb:MH502085|Organism:Influenza	98.305	118	2	0	300	417	118	1	1.89e-52	207
68754ab8-d428-4396-99f1-902ec9345269	gb:MH502085|Organism:Influenza	98.065	310	5	1	110	418	1231	1540	5.93e-152	538
68754ab8-d428-4396-99f1-902ec9345269	gb:MH502085|Organism:Influenza	96.639	119	3	1	1	119	1	118	4.11e-49	196
388103b3-e485-462f-a95d-72a995a53f86	gb:MH502085|Organism:Influenza	99.032	310	3	0	109	418	1231	1540	1.64e-157	556
388103b3-e485-462f-a95d-72a995a53f86	gb:MH502085|Organism:Influenza	97.458	118	3	0	1	118	1	118	8.84e-51	202
0864571a-48ea-496c-adc9-2fb2434f96b1	gb:CY166771|Organism:Influenza	92.605	311	15	7	1	304	1540	1231	1.69e-122	440
0864571a-48ea-496c-adc9-2fb2434f96b1	gb:CY166771|Organism:Influenza	97.479	119	1	2	295	412	118	1	8.70e-51	202
e3b5cd68-856e-47e2-b0c7-ca2155b553cc	gb:MH502085|Organism:Influenza	99.032	310	3	0	109	418	1231	1540	1.64e-157	556
e3b5cd68-856e-47e2-b0c7-ca2155b553cc	gb:MH502085|Organism:Influenza	94.915	118	6	0	1	118	1	118	8.90e-46	185
c8bf6d07-a822-4cc6-a41e-dab35b41f7eb	gb:MH502085|Organism:Influenza	98.710	310	2	2	1	308	1540	1231	2.73e-155	549
c8bf6d07-a822-4cc6-a41e-dab35b41f7eb	gb:MH502085|Organism:Influenza	98.305	118	2	0	299	416	118	1	1.89e-52	207
