a9192a35-ad4a-4583-a29b-225a5eb643ec	gb:MT824798|Organism:Influenza	97.827	2347	33	9	90	2424	1	2341	0.0	4036
1c6420d5-f3bc-4b4a-8c9a-8bcfac046e34	gb:MT824798|Organism:Influenza	97.616	2349	41	11	96	2437	1	2341	0.0	4013
3d3e0532-620e-441a-be04-2c98692fd44d	gb:MT824798|Organism:Influenza	97.399	2345	38	12	99	2424	1	2341	0.0	3971
1e3f518e-9677-4422-9a11-57b84f3c693b	gb:MT824798|Organism:Influenza	94.877	2362	61	42	99	2421	1	2341	0.0	3637
007e3ae4-4e26-44a2-bac9-88311cc52bb1	gb:MT824798|Organism:Influenza	96.846	2346	49	20	90	2415	2341	1	0.0	3899
b62147f4-7db4-4b71-bb1a-01217f6018b1	gb:MT824798|Organism:Influenza	98.037	2343	35	10	97	2430	2341	1	0.0	4061
302e5a8f-2e3a-4f06-9928-3cf2c63ab4f7	gb:MT824798|Organism:Influenza	97.529	2347	42	11	118	2454	1	2341	0.0	3999
2f76ed0d-c404-44f5-a9ad-f19408e1d8c4	gb:MT824798|Organism:Influenza	97.741	2346	39	11	90	2426	1	2341	0.0	4026
aa6f71d2-45d9-4051-8829-aeb96c96294d	gb:MT824798|Organism:Influenza	86.861	2405	181	114	109	2446	2341	5	0.0	2566
6d6ca58d-2a32-4295-9d31-bbdeeb079a7c	gb:MT824798|Organism:Influenza	94.588	2365	73	41	91	2424	1	2341	0.0	3607
2b7bea3c-7b19-43ee-9d2f-db59d30f6fd1	gb:MT824798|Organism:Influenza	94.259	2369	77	43	93	2430	2341	1	0.0	3567
adb6d209-4f6b-4532-9ab4-222825664c15	gb:MT824798|Organism:Influenza	91.737	2360	97	68	101	2381	2341	1	0.0	3188
3668826f-8b78-4941-9c17-3b36a368915b	gb:MT824798|Organism:Influenza	95.455	2354	69	32	665	2993	1	2341	0.0	3720
501ae54d-fe12-4a84-91cf-921ea68a6b14	gb:MT824798|Organism:Influenza	97.445	2348	42	14	98	2434	2341	1	0.0	3988
3c61fafb-5a65-4414-9de2-fc5a77d30471	gb:MT824798|Organism:Influenza	97.275	2349	42	18	119	2453	1	2341	0.0	3964
50afa6d7-8bd2-42e9-9bf5-3b0ae6241561	gb:MT824798|Organism:Influenza	97.739	2344	42	8	90	2425	2341	1	0.0	4024
5790c45b-7574-4c4b-9e6b-83cd301ba8e5	gb:MT824798|Organism:Influenza	97.825	2345	39	8	92	2428	2341	1	0.0	4037
39a3f50e-3b29-4045-8c91-62ecaf815b09	gb:MT824798|Organism:Influenza	97.782	2344	38	11	93	2425	1	2341	0.0	4028
562634d1-cf40-4dd0-bf3e-3ff11c61f6a9	gb:MT824798|Organism:Influenza	97.786	2349	41	7	83	2428	1	2341	0.0	4039
ea33d178-5b25-4c31-a25b-25c68988d9fc	gb:MW872139|Organism:Influenza	98.878	624	3	2	688	1307	890	267	0.0	1110
ea33d178-5b25-4c31-a25b-25c68988d9fc	gb:MW872139|Organism:Influenza	96.640	506	6	7	1301	1798	388	890	0.0	830
ce4c5fe6-0392-4c79-b48b-2825c4e39796	gb:MT824798|Organism:Influenza	97.106	2350	49	15	94	2433	1	2341	0.0	3945
67b6b81c-976b-4e7c-b2a3-bbc7751638e6	gb:MT824798|Organism:Influenza	95.844	2358	68	23	98	2442	1	2341	0.0	3784
f48fb865-2663-4fdc-ba7b-1d2a6578e430	gb:MT824798|Organism:Influenza	97.783	2345	36	14	99	2431	2341	1	0.0	4028
4bda7641-7f5d-41fd-90e6-643334ebce66	gb:MT824798|Organism:Influenza	96.380	2348	59	16	93	2421	1	2341	0.0	3842
4f02f6c1-51df-4611-a4a4-05c9383dd533	gb:MH546879|Organism:Influenza	94.302	895	25	17	1147	2024	890	5	0.0	1347
6ac15097-11d5-4dbf-b02d-f4751cc757ec	gb:MT824798|Organism:Influenza	94.454	2362	76	41	87	2414	1	2341	0.0	3585
5cb0e2af-f589-4bf2-b973-d71c54cf971b	gb:MT824798|Organism:Influenza	97.569	2345	44	11	91	2426	2341	1	0.0	4002
bd1ea2b2-1831-4741-b435-2d1027741fa9	gb:MT824798|Organism:Influenza	95.218	2363	72	34	87	2430	1	2341	0.0	3699
