df8d3750-be9a-40f0-9925-77047bbd82f1	gb:MH546879|Organism:Influenza	97.200	893	18	6	702	1590	890	1	0.0	1504
bfe2e3eb-6819-42fc-8f37-a795300464ce	gb:MW872189|Organism:Influenza	98.929	1027	6	3	697	1718	1027	1	0.0	1831
a5773fa5-677f-4182-bf3f-175e2e881436	gb:MK995698|Organism:Influenza	98.429	891	9	4	1875	2761	1	890	0.0	1563
3cf77a16-14a6-4054-9a63-27a70ac4cc97	gb:MH637219|Organism:Influenza	96.847	888	18	10	1254	2135	884	1	0.0	1476
73297c33-2894-456b-9235-8d376cdb8aff	gb:MW872189|Organism:Influenza	96.926	1041	15	9	1233	2270	1	1027	0.0	1729
16c2d92b-7024-4d2e-8688-5c12603f0f84	gb:MH637219|Organism:Influenza	97.732	882	8	6	4529	5402	1	878	0.0	1507
16c2d92b-7024-4d2e-8688-5c12603f0f84	gb:MH637219|Organism:Influenza	96.648	895	14	9	3482	4369	886	1	0.0	1472
16c2d92b-7024-4d2e-8688-5c12603f0f84	gb:MH637219|Organism:Influenza	96.970	33	1	0	1492	1524	33	1	3.89e-05	56.5
04d5fe57-1b9d-4afa-947e-0cc4e7edde35	gb:MT825055|Organism:Influenza	98.445	1029	11	4	1850	2875	1	1027	0.0	1807
e9f286ca-2980-44b4-8019-4592ba37ff91	gb:MK236956|Organism:Influenza	94.211	1572	65	22	1307	2863	1	1561	0.0	2375
47ec2992-4d22-4a9b-b906-acb2a9f9d0a1	gb:MW872189|Organism:Influenza	96.996	1032	21	10	1322	2348	1	1027	0.0	1725
53a9e2f8-1b67-4c03-8757-cedf9ba97545	gb:MK236956|Organism:Influenza	95.457	1563	49	17	1250	2792	1	1561	0.0	2473
df9a3d75-a2cc-4e07-9474-a6054974bcd2	gb:MH412413|Organism:Influenza	99.216	1021	4	3	1413	2429	1025	5	0.0	1838
23465d74-deef-4567-8860-fd0e2e19c80e	gb:MH546879|Organism:Influenza	98.208	893	10	2	686	1575	1	890	0.0	1555
abe76ced-6a71-4d26-9238-844f4b2e97db	gb:MW872189|Organism:Influenza	97.864	1030	14	5	412	1436	1	1027	0.0	1773
ec4828f2-d4e9-478e-bcdd-6cfb2e584eeb	gb:MW872139|Organism:Influenza	97.640	339	1	6	1280	1612	890	553	5.62e-162	575
c75393ba-09db-4e31-b984-5f978a361bdc	gb:MH546879|Organism:Influenza	96.188	892	24	9	1850	2733	890	1	0.0	1450
895c7f17-6f67-46de-9eb4-eaf88e23d076	gb:KR077968|Organism:Influenza	87.719	114	6	8	700	810	890	782	3.97e-27	126
d2808f72-d4b3-4ac9-958e-9d5b34a7a3ac	gb:MW872189|Organism:Influenza	91.420	1049	35	37	1628	2648	1022	1	0.0	1387
e3d90415-3ed4-4a4a-9838-310f67b68803	gb:MW872189|Organism:Influenza	96.124	1032	24	14	1260	2280	1	1027	0.0	1670
d86944ec-d28a-4a5a-997d-bd0c8e763d22	gb:MW872189|Organism:Influenza	98.547	1032	9	3	677	1707	1027	1	0.0	1818
7d376b75-c791-4117-b2e0-4d27717b83c1	gb:MW875018|Organism:Influenza	95.517	870	22	16	1311	2173	860	1	0.0	1375
aec7af98-3375-453b-a92a-6bf8badc4ea7	gb:MH546879|Organism:Influenza	98.204	891	11	5	696	1582	890	1	0.0	1552
bae13d6c-1b6e-422e-9e6a-837306b54cd2	gb:MW872189|Organism:Influenza	96.793	1029	19	10	672	1688	1	1027	0.0	1705
bf1beace-7264-40cf-bbc1-70eb40f33d9b	gb:MK995698|Organism:Influenza	97.643	891	15	5	647	1532	1	890	0.0	1524
1938cfdb-2933-4dec-96d7-a8e82324f4c6	gb:MK995698|Organism:Influenza	98.655	892	9	3	813	1703	890	1	0.0	1578
6b2d2b5f-f0ef-445a-9709-be30bdeebc6f	gb:MK995821|Organism:Influenza	91.473	903	38	29	1291	2172	1	885	0.0	1205
39adf798-dbec-4255-acc8-75bc6b447307	gb:MK995698|Organism:Influenza	96.433	897	11	18	664	1546	1	890	0.0	1459
11c7f7a2-cc50-4cc9-90b4-3cfb15eb911f	gb:MW872189|Organism:Influenza	98.737	1029	7	4	1328	2352	1027	1	0.0	1823
951a674f-ec01-4cf9-9cb9-8a3a58dee150	gb:MK913496|Organism:Influenza	93.548	124	6	2	699	820	1	124	6.35e-44	183
7192def9-7ee1-4738-bb90-45420398db6e	gb:MW872189|Organism:Influenza	98.056	1029	8	5	1873	2891	1027	1	0.0	1779
18efcd2c-4fd9-4122-9b16-e4326809a5d8	gb:MW872189|Organism:Influenza	98.735	1028	8	3	696	1719	1027	1	0.0	1821
57ca00f8-94ef-43ef-8fa2-07b6c1e6fb34	gb:MH546879|Organism:Influenza	97.987	894	7	5	1282	2168	1	890	0.0	1541
2d9c3559-0400-47a6-a53f-a8dfd337c70c	gb:MK995698|Organism:Influenza	95.991	898	17	17	711	1600	1	887	0.0	1441
9a1e991d-b47f-4fee-b03e-f7e169b1d467	gb:MT825055|Organism:Influenza	96.705	1032	11	18	1257	2270	1	1027	0.0	1696
fbc76c65-94ce-41f8-83b6-c8faec6733da	gb:MK326785|Organism:Influenza	97.493	359	5	3	608	965	672	1027	1.02e-172	610
6f20e622-3a27-43d4-9c87-20bd604760f9	gb:MW872189|Organism:Influenza	94.461	1029	32	16	649	1654	1027	1	0.0	1561
e1cf33d1-9a8f-4c99-b851-633537984764	gb:MT824898|Organism:Influenza	96.973	892	15	7	685	1566	890	1	0.0	1487
36739cd6-decd-4fde-964d-6aa8ac13bffd	gb:MH546879|Organism:Influenza	96.329	899	20	9	690	1584	1	890	0.0	1465
0662c651-f296-4390-9b38-68c60ac45867	gb:MT824898|Organism:Influenza	98.315	890	12	3	707	1593	890	1	0.0	1557
21e0f277-cf76-4512-9dbf-cb4a5766e47a	gb:MH546879|Organism:Influenza	97.654	895	13	7	1291	2182	890	1	0.0	1530
48de588b-590f-4fe5-b389-4eb2fc25ca8f	gb:MT824898|Organism:Influenza	96.970	891	19	5	771	1654	890	1	0.0	1489
ac59a408-c781-44de-bf73-f41225c6e849	gb:MT824898|Organism:Influenza	94.327	899	29	20	693	1578	1	890	0.0	1358
c966309e-0e0b-4f83-a85c-f02a3891142e	gb:MH546879|Organism:Influenza	95.460	903	24	14	1740	2638	890	1	0.0	1424
c966309e-0e0b-4f83-a85c-f02a3891142e	gb:MH546879|Organism:Influenza	95.341	880	20	18	708	1575	20	890	0.0	1378
10711431-18e2-4c67-9b78-334d5e990ca8	gb:MT818944|Organism:Influenza	95.312	896	26	15	749	1634	1	890	0.0	1408
54db7bdb-a020-4d2d-a7d8-f375a819d3c6	gb:MH546879|Organism:Influenza	97.419	891	11	7	696	1575	890	1	0.0	1507
25a7b835-3867-4a8a-89e5-e2083bb8285f	gb:MH546879|Organism:Influenza	94.849	893	26	14	1159	2034	1	890	0.0	1376
5974b1a5-15fa-4c0d-beab-bb0d3a197b3c	gb:MH546879|Organism:Influenza	97.765	895	5	6	1336	2220	1	890	0.0	1528
b31322d2-984f-41ce-96e2-f634747fa233	gb:KY990767|Organism:Influenza	96.843	887	12	13	675	1547	885	1	0.0	1469
f3372d80-225a-4c70-b61f-31b589825e53	gb:MH412413|Organism:Influenza	97.573	1030	8	12	1884	2901	1	1025	0.0	1748
388f9a7c-30b3-46e6-b642-f3bc8767c1c5	gb:MT825055|Organism:Influenza	98.637	1027	8	4	595	1615	1	1027	0.0	1814
2c0c1a45-45bf-4cd3-9feb-c3357fde5d01	gb:MT824898|Organism:Influenza	98.434	894	10	3	682	1575	890	1	0.0	1570
d1feb68b-de9c-4412-987c-5f0e3cec897e	gb:MT824898|Organism:Influenza	96.409	891	17	11	677	1553	1	890	0.0	1454
0b2bfcb6-44ab-41b6-af61-5bcf89b57286	gb:MW872189|Organism:Influenza	98.444	1028	12	4	693	1717	1	1027	0.0	1807
23618bff-8e87-46ee-a205-484bcce133f4	gb:MW872189|Organism:Influenza	98.442	1027	11	4	696	1717	1	1027	0.0	1803
c0c1e40c-3039-4215-85de-679af75544e4	gb:MK995698|Organism:Influenza	97.088	893	20	6	1357	2246	1	890	0.0	1500
e35021cd-f206-408c-88eb-545e8685495d	gb:MH546879|Organism:Influenza	96.872	895	13	15	2708	3592	1	890	0.0	1483
cea132b4-357b-4cdc-b396-430d46f401da	gb:MN783496|Organism:Influenza	90.427	2340	144	58	681	2969	2313	3	0.0	3007
3ed7af86-ac72-466c-aa2f-31d7fdd717b2	gb:MT566156|Organism:Influenza	98.962	289	2	1	1430	1717	289	1	3.40e-144	516
1c0af806-4f83-4507-b2f1-27a29fc6ab29	gb:MH546879|Organism:Influenza	96.413	892	21	10	669	1551	1	890	0.0	1459
9673b632-c230-4617-bd27-d0dad6e940f7	gb:MH546879|Organism:Influenza	97.427	894	10	12	2699	3583	890	1	0.0	1511
9673b632-c230-4617-bd27-d0dad6e940f7	gb:MH546879|Organism:Influenza	97.082	891	16	7	1090	1971	1	890	0.0	1493
e8bbc7ca-be65-4b84-8c60-24f1b46d7570	gb:OL416395|Organism:Influenza	94.930	355	12	6	655	1006	356	5	6.44e-155	551
5d0e68b2-9884-4907-ac9c-557134edabaa	gb:MH546879|Organism:Influenza	96.976	893	18	8	673	1559	890	1	0.0	1491
75e6d3b7-a477-482c-b05a-1686ea519b5f	gb:MT824898|Organism:Influenza	97.980	891	15	2	673	1561	1	890	0.0	1543
2674aa0b-027c-4099-a4de-582971be7efb	gb:MW872189|Organism:Influenza	99.222	1028	6	2	674	1700	1027	1	0.0	1853
e3f2eff7-df6f-4cf7-8393-c1d8e52384cb	gb:MW872189|Organism:Influenza	97.384	1032	13	11	708	1730	1027	1	0.0	1744
c1b78f55-ace9-4c15-9270-d48e8b10a343	gb:MH546879|Organism:Influenza	97.422	892	10	12	690	1570	890	1	0.0	1507
30c1099e-a50d-4f26-ac72-eb65f84a118a	gb:MW872189|Organism:Influenza	94.360	461	7	6	1226	1674	1027	574	0.0	689
4b44edf4-65dc-4c8e-aa6e-95cf1ec9d345	gb:MH412413|Organism:Influenza	99.219	1024	7	1	1876	2899	3	1025	0.0	1845
32601700-c796-4079-8f87-a3fea7c6159c	gb:MH546879|Organism:Influenza	98.541	891	8	3	699	1585	1	890	0.0	1568
7014921c-7638-4ebd-a0d5-7dd7e49c234c	gb:MW872189|Organism:Influenza	98.545	1031	7	6	712	1738	1027	1	0.0	1814
cd7aaa7b-1ac1-4860-a327-15fac4d00ecd	gb:MT565522|Organism:Influenza	96.250	320	9	3	1391	1708	1565	1247	7.72e-146	521
cd7aaa7b-1ac1-4860-a327-15fac4d00ecd	gb:MT565522|Organism:Influenza	99.187	123	0	1	1714	1836	122	1	3.15e-55	220
461a304e-0f15-4175-ab53-77c3760f3346	gb:HM370970|Organism:Influenza	100.000	292	0	0	1286	1577	736	1027	2.93e-151	540
9e4441da-12a1-4e4d-bf28-d6bf96bbfbe0	gb:MH546879|Organism:Influenza	97.092	894	18	8	700	1589	1	890	0.0	1500
b4506170-50d3-4239-992d-e5bbeb3e67f8	gb:MW872189|Organism:Influenza	99.127	1031	5	2	679	1709	1	1027	0.0	1851
bc8ff089-1602-4898-b872-737aa67f253e	gb:MK995698|Organism:Influenza	96.529	893	18	10	703	1585	890	1	0.0	1465
a64a1eeb-d1fb-42f6-a445-2b91a65b4210	gb:MW872189|Organism:Influenza	99.026	1027	6	2	687	1709	1027	1	0.0	1838
a272ebcc-3e5c-4ce3-aec6-c467be0b0cef	gb:MK861134|Organism:Influenza	94.737	399	10	8	669	1059	1015	620	1.07e-172	610
1c0bf00e-a183-4310-8ec2-64b86cce8430	gb:MH546879|Organism:Influenza	97.088	893	13	6	705	1587	890	1	0.0	1493
41fc945d-2255-41bc-b80e-00879e690be0	gb:MT825055|Organism:Influenza	98.060	1031	12	7	666	1692	1	1027	0.0	1786
5ca80226-2b1b-446c-862e-3c3e35703792	gb:MW872189|Organism:Influenza	97.967	1033	11	8	2920	3948	1	1027	0.0	1783
80b52c84-1211-4039-b92a-7fd522bb76b7	gb:MK237106|Organism:Influenza	94.118	323	9	8	663	975	1561	1239	4.56e-134	483
80b52c84-1211-4039-b92a-7fd522bb76b7	gb:MK237106|Organism:Influenza	92.063	126	9	1	966	1090	126	1	8.68e-42	176
0e5e2520-8dea-48cd-a6d5-dfbc505b1d28	gb:MH412413|Organism:Influenza	98.445	1029	11	4	711	1738	1025	1	0.0	1807
8bad0f13-e17d-4f8f-81ce-4979c217159d	gb:MT565680|Organism:Influenza	98.348	1029	10	7	668	1691	1	1027	0.0	1799
fc5f4aa0-ccf3-4acf-aa6b-687b5cb61235	gb:MK830107|Organism:Influenza	94.302	895	35	11	685	1568	1	890	0.0	1356
0f9ab7d1-917a-4934-bff7-9076b90a9871	gb:MH546879|Organism:Influenza	97.315	894	16	8	1284	2173	1	890	0.0	1511
9f232282-7b87-40d7-8e08-809bd61304f0	gb:MH546879|Organism:Influenza	97.306	891	17	6	1538	2422	890	1	0.0	1506
bcf5a3f4-80e7-4cc3-8a21-9f373a4ab50d	gb:MH546879|Organism:Influenza	95.969	893	26	7	721	1606	1	890	0.0	1441
68865f6a-8bcd-4baf-b0cc-ecb527f2c735	gb:KJ413452|Organism:Influenza	92.795	347	13	10	694	1035	2299	1960	5.60e-137	492
ce47e543-5fed-4872-a695-1ca58f66052c	gb:MH412413|Organism:Influenza	99.123	1026	4	3	645	1666	1	1025	0.0	1840
5e2949eb-4364-42d3-a3fe-b3f5b5163188	gb:MT824898|Organism:Influenza	95.179	892	28	14	671	1549	890	1	0.0	1395
7786b224-d700-41a1-abbc-73cf140da594	gb:MH637219|Organism:Influenza	93.237	902	32	20	695	1584	885	1	0.0	1301
809adb4e-da91-4a70-834b-e33818990253	gb:MH546879|Organism:Influenza	95.517	870	24	12	725	1580	873	5	0.0	1376
c1c5eed7-e0a2-48ae-bbc4-7fd0c89c551b	gb:MT825055|Organism:Influenza	95.745	1034	21	16	1283	2300	1027	1	0.0	1644
c007a070-7a70-41e2-b978-074039f9abaa	gb:MH546879|Organism:Influenza	99.326	890	5	1	694	1582	1	890	0.0	1609
04293691-53f3-471a-b3db-5c350e60926b	gb:MH546879|Organism:Influenza	96.753	893	14	12	707	1587	1	890	0.0	1474
8789560f-6269-4309-a5a9-7b34d1365f2e	gb:MH546879|Organism:Influenza	98.094	892	12	5	672	1560	890	1	0.0	1548
91a32e12-9227-4649-a106-5e7f5cb96be6	gb:MH546879|Organism:Influenza	97.978	890	12	4	701	1584	1	890	0.0	1539
8901bb89-7bf4-4baf-84fc-67f36e38b618	gb:MH637219|Organism:Influenza	97.410	888	13	8	2917	3797	885	1	0.0	1504
8901bb89-7bf4-4baf-84fc-67f36e38b618	gb:MH637219|Organism:Influenza	77.176	517	94	22	1899	2401	886	380	9.29e-73	279
005e42b3-9f49-47cc-8641-62433cd80e14	gb:MH546655|Organism:Influenza	88.902	838	47	39	1202	2018	78	890	0.0	990
25b4265a-bfec-469f-9c1d-a704c29fa2ec	gb:MK995698|Organism:Influenza	98.316	891	11	4	660	1547	890	1	0.0	1559
94177952-fff0-4d26-a444-274f65df72f5	gb:MH546879|Organism:Influenza	98.204	891	9	6	687	1571	890	1	0.0	1550
8a23bdf3-ab83-4f93-ba53-f88a9c460c21	gb:MW872189|Organism:Influenza	99.124	1027	9	0	2769	3795	1027	1	0.0	1847
8a23bdf3-ab83-4f93-ba53-f88a9c460c21	gb:MW872189|Organism:Influenza	98.639	1029	8	6	3954	4978	1027	1	0.0	1818
8a23bdf3-ab83-4f93-ba53-f88a9c460c21	gb:MW872189|Organism:Influenza	97.668	1029	21	3	8291	9318	1	1027	0.0	1764
96668bb7-6921-415b-8abd-3d3a7b2105ba	gb:MK995698|Organism:Influenza	96.429	896	16	9	696	1581	890	1	0.0	1463
eeb7d528-480c-410a-b161-e49391cecb12	gb:MW872189|Organism:Influenza	93.907	1034	31	28	668	1676	1027	1	0.0	1531
4d59fff7-f2cd-4189-a9ad-3f0ae10e3bd3	gb:MW872189|Organism:Influenza	96.999	1033	12	11	692	1711	1	1027	0.0	1718
3f65b316-9d34-4959-9466-22aca35b510c	gb:HM370970|Organism:Influenza	96.918	292	2	7	679	963	736	1027	3.09e-134	483
8e08ab64-56ec-48a0-8fbd-8a013748a648	gb:MW872189|Organism:Influenza	98.542	1029	8	7	688	1711	1	1027	0.0	1810
5beacc5a-0d0f-406f-850a-6ecbbf19a127	gb:MH412413|Organism:Influenza	95.367	1036	26	19	873	1897	1	1025	0.0	1628
e60f5939-8369-410f-bf51-79d39d25910d	gb:MK995698|Organism:Influenza	95.907	904	15	16	701	1596	1	890	0.0	1445
52c34568-3266-40d3-9e4b-6ed6b09a10c2	gb:MT565522|Organism:Influenza	98.142	323	3	3	818	1137	1243	1565	1.90e-157	560
52c34568-3266-40d3-9e4b-6ed6b09a10c2	gb:MT565522|Organism:Influenza	96.923	130	4	0	698	827	1	130	1.32e-54	219
5be2d731-c581-4f92-b3e6-9a5eabe146f1	gb:MH546879|Organism:Influenza	98.765	891	9	2	1991	2880	890	1	0.0	1583
a5ba6d92-09ff-4c4b-b13d-24f5021f9bb8	gb:MW872189|Organism:Influenza	93.404	1031	38	25	683	1696	1	1018	0.0	1500
65ac523b-3b4a-4db8-8c0c-c4e48d6ed2b5	gb:MH412413|Organism:Influenza	96.501	1029	20	11	705	1721	1025	1	0.0	1687
df489a39-ce7e-4942-b4fd-541218fe9a0a	gb:MT825055|Organism:Influenza	96.796	1030	19	12	701	1719	1027	1	0.0	1707
526043d8-cd40-4f98-93b1-3563efbc0fa7	gb:MH546879|Organism:Influenza	96.648	895	15	12	2045	2929	890	1	0.0	1472
adde729e-ea4c-49b8-a2ab-b78780707255	gb:MH068657|Organism:Influenza	94.036	1442	62	18	1926	3348	1	1437	0.0	2165
a8140786-fab2-4866-a140-f1d86f56bb10	gb:MT825055|Organism:Influenza	97.957	1028	14	6	2898	3919	1027	1	0.0	1775
db89cfa0-8071-4b49-95b8-0b839f715e77	gb:MH412413|Organism:Influenza	98.247	1027	10	6	2507	3527	1025	1	0.0	1790
58098df9-6f23-4ae9-9955-abf423aaeafa	gb:MK913496|Organism:Influenza	97.059	1462	34	8	1291	2744	1	1461	0.0	2453
b5917aed-d75f-4954-b8de-cccedc1e7c7e	gb:MT824898|Organism:Influenza	98.429	891	12	2	1720	2609	1	890	0.0	1567
b5917aed-d75f-4954-b8de-cccedc1e7c7e	gb:MT824898|Organism:Influenza	72.747	910	207	36	685	1573	1	890	1.47e-69	268
