8dade796-2cdb-4186-98c8-23812653344c	gb:MT824898|Organism:Influenza	98.652	890	9	1	701	1587	890	1	0.0	1574
e4419b1e-2087-41d3-8d5a-0eda61536598	gb:MH546879|Organism:Influenza	99.101	890	7	1	3785	4673	1	890	0.0	1598
e4419b1e-2087-41d3-8d5a-0eda61536598	gb:MH546879|Organism:Influenza	97.534	892	13	7	2162	3046	890	1	0.0	1517
4590d447-c66f-480a-b09f-c18bf5b895c4	gb:MH546879|Organism:Influenza	94.878	898	26	12	681	1566	1	890	0.0	1386
775b66ef-253f-4a36-9043-3181b8ffd654	gb:MK995698|Organism:Influenza	96.865	893	16	10	834	1717	1	890	0.0	1483
35d474d6-1165-46f8-9055-c64990d5e59f	gb:MT565522|Organism:Influenza	97.546	326	5	3	1648	1973	1243	1565	8.06e-156	555
35d474d6-1165-46f8-9055-c64990d5e59f	gb:MT565522|Organism:Influenza	97.692	130	3	0	1528	1657	1	130	2.58e-56	224
59631d18-e8da-40d2-b57f-704d2b35281b	gb:MH546879|Organism:Influenza	99.326	890	6	0	728	1617	1	890	0.0	1611
e32db6ab-5eab-41a0-87da-f8d25586b6d7	gb:MN253728|Organism:Influenza	96.993	1031	19	10	698	1720	1	1027	0.0	1722
e7571602-b3aa-4146-8b7e-5bd0fa1c0742	gb:MW872189|Organism:Influenza	98.735	1028	9	3	1723	2747	1027	1	0.0	1823
b0e52b1f-466c-4e57-8ccf-a4e7193b3dcf	gb:MT825070|Organism:Influenza	96.237	1568	37	19	1284	2838	7	1565	0.0	2549
fa3b4223-033f-4a0d-b073-c63c27465e9f	gb:MH546879|Organism:Influenza	87.403	905	47	44	1566	2425	5	887	0.0	977
a424a026-b764-416d-8af3-84ace7145ee7	gb:MH546879|Organism:Influenza	97.870	892	12	7	310	1196	890	1	0.0	1535
2ce50ee2-aa94-41ad-bf4b-528180114f45	gb:MT824898|Organism:Influenza	97.755	891	11	7	271	1153	890	1	0.0	1526
71ae24d0-9632-4677-8cea-e81e6a6093df	gb:MH412413|Organism:Influenza	94.369	1030	30	23	713	1719	1025	1	0.0	1555
8c0f8339-da97-456b-aa87-61cad46b6ef5	gb:MT824898|Organism:Influenza	93.326	899	28	29	723	1598	890	1	0.0	1299
8ba062ae-61e5-4361-b9d1-6868db9c5f75	gb:MH412413|Organism:Influenza	98.246	1026	8	9	667	1683	1	1025	0.0	1786
0327be0d-f2f3-42a7-b5a0-1c1a81043c87	gb:MH546879|Organism:Influenza	94.772	899	27	19	2171	3058	890	1	0.0	1382
9ee7b7f9-ff94-4213-a2b3-56d1d8dfb8d5	gb:MH546879|Organism:Influenza	98.764	890	8	2	674	1560	1	890	0.0	1580
7b76a677-9ffb-4263-8f1b-8ec46f13b5d8	gb:MH546879|Organism:Influenza	97.770	897	8	7	696	1587	1	890	0.0	1535
9b89e56b-b91c-4564-b64e-e16b425dfdc4	gb:MT824898|Organism:Influenza	97.197	892	18	6	1454	2340	1	890	0.0	1502
d30d9e88-b8a4-459b-91f0-5ba52d49e082	gb:MW872189|Organism:Influenza	98.539	1027	9	3	1193	2213	1027	1	0.0	1808
f7b5e49e-2f72-40db-94f8-e13c90904784	gb:MW872189|Organism:Influenza	96.146	1038	18	17	924	1950	1	1027	0.0	1676
faec7031-9008-4e30-b971-5352c3996098	gb:MT818724|Organism:Influenza	98.353	1032	12	3	635	1666	1	1027	0.0	1807
11514ff5-2b5c-4c6b-ae3d-5eb5e868bd4d	gb:HM370970|Organism:Influenza	97.270	293	4	4	684	973	1027	736	1.10e-137	494
a49554c3-38ae-42e8-a088-d91ce0defe54	gb:MH546879|Organism:Influenza	93.131	888	29	26	1637	2501	12	890	0.0	1273
faa1fe21-e4fd-456f-8239-6833ccac0d5c	gb:MT824898|Organism:Influenza	97.640	890	13	5	707	1588	1	890	0.0	1520
9c03cf06-bce1-44be-a980-6020eff9212b	gb:MH412413|Organism:Influenza	98.932	1030	3	7	973	1999	1025	1	0.0	1834
9c5a4a1d-c5c2-4566-89e2-62cd07d1cd1d	gb:MH546879|Organism:Influenza	97.422	892	12	9	703	1585	1	890	0.0	1509
dc4686d3-f7fa-4230-847f-94741698101d	gb:MH546879|Organism:Influenza	98.208	893	9	7	735	1623	890	1	0.0	1554
0501c0f0-45bf-4ca1-ba33-2759f48add56	gb:MK995798|Organism:Influenza	97.718	2235	37	10	1727	3949	2233	1	0.0	3832
8532bd0b-3831-4049-aeb5-b6e737999318	gb:MH412413|Organism:Influenza	99.025	1026	6	4	677	1699	1	1025	0.0	1836
02c9bfc2-77bc-42f5-9519-2a2373003bd2	gb:MT825070|Organism:Influenza	98.406	1568	19	6	1303	2867	1565	1	0.0	2752
22255f68-ab80-4085-8e52-bfc372a62e9d	gb:MT824898|Organism:Influenza	98.090	890	13	3	275	1160	1	890	0.0	1546
fadb7aca-25ef-480c-88ab-6678530c4232	gb:MK236956|Organism:Influenza	96.097	1563	46	13	2182	3731	1	1561	0.0	2534
1e33eb70-ced9-4088-8fb1-629e68ca6ca0	gb:MH546879|Organism:Influenza	97.534	892	15	4	3222	4108	890	1	0.0	1519
8284bd95-a081-42b4-a66d-02725cf37ef1	gb:MW872166|Organism:Influenza	95.147	2349	78	27	1910	4230	1	2341	0.0	3674
9a4461ec-e167-4335-b452-a112670ef55c	gb:MW872189|Organism:Influenza	99.318	1027	7	0	1302	2328	1027	1	0.0	1858
2de1211d-9026-42f5-a5e7-a1b0164b261f	gb:MK913496|Organism:Influenza	95.566	1466	42	20	895	2342	1	1461	0.0	2326
c65026ca-2a22-451d-9f73-1fc3eb5bb39a	gb:MH546879|Organism:Influenza	98.876	890	7	2	1920	2806	1	890	0.0	1585
f66247b4-a1e7-4edf-9db5-dde0f66707d1_2	gb:CY014884|Organism:Influenza	87.097	62	3	3	25	86	893	837	4.15e-09	65.8
83a7e075-e336-4fd9-be79-6cfe8aa8b378	gb:MH546879|Organism:Influenza	97.980	891	12	3	1299	2184	1	890	0.0	1541
