18a2d1e2-e850-4a71-8cdd-97b3fe261016	gb:MW872166|Organism:Influenza	96.262	2354	57	28	89	2424	2341	1	0.0	3831
02f66d57-ce56-46cf-bc73-6b3062e6a21e	gb:MK236956|Organism:Influenza	97.380	1565	34	7	95	1656	1	1561	0.0	2656
15a8876d-be09-4305-a7b3-c94fc4c53167	gb:MK236956|Organism:Influenza	97.057	1563	38	7	100	1656	1561	1	0.0	2625
94d4be1a-63b5-4ab3-9f6a-689afe65df34	gb:HM370968|Organism:Influenza	97.154	246	5	2	1259	1502	1320	1565	1.19e-113	414
efccb120-a724-49b2-948e-7d1c467519cd	gb:MK995798|Organism:Influenza	96.386	2241	49	17	92	2308	1	2233	0.0	3661
670c76ea-9c97-4d16-9794-e5986cba3be3	gb:MK995798|Organism:Influenza	95.196	2248	65	33	97	2316	2233	1	0.0	3513
b8bf3a2f-69a5-431f-8339-267073c7d1a1	gb:MK236956|Organism:Influenza	94.864	1577	55	18	101	1667	1561	1	0.0	2440
c5b00564-7489-466f-a3a0-d51bf14c64c2	gb:CY203855|Organism:Influenza	86.525	1462	134	48	111	1546	1428	4	0.0	1550
ec9cab3a-1ec8-4f31-bf67-0a3dc060e3af	gb:MW872166|Organism:Influenza	96.337	2348	54	25	95	2417	1	2341	0.0	3831
d79e006a-aa8a-4a2e-af79-38011b8a3b67	gb:MW872166|Organism:Influenza	97.356	2345	54	7	95	2435	2341	1	0.0	3980
54634227-faa3-4286-9eab-8b96bd62700a	gb:MK236956|Organism:Influenza	93.086	1591	58	42	89	1658	1560	1	0.0	2281
0aa257cd-3922-4ca4-b916-c1a67b2972a8	gb:MW872166|Organism:Influenza	96.003	2352	65	20	92	2425	1	2341	0.0	3795
f7ebee41-db7f-429d-bdb5-33f77df8ba6e	gb:MW872166|Organism:Influenza	98.036	2342	44	2	98	2438	1	2341	0.0	4069
682f9bfd-d295-4c8f-8bb8-f2c6d01807b1	gb:MK236956|Organism:Influenza	96.053	1571	42	15	100	1660	1561	1	0.0	2540
7b855670-871e-49cc-9d7b-8cbce1c142bf	gb:CY140494|Organism:Influenza	86.819	1578	118	68	101	1626	1540	1	0.0	1679
56a7f610-00eb-4808-9d31-8bd89f8e547e	gb:MK236956|Organism:Influenza	95.663	1568	42	21	101	1649	1	1561	0.0	2495
3c48ba4e-af51-45b3-a889-cbadfa688677	gb:MK236956|Organism:Influenza	93.127	1586	55	44	96	1652	1561	1	0.0	2276
8b2a95b3-6783-42e4-a4fd-95056fbff3d3	gb:MW872166|Organism:Influenza	97.737	2342	48	4	90	2427	2341	1	0.0	4026
673f1ad4-a1e0-4ae3-a10b-cbbfb42c8bd7	gb:MW872166|Organism:Influenza	95.711	2355	64	29	98	2429	1	2341	0.0	3755
6cef638f-3060-476a-909b-a1fe1d29f09a	gb:MK236956|Organism:Influenza	89.747	1580	100	52	94	1630	1	1561	0.0	1964
791da9e1-4edc-441d-89ce-7fddee907f02	gb:MW872166|Organism:Influenza	96.017	2335	56	26	139	2444	15	2341	0.0	3762
162e370f-3afa-4e01-a02b-51468ebd20b5	gb:MT824673|Organism:Influenza	97.457	1455	28	5	91	1538	1	1453	0.0	2473
f6c13a3a-2918-4e51-a805-e58eabe66d97	gb:MW872166|Organism:Influenza	96.053	2356	61	25	88	2426	1	2341	0.0	3807
297cb39a-30d6-4729-ab24-4b559e7cc56f	gb:MW872166|Organism:Influenza	94.053	2371	76	47	90	2425	1	2341	0.0	3537
73dd09cf-b2b7-4f0d-9a90-40992acd6cba	gb:MW872166|Organism:Influenza	95.293	2358	69	34	94	2429	2338	1	0.0	3701
c50e2779-cc10-4414-b84d-c1ac7b44bd25	gb:MW872166|Organism:Influenza	96.336	2347	53	23	92	2411	2341	1	0.0	3827
72ffdf46-9426-4562-9474-174981959194	gb:MW872166|Organism:Influenza	96.892	2349	51	17	94	2428	1	2341	0.0	3914
79297cfd-5e71-46a5-9c02-20fb796a2feb	gb:MK236956|Organism:Influenza	95.338	1566	48	19	102	1647	1561	1	0.0	2464
f6d7a47a-a767-424a-b9da-7853730d0ab8	gb:MW872134|Organism:Influenza	97.721	2238	41	8	96	2328	2233	1	0.0	3842
a5a87ee2-17c1-40eb-879c-3b67f7b6bd5d	gb:MW872166|Organism:Influenza	97.272	2346	48	14	96	2430	1	2341	0.0	3964
84f9f6b0-8f88-498c-8856-0e7b9a015746	gb:MK236956|Organism:Influenza	95.849	1566	43	17	104	1652	1	1561	0.0	2512
3af14bfc-c8d7-4a61-99f2-d665e86ad3c0	gb:MK236956|Organism:Influenza	95.719	1565	45	17	89	1635	1561	1	0.0	2499
9e474824-b6e1-4c38-b2cc-6a34d9b2a6a6	gb:MW872166|Organism:Influenza	97.233	2349	47	11	95	2433	2341	1	0.0	3962
b233931b-b2ed-427a-983e-6a2624f2b6d2	gb:MK236956|Organism:Influenza	97.125	1565	37	7	97	1657	1	1561	0.0	2634
90d64485-b815-437c-ad91-b3f27d0fbd77	gb:MT824673|Organism:Influenza	93.383	1466	47	38	101	1529	1453	1	0.0	2124
38f877e5-4c5b-4410-af3f-6f75ed344b8b	gb:MT824673|Organism:Influenza	95.876	1455	44	14	97	1537	1	1453	0.0	2340
8eb2db94-3be6-4d8e-b0fe-8ea8b59963e0	gb:MW872166|Organism:Influenza	96.351	2357	57	23	88	2431	1	2341	0.0	3849
0a1f6076-1777-4dc5-8ba0-3552372ca34c	gb:MW872134|Organism:Influenza	95.995	2247	58	25	92	2320	2233	1	0.0	3622
12018bce-86af-45d0-82e3-b4177052c597	gb:MK995798|Organism:Influenza	97.764	2236	45	4	93	2326	1	2233	0.0	3847
bbb045c8-a3e9-4bc1-883c-2927a7497f81	gb:MW872166|Organism:Influenza	95.556	2363	66	31	100	2445	1	2341	0.0	3746
ad51ceb5-f91d-42c5-a7d7-a46be277468b	gb:MK236956|Organism:Influenza	97.315	1564	38	4	96	1658	1561	1	0.0	2652
cc9d32a5-fbd8-4af5-ae17-f619f76b8dba	gb:MW872166|Organism:Influenza	97.232	2348	46	14	88	2423	2341	1	0.0	3958
4b60b701-6f3a-406a-9795-b77f9a7cfded	gb:MK236956|Organism:Influenza	95.987	1570	45	14	98	1658	1561	1	0.0	2534
63197a2e-0ba1-46a8-ac38-43a36425cdd8	gb:MW872166|Organism:Influenza	97.235	2351	46	14	94	2435	1	2341	0.0	3964
ec0e74e0-5c2a-45a8-a4d2-d59016958a60	gb:MH501691|Organism:Influenza	92.286	1439	72	26	105	1515	1428	1	0.0	2006
7b1f7cbb-1c7e-4bff-9559-9d1bdac5664e	gb:CY133816|Organism:Influenza	93.591	2325	83	37	114	2390	2307	1	0.0	3408
0c96d520-77c3-415b-a318-26dec103101b	gb:MW872166|Organism:Influenza	95.954	2348	65	23	87	2411	1	2341	0.0	3783
ddc30290-455b-4352-82f8-679923ba7d71	gb:MT824673|Organism:Influenza	98.281	1454	23	2	98	1550	1	1453	0.0	2545
adc2ec5d-fb05-4303-a29d-d31efa53526e	gb:MK236956|Organism:Influenza	93.101	1580	58	37	118	1665	1	1561	0.0	2266
82efa03a-2d3f-40e2-9dd8-3cafde2b6368	gb:MW872166|Organism:Influenza	96.078	2346	58	23	94	2413	1	2338	0.0	3792
95fbfd41-2d4f-4d5b-8386-cbeacb1fc5f9	gb:MW872166|Organism:Influenza	97.780	2342	48	4	95	2433	2341	1	0.0	4034
72b7f433-43f1-4600-850e-1cec1f8894f9	gb:MK236956|Organism:Influenza	97.185	1563	36	7	97	1653	1	1561	0.0	2636
2f17ca66-a1e1-4ddb-9f05-f7fd8d0c775a	gb:MK236956|Organism:Influenza	92.176	1572	74	40	102	1635	1	1561	0.0	2176
b7f10b94-b3c2-418d-b721-2d176e7d4180	gb:MH068670|Organism:Influenza	87.229	2349	175	96	102	2367	1	2307	0.0	2560
424dadf7-f701-4cc8-b0bc-34d4f0446f0c	gb:MT824673|Organism:Influenza	97.394	1458	29	6	94	1547	1	1453	0.0	2473
1e775eb1-ae78-4a1a-91e2-aef641d7a69d	gb:MK236956|Organism:Influenza	94.381	1566	51	29	102	1635	1	1561	0.0	2370
e0529044-b8aa-4bb7-944b-b3e14b87a8f8	gb:MK995798|Organism:Influenza	97.096	2238	48	15	92	2317	2233	1	0.0	3757
c5821b71-9156-4eee-bbee-bc9195778d37	gb:MT824673|Organism:Influenza	98.007	1455	26	3	90	1543	1	1453	0.0	2523
27db191c-3df6-47e5-ab6b-510a9ed674f5	gb:MK995798|Organism:Influenza	95.558	2251	65	26	90	2323	1	2233	0.0	3570
9cd75fe7-5933-4bdc-bc03-0aac834bedab	gb:MT824673|Organism:Influenza	93.498	1461	51	32	97	1523	1451	1	0.0	2132
b304d75b-c06f-4f52-8527-2831ad3a6740	gb:MK236956|Organism:Influenza	94.723	1573	55	20	94	1650	1561	1	0.0	2420
3bc1b1f8-cc18-428e-a732-4708f00f73b4	gb:MK236956|Organism:Influenza	95.344	1568	47	22	98	1646	1	1561	0.0	2468
9cffdf4a-c931-475f-a32a-9efb1216fb2e	gb:KY644217|Organism:Influenza	91.501	1459	90	25	97	1527	1	1453	0.0	1977
7a5f858a-2bb5-4568-b46b-202ca0c8b487	gb:CY205014|Organism:Influenza	95.201	1542	58	11	96	1623	1	1540	0.0	2423
ab0f4b84-e2f3-49e5-b9bc-a7264b079756	gb:MW872134|Organism:Influenza	96.481	2245	49	24	92	2318	1	2233	0.0	3681
f4ef19c3-c5b9-47af-a63e-451d6065b65c	gb:CY127912|Organism:Influenza	93.526	2317	90	47	101	2367	1	2307	0.0	3393
edc97297-8588-422b-9bbf-d936df7a15cf	gb:MK236956|Organism:Influenza	92.569	1588	62	34	97	1655	1561	1	0.0	2228
a47553ae-188f-4aa7-beae-27fc52843b97	gb:MK236956|Organism:Influenza	96.422	1565	45	7	94	1651	1561	1	0.0	2569
fa923a02-67ef-4a0e-be25-9c70c1515565	gb:MW872166|Organism:Influenza	97.307	2339	52	10	96	2423	3	2341	0.0	3960
31b8e9e2-8617-4eca-846e-ea1a8405d3d6	gb:MW872134|Organism:Influenza	96.173	2247	59	20	96	2329	2233	1	0.0	3648
e48b7ee6-d9c5-408e-bdf4-5b75fc221c9f	gb:MK236956|Organism:Influenza	94.293	1577	48	31	98	1648	1561	1	0.0	2375
7a3f445e-e7ac-40b0-9d1a-a361963232fb	gb:MW872166|Organism:Influenza	97.398	2344	52	7	90	2427	1	2341	0.0	3982
2f69a583-f042-4974-a696-fdd616d4e4f0	gb:MK236956|Organism:Influenza	95.810	1575	37	20	90	1649	1561	1	0.0	2516
784c11bc-152b-4857-b66d-398528ce0677	gb:MK236956|Organism:Influenza	96.225	1563	44	12	93	1642	1561	1	0.0	2545
689e12f7-91c8-4447-ab7c-73b3dd88b194	gb:MK236956|Organism:Influenza	95.272	1565	51	16	93	1638	1561	1	0.0	2459
9cf87d48-b594-42dd-b80f-7304c81d6de7	gb:MW872166|Organism:Influenza	96.118	2344	66	23	90	2411	2341	1	0.0	3801
c56edda1-044e-4fd9-b540-926a8b88da11	gb:MW872166|Organism:Influenza	97.822	2342	45	3	95	2431	1	2341	0.0	4037
a8f23eb0-3671-4074-9cca-9b94e75f7110	gb:MW872166|Organism:Influenza	97.611	2344	46	9	91	2427	2341	1	0.0	4010
d4def2ad-d0bb-4254-96d9-de2ab8bbf395	gb:MW872166|Organism:Influenza	95.763	2360	64	26	95	2437	1	2341	0.0	3771
1f420011-607e-447f-8166-06d368d1c322	gb:MW872166|Organism:Influenza	97.395	2342	46	9	96	2423	1	2341	0.0	3973
5b6916e8-9cf1-43b8-bab2-4b5ef340efe4	gb:MW872134|Organism:Influenza	96.966	2241	45	20	93	2318	2233	1	0.0	3740
f199b94d-f2e0-4b02-a3ae-51266cca6eca	gb:MW872134|Organism:Influenza	97.269	2234	48	10	128	2353	2229	1	0.0	3775
5e7ef2c2-70fc-45de-b96d-674d57a95d6c	gb:MW872166|Organism:Influenza	91.398	2360	121	66	91	2387	1	2341	0.0	3158
8dfbf9d6-42e4-43ca-bed3-25cb986c01f3	gb:MT824673|Organism:Influenza	95.973	1465	40	17	101	1558	1453	1	0.0	2361
80bb3567-64b7-4f15-a23c-6d35333bfe10	gb:MK995838|Organism:Influenza	96.601	2236	60	13	87	2309	2233	1	0.0	3694
cd1677cf-5911-4c2e-aabb-88579d140f2f	gb:MK236956|Organism:Influenza	94.971	1571	48	27	114	1663	1561	1	0.0	2435
85844fb4-9540-41b8-b593-18f94e30ec80	gb:MK995798|Organism:Influenza	97.586	2237	46	6	91	2323	1	2233	0.0	3825
ac17c724-bc36-49c8-9293-712a74548eb6	gb:MK995798|Organism:Influenza	97.273	2237	46	14	90	2315	1	2233	0.0	3779
10c54d48-4403-4b62-a682-6f32df484b1a	gb:MH546879|Organism:Influenza	97.982	892	10	6	688	1573	890	1	0.0	1541
5fb72483-c41a-426d-a1ca-f2032380cad6	gb:MT824673|Organism:Influenza	96.030	1461	39	17	93	1542	1	1453	0.0	2359
21bd810c-4fac-4530-b1bd-8f91b46f3a5a	gb:MW872166|Organism:Influenza	94.820	2355	78	34	101	2425	2341	1	0.0	3633
1deedc00-0a7c-4d39-ae76-8d308fabebd1	gb:MK236956|Organism:Influenza	95.719	1565	41	20	91	1633	1561	1	0.0	2495
f2526ed0-f04a-490e-8fcd-7ea1b385a629	gb:MW872166|Organism:Influenza	95.424	2360	62	28	109	2441	1	2341	0.0	3718
d3f7cad7-7fe7-4dba-b457-091030d24844	gb:MW872166|Organism:Influenza	97.697	2345	48	6	92	2434	1	2341	0.0	4026
52576644-2dc2-4de5-8864-29631184bb15	gb:MN253906|Organism:Influenza	94.617	1449	54	16	106	1537	1	1442	0.0	2222
1c3497f0-3b1f-481f-be43-beb27695b4b6	gb:MH637421|Organism:Influenza	94.551	1505	51	24	145	1626	1	1497	0.0	2296
0f17798a-f426-4bfe-9ebb-b891e3cf55e1	gb:MW872166|Organism:Influenza	96.177	2354	62	21	94	2432	2341	1	0.0	3823
08150c21-a96e-4b8a-821d-2cf335b20c71	gb:MK236956|Organism:Influenza	95.796	1570	39	18	94	1645	1561	1	0.0	2508
ac4ce242-ce81-4ad1-a2fa-fb0fdbf3ad10	gb:MK236956|Organism:Influenza	96.807	1566	41	8	97	1658	1561	1	0.0	2606
62c54f47-7ca3-48aa-90a4-53c98ae2e1b4	gb:MW872134|Organism:Influenza	96.839	2246	51	12	93	2331	1	2233	0.0	3736
92f9952f-7f84-4675-9cea-0c1154546799	gb:MK236956|Organism:Influenza	96.865	1563	40	9	100	1655	1561	1	0.0	2606
003bf29b-f7f3-4811-9ee6-db7b7645f605	gb:MK236956|Organism:Influenza	96.545	1563	38	10	95	1643	1	1561	0.0	2573
f433db14-815e-4d17-9f2b-5b1aaeffc96a	gb:MT824673|Organism:Influenza	97.937	1454	27	3	92	1543	1	1453	0.0	2516
9f7d951f-0447-4518-bc8e-016cb47a0370	gb:MW872134|Organism:Influenza	97.763	2235	40	8	95	2321	2233	1	0.0	3842
bcacc04f-5a5e-4ded-9410-b9deeaff2fae	gb:MK995798|Organism:Influenza	97.678	2239	40	8	101	2333	1	2233	0.0	3836
7ac6ba15-9388-42be-a4a4-0c2cebdc0a9b	gb:MT824673|Organism:Influenza	95.703	1466	38	20	96	1549	1	1453	0.0	2335
cab23ab8-d4f8-4e62-83c5-f5cfa8ccb20b	gb:KY131022|Organism:Influenza	91.934	2306	152	23	127	2408	1	2296	0.0	3197
f53daf52-2c6f-4482-983f-82392d30636d	gb:MW872189|Organism:Influenza	97.957	1028	14	5	1315	2336	1	1027	0.0	1775
8a2e4e61-7837-4bfd-ba28-963bcf08db98	gb:MT824673|Organism:Influenza	95.953	1458	39	14	93	1535	1453	1	0.0	2348
cfb19db7-9ddc-4f88-a174-6229ce9d2427	gb:MK913496|Organism:Influenza	96.311	1464	42	10	1695	3153	5	1461	0.0	2394
9f93aebd-6392-4821-a3d6-f575025b8e5a	gb:MW872166|Organism:Influenza	94.987	2354	64	40	92	2404	1	2341	0.0	3644
1503c9cd-ca46-496e-9c1d-ceb816ba8cf6	gb:MW872134|Organism:Influenza	97.679	2240	42	7	97	2333	2233	1	0.0	3840
2d1f560c-4099-4c95-a1d9-0042d01fa454	gb:MK236956|Organism:Influenza	96.752	1570	38	8	99	1664	1	1561	0.0	2604
73fa0694-dd63-47f6-b9d9-8c0f1899c9d1	gb:MK236956|Organism:Influenza	96.811	1568	37	8	146	1707	1	1561	0.0	2606
f73c8da5-2916-4d98-8797-c97b33736c26	gb:MK236956|Organism:Influenza	95.162	1571	50	20	89	1643	1561	1	0.0	2457
775eddd0-96d3-4248-8d92-a3fdcbebad1d	gb:MK995691|Organism:Influenza	94.358	1542	56	24	94	1608	1	1538	0.0	2337
6886bc4a-ca6f-451a-94c2-9ea0bcee0444	gb:MK236956|Organism:Influenza	94.043	1578	52	35	110	1663	1560	1	0.0	2355
edde85e8-38d2-447a-84ab-9834bf03b681	gb:MT824673|Organism:Influenza	97.253	1456	33	5	93	1544	1	1453	0.0	2460
34a31f7b-3109-43f6-a669-c752739a6a08	gb:MW872166|Organism:Influenza	85.744	2392	185	120	90	2380	2341	5	0.0	2385
0019b6c0-e5f9-4b39-8ff6-b293a0d3f185	gb:MK236956|Organism:Influenza	95.530	1566	53	16	93	1647	1561	2	0.0	2488
4c84b5a5-054d-4d03-94a9-f8c242273474	gb:MW872166|Organism:Influenza	96.762	2347	49	18	95	2420	1	2341	0.0	3888
c9aa0845-709c-4610-aa27-da7e5f690c70	gb:MW872166|Organism:Influenza	97.145	2347	49	13	95	2429	2341	1	0.0	3947
f4f6541c-0342-4550-9277-b3f651776a55	gb:MG280047|Organism:Influenza	92.044	2338	109	60	114	2405	2307	1	0.0	3216
f1a605e4-0c13-4aca-bc9f-b8d8f3a0dbc6	gb:MK236956|Organism:Influenza	97.823	1562	30	4	102	1660	1	1561	0.0	2693
eb591c62-ab3e-4d5b-8af3-ef27cb56eaa6	gb:MT825070|Organism:Influenza	93.731	335	7	12	1824	2156	1565	1243	2.57e-136	490
eb591c62-ab3e-4d5b-8af3-ef27cb56eaa6	gb:MT825070|Organism:Influenza	95.385	130	4	2	2147	2274	130	1	1.04e-50	206
5ef55f05-c9a6-4ccb-aa60-384fa0a96c2a	gb:MK995698|Organism:Influenza	98.315	890	12	1	3883	4769	1	890	0.0	1557
5ef55f05-c9a6-4ccb-aa60-384fa0a96c2a	gb:MK995698|Organism:Influenza	79.070	516	97	11	2261	2770	380	890	4.39e-92	344
388b3198-1927-489e-b226-c05609623db4	gb:MT824673|Organism:Influenza	95.768	1465	39	17	95	1548	1	1453	0.0	2340
1a21c20e-16d0-4682-b3ba-93932ca22279	gb:MW872166|Organism:Influenza	96.169	2349	63	21	102	2431	2341	1	0.0	3814
9e56fb0f-4e5b-4fe6-941f-2adf3f30d70a	gb:MW872134|Organism:Influenza	97.673	2235	44	7	116	2344	2233	1	0.0	3832
4f82aa30-5c05-4c53-a99b-a1252f2aac23	gb:MK995748|Organism:Influenza	92.035	1469	68	36	91	1532	1	1447	0.0	2019
9a7b9af2-fb21-4023-aa3a-926d5a7933c1	gb:MK995798|Organism:Influenza	97.806	2233	44	4	88	2315	1	2233	0.0	3847
9317853c-2dba-48bf-a57a-43df80e6d818	gb:MK995772|Organism:Influenza	94.898	2254	69	42	86	2314	1	2233	0.0	3483
e2d661bc-8607-44be-bb52-6dfc8a94c846	gb:MK236956|Organism:Influenza	93.949	1570	54	31	96	1633	1	1561	0.0	2335
49f515c9-2f68-4107-bfa9-39e3d27f5a19	gb:MT824673|Organism:Influenza	91.764	1457	68	32	92	1500	1	1453	0.0	1978
0f3b700c-ad54-48f7-bc6e-79beb237286c	gb:MT824673|Organism:Influenza	97.455	1454	29	6	99	1545	1	1453	0.0	2473
7c0c2269-51ff-4adf-9a42-46a9d4e7c0fd	gb:MW872166|Organism:Influenza	94.440	2356	81	34	89	2409	2341	1	0.0	3579
94e26084-c82d-4079-9f53-8d921fc2508e	gb:MW872166|Organism:Influenza	97.569	2345	48	6	88	2427	2341	1	0.0	4006
d91d731e-06bc-44e0-8c85-3136bcbda574	gb:MW872166|Organism:Influenza	97.903	2337	46	2	96	2430	2341	6	0.0	4041
fc99ace1-9a94-4075-ad05-5f0bd2e45cce	gb:MT824673|Organism:Influenza	94.403	1465	43	33	90	1527	1	1453	0.0	2215
fc99ace1-9a94-4075-ad05-5f0bd2e45cce	gb:MT824673|Organism:Influenza	91.492	1481	59	46	1703	3144	1453	1	0.0	1975
b0658d86-724b-4659-bcc6-89c16ced4bb4	gb:MW872166|Organism:Influenza	94.869	2358	65	44	96	2414	2341	1	0.0	3633
d2e8ae36-1780-4355-8879-04a782541db7	gb:MK236956|Organism:Influenza	95.483	1572	48	19	94	1653	1561	1	0.0	2488
bf65e20b-a875-4f43-b209-5025d121d178	gb:MK236956|Organism:Influenza	96.925	1561	36	9	95	1643	1561	1	0.0	2606
5e3df2ff-a44f-480d-998f-d595d05b7636	gb:MH637337|Organism:Influenza	96.843	2344	55	15	100	2432	2336	1	0.0	3901
2cc4f906-bf8e-4bd5-8874-c42958dd9790	gb:MT824673|Organism:Influenza	96.175	1464	39	11	91	1548	1	1453	0.0	2377
0f725715-63fa-4852-948d-fd79c0d207e6	gb:MW872166|Organism:Influenza	86.796	2378	164	112	89	2353	1	2341	0.0	2514
ef3cd71f-e5dd-4e16-90d9-a2b418836c44	gb:MK236956|Organism:Influenza	96.105	1566	44	14	97	1650	1	1561	0.0	2538
918f3efe-b66b-4149-b7e8-ef01abac16e8	gb:MW872166|Organism:Influenza	94.440	2356	78	44	93	2410	1	2341	0.0	3576
27f9ddd1-1ed0-43be-afeb-df2a629d5051	gb:KY131188|Organism:Influenza	83.517	1541	160	72	149	1645	7	1497	0.0	1352
6439196f-cbaf-49cd-822c-f98a8c5ba80c	gb:MT824673|Organism:Influenza	97.663	1455	25	5	93	1540	1	1453	0.0	2490
3cb27154-5749-4f7f-9dd8-0314dc742d43	gb:MW872189|Organism:Influenza	96.139	1036	22	15	700	1726	1	1027	0.0	1676
3f9b0a19-f3b5-45dd-8837-59b620dd6ed3	gb:MW872166|Organism:Influenza	97.227	2344	48	10	96	2425	2341	1	0.0	3952
68be48b0-dd77-4a4c-acab-81b57abc8022	gb:MK236956|Organism:Influenza	96.947	1572	33	8	97	1664	1	1561	0.0	2623
cab8b14d-770e-4f16-8f3f-4ea96a3b5e66	gb:MK236956|Organism:Influenza	96.675	1564	39	6	99	1652	1561	1	0.0	2588
fabcae47-7a2e-4720-89df-8bebac549a30	gb:MT824673|Organism:Influenza	97.729	1453	24	7	91	1535	1452	1	0.0	2492
58065662-f960-4d89-b2ff-6ffbf9d3f332	gb:MK995798|Organism:Influenza	96.913	2235	56	11	95	2318	2233	1	0.0	3733
1f963a1a-9864-4f25-b7cb-1224156e5471	gb:MK236956|Organism:Influenza	96.552	1566	43	8	99	1658	1561	1	0.0	2582
bb211c9b-d4ab-475f-8372-55266d821fef	gb:MT824673|Organism:Influenza	97.665	1456	28	5	100	1552	1453	1	0.0	2495
77f8d4b8-90e5-4be3-9a0b-3936893d7dc4	gb:MW872166|Organism:Influenza	97.530	2348	47	8	119	2462	1	2341	0.0	4004
413f72d3-69d0-4b24-bba7-bd8bffccbfc1	gb:MW872134|Organism:Influenza	93.166	2268	90	53	93	2330	2233	1	0.0	3269
b681d615-6260-4c78-8891-ee904648916f	gb:MW872166|Organism:Influenza	95.615	2349	64	29	93	2410	1	2341	0.0	3731
9f084d2b-cb20-463c-9ffc-f9076eab743b	gb:CY097579|Organism:Influenza	90.598	2223	137	57	112	2284	2201	1	0.0	2881
c57e955b-6aa5-4536-8546-af789e54623b	gb:MH546879|Organism:Influenza	98.989	890	8	1	1714	2602	890	1	0.0	1592
c57e955b-6aa5-4536-8546-af789e54623b	gb:MH546879|Organism:Influenza	98.655	892	10	2	663	1554	1	890	0.0	1580
