f31cc536-13b9-4532-8566-f6cee0aebb9c	gb:MW872189|Organism:Influenza	98.835	1030	8	3	1723	2751	1027	1	0.0	1832
02dc0072-e14b-49fe-aff5-a3dd33ca42c3	gb:MH546879|Organism:Influenza	97.312	893	14	6	97	982	890	1	0.0	1507
20609426-5b8d-4cc8-a449-c797651b977f	gb:MH546879|Organism:Influenza	95.978	895	22	13	93	978	890	1	0.0	1441
a1a9dac2-5d6d-4719-8bc5-ed8a1c1b2664	gb:MT818944|Organism:Influenza	93.973	896	33	20	103	983	1	890	0.0	1336
85625838-1892-4075-8c63-d6de4546e8b7	gb:MH546879|Organism:Influenza	96.309	894	18	11	1125	2007	890	1	0.0	1454
1eb5abcf-17b3-4d03-875e-b711b143bf68	gb:MH546879|Organism:Influenza	96.197	894	18	13	87	968	1	890	0.0	1448
f2729a59-ce70-4c7a-bc66-89f7f4eaee54	gb:MH546879|Organism:Influenza	97.520	887	13	7	102	980	5	890	0.0	1507
b05aa45b-7aab-4d8a-931a-d83cc3b75aec	gb:MH412413|Organism:Influenza	98.247	1027	11	4	8241	9262	1025	1	0.0	1790
b05aa45b-7aab-4d8a-931a-d83cc3b75aec	gb:MH412413|Organism:Influenza	95.720	1028	28	12	27062	28076	1025	1	0.0	1640
8c73823a-0228-47d2-a65d-e717348d8a7e	gb:MH546879|Organism:Influenza	98.090	890	15	2	96	983	890	1	0.0	1548
5c667e23-8937-4c94-ab5c-e9846058d80e	gb:MH546879|Organism:Influenza	96.868	894	19	9	93	981	890	1	0.0	1487
6953b1bc-4843-4477-bb0e-c2577f5e53c5	gb:MH546879|Organism:Influenza	97.865	890	10	4	93	973	1	890	0.0	1530
499596dd-4e31-45da-9319-33c707695955	gb:MH546879|Organism:Influenza	96.644	894	20	8	105	992	890	1	0.0	1476
3fd0ce6c-7133-4ffb-8b1c-e7afae210e6c	gb:MT818944|Organism:Influenza	95.716	887	23	12	94	968	1	884	0.0	1413
73b2cdec-b43c-46c7-b7c0-7ee42cf7dfcc	gb:MH637323|Organism:Influenza	89.250	893	57	35	79	940	889	5	0.0	1081
d7a863da-8488-4b96-a15f-2b6ff64c81c3	gb:MH546879|Organism:Influenza	96.865	893	19	9	100	986	890	1	0.0	1485
d1622243-44e6-4635-ad69-cb219b083a42	gb:MH546879|Organism:Influenza	96.404	890	20	11	94	971	1	890	0.0	1456
d1622243-44e6-4635-ad69-cb219b083a42	gb:MH546879|Organism:Influenza	95.667	900	19	11	1136	2026	889	1	0.0	1428
3f6f775c-8f48-401a-b8ca-ce33354d8ab0	gb:MK995698|Organism:Influenza	97.095	895	13	9	718	1604	890	1	0.0	1496
313d8453-ae70-434a-92cf-c545922d2466	gb:MH546879|Organism:Influenza	97.318	895	16	7	92	983	1	890	0.0	1513
3d8dde47-afc7-4ca4-908c-6f48c18660e4	gb:MH637219|Organism:Influenza	88.441	372	21	16	1321	1678	1	364	8.51e-118	429
568c181a-05d5-4736-99a6-2a0f0015458b	gb:MK995698|Organism:Influenza	95.647	896	27	11	1273	2162	1	890	0.0	1428
fdddd727-dab7-4def-a191-f0a702ed9415	gb:MW872178|Organism:Influenza	96.532	894	14	10	88	968	1	890	0.0	1463
dd07bfde-e0c6-42b1-af13-a056ecf060b1	gb:MH546879|Organism:Influenza	98.316	891	10	3	90	976	1	890	0.0	1557
1acf8357-622f-42d3-be50-f65b4b89b4ac	gb:MH546879|Organism:Influenza	96.656	897	18	9	91	982	890	1	0.0	1480
68d67512-b78d-4d16-9c63-b59dd4680f7d	gb:MH546879|Organism:Influenza	97.875	894	12	7	694	1584	1	890	0.0	1539
3d2ab6e1-ed0d-41ff-ad30-cc4c2b683538	gb:MH546879|Organism:Influenza	97.821	872	16	3	112	981	871	1	0.0	1502
e45847b5-e18e-435d-b063-444a94bbba8e	gb:MH546879|Organism:Influenza	96.756	894	15	12	71	954	890	1	0.0	1478
6e467fab-19e0-4755-b5dd-a8fd33a7aec3	gb:MH546879|Organism:Influenza	97.938	873	15	3	105	975	872	1	0.0	1509
2f9a3283-7708-429e-b6bf-d7b3fe2d4b5d	gb:MH546879|Organism:Influenza	96.973	892	20	6	93	979	1	890	0.0	1491
dfd97fe5-58ce-45de-a8af-cf8df9e33ce8	gb:MH546879|Organism:Influenza	97.870	892	14	5	94	982	890	1	0.0	1537
8bef8c6f-4104-4558-bd8b-4e3cf7064eb4	gb:MH546879|Organism:Influenza	94.983	897	28	15	1145	2031	1	890	0.0	1391
8bef8c6f-4104-4558-bd8b-4e3cf7064eb4	gb:MH546879|Organism:Influenza	93.452	901	35	22	92	979	890	1	0.0	1315
ea11a5cb-cfd5-42cb-a25d-801fa08638b6	gb:MK327762|Organism:Influenza	96.409	891	19	6	93	971	890	1	0.0	1456
74c9ba11-1dea-469e-8987-d99f55845ae7	gb:OL782162|Organism:Influenza	96.521	891	21	5	102	983	1	890	0.0	1465
3750729d-2ec3-44aa-a525-bfc58b5f096d	gb:MH546879|Organism:Influenza	96.188	892	22	11	97	978	1	890	0.0	1448
69fde792-fe94-4601-9978-6f15549e088f	gb:KX289652|Organism:Influenza	100.000	53	0	0	613	665	1	53	4.01e-19	99.0
34216630-5ba6-4c41-a704-adbe5a0d0ddf	gb:MH412413|Organism:Influenza	98.252	1030	12	4	666	1694	1	1025	0.0	1797
38420595-5d95-4120-8ec8-2a1a8a3fff6c	gb:MW872185|Organism:Influenza	97.534	892	16	5	87	974	1	890	0.0	1520
3736c71d-5f03-4897-a70c-5950cf46dc6a	gb:MW872185|Organism:Influenza	95.095	897	20	15	90	969	1	890	0.0	1391
6b87e292-d942-4ffc-9272-4893232242b0	gb:MK326794|Organism:Influenza	95.516	892	23	13	97	973	890	1	0.0	1410
1de490ff-0f8e-4a2b-a1ca-32acaa0239cc	gb:MH546879|Organism:Influenza	98.652	890	11	1	93	981	1	890	0.0	1576
35062180-e830-4fa1-8ea1-37da09b717d0	gb:MH546879|Organism:Influenza	97.654	895	13	6	87	978	1	890	0.0	1530
35062180-e830-4fa1-8ea1-37da09b717d0	gb:MH546879|Organism:Influenza	97.309	892	15	6	1127	2011	890	1	0.0	1506
90dc2f53-4683-4e27-8215-9e40651f1213	gb:MH546879|Organism:Influenza	96.749	892	23	6	92	979	1	890	0.0	1482
7ed77ea8-db99-46b6-a3f9-aef5bc353e40	gb:MT818954|Organism:Influenza	94.512	328	15	3	92	417	1	327	8.30e-141	503
7ed77ea8-db99-46b6-a3f9-aef5bc353e40	gb:MT818954|Organism:Influenza	87.273	220	10	16	411	618	313	100	3.34e-60	235
bfff11a5-7b66-49d0-b75c-68fcf32d0e40	gb:MH546879|Organism:Influenza	95.419	895	28	10	96	982	890	1	0.0	1413
872ca2cc-9ad3-4bcc-954c-dc4018ecfcc8	gb:MH546879|Organism:Influenza	96.602	883	18	9	107	981	12	890	0.0	1454
431489cc-2ac9-42d1-af29-07907de1e975	gb:MH546879|Organism:Influenza	98.427	890	11	3	98	984	890	1	0.0	1563
cd6c2c46-3fcd-4fe2-9687-347b3c61649f	gb:MH546879|Organism:Influenza	96.641	893	18	9	97	980	1	890	0.0	1472
7ea13529-5fd0-4180-97f2-f2ca9994c330	gb:MK326717|Organism:Influenza	90.403	917	46	29	97	998	890	1	0.0	1168
947b631d-612f-4797-ae71-9bc55bfc568a	gb:MK995698|Organism:Influenza	96.825	882	18	7	693	1566	880	1	0.0	1465
947b631d-612f-4797-ae71-9bc55bfc568a	gb:MK995698|Organism:Influenza	73.575	912	201	36	2326	3219	1	890	7.95e-83	313
7e86ed46-439e-435f-80cd-172ecd8adddd	gb:MH546879|Organism:Influenza	97.971	887	10	3	97	975	4	890	0.0	1531
158ca212-2d70-4b73-99c7-3717f347bb27	gb:MH546879|Organism:Influenza	93.806	888	27	20	123	991	890	12	0.0	1310
5606a367-1e47-4a23-aa68-b4f64a2bf94b	gb:MH546879|Organism:Influenza	95.973	894	23	7	100	984	890	1	0.0	1439
f85e0b05-1210-44f2-a885-adcea7c8c095	gb:MH546879|Organism:Influenza	98.096	893	12	4	91	981	1	890	0.0	1550
3e655288-d1ca-44f7-b3a7-ffc303137065	gb:MH546879|Organism:Influenza	96.663	899	17	9	92	986	890	1	0.0	1482
24b04f40-532d-4760-b90d-8e094af2f547	gb:MH546879|Organism:Influenza	98.315	890	15	0	92	981	890	1	0.0	1561
c1f23bfe-387a-4502-b8d2-1a6d84b202a9	gb:MH546879|Organism:Influenza	96.193	893	18	12	99	978	890	1	0.0	1447
f68e5874-493b-40b0-bcf6-510cf3f45886	gb:MH546879|Organism:Influenza	97.982	892	13	4	97	985	1	890	0.0	1543
682b752c-ed23-42b6-a45f-00e6fc4615c1	gb:MH546879|Organism:Influenza	98.876	890	10	0	93	982	890	1	0.0	1589
fb510f24-833a-4e02-ace9-5f73ce43d155	gb:MH546879|Organism:Influenza	93.473	904	29	22	96	983	890	1	0.0	1315
c3e2dc36-bc5f-46af-9654-44e05af35c0e	gb:MT818944|Organism:Influenza	95.307	895	25	10	100	982	1	890	0.0	1404
676bc0f4-ec25-44e3-85aa-970a96e233e0	gb:MG280516|Organism:Influenza	95.923	883	25	10	101	974	1	881	0.0	1421
0475c590-bbd9-49b7-be21-44793e38f680	gb:MH546879|Organism:Influenza	97.755	891	14	5	93	978	890	1	0.0	1530
870b7c8d-a74d-4a34-9107-dfb5cd0958b5	gb:KT887335|Organism:Influenza	96.275	886	16	13	96	969	890	10	0.0	1437
8e57c1ea-94ac-4b90-9b4c-04e2240ba9f9	gb:MH546879|Organism:Influenza	97.315	894	15	7	83	971	1	890	0.0	1509
07a79061-2ddb-44f3-bea5-a0a3652d5076	gb:MH546879|Organism:Influenza	97.984	893	13	4	98	988	890	1	0.0	1544
f103ce7a-4d9a-4db5-9e2b-8db06c2edbf0	gb:MH546879|Organism:Influenza	97.427	894	17	6	96	987	890	1	0.0	1519
f8a1b763-9656-4aa9-8492-1c928db0f534	gb:MH546879|Organism:Influenza	97.088	893	16	9	96	981	890	1	0.0	1496
60d4f6a4-b795-48f0-84c0-472bd58d4637	gb:MH637219|Organism:Influenza	95.718	864	19	13	133	981	861	1	0.0	1375
70034c76-90b0-439e-a9e1-117b126fbed0	gb:MW872185|Organism:Influenza	91.991	899	38	28	93	966	1	890	0.0	1230
5658e8af-36bf-49ea-9731-22e632193be1	gb:MH546879|Organism:Influenza	95.875	897	25	10	87	978	1	890	0.0	1441
5e5df41a-d65a-4631-8e0c-a55bc619693d	gb:MH546879|Organism:Influenza	95.749	894	23	11	95	977	890	1	0.0	1426
a15e48d6-d30e-408c-977b-32f3b69ff0c6	gb:MH546879|Organism:Influenza	98.539	890	9	4	664	1549	1	890	0.0	1568
b6a4d300-33f6-419c-a24e-cda23909a17b	gb:MH546879|Organism:Influenza	98.427	890	8	3	676	1559	890	1	0.0	1561
1d854af3-50a9-4d11-8c72-b107909130c4	gb:MH546879|Organism:Influenza	95.006	901	21	20	89	976	890	1	0.0	1393
4551ef85-4743-457a-a35d-3173c70034ed	gb:MH546879|Organism:Influenza	97.534	892	15	4	97	983	1	890	0.0	1519
300bd2b3-058e-4f0b-b927-99bc88e9695e	gb:MH546879|Organism:Influenza	98.318	892	12	3	682	1572	890	1	0.0	1561
9033a6b7-baf4-40ef-b0c0-14b3f7dbe122	gb:MH546879|Organism:Influenza	97.868	891	14	5	89	975	1	890	0.0	1535
337ec13b-aa38-4677-ba9d-45997ff8c706	gb:KY551312|Organism:Influenza	96.868	862	18	5	100	952	1	862	0.0	1434
824edec4-fc5c-4765-a246-503b268057b4	gb:MH546879|Organism:Influenza	97.980	891	11	3	90	974	890	1	0.0	1539
5d77ce84-09f4-4e01-97e3-8252f68b70ed	gb:MH546879|Organism:Influenza	97.528	890	13	5	96	976	1	890	0.0	1513
5d862000-ac77-47ca-b9c7-495411bf9e84	gb:MT824946|Organism:Influenza	97.692	130	1	2	1337	1464	1	130	9.55e-56	222
5d862000-ac77-47ca-b9c7-495411bf9e84	gb:MT824946|Organism:Influenza	97.727	44	1	0	1455	1498	1243	1286	7.87e-12	76.8
0e131318-e130-409c-891f-58985629c3a7	gb:MH546879|Organism:Influenza	98.429	891	13	1	97	987	1	890	0.0	1567
e458d280-0d17-4adf-9241-1fd9f343e2bc	gb:MH546879|Organism:Influenza	97.763	894	16	2	79	972	1	890	0.0	1537
688cd2b1-860c-4302-9b85-b6a95089a970	gb:MH546879|Organism:Influenza	97.204	894	18	7	1280	2170	890	1	0.0	1506
796b2a6d-47d3-42d2-ba7c-53e40fa68f54	gb:MH546879|Organism:Influenza	97.868	891	16	3	698	1586	890	1	0.0	1537
a7ee0637-3e52-47b9-8bed-a948411e8f34	gb:MH546879|Organism:Influenza	97.984	893	11	6	99	987	890	1	0.0	1543
02c2546a-3d51-4de9-a470-39bc0702084f	gb:MT818944|Organism:Influenza	91.973	897	40	26	83	954	1	890	0.0	1229
734e8c4b-ddeb-4faf-80ba-55dd2b38c6ce	gb:MH546879|Organism:Influenza	94.994	899	26	16	92	983	887	1	0.0	1393
41501f68-4a09-42b7-9ce8-79fa704009ad	gb:MK995698|Organism:Influenza	95.212	898	25	15	1301	2188	1	890	0.0	1404
2b8316cb-db15-4e6b-8e6d-9bb5da19e356	gb:MH546879|Organism:Influenza	98.764	890	9	2	91	978	890	1	0.0	1581
58c49637-7677-4a32-9c2f-aa2c8719da24	gb:MH546879|Organism:Influenza	95.565	902	22	15	87	982	890	1	0.0	1428
ac73124e-d616-45e4-afc3-663f2c040b43	gb:MH546879|Organism:Influenza	98.765	891	9	2	92	981	1	890	0.0	1583
045eb974-a2bd-45f3-81db-a05cf58d9792	gb:MT818944|Organism:Influenza	92.857	896	40	18	98	975	1	890	0.0	1279
7bd9dcd7-c8f9-4b9d-bb8d-0973ec773126	gb:MH637219|Organism:Influenza	98.309	887	12	3	95	981	884	1	0.0	1552
65828e22-bf65-42c0-a144-aa64da0ab5ac	gb:MN937871|Organism:Influenza	92.460	1008	35	27	682	1654	1002	1	0.0	1402
a4b59ae8-dce8-4013-bcbe-369b922418dd	gb:MH546879|Organism:Influenza	97.213	897	14	7	94	986	1	890	0.0	1507
cbf69079-27cd-499b-84e8-844dc3fbbae4	gb:MH546879|Organism:Influenza	97.082	891	18	6	99	982	890	1	0.0	1495
f41e78b0-d87f-49d8-8976-8d5fe4042644	gb:MH546879|Organism:Influenza	96.781	901	16	9	93	991	1	890	0.0	1491
a3f0ac90-8825-47b1-b289-a11cdc40c33d	gb:MH546879|Organism:Influenza	97.760	893	14	6	95	984	1	890	0.0	1533
8c9e05a6-39b1-497b-854d-b24ab7a1bf8c	gb:MH546879|Organism:Influenza	94.537	897	23	16	92	969	1	890	0.0	1362
461cd9cb-814a-4f03-a397-043716e58489	gb:MH546879|Organism:Influenza	98.541	891	9	4	96	983	1	890	0.0	1570
e0a960c3-9278-4780-bb52-31ab1e70bc6d	gb:MH546879|Organism:Influenza	94.235	902	25	21	112	1003	885	1	0.0	1352
1cdf50f9-5753-4802-a3ba-9f8d4566d0e2	gb:MH546879|Organism:Influenza	96.980	894	14	10	93	977	890	1	0.0	1489
554c9475-1fa3-470b-ad68-6f97e15b1740	gb:MH546879|Organism:Influenza	98.204	891	11	3	93	979	890	1	0.0	1552
201aa88b-f2a3-4cb6-ace2-f2f860a60748	gb:MH546879|Organism:Influenza	97.872	893	15	4	82	973	1	890	0.0	1541
01188ecb-9d11-47f7-b343-8e8b57e1f158	gb:MH546879|Organism:Influenza	98.539	890	11	2	99	986	890	1	0.0	1570
9d9acaa0-55c1-473f-baf1-81885c0378c9	gb:MH546879|Organism:Influenza	98.430	892	11	3	96	986	1	890	0.0	1567
acbd88cb-4bbb-445b-8fb6-6962d07ab05b	gb:MW872185|Organism:Influenza	92.818	905	28	26	87	969	1	890	0.0	1277
9b6eb655-adb7-4458-9cc4-72376767532c	gb:MH546879|Organism:Influenza	97.539	894	14	8	93	982	1	890	0.0	1522
f8e0d222-83dd-461d-b086-2e7033f73aac	gb:MH546879|Organism:Influenza	98.989	890	9	0	96	985	890	1	0.0	1594
877594e1-4246-4ff6-9124-650a95a44584	gb:MH546879|Organism:Influenza	98.429	891	10	4	68	955	890	1	0.0	1565
4c4a5435-d558-4efd-acfc-8b1267a70ff9	gb:MH546879|Organism:Influenza	97.422	892	14	6	93	977	890	1	0.0	1511
d7fe523d-6aef-49d8-ba4d-a234280fd8ad	gb:MH546879|Organism:Influenza	97.542	895	13	8	98	988	1	890	0.0	1522
7ca19dd7-7400-45c0-a7b7-bcd7f2b4fb1e	gb:MW872189|Organism:Influenza	96.035	1034	21	16	672	1692	1027	1	0.0	1664
8a378181-6b9a-4271-a031-8e8beb6dd3e7	gb:MH546879|Organism:Influenza	98.543	892	9	4	687	1576	890	1	0.0	1572
7182e48c-7d62-48ec-b4c5-32ad26c1f2ec	gb:MH546879|Organism:Influenza	98.096	893	13	4	89	980	1	890	0.0	1552
f7ac65f5-182f-4235-b345-8f6f18e03cfb	gb:MH546879|Organism:Influenza	98.543	892	10	2	91	981	1	890	0.0	1572
06af3bca-bbb8-4307-9a00-4b9e9a12c0f8	gb:MH546879|Organism:Influenza	98.878	891	9	1	93	983	1	890	0.0	1589
ecc158c6-1043-487b-956a-aa8b31adab8d	gb:MH546879|Organism:Influenza	96.300	892	20	11	103	986	1	887	0.0	1452
e909c8ef-4e1d-4e0b-8518-3f7b170651e8	gb:MH546559|Organism:Influenza	98.289	409	2	4	79	486	886	482	0.0	712
e909c8ef-4e1d-4e0b-8518-3f7b170651e8	gb:MH546559|Organism:Influenza	92.920	113	5	2	640	749	113	1	6.24e-38	161
4e727559-2820-41af-8b14-f0b441d8960e	gb:MH546879|Organism:Influenza	97.424	893	17	6	97	986	890	1	0.0	1517
350f5494-6a28-40e3-ac41-451db3f2b294	gb:MT824898|Organism:Influenza	97.865	890	12	3	689	1571	890	1	0.0	1531
dfc8ac2a-990c-4b45-a3a2-b2ca77a55189	gb:MH546879|Organism:Influenza	96.111	900	17	13	101	992	890	1	0.0	1452
3c077e2f-b3ab-4f8a-bc4e-60cb4f14be5a	gb:MH546879|Organism:Influenza	98.090	890	10	3	91	973	1	890	0.0	1543
f99915b2-7e01-407c-963c-74170d544465	gb:MH546879|Organism:Influenza	98.765	891	9	2	93	982	890	1	0.0	1583
ae3b776b-f217-448f-8952-b9a64d4d3473	gb:HM370966|Organism:Influenza	99.417	515	1	2	670	1183	1	514	0.0	933
62bc5c58-2aa2-4f21-96a4-eb2d6862db36	gb:MH546879|Organism:Influenza	96.536	895	18	7	96	982	890	1	0.0	1469
9e9eb882-00d7-4e57-87e1-6b1b48bccf05	gb:MH546879|Organism:Influenza	98.206	892	11	5	94	982	1	890	0.0	1554
6ec80adb-1197-49fd-aa66-18b10f175e66	gb:MH546879|Organism:Influenza	93.771	899	34	18	99	986	888	1	0.0	1330
65b5df49-59fd-4f23-bfb8-58c0e6970abe	gb:MH546879|Organism:Influenza	98.655	892	9	2	95	985	890	1	0.0	1578
424f0be7-5804-4f89-8a72-782535bd211a	gb:MH546879|Organism:Influenza	97.312	893	15	8	105	991	890	1	0.0	1507
a35e321f-f34b-47b6-96a9-a81c88ed368f	gb:MK861133|Organism:Influenza	94.246	869	16	20	104	947	1	860	0.0	1297
899b4c35-d064-4f95-8384-1fd95a5bc7f5	gb:MH546879|Organism:Influenza	96.648	895	22	7	102	993	890	1	0.0	1480
0bf7fa01-52ed-4768-84ec-fef23b547c71	gb:MH546879|Organism:Influenza	96.525	892	22	7	100	984	1	890	0.0	1467
4b725f88-a802-474f-9eae-e073d3a3969f	gb:MH546879|Organism:Influenza	98.427	890	12	2	95	982	1	890	0.0	1565
a415a750-487d-4526-a321-5880fe42f6fe	gb:MH546879|Organism:Influenza	97.760	893	13	6	103	991	890	1	0.0	1531
76824162-a0f4-42b2-987d-11470497bde9	gb:MK913496|Organism:Influenza	97.878	1461	30	1	688	2147	1461	1	0.0	2525
c5327f09-84a4-4109-8c99-b0a864183f63	gb:MH546879|Organism:Influenza	96.973	892	12	10	94	972	890	1	0.0	1483
470ea781-c664-4579-8226-fce51b5cb04d	gb:HM370970|Organism:Influenza	95.222	293	7	5	682	968	736	1027	1.93e-126	457
7b23d8c8-0134-4d58-b7d7-cf20c56cf99b	gb:MH546879|Organism:Influenza	97.753	890	13	7	92	974	890	1	0.0	1526
a64a6cc2-c21e-4098-8f58-e9826bc6bbd7	gb:MH546879|Organism:Influenza	96.753	893	15	7	96	977	890	1	0.0	1476
711e20fc-13cd-4700-919b-4cc521ceb74f	gb:MH546879|Organism:Influenza	97.085	892	23	3	105	995	1	890	0.0	1500
8c3181e5-caad-4024-9a76-3eaeabe7142d	gb:MH546879|Organism:Influenza	94.972	895	26	14	99	979	1	890	0.0	1386
e8131933-cdf5-4b39-9669-db0346439482	gb:MK327714|Organism:Influenza	97.315	894	17	5	99	989	1	890	0.0	1511
f6e1b9fe-2574-470d-a9ac-4177c1eb5d11	gb:MH546879|Organism:Influenza	95.861	894	20	16	643	1523	1	890	0.0	1430
f6e1b9fe-2574-470d-a9ac-4177c1eb5d11	gb:MH546879|Organism:Influenza	93.245	903	30	26	1691	2577	888	1	0.0	1301
bf7a3509-6bd9-44f7-8031-51127082d9ff	gb:MH546879|Organism:Influenza	96.529	893	17	11	89	970	1	890	0.0	1465
9fc15040-13b6-4f63-8405-c202878f23c8	gb:MH637323|Organism:Influenza	96.868	894	17	9	97	984	1	889	0.0	1485
d97b7c20-d726-4b96-9588-ececb7470c44	gb:MH546879|Organism:Influenza	98.652	890	9	3	129	1015	890	1	0.0	1574
96c96761-e81f-4c3b-818b-36a11f3bc1f1	gb:MK995797|Organism:Influenza	97.204	894	19	6	101	992	890	1	0.0	1507
658f1f49-4d9d-479b-b824-dab84b98d4a3	gb:MH546879|Organism:Influenza	95.414	894	27	13	98	981	1	890	0.0	1411
bcac2c87-0bdc-4447-ba50-5160605446df	gb:MH546879|Organism:Influenza	97.868	891	14	5	95	981	890	1	0.0	1535
bfa9e5d0-6b99-4053-a180-a7738558c116	gb:MH546879|Organism:Influenza	98.764	890	6	4	669	1553	1	890	0.0	1578
03e406cb-e438-45e6-95cb-44466d9ae031	gb:HM370966|Organism:Influenza	97.010	301	4	4	1288	1584	1934	2233	9.01e-140	501
4438651d-2557-4a8b-91ed-a9b423d13989	gb:CY096692|Organism:Influenza	94.333	900	39	9	97	994	1	890	0.0	1369
8477b4d8-8247-47ab-8970-1767a381c2e1	gb:MH546879|Organism:Influenza	97.200	893	14	7	98	982	890	1	0.0	1500
85fee0a3-64ea-4574-8d68-afbbf839cbbb	gb:MH546879|Organism:Influenza	98.539	890	11	1	91	978	890	1	0.0	1570
8bf321ca-09b9-42d0-ac3d-fa7ff7cfc93a	gb:MH546879|Organism:Influenza	95.778	900	19	16	95	985	890	1	0.0	1434
4b725d29-9592-43c1-8ddd-25f068aaa81d	gb:MK995797|Organism:Influenza	88.864	889	50	34	98	954	872	1	0.0	1048
3d7d4f5d-49b2-4277-ade0-8fb7db1bd664	gb:MH546879|Organism:Influenza	96.976	893	18	6	97	983	1	890	0.0	1491
d2f76f9f-cd8b-4b0c-9eaf-39415cae69f5	gb:MH546879|Organism:Influenza	98.652	890	9	1	118	1004	890	1	0.0	1574
87de01ec-8971-4936-a749-13f9a331411a	gb:MH546879|Organism:Influenza	96.317	896	18	11	99	985	1	890	0.0	1458
732d5288-c259-43e6-ac6b-73c04f6d2aca	gb:MH546879|Organism:Influenza	98.318	892	13	2	98	989	890	1	0.0	1563
497ef3c7-e46d-4a44-809e-1a8fb80450d2	gb:MH546879|Organism:Influenza	97.875	894	11	4	92	981	1	890	0.0	1539
c5142ddc-1e5f-4891-9bf3-83fbe5f88e6d	gb:MH546879|Organism:Influenza	96.222	900	15	10	92	982	1	890	0.0	1456
339e8906-fb13-4758-a249-e46c020da638	gb:MH546879|Organism:Influenza	93.541	898	30	24	700	1577	890	1	0.0	1312
83e6132d-e856-497b-b1bf-9cfd2575b841	gb:MH546879|Organism:Influenza	95.222	900	19	17	60	945	1	890	0.0	1402
631735ae-59c6-44d3-8435-6dcbe65243ce	gb:MW872189|Organism:Influenza	94.093	474	13	13	678	1140	5	474	0.0	706
631735ae-59c6-44d3-8435-6dcbe65243ce	gb:MW872189|Organism:Influenza	90.000	470	19	22	1135	1592	454	1	3.96e-164	582
8f7c1d47-76ab-4472-b972-5133444e50ba	gb:MH546879|Organism:Influenza	96.440	899	15	12	92	982	1	890	0.0	1467
18afb589-abeb-49b5-8f56-7e00275497a8	gb:MH546879|Organism:Influenza	96.197	894	22	8	101	990	5	890	0.0	1452
4894ec8c-5304-4f4a-8b2d-8e18e1dfa6d3	gb:MT818944|Organism:Influenza	96.409	891	18	12	1405	2282	1	890	0.0	1456
136f7fe0-d417-4693-af53-e96f7ce01ca7	gb:MT818944|Organism:Influenza	97.531	891	14	6	906	1789	1	890	0.0	1517
1517f162-25d9-4cd7-9bc7-b85d93603cd2	gb:MH546879|Organism:Influenza	97.870	892	14	5	115	1003	890	1	0.0	1537
09909e3d-1fee-472a-99c8-36f70b719eba	gb:MH546879|Organism:Influenza	95.786	878	22	12	101	971	1	870	0.0	1402
6dd987c9-177e-4e85-a694-0f6a728636a6	gb:MH546879|Organism:Influenza	98.320	893	11	4	104	995	1	890	0.0	1563
be2ae6c3-94a7-4cc3-8ebb-855430f70c07	gb:MH546879|Organism:Influenza	97.870	892	11	5	95	980	890	1	0.0	1535
28d91687-bacc-4f03-9d54-86a2ab90b936	gb:MH546879|Organism:Influenza	97.433	896	14	6	94	987	889	1	0.0	1519
3681f603-9392-4edf-b33d-de09d682ac43	gb:MH546879|Organism:Influenza	98.539	890	13	0	100	989	890	1	0.0	1572
94dd1927-379e-4382-a7f7-be1dbabaed08	gb:MH546879|Organism:Influenza	98.767	892	9	2	99	990	1	890	0.0	1585
1883bd6a-a65c-4905-a4dd-13f0fe3c8ca0	gb:MT818944|Organism:Influenza	96.224	874	23	10	93	962	1	868	0.0	1423
78cf37cd-a0cc-4df8-9e5e-36a986f9d8c0	gb:MH546879|Organism:Influenza	98.878	891	9	1	97	987	1	890	0.0	1589
e83c1285-b3fe-4c73-ab2b-38e555cb0ec2	gb:MW872139|Organism:Influenza	95.000	900	28	15	99	991	890	1	0.0	1397
2ff13f7d-68e2-44e4-93ce-af405d01602c	gb:MH546879|Organism:Influenza	96.433	897	21	9	93	985	1	890	0.0	1469
51fb7c85-3b4d-4d89-b1d8-ff997a795ff7	gb:MH546879|Organism:Influenza	95.754	895	21	15	97	979	890	1	0.0	1426
56525c9d-8053-439b-8f2d-c22d5ec20773	gb:MH637219|Organism:Influenza	92.045	880	46	21	102	964	873	1	0.0	1216
1f0b63f9-64e5-4ae8-b7cd-eb002a3cd6be	gb:MH546879|Organism:Influenza	91.473	903	38	29	99	981	885	2	0.0	1205
9a8ccc7a-fe26-4176-b72f-9f460c53af2e	gb:MH546879|Organism:Influenza	95.318	897	27	15	90	978	1	890	0.0	1410
887b2e07-1d54-419c-b9a6-142c4bdfb984	gb:MH637219|Organism:Influenza	93.605	907	28	19	94	991	1	886	0.0	1327
ef9ba7b3-ce70-42d7-a063-c9680ca1f597	gb:MH546879|Organism:Influenza	97.987	894	13	5	88	980	1	890	0.0	1546
f9795c35-a260-4591-a926-949d9c9562c3	gb:MH546879|Organism:Influenza	96.980	894	18	7	91	979	1	890	0.0	1493
1abef70e-0c2f-4135-be03-f2bafdf2976d	gb:KY644399|Organism:Influenza	88.743	915	58	36	96	991	889	1	0.0	1077
7ec617f1-ff2a-4270-a878-13a60f0bc780	gb:MH546879|Organism:Influenza	98.208	893	11	5	100	990	890	1	0.0	1555
7a3c581b-f3d7-4b24-a743-4cc18a11c5bb	gb:MH546879|Organism:Influenza	98.206	892	11	5	97	985	890	1	0.0	1554
90d3b985-d2ef-4213-9486-aaa788add2db	gb:MW872189|Organism:Influenza	98.637	1027	8	3	2405	3425	1027	1	0.0	1814
31f67825-254c-4627-9821-7294fe81a183	gb:MH546879|Organism:Influenza	93.142	904	28	22	100	983	1	890	0.0	1295
962e7b47-424c-4000-a7d9-8a9e8d9e701d	gb:MH546879|Organism:Influenza	97.309	892	14	8	94	977	1	890	0.0	1506
58cdc820-a907-45d5-9229-4c5b645d4832	gb:MK995698|Organism:Influenza	98.764	890	8	2	675	1561	890	1	0.0	1580
f743e598-0b7b-415e-b3ab-3f83e43f607b	gb:MH546879|Organism:Influenza	98.653	891	9	3	97	985	890	1	0.0	1576
e8130859-7ec3-46a8-bbc8-256e18edbfba	gb:MH546879|Organism:Influenza	97.872	893	15	3	93	984	1	890	0.0	1541
8fd28586-22d9-4090-aeaa-9d2f2106fac9	gb:MH546879|Organism:Influenza	97.872	893	10	9	100	986	890	1	0.0	1535
8ec9569f-5e62-4d18-b30f-fa80b3ad9449	gb:MH546879|Organism:Influenza	93.008	901	29	29	699	1576	890	1	0.0	1284
a0f385df-26c5-4c25-93df-771a679e360c	gb:MK995789|Organism:Influenza	96.774	899	18	9	101	997	890	1	0.0	1489
f2f1c2ad-de47-4c88-b64b-eb406de43b97	gb:MK345707|Organism:Influenza	98.604	1003	10	3	711	1710	1002	1	0.0	1772
e973a875-f63e-40ec-9160-d754a54b6d94	gb:MH546879|Organism:Influenza	96.288	889	20	12	85	962	1	887	0.0	1447
3740b510-092e-4550-88c5-591f78c75fa4	gb:MH546879|Organism:Influenza	96.861	892	16	8	96	977	1	890	0.0	1482
44f34027-cee5-4c38-af72-f7bbca84a4ad	gb:MH546879|Organism:Influenza	98.318	892	10	5	92	980	1	890	0.0	1559
0438468c-25e9-4c2c-98f6-c5192e65ae52	gb:MH546879|Organism:Influenza	95.628	892	25	13	90	969	1	890	0.0	1419
4661446a-a329-40fc-97fb-e8ad1ed21e5b	gb:MH546879|Organism:Influenza	96.868	894	18	8	97	984	890	1	0.0	1487
d9ff8dc2-c216-41a5-a9ef-51ce015be81a	gb:MH546879|Organism:Influenza	97.430	895	14	7	87	977	1	890	0.0	1517
df10c031-144f-45aa-80f4-2d6c581302af	gb:CY166537|Organism:Influenza	94.489	871	33	12	98	959	865	1	0.0	1328
91de59c3-99e4-49d2-8d4d-a0b2aa3f4050	gb:MH546879|Organism:Influenza	95.861	894	28	9	95	983	890	1	0.0	1437
cf86e261-d583-4303-9cdb-2e1257b70d6e	gb:MH546879|Organism:Influenza	96.857	891	19	5	89	971	890	1	0.0	1482
1c7969dc-c1e2-457c-96f0-37d46bfe92d5	gb:MH546879|Organism:Influenza	96.659	898	16	12	94	985	1	890	0.0	1480
c5f6ef8a-ee88-4287-8ca1-401d71129280	gb:MH546879|Organism:Influenza	97.427	894	14	6	92	980	890	1	0.0	1515
3e8a5085-41cf-4022-939f-1d5779f2d45c	gb:MH546879|Organism:Influenza	97.775	899	10	7	95	992	1	890	0.0	1541
cea6fa81-bdb1-454a-a790-852cfea8c7a8	gb:MH546879|Organism:Influenza	97.536	893	12	6	91	976	890	1	0.0	1519
0b6ac52a-6973-486c-867d-fde1c3483e4a	gb:MH546879|Organism:Influenza	95.759	896	20	15	97	980	890	1	0.0	1428
ba4727af-336e-4e09-9f36-7e5eb9efe2b1	gb:MH546879|Organism:Influenza	98.316	891	12	2	93	981	890	1	0.0	1559
ce4436ce-5f72-4ac5-af96-a8669198bbd1	gb:MH546879|Organism:Influenza	96.184	891	21	9	96	974	1	890	0.0	1445
862d3a1a-d0dc-48e0-9f3b-a8dd821f195f	gb:MH546879|Organism:Influenza	97.865	890	10	5	119	999	890	1	0.0	1530
716e209b-34c7-489b-83c7-394bf4093ac1	gb:MH546879|Organism:Influenza	97.306	891	13	8	97	977	890	1	0.0	1502
79bf891e-b062-47ab-9800-7574b70243b3	gb:MH546879|Organism:Influenza	97.312	893	15	7	91	977	1	890	0.0	1507
76d054bb-9c8f-4b8e-a438-316156251c07	gb:MH546879|Organism:Influenza	97.531	891	9	4	93	971	890	1	0.0	1511
fe2d7e42-b770-44c8-96fa-34342188e665	gb:MH546879|Organism:Influenza	97.872	893	15	3	91	982	1	890	0.0	1541
4cd16231-eeea-41c6-8e0e-47511fc017c1	gb:MH546879|Organism:Influenza	95.312	896	23	14	95	977	1	890	0.0	1404
09d31aef-ee51-4541-b8f7-134e0dc620c3	gb:MH637219|Organism:Influenza	93.386	892	43	13	108	989	886	1	0.0	1306
8c6395b2-9ed5-4f03-874c-eb007bb48858	gb:MH546879|Organism:Influenza	97.984	893	11	5	1108	1996	890	1	0.0	1543
ba9474bc-76d4-422e-a257-161a32f58927	gb:MH546879|Organism:Influenza	98.652	890	12	0	91	980	1	890	0.0	1578
34616766-7c23-481f-8903-b87c234df5de	gb:MH546879|Organism:Influenza	98.427	890	11	2	93	979	890	1	0.0	1563
5bbd08cf-49cb-4d38-b374-a572ac03adda	gb:MH546879|Organism:Influenza	97.419	891	15	6	95	978	890	1	0.0	1511
bd9065dc-753d-4882-8926-a0d6745e8852	gb:MH637323|Organism:Influenza	95.147	886	27	15	95	971	11	889	0.0	1384
3f4a98e3-d830-480d-b36f-07fe7586e90b	gb:MH546879|Organism:Influenza	98.202	890	10	4	124	1007	890	1	0.0	1550
beeee569-c031-4b0d-a4b7-8731bbf9634c	gb:MH546879|Organism:Influenza	97.422	892	17	6	84	971	890	1	0.0	1515
acf5d2d2-b806-4255-9d10-35fc55b0ae77	gb:MH546879|Organism:Influenza	95.536	896	20	16	1141	2022	1	890	0.0	1415
acf5d2d2-b806-4255-9d10-35fc55b0ae77	gb:MH546879|Organism:Influenza	95.158	888	22	19	105	980	879	1	0.0	1382
0f890f22-8eda-443e-b232-b53f20c034db	gb:MK995698|Organism:Influenza	98.316	891	13	2	1163	2052	890	1	0.0	1561
a5d37e31-ec2f-4792-abea-009581d6ac4b	gb:MH546879|Organism:Influenza	96.218	899	19	12	98	990	890	1	0.0	1458
ba6d4326-cff1-4319-9743-2f4ec6a31631	gb:MK995720|Organism:Influenza	91.180	873	44	25	103	946	869	1	0.0	1155
b7d12a2b-cd2f-4b83-a858-e3cc3e1fc9dd	gb:MH546879|Organism:Influenza	98.427	890	11	3	96	982	1	890	0.0	1563
b7d12a2b-cd2f-4b83-a858-e3cc3e1fc9dd	gb:MH546879|Organism:Influenza	83.278	897	51	56	1074	1878	890	1	0.0	734
66cf836c-5ac8-43b3-8e50-2b59b84bbcb4	gb:MH546879|Organism:Influenza	96.210	897	17	10	87	973	890	1	0.0	1452
b31aeaf7-2053-49be-a6ac-2e60c5b92f8c	gb:MH546879|Organism:Influenza	98.098	894	10	7	93	983	890	1	0.0	1550
0880e946-27ba-4a23-b436-a05024ef8356	gb:MH546879|Organism:Influenza	97.978	890	17	1	94	982	890	1	0.0	1543
767f8cb6-fa32-4cd5-87a2-7ae883817f1f	gb:MH546879|Organism:Influenza	98.427	890	11	2	95	981	890	1	0.0	1563
b7c42043-8dd6-46ef-8acc-765512a339cf	gb:MH546879|Organism:Influenza	98.543	892	11	1	91	982	1	890	0.0	1574
c8ea6943-8b1a-476b-a5fa-f03260e900ce	gb:MH546879|Organism:Influenza	95.978	895	19	9	94	976	1	890	0.0	1437
3d4dd932-97f6-4d0d-91da-63f67ffa9718	gb:KY818823|Organism:Influenza	93.379	876	33	17	98	959	1	865	0.0	1273
300b724a-83aa-40c9-876c-836de86d5a37	gb:MH546879|Organism:Influenza	94.637	895	29	16	92	972	1	890	0.0	1369
6a031424-9670-405e-871e-66a892cd4b12	gb:KT887295|Organism:Influenza	95.095	897	23	17	692	1574	1	890	0.0	1393
8c500dfc-82ca-44b0-bbe3-56c995579c1d	gb:MT565522|Organism:Influenza	93.884	327	11	9	1423	1744	1243	1565	9.80e-135	484
8c500dfc-82ca-44b0-bbe3-56c995579c1d	gb:MT565522|Organism:Influenza	97.692	130	1	2	1305	1432	1	130	8.48e-56	222
f546a7f0-1810-4877-a7b2-17fd6b5272c3	gb:MH546879|Organism:Influenza	98.210	894	10	4	100	991	1	890	0.0	1557
e5d2d26a-3f87-4ef4-9513-f8174a0e7fd6	gb:MK913496|Organism:Influenza	96.380	1464	42	10	708	2163	1461	1	0.0	2399
0679df98-d131-4441-9f81-f29420f093e9	gb:MH546879|Organism:Influenza	98.315	890	10	4	88	972	890	1	0.0	1555
9a2e7c62-8690-4c87-a22f-267d09214ec2	gb:MH546879|Organism:Influenza	98.429	891	10	4	93	980	890	1	0.0	1565
4a5550c9-08b6-48e0-b19f-2ead085d815e	gb:MH546879|Organism:Influenza	97.082	891	19	6	677	1561	890	1	0.0	1495
f4c84de7-7073-4cb9-a277-a4b85c317613	gb:MH546879|Organism:Influenza	96.861	892	19	9	90	974	890	1	0.0	1483
b80eadb6-8b7e-47d3-a420-92602ddd3372	gb:MH546879|Organism:Influenza	98.318	892	9	4	92	979	1	890	0.0	1559
acd9c6c9-3687-4422-acff-60e5be423977	gb:MH546879|Organism:Influenza	97.872	893	14	5	94	984	890	1	0.0	1539
708b8d18-3223-4564-be4a-96344ec50cb5	gb:MH546879|Organism:Influenza	97.430	895	13	7	95	984	1	890	0.0	1517
2a7b0ff1-5460-4324-a8ea-57a17048aba5	gb:MH546879|Organism:Influenza	97.982	892	12	5	93	980	890	1	0.0	1543
598ef099-4abb-464f-aabf-7dc917bf2da7	gb:MK995698|Organism:Influenza	96.417	893	19	11	694	1576	890	1	0.0	1459
9605124f-c161-4ac8-8fcd-e35d63d57c96	gb:MH546879|Organism:Influenza	96.300	892	24	9	94	978	890	1	0.0	1456
ad4f3b89-2bb5-4427-82b6-bd03deb7fa79	gb:MH546879|Organism:Influenza	98.541	891	11	2	102	991	890	1	0.0	1572
ce88a32e-54ba-4424-a9bd-5aafab399c03	gb:MH546879|Organism:Influenza	97.648	893	12	7	693	1579	890	1	0.0	1524
fc3bf0fd-7c59-42b6-93d2-30ff84644ed4	gb:MW872189|Organism:Influenza	97.765	1029	12	8	669	1688	1	1027	0.0	1762
65f0ad91-d169-453e-b357-bcbe42b6d255	gb:MH546879|Organism:Influenza	97.427	894	14	9	96	984	1	890	0.0	1515
b16e9684-07cd-4be7-a1f6-53b9959ff989	gb:MH546879|Organism:Influenza	96.760	895	18	9	98	986	890	1	0.0	1482
0b00b048-ba10-4cfa-a92a-c94b1ca8d61f	gb:MH546879|Organism:Influenza	97.079	890	19	3	99	981	890	1	0.0	1493
d6d72e1d-a117-4845-be1b-76f3c8494024	gb:MH546879|Organism:Influenza	98.541	891	10	3	99	987	1	890	0.0	1570
340d9534-a86e-4814-b57c-29e15882f32c	gb:MH546879|Organism:Influenza	96.184	891	19	12	90	969	1	887	0.0	1443
15fa39a2-4d51-4353-bab7-bf0296853cb8	gb:MT825055|Organism:Influenza	98.348	1029	11	6	692	1716	1	1027	0.0	1801
72fccbea-f1f0-4ab6-aad7-fbc8f8df818a	gb:MT818944|Organism:Influenza	95.302	894	29	12	93	977	1	890	0.0	1406
c98a60e3-fe08-4ec8-9fa6-6779556ae9cc	gb:MH546879|Organism:Influenza	98.655	892	9	3	96	986	890	1	0.0	1578
4c23a88b-2e85-4733-b26e-2ec79cfec3e9	gb:MH637323|Organism:Influenza	89.049	904	58	34	93	970	1	889	0.0	1083
979b0cb7-c94e-4bd3-9d61-6157c1e9c64f	gb:MW872185|Organism:Influenza	93.444	900	41	15	87	978	1	890	0.0	1319
fb231c18-871e-479e-982a-a37d35150eed	gb:MH546879|Organism:Influenza	96.098	897	22	10	88	978	890	1	0.0	1450
e5fe05cb-1cfc-4d39-876a-eb7d672a6fa7	gb:MH546879|Organism:Influenza	97.534	892	15	6	94	980	890	1	0.0	1519
70a4677f-b262-4418-a236-405c4e585865	gb:MH546879|Organism:Influenza	96.271	885	19	12	111	985	890	10	0.0	1439
793d1c02-ef8c-4eb3-9c99-647565c82eeb	gb:MH546879|Organism:Influenza	96.976	893	16	10	92	976	1	890	0.0	1489
70bda04e-bf51-4b05-a7f3-9b6b0d97ce22	gb:MH546879|Organism:Influenza	95.560	901	25	12	99	995	890	1	0.0	1428
e10e85a6-bb0d-4539-ab9d-08e5fbbc068e	gb:MH546879|Organism:Influenza	97.868	891	15	4	97	984	890	1	0.0	1537
37cc11ed-89af-48dc-b180-7281e9b97582	gb:MH546879|Organism:Influenza	96.868	894	16	11	86	971	890	1	0.0	1485
a25ab027-8640-4d69-9581-0742c69f3726	gb:MH546879|Organism:Influenza	96.875	896	18	10	89	980	890	1	0.0	1491
b824bec4-b1ed-44f1-bcee-52d0fb88c955	gb:MH546879|Organism:Influenza	96.421	894	21	10	91	977	1	890	0.0	1463
11e7515d-f086-413c-8656-dd593b54cb38	gb:MH546879|Organism:Influenza	98.318	892	12	3	94	984	890	1	0.0	1561
874786a3-c971-483a-b68d-b258b0815c56	gb:MK995698|Organism:Influenza	97.098	896	13	7	2291	3179	890	1	0.0	1498
874786a3-c971-483a-b68d-b258b0815c56	gb:MK995698|Organism:Influenza	95.556	900	20	12	699	1588	890	1	0.0	1423
26384554-49a5-45ad-b9bb-1550b5912575	gb:MT818944|Organism:Influenza	96.171	888	20	12	98	974	890	6	0.0	1439
ec93c6b8-820d-46bb-bede-26b4b1340491	gb:MH546879|Organism:Influenza	97.648	893	18	2	87	979	890	1	0.0	1530
ec93c6b8-820d-46bb-bede-26b4b1340491	gb:MH546879|Organism:Influenza	97.528	890	18	3	1142	2027	1	890	0.0	1519
fba8b12c-5ef0-4c3a-a8f9-4d6dc0b58863	gb:MH546879|Organism:Influenza	96.421	894	16	13	95	976	1	890	0.0	1459
5bf60f1b-c52f-40a8-83f6-9d4bb406adde	gb:MH546879|Organism:Influenza	97.536	893	14	7	97	984	890	1	0.0	1520
53f91214-f0e6-437a-9753-0f07cacd3769	gb:MH546879|Organism:Influenza	97.877	895	12	5	96	988	890	1	0.0	1541
b5d80cfc-bc7a-49bb-9e54-21a313180bc7	gb:MH546879|Organism:Influenza	96.749	892	14	10	97	975	1	890	0.0	1472
2d11258a-7352-4fd9-b441-088f641fa494	gb:MH546879|Organism:Influenza	97.758	892	13	6	102	988	1	890	0.0	1530
4c7ce75e-686f-46d4-bc51-03b6f6778e99	gb:MT824904|Organism:Influenza	96.372	441	12	4	1280	1718	1730	1292	0.0	723
4c7ce75e-686f-46d4-bc51-03b6f6778e99	gb:MT824904|Organism:Influenza	94.463	307	10	5	1717	2020	304	2	3.94e-129	466
87990d8a-f1ae-40a3-9a79-71892aae108a	gb:MH546879|Organism:Influenza	97.760	893	12	5	92	979	890	1	0.0	1531
75840e3f-b6fc-4cbe-b677-ef9a6d7303b1	gb:MH546879|Organism:Influenza	98.316	891	12	3	99	987	890	1	0.0	1559
3d0e4074-7b4d-4f38-9d36-a2ce7304e3b5	gb:MH546879|Organism:Influenza	97.870	892	9	4	98	981	890	1	0.0	1533
e9c246b0-9202-4795-9e3a-fdfcbec66790	gb:MN254264|Organism:Influenza	93.534	897	25	22	85	955	890	1	0.0	1304
539a36c0-dbb3-40be-9457-c7c32a655d55	gb:MH546879|Organism:Influenza	96.868	894	16	10	96	981	890	1	0.0	1485
7bbd0410-26f4-48d9-8b8b-56916e5a5661	gb:MK995698|Organism:Influenza	97.643	891	18	3	1317	2205	890	1	0.0	1526
89eb59cd-9223-4058-a8e0-25dbf86f20e9	gb:MH546879|Organism:Influenza	97.200	893	13	8	97	980	1	890	0.0	1500
490eb06e-ee0b-4b18-86f5-878e66254be7	gb:MH546879|Organism:Influenza	96.973	892	16	9	91	973	1	890	0.0	1487
e4ff8699-437a-4cba-8ea2-adb235dbb19a	gb:MH546879|Organism:Influenza	98.989	890	9	0	100	989	1	890	0.0	1594
00ba4cf5-b5f7-4e6f-889c-1a2fe71c66c7	gb:MH546879|Organism:Influenza	98.764	890	10	1	94	982	890	1	0.0	1581
488f16c6-0604-44bd-aa89-73121e32b242	gb:MH546879|Organism:Influenza	98.318	892	12	3	90	980	890	1	0.0	1561
564a9b78-7e68-41b1-92c5-8975cc03b065	gb:MH412413|Organism:Influenza	96.418	1033	19	14	1292	2314	1	1025	0.0	1687
cbc2abd3-1ac5-4079-b049-23768327d56f	gb:MH546327|Organism:Influenza	93.311	897	30	20	101	974	1	890	0.0	1297
4c929be7-0d19-4540-ac8c-eeacf6bcecbb	gb:MH412413|Organism:Influenza	98.051	1026	12	6	1265	2283	1025	1	0.0	1777
454f9373-4653-4169-ab76-431c3395c552	gb:MH546879|Organism:Influenza	97.865	890	18	1	99	987	890	1	0.0	1537
98a5f552-031d-4db8-9947-3578f1b38f01	gb:MH546879|Organism:Influenza	98.539	890	11	1	93	980	1	890	0.0	1570
c33c08dc-3ea6-448d-a3b7-8117d25acd14	gb:MH546879|Organism:Influenza	98.090	890	13	3	93	978	890	1	0.0	1546
c613ef38-046f-4841-8db0-894070368b63	gb:MH546879|Organism:Influenza	98.429	891	11	3	87	975	1	890	0.0	1565
01494d7b-fa9c-4355-b785-4a1b997e8ddc	gb:MW872189|Organism:Influenza	98.638	1028	11	3	925	1950	1027	1	0.0	1818
003eaf30-551d-4777-9b7b-54e2755da0b9	gb:MT818724|Organism:Influenza	97.595	499	7	4	665	1159	1027	530	0.0	850
003eaf30-551d-4777-9b7b-54e2755da0b9	gb:MT818724|Organism:Influenza	82.664	473	34	33	1153	1583	558	1024	5.67e-102	375
fd3fb702-f64c-4952-8c44-f9c0c63bf503	gb:MT824594|Organism:Influenza	96.319	1467	28	19	666	2111	1462	1	0.0	2386
ec2fdfa8-4d1e-4545-8800-ada8dbe728d4	gb:MH546879|Organism:Influenza	98.427	890	12	1	95	982	1	890	0.0	1565
78aa90ac-36ad-4862-af93-48e9ae73ec47	gb:MT818944|Organism:Influenza	96.738	889	18	9	94	974	5	890	0.0	1471
8053b53b-38b0-40b8-9afd-6a93c2d777a5	gb:MH546879|Organism:Influenza	97.309	892	19	5	99	987	890	1	0.0	1509
a8fcb28f-6f46-47b0-8641-841ab2afe8cb	gb:MH546879|Organism:Influenza	97.763	894	15	5	94	986	890	1	0.0	1535
db940f44-ee4d-47c2-beee-7159fcefcf2a	gb:MH546879|Organism:Influenza	96.300	892	23	8	96	980	889	1	0.0	1456
315279b0-f566-47b3-9b4b-10e7845aae5a	gb:MH546879|Organism:Influenza	97.872	893	13	4	97	986	1	890	0.0	1539
ce0a2363-fce0-4101-9f29-b775a57dbbd9	gb:MH546879|Organism:Influenza	98.096	893	11	5	96	985	890	1	0.0	1550
54464425-a2d1-45a1-93d2-770ce3e7172b	gb:MH546879|Organism:Influenza	96.641	893	20	9	95	980	890	1	0.0	1474
6cf0ff64-7c65-421d-b3fd-33b62b883fb6	gb:MH546879|Organism:Influenza	95.991	873	25	9	91	958	1	868	0.0	1410
8d19deba-6369-4325-835b-551993edc442	gb:MH546879|Organism:Influenza	97.427	894	16	5	95	985	1	890	0.0	1517
62409b5f-2a4f-4083-bab3-dd7105f6a411	gb:MH546879|Organism:Influenza	95.243	883	20	17	100	964	890	12	0.0	1378
3208d1a2-5361-4133-8ea5-2541431762d6	gb:MH546879|Organism:Influenza	97.978	890	11	5	87	969	890	1	0.0	1537
7e2bc5c8-814f-492c-ab9c-364d228a0dd4	gb:MH546879|Organism:Influenza	97.978	890	12	6	87	970	1	890	0.0	1539
a25e71b8-670d-4099-bb04-faa3a1ea123d	gb:MH546879|Organism:Influenza	94.203	897	28	20	113	992	890	1	0.0	1347
38c16c80-f3ae-404a-ac3b-b0b2c7a597a8	gb:MH546879|Organism:Influenza	98.541	891	12	1	690	1580	1	890	0.0	1572
37309f44-437d-4f41-817c-0427dcae12d4	gb:MH546879|Organism:Influenza	98.675	679	5	4	1264	1938	890	212	0.0	1201
37309f44-437d-4f41-817c-0427dcae12d4	gb:MH546879|Organism:Influenza	98.969	97	1	0	1934	2030	97	1	2.70e-41	174
b1071a64-70c5-4a3c-a239-39223e45249b	gb:MH546879|Organism:Influenza	97.748	888	17	3	93	979	890	5	0.0	1526
492bd82e-3ab7-449f-bdc1-a3ad38ce1f43	gb:MH546879|Organism:Influenza	97.989	895	13	4	97	991	1	890	0.0	1548
492bd82e-3ab7-449f-bdc1-a3ad38ce1f43	gb:MH546879|Organism:Influenza	96.973	892	18	6	1155	2039	890	1	0.0	1489
a05fb6d3-55af-4130-9d63-eaf8b593884d	gb:MH546879|Organism:Influenza	97.868	891	11	5	95	978	1	890	0.0	1533
07d4268c-317c-407e-94e2-e9f3fc17a1af	gb:MH546879|Organism:Influenza	97.865	890	14	5	93	979	890	3	0.0	1533
84702a99-38cf-4151-ba17-03c1ae85d505	gb:MT818944|Organism:Influenza	97.755	891	15	5	85	971	1	890	0.0	1530
3a4e479d-5619-4507-81f8-ec93cef6ba98	gb:MH546879|Organism:Influenza	98.653	891	9	2	94	982	1	890	0.0	1576
15328668-e051-44ad-b32d-d9beefc9810b	gb:MH546879|Organism:Influenza	96.085	894	21	13	91	974	890	1	0.0	1445
d707dd4f-9b75-43ef-9279-9bb5831e4bc5	gb:MH637323|Organism:Influenza	96.433	897	22	8	99	993	1	889	0.0	1471
19b75eec-ccd7-425e-ac57-a6b2b5d1350f	gb:MH546879|Organism:Influenza	95.531	895	23	12	101	983	890	1	0.0	1415
19cb6297-933f-45f6-9041-ae4a97b23b06	gb:MH546879|Organism:Influenza	97.204	894	17	4	84	973	1	890	0.0	1506
f45ed0cc-1ce3-432c-ae49-65d7665e8c2e	gb:MH546879|Organism:Influenza	93.512	894	35	21	100	975	889	1	0.0	1308
5eeca526-9769-4c22-abc3-755225968730	gb:MH546879|Organism:Influenza	96.861	892	18	6	98	981	1	890	0.0	1483
27e12ab8-6b59-498a-ab80-b6a5e96868e1	gb:MH546879|Organism:Influenza	98.989	890	9	0	97	986	890	1	0.0	1594
98282589-d5d7-4609-9ecd-85c19311eaad	gb:MH546879|Organism:Influenza	98.202	890	12	3	100	985	890	1	0.0	1552
0f3f0999-a887-4dd6-8187-dcb282cc765f	gb:MH546879|Organism:Influenza	96.865	893	17	10	93	977	890	1	0.0	1483
d773ef6f-2098-48e1-b73c-36769cfa6534	gb:HM370957|Organism:Influenza	100.000	301	0	0	685	985	2341	2041	1.37e-156	556
509f198b-c545-4311-bb0e-0d8725371ff4	gb:HM370970|Organism:Influenza	96.246	293	5	3	680	967	736	1027	5.38e-132	475
9e42634c-81e4-4660-8802-a9423536b262	gb:MH546879|Organism:Influenza	92.705	891	35	26	122	987	890	5	0.0	1258
6bb2352e-5fac-471b-ad35-acbc280b5622	gb:MH546879|Organism:Influenza	97.219	899	15	8	95	992	1	890	0.0	1513
4ef4fdf7-6d9a-4f07-8425-460985d37b7a	gb:MW872189|Organism:Influenza	97.090	1031	13	11	690	1707	1027	1	0.0	1722
bcf3e91c-262e-4372-b6b8-77d55e27de02	gb:MH546879|Organism:Influenza	98.315	890	12	2	93	979	890	1	0.0	1557
4e72c4d3-b029-43bf-83ff-5fe04e4009cd	gb:OL782162|Organism:Influenza	88.449	909	53	40	99	975	889	1	0.0	1050
4b36de57-c612-4d7c-88a2-1fbaff68f5c0	gb:MK995686|Organism:Influenza	93.987	898	33	16	1475	2359	1	890	0.0	1339
ea6d6e17-487a-4ef7-a96e-035f739fbf33	gb:MH546215|Organism:Influenza	94.943	870	27	15	106	963	1	865	0.0	1347
13006e88-1f64-41e9-9e82-df00d9a70073	gb:MH546879|Organism:Influenza	95.414	894	22	13	98	976	1	890	0.0	1406
52ee5baf-a6fa-4dd8-aa9c-e901e9e46869	gb:MH546879|Organism:Influenza	95.987	897	21	11	93	981	1	890	0.0	1443
da0376f0-5d0c-4562-a6c7-4c00475897f3	gb:MH546879|Organism:Influenza	96.429	896	18	8	94	981	1	890	0.0	1465
315fbf27-dd03-4602-846b-9c7984e0d179	gb:MH546879|Organism:Influenza	98.280	872	10	5	738	1607	869	1	0.0	1522
2b1c1cee-6f2b-42c3-a97a-4be9d154b11f	gb:MT818944|Organism:Influenza	97.542	895	13	6	97	987	890	1	0.0	1522
dda4023d-a172-40c3-bcc0-67361d43db20	gb:MH546879|Organism:Influenza	96.544	897	19	6	93	984	1	890	0.0	1474
a234d49e-cdbe-4c18-b5c1-6c7fdf73fba0	gb:MH546879|Organism:Influenza	96.745	891	14	10	92	968	890	1	0.0	1471
7dea7f08-d067-45c3-a50f-cf0d6765ed97	gb:MK913496|Organism:Influenza	97.336	1464	33	5	1241	2701	1461	1	0.0	2483
40ce836c-59e5-4a9c-8fdd-db3e6617901d	gb:MH546879|Organism:Influenza	98.434	894	10	4	91	984	1	890	0.0	1570
c291b81d-cfc3-494f-ad32-df2babac3fe3	gb:MH546879|Organism:Influenza	97.427	894	18	3	96	988	890	1	0.0	1519
745944ac-8c56-4e0d-af65-db889b52ffab	gb:MH546879|Organism:Influenza	96.980	894	19	8	90	979	890	1	0.0	1495
1717f4f6-79d1-4d8e-a82b-7e3e8b6ba370	gb:MH546879|Organism:Influenza	96.425	895	15	13	2655	3537	1	890	0.0	1459
e83c8008-bfae-4323-8fb7-6698234074ae	gb:MH546879|Organism:Influenza	98.989	890	8	1	97	985	890	1	0.0	1592
d37ff6e0-5f59-4d87-9dcc-03c4eac67abe	gb:MH546879|Organism:Influenza	97.207	895	15	10	98	987	890	1	0.0	1506
cd7b5a0b-7172-46da-92b1-3b26ff7db332	gb:MK326794|Organism:Influenza	97.531	891	12	6	100	981	890	1	0.0	1515
198e69a4-79ed-484a-b04e-19506c241c3f	gb:MH546879|Organism:Influenza	98.879	892	8	2	94	985	1	890	0.0	1591
3bb74950-67dd-445a-b9ce-2a8ad08d91bf	gb:MH546879|Organism:Influenza	96.197	894	24	9	665	1552	1	890	0.0	1454
55d42b16-4234-435a-8922-c7fb9e6d1be3	gb:MH546879|Organism:Influenza	97.868	891	16	3	92	980	1	890	0.0	1537
6bbc2a13-07a1-41f7-8288-a2fa36f22d6f	gb:MH546879|Organism:Influenza	97.651	894	14	6	91	981	890	1	0.0	1528
494d2893-be8e-4e8c-9715-1a1c54d58d40	gb:MH546879|Organism:Influenza	97.433	896	13	10	104	995	890	1	0.0	1519
0493598d-b826-4824-a323-d9b95967090d	gb:MH546879|Organism:Influenza	98.212	895	11	3	1116	2010	1	890	0.0	1559
dc1577ef-d864-493e-b1ce-612e4e177363	gb:MH546879|Organism:Influenza	98.765	891	10	1	90	980	1	890	0.0	1583
49660f59-bf0d-4a98-b9dc-c424de5ad4f8	gb:MH546879|Organism:Influenza	97.987	894	11	5	96	986	890	1	0.0	1544
8e4d283a-f6f9-4224-98f1-36bf226b4102	gb:MH546879|Organism:Influenza	95.978	895	21	13	80	964	1	890	0.0	1439
99bd0490-989a-48a4-a821-b7d8b04d6a9d	gb:MH546879|Organism:Influenza	98.430	892	10	3	94	983	1	890	0.0	1567
b45cc782-c377-4a86-8909-8dd602e9e146	gb:MH546879|Organism:Influenza	98.092	891	14	3	94	982	890	1	0.0	1548
60fc5fe5-cacb-4dcc-b067-592c0017adde	gb:MT818944|Organism:Influenza	97.098	896	16	10	1086	1977	890	1	0.0	1502
60fc5fe5-cacb-4dcc-b067-592c0017adde	gb:MT818944|Organism:Influenza	96.868	894	18	9	93	980	1	890	0.0	1487
cd9dfa04-5d00-4f6e-ba7e-bd5f02cfa1df	gb:MH546879|Organism:Influenza	98.430	892	8	5	696	1583	1	890	0.0	1565
d96e630f-a5b6-4afd-a3d6-fcacabcd74c5	gb:MH546879|Organism:Influenza	97.651	894	14	4	98	988	890	1	0.0	1528
c3d61000-d84e-4a87-9a32-8118cc53f60b	gb:MH546879|Organism:Influenza	96.317	896	20	8	87	975	1	890	0.0	1459
b1273807-9ec3-4a07-9252-64e84dc28341	gb:MH546879|Organism:Influenza	97.424	893	15	7	96	983	890	1	0.0	1515
fc50a4e1-a594-4781-b8ab-6d5340b0867a	gb:MH546879|Organism:Influenza	97.534	892	12	7	81	964	1	890	0.0	1517
cf5c4bcf-0766-4c6d-b616-63b4113faf45	gb:MH546879|Organism:Influenza	97.188	889	13	10	90	968	1	887	0.0	1493
bb527c78-52e1-4e90-9bb7-302f8ec5e700	gb:MH546879|Organism:Influenza	97.531	891	18	3	118	1005	1	890	0.0	1520
2ba322ed-4f90-44ea-b52b-1c1d14906269	gb:MH546879|Organism:Influenza	97.654	895	16	2	85	979	890	1	0.0	1531
75f264d9-ea75-4bb4-a0c3-426046bdf54c	gb:MH546879|Organism:Influenza	96.193	893	21	11	97	979	1	890	0.0	1448
528e0167-314d-457d-883b-b2890eb7a5cb	gb:HM370970|Organism:Influenza	97.619	294	1	3	705	994	1027	736	2.38e-139	499
1506cda5-7131-4a37-8abb-49a3633468fb	gb:MH546879|Organism:Influenza	96.644	894	17	9	116	1000	890	1	0.0	1472
d617f8fc-c12f-4e80-b757-806baf19175f	gb:MW872189|Organism:Influenza	99.125	1028	7	2	1826	2852	1027	1	0.0	1847
d617f8fc-c12f-4e80-b757-806baf19175f	gb:MW872189|Organism:Influenza	97.575	1031	19	5	671	1699	1	1027	0.0	1760
9f82e866-171d-4b86-8faa-a4df027a55c0	gb:MH546879|Organism:Influenza	98.094	892	12	2	99	987	890	1	0.0	1548
a6c38e20-5af6-4038-bc78-23db295f2949	gb:MT818944|Organism:Influenza	98.204	891	14	2	97	986	1	890	0.0	1555
2c220e49-64ef-4cf4-a103-3e500aa9b56f	gb:MT824667|Organism:Influenza	94.913	1730	74	11	1321	3043	1	1723	0.0	2695
17f33d88-6926-4233-9661-bb59c27a5030	gb:MT824898|Organism:Influenza	97.079	890	19	5	695	1577	890	1	0.0	1493
658578ec-10d8-45cb-bac5-2851b5de6b87	gb:MH546879|Organism:Influenza	97.651	894	16	5	704	1596	1	890	0.0	1530
6da798c1-dea9-4f5a-9e42-ade97800f7ef	gb:CY036249|Organism:Influenza	100.000	116	0	0	97	212	1	116	1.98e-54	215
6da798c1-dea9-4f5a-9e42-ade97800f7ef	gb:CY036249|Organism:Influenza	97.802	91	0	2	210	298	96	6	1.22e-36	156
00e20df7-6ec3-43b1-885a-b60ea5a5c2f0	gb:MH546879|Organism:Influenza	94.469	904	26	17	94	987	1	890	0.0	1371
d19c9b9b-8156-49a9-bbe3-452f7c671704	gb:MH546879|Organism:Influenza	97.980	891	13	4	85	971	1	890	0.0	1541
309d4cd9-9862-42e2-9ea7-1af5f33f82f6	gb:MT818944|Organism:Influenza	98.313	889	10	3	96	980	3	890	0.0	1554
52254aa2-eff3-4169-b470-9c6038255fa0	gb:MH546879|Organism:Influenza	97.758	892	15	5	98	986	890	1	0.0	1531
e4625dbf-b77c-4b0c-ba0f-0943d8229c25	gb:MH546879|Organism:Influenza	98.315	890	14	1	97	985	1	890	0.0	1559
ff4b8b26-0614-4735-bf3e-08438d7d5549	gb:MH546879|Organism:Influenza	97.427	894	13	7	93	980	890	1	0.0	1515
86df1c3e-bd62-4dd2-a1e4-200ce596257c	gb:MH546879|Organism:Influenza	98.098	894	13	3	91	984	890	1	0.0	1554
5c1cd098-51ee-43db-b66c-11ee95fac6c0	gb:MH546879|Organism:Influenza	97.868	891	17	2	91	980	890	1	0.0	1539
5b3ee7b5-32ec-4eff-bf20-47a4e6aa8443	gb:MH546879|Organism:Influenza	94.543	898	27	20	101	984	1	890	0.0	1367
d063159e-904e-4c64-852c-c124f3702391	gb:MT818944|Organism:Influenza	96.749	892	20	9	88	972	1	890	0.0	1478
595b590f-0b86-40d5-958e-0dbc1030f920	gb:MH546879|Organism:Influenza	98.652	890	9	1	97	983	1	890	0.0	1574
d2552747-9431-4ba6-afb3-5a68047d7f4a	gb:MH546879|Organism:Influenza	95.434	898	19	14	98	981	890	1	0.0	1411
eececdc9-37e0-4476-9d9c-6059c815f552	gb:MH546879|Organism:Influenza	98.427	890	12	2	96	983	890	1	0.0	1565
2c714e64-db1c-4b97-9719-9da881b3965b	gb:MH411755|Organism:Influenza	96.745	891	21	5	101	989	3	887	0.0	1478
95d84ca5-7b07-4cf6-803d-a85f2ab5267d	gb:MH546879|Organism:Influenza	98.315	890	8	6	94	976	890	1	0.0	1554
8c308d18-cb12-4694-aa40-e08d97800de8	gb:MH546879|Organism:Influenza	96.072	891	16	11	87	959	890	1	0.0	1434
83972619-119f-43fb-8003-4a811702bc5c	gb:MT818944|Organism:Influenza	98.316	891	13	2	93	982	890	1	0.0	1561
abcec463-e557-4265-91b3-6740c5e7361b	gb:MH546879|Organism:Influenza	97.528	890	15	6	96	978	890	1	0.0	1515
a00b4a93-8602-45dd-a4b5-68f75f8a08a9	gb:MH546879|Organism:Influenza	96.525	892	17	9	91	970	890	1	0.0	1463
304f7c46-17d3-4bd9-b300-a195ad1946c4	gb:MH546879|Organism:Influenza	98.430	892	8	4	105	992	1	890	0.0	1565
172f0070-4e8f-4e0e-865d-4760e5b6cad6	gb:MH546879|Organism:Influenza	97.321	896	16	6	92	985	890	1	0.0	1515
91a0fe15-6297-45b4-89fb-e4ac48c6cb2e	gb:MH546879|Organism:Influenza	97.978	890	15	3	90	978	1	888	0.0	1541
12fc30f3-ad4f-4996-a49b-f2d30f02960b	gb:MH546879|Organism:Influenza	97.763	894	10	8	1781	2668	890	1	0.0	1531
d3ac5114-9682-4c95-8699-953641f6a306	gb:MH546879|Organism:Influenza	97.980	891	11	5	92	976	1	890	0.0	1539
dbf1b378-8b91-418d-b039-4bcccf19a758	gb:MH546879|Organism:Influenza	95.233	902	20	18	94	984	1	890	0.0	1406
90580f0c-93cd-41aa-9d17-abbedd8b8133	gb:MH546879|Organism:Influenza	96.197	894	17	11	121	1001	1	890	0.0	1447
398e13e9-2465-444c-8d6f-14412eab0d34	gb:MH546879|Organism:Influenza	92.444	900	28	29	91	960	1	890	0.0	1249
42e2fa7d-9fc8-4b0b-9ee0-cba4eedd39e8	gb:MH546879|Organism:Influenza	96.098	897	22	11	89	979	890	1	0.0	1450
2949949e-431f-45ca-b7de-7475aa4101f8	gb:MH546879|Organism:Influenza	95.881	874	17	17	691	1548	871	1	0.0	1397
544a6a2e-2238-4fc3-bb03-4ab57841cff9	gb:MH637323|Organism:Influenza	90.635	897	37	32	96	956	4	889	0.0	1147
f19f7485-098a-4785-999b-eccc56ab73ef	gb:MH546879|Organism:Influenza	93.805	904	28	18	80	969	1	890	0.0	1334
88cc4ce1-d082-472f-8860-c945286ef21b	gb:MH546879|Organism:Influenza	96.973	892	22	5	96	984	890	1	0.0	1493
257ddf22-8ec5-4ab7-a2eb-8f16f6b7165d	gb:MH546879|Organism:Influenza	97.534	892	11	8	95	977	890	1	0.0	1515
46f1af59-48b6-43e5-855b-44ca463347c7	gb:MH546879|Organism:Influenza	96.317	896	23	10	102	993	890	1	0.0	1463
fd33612e-f99f-49fb-a508-af0a7db4b080	gb:MH637219|Organism:Influenza	97.523	888	15	7	1138	2021	885	1	0.0	1511
fd33612e-f99f-49fb-a508-af0a7db4b080	gb:MH637219|Organism:Influenza	96.409	891	17	14	89	969	1	886	0.0	1454
d0c03934-b7f0-48bb-b4c0-7d80eec53e2f	gb:MW872189|Organism:Influenza	93.551	1039	33	27	644	1660	1	1027	0.0	1517
d0c03934-b7f0-48bb-b4c0-7d80eec53e2f	gb:MW872189|Organism:Influenza	92.650	1034	27	27	3616	4607	1027	1	0.0	1443
159e4aee-6aaf-435c-8e0f-41d7b9a395b8	gb:MH546879|Organism:Influenza	98.318	892	12	3	120	1010	890	1	0.0	1561
b451c70b-a97c-4de0-9f13-947fc005499f	gb:MH546879|Organism:Influenza	93.266	891	32	20	92	955	1	890	0.0	1288
de0d8970-4e51-4742-be65-424602ed6ec6	gb:MT818944|Organism:Influenza	97.755	891	17	3	98	986	890	1	0.0	1531
27e799d1-bb1f-4f85-ae56-89434e7bfc17	gb:MH546879|Organism:Influenza	96.872	895	16	7	90	977	1	890	0.0	1487
0d57bed1-d788-44a1-bbd3-d041132365f3	gb:MH546879|Organism:Influenza	98.204	891	13	3	98	986	890	1	0.0	1554
003f82b1-6c47-479d-93a4-a9de72df588f	gb:MH546879|Organism:Influenza	96.872	895	16	10	91	978	1	890	0.0	1487
28765bbd-f2ab-4f48-a6ac-237693c670a3	gb:MH546879|Organism:Influenza	98.765	891	9	2	1268	2157	1	890	0.0	1583
d516acb1-353a-41a1-89be-4d4793e8b928	gb:MW872189|Organism:Influenza	99.027	1028	7	2	684	1709	1027	1	0.0	1840
dbb4d68c-5edd-405e-b580-a2307b039462	gb:MH546879|Organism:Influenza	98.539	890	10	2	683	1569	1	890	0.0	1568
fa3070aa-03d1-441c-9522-5b8f0ca5afb2	gb:MH546879|Organism:Influenza	98.206	892	9	5	1690	2576	1	890	0.0	1552
fa3070aa-03d1-441c-9522-5b8f0ca5afb2	gb:MH546879|Organism:Influenza	96.197	894	24	7	640	1527	890	1	0.0	1454
73b4b6c8-8165-45ec-b1f8-42f0b90384f7	gb:MH546879|Organism:Influenza	95.861	894	28	9	108	996	890	1	0.0	1437
3a6ce510-928f-442b-b869-bb2b6f9746c2	gb:MH546879|Organism:Influenza	94.525	895	25	14	93	968	1	890	0.0	1360
e7b866c0-6eac-44dd-8274-21416840749a	gb:MT818944|Organism:Influenza	98.208	893	10	4	1937	2826	1	890	0.0	1555
e7b866c0-6eac-44dd-8274-21416840749a	gb:MT818944|Organism:Influenza	96.893	869	17	6	2989	3848	1	868	0.0	1447
dc49095d-e6ef-4ca0-bd91-b0b9e30d92a9	gb:MH546879|Organism:Influenza	97.654	895	12	7	91	981	890	1	0.0	1528
0f7b9bc4-5e66-4087-bfda-443a007dd523	gb:MH546879|Organism:Influenza	95.982	896	14	17	90	973	890	5	0.0	1435
96402e92-ff2a-4ca9-a6c7-42042cf4af1d	gb:MT824898|Organism:Influenza	93.318	898	32	21	1256	2133	890	1	0.0	1301
cdba11c6-9ac6-49ef-921b-4ebe47f054dc	gb:MK995698|Organism:Influenza	98.318	892	11	3	669	1558	1	890	0.0	1561
297fe770-56ea-4f14-81ee-37cba063b6aa	gb:MH546879|Organism:Influenza	96.861	892	18	7	97	980	890	1	0.0	1483
25bead76-294f-4a94-b175-eff12d80ab45	gb:MH546879|Organism:Influenza	96.670	901	18	10	89	988	890	1	0.0	1487
9fc2589c-367c-47c6-b064-afec62a90baf	gb:MT818944|Organism:Influenza	96.193	893	21	10	102	989	1	885	0.0	1448
b7c0390a-2f7d-4fd8-b51a-65f588b8dd40	gb:MH546879|Organism:Influenza	98.652	890	10	2	90	977	890	1	0.0	1576
9969c157-0a7c-47e4-a3ee-050de5427173	gb:MH546879|Organism:Influenza	97.312	893	18	5	90	979	1	890	0.0	1511
45ee7e22-d0ba-4bf3-85d1-7c57c2272b10	gb:MH546879|Organism:Influenza	98.315	890	14	1	89	977	890	1	0.0	1559
39e17d68-86f0-4e65-88fa-41b5bfb243c9	gb:MK995698|Organism:Influenza	96.201	895	20	10	710	1595	890	1	0.0	1452
f9554275-2840-46ab-8ffc-95f7156102ca	gb:MK995698|Organism:Influenza	97.197	892	19	6	682	1569	890	1	0.0	1504
c4f6966d-1852-4858-8721-64761d83a6fa	gb:MH546879|Organism:Influenza	96.437	898	22	9	88	983	1	890	0.0	1472
d1ff53a9-b036-438c-899a-4b93ed341164	gb:MH546879|Organism:Influenza	96.970	891	14	9	96	974	1	890	0.0	1483
df0e0b54-ed08-4f13-b5cd-d1d94e90d863	gb:MH546879|Organism:Influenza	98.767	892	9	2	86	977	890	1	0.0	1585
2f12810c-f6a8-41ca-866a-14c5d3123fc2	gb:MH546879|Organism:Influenza	98.765	891	9	2	95	984	890	1	0.0	1583
40c144ad-8952-4039-81cc-a928e56699db	gb:MT818944|Organism:Influenza	97.763	894	9	8	88	974	1	890	0.0	1530
d97b3cb1-831a-46cd-a31c-568d1ff164aa	gb:MH546879|Organism:Influenza	98.094	892	11	6	98	985	890	1	0.0	1548
e150b2fc-e593-4de8-a2bf-b4797be269e4	gb:MH546879|Organism:Influenza	98.764	890	11	0	111	1000	1	890	0.0	1583
f1cd8b15-38a0-47fb-92ba-dd721bafcc02	gb:MH546879|Organism:Influenza	94.346	902	29	17	95	986	890	1	0.0	1363
983fa90f-ae8e-4915-96ba-e350428130ea	gb:MH546879|Organism:Influenza	97.646	892	13	6	93	978	1	890	0.0	1524
3c05898c-dd67-45e1-8cf6-63a7fa9c9967	gb:MH546879|Organism:Influenza	96.868	894	14	11	96	979	890	1	0.0	1483
1e88f3d9-b3e9-4dd5-a618-fe44bde76288	gb:MH546879|Organism:Influenza	99.101	890	6	2	1259	2146	1	890	0.0	1598
d9d7ef0a-beef-4c34-a997-eaabcab16a99	gb:MH546879|Organism:Influenza	96.857	891	15	10	86	964	890	1	0.0	1478
fbef5747-7a07-4c66-baa1-56c24ba18ecc	gb:MH546879|Organism:Influenza	95.671	901	20	15	75	967	890	1	0.0	1430
04d7e818-8c42-4de1-9b5d-ab9a5d21a711	gb:MH546879|Organism:Influenza	97.984	893	10	6	83	970	890	1	0.0	1543
0ab35e29-f10a-4148-b098-32da0545d999	gb:MH546879|Organism:Influenza	96.309	894	17	11	98	979	890	1	0.0	1454
76c60f78-7e97-480d-bf67-d3b8c246067d	gb:MH546879|Organism:Influenza	94.203	897	29	19	101	981	890	1	0.0	1347
ce71670c-7d05-40ba-8ff5-2dbb4b360075	gb:MH546879|Organism:Influenza	95.212	898	20	15	89	971	1	890	0.0	1399
f13e8854-a7d7-4ba8-8ce0-33aa6b28629e	gb:MH546879|Organism:Influenza	97.987	894	11	7	97	987	890	1	0.0	1544
06eaf1cb-1541-4d98-a33f-3551318b1b09	gb:MT818944|Organism:Influenza	97.856	886	13	3	94	974	1	885	0.0	1526
3b419d83-d799-4b52-9533-d988dae7677c	gb:MH546879|Organism:Influenza	91.925	904	31	35	93	968	1	890	0.0	1227
4beee224-a799-4643-82f1-7122fb28e97b	gb:MH546879|Organism:Influenza	93.103	899	32	23	101	978	1	890	0.0	1290
b7b879e3-9939-41fe-8aa4-7e6f31e55613	gb:MH412413|Organism:Influenza	97.570	1029	14	9	664	1685	1	1025	0.0	1751
5a7191d3-089b-4f26-8c54-59ea0fa04b4f	gb:HM370968|Organism:Influenza	98.283	233	3	1	3320	3551	1333	1565	4.30e-111	407
a6e6827a-6134-442b-9f74-3cb3931d38d0	gb:MH546879|Organism:Influenza	96.865	893	20	8	94	981	890	1	0.0	1487
46bf9def-1101-4d35-a3b9-b84403986fba	gb:MT818944|Organism:Influenza	97.200	893	18	5	114	1002	890	1	0.0	1504
2812fb03-0815-4d1a-8051-8401d3871691	gb:MH546879|Organism:Influenza	96.000	900	20	10	95	988	1	890	0.0	1448
4f38cc47-5c20-4376-9e72-af4b1ba465d1	gb:MH546879|Organism:Influenza	98.324	895	8	6	670	1562	1	890	0.0	1563
f081c24f-a561-4319-a569-dd541d9c04d1	gb:MH546879|Organism:Influenza	98.653	891	6	3	272	1157	1	890	0.0	1574
aea2c50c-e59f-41d0-a4aa-562a0df8ba6b	gb:MH546879|Organism:Influenza	97.306	891	15	7	88	970	1	890	0.0	1504
54711749-fcfa-42f6-ba00-ac0c9456ca02	gb:MH546879|Organism:Influenza	96.983	895	14	7	91	977	1	890	0.0	1491
6e944fb3-c36b-45ee-9ba6-0783d087a62d	gb:MW872178|Organism:Influenza	96.081	893	27	8	95	982	1	890	0.0	1448
cd3d1dde-36d2-4c3e-b141-9ff39e719d3c	gb:MH546879|Organism:Influenza	99.213	890	7	0	1000	1889	890	1	0.0	1605
e5c66405-171d-43fa-b8e7-d55baf2406bb	gb:MH637219|Organism:Influenza	96.918	876	19	7	137	1009	871	1	0.0	1461
b6a68eb0-6f60-4b18-8e50-2c585e00769e	gb:MH546879|Organism:Influenza	94.690	904	23	21	97	989	890	1	0.0	1380
7fe0b0c3-2d6c-4dfb-a17f-253711aea024	gb:MH546879|Organism:Influenza	97.309	892	13	7	88	970	1	890	0.0	1504
a2e6eafc-9daa-4dc4-a801-89b4ddf9df12	gb:MH546879|Organism:Influenza	97.643	891	17	4	123	1010	890	1	0.0	1526
0057b047-e979-4730-b011-dc4a9c2f7a9c	gb:MH546879|Organism:Influenza	95.434	898	20	15	96	980	1	890	0.0	1411
38a51486-ecbe-45fa-b084-79f916190a89	gb:MH412413|Organism:Influenza	97.860	1028	10	11	1287	2305	1025	1	0.0	1766
c55f8e0d-54ee-488a-b50d-53cc7cdf3359	gb:MH546879|Organism:Influenza	97.542	895	12	10	93	982	890	1	0.0	1522
2e54d019-bb76-4bad-a9c8-43a3898db32c	gb:MW875018|Organism:Influenza	98.021	859	8	8	1876	2728	1	856	0.0	1483
6790e823-acba-4c6d-b7f8-1650b0a7194a	gb:MK995698|Organism:Influenza	98.427	890	13	1	694	1582	890	1	0.0	1565
2ac6ef65-3b62-459e-b9f5-88d45fde8d09	gb:MH546879|Organism:Influenza	95.889	900	18	12	95	985	890	1	0.0	1439
2e38c1f7-59c0-418c-8fec-d82e99c98ec4	gb:MH546879|Organism:Influenza	97.542	895	11	7	92	980	890	1	0.0	1520
da8a5bb7-202c-4b46-9fa5-dcf1436cd5d5	gb:MH546879|Organism:Influenza	97.419	891	20	3	92	980	890	1	0.0	1515
e9c77e06-4c1a-4293-848d-0f431ebe411a	gb:MH546879|Organism:Influenza	97.197	892	14	5	98	980	1	890	0.0	1498
c77bc2ee-b4b8-45fe-8966-904cd3ab934d	gb:MH546879|Organism:Influenza	98.652	890	10	2	96	983	890	1	0.0	1576
816a80aa-ddad-4eb0-976b-3b1d3496682e	gb:MH546879|Organism:Influenza	98.655	892	9	3	95	985	1	890	0.0	1578
3679aef9-7b08-456b-bed5-af39e166fd99	gb:MH637219|Organism:Influenza	97.130	871	20	5	107	972	871	1	0.0	1465
41e9fd9e-b916-4061-9e11-9533f23782df	gb:MH546879|Organism:Influenza	97.536	893	14	4	80	967	890	1	0.0	1520
83effdad-b949-4013-bac8-032c700f519b	gb:MH546879|Organism:Influenza	96.218	899	22	11	94	989	890	1	0.0	1461
d769cf03-84c8-43b6-a386-1f4f90f75874	gb:HM370979|Organism:Influenza	97.975	889	6	10	882	1759	888	1	0.0	1531
4ec56c30-0118-435f-8364-9a45196aabf3	gb:MH546879|Organism:Influenza	98.543	892	5	7	674	1559	1	890	0.0	1568
5a15d1a9-5c35-45d9-a159-7e24951390da	gb:MH546879|Organism:Influenza	94.754	896	23	17	94	971	890	1	0.0	1373
c1b9f6c9-39b6-4d04-923d-0713fa963266	gb:MH546879|Organism:Influenza	95.623	891	24	11	91	967	1	890	0.0	1415
1f80c20a-f1d2-436c-baf0-59b5329cda70	gb:MH546879|Organism:Influenza	98.652	890	11	1	102	990	1	890	0.0	1576
7ff8bfea-05bb-4c5d-916d-c0eb23311dfa	gb:MH546879|Organism:Influenza	98.096	893	12	5	98	988	1	890	0.0	1550
62477bb1-9cf2-47bc-bec2-0d97292a720f	gb:MH546879|Organism:Influenza	97.868	891	14	4	94	980	890	1	0.0	1535
1248d24f-3cd0-49a2-8954-2435a1b829c3	gb:MH546879|Organism:Influenza	98.655	892	9	2	94	984	1	890	0.0	1578
0e623a47-a49e-4602-b6af-6dd4383ac88a	gb:MH546879|Organism:Influenza	96.973	892	13	9	92	971	1	890	0.0	1485
c2222787-f6cd-4e50-bf5c-f5e07bba00e5	gb:MH546879|Organism:Influenza	95.973	894	18	13	87	966	1	890	0.0	1435
b3823e53-e4c0-4648-ba87-ce782819ae3b	gb:MK326668|Organism:Influenza	96.973	892	14	6	103	983	1	890	0.0	1485
d35674c6-f914-4303-9072-a1d4cb695383	gb:MH546879|Organism:Influenza	92.786	901	30	27	96	974	888	1	0.0	1271
abb7daac-31c3-4c1b-9e14-6206ceb81b41	gb:MH546879|Organism:Influenza	96.517	890	15	11	97	970	1	890	0.0	1458
880918ae-bc25-4649-aaea-2941887b9538	gb:MH546879|Organism:Influenza	98.539	890	13	0	98	987	890	1	0.0	1572
3a994c1a-53f0-45e4-806f-589fd3d6bbc7	gb:MH637219|Organism:Influenza	94.118	901	28	16	103	995	1	884	0.0	1347
ac0e490f-c1ac-46e7-ab4d-0d4fe8100924	gb:MH546879|Organism:Influenza	97.082	891	13	8	91	969	1	890	0.0	1489
fa304575-ef97-4a89-9b46-c10c48221979	gb:MT818944|Organism:Influenza	96.317	896	21	10	95	984	1	890	0.0	1461
9eab0c81-f637-4f39-b00c-ccde4154db89	gb:MT818944|Organism:Influenza	96.197	894	19	13	90	972	1	890	0.0	1448
2713bb7e-5660-4e31-9efc-1b5435fc4a09	gb:MH546879|Organism:Influenza	97.200	893	15	9	87	972	1	890	0.0	1502
e3d346b7-4c71-4176-8bc5-b54d4d1af804	gb:MH546879|Organism:Influenza	96.309	894	17	9	97	978	1	890	0.0	1454
af27e2bd-dd94-483d-8e73-f39171d66428	gb:MH546879|Organism:Influenza	97.542	895	11	6	99	987	1	890	0.0	1520
1b533a45-1441-4ee2-be21-1fbe61e8959a	gb:MH546879|Organism:Influenza	97.646	892	15	6	85	972	890	1	0.0	1526
80680bea-066b-4406-925b-1ccf9774586d	gb:MH546879|Organism:Influenza	96.180	890	21	12	98	974	1	890	0.0	1443
b472b0d6-6572-41d5-8d5f-dc965ac2dade	gb:MH546879|Organism:Influenza	97.870	892	13	5	90	977	890	1	0.0	1537
8f0106fa-dbde-4e65-8390-ab34eb9d43b2	gb:MH546879|Organism:Influenza	97.755	891	13	6	109	993	1	890	0.0	1528
6000f685-0b3c-4f4f-ad36-ddbd94f18af9	gb:MT818953|Organism:Influenza	93.743	895	23	9	93	959	890	1	0.0	1312
86668368-bfb9-4d28-8374-a80561b5a775	gb:MW872185|Organism:Influenza	97.088	893	18	8	94	981	1	890	0.0	1498
8bde6e9b-cfb8-4c79-9f12-14ecb86598ac	gb:MW872189|Organism:Influenza	98.345	1027	15	2	1796	2820	1027	1	0.0	1801
724cd426-7831-4b26-8584-7e86f8baa01a	gb:MH546879|Organism:Influenza	95.745	893	21	12	87	965	1	890	0.0	1423
41d83cee-e6a5-4b67-8506-15a072ecb6d9	gb:MT565522|Organism:Influenza	98.762	323	3	1	799	1120	1243	1565	1.49e-161	573
41d83cee-e6a5-4b67-8506-15a072ecb6d9	gb:MT565522|Organism:Influenza	100.000	130	0	0	679	808	1	130	1.72e-61	241
7ab68e37-323b-4ed0-81dd-24ee60a9daea	gb:MH546879|Organism:Influenza	94.549	899	24	20	100	982	1	890	0.0	1365
20b8598a-8e28-495b-ab06-f8b5f8a6ed81	gb:MT818944|Organism:Influenza	96.210	897	22	11	100	991	1	890	0.0	1458
b54d76ab-777f-43c0-a2d7-6223e03f64cc	gb:MH546879|Organism:Influenza	94.978	896	28	15	94	978	1	890	0.0	1389
333a68c6-20b1-492e-84ca-ae4d3eac2e93	gb:MH546879|Organism:Influenza	97.984	893	11	4	682	1570	890	1	0.0	1543
333a68c6-20b1-492e-84ca-ae4d3eac2e93	gb:MH546879|Organism:Influenza	97.216	898	11	10	3874	4765	890	1	0.0	1507
50bd5633-be08-4a67-8c94-6e1440dd7c6d	gb:MH546879|Organism:Influenza	97.984	893	12	6	96	985	1	890	0.0	1544
ddfb205b-1a95-4942-a03e-cba07741a778	gb:MH546879|Organism:Influenza	98.653	891	11	1	139	1029	890	1	0.0	1578
45eb7db4-aafb-47db-8474-c9e72f9799c7	gb:MK995698|Organism:Influenza	96.868	894	14	10	669	1552	1	890	0.0	1483
621777da-15d1-49a7-9364-275ebdbdaf87	gb:MW334634|Organism:Influenza	89.832	895	69	16	99	976	890	1	0.0	1131
a304f284-084b-4553-bfbf-e61bcfe519a2	gb:MH546879|Organism:Influenza	97.545	896	15	6	87	981	1	890	0.0	1526
12d8fcc9-59b8-4ff7-b5b5-b2745f9f0930	gb:MH546879|Organism:Influenza	98.320	893	11	3	88	979	890	1	0.0	1563
5084cae0-4841-42fa-ac9d-09e36a33b812	gb:MH546879|Organism:Influenza	96.313	895	21	9	95	982	890	1	0.0	1459
2445a6f5-7148-4aa4-9485-c3f91ba822a9	gb:MH546879|Organism:Influenza	98.878	891	9	1	93	983	890	1	0.0	1589
5d0e07b2-3890-4c52-ad47-1c640d43a7b4	gb:MH546879|Organism:Influenza	98.204	891	13	3	92	980	1	890	0.0	1554
3d37808f-e8b5-45ee-8d4d-29bdb643a501	gb:MH546879|Organism:Influenza	97.197	892	13	7	96	977	1	890	0.0	1498
98cfb20d-968d-4317-b8f5-43b15a031622	gb:MH546879|Organism:Influenza	91.955	895	44	19	94	965	1	890	0.0	1229
94ba0a77-8ccc-4420-8f6e-be5ffdac4cc3	gb:MH546879|Organism:Influenza	95.318	897	28	11	82	971	1	890	0.0	1411
34aaf5ce-343e-4adf-aa86-4a5938d87aab	gb:MH546879|Organism:Influenza	97.105	898	13	12	88	980	1	890	0.0	1502
eaeac85b-1873-4ed2-931c-439e4b924652	gb:MH546879|Organism:Influenza	94.537	897	33	15	113	1000	1	890	0.0	1371
5fd9a3ad-6601-4e98-bb6f-d8915db31e3e	gb:MH546879|Organism:Influenza	97.982	892	14	3	93	982	1	890	0.0	1544
28dca981-ce68-44a4-a58f-bac092efd472	gb:MH546879|Organism:Influenza	97.101	897	13	8	81	971	890	1	0.0	1500
a39d9780-e613-4fa0-bd46-72addef9bfd2	gb:MH546879|Organism:Influenza	97.978	890	12	3	92	975	890	1	0.0	1539
362e9d2b-3059-40e0-9d6d-0d27ac65b53c	gb:MH546879|Organism:Influenza	98.764	890	10	1	114	1002	890	1	0.0	1581
dc9102f1-5eca-446c-a582-3df2853e7f64	gb:MH546879|Organism:Influenza	96.633	891	19	8	109	989	1	890	0.0	1469
9de1f309-2f4e-4e2a-8f7c-a17afcb6a7d6	gb:MW872189|Organism:Influenza	97.478	1031	15	11	785	1808	1	1027	0.0	1749
9c4265be-b960-4dac-93e5-8f2a5f814c13	gb:MH546879|Organism:Influenza	98.876	890	8	2	89	976	890	1	0.0	1587
5cb47326-ff3f-427d-b827-691e932bc2f0	gb:MH546879|Organism:Influenza	97.204	894	13	10	624	1511	3	890	0.0	1502
82c98ed8-907d-484c-8456-56c5c7478afc	gb:MH546879|Organism:Influenza	96.652	896	18	9	90	979	1	890	0.0	1478
bd8dba19-14b0-4a8e-9f5d-db1d66f792dd	gb:MH546879|Organism:Influenza	98.541	891	9	3	97	984	1	890	0.0	1570
e1da3e79-1be0-4309-9254-3918ccd8dd6d	gb:MW875018|Organism:Influenza	91.892	555	25	16	1145	1683	551	1	0.0	758
15eb4cf8-c2a6-488f-b2c0-76dd00c7c2bc	gb:MH546879|Organism:Influenza	96.409	891	23	8	92	974	1	890	0.0	1459
7b67d52a-fecd-4089-a1e6-efea7c75999e	gb:HM370966|Organism:Influenza	99.033	517	1	3	682	1197	514	1	0.0	924
28188f43-1b46-4ab5-8077-1a6fe143e342	gb:MH546879|Organism:Influenza	98.543	892	11	1	98	989	890	1	0.0	1574
de8dac0a-f583-4c90-976e-7d27fc960b75	gb:MH546879|Organism:Influenza	98.990	891	8	1	103	993	890	1	0.0	1594
a4eac8ca-a457-4653-a051-b677abf1996a	gb:MH412413|Organism:Influenza	98.504	869	2	8	700	1560	1025	160	0.0	1522
