f90d26f7-6f94-4745-a458-de06543d223a	gb:MW872189|Organism:Influenza	98.931	1029	7	4	93	1119	1027	1	0.0	1836
87a17042-3065-4a11-b194-50ca2d59e050	gb:MW872189|Organism:Influenza	97.665	1028	8	7	94	1106	1	1027	0.0	1751
6960f289-b201-4d22-9b37-cde289c191cc	gb:MW872189|Organism:Influenza	97.585	1035	13	8	95	1125	1	1027	0.0	1762
0167d421-bb5f-46cb-9171-afd8db45ab1b	gb:MW872189|Organism:Influenza	97.471	1028	17	9	94	1113	1	1027	0.0	1746
d2dcf716-8ea9-428c-b6da-b1e95714b4ad	gb:MW872189|Organism:Influenza	99.513	1027	5	0	123	1149	1	1027	0.0	1869
c9e8cc26-2d8a-45f9-8e35-8de20ee8b12a	gb:MW872189|Organism:Influenza	98.735	1028	8	3	93	1116	1	1027	0.0	1821
dd67d7ef-61ac-40ee-81d9-96fbf93ed4df	gb:MW872189|Organism:Influenza	98.161	1033	11	4	96	1126	1027	1	0.0	1796
ddf14afe-0a44-4b85-b77a-3a4e016cf95a	gb:MW872189|Organism:Influenza	95.946	1036	23	14	118	1143	1	1027	0.0	1663
e7eb1549-8246-45dc-b25d-e8919f35dc7b	gb:MW872189|Organism:Influenza	94.937	1027	39	9	94	1113	1	1021	0.0	1596
dd2203a8-57f6-41ff-a8f0-46a037cf7b31	gb:MW872189|Organism:Influenza	96.435	1038	20	15	97	1128	1027	1	0.0	1696
191adb5d-35dc-48a2-ad16-f5553e4b0dac	gb:MW872189|Organism:Influenza	99.124	1027	6	3	94	1117	1	1027	0.0	1844
30261c5f-a248-490b-a39a-97dd3627f6af	gb:MW872189|Organism:Influenza	98.832	1027	8	2	96	1118	1027	1	0.0	1827
754c50cc-2076-4a6f-9c1e-45f34ba29a3c	gb:MW872189|Organism:Influenza	98.256	1032	11	5	92	1121	1	1027	0.0	1799
4fd8c286-d038-4fb8-8133-d4409a7b97c3	gb:MW872189|Organism:Influenza	96.228	1034	17	18	100	1118	1	1027	0.0	1674
03cbbb69-3422-4c9f-93b8-41d2dd23587f	gb:MW872189|Organism:Influenza	94.589	1035	30	20	92	1108	1	1027	0.0	1578
c4c45c75-e147-463f-9c79-1d0dbe2988a0	gb:MH597801|Organism:Influenza	88.427	1011	67	41	107	1076	1002	1	0.0	1173
f06fe0ff-0a4a-4861-81d5-6295dc63d85e	gb:MN253731|Organism:Influenza	92.100	1038	42	32	93	1101	1	1027	0.0	1426
a56ba4b5-29bd-41f0-ba4d-f945e0633409	gb:MW872189|Organism:Influenza	96.425	1035	17	16	98	1120	1027	1	0.0	1688
18d8bba5-9df8-40fe-9833-0ff1636b329e	gb:KY130814|Organism:Influenza	94.323	1004	34	18	105	1087	1002	1	0.0	1517
90fb76e1-aa90-49fd-8c84-2a35c3bb051a	gb:MW872189|Organism:Influenza	98.058	1030	8	8	94	1114	1027	1	0.0	1781
1e45abd9-1451-48c4-b902-74108885a123	gb:MW872189|Organism:Influenza	89.378	1045	62	42	89	1102	1	1027	0.0	1269
6c0cf78b-5788-4eac-85a7-b6f2907e3040	gb:MW872189|Organism:Influenza	96.404	1029	26	9	98	1117	1027	1	0.0	1685
50abfc29-7114-4f2b-ae4e-013d6d2914a0	gb:MW872189|Organism:Influenza	98.054	1028	14	4	94	1116	1027	1	0.0	1783
d29ce91a-25b6-4bc4-92d8-1a39cc83274d	gb:MW872189|Organism:Influenza	97.008	1036	13	15	91	1117	1027	1	0.0	1725
0a310b62-ca98-4f95-b86e-a3037994d6c7	gb:MW872189|Organism:Influenza	98.251	1029	9	5	96	1117	1	1027	0.0	1792
780b7518-9ff2-4c6e-8a11-aff5ceeceba2	gb:MW872189|Organism:Influenza	88.952	1050	53	47	99	1108	1027	1	0.0	1238
c27e4e14-1c17-44ba-9bad-13272b2acfc0	gb:MW872149|Organism:Influenza	90.107	1031	39	39	91	1062	1027	1	0.0	1280
0cfce43f-f954-44b7-8f6d-71893e47818e	gb:MW872189|Organism:Influenza	96.796	1030	14	14	99	1112	1027	1	0.0	1701
191bc03c-41e3-4154-b34e-1d40050bb67e	gb:MW872141|Organism:Influenza	97.195	1034	15	13	687	1713	1027	1	0.0	1736
6c25f366-96b2-4bb0-a880-d73176eb22a7	gb:MW872189|Organism:Influenza	97.182	1029	18	7	95	1114	1	1027	0.0	1729
5de30d40-b0e3-47b3-9465-58368ecd6516	gb:MW872189|Organism:Influenza	98.254	1031	8	9	93	1117	1027	1	0.0	1796
c233caea-b824-4dd5-b909-1a9909c660c6	gb:MW872189|Organism:Influenza	96.332	1036	22	13	90	1118	1027	1	0.0	1688
3c0e89f4-8c60-466e-a447-53f945b3f8f6	gb:MW872189|Organism:Influenza	97.085	1029	18	9	98	1117	1026	1	0.0	1724
022f1d3f-cf64-4ce8-9c3a-19019b557394	gb:MW872189|Organism:Influenza	92.575	1037	44	29	92	1105	1027	1	0.0	1458
38c02280-18c2-4c9f-9ae9-f1bae8db476c	gb:MW872189|Organism:Influenza	94.140	1041	31	22	93	1117	1027	1	0.0	1557
1f24869b-dd5a-44f7-831f-abdd8b268266	gb:MW872189|Organism:Influenza	95.627	1029	24	18	102	1116	6	1027	0.0	1631
e902ec28-6420-45b4-bc4f-3aaa07da5d54	gb:MW872189|Organism:Influenza	98.735	1028	11	2	99	1125	1027	1	0.0	1825
3a5c46f7-b007-4ff3-baf8-db670a8b9173	gb:MW872189|Organism:Influenza	98.060	1031	10	9	94	1118	1027	1	0.0	1784
c812a3e7-d7c8-4c42-97ff-070968dac803	gb:MW872189|Organism:Influenza	97.961	1030	17	4	98	1126	1	1027	0.0	1783
bdd0dafc-d51e-4ed5-a530-9befa39c4b93	gb:MW872189|Organism:Influenza	97.663	1027	15	8	98	1115	1027	1	0.0	1755
d72c4706-cc96-4ab9-a176-05b57833255f	gb:MW872189|Organism:Influenza	94.305	1036	35	20	102	1122	1027	1	0.0	1565
7ed160c5-744e-4f3e-8058-b3fe74a2a6fe	gb:MW872189|Organism:Influenza	97.668	1029	12	9	103	1121	1027	1	0.0	1757
a6dfb4a1-5c85-4338-b3ba-a4feb95ddfe6	gb:MW872189|Organism:Influenza	98.251	1029	13	4	93	1118	1027	1	0.0	1796
c7ea3fd0-7494-41bc-be5a-8f327750f379	gb:MW872189|Organism:Influenza	92.629	1031	40	25	96	1101	1024	5	0.0	1450
bd1a77c3-937a-48e2-a403-78f56072f6c4	gb:MW872189|Organism:Influenza	97.481	1032	15	8	94	1119	1027	1	0.0	1751
fdcbf145-f619-4bed-981b-cbcda603d839	gb:MW872189|Organism:Influenza	97.384	1032	15	10	87	1111	1027	1	0.0	1746
e04ada97-d977-4f04-a9d1-17f9bd7878f9	gb:MW872189|Organism:Influenza	97.002	1034	19	9	96	1124	1	1027	0.0	1727
d8f504e7-95a8-4dbc-ad14-14ce3be7bbd5	gb:MW872189|Organism:Influenza	97.965	1032	13	5	96	1124	1027	1	0.0	1783
f47cb11a-898e-4b85-a9ef-343202134504	gb:MW872189|Organism:Influenza	98.932	1030	6	3	99	1126	1027	1	0.0	1836
bb84803e-155f-4774-8375-8d2e8546f22b	gb:MW872189|Organism:Influenza	89.990	1049	48	39	88	1101	1	1027	0.0	1303
fec570d6-6e72-4147-8bb0-5b23f9973111	gb:MW872189|Organism:Influenza	96.796	1030	18	10	99	1116	1	1027	0.0	1705
d3ade16a-a424-4ea9-b771-e9fe2c15413f	gb:MW872189|Organism:Influenza	93.732	1037	36	20	102	1123	1023	1	0.0	1528
38af05ed-634a-48bb-a26f-3459f59237e0	gb:MW872189|Organism:Influenza	98.150	1027	10	4	96	1113	1027	1	0.0	1783
2f85ed68-8e28-4130-95e4-f6fbec7faff6	gb:MW872189|Organism:Influenza	98.642	1031	6	8	94	1120	1027	1	0.0	1820
debe3dc9-d49a-49e4-aa36-1d88125b804a	gb:MW872189|Organism:Influenza	96.987	1029	22	7	89	1110	1	1027	0.0	1720
77d0e5fc-73c7-4c1c-a12f-30719daad250	gb:MW872189|Organism:Influenza	94.778	1034	27	21	90	1103	1	1027	0.0	1585
19713b07-37e6-4ca3-b348-392b13e5be5b	gb:MW872189|Organism:Influenza	94.078	1030	42	15	83	1096	1	1027	0.0	1546
50b9550f-2e6e-49b2-bd4c-06394d64ce6f	gb:MW872189|Organism:Influenza	96.987	1029	21	10	90	1110	1027	1	0.0	1720
a0483e31-d340-4726-bec9-f847193311e8	gb:MW872189|Organism:Influenza	96.696	1029	14	13	87	1097	1027	1	0.0	1694
3bcfa41b-9425-4e13-a28f-f872f928661b	gb:MW872189|Organism:Influenza	99.320	1029	5	2	99	1127	1	1027	0.0	1860
80e34d73-0a28-40fe-8757-a95c5496b9f9	gb:MW872189|Organism:Influenza	91.699	1036	38	37	100	1096	1	1027	0.0	1393
23021629-b685-4259-a3ff-7d578412618f	gb:MW872149|Organism:Influenza	91.473	1032	46	34	93	1098	3	1018	0.0	1380
3b6e0714-de9c-4481-ace4-542627764fb0	gb:MW872189|Organism:Influenza	97.488	1035	15	7	95	1126	1	1027	0.0	1757
425ff511-e83b-449f-8fd0-94c292a28e6f	gb:MW872189|Organism:Influenza	98.259	1034	11	5	100	1133	1027	1	0.0	1803
d40ccb20-42fc-4447-84de-42c89c249796	gb:MW872189|Organism:Influenza	97.670	1030	14	8	94	1116	1	1027	0.0	1760
7621ecd8-1b58-4766-9d50-18b701b53c14	gb:MW872189|Organism:Influenza	99.028	1029	8	2	92	1120	1027	1	0.0	1844
3b5a5e27-5415-4867-98c9-10d76247bb39	gb:MW872189|Organism:Influenza	97.771	1032	8	9	91	1112	1	1027	0.0	1764
61706b42-e439-4675-a303-01f81b2e634f	gb:MW872189|Organism:Influenza	97.674	1032	14	10	96	1122	1	1027	0.0	1764
53baa36a-8060-416f-9809-629f4db9cf8f	gb:MW872189|Organism:Influenza	93.969	1028	38	17	95	1099	1027	1	0.0	1533
64427716-21fd-4e50-aa6e-7aecb1049046	gb:MW872189|Organism:Influenza	97.570	1029	12	10	96	1113	1	1027	0.0	1749
9f295e56-2662-4406-b2da-526a20795e82	gb:MW872189|Organism:Influenza	98.252	1030	10	8	94	1118	1	1027	0.0	1796
2418c90a-4edf-4392-84b7-bafc1bba6294	gb:MW872189|Organism:Influenza	95.477	1017	23	19	109	1110	1009	1	0.0	1602
733311d5-7223-463f-bd2c-3b6641676e0c	gb:MW872189|Organism:Influenza	97.769	1031	13	6	92	1116	1027	1	0.0	1768
5cec7524-7019-4420-9cf7-db5986875e1c	gb:MW872189|Organism:Influenza	97.096	1033	17	9	93	1118	1	1027	0.0	1729
7a463908-fd49-4739-bce1-300166615ba4	gb:MT818735|Organism:Influenza	96.501	1029	21	14	97	1112	1	1027	0.0	1687
a6463a97-a26d-461a-9019-1861f554a98f	gb:MW872189|Organism:Influenza	97.087	1030	14	14	96	1112	1	1027	0.0	1722
8481d070-5b95-425a-87df-6225f646ffe3	gb:MW872189|Organism:Influenza	92.138	1043	36	38	98	1110	1	1027	0.0	1430
4ea233d0-057e-4cab-b0a5-78230e8b4657	gb:MW872189|Organism:Influenza	97.864	1030	12	6	104	1126	1027	1	0.0	1772
6e9ab7e4-31ef-45d4-99fa-0ead06c9d2b8	gb:MW872189|Organism:Influenza	90.535	1046	53	33	96	1114	1	1027	0.0	1341
a0907ead-9ead-4a5b-8cb9-2a78c9a66a95	gb:MW872189|Organism:Influenza	98.642	1031	7	6	91	1118	1027	1	0.0	1820
749ceadf-290c-4e08-b710-81ef45bf5ab0	gb:MW872189|Organism:Influenza	97.955	1027	16	5	101	1122	1	1027	0.0	1775
a964dc24-7863-467a-8062-b41b9b59dc52	gb:MW872189|Organism:Influenza	95.821	1005	16	15	92	1071	1	1004	0.0	1600
34559fc1-9933-4876-999f-a235869be7a6	gb:MW872189|Organism:Influenza	97.279	1029	19	9	94	1115	1	1027	0.0	1736
928c440f-77b7-43e3-80e7-39708785d504	gb:MW872189|Organism:Influenza	99.220	1026	5	2	97	1121	1	1024	0.0	1847
7044abaa-1db6-4a24-87a0-078b185e6c90	gb:HM370966|Organism:Influenza	97.481	516	9	4	96	609	514	1	0.0	878
63a25ed0-13de-4497-9083-7c450cd5d5f7	gb:MW872189|Organism:Influenza	97.763	1028	17	5	87	1109	1	1027	0.0	1766
1f8e8ca9-6db8-4c08-9362-9cb25dbb15a5	gb:MW872189|Organism:Influenza	96.802	1032	8	15	97	1108	1	1027	0.0	1700
64d2222a-8cf7-435e-bd21-6234cefd2fc3	gb:MW872189|Organism:Influenza	90.435	1035	40	43	92	1075	1	1027	0.0	1308
e2c12374-8fcc-4dc6-a4d2-22731e77bb23	gb:MW872189|Organism:Influenza	98.542	1029	8	6	88	1111	1	1027	0.0	1810
cfb77b6a-ecee-4061-83db-64095048b7f5	gb:KX960395|Organism:Influenza	95.543	1032	30	9	100	1120	1027	1	0.0	1637
7ece167b-e350-49c5-bf13-2e7d4f70bf88	gb:MH502219|Organism:Influenza	94.417	1003	39	14	102	1088	1002	1	0.0	1526
5481c014-701c-41bb-aa1b-648292748efb	gb:MW872189|Organism:Influenza	97.391	1035	14	11	85	1114	1	1027	0.0	1749
880f593d-241f-4d78-885c-c32d53422f4e	gb:MW872189|Organism:Influenza	96.802	1032	14	11	92	1109	1027	1	0.0	1705
c35b81ad-7ec0-44a0-93bf-7d83913f601d	gb:MW872189|Organism:Influenza	95.538	1031	29	15	98	1117	1	1025	0.0	1633
a7d9bb01-8bea-4163-b58a-dc78be3d1864	gb:MW872189|Organism:Influenza	98.058	1030	11	9	95	1118	1027	1	0.0	1783
0923e225-6a61-4523-a0a7-2c45984bebd9	gb:MW872189|Organism:Influenza	96.542	1041	15	14	98	1131	1027	1	0.0	1703
5e1d08ca-165f-49d5-bec5-d52a1476fd4c	gb:MW872189|Organism:Influenza	97.573	1030	13	10	81	1101	1	1027	0.0	1753
aca40970-6897-419f-9848-d5293f03aab2	gb:MW872189|Organism:Influenza	99.030	1031	6	3	96	1126	1027	1	0.0	1845
3966fc75-d135-4fc7-938f-36e85d031bb1	gb:MW872189|Organism:Influenza	95.627	1029	28	13	88	1101	1	1027	0.0	1635
7f15122c-e40b-4239-8214-2e7ff1c0dbfd	gb:MW872189|Organism:Influenza	98.445	1029	8	6	90	1112	1	1027	0.0	1805
21e78960-557d-4252-b272-894dc7036ad3	gb:MW872189|Organism:Influenza	95.761	1038	21	18	97	1122	1027	1	0.0	1652
81331aeb-7601-428a-93b9-8e96630ec08b	gb:MW872189|Organism:Influenza	93.816	1035	31	26	95	1104	1	1027	0.0	1526
6ce4eba1-199e-4caa-87d5-ab51b3e8e2fa	gb:MW872189|Organism:Influenza	99.026	1027	7	2	93	1116	1027	1	0.0	1838
4e701173-8ec3-4de9-95bd-e79fc83a5e02	gb:MW872189|Organism:Influenza	98.444	1028	13	3	96	1121	1027	1	0.0	1807
268dfa53-2ae6-470d-aeda-9f3b6184ee2e	gb:MW872189|Organism:Influenza	99.416	1028	4	2	87	1113	1	1027	0.0	1864
12e7ab8b-5345-4fa5-91f7-9bbc87da0c3b	gb:MW872189|Organism:Influenza	96.796	1030	18	12	94	1111	1027	1	0.0	1705
5efe5990-f5b5-445a-87ff-e0bc77a50467	gb:MW872189|Organism:Influenza	92.899	1014	35	25	111	1098	20	1022	0.0	1439
8bf791b2-bd20-46d4-8d2b-715cf8400314	gb:MW872189|Organism:Influenza	96.008	1027	17	18	91	1096	1024	1	0.0	1648
6497dbd0-7506-445c-989f-f36537036f1a	gb:MW872189|Organism:Influenza	98.053	1027	15	4	97	1118	1027	1	0.0	1781
8b3a7de3-b3ad-4eea-9e2b-bba9823b0493	gb:MW872189|Organism:Influenza	96.899	1032	12	15	91	1107	1	1027	0.0	1711
f667b6df-f84d-4172-8a01-d599138a09da	gb:MW872189|Organism:Influenza	97.093	1032	15	12	89	1110	1027	1	0.0	1725
d26cf099-d237-43c8-8019-8383f87d5b91	gb:MW872189|Organism:Influenza	98.054	1028	14	2	98	1120	1027	1	0.0	1783
fbff43cc-05fd-4c46-823d-6cb7656d77e7	gb:MW872189|Organism:Influenza	99.221	1027	5	2	94	1117	1027	1	0.0	1849
7ec54095-8157-4125-88ad-c72fcfc922b3	gb:MW872189|Organism:Influenza	96.709	1033	22	10	93	1119	1027	1	0.0	1709
670bc77e-1314-448f-939f-d4d8e21d6f4b	gb:MW872189|Organism:Influenza	98.545	1031	8	4	94	1121	1	1027	0.0	1814
c1da3b66-a127-43fc-8db1-b2cf0180c390	gb:MH546879|Organism:Influenza	95.741	634	16	9	652	1278	1	630	0.0	1011
c1da3b66-a127-43fc-8db1-b2cf0180c390	gb:MH546879|Organism:Influenza	94.203	621	14	16	1269	1876	612	1	0.0	928
d1b57126-77f9-46a7-89eb-6d298e24fb81	gb:MW872189|Organism:Influenza	98.447	1030	10	6	93	1119	1027	1	0.0	1808
30a74b42-d1a2-4186-a499-afbb2f4c77c7	gb:MW872189|Organism:Influenza	96.585	1025	19	10	98	1110	1	1021	0.0	1685
184162e6-1de2-4d9e-b1a8-4e5e179911c2	gb:MW872189|Organism:Influenza	96.307	1029	23	13	94	1109	1	1027	0.0	1676
96661e96-72bc-47b7-b775-257dad1f0fa9	gb:MW872189|Organism:Influenza	98.259	1034	8	9	98	1128	1027	1	0.0	1801
473b4e1b-1610-471b-a302-7de88a163f0e	gb:MW872189|Organism:Influenza	97.282	1030	22	4	128	1154	1027	1	0.0	1742
0f6ed90f-2305-4064-afee-6ddd3770d740	gb:MW872189|Organism:Influenza	97.371	1027	17	10	94	1110	1	1027	0.0	1738
defd78d1-a623-40e7-a9e3-948597dba749	gb:MW872189|Organism:Influenza	97.289	1033	17	8	93	1120	1027	1	0.0	1742
9536705a-e252-432c-aec5-4c2d4303a7ec	gb:MW872189|Organism:Influenza	97.674	1032	14	7	97	1123	1027	1	0.0	1764
9fe56c07-4e6a-4866-a5ba-b0f91c85f460	gb:MW872189|Organism:Influenza	98.930	1028	9	2	92	1118	1	1027	0.0	1836
7111376a-7629-4308-9942-5e13b05d5272	gb:MW872189|Organism:Influenza	91.288	1033	45	35	92	1091	1	1021	0.0	1367
bcb402bd-8e6e-4645-9583-d74cc60939b8	gb:MW872189|Organism:Influenza	98.541	1028	9	5	93	1115	1	1027	0.0	1810
9d8448b8-8695-423c-8583-08978174f4a8	gb:MW872189|Organism:Influenza	90.716	1034	61	28	85	1090	1027	1	0.0	1345
3336dc2c-c48a-4691-bd51-1098d6f213f4	gb:MW872189|Organism:Influenza	98.735	1028	8	3	116	1139	1027	1	0.0	1821
5ccea187-ac7e-4557-a344-bcaa44b18823	gb:MW872189|Organism:Influenza	99.223	1029	5	3	80	1107	1027	1	0.0	1853
ee8e560e-7aeb-4a46-be18-45edea56ccea	gb:MW872189|Organism:Influenza	97.862	1029	14	8	91	1113	1	1027	0.0	1772
eee20c91-529d-43c2-bb32-ad66f5cdc078	gb:MW872189|Organism:Influenza	97.187	1031	15	12	83	1103	1027	1	0.0	1731
b21bad3c-53f5-4657-9866-d37f6846ed3d	gb:MW872189|Organism:Influenza	97.374	1028	13	12	101	1120	1022	1	0.0	1736
9dea7aaa-aa60-45ff-b27f-046b4b64a883	gb:MW872189|Organism:Influenza	96.796	1030	15	13	98	1112	1	1027	0.0	1703
ce8670af-50d5-4e58-9cd6-8478bcc7e5a9	gb:MW872189|Organism:Influenza	97.282	1030	16	8	92	1112	1027	1	0.0	1736
c0d832f7-bb4b-428e-8948-abfd71d5d054	gb:MW872189|Organism:Influenza	99.026	1027	7	2	96	1119	1027	1	0.0	1838
e5a4804a-6e82-4063-a351-69b5e99c616f	gb:MW872189|Organism:Influenza	97.190	1032	20	8	100	1127	1	1027	0.0	1736
3ffa75b7-1de4-46c3-afe4-ffc7c65ca5c2	gb:MW872189|Organism:Influenza	96.984	1028	21	10	87	1105	1	1027	0.0	1718
5082b055-825a-4bb4-bdd8-66a0cd22db48	gb:MW872189|Organism:Influenza	97.345	1017	17	10	112	1121	1	1014	0.0	1720
0b68cefd-c9f6-4a8b-aadc-42d8200da0d1	gb:MW872189|Organism:Influenza	97.947	1023	14	6	96	1112	1	1022	0.0	1766
49e24b2c-80cc-4970-9390-76534761510d	gb:MW872189|Organism:Influenza	94.600	1037	27	21	94	1111	1027	1	0.0	1578
af365f3d-b65f-4a81-bec0-e999f6972c14	gb:MW872189|Organism:Influenza	97.769	1031	12	9	92	1115	1	1027	0.0	1766
9177274b-d21b-4d13-b1bc-8f266194fd0d	gb:MW872189|Organism:Influenza	98.152	1028	12	5	97	1118	1	1027	0.0	1786
13e69851-c8aa-499e-83c4-ed328e8c7552	gb:MW872189|Organism:Influenza	98.054	1028	16	4	90	1114	1	1027	0.0	1784
72f66344-6fa1-409f-bc0d-1396e6bf8744	gb:MW872189|Organism:Influenza	99.318	1027	6	1	100	1125	1	1027	0.0	1857
e97e7881-9c8b-41a7-89b2-e38e9270d594	gb:MW872189|Organism:Influenza	97.184	1030	12	14	93	1108	1	1027	0.0	1725
e4ed594c-8984-4e47-abc2-4b5c7411cfe3	gb:MW872189|Organism:Influenza	95.261	1034	25	19	93	1109	1	1027	0.0	1616
7d3b0abc-bc43-4b70-a218-55acf8fb7570	gb:MW872189|Organism:Influenza	98.734	1027	8	2	96	1117	1027	1	0.0	1820
fea56dfb-f962-4abe-b444-aa430183a571	gb:MW872189|Organism:Influenza	98.832	1027	9	2	98	1121	1	1027	0.0	1827
f7aa9fc0-5bfd-47de-a071-e4dc0b79ec0e	gb:MW872189|Organism:Influenza	96.105	1027	18	16	86	1090	1	1027	0.0	1655
be6627da-39c7-4140-b611-16756419f8dc	gb:MW872189|Organism:Influenza	97.478	1031	9	6	94	1111	1027	1	0.0	1744
ade2e225-97d3-45ba-a0a0-70bba5ef37aa	gb:MH733666|Organism:Influenza	94.369	1030	38	14	96	1113	1022	1	0.0	1563
711c74a8-1aa0-4252-9c9d-35662c2fcea4	gb:MW872189|Organism:Influenza	97.765	1029	12	5	100	1119	1	1027	0.0	1762
23438804-be04-43c8-95ee-e3a8e929f774	gb:MW872189|Organism:Influenza	96.699	1030	18	12	108	1124	1027	1	0.0	1700
d2b3d602-5865-44a7-a498-753aec72742b	gb:MW872189|Organism:Influenza	97.090	1031	17	8	98	1119	1027	1	0.0	1725
d84847d0-7734-4478-8bb4-756c2c99933f	gb:MW872189|Organism:Influenza	96.887	1028	12	9	104	1112	1	1027	0.0	1703
0416564c-75fd-458c-bab0-d24658012c8c	gb:MW872189|Organism:Influenza	98.447	1030	8	4	99	1123	1027	1	0.0	1807
f920e84c-1531-4a16-87f7-4419f1b4fd0d	gb:MW872189|Organism:Influenza	94.015	1036	27	23	88	1097	1	1027	0.0	1537
916cf8ce-2d03-4a7b-aacd-590ae1e3615d	gb:MW872189|Organism:Influenza	98.545	1031	8	6	96	1123	1027	1	0.0	1814
9cc57a49-34a5-4e2b-a748-a5478633d6fc	gb:MW872189|Organism:Influenza	98.346	1028	9	7	91	1111	1	1027	0.0	1797
fac3a895-f66e-4856-a04f-3f45509a5afe	gb:MW872189|Organism:Influenza	98.930	1028	6	5	92	1115	1	1027	0.0	1832
1118e23b-64e8-4393-9a0e-dfa4e0757597	gb:MW872189|Organism:Influenza	99.125	1028	6	3	98	1123	1	1027	0.0	1845
24622858-826e-4762-b049-686bb426347e	gb:MW872189|Organism:Influenza	97.585	1035	11	12	91	1119	1027	1	0.0	1760
669b1aa1-f7ef-452b-b006-684a477a073e	gb:HM370968|Organism:Influenza	96.581	234	4	4	1284	1514	1333	1565	9.18e-105	385
911d27b7-4f02-462d-bf4f-20ddf19e5971	gb:MW872189|Organism:Influenza	95.720	1028	23	15	90	1097	1027	1	0.0	1635
5c202de8-9f10-4233-98ea-46f5e3ecfebc	gb:MW872189|Organism:Influenza	99.028	1029	7	2	95	1122	1	1027	0.0	1842
50d7207a-7c89-4103-a195-a1fbc194cc73	gb:MW872189|Organism:Influenza	95.358	1034	22	21	95	1109	1027	1	0.0	1620
452c94c9-40ca-4619-916f-6ce15eee98c0	gb:MW872189|Organism:Influenza	99.029	1030	7	3	91	1120	1027	1	0.0	1844
fedb98c7-0221-4709-96aa-67bc28a02b3a	gb:MW872189|Organism:Influenza	98.929	1027	7	3	92	1114	1027	1	0.0	1832
10e9e767-8d01-47d1-a529-87617279c50c	gb:MW872189|Organism:Influenza	99.027	1028	6	3	120	1144	1027	1	0.0	1840
70b46cab-4593-4f80-b2f3-78b8e1ed6014	gb:MW872189|Organism:Influenza	98.444	1028	10	4	120	1142	1027	1	0.0	1805
949b808f-0824-4daa-97c6-010381e9f268	gb:MW872189|Organism:Influenza	95.640	1032	20	21	82	1093	1	1027	0.0	1633
7534a145-2d00-44e9-883b-f93f51f3a3a8	gb:MW872189|Organism:Influenza	99.124	1027	7	1	91	1115	1027	1	0.0	1845
8f516a70-e817-4723-98b3-67f26a7d9484	gb:MW872189|Organism:Influenza	94.927	1025	33	14	102	1119	15	1027	0.0	1587
65ec9819-d7c0-40d7-9d0d-9fde07e7dc85	gb:MW872189|Organism:Influenza	98.638	1028	6	4	93	1113	1027	1	0.0	1814
5cb492d6-9cc6-40f6-b210-6928cc7268d7	gb:MW872189|Organism:Influenza	97.963	1031	11	9	103	1127	1027	1	0.0	1779
fc90f88c-c7ca-40cf-a78c-c2ce87f01ac3	gb:MW872189|Organism:Influenza	96.699	1030	20	12	99	1117	1027	1	0.0	1701
a2e466bf-5ac6-49f8-938f-9d3bf856c8c5	gb:MW872189|Organism:Influenza	97.767	1030	16	5	95	1120	1027	1	0.0	1768
88a30d92-95af-4acf-b53d-df41a05b7cc7	gb:MW872189|Organism:Influenza	96.318	1032	20	18	103	1121	1027	1	0.0	1679
ccf04add-d8b5-4d3d-a532-ec6cbb552379	gb:MW872189|Organism:Influenza	95.547	1033	25	16	91	1108	1027	1	0.0	1633
34ee8674-09b0-48b3-885e-af07d3d28d13	gb:MW872189|Organism:Influenza	97.862	1029	13	7	112	1133	1027	1	0.0	1770
e58fdbfe-a4ab-4478-ae49-6c9d1b276b53	gb:MW872189|Organism:Influenza	97.573	1030	14	7	92	1113	1027	1	0.0	1753
c68ecfc3-6620-4b7e-a9f9-35dc51a12a1e	gb:MW872189|Organism:Influenza	98.058	1030	9	11	96	1117	1027	1	0.0	1781
5316eaeb-1fb4-4c9c-98d1-68d1847e0862	gb:MW872189|Organism:Influenza	98.734	1027	10	3	94	1117	1	1027	0.0	1821
ba5692e4-febf-4cc9-a40b-a1b9b7d179b6	gb:MW872189|Organism:Influenza	98.737	1029	11	2	92	1120	1	1027	0.0	1827
4c25f502-0b38-4e7c-9dd0-8b657659d676	gb:MW872189|Organism:Influenza	98.835	1030	8	3	95	1123	1	1027	0.0	1832
f001b3fe-8116-43ea-b0c0-59e0ef570711	gb:MW872189|Organism:Influenza	99.029	1030	6	4	99	1127	1027	1	0.0	1844
ea43ba55-22d7-4489-9fc1-a436a97d2971	gb:MW872189|Organism:Influenza	98.150	1027	14	5	87	1108	1	1027	0.0	1786
050c7f1b-a093-4fbf-baa3-00cb424f7ea9	gb:MW872189|Organism:Influenza	98.403	1002	5	8	111	1109	34	1027	0.0	1751
805e2c83-177c-4fa8-b831-f73fe9e501a4	gb:MW872189|Organism:Influenza	97.963	1031	14	7	80	1107	1027	1	0.0	1781
fbf566c2-7259-4166-bf6c-829a5d038434	gb:MW872189|Organism:Influenza	96.422	1034	22	14	91	1116	1027	1	0.0	1690
33cc3d17-30ca-4eb5-9513-59d5da5378b4	gb:MW872189|Organism:Influenza	97.471	1028	14	7	99	1115	1	1027	0.0	1744
