1b02eb49-7531-4385-9f1e-2993e65e0bfc	gb:MW872189|Organism:Influenza	98.258	1033	10	7	664	1694	1027	1	0.0	1801
c230c1e1-e5b7-4579-a211-0783f658fe4d	gb:MT824673|Organism:Influenza	97.257	1458	31	7	94	1547	1	1453	0.0	2462
e4b520e0-f0e6-4e56-b3df-2c77e6c77ebc	gb:MH251189|Organism:Influenza	94.712	1456	57	12	95	1539	1447	1	0.0	2244
2eb42b25-cb73-4516-a3f9-73c2511fd6d1	gb:CY094708|Organism:Influenza	95.513	2318	76	22	706	3006	1	2307	0.0	3679
a39c956a-cce0-472c-b000-d344f4fc4d4f	gb:MK326778|Organism:Influenza	92.605	879	39	20	682	1540	1	873	0.0	1240
ad4be795-98f1-4d78-b29a-4c3d1387195e	gb:KY551171|Organism:Influenza	94.629	875	26	13	694	1550	2	873	0.0	1336
b7a2e36a-3fb8-4dbd-b8de-889f798626d3	gb:MT824673|Organism:Influenza	94.562	1471	46	24	92	1546	1453	1	0.0	2242
f7280fbd-da38-4618-a207-d949f89ac82b	gb:MH546879|Organism:Influenza	96.417	893	11	17	728	1602	1	890	0.0	1452
bd43a102-f6ca-445d-afe0-254095c7f340	gb:MT824673|Organism:Influenza	95.888	1459	40	17	95	1539	1	1453	0.0	2344
3d04289a-c54b-474b-9ab6-4750086570d1	gb:HM370979|Organism:Influenza	89.310	898	59	28	682	1550	1	890	0.0	1092
d2fa6fe8-abcf-41c6-bc1b-d2eff659ab01	gb:MT824673|Organism:Influenza	97.186	1457	28	6	90	1537	1453	1	0.0	2451
eb63b4d2-05e2-47fe-ac04-f4a961ecf8f8	gb:MW872166|Organism:Influenza	96.171	1567	40	14	698	2253	2337	780	0.0	2543
00b4da3e-d9ec-4beb-a08b-4af7907b6916	gb:MT824673|Organism:Influenza	98.006	1454	23	4	84	1532	1	1453	0.0	2519
993f76ab-8fbf-4691-a8ae-b2f8d85ed7a6	gb:KJ568021|Organism:Influenza	89.900	901	44	39	1465	2329	1	890	0.0	1116
522c373e-39e3-42cd-af24-47fee53fd514	gb:MW872189|Organism:Influenza	99.221	1027	5	3	684	1707	1027	1	0.0	1849
5f29b1f9-3532-427f-8bab-e182e50a4b5b	gb:MK995698|Organism:Influenza	97.539	894	15	5	691	1581	1	890	0.0	1522
e94f4586-a02f-4534-b569-716c058fdf04	gb:MT824673|Organism:Influenza	96.982	1458	30	9	91	1539	1	1453	0.0	2436
2039c9f9-85aa-4913-a32e-fde2eb85d8f8	gb:MH546879|Organism:Influenza	96.767	897	14	11	684	1572	890	1	0.0	1482
4527ae21-63bc-49f6-becf-3ed741ce87f8	gb:MT824673|Organism:Influenza	96.290	1267	29	13	92	1352	1	1255	0.0	2063
4527ae21-63bc-49f6-becf-3ed741ce87f8	gb:MT824673|Organism:Influenza	98.758	161	2	0	1354	1514	1293	1453	1.94e-75	287
1f821a2e-8529-4327-b927-0d7cdc572c60	gb:MT824673|Organism:Influenza	96.571	1458	32	15	94	1538	1453	1	0.0	2399
11ceb783-542f-4285-ad22-3e694636406f	gb:MW872139|Organism:Influenza	96.098	897	19	16	3261	4148	890	1	0.0	1448
7a7d3bf2-a843-41f2-ad7f-1b1f417c0537	gb:MT824673|Organism:Influenza	97.942	1458	23	7	86	1541	1	1453	0.0	2519
a704658d-ee35-4759-9b9b-4c6c7769055a	gb:MT824673|Organism:Influenza	97.596	1456	28	4	95	1546	1	1453	0.0	2488
0b7cb2bd-b262-4264-8f09-0343f3373a5c	gb:MT566214|Organism:Influenza	92.981	1040	42	19	1868	2889	1027	1	0.0	1487
592da72b-54a9-45cf-83bd-1e165b1be277	gb:MH546879|Organism:Influenza	98.318	892	9	6	713	1600	1	890	0.0	1559
329a0e17-9a55-427d-b0bc-bea52ca5b28e	gb:HM370970|Organism:Influenza	98.616	289	1	2	723	1009	1023	736	3.99e-142	508
47796af0-b24c-43db-bdd9-1633f20d3740	gb:MT824673|Organism:Influenza	97.619	798	11	6	86	875	1453	656	0.0	1362
47796af0-b24c-43db-bdd9-1633f20d3740	gb:MT824673|Organism:Influenza	87.662	770	35	32	868	1592	699	1453	0.0	841
6762f458-f9e3-41ba-b7f0-40ec3c39a423	gb:MT824673|Organism:Influenza	96.080	1454	39	15	96	1532	1453	1	0.0	2353
8417f544-8783-4f7e-8596-d2138d2a5ffe	gb:MT825055|Organism:Influenza	98.351	1031	12	5	3599	4628	1027	1	0.0	1805
be060579-17a2-484d-9ac1-443b5b9812f9	gb:MK345707|Organism:Influenza	98.405	1003	12	4	1317	2316	1002	1	0.0	1760
986801f3-fec9-4571-9a47-f2d184701968	gb:MH412413|Organism:Influenza	89.489	1018	60	36	447	1427	1008	1	0.0	1243
58eeed51-8fcd-4d71-8cc5-53b2761418b8	gb:MT824673|Organism:Influenza	97.596	1456	26	6	89	1538	1	1453	0.0	2486
bb390946-a541-43cb-b53d-19186bfc7fd5	gb:MK995698|Organism:Influenza	98.316	891	12	3	1699	2587	890	1	0.0	1559
bb390946-a541-43cb-b53d-19186bfc7fd5	gb:MK995698|Organism:Influenza	98.090	890	11	5	647	1530	1	890	0.0	1544
697dffda-6aec-4b1c-b9e6-6857dd5739e0	gb:MH546879|Organism:Influenza	98.315	890	13	2	717	1604	890	1	0.0	1559
98dfd7f8-d115-4588-8937-b3db9699e2c3	gb:MW872189|Organism:Influenza	98.155	1030	14	4	712	1739	1	1027	0.0	1792
34b8f1e9-85b7-4e2e-8025-bef5403bfc4d	gb:MT824898|Organism:Influenza	96.973	892	19	8	642	1527	1	890	0.0	1491
34b8f1e9-85b7-4e2e-8025-bef5403bfc4d	gb:MT824898|Organism:Influenza	96.197	894	23	9	1691	2577	890	1	0.0	1452
