86a80b89-16d8-4082-8546-4e67c5c78c8a	gb:MH546879|Organism:Influenza	97.427	894	15	6	953	1842	890	1	0.0	1517
44313cb2-ab2c-495d-b38c-f94b46cbb0dd	gb:MW872189|Organism:Influenza	98.930	1028	7	3	1721	2745	1	1027	0.0	1834
ee0bd935-8ac8-4c49-af03-73ff7b62d5c1	gb:HM370968|Organism:Influenza	91.026	234	13	8	1293	1519	1565	1333	1.03e-81	309
464db80b-7358-41b9-aab4-ebb1566bf07e	gb:MK995698|Organism:Influenza	97.755	891	13	7	693	1577	890	1	0.0	1528
5f02efa3-a64c-4a0c-8dc7-a8911ccc95d4	gb:MT824898|Organism:Influenza	97.085	892	19	7	639	1525	1	890	0.0	1496
bea0765b-7301-4ae1-8fed-323d8b1ba6c1	gb:MN937778|Organism:Influenza	99.189	863	5	2	693	1555	5	865	0.0	1554
59722ec8-2cb3-413e-ac9a-b004ee6a8091	gb:MT824898|Organism:Influenza	95.852	892	21	15	686	1563	1	890	0.0	1428
76bcf5ff-89bd-45f8-b736-ce6e874be782	gb:MT824898|Organism:Influenza	98.094	892	11	5	684	1571	1	890	0.0	1548
07d4cb06-cf59-4547-bd7e-503dbd4db4ea	gb:MW727348|Organism:Influenza	100.000	79	0	0	640	718	1	79	2.85e-33	147
7231a643-529f-47fd-916c-ebdb73627060	gb:MH546879|Organism:Influenza	98.434	894	7	7	655	1545	1	890	0.0	1567
5910ebd3-80e3-48d8-8734-2aa1fb52e505	gb:MW872189|Organism:Influenza	96.300	1027	18	14	665	1673	1025	1	0.0	1668
828264c2-ef62-4037-a37f-db17f5c021c8	gb:MW872189|Organism:Influenza	98.735	1028	10	3	649	1674	1	1027	0.0	1823
828264c2-ef62-4037-a37f-db17f5c021c8	gb:MW872189|Organism:Influenza	97.760	1027	11	9	1845	2866	1027	8	0.0	1759
ca4c6aec-4630-4ee7-b72b-52af17c20c37	gb:MH546879|Organism:Influenza	97.755	891	14	5	670	1555	1	890	0.0	1530
801680e2-1450-4e5f-86fa-c28ff2612753	gb:MT818944|Organism:Influenza	96.885	899	13	13	1741	2633	890	1	0.0	1491
d8b8133c-9dbc-4c0d-86ce-0dce4219cefb	gb:MT824898|Organism:Influenza	96.425	895	19	8	676	1562	1	890	0.0	1463
d4773a08-f986-4579-ab08-a9dd9a648040	gb:MW872189|Organism:Influenza	97.758	1026	10	10	685	1701	1022	1	0.0	1755
ee8982ec-7a7d-44f9-877b-be22901af5ea	gb:MH546879|Organism:Influenza	98.064	878	13	3	692	1568	890	16	0.0	1524
1de7f210-bfd0-4718-bad2-fcd2dc3bf209	gb:MT824798|Organism:Influenza	96.980	563	14	3	671	1231	2341	1780	0.0	942
35cb7865-f5e2-4383-aa0c-a31210261f86	gb:MH637219|Organism:Influenza	95.635	504	17	4	701	1201	1	502	0.0	804
97b8d991-bfac-4e90-aab1-5e281cbe2e29	gb:MH412413|Organism:Influenza	98.148	1026	13	5	688	1708	1	1025	0.0	1784
97b8d991-bfac-4e90-aab1-5e281cbe2e29	gb:MH412413|Organism:Influenza	98.154	1029	6	10	1829	2851	1025	4	0.0	1783
8e5f4776-f327-45a1-9bef-d83bb6102b29	gb:MH546879|Organism:Influenza	95.536	896	23	13	684	1568	1	890	0.0	1417
57a24c2e-6d24-4c6a-b5a3-53638556be33	gb:MT825055|Organism:Influenza	97.868	1032	10	6	671	1695	1	1027	0.0	1773
b8029a1c-2fd5-4233-be95-6cabff4c4d16	gb:MN937759|Organism:Influenza	96.542	1012	18	10	718	1727	997	1	0.0	1659
0c692a67-b07d-401b-84d5-8c3a255773af	gb:MH637219|Organism:Influenza	92.601	892	32	24	713	1590	872	1	0.0	1251
2b8b5c4e-ef74-4a1b-bff5-f4b0d8d07dbc	gb:MT824898|Organism:Influenza	96.317	896	17	12	674	1559	890	1	0.0	1458
fa1b02c4-5811-47ec-ab95-d616d7bbf5f6	gb:MN254190|Organism:Influenza	99.101	890	7	1	1240	2128	1	890	0.0	1598
aae933ce-61ea-42e5-8004-1c1df0412446	gb:MT825055|Organism:Influenza	97.473	1029	19	5	1739	2762	1	1027	0.0	1749
691bdece-081a-445c-bcaf-2eac1e6daeed	gb:MT825055|Organism:Influenza	98.350	1030	12	3	696	1723	1027	1	0.0	1803
cd6f5ed5-bfd7-4f02-84ad-2ce2ddecc5f2	gb:MT825055|Organism:Influenza	98.929	1027	10	1	1269	2294	1027	1	0.0	1834
b88f9f50-32e8-41ee-b2be-d71a5d68c1bf	gb:MH546879|Organism:Influenza	96.652	896	19	8	659	1549	890	1	0.0	1478
071cea16-1698-4a44-9be8-5a2136ddeaa3	gb:MH637323|Organism:Influenza	86.354	916	69	44	668	1559	1	884	0.0	948
48a71c12-7e07-4007-9262-0f9f50b3f6f1	gb:MT824898|Organism:Influenza	97.204	894	15	6	680	1567	890	1	0.0	1504
02378db8-c450-47cd-ab43-7b381d828570	gb:MH412413|Organism:Influenza	95.068	1034	27	20	647	1665	1025	1	0.0	1605
612c95e8-e566-4502-bbf1-2fa1d022583e	gb:MH546879|Organism:Influenza	98.208	893	11	5	1863	2753	890	1	0.0	1555
69425814-bdc3-42f5-ba52-0a8da8fd03ec	gb:MH546879|Organism:Influenza	97.984	893	14	3	1279	2170	890	1	0.0	1546
e582d333-513e-4ae5-bbd4-424e4802f806	gb:MT824898|Organism:Influenza	96.865	893	20	7	1276	2163	1	890	0.0	1487
29f86897-51cb-436b-b18b-58f70bb8d4bb	gb:MK995698|Organism:Influenza	95.228	901	15	21	666	1549	1	890	0.0	1400
bc5fcee4-a7ea-46cf-86c5-65cda42fdb2e	gb:EF655832|Organism:Influenza	95.875	897	23	9	1267	2156	890	1	0.0	1439
93ee8b3b-ab19-43c0-acd8-51af44c25da4	gb:MT824898|Organism:Influenza	98.653	891	10	2	667	1556	890	1	0.0	1578
2f725ed4-7232-4534-a195-01fab8467778	gb:MK995698|Organism:Influenza	97.989	895	12	5	661	1554	890	1	0.0	1548
b5aa4624-d17a-43df-be48-164b421e84a7	gb:MH546647|Organism:Influenza	97.260	876	17	3	705	1573	1	876	0.0	1478
ed54aacc-326d-4230-b98c-faf62e6e93dc	gb:MW872189|Organism:Influenza	97.179	1028	21	8	8556	9576	1027	1	0.0	1731
ed54aacc-326d-4230-b98c-faf62e6e93dc	gb:MW872189|Organism:Influenza	95.825	1030	23	16	2184	3196	1027	1	0.0	1646
bc3f481a-3a48-4f18-972c-3b53781847c6	gb:MT565680|Organism:Influenza	96.117	1030	24	14	1716	2732	1027	1	0.0	1666
bc492acd-f859-4078-82f4-f078d7f543e6	gb:MK995698|Organism:Influenza	94.091	897	23	23	685	1560	888	1	0.0	1336
bc4730d2-7eec-4a7b-aba2-d86102782b41	gb:MK995698|Organism:Influenza	98.880	893	7	2	702	1594	890	1	0.0	1591
1ee4aaec-e159-4392-a6e8-bd7f7bf9e8e9	gb:MH546879|Organism:Influenza	98.318	892	11	3	689	1578	890	1	0.0	1561
f4d905a3-a137-4ada-b415-0efb98ee1f4d	gb:MK995698|Organism:Influenza	98.090	890	11	5	702	1585	890	1	0.0	1544
5218b658-2be6-4302-a91e-de8c42117f9b	gb:CY033360|Organism:Influenza	88.286	922	50	44	657	1552	1	890	0.0	1051
4b8cd7da-32bd-4023-8283-e5b3fdbddb29	gb:MK995798|Organism:Influenza	96.864	2232	45	21	8352	10562	2233	6	0.0	3711
4b8cd7da-32bd-4023-8283-e5b3fdbddb29	gb:MK995798|Organism:Influenza	94.702	302	13	2	6702	7002	1934	2233	2.37e-128	466
d194f990-5cb0-4957-be88-09203bd7b3f2	gb:MT824898|Organism:Influenza	98.096	893	10	4	664	1552	890	1	0.0	1548
80b28c55-6756-4339-a13f-2225899d645f	gb:MK913496|Organism:Influenza	94.349	1451	53	22	2312	3742	20	1461	0.0	2198
49716bb6-d3d9-4ea0-95c7-53eb5663a5df	gb:MH546879|Organism:Influenza	98.655	892	9	3	693	1583	890	1	0.0	1578
49716bb6-d3d9-4ea0-95c7-53eb5663a5df	gb:MH546879|Organism:Influenza	78.295	516	104	8	2122	2634	380	890	1.09e-86	326
49716bb6-d3d9-4ea0-95c7-53eb5663a5df	gb:MH546879|Organism:Influenza	83.544	79	7	4	1745	1820	1	76	2.03e-09	69.4
56b781bd-c326-49cb-8fbf-34769859dcef	gb:MT824898|Organism:Influenza	96.226	901	21	12	668	1566	1	890	0.0	1463
173de079-9dca-4bf6-b5ff-fddc721623d9	gb:MT824667|Organism:Influenza	96.007	1728	44	18	1035	2742	1723	1	0.0	2785
57ac0e78-29d1-412b-9640-2a34d106bd0a	gb:MH546879|Organism:Influenza	98.432	893	7	5	695	1583	890	1	0.0	1565
c6588d22-26b3-428a-8b51-da1914bdd906	gb:MT825055|Organism:Influenza	98.053	1027	14	5	687	1707	1027	1	0.0	1781
2fc2cb8a-3bb7-44f7-92f8-92b0882a929b	gb:MW872189|Organism:Influenza	98.053	1027	15	5	4822	5843	1027	1	0.0	1781
2e223e8a-9fa0-42c3-bb59-1833fcb93c9f	gb:MW872189|Organism:Influenza	97.668	1029	17	7	666	1689	1	1027	0.0	1760
0274d193-4246-48c3-b1be-c6489922252d	gb:MK995698|Organism:Influenza	96.622	888	17	9	691	1567	5	890	0.0	1461
d4ab814e-9711-414b-83b3-1447b4d10b32	gb:MT565680|Organism:Influenza	92.640	1019	48	23	680	1679	1011	1	0.0	1441
82966381-d1d2-47c1-855d-03104f799812	gb:MK995698|Organism:Influenza	95.875	897	17	14	653	1536	1	890	0.0	1434
d92e001f-c66c-4282-9449-645b1d17a960	gb:MW872189|Organism:Influenza	84.718	1047	75	60	692	1673	1	1027	0.0	968
54e27f81-d898-42ac-8838-708dde8a89b6	gb:MH412413|Organism:Influenza	97.858	1027	15	6	688	1709	1	1025	0.0	1768
ddac499f-b082-49b3-8173-2c1abc8b7cc0	gb:MH412413|Organism:Influenza	99.415	1026	5	1	2801	3826	1	1025	0.0	1860
d576cc37-1c87-4677-b02e-b3268587066b	gb:MH546879|Organism:Influenza	97.982	892	13	3	1310	2198	890	1	0.0	1543
64951ad4-d4ab-4761-bebd-dda33359f679	gb:MH546879|Organism:Influenza	98.309	887	8	6	660	1541	885	1	0.0	1548
64951ad4-d4ab-4761-bebd-dda33359f679	gb:MH546879|Organism:Influenza	97.865	890	11	6	1700	2581	1	890	0.0	1531
14e6c91c-dfdd-4847-aab9-28ac2e7e57c2	gb:MW872189|Organism:Influenza	98.064	1033	10	8	1493	2521	1	1027	0.0	1788
f3f2ea0b-714a-40a9-8c66-52b2cfd2dd3e	gb:MH412413|Organism:Influenza	99.298	997	2	4	1303	2296	18	1012	0.0	1797
afb0eef1-e1b3-4fdd-9d83-7e4e8557346b	gb:MT565522|Organism:Influenza	99.071	323	3	0	672	994	1565	1243	8.83e-164	580
afb0eef1-e1b3-4fdd-9d83-7e4e8557346b	gb:MT565522|Organism:Influenza	100.000	130	0	0	985	1114	130	1	1.70e-61	241
205b4d21-084e-4a7d-97a7-f8b3ea2c35c5	gb:HM370970|Organism:Influenza	95.183	1038	25	20	290	1313	1027	1	0.0	1616
191e98f5-9a3b-4ea1-bbe8-ca01dd51c44c	gb:MT824667|Organism:Influenza	96.986	1725	29	12	693	2396	1	1723	0.0	2876
933a5421-083a-4887-ac43-80bb5e0241bf	gb:MH546879|Organism:Influenza	98.429	891	13	1	699	1589	890	1	0.0	1567
cf5a1247-7f39-41d8-898b-74a51ad8b14d	gb:MH412413|Organism:Influenza	99.318	1027	4	3	1286	2311	1025	1	0.0	1855
df4c5490-5b24-4fdf-8840-42a472f73831	gb:MW872189|Organism:Influenza	97.279	1029	14	13	2171	3190	1	1024	0.0	1733
a9705baa-d5c8-41de-882e-f74715329c72	gb:MH546879|Organism:Influenza	98.541	891	8	3	5814	6700	1	890	0.0	1568
78051e34-9c3a-4591-ad15-de81847067c0	gb:MT825026|Organism:Influenza	94.561	1048	37	20	1860	2899	1	1036	0.0	1602
827e15ba-8575-4993-b577-d7416241441e	gb:MW872189|Organism:Influenza	98.737	1029	7	6	1088	2112	1	1027	0.0	1823
6499e811-5acc-4b20-88bf-28f70e812ba2	gb:MW872189|Organism:Influenza	96.705	1032	19	13	690	1711	1027	1	0.0	1703
da806f7f-cbe8-475a-8baa-9366f08e9d37	gb:MW872189|Organism:Influenza	98.639	1029	7	4	662	1685	1027	1	0.0	1816
0c54d0f0-74f7-4b3f-b082-c85ec28cb02a	gb:MW872189|Organism:Influenza	98.064	1033	12	7	675	1705	1027	1	0.0	1790
86a88c2a-b705-4119-bf4d-b0e0d19d7b99	gb:MT825055|Organism:Influenza	95.736	1032	21	20	891	1904	1	1027	0.0	1640
b9c25329-c051-44bb-9ef8-5265d257938e	gb:MH546879|Organism:Influenza	99.326	890	6	0	698	1587	1	890	0.0	1611
49304ea0-f831-455e-a42e-77c1c3c8ab97	gb:MH412413|Organism:Influenza	97.955	1027	8	10	255	1273	1025	4	0.0	1768
8dbfad83-f213-48a2-be8a-2d37b1588cab	gb:MH412413|Organism:Influenza	99.025	1026	6	3	696	1718	1025	1	0.0	1836
92f2212d-ffee-440e-aaac-85942b73dcbd	gb:MW872189|Organism:Influenza	98.157	1031	10	9	1300	2325	1	1027	0.0	1790
37015d88-70ac-4f08-80d6-665aeb93b812	gb:MT825055|Organism:Influenza	98.541	1028	11	3	2921	3945	1027	1	0.0	1812
37015d88-70ac-4f08-80d6-665aeb93b812	gb:MT825055|Organism:Influenza	97.483	1033	14	6	698	1724	1	1027	0.0	1753
12f71b66-1260-4b9e-9487-f76e8f258b93	gb:MH546879|Organism:Influenza	98.544	893	9	4	1278	2169	1	890	0.0	1574
4daad614-98bc-4777-b045-344fdcaf6d00	gb:MT824898|Organism:Influenza	98.098	894	12	4	702	1594	1	890	0.0	1552
4daad614-98bc-4777-b045-344fdcaf6d00	gb:MT824898|Organism:Influenza	96.767	897	18	8	2358	3250	1	890	0.0	1485
5b4e4023-d6ab-415a-bb96-3dcf8e7b7a6d	gb:MH637219|Organism:Influenza	95.158	888	22	16	1799	2668	885	1	0.0	1382
80f6845a-70d5-499c-b124-b33e2e7cd870	gb:MH546879|Organism:Influenza	96.085	894	19	13	654	1535	890	1	0.0	1443
5cda945f-a46f-4ca1-aee9-dee9a44a3e2d	gb:MN254190|Organism:Influenza	90.939	905	49	24	677	1567	890	5	0.0	1186
4bf53441-c249-474b-b7b2-a772a9af33f0	gb:MK995698|Organism:Influenza	98.090	890	10	7	684	1566	890	1	0.0	1543
392c77a9-eb71-46f1-8189-3ec2709e1f1c	gb:MK995698|Organism:Influenza	98.991	892	6	3	1261	2151	890	1	0.0	1594
8526c881-44f9-4c62-9b95-27fb8d4c39ba	gb:MK913496|Organism:Influenza	97.129	1463	36	3	7459	8917	1461	1	0.0	2464
c45f3b10-2aa8-4ab5-aec0-3454e5c10aad	gb:MN937778|Organism:Influenza	95.057	870	22	19	1886	2742	862	1	0.0	1349
0a865a11-0f50-4b4a-bbed-b48861aaa8cf	gb:MN937778|Organism:Influenza	94.220	865	23	19	705	1547	860	1	0.0	1295
3dcb7088-66ca-4903-b384-39fd62df43a0	gb:MK913496|Organism:Influenza	96.854	1462	41	5	663	2120	1	1461	0.0	2440
96b2dd05-5c8f-4186-a1f1-7703df9e6965	gb:MW872189|Organism:Influenza	97.866	1031	11	4	6341	7364	1027	1	0.0	1772
96b2dd05-5c8f-4186-a1f1-7703df9e6965	gb:MW872189|Organism:Influenza	96.443	731	17	7	2896	3620	1027	300	0.0	1197
96b2dd05-5c8f-4186-a1f1-7703df9e6965	gb:MW872189|Organism:Influenza	74.359	1053	154	89	4610	5582	1	1017	2.10e-91	342
e324de8d-0f71-4f86-a506-17988709cf33	gb:MW872189|Organism:Influenza	98.444	1028	9	4	213	1234	1027	1	0.0	1803
b33490f4-ccba-4067-8051-06b8416ebaa4	gb:MH546879|Organism:Influenza	98.212	895	9	6	1276	2168	890	1	0.0	1557
99651495-f424-462c-a9d4-88f035288c9d	gb:MT565522|Organism:Influenza	98.452	323	4	1	1446	1767	1243	1565	9.57e-160	568
99651495-f424-462c-a9d4-88f035288c9d	gb:MT565522|Organism:Influenza	98.473	131	1	1	1325	1455	1	130	5.13e-58	230
179ecbbb-1d0f-4f0c-a380-ccbe56325e11	gb:MG280503|Organism:Influenza	94.395	892	26	19	1292	2165	1	886	0.0	1349
735a54c8-c110-4ad5-8b14-621bfa8c93c4	gb:MT565680|Organism:Influenza	98.638	1028	9	2	690	1713	1027	1	0.0	1816
c4663236-9568-4011-b6fa-97ddc993c255	gb:MK995698|Organism:Influenza	96.444	900	18	9	683	1578	1	890	0.0	1472
5a290c34-1c57-4239-80e3-e270c71a5cad	gb:MH546879|Organism:Influenza	96.763	896	14	10	703	1589	1	890	0.0	1480
eb3836c9-9214-4f12-a658-80a19122a1a0	gb:MK995698|Organism:Influenza	97.309	892	14	6	329	1212	1	890	0.0	1506
c90943a0-8d3d-4b74-a124-ca5cc8185cff	gb:MT818724|Organism:Influenza	97.481	1032	16	7	706	1732	1027	1	0.0	1753
f597389a-1b01-4729-ab3f-29d5c2967ac1	gb:MT824898|Organism:Influenza	97.095	895	16	6	686	1575	890	1	0.0	1500
d5a2f0f8-7889-4b68-b161-2408bf13202c	gb:MK995698|Organism:Influenza	97.536	893	11	10	1409	2293	1	890	0.0	1517
8ff013f1-dfbd-4e60-a942-60758972e8ed	gb:MK995698|Organism:Influenza	98.653	891	7	4	1260	2146	890	1	0.0	1574
7021f0f7-6099-41cd-aa2c-1bdb6864414a	gb:MH546879|Organism:Influenza	99.101	890	8	0	2223	3112	890	1	0.0	1600
6234f460-a674-4de3-b0c5-bdfd7cdd1c4c	gb:MK995698|Organism:Influenza	97.868	891	13	4	1279	2164	890	1	0.0	1535
d7b5a056-3584-4ba7-bc94-361997b63857	gb:HM370966|Organism:Influenza	98.671	301	2	2	723	1022	1934	2233	2.42e-149	532
005bf4fe-83ff-4325-a2de-ab1629184757	gb:MH546879|Organism:Influenza	87.555	908	48	50	2467	3327	1	890	0.0	990
ec049cc3-4991-43d2-a195-cd8f424789a1	gb:MK913477|Organism:Influenza	85.570	1490	120	79	402	1825	1	1461	0.0	1472
89e5704b-cafc-44f3-938c-4b7f68da52a3	gb:MW872189|Organism:Influenza	98.544	1030	9	3	684	1710	1	1027	0.0	1814
05edcf69-30ef-4150-a9c5-e1aaa1ae7c38	gb:MW872189|Organism:Influenza	98.442	1027	10	6	624	1644	1027	1	0.0	1803
ca3a9dd5-5428-427b-82df-6eb85d9edd88	gb:MH412413|Organism:Influenza	99.025	1026	6	4	868	1890	1025	1	0.0	1836
a6c12c5c-95ff-42bd-a8fc-bc610deb76a9	gb:MK995698|Organism:Influenza	94.972	895	22	17	680	1561	890	6	0.0	1382
76baa853-acea-480d-8285-1726d028851d	gb:MG280160|Organism:Influenza	96.825	189	4	2	697	883	886	698	8.34e-84	315
0cfe5192-91e6-42e3-bd71-3a0467550b2b	gb:MK995798|Organism:Influenza	97.764	2236	40	6	10109	12337	1	2233	0.0	3843
dd2cc6cf-589c-48f2-925d-23c4c6c1efdc	gb:MH546879|Organism:Influenza	99.326	890	6	0	679	1568	1	890	0.0	1611
58c63592-c4e6-4de3-a545-1ac54cddd101	gb:CY005082|Organism:Influenza	95.735	891	26	6	661	1540	1	890	0.0	1424
42ec6473-8639-4734-bb76-25f101fddc18	gb:MT824673|Organism:Influenza	97.734	1456	25	7	705	2155	1453	1	0.0	2499
ca5ee937-2ceb-47c7-9c32-add2be4fb07a	gb:KY990767|Organism:Influenza	97.427	894	16	7	719	1609	1	890	0.0	1517
da2d85d3-0904-4520-9e8e-b6a8c18469a7	gb:MH546879|Organism:Influenza	94.432	898	24	21	687	1566	1	890	0.0	1358
04b8cb12-db2b-4182-9286-9c8360df7544	gb:MK995698|Organism:Influenza	97.536	893	14	7	1269	2156	1	890	0.0	1520
77c4de02-302f-4ecd-b5ea-a5fae282aca5	gb:MW872139|Organism:Influenza	98.318	892	13	2	677	1568	890	1	0.0	1563
4a0facd0-cabb-4645-b67c-d7573344c01f	gb:MK995698|Organism:Influenza	97.875	894	7	8	1248	2133	1	890	0.0	1535
1298d2d5-0a51-432e-aa4f-68a61798b0df	gb:MK237362|Organism:Influenza	94.235	1006	40	14	3143	4134	1002	1	0.0	1520
352750c2-4b23-401a-bd69-f8c86c17e4ff	gb:MT825055|Organism:Influenza	95.618	1027	30	12	685	1696	1	1027	0.0	1633
d7640c25-1079-444a-9b79-9e845e0e4678	gb:MW872189|Organism:Influenza	97.767	1030	16	4	1927	2952	1	1027	0.0	1768
93caed8b-c75f-475d-85dc-04d8278dc26e	gb:MH546879|Organism:Influenza	95.964	892	19	9	1295	2171	890	1	0.0	1432
e74bb2b8-37d1-4316-a07f-23792001df82	gb:MT825055|Organism:Influenza	97.961	1030	14	7	1819	2844	1027	1	0.0	1779
fb969086-cd91-4133-ae2d-7e36c1db2abc	gb:MT824898|Organism:Influenza	98.098	894	12	4	671	1563	890	1	0.0	1552
a014b759-17e8-46b9-96b8-b9c84bd49853	gb:MW872189|Organism:Influenza	96.812	1035	15	14	715	1739	1027	1	0.0	1712
3f820dcc-28db-4679-85f5-12fa0f4c8df1	gb:MT824898|Organism:Influenza	98.541	891	11	2	660	1549	890	1	0.0	1572
caa6e5dd-3d04-4360-87b3-65f204fbb5a4	gb:MK995698|Organism:Influenza	98.541	891	10	3	686	1574	890	1	0.0	1570
9e0dc706-9cd4-40ee-8e3b-b520d0960094	gb:MW872189|Organism:Influenza	97.679	1034	10	10	668	1694	1	1027	0.0	1764
a46bd613-575a-4ec5-b122-1a5feee5b5b4	gb:MW872189|Organism:Influenza	90.768	1029	48	36	1565	2565	1010	1	0.0	1330
111b2de6-e8aa-4caf-a50c-f0d01d75ef50	gb:MH546879|Organism:Influenza	98.208	893	12	4	669	1560	890	1	0.0	1557
f970ace8-dc14-460a-8e93-d0dca3c44554	gb:MW872189|Organism:Influenza	97.471	1028	12	8	702	1716	1027	1	0.0	1742
c882dfa1-92a7-45c7-8a5b-9612ab543c0f	gb:MH412413|Organism:Influenza	97.374	1028	8	13	717	1733	1	1020	0.0	1731
0d83877e-fead-46db-89ee-db18ec6c1872	gb:MG280321|Organism:Influenza	94.562	901	28	19	1198	2088	890	1	0.0	1373
7c50bcb4-affa-4af8-9c0a-6f7474c01fc4	gb:KJ568021|Organism:Influenza	79.636	933	95	82	691	1572	2	890	3.98e-164	582
56ad1614-2e4c-4d60-8189-06c4107b2dc1	gb:MH546879|Organism:Influenza	93.444	900	27	25	1159	2036	1	890	0.0	1306
2c62b715-ad27-4fa7-a437-275f96ce7099	gb:MH546879|Organism:Influenza	95.307	895	18	21	3464	4339	1	890	0.0	1399
cab5f2cb-9f5e-45ad-a3b4-a158f7c9764a	gb:MW872189|Organism:Influenza	98.152	1028	12	7	680	1701	1027	1	0.0	1786
d651297d-be80-46d2-9343-dd31d174f14f	gb:MW872189|Organism:Influenza	98.834	1029	9	2	661	1688	1	1027	0.0	1831
ebdbb56f-f1a9-4849-9fbf-f14968ae022f	gb:MT824898|Organism:Influenza	97.079	890	15	8	685	1563	1	890	0.0	1489
7e32fb4b-f4e7-4fa9-a638-8bdc372f495c	gb:MK995802|Organism:Influenza	96.210	1029	22	10	2518	3531	1027	1	0.0	1668
d07bf691-b175-4260-a385-8ef9af4f162a	gb:MW872189|Organism:Influenza	97.760	1027	14	5	1292	2309	1	1027	0.0	1760
d2352e4c-719e-436c-986a-edd52c0baf8b	gb:MW872189|Organism:Influenza	97.274	1027	16	8	3069	4084	1027	2	0.0	1731
cc80b70e-b5ac-413b-a5a0-2f23d0a493b9	gb:MH546879|Organism:Influenza	95.982	896	19	11	689	1573	1	890	0.0	1439
d0b237d6-b93d-4b2d-874d-990f89b833f8	gb:MW872189|Organism:Influenza	98.641	1030	6	6	1299	2323	1027	1	0.0	1818
0cf0a6ab-47e3-4386-ad36-6336127eee06	gb:MT825075|Organism:Influenza	95.946	1036	27	11	1829	2858	1027	1	0.0	1666
13997590-ae68-402d-8582-13c0422df7c6	gb:MT818944|Organism:Influenza	98.204	891	11	4	1262	2148	890	1	0.0	1552
0a8f9778-3d26-4d2d-a86e-a33377529101	gb:MW872189|Organism:Influenza	97.082	1028	16	13	659	1678	6	1027	0.0	1720
40724876-7767-4f5b-a294-0688c5a798f7	gb:MK995698|Organism:Influenza	88.565	892	66	30	697	1557	4	890	0.0	1050
f6763e50-0c3f-419a-9d47-eeeb3f23af38	gb:MH546879|Organism:Influenza	98.322	894	10	4	691	1583	1	890	0.0	1563
52be4b19-8ff0-4dcc-ac03-af45744c6c61	gb:MH412413|Organism:Influenza	99.123	1026	6	3	676	1699	1	1025	0.0	1842
56eaeead-58de-4650-9cc4-a62474a3d5fa	gb:MK995698|Organism:Influenza	98.655	892	9	3	1289	2179	890	1	0.0	1578
f8a8b729-2900-4ea0-a368-b4fdfb17a5e6	gb:MH546879|Organism:Influenza	99.326	890	6	0	1472	2361	1	890	0.0	1611
4ce6b3df-6947-43d9-8630-0595f74f7827	gb:HM370979|Organism:Influenza	95.740	892	18	15	721	1594	890	1	0.0	1419
179b5790-1879-451d-8f98-fec5bae46573	gb:MW872189|Organism:Influenza	97.765	1029	19	4	693	1719	1027	1	0.0	1770
db323b27-fdd9-40c7-ab61-5dbb8c5177fb	gb:MK236956|Organism:Influenza	96.684	1568	38	12	1681	3241	1	1561	0.0	2595
ea01c01b-4271-4257-b159-e27dab66fbc5	gb:MT824898|Organism:Influenza	96.987	896	16	9	676	1566	890	1	0.0	1495
d460d54e-da25-4e5b-a585-9f06d30ef164	gb:MH412413|Organism:Influenza	98.444	1028	7	6	1274	2295	1025	1	0.0	1801
e665139f-011d-4d65-93d4-b46a77a10ba3	gb:MK995789|Organism:Influenza	90.718	905	40	35	1254	2132	890	4	0.0	1166
0247e1bc-c908-4b92-ae86-ab0ff113d8a2	gb:MW872189|Organism:Influenza	97.672	1031	15	9	1263	2288	1027	1	0.0	1762
75114d82-7493-45ef-9056-b85fc1100c75	gb:MT825055|Organism:Influenza	98.542	1029	8	6	711	1734	1027	1	0.0	1810
607ad4f1-c590-4a69-80e7-378bf1e5d0b0	gb:MH251186|Organism:Influenza	96.693	1028	20	11	686	1702	1025	1	0.0	1698
b01600f1-e652-4e05-a32c-bc14995031b5	gb:MK995698|Organism:Influenza	98.322	894	9	3	694	1585	1	890	0.0	1563
1b22fd86-3b6d-4d6c-9c02-0b73013c5efd	gb:MN254190|Organism:Influenza	93.423	897	32	19	633	1514	885	1	0.0	1304
cb836898-1c27-4187-8d2b-4d83f30c6eca	gb:MW872189|Organism:Influenza	94.879	1035	24	19	1244	2257	1027	1	0.0	1591
8bd6d601-8943-4ecd-adcb-70f960aa6679	gb:MH412413|Organism:Influenza	99.220	1026	4	3	1759	2781	1	1025	0.0	1847
9326e9bc-95ab-4a14-914d-7d71afb2beb5	gb:MH412413|Organism:Influenza	98.637	1027	9	5	705	1728	1025	1	0.0	1814
ce76134c-4814-44b8-900c-2e1c4d228621	gb:MH546879|Organism:Influenza	97.755	891	14	6	685	1570	1	890	0.0	1530
b525ffd5-6648-4b32-a43a-280caa4387b9	gb:MT824798|Organism:Influenza	97.698	2346	38	10	693	3027	1	2341	0.0	4019
86314ec9-097d-4315-bf78-82131ba3d9bb	gb:MT825055|Organism:Influenza	97.665	1028	11	8	670	1685	1027	1	0.0	1753
9d6c69c4-942b-4cb0-8791-7db1365a786f	gb:MH546879|Organism:Influenza	97.643	891	11	7	678	1559	890	1	0.0	1520
7537a165-2c0e-447b-a4f7-627dde9ce5e3	gb:MH546879|Organism:Influenza	96.749	892	23	6	808	1695	1	890	0.0	1482
71638185-caac-42c9-9052-909d773d27a2	gb:MT825055|Organism:Influenza	96.325	1034	23	13	1336	2361	1027	1	0.0	1685
a28ecb29-71d3-4ffa-8e85-02538a7680fb	gb:MH546879|Organism:Influenza	89.387	914	44	40	700	1584	890	1	0.0	1101
efabc7f1-6d3d-4ea7-b99d-af88a3227ade	gb:MW872189|Organism:Influenza	96.602	1030	15	16	683	1695	1	1027	0.0	1690
6b241e94-594d-4f83-acca-377c55f9e4fb	gb:MW872189|Organism:Influenza	98.835	1030	8	3	1721	2749	1027	1	0.0	1832
8ea97884-70cc-4823-96ec-447fe6fa3160	gb:MT824898|Organism:Influenza	97.085	892	22	4	687	1576	890	1	0.0	1500
bbb41f58-0a96-4294-aa8f-1ddf60531f4b	gb:MW872189|Organism:Influenza	99.221	1027	7	1	1766	2791	1	1027	0.0	1851
8d446801-8380-4ae6-951a-55c74f72ba72	gb:MW872189|Organism:Influenza	95.349	1032	19	21	1245	2252	1	1027	0.0	1613
82cb414e-4ecb-4563-ab2a-031c165f02f6	gb:MT824898|Organism:Influenza	98.539	890	12	1	1271	2159	1	890	0.0	1570
dce8a93a-760b-4083-a995-b5f79da92317	gb:MK326778|Organism:Influenza	95.633	893	28	11	1949	2833	890	1	0.0	1423
d83b4e77-934f-49bb-9b73-904eaf6fa214	gb:MK236956|Organism:Influenza	93.270	1590	65	30	1285	2861	1561	1	0.0	2305
ac835b99-2399-41c5-8ea5-02b19ccd1045	gb:MH620663|Organism:Influenza	100.000	188	0	0	715	902	2316	2129	9.36e-94	348
e3b94b19-eb7d-4329-88c5-f6d79bd1223d	gb:MT818724|Organism:Influenza	97.668	1029	17	6	670	1693	1027	1	0.0	1760
81ad560d-4d84-49cd-99c9-0fa86750c1d9	gb:MH546879|Organism:Influenza	99.102	891	7	1	702	1592	890	1	0.0	1600
369d7995-3c59-46a5-b65e-d0f710058110	gb:MK913496|Organism:Influenza	96.516	1464	42	7	1309	2766	1	1461	0.0	2412
f8d4dd3b-7e99-4ecc-a7ea-f19f0a9a7e61	gb:MT818724|Organism:Influenza	96.902	1033	17	8	1269	2292	1027	1	0.0	1716
a0d4350a-8e17-40d1-b1e6-d1babfdf99b7	gb:MH546879|Organism:Influenza	98.765	891	10	1	658	1548	1	890	0.0	1583
6a347e68-01a1-4b2a-b000-32086ae3ce0d	gb:MW872189|Organism:Influenza	97.959	1029	16	5	2559	3584	1027	1	0.0	1779
6a347e68-01a1-4b2a-b000-32086ae3ce0d	gb:MW872189|Organism:Influenza	97.085	1029	13	10	1378	2391	1	1027	0.0	1718
5deb2cf1-d9c1-4fc2-9711-e23402185ed9	gb:MK995698|Organism:Influenza	96.742	890	15	13	1267	2142	1	890	0.0	1471
ef6e0a3c-d418-4d6a-b089-aeb436a47614	gb:MW872166|Organism:Influenza	96.036	2346	66	22	1213	3536	2341	1	0.0	3792
81a7ff6b-075e-4eaa-b161-276a8bbd988d	gb:MK995698|Organism:Influenza	94.598	907	26	15	702	1602	890	1	0.0	1382
4373dcd0-0810-4848-b013-00a005a4a22b	gb:MW872189|Organism:Influenza	97.872	1034	10	8	682	1710	1	1027	0.0	1777
72909558-c4da-4ccd-8709-da1ed9187f67	gb:MK995698|Organism:Influenza	98.427	890	10	4	709	1594	1	890	0.0	1563
2160da32-e882-46a3-bfd2-0e58503b6c98	gb:MW872189|Organism:Influenza	99.125	1028	4	4	675	1698	1027	1	0.0	1844
2160da32-e882-46a3-bfd2-0e58503b6c98	gb:MW872189|Organism:Influenza	97.374	1028	19	5	2467	3487	1027	1	0.0	1742
7705fafa-3401-41c9-84c1-ab2b003d8ace	gb:MT825055|Organism:Influenza	98.539	1027	12	3	1275	2298	1	1027	0.0	1810
1965481e-4679-41e7-8234-4d303a5df280	gb:MK995698|Organism:Influenza	98.320	893	11	3	678	1569	1	890	0.0	1563
f43c9a73-0a23-4130-8598-baeecf03f416	gb:HM370970|Organism:Influenza	93.515	293	11	8	1913	2198	1027	736	5.46e-118	429
942bc339-17e8-4d36-891b-6647c10252be	gb:MT824898|Organism:Influenza	96.727	886	18	10	3083	3958	890	6	0.0	1465
cdf21702-015c-421c-9b60-0a0d1b41d10e	gb:MW872189|Organism:Influenza	97.017	637	11	6	673	1306	1	632	0.0	1064
c353703d-da4e-4ef2-a3bc-6f52c88e5831	gb:MH412413|Organism:Influenza	97.284	1031	18	7	652	1678	1	1025	0.0	1740
d92e673e-6390-4d53-836d-6391b06f4441	gb:MW872189|Organism:Influenza	98.252	1030	10	8	714	1738	1027	1	0.0	1796
d380d802-9d63-4016-a79d-74582d648d99	gb:MK995698|Organism:Influenza	98.653	891	8	4	687	1574	890	1	0.0	1576
40335475-9aa4-43e6-9c6d-f8b3912e94bf	gb:MH546879|Organism:Influenza	98.541	891	10	3	690	1578	1	890	0.0	1570
ceecb074-8b02-4d7e-9765-9cd26b83c529	gb:MW872189|Organism:Influenza	98.834	1029	6	6	1221	2245	1	1027	0.0	1829
9cfeb638-6e5f-4645-bfc9-8a86322a90a7	gb:MW875018|Organism:Influenza	97.685	864	12	5	692	1552	7	865	0.0	1478
037837d9-076a-483f-9b6c-21d935490664	gb:MW872189|Organism:Influenza	96.805	1033	19	12	670	1694	1	1027	0.0	1712
ffe68f99-f622-441d-bbb0-30269ba6c30d	gb:MT824898|Organism:Influenza	96.417	893	17	15	1259	2139	890	1	0.0	1458
581f7831-b7a5-4fbe-82c3-57d8aaebeb9f	gb:MW872189|Organism:Influenza	98.154	1029	12	7	686	1709	1	1027	0.0	1788
03d809e9-1b55-4bd2-8afa-6a9fff11107d	gb:MW872189|Organism:Influenza	96.705	1032	15	12	1524	2541	1027	1	0.0	1700
245e2f04-cbfc-400e-a110-785f695640e9	gb:HM370979|Organism:Influenza	98.092	891	11	6	701	1586	1	890	0.0	1546
b666a0ea-f0ae-40c9-9117-23a083f6dcad	gb:MK913496|Organism:Influenza	97.609	1464	30	4	1282	2743	1	1461	0.0	2505
855bc5a3-5657-4415-b2d0-a4166d3b9c0b	gb:MT824898|Organism:Influenza	98.206	892	10	3	729	1616	890	1	0.0	1554
0fc9651e-b4f1-4161-90fe-f0cd6d795ea8	gb:MT825055|Organism:Influenza	98.150	1027	10	4	2932	3949	1027	1	0.0	1783
6651ae7f-5e27-459a-9887-8cca1424cd24	gb:MH546879|Organism:Influenza	98.094	892	13	4	694	1583	890	1	0.0	1550
87eebf59-3da0-4083-a229-5e18947a4acc	gb:MW872189|Organism:Influenza	92.027	1041	41	34	1319	2336	1022	1	0.0	1424
0e91dac0-c3c3-467c-b682-5b310be5f6ef	gb:HM370968|Organism:Influenza	97.561	246	5	1	665	909	1320	1565	1.83e-115	420
72aef06e-ba21-4707-92bd-2fb798470487	gb:MT818724|Organism:Influenza	97.760	1027	16	5	700	1719	1027	1	0.0	1762
9113ea32-f8a8-48dc-84bc-0f96a5077251	gb:MW872189|Organism:Influenza	97.082	1028	13	11	1292	2303	1	1027	0.0	1716
f898f865-56c5-42ee-b78b-60004b6e4955	gb:MW872189|Organism:Influenza	90.777	1030	51	35	682	1676	1021	1	0.0	1336
4d42fd12-2e01-4e16-9137-56eb7407263d	gb:MK995698|Organism:Influenza	98.990	891	6	2	694	1582	1	890	0.0	1592
3f203447-a16f-4c7a-8f83-c1341afd4d09	gb:MK995698|Organism:Influenza	96.188	892	21	11	664	1544	890	1	0.0	1447
cb65a5d2-485f-44c2-bbf0-f5f3512da2ee	gb:MK995698|Organism:Influenza	98.989	890	8	1	1264	2152	890	1	0.0	1592
66a91769-e030-4f32-8a89-81f317fa4ec2	gb:MH546879|Organism:Influenza	97.651	894	11	6	610	1497	890	1	0.0	1526
82500ef1-725e-4c47-847d-f6a05df9039b	gb:MT824898|Organism:Influenza	96.857	891	16	8	1311	2190	1	890	0.0	1480
195fa273-36d9-439c-83c9-3f86319cf8f8	gb:MH546879|Organism:Influenza	98.767	892	7	4	1862	2751	1	890	0.0	1583
ec386fa1-4e8b-4648-b87a-160af23f3f25	gb:MW872189|Organism:Influenza	97.488	1035	9	14	726	1751	1027	1	0.0	1751
9eb177ec-2b39-4396-8d39-d979f58d911f	gb:MW872189|Organism:Influenza	99.124	1027	8	1	684	1709	1027	1	0.0	1845
95113565-890d-4e09-ac62-f1e09f4cbff2	gb:MH251187|Organism:Influenza	97.476	1030	23	3	672	1701	1	1027	0.0	1755
4f636d3a-b8b5-47f8-8833-e06f489de9d2	gb:MW872189|Organism:Influenza	99.221	1027	5	2	696	1719	1027	1	0.0	1849
0563e734-6124-494e-88fb-ef438d8d9895	gb:MK995698|Organism:Influenza	96.188	892	16	16	1828	2703	1	890	0.0	1443
293459a5-32f2-4e04-8195-acb80a565f94	gb:MH412413|Organism:Influenza	97.471	1028	20	6	704	1728	1025	1	0.0	1749
fb49623c-e824-4799-a8f7-cbd2592ff625	gb:MT565522|Organism:Influenza	98.142	323	3	2	1338	1657	1243	1565	1.51e-157	560
fb49623c-e824-4799-a8f7-cbd2592ff625	gb:MT565522|Organism:Influenza	97.692	130	2	1	1219	1347	1	130	8.12e-56	222
f205ec70-9fac-495f-85cc-d1606c804225	gb:MT824898|Organism:Influenza	98.764	890	10	1	679	1567	890	1	0.0	1581
8bdf62f7-ec18-43c3-b573-dd3434c5e4bf	gb:MW872189|Organism:Influenza	98.251	1029	13	5	695	1720	1	1027	0.0	1796
30d9f0cc-2489-44a2-bc36-d24079573067	gb:MH412413|Organism:Influenza	98.539	1027	5	7	1276	2294	1	1025	0.0	1805
77dd4799-afc3-41a1-b13d-3df15fcd5a00	gb:MW872189|Organism:Influenza	94.192	1033	32	21	694	1704	1	1027	0.0	1550
ecd707d5-1d69-4765-a0ac-cb40b274028c	gb:MK913496|Organism:Influenza	94.241	1476	50	30	732	2187	1461	1	0.0	2222
7cf16d87-b645-46f8-b735-fd2af17854ec	gb:MK995698|Organism:Influenza	97.758	892	14	6	698	1585	890	1	0.0	1531
e5b87a63-a0a8-4720-ae03-e08e154cc5d6	gb:MW872189|Organism:Influenza	98.641	1030	7	7	695	1720	1	1027	0.0	1818
943be52b-9999-4e42-aaa8-4e08f6c48d7d	gb:HM370968|Organism:Influenza	97.854	233	3	2	674	904	1565	1333	6.65e-110	401
be8405dd-bb57-4c16-8799-b3092bfd6743	gb:MK995698|Organism:Influenza	96.429	896	18	11	693	1580	890	1	0.0	1465
a2eb2241-6161-49d4-b259-d06dd58dda1b	gb:MK995698|Organism:Influenza	97.528	890	17	5	681	1565	1	890	0.0	1517
f814ecd5-d8cf-40f5-9eb5-af16e96207e7	gb:MK995698|Organism:Influenza	98.764	890	5	3	1243	2126	890	1	0.0	1578
1dd87931-72da-4a8f-8a73-16a9179861e8	gb:MK995698|Organism:Influenza	98.539	890	12	1	1251	2139	1	890	0.0	1570
0133d494-e4b0-4cd9-b82b-9e4be6a1f538	gb:MT824673|Organism:Influenza	96.984	1459	32	7	680	2132	1	1453	0.0	2440
b131b535-6d5d-4664-a84c-77ba12d9acba	gb:MW872139|Organism:Influenza	94.407	894	30	16	687	1564	890	1	0.0	1356
936012fe-0f20-41c5-b0f3-e2119eaac5b6	gb:MW872189|Organism:Influenza	95.926	1031	25	12	700	1717	1027	1	0.0	1655
8103b443-2471-4513-96f9-d8eb5a8591ae	gb:MK995698|Organism:Influenza	98.652	890	9	2	3099	3985	890	1	0.0	1574
5bfa011b-e4f5-4963-a9f1-9b29d92650d8	gb:MW872189|Organism:Influenza	97.862	1029	12	8	1417	2437	1027	1	0.0	1770
76438718-8d2c-44ab-b01e-6de7ab4509f0	gb:MH546879|Organism:Influenza	98.541	891	11	2	669	1558	890	1	0.0	1572
c5bcfd5f-ded7-486c-9820-61834e300893	gb:MW872189|Organism:Influenza	99.026	1027	6	4	2320	3342	1	1027	0.0	1838
75ed3be2-df55-49b7-9645-52adc6df5c29	gb:MH546879|Organism:Influenza	94.807	905	18	15	694	1584	1	890	0.0	1384
36efbed1-7ffe-49d2-b2e9-9a6053e2a578	gb:MH546879|Organism:Influenza	97.101	897	12	11	1537	2426	1	890	0.0	1500
47b51cb9-bbd3-4e56-aa81-511d13d4425a	gb:MW872189|Organism:Influenza	99.124	1027	7	2	663	1687	1	1027	0.0	1845
4a1acc45-f394-42b7-9fd5-4f4d9b5cb7d0	gb:MK995698|Organism:Influenza	96.305	893	16	8	1293	2171	1	890	0.0	1450
be0c2486-0a28-4bf7-83d0-9922bb491938	gb:MK995698|Organism:Influenza	93.541	898	37	15	283	1167	890	1	0.0	1317
85617ab7-9719-43a8-932e-16749c9c697d	gb:HM370966|Organism:Influenza	99.805	514	1	0	678	1191	514	1	0.0	944
735caf32-037b-49a5-aec8-282c85242b78	gb:HM370966|Organism:Influenza	99.512	205	0	1	1431	1634	205	1	9.55e-101	372
872decf3-bb89-4376-8df5-13efbbfde17f	gb:MH637219|Organism:Influenza	99.063	427	4	0	2011	2437	1	427	0.0	767
e517f89f-2ca1-4f23-bb9a-dcebc4084c1f	gb:MH546879|Organism:Influenza	98.768	893	8	2	675	1567	890	1	0.0	1585
910d5c51-c87f-4dd9-b59d-2682a2e9afb8	gb:MK995698|Organism:Influenza	97.980	891	14	4	663	1550	1	890	0.0	1543
8a0bd903-4067-4cc3-8a70-a5b997ee69ce	gb:MW872189|Organism:Influenza	99.026	1027	7	3	1301	2324	1027	1	0.0	1838
fed7d218-90a0-4632-afbf-dfba909e6d1e	gb:MK995698|Organism:Influenza	97.539	894	10	6	709	1594	890	1	0.0	1519
591ffc88-d4ea-429a-bcde-ae55a48414fb	gb:MH546879|Organism:Influenza	94.598	907	22	20	664	1560	1	890	0.0	1378
bb9f41d1-2eaa-45bb-9a68-d8a19e3870b9	gb:MT818724|Organism:Influenza	96.120	1031	25	9	697	1716	1027	1	0.0	1668
666bf3e8-e039-4122-8b37-75c046653da1	gb:MT825070|Organism:Influenza	97.765	1566	28	6	3281	4840	1	1565	0.0	2691
5a094154-632d-440c-a781-3001c51b1ccb	gb:MH546879|Organism:Influenza	94.488	889	26	20	676	1543	1	887	0.0	1349
9bf5a407-4abc-44a4-9a36-81373e86109e	gb:MH546724|Organism:Influenza	95.122	328	6	7	720	1042	1565	1243	4.34e-142	508
9bf5a407-4abc-44a4-9a36-81373e86109e	gb:MH546724|Organism:Influenza	97.600	125	3	0	1033	1157	130	6	1.06e-53	215
514c951f-f866-45d6-a45d-98dac620a1c9	gb:MT818724|Organism:Influenza	97.476	1030	21	5	2437	3464	1027	1	0.0	1753
3b33b4fd-dd40-41a2-a8f3-89d2d5b4f472	gb:MT824898|Organism:Influenza	97.197	892	17	5	1832	2717	1	890	0.0	1502
18beefc7-4e89-46ac-9881-1f7528394ec7	gb:MW872189|Organism:Influenza	98.734	1027	9	4	670	1692	1	1027	0.0	1821
3593f9b0-2b52-475c-8990-b3ed3f7e490a	gb:MH412413|Organism:Influenza	97.570	1029	9	8	677	1693	1	1025	0.0	1748
4e4c1dfb-1bb9-45ae-941d-55b8d5ea3f6f	gb:MW872189|Organism:Influenza	94.884	1036	31	18	664	1686	1	1027	0.0	1600
902f1cbf-2675-4549-a698-71a2dc030ebb	gb:MT824898|Organism:Influenza	97.197	892	17	7	688	1573	1	890	0.0	1502
97796f8d-f5e4-4c7a-b610-19f6a7741d09	gb:KY561067|Organism:Influenza	94.413	895	24	15	1260	2137	886	1	0.0	1352
ec8f721f-a854-41b5-abd0-c4b906d7feca	gb:MH546879|Organism:Influenza	94.118	901	27	20	1123	2008	1	890	0.0	1347
ba919f5d-e9b3-47bc-af57-2f1b4ad8d235	gb:MW872189|Organism:Influenza	99.011	1011	6	4	2267	3275	19	1027	0.0	1808
5414b77f-86e3-45e5-99b8-8fc6ea1f8fcf	gb:MK995698|Organism:Influenza	97.760	893	12	6	677	1564	890	1	0.0	1531
2c2da009-f531-4307-9992-fc70ef4ea7f5	gb:HM370957|Organism:Influenza	94.737	304	6	9	695	991	2341	2041	1.18e-128	464
71be6793-cde5-44e1-9dd7-f4e433148a97	gb:MW872189|Organism:Influenza	97.279	1029	14	11	660	1680	1027	5	0.0	1733
9ab1cfa4-6cf4-490b-8f2f-e4f3cb355c5e	gb:MT565680|Organism:Influenza	98.832	1027	10	2	1237	2261	1	1027	0.0	1829
2136114e-171d-4fc2-8019-616bfdfc72ed	gb:MW872189|Organism:Influenza	97.765	1029	13	10	689	1709	1	1027	0.0	1764
59f80279-dab3-46d7-8a76-8f8282995099	gb:MW872189|Organism:Influenza	98.056	1029	10	7	699	1719	1	1027	0.0	1781
c43adf6c-0c89-4afa-9c1c-b71782748e69	gb:MH412413|Organism:Influenza	98.929	1027	4	6	4168	5189	1	1025	0.0	1829
84ffb709-c014-4fa2-933e-c1b8875e12d9	gb:MT818736|Organism:Influenza	95.551	1034	28	11	678	1700	1027	1	0.0	1639
d9f52e59-9081-406b-8954-2c82f176a69a	gb:MW872139|Organism:Influenza	95.419	895	22	12	683	1563	890	1	0.0	1408
bc02bc2b-4d6c-4879-92a1-6682abb4861a	gb:MN937778|Organism:Influenza	96.632	772	15	10	613	1380	101	865	0.0	1271
62f651b6-fb2b-41d2-a6b5-e5bc65fb0509	gb:KX289647|Organism:Influenza	88.600	886	74	22	687	1554	877	1	0.0	1051
1d9b509a-72e3-4e45-ada8-70b1e1425540	gb:MT824898|Organism:Influenza	98.653	891	10	2	639	1528	1	890	0.0	1578
c2c6fcf6-d401-44d9-9012-3add7b0d1ede	gb:MT825055|Organism:Influenza	97.376	1029	11	8	3570	4584	1027	1	0.0	1736
e071ed3f-a019-456a-aeae-0918cf187569	gb:MH546879|Organism:Influenza	99.214	891	6	1	683	1573	1	890	0.0	1605
68dd5278-4669-4e61-bbe1-428aa8984a3d	gb:MH546879|Organism:Influenza	98.202	890	8	5	686	1567	1	890	0.0	1548
ff90cc3f-da02-4721-af95-d222ac52113c	gb:MW872189|Organism:Influenza	99.002	501	2	2	1264	1761	1027	527	0.0	894
d63f978c-8c7d-4bc0-99e5-9853f5126962	gb:MW872189|Organism:Influenza	97.295	1035	16	9	636	1666	1027	1	0.0	1746
6af805da-64ef-4d63-b919-43236813ea93	gb:MK995698|Organism:Influenza	97.868	891	13	5	5461	6346	890	1	0.0	1535
627b95db-d950-421c-823d-9c0231a9307e	gb:MK995691|Organism:Influenza	95.035	1571	48	21	672	2218	1	1565	0.0	2442
c8e2922b-fff8-4914-aad3-7d873d31dbbf	gb:MW872189|Organism:Influenza	98.835	1030	6	6	667	1693	1	1027	0.0	1831
4cead285-f87c-4767-8569-6f1d515cd15f	gb:MK995698|Organism:Influenza	96.872	895	16	8	2982	3869	890	1	0.0	1487
51bf9604-d01b-46ee-a7bf-5e4c80901cc1	gb:MW872141|Organism:Influenza	96.232	1035	23	14	1262	2288	1027	1	0.0	1681
7fc8eddd-ecb2-4c09-95ed-54a55e2c15e3	gb:MW872189|Organism:Influenza	89.303	1047	59	44	1332	2345	1027	1	0.0	1264
bf035319-b189-42ce-8a9f-35cce72ff94e	gb:MH412413|Organism:Influenza	98.635	1026	8	4	692	1712	1	1025	0.0	1812
c5ce69c8-4163-403e-9fca-cb86927c4605	gb:MT824898|Organism:Influenza	98.765	891	10	1	698	1588	890	1	0.0	1583
bbf56741-d32c-40f2-8873-c7a8cfa51cdb	gb:MN937778|Organism:Influenza	98.494	863	6	3	1307	2162	1	863	0.0	1515
fe6d2834-e995-4da4-9775-9e5c9f35d95f	gb:MT565680|Organism:Influenza	98.346	1028	12	4	880	1903	1	1027	0.0	1799
e0be456b-4bf4-429e-8574-d4c6d5920302	gb:MW872189|Organism:Influenza	99.512	1024	4	1	691	1714	1027	5	0.0	1862
210c25ce-9ad1-44c8-b52d-c6e6b3ee5e8b	gb:MH412413|Organism:Influenza	95.926	1031	21	18	699	1718	1	1021	0.0	1652
20173dba-a05f-45f2-9964-93fdaa3116e9	gb:KU289904|Organism:Influenza	94.757	1030	33	12	655	1666	1	1027	0.0	1583
4ef90856-ad81-4cb7-98a0-467fb3c7a938	gb:MW872189|Organism:Influenza	97.769	1031	16	6	700	1727	1	1027	0.0	1770
10f4a14e-3f2e-44f4-8fb3-04fcdfe9335e	gb:MT565522|Organism:Influenza	97.214	323	3	6	1265	1581	1565	1243	5.57e-152	542
10f4a14e-3f2e-44f4-8fb3-04fcdfe9335e	gb:MT565522|Organism:Influenza	99.206	126	0	1	1572	1696	130	5	6.37e-57	226
255e628a-4263-4346-9c31-3d74d49de1de	gb:MH546879|Organism:Influenza	98.653	891	11	1	688	1578	1	890	0.0	1578
68cbe392-3664-499c-83f2-c12ca06598ad	gb:MW872189|Organism:Influenza	96.236	1036	25	13	678	1708	1027	1	0.0	1685
1c18d3d7-8cb1-41a8-ba4d-ddad5a2d916c	gb:MH546879|Organism:Influenza	98.876	890	9	1	709	1597	1	890	0.0	1587
4a72d8d5-0a7f-469b-a7a3-1173ce6a77e6	gb:MT824898|Organism:Influenza	96.313	895	18	12	1277	2161	890	1	0.0	1456
7f7cf4ce-4c65-4a1c-a13b-a83b1ecf0a14	gb:MT824673|Organism:Influenza	98.115	1220	18	5	625	1844	239	1453	0.0	2121
c48f4744-945b-4c5c-8a7c-6df4b518b8b5	gb:MW872189|Organism:Influenza	100.000	264	0	0	679	942	1027	764	1.10e-135	488
c48f4744-945b-4c5c-8a7c-6df4b518b8b5	gb:MW872189|Organism:Influenza	87.923	207	7	9	935	1127	820	1022	2.66e-57	228
902ddad0-0d82-46d2-9367-9fe3dbb73e52	gb:CY235131|Organism:Influenza	92.970	1010	43	24	694	1683	1	1002	0.0	1447
24f1867c-7475-4eed-84f0-d081b3baa0a7	gb:MW872189|Organism:Influenza	98.931	1029	8	2	700	1727	1027	1	0.0	1836
ceb6a939-6e39-4f81-8ce1-265e6b9e0e47	gb:MT824898|Organism:Influenza	97.763	894	13	6	680	1570	890	1	0.0	1533
044b0f23-ec6c-40fa-be9a-e3b99d0952b2	gb:MH546879|Organism:Influenza	98.878	891	9	1	697	1587	1	890	0.0	1589
f4777c1c-1f5c-4434-bce7-d18c6382645b	gb:HM370970|Organism:Influenza	100.000	292	0	0	693	984	1027	736	1.42e-151	540
d12d1ea8-543f-41c0-acfb-99618cfe8842	gb:MW872189|Organism:Influenza	97.967	1033	12	6	1221	2250	1027	1	0.0	1783
213c686d-0a06-4998-93ce-7689279f8683	gb:MH412413|Organism:Influenza	98.544	1030	6	7	2380	3405	1025	1	0.0	1810
4d6216f3-c1bd-4673-b972-b0c30fc48d20	gb:MK995698|Organism:Influenza	96.184	891	18	11	689	1564	890	1	0.0	1443
2b8f3222-93da-4158-b068-58b6a4cfef71	gb:MK995698|Organism:Influenza	95.117	901	27	17	1874	2768	1	890	0.0	1404
e2353c65-6949-402f-8b22-0a799a3032bd	gb:MT824898|Organism:Influenza	97.545	896	13	6	705	1597	1	890	0.0	1524
597a9a26-5b1e-4a47-9f1a-e84844fbf36e	gb:MT824798|Organism:Influenza	95.723	865	30	7	3282	4142	2341	1480	0.0	1386
7bcf0e5e-cee1-4e25-94f7-093f9e27f2b0	gb:MW872189|Organism:Influenza	97.376	1029	14	10	1042	2059	1	1027	0.0	1738
d3b29c58-f207-464d-b1c6-491ab4e1b461	gb:MT824898|Organism:Influenza	97.870	892	15	4	709	1598	890	1	0.0	1539
750d7254-697d-48f4-b422-39bd7c99d547	gb:MW872189|Organism:Influenza	97.868	1032	14	6	2354	3382	1027	1	0.0	1777
aa1a38f3-4c36-4d36-9355-8d058ea75c9a	gb:MW872189|Organism:Influenza	95.801	1024	23	18	718	1726	3	1021	0.0	1635
e640ec4f-0c4a-425a-8668-bbadf5272155	gb:MK913496|Organism:Influenza	96.112	1466	37	15	1254	2704	1	1461	0.0	2374
7c2c6a6c-49db-4ba9-9c3b-04b524cb85d7	gb:MW872189|Organism:Influenza	97.763	1028	13	7	711	1729	1027	1	0.0	1762
f621d86a-5c05-4517-ae04-d42d38c2fab2	gb:MK995698|Organism:Influenza	97.536	893	15	7	679	1567	890	1	0.0	1520
7610bc73-1676-4f68-a27f-0715a76a14cc	gb:MW872189|Organism:Influenza	98.643	1032	8	4	13195	14225	1	1027	0.0	1823
7610bc73-1676-4f68-a27f-0715a76a14cc	gb:MW872189|Organism:Influenza	98.058	1030	14	4	3515	4541	1027	1	0.0	1786
f274a541-56fd-44b0-bf5d-0837350e7915	gb:MH412413|Organism:Influenza	98.447	1030	4	9	671	1693	1025	1	0.0	1803
6be501eb-33e1-47a1-ac21-f3f1e39f60cf	gb:MT824898|Organism:Influenza	97.424	893	17	6	687	1576	890	1	0.0	1517
a3034cdf-1865-4044-8db4-3d8b34b59e88	gb:HM370966|Organism:Influenza	97.495	519	4	7	686	1200	514	1	0.0	878
0ed8c952-8310-4b82-b7b2-be5f85239ac7	gb:MH546879|Organism:Influenza	98.336	601	7	3	681	1279	890	291	0.0	1051
1c56ba12-f79e-493f-98de-72df409baf43	gb:MH546879|Organism:Influenza	98.990	891	8	1	666	1556	890	1	0.0	1594
dec9457c-36bc-4954-979e-e5cce484a3f6	gb:MH412413|Organism:Influenza	98.053	1027	10	8	691	1709	1025	1	0.0	1777
b9437136-7ec9-4305-86ea-1e891519dc51	gb:MK995698|Organism:Influenza	92.977	897	28	23	650	1518	890	1	0.0	1275
b9437136-7ec9-4305-86ea-1e891519dc51	gb:MK995698|Organism:Influenza	73.894	452	81	28	2690	3112	447	890	8.26e-33	147
f03b4d8b-28ba-444c-94f3-821b33a5f549	gb:MT824667|Organism:Influenza	97.448	1724	40	4	2268	3988	1	1723	0.0	2937
4d1593b5-584d-412c-95e0-bef7c1ddd456	gb:MW872189|Organism:Influenza	98.542	1029	8	5	683	1706	1	1027	0.0	1810
478a73f5-4a72-46a5-a66c-7760bec1f739	gb:MH546879|Organism:Influenza	98.878	891	7	2	675	1563	1	890	0.0	1587
ecf39054-99bf-4e1e-9ef9-cfbeac4b9d35	gb:MH546879|Organism:Influenza	97.758	892	13	7	679	1565	890	1	0.0	1530
16c7f64b-f39b-4a3c-b8de-2b8789572858	gb:MH546879|Organism:Influenza	97.424	893	9	13	2872	3753	1	890	0.0	1509
63f38dc4-82d9-46b0-866c-a8c7c43a6705	gb:MH546879|Organism:Influenza	95.749	894	18	12	974	1854	1	887	0.0	1423
6039494a-c07b-454b-b239-db7639d3f0b8	gb:MH412413|Organism:Influenza	99.024	1025	4	3	672	1690	1	1025	0.0	1832
149b1040-43af-4841-aab5-1ca117024878	gb:KY828693|Organism:Influenza	92.841	866	41	15	697	1542	1	865	0.0	1236
a80beeeb-2b43-4066-af1e-bdee4bffa436	gb:MW872189|Organism:Influenza	98.541	1028	10	5	662	1685	1	1027	0.0	1810
b53e93e9-cc21-405f-ad90-be95285af34d	gb:MW872189|Organism:Influenza	98.258	1033	8	7	1290	2318	1027	1	0.0	1799
22019d5b-36e4-4c40-a3f3-ed3c7867f255	gb:MT825055|Organism:Influenza	92.692	1040	44	22	995	2015	1027	1	0.0	1471
ace0f457-f31e-4f6e-bbdc-633c35ce4389	gb:MW872189|Organism:Influenza	97.379	1030	20	6	1850	2875	1027	1	0.0	1746
eeb10989-4bec-4ac2-aaf3-93d6dcd36255	gb:MH546879|Organism:Influenza	98.204	891	11	4	1868	2754	890	1	0.0	1552
753caa77-1d95-4fe3-80c9-73e6f2d83ce1	gb:MW872139|Organism:Influenza	97.197	892	18	7	712	1598	890	1	0.0	1502
35691502-2d2f-48aa-bbf2-7e6ca79c2f79	gb:MT818724|Organism:Influenza	96.905	1034	20	9	696	1725	1027	2	0.0	1722
e39fdca4-2128-400b-a8fa-df2d0ca9d67a	gb:MH637219|Organism:Influenza	96.409	891	18	12	1866	2748	1	885	0.0	1456
68b2fb7d-65b1-438d-802f-1f2605a28256	gb:MH637219|Organism:Influenza	97.146	876	10	12	1284	2148	872	1	0.0	1465
1fa5d9a7-0ad9-4a26-8b60-a74b436d9f79	gb:MW872185|Organism:Influenza	98.320	893	12	3	1870	2762	1	890	0.0	1563
d3ee9774-5664-4cf4-8236-b630885657a8	gb:MK995698|Organism:Influenza	97.419	891	12	8	1845	2725	890	1	0.0	1507
2f624993-0445-4392-85bc-f5787ab26ba6	gb:MW872189|Organism:Influenza	96.422	1034	17	16	698	1718	1027	1	0.0	1687
5a831bfe-b92c-4aee-97bf-f5030ae71bc7	gb:MK995698|Organism:Influenza	98.541	891	12	1	1640	2530	1	890	0.0	1572
79ba7fe9-5288-45b9-8234-06fc4e960f62	gb:MT824898|Organism:Influenza	97.646	892	15	3	678	1565	890	1	0.0	1526
2a1e1aab-28af-4ac3-8677-b76a75074bf9	gb:MH546879|Organism:Influenza	98.315	890	10	4	720	1604	890	1	0.0	1555
cd101798-d81c-4535-9084-3be78d357a81	gb:MH546879|Organism:Influenza	94.649	897	25	17	854	1734	1	890	0.0	1369
b1b33d1d-e157-46d0-8ca4-f0827b4873e8	gb:MW872189|Organism:Influenza	98.541	1028	10	4	690	1713	1	1027	0.0	1810
2503c897-a873-4518-ad07-3717fb3dfe40	gb:MH546879|Organism:Influenza	98.878	891	9	1	695	1585	1	890	0.0	1589
84c1d06c-0bc2-4861-9e10-b54fe1cc42b1	gb:MH546879|Organism:Influenza	97.098	896	16	9	1221	2112	1	890	0.0	1502
3ed33aba-2c4c-4e84-abcc-1bdb445d03d9	gb:MK236956|Organism:Influenza	94.189	1566	62	24	677	2218	1	1561	0.0	2361
b03831df-1213-4cb7-b4c2-e237d2e9556f	gb:MW872189|Organism:Influenza	98.351	1031	9	7	659	1685	1027	1	0.0	1803
2cd171d1-0268-4273-bf7c-9648a1d2bd62	gb:MH546879|Organism:Influenza	97.427	894	16	7	681	1571	890	1	0.0	1517
c81f9c79-5e26-4d7a-9071-8b8a5b59d456	gb:MH412413|Organism:Influenza	98.041	1021	13	6	3647	4661	1	1020	0.0	1768
c81f9c79-5e26-4d7a-9071-8b8a5b59d456	gb:MH412413|Organism:Influenza	97.085	1029	11	15	5866	6879	1	1025	0.0	1716
0f8ba3da-9977-47e4-8d1b-cfacda045963	gb:MW872139|Organism:Influenza	97.085	892	16	8	675	1558	890	1	0.0	1495
304adfbd-105a-4593-bfbf-d0ee3328d183	gb:MW872141|Organism:Influenza	96.217	1031	22	12	1351	2368	1027	1	0.0	1672
26568f7e-2fdc-4b8f-b382-656ad31b72ad	gb:MW872189|Organism:Influenza	98.459	649	5	4	671	1314	1027	379	0.0	1138
7ac05d12-43b4-4ddf-9ef7-7aad573e1c79	gb:MN253754|Organism:Influenza	97.279	1029	21	6	678	1701	1	1027	0.0	1738
c37a166f-94df-47d3-96e9-00c02a1a1ee3	gb:MH412413|Organism:Influenza	98.539	1027	5	8	1285	2303	1	1025	0.0	1805
a8772923-3929-42f0-9ed5-2f9c846cf49b	gb:MW872189|Organism:Influenza	98.155	1030	10	7	713	1736	1	1027	0.0	1788
bec4b375-7743-4e0e-b7b8-519120e4d9c9	gb:MH546879|Organism:Influenza	99.326	890	5	1	2414	3302	1	890	0.0	1609
0d7693b7-2d69-45a0-b111-d8d56ebd808b	gb:MK995698|Organism:Influenza	96.208	501	10	6	699	1190	890	390	0.0	811
4552ae8c-2a67-43f3-80eb-fdaf73d8e351	gb:MG280186|Organism:Influenza	97.747	1731	34	5	693	2421	1	1728	0.0	2976
1dac28b5-3543-492a-ab56-46d3d9874c5c	gb:MH546879|Organism:Influenza	98.208	893	8	8	714	1601	890	1	0.0	1554
252ccaa7-d816-4e07-bf00-35f2548629e7	gb:MH546879|Organism:Influenza	98.320	893	9	5	707	1596	1	890	0.0	1561
48af62da-fb15-46fb-bc07-945f65509327_2	gb:MK995698|Organism:Influenza	97.321	896	14	7	713	1604	1	890	0.0	1513
7638c397-337f-4651-8ee2-9bdd0ff8ed24	gb:MW872189|Organism:Influenza	98.931	1029	7	4	2456	3482	1	1027	0.0	1836
7638c397-337f-4651-8ee2-9bdd0ff8ed24	gb:MW872189|Organism:Influenza	98.251	1029	8	9	1266	2286	1027	1	0.0	1792
9fc5d5d0-b2bd-491e-bf49-0cadfa21446c	gb:MK913496|Organism:Influenza	95.075	1462	54	10	1255	2699	1	1461	0.0	2285
b4947f4c-8e5f-41ac-8a36-f994dad17cbb	gb:MT565522|Organism:Influenza	97.853	326	4	3	601	926	1565	1243	1.44e-157	560
b4947f4c-8e5f-41ac-8a36-f994dad17cbb	gb:MT565522|Organism:Influenza	99.231	130	1	0	917	1046	130	1	9.90e-60	235
c926155b-7ba2-43d3-9904-631411b10727	gb:MH251140|Organism:Influenza	92.617	894	37	22	694	1567	885	1	0.0	1258
95b8e921-26e0-438c-a6f7-5e38d9223fe3	gb:MT825055|Organism:Influenza	96.422	1034	19	15	684	1706	1	1027	0.0	1688
ca12cd54-6a3d-4d58-bc55-a517bc415ff8	gb:MK913496|Organism:Influenza	97.743	1462	32	1	1895	3356	1	1461	0.0	2516
0e609f8f-f2cf-4288-b238-d41c164c8a20	gb:MH546879|Organism:Influenza	96.417	893	15	12	700	1578	890	1	0.0	1456
e47d97a1-a601-4ddc-a643-16c1c5998197	gb:MW872189|Organism:Influenza	97.860	1028	15	5	11993	13014	1027	1	0.0	1770
e47d97a1-a601-4ddc-a643-16c1c5998197	gb:MW872189|Organism:Influenza	97.478	1031	13	10	8640	9661	1	1027	0.0	1748
e47d97a1-a601-4ddc-a643-16c1c5998197	gb:MW872189|Organism:Influenza	96.979	1026	16	12	25997	27012	1021	1	0.0	1709
e47d97a1-a601-4ddc-a643-16c1c5998197	gb:MW872189|Organism:Influenza	96.435	1038	22	10	20527	21560	1027	1	0.0	1698
5b9df7bb-e3e9-4b32-89c1-58003b7db4a4	gb:HM370970|Organism:Influenza	99.416	1028	2	3	1305	2329	1027	1	0.0	1862
23592fd9-c70b-44ca-b7e1-2c97c58a1e41	gb:MT565522|Organism:Influenza	97.523	323	6	2	813	1133	1243	1565	7.02e-155	551
23592fd9-c70b-44ca-b7e1-2c97c58a1e41	gb:MT565522|Organism:Influenza	100.000	130	0	0	693	822	1	130	1.73e-61	241
7171c24b-c0c5-4e05-b258-2daa2b8cefab	gb:MT824898|Organism:Influenza	97.303	890	9	13	701	1579	5	890	0.0	1496
1430ca57-2206-4664-9e84-d77905c4a248	gb:MG280183|Organism:Influenza	98.417	379	2	4	608	984	500	876	0.0	664
0ac39860-549a-4231-b9b9-8bfc2ec48053	gb:MH546879|Organism:Influenza	99.102	891	6	2	689	1578	890	1	0.0	1600
d3639acf-eca0-4f69-ab4c-a028d3fe2543	gb:MH412413|Organism:Influenza	98.018	908	17	1	8607	9513	1	908	0.0	1576
1aa1020a-04c2-4d13-bcf9-d9d889f78da4	gb:MT825055|Organism:Influenza	98.748	799	6	3	654	1449	1027	230	0.0	1417
ac8ea1d3-eeb1-43ab-9d7b-699520a85f79	gb:MW872189|Organism:Influenza	95.829	1031	22	12	665	1682	1027	5	0.0	1646
5f196659-0e0c-4a4a-8350-d1d833b859f2	gb:MW872189|Organism:Influenza	96.990	1030	15	10	1108	2124	1027	1	0.0	1716
a83d5f5f-bac2-435f-aea1-fab06f880e22	gb:MT824898|Organism:Influenza	96.966	890	21	2	651	1534	1	890	0.0	1489
9d6b646e-4544-4ecc-907b-0f8238f5fcf1	gb:MW872189|Organism:Influenza	97.282	1030	15	9	683	1702	1027	1	0.0	1735
c2e6fcdd-d7ae-452f-b25d-ae0bb136c029	gb:MH546879|Organism:Influenza	97.646	892	14	7	695	1581	890	1	0.0	1524
84b37b6e-7c11-484b-93fa-ddac11005aed	gb:KX351634|Organism:Influenza	85.963	1033	58	64	3352	4316	1027	14	0.0	1024
3974ed39-9634-43f0-b3ad-540dfcc9e97c	gb:HM370970|Organism:Influenza	98.288	292	0	4	680	966	736	1027	2.03e-141	507
148c9b80-b2ad-49fb-8222-3d6d3f17aea6	gb:MW872189|Organism:Influenza	93.575	358	13	6	706	1054	1027	671	3.93e-147	525
f7548fdb-c6bb-4422-9292-1de1f896405e	gb:MW872189|Organism:Influenza	99.027	1028	7	3	10052	11077	1027	1	0.0	1840
f7548fdb-c6bb-4422-9292-1de1f896405e	gb:MW872189|Organism:Influenza	96.599	1029	24	7	5870	6889	1	1027	0.0	1696
f7548fdb-c6bb-4422-9292-1de1f896405e	gb:MW872189|Organism:Influenza	95.117	1024	32	12	4487	5495	7	1027	0.0	1598
0d34bb2b-d9d9-4668-a5df-6b59b4463092	gb:MH546879|Organism:Influenza	96.552	899	18	11	675	1569	890	1	0.0	1476
6adbca11-ef11-4a53-a27c-cc8afdc59329	gb:MT825055|Organism:Influenza	99.026	1027	8	2	214	1238	1027	1	0.0	1840
6e3941db-4f83-4997-af09-83101c603680	gb:MH412413|Organism:Influenza	98.927	1025	8	2	1721	2742	1025	1	0.0	1829
81ba2874-cc8d-4a74-895e-f693faf35f30_2	gb:HM370968|Organism:Influenza	93.574	249	6	6	1250	1491	1565	1320	5.38e-98	363
08b92b37-9be3-469d-ac80-a261a85d4f6d	gb:MH546879|Organism:Influenza	97.460	630	4	6	1238	1858	1	627	0.0	1064
542f9be0-e742-457a-bd68-fe82578734f7	gb:HM370970|Organism:Influenza	98.976	293	0	2	674	964	1027	736	5.12e-146	521
edab5b0e-9d8c-43b2-a5f7-64bfb4bcf03a	gb:MT824898|Organism:Influenza	97.648	893	17	4	655	1546	1	890	0.0	1530
bee4fd0a-17b3-4275-9406-8f527da7548c	gb:MK995698|Organism:Influenza	98.430	892	11	2	698	1588	1	890	0.0	1567
084f23e1-7998-4c85-ab8a-6b7ec312d511	gb:MT825055|Organism:Influenza	98.154	1029	11	5	672	1694	1027	1	0.0	1788
8df1f6f3-849c-42cf-9e56-5d784a00481f	gb:MW872189|Organism:Influenza	97.765	1029	15	8	683	1705	1	1027	0.0	1766
d5677ba3-81b6-48e2-82bf-b37f6e631f04	gb:MH546879|Organism:Influenza	98.764	890	8	2	683	1569	890	1	0.0	1580
90249c24-81bc-4910-a026-72ed0d7833c6	gb:MK995698|Organism:Influenza	98.543	892	9	3	708	1597	1	890	0.0	1572
17874ba6-4585-4707-a6fa-05d268700b14	gb:MT825055|Organism:Influenza	96.552	957	19	10	632	1576	955	1	0.0	1572
85a172b6-a83c-48c7-b898-2390ebda22ef	gb:MK995698|Organism:Influenza	98.204	891	12	4	696	1583	890	1	0.0	1554
53bbbec6-f4b3-4e7b-9296-5418ba9cfbea	gb:MW872189|Organism:Influenza	93.417	1033	32	28	2296	3298	1	1027	0.0	1498
53bbbec6-f4b3-4e7b-9296-5418ba9cfbea	gb:MW872189|Organism:Influenza	93.016	1031	37	28	3462	4466	1	1022	0.0	1472
2caea727-7854-4d3d-91fd-6167eece536e	gb:MW872189|Organism:Influenza	98.641	1030	8	5	707	1733	1027	1	0.0	1820
e6fa3bf9-1e3c-41b9-8212-c9a576e106d3	gb:MT824898|Organism:Influenza	93.534	897	31	24	1676	2552	890	1	0.0	1310
a761ce13-e91d-41dc-9e9d-834f8255f6b6	gb:MT825055|Organism:Influenza	99.027	1028	9	1	676	1703	1027	1	0.0	1842
108ad45a-fa4e-4d72-9c93-29c7e5035775	gb:MW872189|Organism:Influenza	97.760	1027	5	10	3322	4330	1	1027	0.0	1753
97d8c455-a87f-42c5-bc56-5063cf51306e	gb:MT824898|Organism:Influenza	94.749	895	24	19	1660	2536	1	890	0.0	1371
06147897-b7c1-473b-9748-450bc94e4561	gb:MK995698|Organism:Influenza	97.763	894	14	3	1855	2746	1	890	0.0	1535
d7a8dee7-0a41-461a-ba52-7a383737cdd4	gb:MH546879|Organism:Influenza	97.424	893	14	7	721	1607	890	1	0.0	1513
7af48bf2-ddb5-4d66-a3ef-2bb246563ea0	gb:MW872163|Organism:Influenza	98.563	348	4	1	976	1323	1887	2233	3.11e-173	614
7af48bf2-ddb5-4d66-a3ef-2bb246563ea0	gb:MW872163|Organism:Influenza	95.439	285	10	3	695	978	1	283	2.58e-124	451
27ddb600-3db8-4794-9fca-ec34cf1786c8	gb:MK995698|Organism:Influenza	97.480	635	7	7	698	1324	1	634	0.0	1075
f3446829-0f78-46ed-a975-aa8afff17ce7	gb:MT565522|Organism:Influenza	97.214	323	6	3	1463	1782	1243	1565	1.61e-152	544
f3446829-0f78-46ed-a975-aa8afff17ce7	gb:MT565522|Organism:Influenza	97.143	140	4	0	1343	1482	1	140	3.06e-60	237
dba64dff-50e5-48f4-bda4-32bc2e962a0f	gb:MW872189|Organism:Influenza	98.740	1032	7	3	1266	2296	1	1027	0.0	1829
5b103ae1-cb99-495e-b6f3-87bad6ecd937	gb:MH546879|Organism:Influenza	98.764	890	9	2	1275	2162	890	1	0.0	1581
c39ed5d2-fefc-456c-a1cf-5b7c9eef75cf	gb:MH412413|Organism:Influenza	98.150	1027	7	10	2324	3340	1	1025	0.0	1781
c6568d5c-75e5-453a-b738-e40362f1a590	gb:MW872189|Organism:Influenza	98.535	1024	9	5	617	1636	1022	1	0.0	1803
0e0331e5-a8c3-444b-9417-317538f198ec	gb:MT824898|Organism:Influenza	98.427	890	13	1	692	1580	890	1	0.0	1565
a40f3563-2356-4fde-be55-d77f8ea55692	gb:HM370970|Organism:Influenza	99.315	292	0	2	693	982	736	1027	2.00e-147	527
51a60406-c74b-4e87-ab16-c15fa5f9c54f	gb:MH546879|Organism:Influenza	98.883	895	5	4	665	1559	1	890	0.0	1592
a4863070-872e-41e1-a6d7-59a7269b5585	gb:MN783520|Organism:Influenza	97.925	1012	14	5	760	1764	4	1015	0.0	1746
dde4b3ba-f872-468b-9dae-18281604de87	gb:HM370979|Organism:Influenza	96.942	883	12	10	1271	2139	1	882	0.0	1467
5db6d116-3083-497f-a34a-3864b2f1d281	gb:MW872139|Organism:Influenza	94.085	896	29	21	685	1562	890	1	0.0	1339
9fea4808-ba47-4226-b949-1a0f9e0112c8	gb:MH546879|Organism:Influenza	98.653	891	8	4	691	1578	890	1	0.0	1576
ca308929-14d4-411c-b2e5-8dba923bfbbc	gb:MK995698|Organism:Influenza	96.976	893	17	6	693	1578	1	890	0.0	1491
ca308929-14d4-411c-b2e5-8dba923bfbbc	gb:MK995698|Organism:Influenza	73.562	904	204	28	1748	2630	890	1	6.69e-83	313
97499a19-9585-4e98-95cc-ce14fb874dc4	gb:MT824898|Organism:Influenza	97.303	890	22	1	6085	6972	1	890	0.0	1509
f2513565-75b8-4960-a02b-effbb681c162	gb:MH637219|Organism:Influenza	97.045	440	8	4	721	1155	1	440	0.0	736
f2513565-75b8-4960-a02b-effbb681c162	gb:MH637219|Organism:Influenza	91.176	340	13	12	1142	1470	417	84	4.19e-123	446
f2513565-75b8-4960-a02b-effbb681c162	gb:MH637219|Organism:Influenza	91.228	57	4	1	1471	1526	66	10	6.33e-12	76.8
eafff9db-8f95-4641-9843-03eea922bdbb	gb:MW872189|Organism:Influenza	94.671	1032	29	18	688	1698	1	1027	0.0	1578
5665e521-80f5-4cc9-9ce1-43ac72c122f9	gb:MW872189|Organism:Influenza	98.835	1030	7	3	704	1731	1027	1	0.0	1831
36238ecc-4a9a-4bab-95be-8a6beea5960e	gb:MH412413|Organism:Influenza	98.346	1028	7	9	718	1738	1	1025	0.0	1796
b88a693c-bc82-41f7-8b8f-08826c474ca9	gb:MW872189|Organism:Influenza	99.124	1027	7	2	704	1728	1	1027	0.0	1845
cd59ec23-ec2a-4b04-bfb4-b59db5bc9727	gb:MW872189|Organism:Influenza	99.028	1029	5	3	671	1696	1027	1	0.0	1840
d3feebd6-c981-42c7-bff9-fbefa15928d7	gb:MK995698|Organism:Influenza	98.989	890	8	1	684	1572	890	1	0.0	1592
8bec2704-83d0-434a-8641-43b33afb4e6d	gb:MW872189|Organism:Influenza	98.737	1029	8	4	1301	2326	1	1027	0.0	1823
106fb8f4-b0e9-47b4-885b-90cc3d5cf9a7	gb:MH546879|Organism:Influenza	98.653	891	8	3	682	1569	1	890	0.0	1576
a7e97b32-a8b8-4988-a853-19cb2b26dd6f	gb:MW872189|Organism:Influenza	98.451	1033	6	7	683	1711	1	1027	0.0	1810
2d1fbc60-4cb9-4ae4-9a1c-9ccf0fb69736	gb:MH546879|Organism:Influenza	95.647	896	23	14	712	1597	1	890	0.0	1424
3b3ed6f5-191b-415c-b2a1-09b53ff06bca	gb:HM370966|Organism:Influenza	98.339	301	3	2	648	947	2233	1934	1.05e-147	527
2588356f-06f0-4607-88e9-0f35725610d8	gb:MH546879|Organism:Influenza	95.195	874	24	14	700	1558	871	1	0.0	1365
79dbfa70-4c8d-43ac-bdf9-bd1dd2d482a0	gb:MK995698|Organism:Influenza	97.539	894	13	8	672	1560	890	1	0.0	1520
9bd00214-6feb-4c68-b117-1181257d85c4	gb:MH412413|Organism:Influenza	96.314	1031	17	18	1244	2260	2	1025	0.0	1674
fbe0055e-ede4-40f1-b2b8-37abc68ff2b5	gb:MT824898|Organism:Influenza	98.309	887	11	3	698	1581	5	890	0.0	1552
da51d996-d328-425d-a684-302807f65705	gb:MW872189|Organism:Influenza	97.868	1032	13	7	2491	3518	1027	1	0.0	1775
a147d47f-bee0-4065-b720-51bf97f8b301	gb:MK995698|Organism:Influenza	97.545	896	12	7	673	1564	1	890	0.0	1524
a619f5d3-24a3-47d8-92eb-d782be8c7548	gb:MH546879|Organism:Influenza	98.764	890	7	2	647	1532	1	890	0.0	1580
b6532331-533e-4617-8da6-e7e241cd5133	gb:MN937778|Organism:Influenza	97.893	712	12	3	714	1423	865	155	0.0	1229
c738f394-a6bc-4ce6-a115-1470147c6614_2	gb:MH546879|Organism:Influenza	96.885	899	10	17	1301	2190	1	890	0.0	1489
70bb3575-9a31-4a55-801e-c91456f6df5e	gb:MH412413|Organism:Influenza	98.738	1030	4	7	1252	2277	1025	1	0.0	1821
70c34736-eb7b-41e4-be20-f1f26b1c926c	gb:HM370970|Organism:Influenza	98.630	292	0	3	1259	1546	1027	736	1.13e-143	514
03dd57a3-f827-4d85-a8af-eec0c18a9ffd	gb:MT824898|Organism:Influenza	97.536	893	18	3	936	1827	1	890	0.0	1524
3cc6936c-f004-420c-8212-d2873adfa4ae	gb:MW872189|Organism:Influenza	98.152	1028	14	5	1160	2183	1	1027	0.0	1788
bee24096-4351-4c85-88e3-98f9de37b1f3	gb:MK995698|Organism:Influenza	98.427	890	10	2	673	1558	890	1	0.0	1563
bee24096-4351-4c85-88e3-98f9de37b1f3	gb:MK995698|Organism:Influenza	73.985	911	194	38	2295	3183	890	1	8.53e-88	329
135971fc-7230-434b-a80c-94d5dc4c6f68	gb:MW872189|Organism:Influenza	98.833	1028	7	3	669	1692	1	1027	0.0	1827
b1b19b3a-30bc-41eb-897c-98ec6b783b3d	gb:MW872189|Organism:Influenza	96.857	1018	21	9	677	1689	1027	16	0.0	1692
804a4612-e505-43ea-9988-f68c0d312d24	gb:MT824898|Organism:Influenza	95.987	897	22	9	1300	2189	890	1	0.0	1445
ccd911a4-f830-424e-8cef-5706b9f8f9a2	gb:HM370966|Organism:Influenza	99.333	300	2	0	988	1287	2233	1934	1.27e-152	544
4c68bff5-8127-42a7-b3d3-5f3c347a4b04	gb:MH546879|Organism:Influenza	98.432	893	7	6	671	1559	890	1	0.0	1565
d874510c-6250-4b7c-a24e-0b42a91974e9	gb:MW872189|Organism:Influenza	92.850	1035	36	34	1885	2902	1027	14	0.0	1467
d874510c-6250-4b7c-a24e-0b42a91974e9	gb:MW872189|Organism:Influenza	89.200	1037	48	42	3081	4063	1	1027	0.0	1236
eeb71a4c-d541-459b-9834-13b82c7baf22	gb:MT819235|Organism:Influenza	97.994	349	7	0	677	1025	2341	1993	1.56e-171	606
eeb71a4c-d541-459b-9834-13b82c7baf22	gb:MT819235|Organism:Influenza	95.714	210	5	2	1025	1233	207	1	8.12e-90	335
6b22a8ff-0c52-47be-8414-7680bbcd5394	gb:MW872189|Organism:Influenza	98.259	1034	8	6	2954	3984	1027	1	0.0	1801
8743569a-043b-4617-a11c-55b2b97cfe2e	gb:MH546879|Organism:Influenza	98.544	893	9	3	1270	2161	890	1	0.0	1574
4b459771-4da8-4f42-8008-48cffcc6c865	gb:MN937778|Organism:Influenza	97.798	863	8	6	675	1529	6	865	0.0	1478
62642393-80f6-4020-a35d-8bc569d50cb0	gb:MW872189|Organism:Influenza	97.471	1028	16	8	1305	2323	1027	1	0.0	1746
5be78254-5c7f-4572-bf5b-6a791f8569ea	gb:MW872189|Organism:Influenza	96.404	1029	27	7	704	1724	1027	1	0.0	1687
9cd5bac3-0c97-4529-b066-f3b999dc25be	gb:MH412413|Organism:Influenza	92.225	1029	39	32	1867	2862	5	1025	0.0	1419
61893a44-aa4c-4934-b30b-520b8cdde514	gb:MH546879|Organism:Influenza	97.968	886	7	10	697	1572	890	6	0.0	1526
58159305-57a0-4a15-80e0-76ff68492c15	gb:MH546879|Organism:Influenza	94.548	752	14	18	808	1540	147	890	0.0	1136
210235f7-5599-4cca-9e19-2bcfed463d85	gb:MH412413|Organism:Influenza	98.734	1027	6	6	690	1711	1025	1	0.0	1818
6fd63376-1579-4c0a-b986-f93b6be35f4d	gb:MK995698|Organism:Influenza	98.652	890	9	1	705	1591	890	1	0.0	1574
38d48e33-0ec7-422d-8009-0dfb87b399a5	gb:MN937778|Organism:Influenza	95.612	752	14	14	1576	2317	865	123	0.0	1188
4c914c4c-7b9f-4aa3-bc8f-fb920f9744e0	gb:MT825055|Organism:Influenza	96.887	1028	23	9	2170	3189	1	1027	0.0	1712
aeeb7185-643d-46f9-9cc9-fd34bff6d4fe	gb:MK995698|Organism:Influenza	95.838	889	25	11	3622	4503	1	884	0.0	1426
8c34ae3b-b59f-4a2c-ac06-7f8a4d2c3664	gb:HM370979|Organism:Influenza	98.434	894	8	4	664	1555	890	1	0.0	1568
7db676ea-1f42-4fb6-aee0-874bc2030a43	gb:MK995698|Organism:Influenza	96.872	895	12	12	684	1567	890	1	0.0	1483
95f980cc-c514-44ae-9721-61927ebc62a9	gb:MK995698|Organism:Influenza	98.315	890	12	3	1281	2167	1	890	0.0	1557
f12c10ba-e6b8-4bc2-a39b-f1e79e1ed84d	gb:MW872189|Organism:Influenza	94.981	1036	30	20	1019	2041	1027	1	0.0	1605
2349e55d-7dcb-42bc-9531-f92e35d94bb5	gb:MH546879|Organism:Influenza	96.456	903	17	12	1325	2225	1	890	0.0	1476
ceff685f-d813-4bbd-8f90-81b22eab7d61	gb:MH546879|Organism:Influenza	91.009	912	28	41	2201	3080	1	890	0.0	1181
7271c7b3-8c04-4ff7-8050-e375b75db505	gb:MW872189|Organism:Influenza	98.152	1028	14	5	1800	2823	1	1027	0.0	1788
b6eac8cf-46d1-4b13-aec1-18c353cbf672	gb:MW872189|Organism:Influenza	98.638	1028	11	3	641	1666	1027	1	0.0	1818
4ac952c6-df03-4b1a-94d8-7cb9f3abde7a	gb:MK995698|Organism:Influenza	98.430	892	11	3	1887	2777	1	890	0.0	1567
f85be7ba-a596-43d1-bb2a-83b5212dfda2	gb:MH546879|Organism:Influenza	98.765	891	10	1	699	1589	890	1	0.0	1583
b79930e3-49a9-46bc-b09f-fdb9ba337ea7	gb:MH546879|Organism:Influenza	97.222	900	11	12	681	1576	1	890	0.0	1511
11636665-ecf4-40b4-aaae-09eb6392d0bb	gb:MK995698|Organism:Influenza	98.541	891	11	2	675	1564	1	890	0.0	1572
05a2cdbd-4404-4d94-bd8f-5b3384cb8380	gb:MW872189|Organism:Influenza	99.169	722	5	1	1279	1999	1027	306	0.0	1299
6f6c9d6d-4428-466f-bdf8-1e2a59343040	gb:MT818944|Organism:Influenza	97.755	891	16	3	660	1547	1	890	0.0	1531
caa916fb-128b-40ed-b0c4-753a74856caa	gb:MW872189|Organism:Influenza	97.866	1031	12	8	2655	3679	1	1027	0.0	1773
c1199e15-d66e-43be-9920-249ec987ca1e	gb:MH546879|Organism:Influenza	93.080	896	41	16	693	1573	890	1	0.0	1291
5f539655-57ab-48c2-8515-2a5f17d5dd06	gb:MT824898|Organism:Influenza	96.771	898	17	11	648	1541	890	1	0.0	1487
c347923c-a38e-49d3-b7fd-b042268c9511	gb:MH546879|Organism:Influenza	97.982	892	14	4	721	1610	1	890	0.0	1544
4e5a9fb9-60d8-4732-8d3b-5a3162bbfd97	gb:MW872189|Organism:Influenza	96.221	1032	14	21	669	1680	1027	1	0.0	1666
4e5a9fb9-60d8-4732-8d3b-5a3162bbfd97	gb:MW872189|Organism:Influenza	95.918	1029	21	16	2412	3421	1	1027	0.0	1648
30885c35-e1be-4350-8d56-430a278482b1	gb:MK995698|Organism:Influenza	97.773	898	8	8	690	1583	890	1	0.0	1537
89e07cfb-40a5-46fc-82c7-9e176570a403	gb:MH546879|Organism:Influenza	93.266	891	26	21	685	1554	884	7	0.0	1282
ae78a9d7-d9a8-4815-adb1-f5c87b2b25d8	gb:MT824898|Organism:Influenza	97.982	892	16	1	696	1587	890	1	0.0	1546
620d36d8-8253-4dc5-9312-fc90904b6a2d	gb:MT824898|Organism:Influenza	98.764	890	9	2	672	1559	1	890	0.0	1581
4537f25e-1438-4d2e-9b1f-6369470bdce8	gb:MK995698|Organism:Influenza	98.543	892	10	3	699	1589	890	1	0.0	1572
c01a301e-e073-4a65-b636-6843cae03bf9	gb:MT824713|Organism:Influenza	97.661	513	6	4	704	1211	1	512	0.0	876
c01a301e-e073-4a65-b636-6843cae03bf9	gb:MT824713|Organism:Influenza	92.208	462	8	20	1216	1656	455	1	4.13e-178	628
92676b55-e5ff-4e52-9c0d-3f0bb3904212	gb:MH546879|Organism:Influenza	98.765	891	10	1	4196	5086	890	1	0.0	1583
92676b55-e5ff-4e52-9c0d-3f0bb3904212	gb:MH546879|Organism:Influenza	97.753	890	13	4	2531	3413	1	890	0.0	1526
c378a6b7-a888-4812-960e-fb0be8b71be7	gb:MK236956|Organism:Influenza	95.959	1559	41	16	1227	2773	13	1561	0.0	2510
1133c53f-38e0-4442-b486-0b581ed406fc	gb:MH546879|Organism:Influenza	97.656	896	10	7	693	1583	1	890	0.0	1528
2152afce-1627-44bc-91d5-914472e32f2d	gb:MK236956|Organism:Influenza	96.107	1567	45	16	1123	2679	1	1561	0.0	2542
c1ccbfc5-1d0d-4678-835b-6096d4dc880c	gb:MT565522|Organism:Influenza	98.452	323	5	0	695	1017	1565	1243	2.62e-160	569
c1ccbfc5-1d0d-4678-835b-6096d4dc880c	gb:MT565522|Organism:Influenza	97.692	130	2	1	1008	1136	130	1	8.45e-56	222
06247358-72b5-461a-b29c-07c640701d38	gb:MH546879|Organism:Influenza	98.430	892	8	4	684	1571	1	890	0.0	1565
106c4e93-ddac-4769-9895-e882aed84d37	gb:MW872189|Organism:Influenza	99.221	1027	8	0	1163	2189	1027	1	0.0	1853
477a6a94-da67-4779-a5ab-744c0fe6708d	gb:HM370968|Organism:Influenza	95.763	236	5	5	729	962	1565	1333	4.16e-102	375
118cf6cb-39c0-4b45-acdc-8d3ad1b5cdc0	gb:MK995698|Organism:Influenza	96.193	893	21	12	1758	2640	890	1	0.0	1448
118cf6cb-39c0-4b45-acdc-8d3ad1b5cdc0	gb:MK995698|Organism:Influenza	95.238	903	16	23	720	1608	1	890	0.0	1404
aa64e14d-1200-4ee7-9145-184784ad9d09	gb:MH546879|Organism:Influenza	96.993	898	14	6	699	1591	890	1	0.0	1496
3481da7a-d00f-4109-b03a-2ea7da0d5456	gb:MW872189|Organism:Influenza	97.292	1034	17	7	667	1696	1	1027	0.0	1744
1eff6ea4-aeaa-4ed4-97cc-29e53416b054	gb:MW872189|Organism:Influenza	98.626	364	3	2	1290	1651	664	1027	0.0	643
121659c2-88d5-4467-93aa-0aef629c2f2b	gb:MN253790|Organism:Influenza	95.829	1031	26	15	1284	2301	1027	1	0.0	1650
