f6ab5977-09cf-4c5c-98fd-2d7be524498c	gb:MN988363|Organism:Influenza	89.671	852	44	35	116	941	1	834	0.0	1046
64939672-5343-4321-8ce0-52442c0f95f2	gb:MK995698|Organism:Influenza	96.633	891	18	9	93	972	890	1	0.0	1469
a02130ec-42ef-405c-b4fc-8b6c2097dd9b	gb:MK995698|Organism:Influenza	98.876	890	10	0	91	980	1	890	0.0	1589
7a50358b-f99b-470b-860c-284098a94c23	gb:MK995698|Organism:Influenza	97.630	886	16	4	128	1009	885	1	0.0	1515
f98600e2-6099-44c6-8a52-faf2dab19cb3	gb:MK995698|Organism:Influenza	98.204	891	9	5	87	971	890	1	0.0	1550
8ba47844-ff78-4fb3-b089-ecd261058bbe	gb:MK995698|Organism:Influenza	97.978	890	12	4	93	976	890	1	0.0	1539
47f6b8c8-05a0-4ed3-8c51-c649426dbeb5	gb:MK995698|Organism:Influenza	96.983	895	14	9	91	977	1	890	0.0	1491
fd3d7ca4-0618-4b80-b2a7-08dba547e94c	gb:MK995698|Organism:Influenza	93.993	899	33	16	100	986	1	890	0.0	1341
e6f319c5-c533-417f-b189-ccc90a9f779b	gb:MK995698|Organism:Influenza	96.201	895	19	14	97	981	890	1	0.0	1450
072401d4-a65b-43ad-9d26-39e4eae607ec	gb:MN937778|Organism:Influenza	90.427	867	44	33	103	947	1	850	0.0	1105
4cd29b99-935f-42e3-8e00-51371867da7f	gb:MK995698|Organism:Influenza	96.184	891	19	13	91	967	890	1	0.0	1443
514bb2e2-2b15-44bb-a0ed-d0b0a499efc8	gb:MK995698|Organism:Influenza	98.318	892	11	4	96	985	890	1	0.0	1561
afb671ef-09f3-4567-9bfa-b9af7afff3cc	gb:MK995698|Organism:Influenza	98.655	892	10	1	93	984	1	890	0.0	1580
c01f406a-22b8-4cb2-82a8-90040fb78a46	gb:MK995698|Organism:Influenza	97.191	890	13	8	91	968	890	1	0.0	1495
d0ad14fe-7089-47a9-b956-1b3a2e697836	gb:MK995698|Organism:Influenza	98.656	893	8	4	94	985	1	890	0.0	1580
0e7fbe44-7ad2-4bb6-b11f-9b4d2c3127fd	gb:MN937778|Organism:Influenza	93.137	816	31	19	132	928	1	810	0.0	1173
86962ac7-ffd1-4ca9-a087-3a53eec4025c	gb:MK995698|Organism:Influenza	96.437	898	17	12	95	985	1	890	0.0	1467
f6b5e983-b328-4c90-8e4c-9f83485434c7	gb:MK995698|Organism:Influenza	98.316	891	13	2	90	979	1	890	0.0	1561
8cf8b076-5ada-49d9-8be7-4615b0900f10	gb:MK995698|Organism:Influenza	96.865	893	16	10	95	978	1	890	0.0	1483
7e38c888-f802-4458-ac88-d4e4fd71f45e	gb:MN937778|Organism:Influenza	95.116	860	24	17	110	955	1	856	0.0	1339
7e242fb8-a9ab-459d-82bc-1622a7b1f0c8	gb:MK995698|Organism:Influenza	97.550	898	12	9	101	996	890	1	0.0	1528
14e319a0-748c-479e-be78-24885ea50ce9	gb:MK995698|Organism:Influenza	98.427	890	10	2	96	981	890	1	0.0	1563
ec42dd32-8a3d-4de7-b2af-babbaaf54f0a	gb:MK995698|Organism:Influenza	98.432	893	9	5	97	987	1	890	0.0	1567
781b773d-8b7c-4dc5-be20-c9a7a60f3e10	gb:MK995698|Organism:Influenza	98.318	892	12	3	99	989	890	1	0.0	1561
a0946cea-4e7b-4bf4-8b28-191f5331fffa	gb:MK995698|Organism:Influenza	97.079	890	17	5	91	971	1	890	0.0	1491
31dcb5e3-0d2c-4a98-be75-a6dfd2416339	gb:MK995698|Organism:Influenza	99.213	890	7	0	93	982	890	1	0.0	1605
ca6850e7-4cd8-4f30-a3f3-e5031df4d4f5	gb:MH412413|Organism:Influenza	96.893	1030	15	12	1149	2166	1	1025	0.0	1709
e95afaa7-ff92-4e7f-ba3e-2eb81935cbe7	gb:MK995698|Organism:Influenza	98.539	890	10	3	98	984	1	890	0.0	1568
90c0ac25-de32-4587-b6ce-660c589458f7	gb:MK995698|Organism:Influenza	93.743	895	31	20	90	964	1	890	0.0	1319
13f11e4f-8431-40b0-8c32-2167470f961d	gb:MK995698|Organism:Influenza	99.101	890	8	0	93	982	890	1	0.0	1600
141a45de-f1ca-4240-8171-6821797ae5e3	gb:MK995698|Organism:Influenza	99.101	890	7	1	119	1007	890	1	0.0	1598
beead952-131a-445c-8215-595bccd90d36	gb:MK995698|Organism:Influenza	97.760	893	12	7	94	981	890	1	0.0	1531
a39017ed-1db8-45d9-8e00-e5c675fb3fc6	gb:MK995698|Organism:Influenza	98.318	892	11	2	97	986	890	1	0.0	1561
1b032752-3086-48ff-ae32-b9cc1ef9f97a	gb:MK995698|Organism:Influenza	98.539	890	8	4	100	984	890	1	0.0	1567
269767eb-3d5a-4ede-92bd-91660d0d3cbd	gb:MK995698|Organism:Influenza	97.640	890	9	8	93	970	890	1	0.0	1517
c9452143-6f19-45e1-b285-206d2c89d6a3	gb:MK995698|Organism:Influenza	97.872	893	13	6	87	976	1	890	0.0	1539
3d783919-1984-4939-b4b0-32c281c76884	gb:MK995698|Organism:Influenza	98.318	892	10	5	94	982	1	890	0.0	1559
c3d86e72-e713-4a1c-bdeb-56d9d2ed43d4	gb:MK995698|Organism:Influenza	97.200	893	12	10	94	976	1	890	0.0	1498
53da4a21-8f52-4a58-881a-e484773587bc	gb:MK995698|Organism:Influenza	98.436	895	9	3	92	986	1	890	0.0	1570
c38ed5e4-3f95-400a-847d-650d7f83a72f	gb:MK995698|Organism:Influenza	98.318	892	9	4	92	979	890	1	0.0	1559
2e197ec3-6fc6-4367-88ce-5710cb6d8357	gb:MK995698|Organism:Influenza	94.619	892	29	13	94	968	1	890	0.0	1363
25877fd8-a777-4066-a17a-4159dc8b1ebf	gb:MK995698|Organism:Influenza	98.652	890	10	2	115	1002	1	890	0.0	1576
0c74c731-1c87-4393-ad69-9f4a61511e95	gb:MK995698|Organism:Influenza	97.427	894	17	4	85	976	1	890	0.0	1519
a7203635-655e-4fec-93fd-6d3fcf76d5fd	gb:MK995698|Organism:Influenza	97.758	892	12	8	87	972	1	890	0.0	1530
af25c6c3-6f28-4cc5-81df-2a21cc86184e	gb:MK995698|Organism:Influenza	98.761	888	8	2	99	986	1	885	0.0	1576
98b6a0c7-83ff-42d8-b79b-e70b16b293a8	gb:MK995698|Organism:Influenza	98.767	892	9	2	96	987	890	1	0.0	1585
b00c6043-a3d6-4971-aece-7cf7735f7827	gb:MN937778|Organism:Influenza	93.075	852	30	26	123	956	25	865	0.0	1219
bff97325-5ce5-4c61-9f84-f51314afb5db	gb:MK995698|Organism:Influenza	97.877	895	13	4	106	999	1	890	0.0	1543
6843b3b7-f0cf-4301-b8c9-b412baa685e3	gb:MK995698|Organism:Influenza	98.765	891	10	1	93	983	1	890	0.0	1583
acc31d65-8ffb-42a8-8c48-641f841dd3f9	gb:KJ568021|Organism:Influenza	94.514	875	21	21	111	959	17	890	0.0	1325
6da62ca3-7da4-44bf-8849-b47c0850e23b	gb:MK995698|Organism:Influenza	93.785	901	30	22	89	974	890	1	0.0	1330
8ee94c65-430b-4a8f-ba94-c9be752bcbcd	gb:MK995698|Organism:Influenza	96.760	895	19	10	88	977	1	890	0.0	1483
d00b5e8b-4835-4093-ad78-17051dffb0fa	gb:MK995698|Organism:Influenza	97.753	890	14	3	89	972	890	1	0.0	1528
955669aa-53f7-4af9-acd6-8268118c5b9f	gb:MK995698|Organism:Influenza	98.092	891	14	3	99	987	890	1	0.0	1548
acbd3cec-aea6-4016-8fef-84678efbbb62	gb:MK995698|Organism:Influenza	97.755	891	16	4	93	980	1	890	0.0	1531
11d7283a-4099-4731-bebc-810a2dbfbb5f	gb:MK995698|Organism:Influenza	96.976	893	12	7	96	976	890	1	0.0	1485
f978feb3-8a51-4af2-8d2c-c0f8a5a6230a	gb:MK995698|Organism:Influenza	98.206	892	11	5	94	982	1	890	0.0	1554
11570017-c1ee-4731-b993-fc0016a302c4	gb:MK995698|Organism:Influenza	98.094	892	12	5	101	989	1	890	0.0	1548
6ba1764e-3a14-4b6a-b0c0-8ea7d3312e8d	gb:MK995698|Organism:Influenza	98.432	893	11	3	91	983	1	890	0.0	1568
c47f8d3c-9369-4716-9bbe-7a8d262b5bd1	gb:MK995698|Organism:Influenza	95.638	894	28	8	92	978	1	890	0.0	1424
8ec2a02a-4fe5-4c7a-baf3-371617dbd095	gb:MK995698|Organism:Influenza	98.090	890	15	2	88	975	1	890	0.0	1548
9ad63605-c37c-48c8-9118-71d961684c46	gb:MK995698|Organism:Influenza	98.427	890	13	1	87	975	1	890	0.0	1565
4e9bd8c8-2e16-4bb9-a4c7-dae69943e9a0	gb:MK995698|Organism:Influenza	96.774	899	12	11	93	983	1	890	0.0	1483
9d29fb2b-58a1-4b3a-b1a1-7c8ba1a16d02	gb:MK995698|Organism:Influenza	98.427	890	8	3	90	973	890	1	0.0	1561
05d06cbe-52a7-4edb-ac64-3783d28e687c	gb:KJ568325|Organism:Influenza	93.515	879	28	24	92	952	1	868	0.0	1280
ee08e56b-5686-4b00-b7be-07793abd492e	gb:MK995698|Organism:Influenza	97.197	892	13	9	98	979	890	1	0.0	1498
ee08e56b-5686-4b00-b7be-07793abd492e	gb:MK995698|Organism:Influenza	94.673	901	22	20	1131	2016	1	890	0.0	1375
10edf73e-4683-401f-8eda-a8a42a595bfb	gb:MK995698|Organism:Influenza	97.865	890	15	3	99	984	1	890	0.0	1535
333f76f8-55b9-40b7-ba1c-45c30b77cca2	gb:MK995698|Organism:Influenza	98.315	890	11	2	92	977	1	890	0.0	1557
c77929c9-f200-4630-83ac-f1b618d4a960	gb:MN937778|Organism:Influenza	97.905	859	8	7	115	967	855	1	0.0	1478
71fc8619-41ca-4b66-97b9-8737e4e8ca24	gb:MK995698|Organism:Influenza	96.409	891	23	7	92	974	1	890	0.0	1459
ebf70fe1-78db-4284-b5f8-bb8539152232	gb:MK995698|Organism:Influenza	97.312	893	14	9	98	983	1	890	0.0	1507
660eff94-350b-4879-83c8-36ad7945ab01	gb:MK995698|Organism:Influenza	95.749	894	19	14	91	969	1	890	0.0	1423
2426db82-fe83-4bf4-bf4b-77781f8261e9	gb:MK995698|Organism:Influenza	98.208	893	11	5	91	981	890	1	0.0	1555
f6fcf395-b76a-43c0-b3f0-0729ac5bae9c	gb:MK995698|Organism:Influenza	98.320	893	11	4	89	980	1	890	0.0	1563
09910197-2e90-4ab5-a9a3-eee12c615117	gb:MK995698|Organism:Influenza	98.208	893	11	4	98	988	890	1	0.0	1555
bf355239-3a20-47a9-a8a7-1f4f6c858114	gb:MK995698|Organism:Influenza	99.213	890	7	0	92	981	1	890	0.0	1605
308d0fab-60af-4081-a308-4d52a3186fd3	gb:MK995698|Organism:Influenza	98.765	891	9	2	92	981	890	1	0.0	1583
17534a53-bf66-4c69-8c18-c7b44a6a9674	gb:MK995698|Organism:Influenza	98.876	890	8	2	97	984	890	1	0.0	1587
b9dc1009-0a1d-4d9c-b954-1a62cdb29eaa	gb:MK995698|Organism:Influenza	97.868	891	13	6	92	977	1	890	0.0	1535
08a3f7db-1f08-453f-9deb-8d6d53768fb9	gb:MK995698|Organism:Influenza	98.096	893	10	4	94	982	890	1	0.0	1548
1b071875-ff71-43f4-96b0-c749f2084e91	gb:MK995698|Organism:Influenza	95.404	892	25	15	93	970	890	1	0.0	1406
bacaf8fa-2692-4318-9b3f-2a50e8456bdd	gb:MK995698|Organism:Influenza	98.316	891	8	5	125	1009	1	890	0.0	1555
157658db-2cfc-4b03-9c3d-6b4bd0e2b958	gb:MK995698|Organism:Influenza	98.767	892	9	2	95	986	890	1	0.0	1585
113e7430-e411-4dae-849c-02286b7e46c5	gb:MK995698|Organism:Influenza	96.868	894	19	6	94	982	890	1	0.0	1487
c04a6ea4-020a-4725-aa07-837e9aaf8b04	gb:MK995698|Organism:Influenza	98.876	890	10	0	90	979	1	890	0.0	1589
4f650c09-faa3-400b-858b-afaeb78b8697	gb:MK995698|Organism:Influenza	95.062	891	27	12	96	970	1	890	0.0	1386
28cbc7b4-a141-4265-a17b-0c3be234dbd9	gb:MK995698|Organism:Influenza	97.534	892	13	6	98	982	1	890	0.0	1517
7e2231b4-540a-478b-bdff-cfb1c02697ed	gb:MK995698|Organism:Influenza	98.316	891	12	3	96	984	890	1	0.0	1559
ae102a7f-0d22-4e36-9d47-5563eb2ccfeb	gb:MK995698|Organism:Influenza	98.652	890	10	2	97	984	890	1	0.0	1576
13834239-f2aa-4b65-adf4-458d11fe40ee	gb:MK995698|Organism:Influenza	98.764	890	10	1	97	985	1	890	0.0	1581
360b87be-4b5a-43e1-879f-6833ce58ed6a	gb:MK995698|Organism:Influenza	97.534	892	13	8	93	977	1	890	0.0	1517
1fec258a-d877-4080-9061-63beaeb61827	gb:MK995698|Organism:Influenza	97.758	892	17	2	93	983	890	1	0.0	1533
6e082da7-38de-40ce-9b31-1273d61e9edc	gb:MK995698|Organism:Influenza	97.870	892	12	7	124	1010	890	1	0.0	1535
ca3ac32a-c827-45d9-8e39-553db9c6b39f	gb:MN254181|Organism:Influenza	94.085	896	31	15	692	1571	1	890	0.0	1341
b34aec65-755d-4733-a02d-54d9316cae5d	gb:MK995698|Organism:Influenza	97.312	893	15	6	98	984	1	890	0.0	1507
b34aec65-755d-4733-a02d-54d9316cae5d	gb:MK995698|Organism:Influenza	92.770	899	38	21	1116	1996	890	1	0.0	1275
9cb8bd8e-3ca7-4853-9304-2466b59881fb	gb:MN937778|Organism:Influenza	98.488	860	5	5	111	963	859	1	0.0	1509
9cb8bd8e-3ca7-4853-9304-2466b59881fb	gb:MN937778|Organism:Influenza	96.998	866	15	9	1149	2004	1	865	0.0	1445
b760b688-952f-49ed-a34b-a53d00d845c1	gb:MK995698|Organism:Influenza	96.094	896	15	13	96	977	1	890	0.0	1443
9462b806-1b49-4a4d-9035-76e95b64527a	gb:MK995698|Organism:Influenza	98.652	890	9	3	100	986	1	890	0.0	1574
feb72110-1fba-431d-8c9e-cce5187d0f17	gb:MK995698|Organism:Influenza	98.316	891	13	2	90	979	1	890	0.0	1561
53385dc4-d432-4cc2-8b09-4be3b47ecb4b	gb:MK995698|Organism:Influenza	98.202	890	14	2	82	969	1	890	0.0	1554
9aaa96f4-ef03-4019-9288-640cd0ad896c	gb:MK995698|Organism:Influenza	98.318	892	10	5	96	984	890	1	0.0	1559
e3d721c6-2418-4c26-aaad-979f7f1c2903	gb:MK995698|Organism:Influenza	98.989	890	9	0	96	985	890	1	0.0	1594
3fdaf7df-eec2-4068-9c00-c2bdfff81967	gb:MW872189|Organism:Influenza	99.027	1028	7	3	1751	2776	1027	1	0.0	1840
bee1f8f6-fa32-499f-94cc-12b5a23a4480	gb:MK995698|Organism:Influenza	97.868	891	14	5	96	982	890	1	0.0	1535
0b68f076-7c63-4ab0-9edc-6df26cffbe57	gb:MK995698|Organism:Influenza	98.649	888	7	3	99	982	887	1	0.0	1568
f947be55-2f80-4971-a548-ea2b4439792e	gb:MK995698|Organism:Influenza	98.767	892	9	2	96	987	890	1	0.0	1585
950d4bd0-bf04-4f34-b2e7-2545c1ddae5a	gb:MK995698|Organism:Influenza	95.185	893	24	13	89	965	890	1	0.0	1393
966275d3-0b1b-4e53-9ea9-594a15967efc	gb:MK995698|Organism:Influenza	97.315	894	19	4	696	1588	890	1	0.0	1513
ee8c2e9e-22c4-4f0b-9c73-a8d94eb7f536	gb:MK995698|Organism:Influenza	98.765	891	9	2	96	985	890	1	0.0	1583
40ab2bae-d793-4d29-8c9c-ada8806db811	gb:MK995698|Organism:Influenza	95.964	892	23	11	94	974	890	1	0.0	1435
88bed45d-edf4-4bb1-90fa-2103a13ad0eb	gb:MK995698|Organism:Influenza	98.655	892	10	2	98	989	1	890	0.0	1580
b9ae72a7-768e-4df8-8190-59a656ee258e	gb:MK995698|Organism:Influenza	97.978	890	13	2	97	981	890	1	0.0	1539
6f2ddb2d-db7d-492b-8909-ba3183956065	gb:MK995698|Organism:Influenza	96.210	897	19	13	99	987	1	890	0.0	1454
419c23ed-435e-45c1-980e-716aecdc6743	gb:KY990767|Organism:Influenza	94.098	898	25	17	92	969	1	890	0.0	1339
39189fe8-8077-4ce8-8cae-c70253bdcec8	gb:MK995698|Organism:Influenza	95.312	896	26	14	104	989	1	890	0.0	1408
62433db4-9b3a-41bb-a256-94c975efe49b	gb:MK995698|Organism:Influenza	98.208	893	10	3	99	988	890	1	0.0	1555
62433db4-9b3a-41bb-a256-94c975efe49b	gb:MK995698|Organism:Influenza	96.633	891	16	11	1146	2023	1	890	0.0	1467
b92da3d9-6328-4124-ad7a-a6f30d27cc3a	gb:MK995698|Organism:Influenza	98.094	892	9	7	93	978	1	890	0.0	1546
b92da3d9-6328-4124-ad7a-a6f30d27cc3a	gb:MK995698|Organism:Influenza	97.330	899	9	6	1141	2033	890	1	0.0	1513
ac185a4e-656e-4949-969f-ae957e1e9b13	gb:MK995698|Organism:Influenza	91.163	894	40	27	148	1006	890	1	0.0	1177
2fa01b9a-ccd3-4c0c-aaea-8f11ba31efdb	gb:MK995698|Organism:Influenza	97.285	884	18	4	95	973	2	884	0.0	1495
93334490-28bf-45d9-8e6f-8a10c281833e	gb:MK995698|Organism:Influenza	98.539	890	12	1	95	983	890	1	0.0	1570
fdc7136c-2528-453e-b5c2-543da3b3cb37	gb:MK995698|Organism:Influenza	95.325	877	24	15	105	969	19	890	0.0	1376
e58c65e6-8973-498e-9c51-317e4911aa19	gb:MK995698|Organism:Influenza	95.089	896	20	17	102	979	890	1	0.0	1389
7a49c801-0755-4564-b456-984480a4fccd	gb:MK995698|Organism:Influenza	97.318	895	11	7	91	977	1	890	0.0	1507
acacbd48-7f4c-4ac2-8c3c-367320678f1e	gb:MK995698|Organism:Influenza	97.882	897	9	9	94	987	890	1	0.0	1543
d230d32d-78ba-464b-a052-cbae7c6b116b	gb:MK995698|Organism:Influenza	98.092	891	12	5	90	976	890	1	0.0	1546
7505435f-11c4-4692-a42f-4a48c94b5e33	gb:MK995698|Organism:Influenza	98.316	891	8	5	92	976	1	890	0.0	1555
2fa4b6ef-9a6e-4f5a-bad2-cdfb14ffcf8f	gb:MK995698|Organism:Influenza	96.210	897	19	14	90	978	1	890	0.0	1454
5a30fa05-7711-4ddf-8ac5-333298a44c1b	gb:MK995698|Organism:Influenza	98.206	892	11	4	144	1032	890	1	0.0	1554
aa357911-9373-48f3-9380-4f11fc73f675	gb:MK995698|Organism:Influenza	98.094	892	13	3	98	987	890	1	0.0	1550
650bc38a-1d3d-4ba4-a2f7-29be1480e1d9	gb:MK995698|Organism:Influenza	97.646	892	11	9	100	983	1	890	0.0	1522
96439093-f96b-4474-bb30-cce1ac019909	gb:MK995698|Organism:Influenza	97.991	896	11	4	93	987	890	1	0.0	1548
0463c655-8614-463f-aa8b-42183c07415e	gb:MK995698|Organism:Influenza	97.085	892	18	6	93	978	890	1	0.0	1496
68c92e04-8bd3-4763-9224-990c8ad9d1e4	gb:MK995698|Organism:Influenza	94.525	895	29	16	117	1001	1	885	0.0	1363
d682b57f-edc8-497f-a0ff-5663de2f40f6	gb:MK995698|Organism:Influenza	98.316	891	12	3	89	977	1	890	0.0	1559
c3476064-60fe-40e5-9517-2e1ae974f076	gb:MK995698|Organism:Influenza	96.421	894	14	13	94	973	890	1	0.0	1458
0b04c802-ae65-4c7d-940a-70070545a820	gb:MK995698|Organism:Influenza	93.993	899	24	25	92	969	890	1	0.0	1334
0e7caaeb-38dd-4841-81e6-2f1db0027531	gb:MN937778|Organism:Influenza	97.083	857	12	12	116	961	855	1	0.0	1432
bbcd9e87-c0b4-4d0b-98cd-33f40f1bfcd3	gb:MK995698|Organism:Influenza	97.872	893	13	5	119	1008	890	1	0.0	1539
6429e132-74f4-4bd1-8e9b-54833c787445	gb:MK995698|Organism:Influenza	97.646	892	12	6	88	972	890	1	0.0	1522
86e5ee3b-cf2c-4956-b58b-fd9a5f33e4d0	gb:MN937778|Organism:Influenza	97.096	861	16	6	133	985	860	1	0.0	1443
7ab77ea2-531e-4625-8f4f-13c8a7c45981	gb:MK995698|Organism:Influenza	97.643	891	17	4	91	978	1	890	0.0	1526
4ebaa271-35b1-4a8e-b2f9-0e9bccd0f6cb	gb:MK995698|Organism:Influenza	98.092	891	11	5	97	982	890	1	0.0	1546
0af25219-c26e-49c5-a706-fca015a5a32f	gb:MK995698|Organism:Influenza	96.197	894	19	14	91	973	890	1	0.0	1448
8e333299-40b3-4713-8af9-71fbba0917b8	gb:MK995698|Organism:Influenza	97.200	893	13	9	93	976	1	890	0.0	1500
c7bf1b37-27e0-454f-9c4b-00ba605651be	gb:MK995698|Organism:Influenza	98.764	890	9	2	91	978	1	890	0.0	1581
79437055-88ed-46de-bfc7-41861c5cc2a5	gb:MK995698|Organism:Influenza	98.539	890	11	2	91	978	1	890	0.0	1570
c7c9e7f8-e119-4963-ab36-cca54be84eb7	gb:MK995698|Organism:Influenza	98.541	891	10	2	88	976	1	890	0.0	1570
8e78f6f9-431e-4a0c-8e42-26f931da03b4	gb:MK995698|Organism:Influenza	98.546	894	7	5	118	1009	890	1	0.0	1574
bf09a236-22d5-44ff-87e2-991f8176a1be	gb:MK995698|Organism:Influenza	98.427	890	8	4	114	997	1	890	0.0	1561
3d401945-0d49-4bd7-a967-0e906f419ba3	gb:MN937778|Organism:Influenza	94.457	866	22	19	110	956	1	859	0.0	1310
3cbc248a-550d-4dff-9e75-6c38bcea8fc3	gb:MK995698|Organism:Influenza	98.430	892	11	3	86	976	1	890	0.0	1567
472424c0-c4ee-40e8-afec-05d71103d716	gb:KY990767|Organism:Influenza	95.312	896	23	15	94	976	1	890	0.0	1404
e3999717-d110-4f22-8bdc-e2eb6b0a4d7b	gb:MK995698|Organism:Influenza	95.062	891	22	16	95	964	1	890	0.0	1382
347a4eed-012e-46b9-b0ae-d62d214fa746	gb:MK995698|Organism:Influenza	97.753	890	13	5	98	980	890	1	0.0	1526
663ed451-3b30-44e6-85fb-0fbc9f17742e	gb:MK995698|Organism:Influenza	97.982	892	11	5	116	1002	1	890	0.0	1541
1debaa0c-eb9b-43a8-8674-bb8c32fd3c55	gb:MK995698|Organism:Influenza	98.989	890	8	1	92	980	890	1	0.0	1592
07126f1b-5549-4424-9697-3cc508cfaf32	gb:MK995698|Organism:Influenza	93.966	895	30	19	91	966	1	890	0.0	1332
3814cd2d-9ca2-445f-8c4e-2f7b3a0e9494	gb:MK995698|Organism:Influenza	97.433	896	12	6	118	1008	890	1	0.0	1517
d39642f1-6e6d-4cbf-afe2-bedc9caa6ad3	gb:MK995698|Organism:Influenza	98.546	894	9	4	97	990	1	890	0.0	1576
66308dfc-4e35-450c-8d5f-5ff4a6c1db33	gb:MK995698|Organism:Influenza	96.771	898	18	8	94	988	1	890	0.0	1487
9abf5526-0f37-4303-93d3-3d78dd893fab	gb:MK995698|Organism:Influenza	98.320	893	11	3	88	979	890	1	0.0	1563
