ac4dab40-8330-473e-9a2c-056022b1db24	gb:MH546879|Organism:Influenza	90.220	910	42	40	101	983	1	890	0.0	1144
236e020c-ca74-4bf1-96bb-068fd0c1b502	gb:MH546879|Organism:Influenza	98.543	892	9	4	97	986	890	1	0.0	1572
0d70b0cb-5910-4903-ba18-10c7835c2648	gb:MH546879|Organism:Influenza	98.878	891	8	2	96	985	1	890	0.0	1589
20040201-2948-4878-bc19-0b74ad37192e	gb:MH546879|Organism:Influenza	96.000	900	22	12	95	990	890	1	0.0	1450
f5450338-20b0-45c6-973e-a5b51a1e5ef9	gb:MH546879|Organism:Influenza	98.324	895	7	5	98	989	1	890	0.0	1563
b83bd46c-293a-4d03-9183-daf624e732fc	gb:MH546879|Organism:Influenza	97.651	894	10	6	93	979	1	890	0.0	1524
d8e0703b-8eb3-4c7f-b68e-79437d422a11	gb:MH637428|Organism:Influenza	90.205	878	43	34	126	974	23	886	0.0	1105
1007c737-b9f0-45e2-a037-5d0e23366e0b	gb:MH637323|Organism:Influenza	91.348	890	45	25	96	961	884	3	0.0	1188
e69c83d8-1138-4456-84d7-3044e498d420	gb:MH546879|Organism:Influenza	93.377	906	25	26	99	985	1	890	0.0	1308
72da58f1-72c1-4dcd-aecd-bfdaa0b1d282	gb:MH546879|Organism:Influenza	98.538	889	8	2	94	977	890	2	0.0	1565
56ac06ec-2178-48ed-bafb-dc87f14dc6ef	gb:MH546879|Organism:Influenza	92.036	879	32	27	115	964	890	21	0.0	1201
af3b73a9-f991-41a9-aa3e-b6cebaeb6dca	gb:MH546879|Organism:Influenza	98.989	890	6	3	99	985	890	1	0.0	1591
1033f1db-a08a-4bb4-aa71-d61b73e2dee0	gb:MH546879|Organism:Influenza	95.778	900	22	13	95	988	1	890	0.0	1437
5532d172-a701-4dc3-bb2f-a422120f02fe	gb:MH546879|Organism:Influenza	92.556	900	38	23	97	977	890	1	0.0	1264
7ac16195-4b08-48f9-8f1b-eb734a38e4d3	gb:MH546879|Organism:Influenza	90.088	908	50	33	84	971	888	1	0.0	1142
be9807df-50af-40dd-a244-557ee4ec1fae	gb:MH546879|Organism:Influenza	96.444	900	15	12	98	990	890	1	0.0	1469
d27c8676-3a37-4647-ae2b-57c18c4cd0aa	gb:MH546879|Organism:Influenza	96.107	899	15	15	94	981	890	1	0.0	1448
7c041343-310f-4e5c-aefa-4beb153d88c6	gb:MH637323|Organism:Influenza	95.633	893	16	19	88	961	1	889	0.0	1411
3e1673b2-fbf5-43d8-9f22-84d2565eceb9	gb:MH546879|Organism:Influenza	97.875	894	7	7	103	993	885	1	0.0	1535
9cb57a57-4f31-455b-964e-4d85c408de5b	gb:MH546879|Organism:Influenza	97.648	893	15	6	101	990	890	1	0.0	1528
930665ca-18c7-483b-84fd-f65b7a3e22c8	gb:MH546879|Organism:Influenza	97.763	894	15	5	97	989	890	1	0.0	1535
cc705d01-ead0-4875-9bef-cf9497f2d3e2	gb:MH546879|Organism:Influenza	98.430	892	9	5	106	994	890	1	0.0	1565
b1d1e983-2b12-40cb-976d-2915204aeebc	gb:MH546879|Organism:Influenza	89.357	902	57	33	95	969	890	1	0.0	1098
df49a3c9-fd50-460e-b11c-30fa49a5261e	gb:MH546879|Organism:Influenza	98.204	891	8	7	97	980	1	890	0.0	1550
59a78da9-d3ae-47fb-a2e0-f9693f76c3cf	gb:MH546879|Organism:Influenza	98.432	893	8	6	97	986	1	890	0.0	1567
0df09270-9110-401c-889f-55984105307a	gb:MH546879|Organism:Influenza	98.313	889	8	6	114	998	890	5	0.0	1552
30de32b9-5d1f-4649-ba12-f5017083940c	gb:MH546879|Organism:Influenza	97.542	895	9	10	100	986	890	1	0.0	1519
6bba8cf3-630d-474a-984e-a849ab33d3aa	gb:MH546879|Organism:Influenza	95.773	899	21	15	85	975	1	890	0.0	1434
98e8fbc0-911d-4980-b53e-6727e25111e9	gb:MH546879|Organism:Influenza	99.215	892	5	2	99	990	890	1	0.0	1607
f234a731-e18c-4a7f-b7d6-046e5228cc9e	gb:MH546879|Organism:Influenza	98.658	894	8	3	97	990	890	1	0.0	1581
e76d4f37-d1d3-478d-a0c6-17593d6eed73	gb:MH637219|Organism:Influenza	97.517	886	11	10	101	976	885	1	0.0	1504
939ab51f-bca0-4749-8677-083a139aa08c	gb:MH546879|Organism:Influenza	98.212	895	10	4	97	990	1	890	0.0	1559
df59580c-d392-4abe-96d9-e0f758049970	gb:MH546879|Organism:Influenza	97.982	892	13	4	89	977	890	1	0.0	1543
e467f25e-230a-49f0-90d0-b15a6b3be9df	gb:MH637219|Organism:Influenza	98.402	876	10	4	106	978	875	1	0.0	1537
4a6aa9cc-d936-4743-bff8-8828706e9ecd	gb:MK236956|Organism:Influenza	96.927	1562	41	5	1282	2840	1	1558	0.0	2612
27e3da49-5f26-40e8-9a18-8e5f18fead98	gb:MH546879|Organism:Influenza	97.984	893	13	5	96	986	890	1	0.0	1544
80852506-5426-4fce-a10e-5ac46c96d60f	gb:MH546879|Organism:Influenza	95.475	884	27	10	89	965	1	878	0.0	1399
d69c0c1a-dc91-4004-835f-2c66a26c3f8a	gb:MH546879|Organism:Influenza	98.541	891	10	3	100	988	890	1	0.0	1570
ea0a6fa5-93a6-4113-9a20-b0e228ab49ae	gb:MH546879|Organism:Influenza	97.982	892	9	8	94	978	890	1	0.0	1539
0ee0dce6-c58f-4d9f-abd9-0261ac82e29e	gb:MH546879|Organism:Influenza	92.786	901	34	22	88	968	890	1	0.0	1275
361629de-9bdf-41fe-ae16-c313cec7ce71	gb:MH546879|Organism:Influenza	98.092	891	11	4	94	979	890	1	0.0	1546
08f1881e-d2d4-4d24-810d-dbeb91861db6	gb:MH546879|Organism:Influenza	96.868	894	13	15	96	978	890	1	0.0	1482
e8cba5c4-3d06-4d18-8cef-3c749d86cfbf	gb:MH546879|Organism:Influenza	98.878	891	9	1	95	985	890	1	0.0	1589
e43e9204-c8df-472e-87e1-ba8b658df901	gb:MH546879|Organism:Influenza	98.315	890	12	3	97	983	890	1	0.0	1557
239abf0b-2104-425c-9b68-f00bbacde613	gb:MH546879|Organism:Influenza	98.432	893	8	6	94	983	1	890	0.0	1567
5846fe07-e102-44ca-b147-5c8fd146812e	gb:MH546879|Organism:Influenza	95.089	896	30	9	96	983	1	890	0.0	1399
e35340a0-b878-4443-ac94-db299302c6ee	gb:MH546879|Organism:Influenza	98.878	891	9	1	123	1013	890	1	0.0	1589
33262de6-8bc3-4f1c-a065-1270ac42d801	gb:MH546879|Organism:Influenza	97.204	894	17	5	101	990	890	1	0.0	1506
152641b5-39f3-4949-89f6-ab973c9fb6c7	gb:MH637219|Organism:Influenza	97.971	887	9	5	97	980	1	881	0.0	1530
7e813a51-0eb3-4109-8355-1fd020fa8899	gb:MH546879|Organism:Influenza	97.092	894	13	8	98	982	890	1	0.0	1495
6c91102b-9fd7-49a3-9cad-fb066a0fb3e7	gb:MH546879|Organism:Influenza	96.872	895	17	10	94	982	1	890	0.0	1487
6f3f1585-e225-4d90-9ecd-9dbd9f0c8795	gb:MH546879|Organism:Influenza	96.544	897	19	10	99	990	890	1	0.0	1474
00fbefde-d63a-44d0-9c97-de8771f4392f	gb:MH546879|Organism:Influenza	98.878	891	9	1	682	1572	1	890	0.0	1589
ab46d012-b5ff-43d7-8754-83463d6f3366	gb:MH546879|Organism:Influenza	97.534	892	14	5	100	985	1	890	0.0	1519
42d6b902-1d62-482d-a052-07fa95e528a5	gb:OL416395|Organism:Influenza	95.933	836	14	17	124	941	5	838	0.0	1338
8cf43f01-6518-42a6-adfa-35039e217356	gb:MH546879|Organism:Influenza	97.082	891	15	8	94	974	1	890	0.0	1491
6b7b70b2-8286-4cc0-b939-9e8171e38bf6	gb:MN937778|Organism:Influenza	95.354	861	18	13	671	1513	7	863	0.0	1349
9235a263-9b04-4393-99ab-f3561fa287ce	gb:MH546879|Organism:Influenza	97.315	894	15	7	103	991	890	1	0.0	1509
e3040c60-2255-42b4-a9e8-d85a61e22095	gb:MH546879|Organism:Influenza	96.188	892	17	6	95	971	1	890	0.0	1443
d90ecd16-8863-47ac-a846-267507997a77	gb:MH546879|Organism:Influenza	99.326	890	5	1	98	986	890	1	0.0	1609
33df8680-6852-4c6f-9a17-fbfae97d5535	gb:MH546879|Organism:Influenza	96.351	877	16	13	114	980	871	1	0.0	1428
73a4e873-9b6f-418f-a2b3-f7490e62199f	gb:MK236956|Organism:Influenza	97.655	1535	35	1	600	2133	27	1561	0.0	2634
0fe43376-29ea-4143-91ce-83f4a782ff4c	gb:MH546879|Organism:Influenza	97.439	898	14	7	91	987	1	890	0.0	1522
f4a04a19-f0ff-4ae0-ae39-28c71b4ee895	gb:MH546879|Organism:Influenza	98.316	891	11	4	93	980	890	1	0.0	1559
30b694eb-0740-49fa-b695-b5f347df5448	gb:MH546879|Organism:Influenza	89.791	911	48	37	93	979	1	890	0.0	1125
f550c03e-0670-499d-bc76-ad529f711ff9	gb:MH546879|Organism:Influenza	97.651	894	11	5	93	980	890	1	0.0	1526
399cef4e-1a38-4e98-9a6d-eb9fdd53c387	gb:MH546879|Organism:Influenza	94.878	898	20	14	89	968	1	890	0.0	1380
ed5ce816-3b0d-4d97-bcdf-0a3aa12b0476	gb:MH546879|Organism:Influenza	98.316	891	12	2	92	980	1	890	0.0	1559
567159e3-8f92-47da-836f-764cd68a0d4d	gb:MH546879|Organism:Influenza	98.756	884	7	1	98	977	884	1	0.0	1568
4e0171ae-7ba7-45db-a299-fd49b84567ef	gb:MH546879|Organism:Influenza	92.453	901	38	25	97	978	1	890	0.0	1260
8a10dadf-be64-45a0-b26a-3f8c3e3eea0f	gb:MH546879|Organism:Influenza	98.765	891	9	2	98	987	890	1	0.0	1583
d2342355-aa80-4bc9-b7d0-97e193dac6ee	gb:MH546879|Organism:Influenza	98.544	893	9	3	87	978	1	890	0.0	1574
7e25c9aa-8053-42cf-a51e-6bc06636a832	gb:MH546879|Organism:Influenza	99.101	890	7	1	94	982	1	890	0.0	1598
71db7e76-f768-4804-8be7-99381432a252	gb:CY035803|Organism:Influenza	94.655	898	29	14	98	984	1	890	0.0	1375
0432ae0e-2fea-4fc1-b699-b108737c6e37	gb:MK995797|Organism:Influenza	90.929	904	48	28	93	976	890	1	0.0	1184
716a86fb-2514-4b6e-ab75-92cdf6b3877a	gb:MH546879|Organism:Influenza	95.866	895	23	14	90	975	1	890	0.0	1435
9bcfb96f-5e3e-4acc-b98a-2df7c45ad20f	gb:MH546879|Organism:Influenza	98.991	892	5	4	96	985	890	1	0.0	1594
32f76e9c-6e08-4326-b56d-c3c1bec2ab97	gb:MH546879|Organism:Influenza	96.663	899	13	14	93	983	890	1	0.0	1478
2c1cc3bd-aa57-4a40-871c-d85982ed5f91	gb:MH546879|Organism:Influenza	98.316	891	13	2	94	983	890	1	0.0	1561
9aab9aad-20e9-4dcd-849d-f158e6c1b09d	gb:MH546879|Organism:Influenza	98.206	892	9	6	93	979	1	890	0.0	1552
88c1faa6-fd49-43b5-a511-6c939162fad1	gb:MT818944|Organism:Influenza	94.451	901	16	28	97	974	1	890	0.0	1356
ceedbbd5-b4eb-458a-9f00-1ebb9c995a31	gb:MH546879|Organism:Influenza	98.655	892	8	4	115	1004	890	1	0.0	1578
a2a835a8-b575-4ce7-b2df-144315b5100a	gb:MH546879|Organism:Influenza	95.404	892	15	18	99	966	890	1	0.0	1397
a0ee25ca-4ab9-4caf-8c70-f2dadf135398	gb:MH546879|Organism:Influenza	98.432	893	8	5	96	985	1	890	0.0	1567
63a937fc-a425-4304-8173-72988e9c82bd	gb:MH546879|Organism:Influenza	97.315	894	12	9	97	982	1	890	0.0	1507
73f5b998-36eb-433d-afdf-7fb5fc80448f	gb:MH637323|Organism:Influenza	94.164	891	34	15	95	969	1	889	0.0	1341
72e1646b-af5e-4870-a795-f3cba48ace65	gb:MH546879|Organism:Influenza	94.574	903	29	14	87	982	890	1	0.0	1378
e95ae063-1059-4df6-a081-9e238e2422a6	gb:MH546879|Organism:Influenza	96.875	896	12	15	92	977	890	1	0.0	1485
0c5a583f-b851-4f52-9247-436535bc76ba	gb:MH546879|Organism:Influenza	95.516	892	18	14	90	966	890	6	0.0	1406
944b44a5-979d-4871-9f8f-d36facdd94ba	gb:MH546879|Organism:Influenza	90.166	905	45	36	97	977	890	6	0.0	1138
e380e06c-f0ac-49db-a4aa-d2d693d4a637	gb:MH546879|Organism:Influenza	98.653	891	7	4	97	983	890	1	0.0	1574
67d902c1-a0a9-4f4c-a793-f54528d1ddc3	gb:MH546879|Organism:Influenza	96.663	899	18	9	97	992	1	890	0.0	1483
4809887a-780d-4b4c-876e-401947d6f625	gb:MH546879|Organism:Influenza	98.991	892	7	2	114	1005	890	1	0.0	1596
42a5bcdd-2a9e-43c0-920f-f4542a35f653	gb:MH546879|Organism:Influenza	97.987	894	7	11	90	976	1	890	0.0	1541
5cb38a66-5bf6-4108-b958-25075e6daa02	gb:MH546879|Organism:Influenza	97.082	891	17	4	87	969	1	890	0.0	1493
50e6acc8-a1a7-4ca5-a01a-b1b904f673e6	gb:MH546879|Organism:Influenza	97.755	891	10	3	96	977	890	1	0.0	1526
58373bc1-03ca-4f59-8f6e-0a2de503d0bd	gb:MH546879|Organism:Influenza	99.211	887	6	1	91	976	4	890	0.0	1598
723ae785-1a26-41f7-9740-2433fac0f009	gb:MH546879|Organism:Influenza	93.563	901	29	22	90	972	890	1	0.0	1315
7fd75c18-34aa-48ad-8451-4832f196ee6b	gb:MH546879|Organism:Influenza	98.096	893	8	7	91	977	890	1	0.0	1546
923d3cb5-c102-4f4a-81b1-d9f703d858ea	gb:MT818944|Organism:Influenza	98.539	890	11	2	729	1616	1	890	0.0	1570
82187270-6d56-49be-b767-247392d1597c	gb:OL782162|Organism:Influenza	94.203	897	36	15	99	986	1	890	0.0	1354
8a37dcb0-e380-4f1a-8a0f-1153c67d9883	gb:MH412521|Organism:Influenza	96.963	889	18	8	94	977	1	885	0.0	1483
ee4a91ad-d1b6-4bde-9bef-e5dbc9fdb123	gb:MH546879|Organism:Influenza	93.813	889	30	21	109	982	12	890	0.0	1314
c1518822-e217-40b9-b1c7-28e0e9635a9b	gb:MH546879|Organism:Influenza	95.866	895	21	16	95	978	890	1	0.0	1434
dfbffb89-0481-4984-b199-17dd758b167d	gb:MK913498|Organism:Influenza	93.363	889	23	24	94	950	6	890	0.0	1282
e26875b0-64e2-41db-b215-90355c47dd09	gb:MH546879|Organism:Influenza	96.648	895	12	13	98	979	890	1	0.0	1471
d68538d8-7fc4-40ad-8a89-3614a3ae6477	gb:MH546879|Organism:Influenza	97.980	891	13	5	95	981	890	1	0.0	1541
644b9685-b1bb-4a9d-a9ac-4a658c24cd62	gb:MH546879|Organism:Influenza	98.652	890	9	3	96	982	890	1	0.0	1574
04f05aaa-0524-49c4-b409-b8ab6ddc0dbe	gb:MH546879|Organism:Influenza	96.745	891	16	9	97	975	1	890	0.0	1472
29635d39-927c-45f0-a246-d102c1d22408	gb:MH546879|Organism:Influenza	95.875	897	23	13	91	980	890	1	0.0	1439
7f3ea76f-2971-406e-9e31-4085cfdde6f6	gb:MH637219|Organism:Influenza	92.736	881	33	27	114	972	872	1	0.0	1243
3403fa9b-d651-477f-ae1b-ed2ae7eea1d6	gb:MH546879|Organism:Influenza	97.092	894	15	10	93	979	1	890	0.0	1496
f4f898aa-cee8-446e-95c4-e5592dd51f66	gb:MH546879|Organism:Influenza	99.101	890	8	0	120	1009	1	890	0.0	1600
f14d0a36-e75c-4fbd-8ce2-7a45987ba75c	gb:MH546879|Organism:Influenza	94.649	897	28	15	95	978	1	890	0.0	1373
8ae0acee-f57c-4f4f-b5b2-be6ef581c072	gb:MH546879|Organism:Influenza	92.018	902	39	26	90	970	1	890	0.0	1236
d7de1175-32b1-4a40-9380-41f569f4aa4d	gb:MT818944|Organism:Influenza	97.430	895	14	7	97	987	1	890	0.0	1517
ead2b649-656e-4f22-83ca-db9df82060ba	gb:MH546879|Organism:Influenza	95.551	899	20	12	94	981	890	1	0.0	1421
9ca7c3f3-c238-4513-8877-b023e2c5ccda	gb:MH546879|Organism:Influenza	98.214	896	8	4	87	980	1	890	0.0	1559
099a9b40-8794-46e1-a502-67bca31252f0	gb:KT887335|Organism:Influenza	91.242	902	41	27	89	964	890	1	0.0	1194
56f9261a-7266-470f-aae4-6f4691a122db	gb:MH546879|Organism:Influenza	98.992	893	5	4	94	985	1	890	0.0	1596
9962cfa3-c9e8-4293-b258-347ac142e7f9	gb:MG280249|Organism:Influenza	89.350	892	50	29	129	984	883	1	0.0	1079
97a83619-2093-496d-a24e-46a7c67ea9b3	gb:MH546879|Organism:Influenza	98.096	893	8	8	93	979	890	1	0.0	1546
138a9979-89e6-4409-a1a0-b9d0d896162d	gb:MK995789|Organism:Influenza	96.529	893	15	13	98	977	890	1	0.0	1463
92e2cceb-a531-4e1f-a642-cae4ab41cd42	gb:MH546879|Organism:Influenza	96.440	899	17	13	100	992	890	1	0.0	1469
92e2cceb-a531-4e1f-a642-cae4ab41cd42	gb:MH546879|Organism:Influenza	82.943	897	76	61	1162	2000	1	878	0.0	737
89c893c8-353d-45dd-b5df-87cb8c5ffaa4	gb:MH546879|Organism:Influenza	96.571	875	21	9	107	975	872	1	0.0	1441
ff128711-ffef-423d-8e4e-e34adcd7ec95	gb:MH546879|Organism:Influenza	97.085	892	16	8	94	977	890	1	0.0	1495
3433ab46-a828-49a9-8ae0-3ccddc1caf50	gb:MH546879|Organism:Influenza	96.899	903	12	9	92	991	1	890	0.0	1498
7858f1cb-8368-44ea-afa0-8e859c5c283d	gb:MH546879|Organism:Influenza	98.204	891	11	3	117	1003	1	890	0.0	1552
4757ae54-948d-4369-86fb-1c98eaba81be	gb:MH546879|Organism:Influenza	97.436	897	11	11	100	991	890	1	0.0	1519
7d8de215-799d-4e0c-8888-01f6a3cb6866	gb:MH546879|Organism:Influenza	99.214	891	6	1	100	990	890	1	0.0	1605
e29019f1-3c68-409e-992b-bc4c5f2967b5	gb:MH546879|Organism:Influenza	99.213	890	7	0	94	983	1	890	0.0	1605
05975c63-d5a4-4913-88e8-fbcd65fd0ac1	gb:MH546879|Organism:Influenza	97.324	897	12	10	90	981	890	1	0.0	1513
9134feed-45d2-4768-8876-b0fc73b0004e	gb:MH546879|Organism:Influenza	98.989	890	7	2	100	987	890	1	0.0	1592
b0e90e98-8405-486a-8015-ce65f108a101	gb:MH546879|Organism:Influenza	97.989	895	10	8	94	985	890	1	0.0	1546
44291d58-ac43-4831-868d-22b365e06b23	gb:MH546879|Organism:Influenza	97.542	895	14	6	104	995	1	890	0.0	1524
324155e0-13b6-480a-a992-b8a4bf31b0e9	gb:MH546879|Organism:Influenza	98.655	892	8	4	91	980	890	1	0.0	1578
cecdbb34-fa97-4d9b-b0ca-3bfefff928e3	gb:MH546879|Organism:Influenza	97.207	895	14	11	99	987	1	890	0.0	1504
67ccf627-380f-455c-80e0-6dbb2a38db27	gb:MH546879|Organism:Influenza	98.206	892	12	4	91	980	890	1	0.0	1555
80c54460-1af9-4eb7-8ad8-714bb2582296	gb:MH546879|Organism:Influenza	95.006	901	22	17	94	982	1	890	0.0	1393
4715fa47-d8be-449a-88bf-d25e58e43242	gb:MH546879|Organism:Influenza	95.551	899	22	15	96	985	890	1	0.0	1423
e390e173-dfbc-4246-b9be-d35f672d0d55	gb:MH637219|Organism:Influenza	96.380	884	15	15	112	982	880	1	0.0	1439
0b5c062a-0f6b-48d3-93e3-29c49b1ba02c	gb:MH546879|Organism:Influenza	95.996	899	17	17	111	999	890	1	0.0	1443
9090bc26-9b85-4569-a57f-86e07f2f6b20	gb:MH546879|Organism:Influenza	97.422	892	11	9	95	976	890	1	0.0	1509
61a2b023-85d0-4408-9f83-22fa0019c1c3	gb:MH546879|Organism:Influenza	95.404	892	25	11	92	969	1	890	0.0	1406
e360e7f5-0d6f-4ae9-ac2e-b0ca05b78667	gb:MH546879|Organism:Influenza	91.492	905	39	34	124	1005	890	1	0.0	1210
9a44cf27-6eca-4e00-b151-cdf7eb9d5978	gb:MH546879|Organism:Influenza	99.326	890	6	0	94	983	890	1	0.0	1611
23cdd96d-ec17-4615-be85-7c3905a66229	gb:MH546879|Organism:Influenza	96.667	900	18	8	1403	2300	1	890	0.0	1485
daee963a-2fd5-425b-ba03-50cf9a89607e	gb:MW872185|Organism:Influenza	95.148	371	11	6	237	603	373	6	1.19e-163	579
daee963a-2fd5-425b-ba03-50cf9a89607e	gb:MW872185|Organism:Influenza	94.783	115	3	3	94	206	890	777	1.83e-42	176
7fc6628c-2374-4f70-949e-529dfba9353e	gb:MH546879|Organism:Influenza	98.652	890	9	3	94	980	890	1	0.0	1574
de7e984b-e306-4bcf-8db8-a0ad4fbaaf69	gb:HM370970|Organism:Influenza	99.658	292	1	0	680	971	1027	736	6.47e-150	534
9816dbaa-79e5-4591-9d51-f5812a4b6b7e	gb:MK830107|Organism:Influenza	93.778	900	31	20	94	981	1	887	0.0	1328
bdd5ccfc-0eb2-4600-9a17-44df94b037be	gb:MH733759|Organism:Influenza	87.882	883	65	31	113	962	16	889	0.0	1000
06442b8b-f9bf-4bc7-9b98-e9b8d089dd30	gb:MH546879|Organism:Influenza	98.876	890	9	1	101	989	890	1	0.0	1587
5243ce94-8ce0-4703-9088-50c72c02cfb8	gb:MH546879|Organism:Influenza	98.756	884	8	3	105	986	883	1	0.0	1568
bfdd5df3-23b1-4ea6-8908-1d268e3c4619	gb:MH546879|Organism:Influenza	97.982	892	12	4	110	997	890	1	0.0	1543
91a21278-f112-4f42-8430-a4c521665b62	gb:MH546879|Organism:Influenza	98.989	890	7	2	92	979	1	890	0.0	1592
e152cb23-0232-4f0f-a2c8-8c5a3e8152da	gb:MT818944|Organism:Influenza	98.427	890	11	2	682	1568	1	890	0.0	1563
e152cb23-0232-4f0f-a2c8-8c5a3e8152da	gb:MT818944|Organism:Influenza	96.973	892	16	10	1733	2615	890	1	0.0	1487
da91fdf1-8c1f-493c-948b-b979c1394c14	gb:MH546879|Organism:Influenza	97.436	897	10	11	90	980	1	890	0.0	1517
a7cd1e7b-ab8f-4ace-9cc2-d2ce76c3ef0f	gb:MH546879|Organism:Influenza	96.656	897	14	11	100	987	1	890	0.0	1476
897e1c65-b878-4fdb-9dd0-016d8b684429	gb:MH546879|Organism:Influenza	96.329	899	20	10	98	992	890	1	0.0	1465
4d532b79-ec99-4ee2-b5e2-1c07b2ae4680	gb:MH546879|Organism:Influenza	98.538	889	7	4	100	987	884	1	0.0	1565
dacd42d8-fead-4ac9-a7a2-a41459ff395d	gb:MH637219|Organism:Influenza	95.521	893	20	12	686	1566	885	1	0.0	1410
dfb3660c-8390-469a-b6bd-3dbddbe7611b	gb:MH546879|Organism:Influenza	97.980	891	12	5	95	980	890	1	0.0	1541
7b2486c7-5d05-49b7-b0a9-fd87136189bc	gb:MH546879|Organism:Influenza	98.316	891	10	4	93	979	1	890	0.0	1557
edbc5b7b-27ad-49a6-bfeb-1eeee0954321	gb:MH546879|Organism:Influenza	97.659	897	13	7	89	984	1	890	0.0	1533
5df3a59b-5f6c-4797-9cac-1b3915dc0e7d	gb:MT824855|Organism:Influenza	93.973	896	30	22	93	970	1	890	0.0	1334
49bb73f7-6ca7-447c-ae31-80f6521621d4	gb:MH546879|Organism:Influenza	97.095	895	14	6	99	986	1	890	0.0	1498
06ad6de9-6efe-4f1f-9266-462c2b89434a	gb:MT818944|Organism:Influenza	97.197	892	15	5	92	975	1	890	0.0	1500
1fcad3ff-8eb5-4d05-bcf0-d898b8e3808c	gb:MH546879|Organism:Influenza	99.326	890	6	0	95	984	1	890	0.0	1611
5b89221e-bfa5-4eb4-a234-a5e721ca32d5	gb:MH546879|Organism:Influenza	97.982	892	15	3	98	988	890	1	0.0	1544
849df6b2-d484-4227-b08c-af1923744743	gb:MH546879|Organism:Influenza	98.320	893	6	5	87	973	1	890	0.0	1557
5b38b526-8203-4d22-ac06-ad2c0ca119a4	gb:MH546879|Organism:Influenza	95.996	899	18	16	93	982	890	1	0.0	1445
f93c80fd-1c4f-41ab-837b-aa1782ec4c87	gb:MH546879|Organism:Influenza	96.749	892	16	12	100	980	890	1	0.0	1474
4c7e499e-1359-4480-8a99-781075ce4abd	gb:MH546879|Organism:Influenza	97.755	891	14	6	98	983	890	1	0.0	1530
2748934a-67e4-4d6c-a5e8-f67d17985490	gb:MH546879|Organism:Influenza	97.894	902	5	5	92	991	1	890	0.0	1548
e35839a8-dd6f-43e0-b11f-fc8d50edc298	gb:MN254215|Organism:Influenza	96.300	892	19	9	94	973	1	890	0.0	1452
3e90a626-401b-462b-8cea-0a7b88e37ca0	gb:MT818944|Organism:Influenza	96.305	893	19	10	97	978	890	1	0.0	1454
89bcbe12-4a86-4923-ada7-71e4e612812f	gb:MH546879|Organism:Influenza	97.982	892	14	4	96	985	890	1	0.0	1544
cd877837-b7fa-4497-ba0b-03fa1cc9b8ca	gb:MH546879|Organism:Influenza	97.309	892	14	9	98	982	889	1	0.0	1506
dc97a047-2a0b-4fd7-8492-76425645a618	gb:MH546879|Organism:Influenza	98.315	890	11	3	674	1559	1	890	0.0	1557
0d8a908e-8e06-4168-907f-5e5da5bc5e1e	gb:MH546879|Organism:Influenza	98.541	891	8	3	98	984	1	890	0.0	1568
ace242f2-acd1-41cd-a8a5-4b48416de90c	gb:MH546879|Organism:Influenza	96.081	893	16	13	99	975	1	890	0.0	1437
eb0d06af-f823-4876-abc8-ee5be22f104c	gb:MH546879|Organism:Influenza	97.327	898	14	6	96	991	890	1	0.0	1517
ae38c3a0-9608-4d2d-856f-142f745aa0fb	gb:MH546879|Organism:Influenza	99.214	891	5	2	92	981	1	890	0.0	1605
dfb9c751-bc7a-43e9-9e42-9c44dedccb95	gb:MH546879|Organism:Influenza	95.067	892	17	23	97	963	890	1	0.0	1378
32970a76-ae36-4eeb-a1bc-8dc57d17ed34	gb:MH546879|Organism:Influenza	97.765	895	11	6	100	990	890	1	0.0	1533
81abf6df-fd4d-45e8-a5b5-f7efb1eb2a0a	gb:MH546879|Organism:Influenza	98.318	892	8	5	99	985	890	1	0.0	1557
ae6d779c-84bc-4a40-b227-cfd6aba47c12	gb:MH546879|Organism:Influenza	98.963	868	8	1	92	958	1	868	0.0	1552
113f18df-5092-4990-b706-eb3b31ba2b3d	gb:MH546879|Organism:Influenza	96.544	897	18	7	94	984	1	890	0.0	1472
5da30e5f-d69e-416d-83f6-35fc22967512	gb:MH546879|Organism:Influenza	96.760	895	15	13	103	988	1	890	0.0	1480
b1f73cda-df5c-47f7-a600-d2935ce25d25	gb:MH546879|Organism:Influenza	98.094	892	7	7	99	982	890	1	0.0	1544
069291d9-8ab0-464f-a7d2-32a86980831e	gb:MW872185|Organism:Influenza	97.643	891	8	9	98	976	1	890	0.0	1517
d17b927b-679a-4bb8-8d00-df572cc54c57	gb:MH546879|Organism:Influenza	98.430	892	8	4	98	985	890	1	0.0	1565
d724c1d0-5fc0-48e3-8b42-3156da2aa701	gb:MH546879|Organism:Influenza	96.425	895	19	10	95	981	890	1	0.0	1463
cc54db60-3740-44bf-9892-b08fa39aec26	gb:MH546879|Organism:Influenza	99.101	890	7	1	94	982	1	890	0.0	1598
f2ec0618-4648-4830-b2ae-77b40fff25cb	gb:MH546879|Organism:Influenza	98.090	890	11	3	94	977	1	890	0.0	1544
98057e22-e6b7-4d7e-baa9-497b0dc04acc	gb:MH546879|Organism:Influenza	98.330	898	6	5	94	990	1	890	0.0	1567
8f8e0980-deaf-419e-bf96-daf39da1e2f5	gb:MH546879|Organism:Influenza	97.984	893	9	6	103	989	890	1	0.0	1541
def60d3c-c941-46a3-828a-a658158fabb1	gb:MH546879|Organism:Influenza	97.528	890	18	2	93	978	1	890	0.0	1519
dbea59a2-2422-4d7b-8c41-262c2cc69047	gb:MW872189|Organism:Influenza	98.832	1027	10	2	696	1720	1	1027	0.0	1829
770e5c1b-2f1a-4a6b-a5ff-78c1d0ba589d	gb:MH546879|Organism:Influenza	98.544	893	8	5	92	982	1	890	0.0	1572
4cd143f8-a551-49b3-a6ee-a7ab0d576810	gb:MH546879|Organism:Influenza	97.868	891	15	3	94	981	1	890	0.0	1537
65eba6bf-bd87-45bb-a08d-4bb867a7caa9	gb:MH546879|Organism:Influenza	98.767	892	9	2	92	983	1	890	0.0	1585
3d97aef5-2e6f-4a69-ab89-b59d33297faa	gb:MH546879|Organism:Influenza	94.432	898	31	17	92	978	1	890	0.0	1363
f6b6dbdc-32b4-4c68-bcf0-a3a0d88a1640	gb:MH546879|Organism:Influenza	98.989	890	8	1	95	983	890	1	0.0	1592
23933c34-1e63-47d3-9654-95608e7b6498	gb:MH546879|Organism:Influenza	98.990	891	6	2	93	981	890	1	0.0	1592
d2caf6f5-4df5-4114-9045-4da32d93ee61	gb:MH546879|Organism:Influenza	98.655	892	10	2	99	990	890	1	0.0	1580
d83526ad-2db7-4410-9e84-7b67233918a1	gb:MH546879|Organism:Influenza	98.546	894	9	3	100	993	890	1	0.0	1576
728552dd-2169-435f-8a83-fc425165417b	gb:MH546879|Organism:Influenza	98.432	893	9	5	96	986	1	890	0.0	1567
5557b06a-9e0d-4100-8377-049605782b07	gb:MH546879|Organism:Influenza	98.878	891	7	3	97	985	1	890	0.0	1587
5557b06a-9e0d-4100-8377-049605782b07	gb:MH546879|Organism:Influenza	100.000	98	0	0	1128	1225	1	98	1.53e-43	182
3bb44adb-7774-40aa-a604-bc7daba1d6e6	gb:MH546879|Organism:Influenza	97.216	898	9	13	97	986	1	890	0.0	1506
5debf1a6-a4dc-46ba-909e-c8b12b54810c	gb:MH546879|Organism:Influenza	99.102	891	6	2	88	977	890	1	0.0	1600
a44af21f-4d5a-4193-b2b0-ac2d94a9c6a9	gb:MH546879|Organism:Influenza	98.659	895	6	5	95	988	890	1	0.0	1581
9cf8715c-63e0-45b3-a587-bef1a6a221bf	gb:MH546879|Organism:Influenza	96.536	895	16	12	95	979	890	1	0.0	1467
95c344d4-a075-4437-a001-25f286984049	gb:MH546879|Organism:Influenza	97.297	888	15	8	102	983	6	890	0.0	1498
81ac5f04-9a0a-4a1a-bfba-5d75dd5515d8	gb:MH546879|Organism:Influenza	98.202	890	10	6	94	977	1	890	0.0	1550
5fe00c54-2320-40d7-86ae-2ac24d6a4278	gb:MH546879|Organism:Influenza	98.655	892	9	3	90	980	890	1	0.0	1578
529058d1-a557-4318-8f4b-2e47370aaad9	gb:MH546879|Organism:Influenza	92.411	896	37	25	93	963	1	890	0.0	1249
e14df185-3d60-4da1-9d8c-065ea98c7a90	gb:MH546879|Organism:Influenza	98.652	890	11	1	94	982	890	1	0.0	1576
f1f83d2e-3cb9-4805-be69-107b6797cbfe	gb:MH546879|Organism:Influenza	97.768	896	9	6	95	985	890	1	0.0	1533
07e782bb-0913-4a4a-8467-7371dd26dfd4	gb:MH546879|Organism:Influenza	97.982	892	10	8	101	986	1	890	0.0	1541
bea62848-f54a-493e-a125-e1e45e85b0c4	gb:MT818944|Organism:Influenza	96.081	893	21	12	89	970	1	890	0.0	1443
0915544c-6097-4e0d-95d0-090a276e7170	gb:MH546879|Organism:Influenza	99.213	890	5	2	100	987	890	1	0.0	1604
3c49a6f0-723e-4747-8ea7-0b951b7c973c	gb:MH546879|Organism:Influenza	98.204	891	10	3	92	977	1	890	0.0	1552
155e0554-33d8-4589-84ff-d00354e4dcbc	gb:MH546879|Organism:Influenza	97.640	890	16	4	94	978	1	890	0.0	1522
cbff4dd9-6bf1-4bf1-a081-1bbac969bd54	gb:MT818944|Organism:Influenza	94.314	897	23	24	86	972	890	12	0.0	1349
30d4ea6f-9133-4906-8d02-bd9af8beb43b	gb:MH546879|Organism:Influenza	97.648	893	12	7	92	978	1	890	0.0	1524
8c18b945-1212-4adb-b212-96314bf894bd	gb:MH546879|Organism:Influenza	98.990	891	8	1	95	985	890	1	0.0	1594
97452cb3-dd63-4381-81c8-60f6c561e663	gb:MW872189|Organism:Influenza	95.825	1030	28	10	326	1343	1027	1	0.0	1650
f8b7d773-98ff-47af-92a9-e819d498cd72	gb:MH546879|Organism:Influenza	94.098	898	33	18	88	973	1	890	0.0	1347
0c364e6f-f087-4cb8-bed8-6955627538c1	gb:MH546879|Organism:Influenza	98.991	892	7	2	87	978	1	890	0.0	1596
e51441fb-9afa-445c-b0a1-3cf2d57854de	gb:MH546879|Organism:Influenza	97.430	895	18	4	95	989	890	1	0.0	1520
5ce96795-6213-4cb6-9766-fc29295b6d7f	gb:MH546879|Organism:Influenza	98.430	892	7	5	101	987	890	1	0.0	1563
dca6e3da-8d19-40bc-9367-7d59518e755f	gb:MH546879|Organism:Influenza	97.865	890	11	8	95	976	890	1	0.0	1531
1955bea4-8d77-40ce-9f34-61f2b80e916e	gb:MH546879|Organism:Influenza	96.205	896	17	16	94	978	1	890	0.0	1450
f1edda06-c633-4ad8-a155-07c1cfb261b9	gb:MH546879|Organism:Influenza	98.430	892	9	5	99	987	890	1	0.0	1565
6bf8c791-b1da-4c68-b1f7-ec6518fba81e	gb:MH546879|Organism:Influenza	95.541	897	22	18	99	984	1	890	0.0	1419
bf634fa5-59dc-45cc-b2f5-6ce7d7136d0e	gb:MH546879|Organism:Influenza	95.964	892	15	16	86	958	1	890	0.0	1428
1aa28105-b0a3-4591-b401-e01c23df453f	gb:MH546879|Organism:Influenza	97.753	890	15	5	97	981	890	1	0.0	1528
f24f727b-e200-4cf9-8cb8-8184cb08abee	gb:MH546879|Organism:Influenza	98.876	890	9	1	94	982	890	1	0.0	1587
33ee20ea-46bf-4a82-9036-b8e95f2b62d4	gb:MT818944|Organism:Influenza	97.442	899	12	8	106	1002	890	1	0.0	1522
ff530061-c6a1-4a7f-939e-73bfb1253eb3	gb:MG280159|Organism:Influenza	94.719	890	24	19	80	949	887	1	0.0	1362
76d4c579-7267-4e8a-849b-27f88c01361f	gb:MH546879|Organism:Influenza	97.534	892	10	9	90	971	890	1	0.0	1515
03a178a8-2f39-4c17-ae55-6a29c0312e77	gb:MH546879|Organism:Influenza	98.655	892	9	3	92	982	1	890	0.0	1578
bcaf1c7d-368a-4bb9-bbbc-f376a0c923e2	gb:MH546879|Organism:Influenza	98.878	891	8	2	94	983	890	1	0.0	1589
52bfeb8d-db9e-4419-b3a6-09ad780da85c	gb:MH546879|Organism:Influenza	97.982	892	13	5	96	984	1	890	0.0	1543
a3ed5386-783b-43eb-8a04-13802ed85f8c	gb:MH546879|Organism:Influenza	98.767	892	7	3	94	983	1	890	0.0	1583
06c55a2a-f09a-463b-9cef-a779a652f432	gb:MH546879|Organism:Influenza	96.763	896	12	12	91	975	1	890	0.0	1478
a1f185b2-9942-4040-80d6-6445ee4bee64	gb:MH546879|Organism:Influenza	98.098	894	7	9	89	976	1	890	0.0	1548
32f85bc7-b17b-4175-8667-095fac6b12b5	gb:MH546879|Organism:Influenza	95.243	904	22	18	88	984	890	1	0.0	1411
c33153ee-07c2-4c4e-bc10-f976651065fa	gb:MH546879|Organism:Influenza	94.340	901	29	20	92	981	1	890	0.0	1362
a753aca8-ad64-49f2-8b48-1ce265b2be99	gb:MH546879|Organism:Influenza	97.422	892	10	10	90	970	1	890	0.0	1507
cec23b6b-c0cd-4863-81ce-03416c256fd0	gb:MH546879|Organism:Influenza	97.643	891	16	5	94	980	1	890	0.0	1524
0f64ebde-ef82-4387-b363-78fcf1090364	gb:MH546879|Organism:Influenza	96.421	894	12	14	91	968	1	890	0.0	1456
d30e8967-5cb9-440f-b909-d41ee15d5a54	gb:MH546879|Organism:Influenza	98.655	892	7	5	94	982	1	890	0.0	1576
82dd0ce6-7772-49b8-bc95-59a13eca3354	gb:MH546879|Organism:Influenza	98.429	891	10	2	97	984	890	1	0.0	1565
6e72316b-d494-47b6-aa64-35725bf3076e	gb:MH546879|Organism:Influenza	96.076	892	20	11	91	969	890	1	0.0	1439
76251b90-7020-42bd-b6eb-5acd663e6f49	gb:MH546879|Organism:Influenza	95.955	890	20	10	86	964	890	6	0.0	1430
3d69f753-7602-46d0-8266-741817c6dbdd	gb:MH546879|Organism:Influenza	98.770	894	6	4	92	984	1	890	0.0	1585
68c84f81-a752-497a-931b-c8aaf5e97ccf	gb:MH546879|Organism:Influenza	98.765	891	8	3	94	982	1	890	0.0	1581
51967d22-e731-406c-8450-2eebfe3ab0d4	gb:MH546879|Organism:Influenza	98.092	891	11	3	123	1008	890	1	0.0	1546
8b9ebfb4-df81-4603-a83f-f6c668335ec1	gb:MH546879|Organism:Influenza	96.767	897	14	10	93	981	1	890	0.0	1482
efbd6cdc-28a9-4359-bf53-815224b85dc8	gb:MH546879|Organism:Influenza	95.764	897	23	12	94	982	1	890	0.0	1432
7f29fbea-2b40-4427-bd0e-35c7f6d4b4cb	gb:MK995698|Organism:Influenza	98.094	892	13	4	727	1616	1	890	0.0	1550
72c9e8e2-d107-4f04-aaa3-1b34f64deafc	gb:MK995698|Organism:Influenza	96.756	894	15	10	690	1573	1	890	0.0	1478
59115b65-c46f-45bb-a19d-8f23cf54b32c	gb:MH546879|Organism:Influenza	96.184	891	18	13	112	987	1	890	0.0	1443
ce3902b2-c993-4f66-b809-519a05beee81	gb:MT818944|Organism:Influenza	97.416	890	17	4	92	975	1	890	0.0	1511
003e4720-8cee-4006-b56a-c79bae8ea95d	gb:MH546879|Organism:Influenza	92.984	898	34	22	99	975	1	890	0.0	1282
548b74fb-e679-41a6-aaba-6644826fce0c	gb:MH546879|Organism:Influenza	97.755	891	12	7	97	980	890	1	0.0	1528
5296e762-06f3-4e8f-a22f-ab8565e20e5a	gb:MH546879|Organism:Influenza	98.659	895	5	5	92	984	1	890	0.0	1580
39cbca43-8945-428c-9496-39bc2fef15f8	gb:MH546879|Organism:Influenza	98.094	892	9	6	78	963	890	1	0.0	1546
3a75a123-dd0c-44dc-8af9-e4d80a181471	gb:MH546879|Organism:Influenza	97.648	893	10	7	98	982	1	890	0.0	1522
8e84b223-e3fa-4f3c-9854-557adfec33e0	gb:MH546879|Organism:Influenza	98.991	892	7	2	94	985	890	1	0.0	1596
f7b959b5-3745-4b46-b1ba-0daf2c141ac6	gb:MH546879|Organism:Influenza	97.755	891	15	5	101	987	890	1	0.0	1530
f50b4b8c-8388-4ef3-862e-fc2e1f32b6a9	gb:MH546879|Organism:Influenza	97.207	895	16	7	90	980	1	890	0.0	1506
ca36fb51-6664-427c-a891-ba93018d3aca	gb:MH546879|Organism:Influenza	98.320	893	8	4	102	990	890	1	0.0	1559
3e509070-75ec-4397-a060-1684b3b7b72e	gb:MT818944|Organism:Influenza	95.852	892	23	12	96	975	1	890	0.0	1430
1689a83d-7ebc-46e5-9825-7abee1ca3974	gb:MT824898|Organism:Influenza	94.190	895	24	17	660	1531	1	890	0.0	1339
643a0bdd-6b86-4976-a17c-238f8e8faa3d	gb:JX465632|Organism:Influenza	93.266	891	42	15	92	965	890	1	0.0	1297
92deec74-f626-4b60-a9fe-80bd1f9960d1	gb:MH546879|Organism:Influenza	96.205	896	18	13	101	986	1	890	0.0	1452
78e40b81-362d-4238-be75-4cf85ce51cfa	gb:MH637219|Organism:Influenza	97.630	886	11	8	102	979	884	1	0.0	1511
7818b979-c3d7-4da5-99e9-efb599dda6b3	gb:MT818944|Organism:Influenza	97.550	898	11	9	97	991	1	890	0.0	1526
68f9bf0e-8d69-4bf5-845a-4cfce0dc9891	gb:MH546879|Organism:Influenza	99.326	890	6	0	99	988	1	890	0.0	1611
f36cf2f4-632f-4cbc-9cfa-28b562ddbae1	gb:MH546879|Organism:Influenza	98.206	892	10	4	93	980	890	1	0.0	1554
f011fa09-31f9-45f9-bd2a-95f3b096518c	gb:MH546879|Organism:Influenza	97.111	900	13	10	104	1000	890	1	0.0	1506
2d28fa8c-e3b4-4d76-9086-725fa867528b	gb:MT818944|Organism:Influenza	97.980	891	13	4	99	985	1	890	0.0	1541
2e750fea-8246-4851-8876-849eec9b8389	gb:MH637323|Organism:Influenza	91.448	877	33	27	115	954	18	889	0.0	1166
20391aa6-a050-4845-abdc-0bda4944553e	gb:MH546879|Organism:Influenza	96.235	903	14	15	94	989	1	890	0.0	1461
20091050-922a-4c0c-9e9c-4952171ee689	gb:MH637219|Organism:Influenza	98.188	883	12	4	91	971	881	1	0.0	1539
8aa4e5f0-1442-4be5-83ad-a0d3e0c1db13	gb:MH546879|Organism:Influenza	98.546	894	9	2	99	992	890	1	0.0	1576
8176c201-904a-44dd-8004-fc6ceff6ff4e	gb:MH546879|Organism:Influenza	97.200	893	13	12	94	977	1	890	0.0	1500
87b2bd37-8930-4423-b0e8-8482a41f8c12	gb:MH546879|Organism:Influenza	96.868	894	15	10	100	984	890	1	0.0	1483
600435eb-eda5-405b-9e74-1d2944adb6d7	gb:MH546879|Organism:Influenza	97.763	894	14	5	129	1020	1	890	0.0	1535
8acbe410-33c1-4719-ab51-df562429c2af	gb:MH546879|Organism:Influenza	97.987	894	10	8	88	977	890	1	0.0	1544
055659fc-2277-4815-92ac-69a49573f7cc	gb:MH546879|Organism:Influenza	98.320	893	9	4	92	981	1	890	0.0	1561
1e75ffd7-8845-457b-9a3f-cfb53a712f4c	gb:MH546879|Organism:Influenza	95.455	902	24	14	90	986	1	890	0.0	1423
bfaa0556-8a8e-42ac-ab45-d934b6e2afa4	gb:MH546879|Organism:Influenza	98.092	891	12	4	96	982	1	890	0.0	1546
6ae2b015-c6d2-491b-b4b5-7762520aed56	gb:MH546879|Organism:Influenza	97.868	891	11	6	97	980	1	890	0.0	1533
425b9f22-a894-4c76-9f10-b8efbea7652c	gb:MH546879|Organism:Influenza	97.427	894	15	8	94	983	890	1	0.0	1517
1dd21867-7789-46cf-bcb4-24b22a50ad2c	gb:MH546879|Organism:Influenza	96.753	893	20	8	110	996	1	890	0.0	1480
3f9dc794-ee47-495c-8662-8a8badc047ac	gb:MH546879|Organism:Influenza	98.427	890	12	2	94	981	1	890	0.0	1565
ef911d24-9aab-4d1e-ad5c-74d58526f572	gb:MH546879|Organism:Influenza	97.536	893	13	7	94	980	1	890	0.0	1519
16399b40-2f27-41ce-8878-a8bbed5bfb7c	gb:MH546879|Organism:Influenza	96.532	894	16	11	88	970	890	1	0.0	1465
e601669b-a368-4cd1-a392-7966698b7cba	gb:MT818944|Organism:Influenza	95.551	899	20	13	92	979	1	890	0.0	1421
e1d28f6f-7ddb-4411-ba59-6ec9b5f7201f	gb:KJ756707|Organism:Influenza	88.229	892	85	16	98	976	885	1	0.0	1048
c96e3759-336c-429d-b446-69ac1fa1e169	gb:MH546879|Organism:Influenza	97.318	895	9	13	93	977	1	890	0.0	1506
1f695162-6a74-4d6f-a78d-451fb8b892e6	gb:MH546879|Organism:Influenza	98.204	891	14	2	90	979	1	890	0.0	1555
1f0f48dd-7ce3-4fe7-b6c5-ea2c46f88090	gb:MH546879|Organism:Influenza	97.085	892	17	7	92	976	890	1	0.0	1495
7228d85d-9a81-4cb7-a8ad-e1c052f4a7c1	gb:MH546879|Organism:Influenza	99.103	892	6	1	91	982	1	890	0.0	1602
9f9ea1c0-da35-445f-8167-5bfbc7700310	gb:MT818953|Organism:Influenza	96.641	893	13	12	96	974	890	1	0.0	1467
40e0ef73-c4c9-4e71-b43f-3d14010a70e8	gb:MH546879|Organism:Influenza	98.090	890	14	3	94	980	1	890	0.0	1546
0934aee9-246d-488e-8910-5fe4e22ec074	gb:MH546879|Organism:Influenza	98.320	893	11	4	91	982	890	1	0.0	1563
1cf7e806-f0aa-47e5-b88c-c8699584706e	gb:MH546879|Organism:Influenza	97.185	888	11	10	96	972	890	6	0.0	1489
86ebb4db-d786-4975-acc6-999c36a223a2	gb:MH546879|Organism:Influenza	97.758	892	8	8	103	984	1	890	0.0	1526
83e176fa-a905-48fe-b85c-1ee59fe3589e	gb:CY196133|Organism:Influenza	92.890	872	31	27	134	981	1	865	0.0	1238
8d51abe1-c4ae-4218-8b38-e6ad80b42bb4	gb:MH546879|Organism:Influenza	98.659	895	7	1	101	995	890	1	0.0	1581
69cd4dca-395f-48b8-9ba2-91a652c6e775	gb:MH546879|Organism:Influenza	99.438	890	5	0	99	988	1	890	0.0	1616
f0074711-b9a4-4fcd-a4b2-597b84e79aca	gb:MK995698|Organism:Influenza	97.545	896	14	8	709	1602	890	1	0.0	1526
0cc7a443-e123-4248-bbd0-8b89a7bbf840	gb:MT818944|Organism:Influenza	95.847	891	19	12	91	970	1	884	0.0	1424
71d0e3a4-1977-478e-bf3e-c64f6839c7b4	gb:MH546879|Organism:Influenza	99.438	890	4	1	94	982	890	1	0.0	1615
2d2d2b48-12c0-4e70-8d97-cb881f43b269	gb:MH546879|Organism:Influenza	97.646	892	14	6	98	984	890	1	0.0	1524
873b8b97-1326-4001-9b5b-94780c0ef95a	gb:MH546879|Organism:Influenza	92.367	904	39	23	121	1008	890	1	0.0	1260
63681ed6-1beb-405f-9c78-13d6104a528b	gb:MH546879|Organism:Influenza	98.653	891	5	5	93	977	1	890	0.0	1572
216aa419-0542-477b-a218-0ccbb430177a	gb:MH546879|Organism:Influenza	98.430	892	9	5	120	1008	1	890	0.0	1565
c8229e37-d256-4f66-8192-1d942e3b1073	gb:MH546879|Organism:Influenza	98.768	893	8	2	677	1569	890	1	0.0	1585
068ef2ad-a2f4-492b-81ef-d47b89ec4aba	gb:OL461729|Organism:Influenza	95.473	994	13	24	724	1697	1	982	0.0	1557
13d52539-f455-457c-9599-f7256bb5a41c	gb:MH546879|Organism:Influenza	99.101	890	8	0	93	982	890	1	0.0	1600
d6572914-4927-4afe-aaa7-3597fb9297a1	gb:MH546879|Organism:Influenza	98.320	893	9	5	100	989	1	890	0.0	1561
0cea4812-9999-4634-b3a4-ea258982ef56	gb:MH546879|Organism:Influenza	98.543	892	10	3	91	981	890	1	0.0	1572
39a07681-6c20-4878-92af-b6ef00c53a12	gb:MT818944|Organism:Influenza	99.101	890	7	1	95	983	1	890	0.0	1598
4fa23678-0ba0-4e19-9311-9a714448c704	gb:MH546879|Organism:Influenza	95.982	896	15	16	100	980	890	1	0.0	1435
91539c9b-ac94-40ee-b6ea-e5f31e9ac5da	gb:MH546879|Organism:Influenza	95.871	896	21	12	88	973	890	1	0.0	1435
b39dbefb-c750-4779-b5b7-bfbf391df272	gb:MH546879|Organism:Influenza	97.427	894	10	7	85	969	890	1	0.0	1511
610ca1da-a79a-456a-8ef2-48c273b6da47	gb:MH546879|Organism:Influenza	97.980	891	9	7	96	978	1	890	0.0	1537
642205ea-f6a7-4ec2-a1ad-c891a2ed9f2d	gb:MH546879|Organism:Influenza	97.082	891	12	11	94	971	1	890	0.0	1489
72bd6d01-096c-4a4d-85d8-74157cea3577	gb:MH637219|Organism:Influenza	97.172	884	15	9	109	986	880	1	0.0	1485
d37912a9-7379-4ed8-96ed-7398eceb8301	gb:MH546879|Organism:Influenza	97.755	891	11	7	95	977	1	890	0.0	1526
6fc4207a-723f-4670-9316-421646b0a8a3	gb:MH546879|Organism:Influenza	97.646	892	17	4	101	990	890	1	0.0	1528
2ad00ed5-f0a1-44b6-b57a-d934bc30ffea	gb:MK236956|Organism:Influenza	93.333	1575	65	33	334	1882	1	1561	0.0	2290
65a58a77-e711-411c-8bab-6073a51c1d7c	gb:MT824898|Organism:Influenza	98.202	890	13	3	1283	2169	1	890	0.0	1552
8ae83817-ab7d-4458-abd8-d8b3eeaab025	gb:MH546879|Organism:Influenza	98.216	897	8	4	107	1002	1	890	0.0	1561
efe3c3dd-b2ea-431c-ab60-c25ae230d92e	gb:MH546879|Organism:Influenza	98.767	892	7	4	95	984	890	1	0.0	1583
c146e7c8-2a09-493a-8c3e-67183b7172c9	gb:MH546879|Organism:Influenza	97.872	893	9	9	95	980	890	1	0.0	1535
e4ac3b84-fa73-4ee0-958c-dcfeabbc57b8	gb:MH546879|Organism:Influenza	97.324	897	10	6	92	981	890	1	0.0	1511
c8ca8f11-915b-4fe4-8f6a-4f666c28e800	gb:MT818944|Organism:Influenza	97.980	891	14	4	96	983	1	890	0.0	1543
2669306f-5482-4efd-9a1e-4081a749884a	gb:MH546879|Organism:Influenza	98.543	892	10	3	89	979	1	890	0.0	1572
d7abf674-c268-4b60-94b1-fae74384be88	gb:MH546879|Organism:Influenza	98.208	893	8	6	96	983	1	890	0.0	1554
276f3706-16e5-487d-9b9b-48f432cc2c03	gb:MH546879|Organism:Influenza	98.092	891	11	5	91	976	890	1	0.0	1546
aeee3eb9-c4a0-43cd-8643-5426f86dda38	gb:MH546879|Organism:Influenza	95.281	890	23	12	98	968	1	890	0.0	1393
c11c534e-1a8b-4ecc-8965-fff60e34a879	gb:MH546879|Organism:Influenza	97.315	894	14	9	704	1591	1	890	0.0	1509
fa573381-ed13-45f4-8a3d-c4c63661ceb0	gb:MH546879|Organism:Influenza	98.767	892	7	4	132	1021	1	890	0.0	1583
05926e6d-7b9b-4884-9c6e-0a12e74968c4	gb:MH546879|Organism:Influenza	95.174	891	19	12	94	961	890	1	0.0	1386
06ab0eb2-376e-44fb-9d42-0a5d1aba676a	gb:MH546879|Organism:Influenza	97.863	889	10	9	97	976	889	1	0.0	1528
4665cabc-418a-4261-b2ea-9cc76468b83c	gb:MH546879|Organism:Influenza	98.656	893	6	3	136	1025	1	890	0.0	1578
0d6c66e2-8dc3-484e-97b2-3ed203006c82	gb:MH546879|Organism:Influenza	99.101	890	8	0	96	985	890	1	0.0	1600
ce719fc8-e8e9-4b11-a64e-d395420127db	gb:MH546879|Organism:Influenza	94.407	894	19	25	85	951	1	890	0.0	1345
0ec83fc9-f30e-48dc-ab07-18bca643feaa	gb:MH546879|Organism:Influenza	98.655	892	9	3	93	983	890	1	0.0	1578
90bd18d9-e66b-4207-b53d-1cbd6f41e1a0	gb:MH546879|Organism:Influenza	97.760	893	15	5	94	984	890	1	0.0	1533
baee5796-5a09-4eeb-85a5-818be2c76edb	gb:MH546879|Organism:Influenza	97.315	894	16	5	101	990	890	1	0.0	1511
b6a8ee11-716c-41cb-8ffa-500830faa99f	gb:MW872185|Organism:Influenza	90.423	898	48	31	98	965	1	890	0.0	1147
aa552442-29be-4c21-aa69-1717031b72ca	gb:MH546879|Organism:Influenza	97.416	890	13	8	132	1011	1	890	0.0	1507
43141b0e-6c8c-4599-8724-1728397fe867	gb:MH546879|Organism:Influenza	98.206	892	11	4	96	984	890	1	0.0	1554
c1a7ea35-b1f2-48a9-964b-0053ffbd917b	gb:MH546879|Organism:Influenza	99.326	890	6	0	693	1582	1	890	0.0	1611
2256bf15-01be-4937-bca7-71130a658019	gb:MH546879|Organism:Influenza	98.876	890	8	2	122	1009	1	890	0.0	1587
27c0331b-f853-4cac-a0af-362e037834a9	gb:MH546879|Organism:Influenza	97.640	890	15	5	92	975	1	890	0.0	1522
c8032264-94b8-4276-b08a-db4685e72ddc	gb:MH546879|Organism:Influenza	94.072	894	34	16	99	977	1	890	0.0	1339
a795f51c-ed30-4476-b5ac-4ef239bbe42b	gb:MH546879|Organism:Influenza	98.544	893	9	3	88	979	1	890	0.0	1574
48fdb724-e1e3-48fa-830c-2a598828d74e	gb:MH546879|Organism:Influenza	92.642	897	39	24	133	1009	890	1	0.0	1266
745dfb15-3d4f-4da7-a743-2ff3b8358ce0	gb:MK995698|Organism:Influenza	91.153	893	28	32	709	1553	890	1	0.0	1164
d491286b-b886-46f8-ae5c-7f5434ddb207	gb:MH546879|Organism:Influenza	97.987	894	11	6	90	980	890	1	0.0	1544
8fb660f3-d121-4b06-aa3e-70754dacec55	gb:MH546879|Organism:Influenza	98.202	890	14	2	97	984	1	890	0.0	1554
8062340c-f666-42a1-9f7f-a1c3b607b165	gb:MH546879|Organism:Influenza	99.096	885	7	1	88	971	6	890	0.0	1589
9a7403c1-ea18-4bc6-bed4-a7477ae9eef9	gb:MH637140|Organism:Influenza	97.982	892	12	3	93	980	1	890	0.0	1543
f441ecc2-19d4-4802-988e-23e0f755120c	gb:MW872189|Organism:Influenza	98.735	1028	9	3	671	1695	1027	1	0.0	1823
08fe8f92-a463-4ad4-aecc-f69d33f6e70a	gb:MH546879|Organism:Influenza	97.648	893	9	10	91	974	890	1	0.0	1522
63338a16-6a96-45a2-a5f2-a6287cd15a2f	gb:MH546879|Organism:Influenza	98.541	891	8	4	89	975	1	890	0.0	1568
966da094-61bf-413a-ae83-a79649fe4610	gb:MH546879|Organism:Influenza	98.767	892	6	4	94	982	890	1	0.0	1581
2d042ed4-aa66-4967-9906-584d163d270d	gb:MH546879|Organism:Influenza	98.656	893	9	2	93	985	890	1	0.0	1580
f3d2a31d-41e0-4245-98f6-dd8ec3ca5125	gb:MH546879|Organism:Influenza	98.098	894	10	5	97	987	890	1	0.0	1550
26404ef8-bfbf-4c1c-8839-9e962a1b6752	gb:MW872185|Organism:Influenza	95.740	892	27	10	99	981	1	890	0.0	1426
061ac833-3b5c-47c8-b90a-22ad7c5fcf7a	gb:MH546879|Organism:Influenza	96.076	892	20	10	92	970	1	890	0.0	1439
94fd9e73-a69a-4455-9288-30e5be93b0d8	gb:MH546879|Organism:Influenza	97.980	891	13	5	93	979	890	1	0.0	1541
38881ea8-f558-4db1-ab0b-0b351fff3781	gb:MH546879|Organism:Influenza	97.755	891	14	5	89	974	1	890	0.0	1530
18edddfc-c2f5-48f1-8dcc-4675d7f1f4d6	gb:MH546879|Organism:Influenza	98.429	891	6	6	115	998	1	890	0.0	1561
9630a8fe-185a-4083-8dea-c42b5b23a80e	gb:MH546879|Organism:Influenza	95.875	897	16	12	101	983	890	1	0.0	1432
23c9bc34-8c52-4599-b69b-66d6e12f8fc9	gb:MH546879|Organism:Influenza	98.765	891	9	2	124	1013	890	1	0.0	1583
a69b0e45-ff77-48c5-916b-4a718989b6e9	gb:MH546879|Organism:Influenza	98.206	892	10	6	93	980	1	890	0.0	1554
682e849f-07e6-43a3-b1ea-66042477d222	gb:MH546879|Organism:Influenza	96.637	892	19	10	78	960	1	890	0.0	1471
6a9804d6-9f1d-4447-824c-fa40fdd50c99	gb:MT818944|Organism:Influenza	97.539	894	11	7	95	981	1	890	0.0	1519
aa910c90-3c5c-40e6-ad53-cf7cffbb00a7	gb:MH546879|Organism:Influenza	97.656	896	14	7	91	985	1	890	0.0	1531
4074af19-ac83-4b42-bd74-ed462ecd1f9a	gb:MK995698|Organism:Influenza	98.653	891	8	4	1322	2209	890	1	0.0	1576
63578db4-c45b-41b9-8424-cac00cb23cf7	gb:MH546879|Organism:Influenza	95.100	898	22	19	88	971	1	890	0.0	1395
059694a1-7b80-44ee-ae9a-6d578a144391	gb:MN937707|Organism:Influenza	92.396	868	36	25	140	984	861	1	0.0	1210
531989a6-a111-4f67-867b-7c22746ec9ae	gb:MH546879|Organism:Influenza	98.101	895	11	4	94	987	1	890	0.0	1554
964f0516-8f7d-4ea1-af26-e8cbba34e54e	gb:MH546879|Organism:Influenza	98.653	891	10	2	94	983	890	1	0.0	1578
5d836fe4-bcb1-457c-998f-31089505e81d	gb:MH412413|Organism:Influenza	97.570	1029	14	8	1279	2300	1025	1	0.0	1751
2aa099b4-b338-4d66-8441-c2376ee7c5ac	gb:MH546879|Organism:Influenza	98.541	891	9	3	92	979	1	890	0.0	1570
2cf66015-83ad-4910-975d-225722084cb7	gb:MH546879|Organism:Influenza	98.658	894	8	2	98	991	1	890	0.0	1581
81299e58-a917-4591-b3a4-520cb580b8e1	gb:MH546879|Organism:Influenza	96.180	890	17	9	97	975	1	884	0.0	1439
4652385d-5234-42fa-8a4b-6593d83de378	gb:MH546879|Organism:Influenza	98.429	891	12	2	100	989	890	1	0.0	1567
075482ca-2f01-4ab4-8a6b-69cff3a2a5ab	gb:MH546879|Organism:Influenza	98.764	890	7	3	100	985	890	1	0.0	1580
ca6c95c4-61c8-4b1d-8195-2879acee25c3	gb:MH546879|Organism:Influenza	98.318	892	9	5	99	986	890	1	0.0	1559
7b4bfe6c-c968-4f76-b989-ddebbb01e75c	gb:MH546879|Organism:Influenza	96.275	886	20	12	102	979	890	10	0.0	1441
e89c61cf-b7c2-4f7a-b222-17e6c2d90886	gb:MK995698|Organism:Influenza	97.422	892	15	7	1314	2199	1	890	0.0	1513
55f64344-9cca-4faa-8076-207b94dacca3	gb:MH546879|Organism:Influenza	97.763	894	14	6	96	987	1	890	0.0	1535
022880ec-42bb-4b4d-a547-211827f517eb	gb:MH546879|Organism:Influenza	98.109	899	7	8	99	996	890	1	0.0	1557
2fcac861-f024-4ba1-86ae-31c6a89f79bb	gb:MT565522|Organism:Influenza	96.605	324	4	6	796	1113	1243	1565	1.22e-148	531
2fcac861-f024-4ba1-86ae-31c6a89f79bb	gb:MT565522|Organism:Influenza	93.939	132	3	4	677	805	1	130	1.82e-47	195
79a37ba5-603d-4ed1-b99d-4f5095e0d328	gb:MH546879|Organism:Influenza	97.745	887	11	5	100	980	7	890	0.0	1519
5726a238-b028-442d-a75c-4e3f3a641ca9	gb:MH546879|Organism:Influenza	98.768	893	8	1	92	984	1	890	0.0	1585
173793e6-7713-4889-82f8-c07fd846b749	gb:MH546879|Organism:Influenza	96.525	892	13	10	92	967	1	890	0.0	1459
d729a940-9a19-438c-880e-a2e0d11911d4	gb:MH546879|Organism:Influenza	98.434	894	9	5	94	986	1	890	0.0	1568
1f15ea00-0c41-46c9-a1f9-9c53279697a4	gb:MH546879|Organism:Influenza	98.315	890	9	6	92	975	1	890	0.0	1555
4439eaab-6bcb-45ac-bed4-417f6c5c2892	gb:MH546879|Organism:Influenza	98.767	892	8	3	98	988	890	1	0.0	1583
8b354741-cfe7-4739-9cee-b9fa3f23095f	gb:MH546879|Organism:Influenza	95.354	904	20	18	93	988	1	890	0.0	1417
b9fbcfb3-c22e-4396-a3f5-d8c74f4777c2	gb:MH546879|Organism:Influenza	97.422	892	8	10	91	969	1	890	0.0	1506
028c8c40-35a1-45d1-90c0-8ae542aa388c	gb:MT818944|Organism:Influenza	98.098	894	10	7	97	987	1	890	0.0	1550
96dfd796-1590-453a-9cae-71f0fc8d5639	gb:MH546879|Organism:Influenza	97.982	892	13	4	97	985	1	890	0.0	1543
49f8a235-df74-48d5-963d-8ebd0789878f	gb:MH546879|Organism:Influenza	98.326	896	8	4	103	997	890	1	0.0	1565
60f88fe5-9c86-4ed9-b069-305b80e42c78	gb:MH546879|Organism:Influenza	96.760	895	17	10	94	981	890	1	0.0	1482
719e9925-996d-40dd-8c81-d133c588cde6	gb:MH546879|Organism:Influenza	96.201	895	20	8	1285	2170	1	890	0.0	1452
213abb2b-1c3c-44d4-bdf2-d098c6541cd5	gb:MH546879|Organism:Influenza	99.102	891	6	2	99	988	890	1	0.0	1600
25ae61ee-f2bb-4aaa-a5ea-84220f7a48ac	gb:MH637219|Organism:Influenza	97.176	602	12	4	351	949	600	1	0.0	1013
25ae61ee-f2bb-4aaa-a5ea-84220f7a48ac	gb:MH637219|Organism:Influenza	90.345	145	9	5	100	241	886	744	4.62e-45	185
34c16eac-e089-4288-be8f-c618a3ab285e	gb:KT887335|Organism:Influenza	94.743	894	21	16	88	959	1	890	0.0	1367
4584322f-e848-4b90-b595-d8580a5db07c	gb:MH546879|Organism:Influenza	98.429	891	7	6	100	984	1	890	0.0	1561
fbd5f788-4822-4427-909d-45b27704e703	gb:MH546879|Organism:Influenza	97.882	897	10	8	99	993	1	890	0.0	1543
