0d097e42-2f20-4262-b1e3-34f009147ade	gb:MH546879|Organism:Influenza	94.007	901	29	18	697	1583	890	1	0.0	1341
fd97813a-7e1a-4d89-ba8b-a2bd91ad4de3	gb:MH412413|Organism:Influenza	95.837	1033	19	20	3324	4340	1025	1	0.0	1648
5caa00ad-0248-4a25-b605-9cdee75c577e	gb:MK995698|Organism:Influenza	98.652	890	8	3	1256	2141	1	890	0.0	1574
ee957928-c32d-419a-a0b7-b4a57bcdd731	gb:MW872189|Organism:Influenza	97.864	1030	10	9	698	1718	1027	1	0.0	1770
cf13e4f4-68eb-40b6-ba16-7e661a3e38d8	gb:MW872189|Organism:Influenza	92.582	1038	40	30	703	1717	1024	1	0.0	1456
76810f87-7340-4105-b996-5e342987557c	gb:MH546986|Organism:Influenza	98.901	273	2	1	758	1029	1961	2233	1.90e-135	486
92705629-1d7a-442b-a83c-ed039205e88a	gb:MN988363|Organism:Influenza	88.485	825	41	38	718	1499	7	820	0.0	948
85c5a1ed-78dd-4b91-9b31-564d0ce9f335	gb:MH412413|Organism:Influenza	99.024	1025	8	2	649	1671	1025	1	0.0	1836
9c003925-e5f1-4dd4-ac0b-c8c7c83fe133	gb:MK995698|Organism:Influenza	97.427	894	14	7	3344	4232	890	1	0.0	1515
bcd5bf30-6e83-4a62-83ba-a18625ab59b3	gb:MK995698|Organism:Influenza	97.991	896	11	5	667	1561	1	890	0.0	1548
92d48033-fdf9-4a57-9a78-879db11637bf	gb:MW872189|Organism:Influenza	97.769	1031	11	11	2590	3612	1027	1	0.0	1766
b6b06097-11e3-45f7-8709-8de4cfce164d	gb:MW872189|Organism:Influenza	96.501	1029	17	12	1682	2693	1027	1	0.0	1683
5de3fe8a-de67-4dc3-af93-3e0416863ac0	gb:MW875018|Organism:Influenza	96.861	669	12	8	673	1337	1	664	0.0	1110
8e667856-86ca-403b-9224-ff2a14fcbe90	gb:MT658157|Organism:Influenza	96.332	518	12	6	673	1187	1	514	0.0	845
c64165fb-7f8a-480e-b049-69ac16e70d3a	gb:MT825055|Organism:Influenza	96.117	1030	23	13	642	1657	1027	1	0.0	1664
3817c766-9d70-43be-a4fb-25aaf394f6f4	gb:MH546879|Organism:Influenza	96.749	892	17	9	679	1560	890	1	0.0	1476
2f70ab17-9e68-4cf0-ae28-75da3d462a83	gb:MW872189|Organism:Influenza	97.184	1030	19	8	682	1704	1027	1	0.0	1733
0e7bff08-f748-4d85-98ec-0b7fc2ef98e6	gb:MH546879|Organism:Influenza	97.531	891	10	8	677	1556	890	1	0.0	1513
aa640d5f-1de9-49e5-a112-3afef262cf70	gb:MT565729|Organism:Influenza	98.348	1029	8	5	667	1688	1027	1	0.0	1797
8abb5a59-ff65-481c-b374-ccc11975ec39	gb:MT825055|Organism:Influenza	98.637	1027	11	3	683	1706	1	1027	0.0	1816
513b27d9-b268-48cf-8d56-7e424cfcc50a	gb:MH546879|Organism:Influenza	98.543	892	8	4	681	1569	890	1	0.0	1570
cb7482db-3c10-44f7-bf48-420f6299485f	gb:MK995698|Organism:Influenza	98.652	890	9	2	708	1594	890	1	0.0	1574
803e2fb0-099d-423f-ba7d-9c410260f9be	gb:MW872189|Organism:Influenza	97.115	1040	12	13	698	1732	1	1027	0.0	1738
9128f47c-b8a7-46e2-b439-bcf90235cffe	gb:MH546879|Organism:Influenza	97.539	894	14	6	1230	2119	890	1	0.0	1522
85bbc2f7-7cc9-43e8-bc4c-81eb3a1d733d	gb:MH546879|Organism:Influenza	98.434	894	10	3	2884	3777	890	1	0.0	1570
85bbc2f7-7cc9-43e8-bc4c-81eb3a1d733d	gb:MH546879|Organism:Influenza	96.753	893	21	8	1849	2736	1	890	0.0	1482
b9828bc9-169e-40ed-a4c7-608e04777b04_1	gb:MK345707|Organism:Influenza	98.109	1005	11	8	3466	4465	1002	1	0.0	1744
fef84533-2b92-4248-a4c4-910a4b1749b6	gb:MW872189|Organism:Influenza	98.504	468	4	1	607	1071	468	1	0.0	822
238ba956-f216-4103-9571-0ab97ffccd70	gb:MW872189|Organism:Influenza	97.573	1030	14	9	1321	2342	1027	1	0.0	1753
0eb94cad-8ba8-4e93-8554-1138fcf487ac	gb:MW872189|Organism:Influenza	97.963	1031	15	6	2434	3462	1027	1	0.0	1783
2cf4287f-c296-4c44-815d-f57431ede9b8	gb:MH546879|Organism:Influenza	97.760	893	9	8	696	1580	1	890	0.0	1528
302a0145-e47a-403d-976d-5cb9c2b96652	gb:MH546879|Organism:Influenza	97.870	892	13	6	1294	2181	890	1	0.0	1537
7bcc0a91-07b6-4032-9f01-5e8396d493d9	gb:MT565680|Organism:Influenza	97.959	1029	15	6	11711	12735	1	1027	0.0	1779
73983997-a361-4ecc-974b-38c3dddd12f6	gb:MW872189|Organism:Influenza	93.023	1032	35	29	672	1671	1	1027	0.0	1472
79bfe4be-b89d-4728-9b4e-63e305309416	gb:MH412413|Organism:Influenza	98.830	1026	7	1	670	1695	1025	5	0.0	1823
648d3598-a5b2-44e4-903a-6cba071b5756	gb:MH412413|Organism:Influenza	98.634	1025	7	3	1886	2903	1025	1	0.0	1808
5fe95c7e-920f-44b8-8d0e-25d429cd3a87	gb:MH546879|Organism:Influenza	94.358	904	27	17	1240	2133	1	890	0.0	1365
111a857d-bbf5-4593-a0e4-05bff603ed8b	gb:MH546879|Organism:Influenza	98.096	893	11	4	689	1578	1	890	0.0	1550
fc515582-8eec-4d06-927b-a7aa76f9b8b4	gb:MW872189|Organism:Influenza	99.786	467	1	0	1241	1707	1027	561	0.0	857
