a05342ae-4336-4006-b9ab-d027daa90db2	gb:MH412413|Organism:Influenza	99.220	1026	4	3	9642	10664	1	1025	0.0	1847
a05342ae-4336-4006-b9ab-d027daa90db2	gb:MH412413|Organism:Influenza	98.056	1029	13	7	71055	72080	1	1025	0.0	1783
a05342ae-4336-4006-b9ab-d027daa90db2	gb:MH412413|Organism:Influenza	98.579	563	5	3	69809	70369	1025	464	0.0	992
a05342ae-4336-4006-b9ab-d027daa90db2	gb:MH412413|Organism:Influenza	96.373	386	8	5	64233	64618	1	380	3.80e-177	630
dd6e28b9-9969-41e6-b9b8-2559a4c60ef4	gb:MN253783|Organism:Influenza	90.452	775	41	26	903	1649	770	1	0.0	990
dd6e28b9-9969-41e6-b9b8-2559a4c60ef4	gb:MN253783|Organism:Influenza	92.611	203	7	7	687	885	1027	829	1.30e-74	285
144d865b-a7f8-49bb-ad5c-88e79d52b7d7	gb:MK995698|Organism:Influenza	98.427	890	8	5	691	1574	1	890	0.0	1561
06bca0d7-9372-477f-8a94-73f9d118e491	gb:MW875018|Organism:Influenza	97.260	584	8	3	638	1215	582	1	0.0	983
a4d41357-4803-456b-9488-954b2a4cab2b	gb:MK236956|Organism:Influenza	95.972	1564	43	13	531	2080	1	1558	0.0	2521
824a5697-5f21-4880-be74-f01401284b93	gb:MT824840|Organism:Influenza	90.456	241	9	10	1277	1504	1	240	1.00e-80	305
824a5697-5f21-4880-be74-f01401284b93	gb:MT824840|Organism:Influenza	78.448	232	20	17	1483	1689	240	14	3.01e-26	124
8b0ac43a-c303-46dc-ab8b-ade15843302a	gb:MK995698|Organism:Influenza	98.989	890	8	1	1731	2619	1	890	0.0	1592
8b0ac43a-c303-46dc-ab8b-ade15843302a	gb:MK995698|Organism:Influenza	74.505	910	192	35	673	1562	890	1	8.42e-97	359
7afd0488-d2b4-43c1-a7eb-ff57c8401669	gb:MH412413|Organism:Influenza	95.924	1006	19	19	1884	2875	1025	28	0.0	1611
1812f78e-c46e-4758-a3da-70c8ed29963f	gb:MW873892|Organism:Influenza	97.872	188	3	1	658	845	1	187	1.45e-86	324
104865d2-cb98-4638-83b0-ebe067d46a53	gb:MW872189|Organism:Influenza	98.931	1029	7	4	614	1640	1	1027	0.0	1836
a945f95a-d2d6-4ff1-a33f-9c3e1f36301e	gb:MK995698|Organism:Influenza	96.548	898	13	14	2353	3240	1	890	0.0	1471
a945f95a-d2d6-4ff1-a33f-9c3e1f36301e	gb:MK995698|Organism:Influenza	96.421	894	15	14	1320	2200	1	890	0.0	1458
352fc0f7-4c15-4341-aa71-fa1ba21cc22c	gb:MW872189|Organism:Influenza	93.173	1040	30	32	662	1673	1027	1	0.0	1489
3fffc1c6-18b3-4883-ba67-5f08d1c415fd	gb:MH546879|Organism:Influenza	97.143	875	17	8	1150	2019	872	1	0.0	1471
2d5fdc35-3e37-4890-8ce5-5d2df998b4a9	gb:MT824673|Organism:Influenza	96.712	1460	31	13	689	2138	1453	1	0.0	2414
b6701a99-5969-42f8-ae04-82fb5fcb47dd	gb:MK913496|Organism:Influenza	93.758	1474	58	22	681	2133	1461	1	0.0	2182
4c22c518-1344-4efc-b184-b72936bc2282	gb:MT565522|Organism:Influenza	95.950	321	7	4	839	1159	1251	1565	2.60e-144	516
4c22c518-1344-4efc-b184-b72936bc2282	gb:MT565522|Organism:Influenza	86.992	123	11	5	711	831	1	120	3.06e-29	134
92a364a6-1ea8-445c-bab1-ab194ce286ca	gb:MW872189|Organism:Influenza	97.769	1031	12	9	674	1697	1027	1	0.0	1766
cd57cc1b-1d55-4143-b355-c880faa4c20b	gb:MT565522|Organism:Influenza	97.239	326	3	5	791	1113	1243	1565	8.98e-154	547
cd57cc1b-1d55-4143-b355-c880faa4c20b	gb:MT565522|Organism:Influenza	96.923	130	2	2	673	800	1	130	2.88e-54	217
9d1f27be-f11e-4a6a-a893-ac4c0b805905	gb:MT818944|Organism:Influenza	95.526	894	25	11	693	1575	1	890	0.0	1415
f20181c2-ce3c-4a45-af40-ec90e5b93690	gb:MW872189|Organism:Influenza	97.965	1032	12	7	668	1695	1	1027	0.0	1781
a16f338e-7dd1-4890-9edf-48aa3861736c	gb:MH546879|Organism:Influenza	98.318	892	9	5	405	1292	890	1	0.0	1559
fbdfee8b-7c34-4ef7-bb02-1a5043e4899c	gb:MK236956|Organism:Influenza	96.556	1568	39	11	677	2236	1561	1	0.0	2582
f03fc7be-c50e-4b5a-883f-641f3946f123	gb:MK995698|Organism:Influenza	98.765	891	8	3	690	1578	890	1	0.0	1581
8e9357ee-bb81-4aa8-b580-1900a869d7d2	gb:MH637219|Organism:Influenza	96.469	878	16	10	1275	2145	870	1	0.0	1435
30c8965e-5374-40b3-b75e-51d335acd30b	gb:MW872189|Organism:Influenza	97.568	1028	13	5	680	1696	1027	1	0.0	1749
a0e1d0d5-28ec-429c-b5d5-9529b1d6e021	gb:MH546879|Organism:Influenza	97.547	897	13	7	670	1564	890	1	0.0	1526
328cb5d9-42f7-4b89-81e5-e856304b118a	gb:MW872189|Organism:Influenza	96.712	365	3	8	288	644	1027	664	3.96e-169	599
14332959-6943-47f9-8b9f-a4d448cc775b	gb:EU743075|Organism:Influenza	94.035	855	34	11	680	1520	1	852	0.0	1280
ad2d4d63-d8d8-4b1f-b575-d45ea142b42b_1	gb:MK995821|Organism:Influenza	94.831	890	24	16	1057	1927	4	890	0.0	1369
ad2d4d63-d8d8-4b1f-b575-d45ea142b42b_1	gb:MK995821|Organism:Influenza	97.561	41	1	0	3531	3571	41	1	6.67e-10	71.3
edc2e21c-7599-4d2b-ac70-bd26c4364de6	gb:MH546879|Organism:Influenza	97.222	792	12	10	2415	3197	890	100	0.0	1332
2e7d6803-8fbc-4cca-901b-3ecb31c0e02c	gb:MH637140|Organism:Influenza	94.513	893	35	12	1487	2368	1	890	0.0	1365
4fd69611-98b8-48c3-adba-87a2aec2cb0d	gb:MW872189|Organism:Influenza	99.124	1027	7	2	685	1709	1	1027	0.0	1845
4b931df9-3943-4833-ac0f-03915c9882b0	gb:MT824893|Organism:Influenza	99.317	293	0	2	672	963	736	1027	4.15e-148	529
c310d7ec-b631-4a6d-a88f-0990aa378d72	gb:HM370966|Organism:Influenza	96.911	518	8	6	494	1007	514	1	0.0	861
a1e701b5-9280-4872-9b43-fe5fd88193ca	gb:MH546879|Organism:Influenza	97.207	895	13	11	1874	2763	1	888	0.0	1504
e68d1860-2b04-4556-84d0-7531f39b96d8	gb:MH546879|Organism:Influenza	99.438	890	5	0	649	1538	890	1	0.0	1616
69d0732c-8025-4964-a9d3-abffd7b7a0fc	gb:MH546879|Organism:Influenza	97.755	891	13	5	1006	1890	1	890	0.0	1528
d97cf890-8924-42d8-a271-1486a9c20033	gb:HM370968|Organism:Influenza	96.186	236	6	3	1261	1496	1333	1565	3.49e-104	383
fe35f949-2ef1-4863-9b23-a54c780af667	gb:MK913496|Organism:Influenza	95.501	1467	52	11	655	2113	1	1461	0.0	2331
dcdc6ab6-6105-47d8-9921-ea80078b92df	gb:MK995698|Organism:Influenza	98.878	891	9	1	664	1554	1	890	0.0	1589
e2d6a22d-cdb6-4fd6-b90f-922d7fd8de1f	gb:MH546879|Organism:Influenza	97.542	895	10	7	1694	2581	890	1	0.0	1520
e2d6a22d-cdb6-4fd6-b90f-922d7fd8de1f	gb:MH546879|Organism:Influenza	95.444	900	17	17	649	1534	1	890	0.0	1413
cb2efcb1-3987-4818-98d0-797c271beb39	gb:MH546879|Organism:Influenza	99.102	891	7	1	288	1178	890	1	0.0	1600
cb2efcb1-3987-4818-98d0-797c271beb39	gb:MH546879|Organism:Influenza	78.278	511	103	8	1317	1821	888	380	9.26e-86	322
fed0122a-8ca3-44b5-bf53-47ec8a5853a2	gb:MH412413|Organism:Influenza	99.025	1026	8	2	1851	2875	1	1025	0.0	1838
61163376-6b08-4306-934e-68ccc09c7835	gb:MH412413|Organism:Influenza	98.830	1026	7	4	1269	2290	1025	1	0.0	1823
c8ca57fb-309e-43cd-8b5f-41891fdb5ebf	gb:MW872189|Organism:Influenza	98.836	1031	7	5	1337	2366	1	1027	0.0	1832
14a82062-9754-48a3-a779-fe327c70e7fb	gb:MH547015|Organism:Influenza	95.866	895	17	16	685	1564	1	890	0.0	1430
