6a462336-38e8-4c6f-9922-1dcf7e6e5f81	gb:MW872189|Organism:Influenza	98.252	1030	10	5	694	1718	1027	1	0.0	1796
f0335689-8f7c-43e6-95b7-58918033dd68	gb:CY035860|Organism:Influenza	92.437	119	9	0	789	907	1	119	2.33e-40	171
4f8f6efe-cbea-4773-a3b7-ae2cc4872824	gb:MW872189|Organism:Influenza	98.058	1030	12	7	668	1692	1027	1	0.0	1784
7a3a2611-e25a-4956-b9c0-7f75db176944	gb:MH546879|Organism:Influenza	98.398	749	12	0	701	1449	890	142	0.0	1317
8fa505c1-5f04-47bd-a856-536fe4786885	gb:MH412413|Organism:Influenza	98.930	1028	4	7	650	1673	1	1025	0.0	1831
f0d37882-631b-4036-96d3-35e83d259e9c	gb:KJ568157|Organism:Influenza	96.963	889	16	11	1583	2462	1	887	0.0	1482
1b43e06b-c146-43ca-91e3-6d2964ae2a23	gb:MH546879|Organism:Influenza	97.545	896	9	8	694	1582	890	1	0.0	1520
32497643-e350-4e2f-bbfd-9f203a19490f	gb:MW872189|Organism:Influenza	99.222	1028	6	2	637	1663	1	1027	0.0	1853
20548a21-1735-4ab0-a4f8-fbfb24ec7c23	gb:MH546879|Organism:Influenza	95.861	894	23	13	1314	2197	890	1	0.0	1434
eee7fdde-a83f-406a-bb9a-da19be91195d	gb:MT818704|Organism:Influenza	94.380	1032	29	22	2815	3822	1	1027	0.0	1557
204613ad-6546-4a07-9931-ce2564d5681d	gb:MW872189|Organism:Influenza	97.847	418	5	4	653	1067	1	417	0.0	719
daf576c8-0440-4fd1-841f-356433ded0e6	gb:CY140861|Organism:Influenza	91.815	1014	50	24	722	1717	999	1	0.0	1382
08735d6c-78c4-4393-9328-842236ad1152	gb:MK913496|Organism:Influenza	93.211	1473	60	32	1696	3140	1	1461	0.0	2130
e87c18f8-c8cb-4988-8b67-b9f2bbc3df33	gb:MT818724|Organism:Influenza	97.568	1028	22	3	1115	2140	1	1027	0.0	1757
730aac15-b9f7-46a1-8656-bd91ba1962d1	gb:MH546879|Organism:Influenza	98.652	890	9	2	982	1868	890	1	0.0	1574
d5ff253f-db3e-4d2e-9186-208ffb967258	gb:MT824898|Organism:Influenza	96.990	897	17	8	668	1561	1	890	0.0	1498
f54701cf-d927-480c-a470-45b01e3e2b5b	gb:HM370966|Organism:Influenza	98.444	514	5	3	696	1206	1	514	0.0	902
dc64a16a-a928-4c30-8d1e-6961686104ac	gb:MT825055|Organism:Influenza	97.085	1029	13	12	702	1715	1	1027	0.0	1718
6899bd6e-01f3-4bde-b3ff-67a62579f1f4	gb:MN253696|Organism:Influenza	94.854	1030	39	11	702	1720	1027	1	0.0	1596
bd52e3a3-83d2-44c8-acf0-cc047df90cb3	gb:MK995698|Organism:Influenza	98.539	890	8	3	1274	2158	1	890	0.0	1567
e604859d-7746-46b6-a50a-f80e93207e41	gb:MK236956|Organism:Influenza	96.865	1563	41	6	697	2253	1561	1	0.0	2608
01058d5f-01f2-41e3-a3cb-0575984a94c9	gb:MT825055|Organism:Influenza	97.184	1030	13	13	701	1717	1027	1	0.0	1727
dd66b50b-d77f-481d-a35b-bd9bf437a94f	gb:MH412413|Organism:Influenza	98.927	1025	6	3	31244	32264	1024	1	0.0	1827
dd66b50b-d77f-481d-a35b-bd9bf437a94f	gb:MH412413|Organism:Influenza	98.345	1027	10	7	49256	50277	1025	1	0.0	1796
dd66b50b-d77f-481d-a35b-bd9bf437a94f	gb:MH412413|Organism:Influenza	91.627	1051	41	39	36390	37419	1025	1	0.0	1410
f5a8889d-aa31-4070-a495-58061d773674	gb:HM370966|Organism:Influenza	98.641	515	5	2	531	1044	514	1	0.0	911
