44b75d75-42c3-4aae-9bdb-7d6dec407673	gb:MK995698|Organism:Influenza	99.101	890	8	0	933	1822	890	1	0.0	1600
44b75d75-42c3-4aae-9bdb-7d6dec407673	gb:MK995698|Organism:Influenza	97.241	870	14	7	2797	3658	1	868	0.0	1465
40d660d3-116f-4d83-88c4-c15b9f6525bb	gb:MH546879|Organism:Influenza	93.370	905	28	30	4776	5663	1	890	0.0	1310
fc6d9609-42d1-496b-bfb2-122003f7c9af	gb:MW872189|Organism:Influenza	98.545	1031	8	5	1284	2311	1027	1	0.0	1814
e51ecf11-c389-450f-a5f6-d686b48f560d	gb:MH546879|Organism:Influenza	93.222	900	35	22	975	1858	1	890	0.0	1301
c66ea68d-0edc-4574-90da-5f23c04dcee4	gb:MH546879|Organism:Influenza	96.313	895	21	10	662	1549	890	1	0.0	1459
af186a0c-2695-4296-b57a-e2c8b5078187	gb:MT818944|Organism:Influenza	97.424	893	16	5	698	1586	1	890	0.0	1515
ebbdc53c-2e0c-41cd-a392-18174330f1ac	gb:MT825055|Organism:Influenza	95.648	1034	26	18	373	1394	1027	1	0.0	1642
2ceae81f-debe-44f9-b602-00442270e881	gb:HM370970|Organism:Influenza	98.630	292	3	1	689	979	736	1027	3.23e-144	516
642fe1d0-3bef-41f3-8a22-3776a8713192	gb:MK995698|Organism:Influenza	98.653	891	9	3	955	1843	1	890	0.0	1576
f4754b37-582f-41f0-85ce-f85073fb8420	gb:MT818944|Organism:Influenza	96.544	897	15	14	1562	2449	890	1	0.0	1471
cb74e869-7b61-4fdd-845b-b1bffa6e3383	gb:MK995698|Organism:Influenza	96.180	890	16	11	942	1813	1	890	0.0	1439
7d99fc15-a6e6-4fae-b77e-a62fdb0dfc1d	gb:MW872189|Organism:Influenza	97.085	1029	18	10	948	1966	1027	1	0.0	1724
b2fc6785-1266-4a7f-998f-d3d51414d769	gb:MW872189|Organism:Influenza	97.182	1029	16	10	933	1950	1027	1	0.0	1727
c5464677-ac0b-43fa-bbc5-9e1d3a739e6a	gb:MW872189|Organism:Influenza	97.963	1031	13	6	1074	2100	1	1027	0.0	1781
88a67ed1-339a-4397-9969-7d5667847ae5	gb:MH412413|Organism:Influenza	98.738	1030	6	4	1220	2247	1	1025	0.0	1823
8c7a28e1-16bb-4089-9335-3cbe699c5a11	gb:MH546879|Organism:Influenza	98.653	891	8	3	696	1583	890	1	0.0	1576
78c6c426-730c-4740-bcb6-4fa7954be120	gb:MH546879|Organism:Influenza	97.213	897	14	9	671	1563	1	890	0.0	1507
27c411b1-b3bb-4f8c-8b1c-de959ef6e04a	gb:MH546879|Organism:Influenza	98.652	890	8	3	1721	2606	890	1	0.0	1574
4912dbdb-7331-4e42-9ede-ee508f3e2625	gb:MW872189|Organism:Influenza	97.374	1028	11	10	1306	2318	1	1027	0.0	1735
b1afdd24-e565-4e6d-846d-165226342293	gb:MH546879|Organism:Influenza	98.768	893	8	2	689	1581	1	890	0.0	1585
b1afdd24-e565-4e6d-846d-165226342293	gb:MH546879|Organism:Influenza	97.306	891	16	7	1746	2629	890	1	0.0	1506
51aa2c45-f70b-4222-accf-1c8b7c8491e5	gb:MW872189|Organism:Influenza	97.107	1037	13	11	560	1589	1027	1	0.0	1733
4d24c56c-d1f7-44d2-9887-383e720ea04f	gb:MT824898|Organism:Influenza	93.993	899	32	19	680	1565	890	1	0.0	1341
125fb829-c1bb-495a-b77d-2ad23e2b68c1	gb:MH546879|Organism:Influenza	99.102	891	7	1	568	1458	1	890	0.0	1600
928e1dce-008b-430f-b40c-525872679840	gb:MN937778|Organism:Influenza	96.778	869	12	12	672	1528	1	865	0.0	1435
