7cc9a23f-59fb-427f-a3d4-13672cde2aec	gb:MW872185|Organism:Influenza	94.170	223	3	8	1207	1424	673	890	1.49e-88	331
a6186e8d-c08c-4398-b578-6730d75247a2	gb:MT825070|Organism:Influenza	97.134	1570	26	15	673	2228	1565	1	0.0	2632
9a5ff548-5c1d-47c2-ae1e-7842a9c8a4b0	gb:MT824673|Organism:Influenza	96.897	1450	31	12	676	2113	1448	1	0.0	2416
3d036bce-51e2-46aa-a71f-5327004838d2	gb:MW872189|Organism:Influenza	97.860	1028	17	4	711	1734	1027	1	0.0	1772
529d3a71-ed6e-42ec-81a5-86e89db99970	gb:MW872189|Organism:Influenza	99.027	1028	9	1	1857	2884	1	1027	0.0	1842
529d3a71-ed6e-42ec-81a5-86e89db99970	gb:MW872189|Organism:Influenza	98.444	1028	11	4	666	1689	1027	1	0.0	1805
702300ce-3f54-4471-95ec-002b33140424	gb:MW872189|Organism:Influenza	98.161	1033	9	9	2327	3355	1	1027	0.0	1794
ac65115a-5ad9-4c60-a65b-ebebb292d921	gb:MH546879|Organism:Influenza	97.534	892	12	9	661	1544	1	890	0.0	1517
f3d49ffa-c9ae-4070-a766-fe86ec68fae5_1	gb:KY644371|Organism:Influenza	98.344	302	3	2	696	995	889	588	3.35e-148	529
6e1cb7ca-f443-4f6e-a44e-ac775ac13ca1	gb:MN254190|Organism:Influenza	94.649	897	23	17	670	1548	890	1	0.0	1367
0ac11fc5-2b26-44be-94c4-0bcdee5fc98c	gb:MT825055|Organism:Influenza	98.058	1030	13	4	690	1715	1	1027	0.0	1784
5b9cbd7e-2fe1-4a16-9f7b-74b585ecf14d	gb:MT825055|Organism:Influenza	97.580	1033	13	10	687	1713	1	1027	0.0	1759
b15cfcb5-0863-492b-9ba0-54fca6db490b	gb:MW872189|Organism:Influenza	92.338	1031	48	29	700	1708	1	1022	0.0	1437
fd6c2d3d-f91e-4969-b6dc-6ed8a34e39d7	gb:MT565680|Organism:Influenza	95.380	1039	21	18	12802	13825	1027	1	0.0	1628
a9ad9a9a-bcb9-48ba-8363-98ded3dd600e	gb:MK913496|Organism:Influenza	97.536	1461	34	2	655	2113	1461	1	0.0	2497
2b83352e-237d-4cc8-8da0-ebf9d60e0831	gb:MT824898|Organism:Influenza	96.973	892	19	8	672	1557	890	1	0.0	1491
13c28ac1-40f0-46a0-8bf8-6c67ee68d2c3	gb:MH546879|Organism:Influenza	93.142	904	26	29	689	1570	1	890	0.0	1293
4b5d17b1-3479-4195-a85b-a0a79120ed11	gb:MW872189|Organism:Influenza	93.780	1045	23	25	684	1704	1027	1	0.0	1531
f0e1d443-b61b-4413-a065-8f2895cc30c5	gb:MW872189|Organism:Influenza	97.279	1029	20	8	1270	2292	1	1027	0.0	1738
52de003e-cb0c-4cf6-8e61-7d2b4ef49a4e	gb:MH546879|Organism:Influenza	96.868	894	17	10	323	1209	890	1	0.0	1485
b560d534-2216-49d3-aaed-37347313f3f0	gb:MW872189|Organism:Influenza	91.426	1038	51	29	693	1703	1	1027	0.0	1389
d9ce8188-3e7f-4ba7-85a3-25494c3dadef	gb:MH546879|Organism:Influenza	97.422	892	14	8	695	1579	1	890	0.0	1511
1ed5b6f8-b125-426f-b217-8584bdf632b4	gb:MK995698|Organism:Influenza	97.539	894	14	7	665	1554	1	890	0.0	1522
e96a555c-a98d-4c0c-b0c2-21d2a0ee1b8e	gb:MK995698|Organism:Influenza	98.430	892	10	3	647	1536	890	1	0.0	1567
0d868789-263e-4608-887d-938c63ef7dd0_1	gb:MW872189|Organism:Influenza	99.125	1028	6	3	705	1730	1	1027	0.0	1845
0d868789-263e-4608-887d-938c63ef7dd0_1	gb:MW872189|Organism:Influenza	94.078	1030	26	24	6431	7428	1	1027	0.0	1531
fe52466e-5a30-4d55-aebe-aef3f4a6e2f9	gb:MG280160|Organism:Influenza	93.946	892	35	17	659	1537	886	1	0.0	1330
fe52466e-5a30-4d55-aebe-aef3f4a6e2f9	gb:MG280160|Organism:Influenza	84.736	891	78	44	1700	2537	1	886	0.0	839
72961ee8-0b0f-4b90-b497-acf7315fc6be	gb:MN254190|Organism:Influenza	95.638	894	23	11	690	1571	890	1	0.0	1421
64424876-aff6-4154-8d93-73ae035848f3	gb:MH546879|Organism:Influenza	95.982	896	24	11	692	1581	890	1	0.0	1445
b1350245-7135-4e99-9b2a-c7eeb8accda3	gb:MH546879|Organism:Influenza	98.430	892	10	4	1861	2750	890	1	0.0	1567
408accba-e4f2-4851-b10e-131aecc7691e	gb:MH412413|Organism:Influenza	99.318	1026	4	3	698	1721	1	1025	0.0	1853
1b4d7387-2112-4040-8547-2cf21fb9c2da	gb:MW872189|Organism:Influenza	96.482	995	16	13	1824	2803	1027	37	0.0	1626
1b4d7387-2112-4040-8547-2cf21fb9c2da	gb:MW872189|Organism:Influenza	91.683	998	40	33	661	1625	1	988	0.0	1343
3919e41f-7a90-4f9a-9767-da87f8f7df44	gb:MW872189|Organism:Influenza	98.642	1031	8	5	1285	2313	1027	1	0.0	1821
311c6335-cd34-4dc2-8832-cdb5c81b3c2e	gb:MW872189|Organism:Influenza	96.501	1029	21	11	705	1720	1	1027	0.0	1687
584cee41-b23b-476c-a435-9d7663dd7645	gb:MH412413|Organism:Influenza	95.335	1029	32	12	1317	2333	1025	1	0.0	1620
a865b18a-d414-492c-906a-709823e267b4	gb:MW872189|Organism:Influenza	95.926	1031	23	15	1273	2291	1024	1	0.0	1653
273081f7-6115-42b1-a7cb-2e0e97bf1aaf	gb:MH546879|Organism:Influenza	95.969	893	21	12	1240	2120	890	1	0.0	1435
a37d7120-f2e4-4281-aaf9-d1994b740b56	gb:MT824898|Organism:Influenza	92.920	904	33	24	649	1535	1	890	0.0	1286
a10fabb1-c6c7-4f82-b207-4e5ef45234d2	gb:MH546879|Organism:Influenza	95.084	895	18	20	665	1538	1	890	0.0	1386
0d04f6e5-25f8-40d4-a5a4-9cabfa44d1ce	gb:HM370966|Organism:Influenza	98.651	519	2	3	705	1223	1	514	0.0	915
2038de10-63ce-449e-bcc1-09202390f7d5	gb:MN937778|Organism:Influenza	96.313	868	21	9	679	1538	1	865	0.0	1415
0061266d-4ff4-4425-b108-b102401bd20b	gb:HM370970|Organism:Influenza	98.630	292	4	0	684	975	736	1027	7.58e-145	518
afb7832b-a18f-4491-bddc-6f2b2310237f	gb:MW872189|Organism:Influenza	99.658	292	0	1	681	971	1027	736	2.36e-149	532
e42033b2-dde2-4c6b-9438-db0404b0918d	gb:MH546879|Organism:Influenza	96.976	893	10	13	1047	1925	1	890	0.0	1483
4c8ffc6c-a99d-48dc-ac94-1883cd01e7d3	gb:MH546879|Organism:Influenza	97.763	894	12	4	262	1151	890	1	0.0	1533
4c495a35-466f-4d49-bf55-d9f9caa7f62f	gb:MK995698|Organism:Influenza	97.848	883	9	7	732	1606	1	881	0.0	1517
4db99b00-7b65-404c-b67c-f531d672494f	gb:MT824898|Organism:Influenza	98.094	892	12	5	1252	2140	1	890	0.0	1548
c8e44d0d-aae3-44da-8222-526920030edd	gb:MT565680|Organism:Influenza	98.542	1029	10	4	677	1702	1027	1	0.0	1812
b3133680-ec65-4c2f-b5d1-19395caf29a9	gb:MW872189|Organism:Influenza	96.705	1032	16	15	1317	2335	1027	1	0.0	1701
a4276aac-66d4-4a3a-a919-06e67afcea49_2	gb:MH546879|Organism:Influenza	98.316	891	10	5	286	1172	890	1	0.0	1557
73515b2d-4446-4a96-a770-fabbf90c31ea	gb:OL416389|Organism:Influenza	98.286	2275	25	9	1292	3556	10	2280	0.0	3973
b8d11e65-27e3-4eee-b7dd-60c66020143b	gb:MW872189|Organism:Influenza	96.914	1037	16	8	658	1688	1	1027	0.0	1724
b1291452-f3b4-4213-8b26-07756907cd11	gb:MW872189|Organism:Influenza	91.715	1038	42	34	1326	2330	1027	1	0.0	1400
7c283f59-6c36-4317-91ea-e08f490d58b8	gb:MW872189|Organism:Influenza	98.157	1031	9	9	698	1722	1	1027	0.0	1790
feca9d0f-04e9-4426-ab0a-a4d4d4a2900b	gb:MK995698|Organism:Influenza	93.184	895	35	20	692	1565	890	1	0.0	1291
ccc96ded-e418-4637-9fb2-a5ad05f5a757	gb:HM370970|Organism:Influenza	98.973	292	2	1	685	975	736	1027	4.98e-146	521
144c149b-fd62-4309-be94-d4e5d978a86e	gb:MH412413|Organism:Influenza	97.758	1026	15	5	1787	2805	1	1025	0.0	1760
b58afde1-52f7-4751-9118-fccbba9ac757	gb:MW872189|Organism:Influenza	96.893	1030	17	11	698	1715	1	1027	0.0	1711
0b809ff1-09fc-42d2-9c31-fc3d3af08923	gb:MT824673|Organism:Influenza	96.982	1458	31	8	1299	2748	1	1453	0.0	2436
69932db8-2967-419b-b560-f0a04f385235	gb:KU290056|Organism:Influenza	95.534	1030	25	14	680	1691	1027	1	0.0	1628
2962493c-0d82-41b0-8f87-34db49973b8b	gb:MW872166|Organism:Influenza	96.226	2358	59	25	623	2967	2341	1	0.0	3834
89778abd-cd7b-47a9-9e78-73e064a840dc	gb:MT565680|Organism:Influenza	98.734	1027	10	2	652	1675	1027	1	0.0	1821
0fd43edf-7fb1-40d2-a5e1-d2aaaf0caad7	gb:MW872189|Organism:Influenza	96.307	1029	16	12	1281	2289	1	1027	0.0	1670
92df8444-d1b5-4792-9e05-5a50c6ad1b2f	gb:MH412512|Organism:Influenza	95.628	892	25	12	250	1130	889	1	0.0	1419
4d3e7aa1-0350-40c5-bf4a-6e6a7132bccd	gb:MW872189|Organism:Influenza	98.835	1030	8	2	705	1733	1027	1	0.0	1832
274ed3c3-7114-40e2-82f2-31bac2858912	gb:MH546879|Organism:Influenza	98.878	891	7	2	377	1265	890	1	0.0	1587
274ed3c3-7114-40e2-82f2-31bac2858912	gb:MH546879|Organism:Influenza	96.525	892	20	7	1433	2315	1	890	0.0	1465
b7f8bc33-835f-4223-b5e3-f6a9db343cfd	gb:MW872139|Organism:Influenza	96.292	890	21	12	1253	2130	890	1	0.0	1450
06b86afa-1a0d-4c95-bcd2-8e49c31488ff	gb:MH412413|Organism:Influenza	99.513	1026	3	2	1814	2838	1025	1	0.0	1866
9add1639-4b72-4aba-ba09-4acf3fefbe44	gb:MH637219|Organism:Influenza	95.782	569	13	9	4118	4682	562	1	0.0	907
779fc279-3a66-4ac9-b721-94e7f6f954de	gb:MT818724|Organism:Influenza	97.090	1031	18	10	673	1695	1	1027	0.0	1727
310911f2-faf0-4e06-a8f5-9f3ec01b4a0c	gb:MK995798|Organism:Influenza	97.537	2233	47	5	443	2667	1	2233	0.0	3812
7937f09e-5087-4c6c-8dfa-6adadfaaa017	gb:MK995698|Organism:Influenza	94.078	895	22	25	672	1543	1	887	0.0	1330
edd64bcc-57a8-44e3-becd-bbc145bd1e53	gb:MH412413|Organism:Influenza	96.425	1035	14	18	718	1739	1025	1	0.0	1685
424c2291-38f4-4776-8ee2-3fbbb25e9907	gb:MW101296|Organism:Influenza	97.656	128	3	0	691	818	1027	900	1.98e-55	220
424c2291-38f4-4776-8ee2-3fbbb25e9907	gb:MW101296|Organism:Influenza	96.078	51	1	1	859	908	977	1027	9.77e-14	82.4
