009a126d-99c4-4438-ba82-4b2c608febdc	gb:OL334695|Organism:Influenza	98.323	835	3	5	131	956	833	1	0.0	1454
363551cb-5331-4cd5-84dc-b503d7727a0c	gb:MK345707|Organism:Influenza	97.305	1002	14	6	99	1087	1	1002	0.0	1688
b383ed29-7317-4529-ab8d-7da918f3fe76	gb:MH546879|Organism:Influenza	98.427	890	11	3	97	983	1	890	0.0	1563
60848985-f7a7-4f56-a6d3-28aaa4c92cac	gb:MK345707|Organism:Influenza	96.032	1008	22	14	103	1098	1002	1	0.0	1624
d0fe1642-4840-4c3d-821e-b155b813ccff	gb:MK345707|Organism:Influenza	98.606	1004	9	4	102	1102	1	1002	0.0	1772
b719ff3b-9076-4bf0-9930-246f340b1954	gb:MH546879|Organism:Influenza	98.767	892	8	3	94	984	890	1	0.0	1583
f824d6f5-a761-4ae6-af10-a8ebf98682d1	gb:MK345707|Organism:Influenza	98.402	1001	13	3	110	1109	999	1	0.0	1757
130e014b-bc6a-434f-a44f-017cb9f3d6a1	gb:MK345707|Organism:Influenza	97.913	1006	12	9	100	1100	1	1002	0.0	1733
569892d6-d7f9-4abb-8d3c-531f0551d014	gb:MK345707|Organism:Influenza	98.601	1001	7	6	107	1103	5	1002	0.0	1764
e3a57b7d-2c93-410f-95af-f2364b1d7e49	gb:MH546879|Organism:Influenza	98.315	890	9	5	93	976	890	1	0.0	1555
c10816a8-316d-4d11-a9d8-ddbcc47ba364	gb:MH546879|Organism:Influenza	98.764	890	9	2	96	983	890	1	0.0	1581
2658a628-82e2-4f4c-9df4-779a0c4bbe81	gb:MN253754|Organism:Influenza	97.858	1027	19	2	93	1116	1027	1	0.0	1772
f6676770-5c68-4bab-91bb-65bb68a5e152	gb:MK913490|Organism:Influenza	90.980	898	43	29	84	951	890	1	0.0	1175
d818ecef-1ee9-44dc-9e7c-8698baaf34bb	gb:MH546879|Organism:Influenza	97.000	900	13	12	94	989	1	890	0.0	1500
995e0cf2-0ce8-4300-a7a4-fae75ed6955b	gb:MT824898|Organism:Influenza	95.480	885	23	14	1164	2043	873	1	0.0	1397
995e0cf2-0ce8-4300-a7a4-fae75ed6955b	gb:MT824898|Organism:Influenza	94.760	897	32	11	98	986	1	890	0.0	1382
69c7ecf2-937f-47a1-b7f1-125b99ebdf56	gb:MH546879|Organism:Influenza	98.318	892	11	2	93	982	1	890	0.0	1561
12988594-8723-40db-8041-121e155115e7	gb:KY983180|Organism:Influenza	90.344	901	56	26	92	972	1	890	0.0	1153
e5168148-bc99-4167-abf8-a3e4799a109e	gb:MH546879|Organism:Influenza	95.662	899	22	14	97	987	890	1	0.0	1428
8e9c8f75-9d3e-4475-a724-6322d37b05aa	gb:MK345707|Organism:Influenza	97.112	1004	13	9	107	1096	1	1002	0.0	1679
8e9c8f75-9d3e-4475-a724-6322d37b05aa	gb:MK345707|Organism:Influenza	95.229	1006	20	16	1286	2267	1002	1	0.0	1567
7482e5e6-85db-4ca0-a15a-32003b72a564	gb:MK995850|Organism:Influenza	89.544	1052	58	45	80	1104	1	1027	0.0	1286
a87e5911-9a28-47a4-bacb-1ab345c35771	gb:MH546879|Organism:Influenza	96.983	895	16	9	96	984	1	890	0.0	1493
fef9113a-e49b-42f7-b699-14d879a8047a	gb:MH546879|Organism:Influenza	98.098	894	11	3	90	981	1	890	0.0	1552
759422bb-75bb-40ab-9d1b-b99efa82d812	gb:KY673160|Organism:Influenza	98.094	892	12	5	98	986	890	1	0.0	1548
381ab3cd-27c9-43e1-bc08-d3e615e5197a	gb:MK995821|Organism:Influenza	98.101	895	9	5	85	976	1	890	0.0	1552
28694b75-f892-4f11-9d24-84a98379247f	gb:MH546879|Organism:Influenza	97.309	892	15	4	91	975	1	890	0.0	1506
d2302d48-095b-4be9-9535-a89e0d9a7667	gb:MT818945|Organism:Influenza	96.521	891	20	9	95	975	1	890	0.0	1463
1891da40-22f8-48ab-af49-73d04e253875	gb:OL334695|Organism:Influenza	92.611	812	30	25	152	945	39	838	0.0	1140
46b3e1be-cdff-4f2a-8647-cf1a19e9d314	gb:MH546879|Organism:Influenza	98.652	890	11	1	95	983	890	1	0.0	1576
e3838e5f-0bcc-4ba0-8344-d105fd58af4d	gb:MT824898|Organism:Influenza	97.312	893	12	11	92	975	890	1	0.0	1506
61b27e82-42ae-491a-a067-32ed3d0589ea	gb:MK345707|Organism:Influenza	98.705	1004	10	2	106	1108	1002	1	0.0	1779
ef7d8763-52ff-41fb-a5e8-b797e6343f29	gb:MH546879|Organism:Influenza	96.629	890	19	8	90	968	890	1	0.0	1467
7de2d836-2be8-41dd-929b-acd257d991cf	gb:MH546879|Organism:Influenza	97.191	890	18	7	96	978	890	1	0.0	1498
ecab0a37-df1d-48f8-a9f9-a92769aafbd7	gb:MH546879|Organism:Influenza	96.756	894	17	9	99	984	1	890	0.0	1480
53db7da6-286b-4764-925a-5ed1f19bf276	gb:MT824898|Organism:Influenza	97.419	891	10	12	95	973	890	1	0.0	1506
3d7dfd0e-6814-4c89-a303-ca3e536c95b0	gb:MH546879|Organism:Influenza	96.433	897	19	10	109	999	890	1	0.0	1467
54216c05-c78c-4ed2-81ef-da5b5d3cbbb2	gb:MH546879|Organism:Influenza	98.876	890	10	0	95	984	1	890	0.0	1589
270d44ad-6f6f-485b-b3af-ad56ba403a83	gb:MT818944|Organism:Influenza	97.989	895	12	3	90	983	1	890	0.0	1548
de7c4b8e-4cdf-43ab-96f6-f05512c4d58f	gb:MK345707|Organism:Influenza	98.004	1002	10	7	107	1098	1002	1	0.0	1731
ae986028-0f55-4d27-abe7-78f1996eb746	gb:MK995703|Organism:Influenza	94.482	1033	34	14	97	1112	1	1027	0.0	1570
94d5eab0-7f43-4b48-a996-653e081894aa	gb:MT818944|Organism:Influenza	91.796	902	43	27	96	978	1	890	0.0	1227
51caf4b0-be4e-4d49-8cf3-644f68659b8a	gb:MH546879|Organism:Influenza	97.324	897	13	8	96	988	890	1	0.0	1513
320638fb-98b1-4b8b-9386-c66ad0a619ca	gb:MK345707|Organism:Influenza	99.101	1001	8	1	106	1106	3	1002	0.0	1797
3fe6555e-cf85-43bc-8c4f-16e6799ffe79	gb:MN253754|Organism:Influenza	95.432	1029	29	16	91	1103	1	1027	0.0	1624
39ddb18b-041f-45c2-a446-eab9938fe613	gb:MH546879|Organism:Influenza	98.322	894	10	5	89	981	1	890	0.0	1563
17aaa663-7867-4a4b-ad4c-d1cc512ac3b1	gb:MK345707|Organism:Influenza	97.716	1007	12	9	108	1108	1002	1	0.0	1722
ad14d999-59e6-4b45-879e-813e4a1a0e3c	gb:MN253754|Organism:Influenza	97.767	1030	17	5	96	1122	1	1027	0.0	1770
bed6ea56-6bd3-404e-ad63-1293cdf138a0	gb:MH546879|Organism:Influenza	98.436	895	9	3	100	994	890	1	0.0	1570
3a91a613-55c4-41fa-b84c-eebeecf7a0d5	gb:MN253754|Organism:Influenza	96.896	1031	20	10	116	1138	1027	1	0.0	1716
c9dac32c-98d5-45e2-9981-0f15c4628989	gb:MK345707|Organism:Influenza	96.819	1006	14	12	107	1098	1002	1	0.0	1664
b57e35b6-60da-4ac2-a5b6-9cf4bd5e30d9	gb:MK345707|Organism:Influenza	94.975	995	26	16	127	1114	978	1	0.0	1539
47db35b8-a935-451d-ad97-0bc685210c6e	gb:MK236956|Organism:Influenza	95.347	1569	50	16	97	1650	1	1561	0.0	2471
a96eabd7-bd94-43f5-85e2-e13320e7a50d	gb:MH546879|Organism:Influenza	98.427	890	11	2	94	980	1	890	0.0	1563
cec23a1a-5c13-420f-9053-25f4319221ce	gb:MH546879|Organism:Influenza	95.857	893	16	12	98	972	1	890	0.0	1424
e6f0f8f0-fb6f-42c6-94cb-b7608b51035d	gb:MK345707|Organism:Influenza	97.018	1006	17	10	109	1105	1002	1	0.0	1679
f42f8bf0-9d0d-41db-80cf-ed126337cae2	gb:MH546879|Organism:Influenza	95.667	877	14	16	92	947	1	874	0.0	1387
7058b9a2-4ad3-48d9-9723-ce7faeb02fdd	gb:MK345707|Organism:Influenza	98.600	1000	10	4	137	1133	999	1	0.0	1766
a696db5f-77f4-4fa1-b88a-5521f0560bd0	gb:MT824898|Organism:Influenza	96.329	899	18	12	94	986	890	1	0.0	1463
daaa3123-0f63-4ac4-a369-f1701bc9c75c	gb:MH546879|Organism:Influenza	96.976	893	17	7	97	982	1	890	0.0	1491
a1a82c8d-14ea-440c-9d16-c6dfb9210aa1	gb:MH546879|Organism:Influenza	97.982	892	14	4	94	983	1	890	0.0	1544
5f78ecf2-a4db-4d86-b292-8c16f61d905f	gb:MH546879|Organism:Influenza	97.315	894	15	9	93	982	889	1	0.0	1509
6e403ab1-0831-4eca-9d36-8037ede1d3b8	gb:MT824898|Organism:Influenza	97.980	891	17	1	95	985	1	890	0.0	1544
a3d9365f-fc09-4e2f-9391-36ed2b6b5967	gb:KY644407|Organism:Influenza	97.635	296	4	2	97	389	1027	732	2.14e-141	505
a3d9365f-fc09-4e2f-9391-36ed2b6b5967	gb:KY644407|Organism:Influenza	89.695	262	14	11	383	633	762	1021	2.31e-86	322
113701cc-8c15-4718-a7ec-7ac7465cc36c	gb:MK326668|Organism:Influenza	91.798	890	35	26	87	943	1	885	0.0	1205
09502dfe-e0c7-4e8c-88ce-17fe0f37d756	gb:MH546879|Organism:Influenza	96.865	893	16	11	97	980	890	1	0.0	1483
a87bd542-15b7-46d0-8183-633ea40ba264	gb:MH546879|Organism:Influenza	95.857	893	28	7	94	980	890	1	0.0	1435
3a6c3524-e973-44ca-be4f-aa0b7788a9d5	gb:MT824898|Organism:Influenza	98.092	891	12	4	97	983	1	890	0.0	1546
0e8b3462-a813-4fa4-8b8f-73f414fd4b06	gb:MH546879|Organism:Influenza	97.536	893	13	7	94	980	890	1	0.0	1519
0e8b3462-a813-4fa4-8b8f-73f414fd4b06	gb:MH546879|Organism:Influenza	96.670	901	12	14	1143	2036	1	890	0.0	1482
faa555dd-0e0e-47c8-a9ad-e3c663350f99	gb:MT824898|Organism:Influenza	94.299	877	28	18	112	971	872	1	0.0	1323
b0ecc290-d872-4e05-9675-12f705a5df9a	gb:MT824898|Organism:Influenza	96.413	892	15	13	88	964	1	890	0.0	1454
fffcdac4-e880-4d6c-b2a3-3fae64686656	gb:MK345707|Organism:Influenza	97.707	1003	16	5	100	1096	1	1002	0.0	1718
813cc5d6-bfd2-474f-80c9-12c4ea25ec62	gb:MK345707|Organism:Influenza	98.606	1004	8	4	106	1105	1	1002	0.0	1772
6a4c96bc-3598-4195-9796-76c31a2695be	gb:MK345707|Organism:Influenza	94.000	1000	36	18	105	1089	1	991	0.0	1493
b27eca3f-d514-40d3-8eb2-21e2322525e4	gb:MW872139|Organism:Influenza	96.767	897	18	9	106	998	890	1	0.0	1485
98fa1e8c-5e88-4955-aa8f-01fc6e7de96c	gb:MN253731|Organism:Influenza	95.446	1032	34	11	88	1111	1027	1	0.0	1633
f4f9d55c-f7e1-45c7-af1f-dcd5559c0b30	gb:MH546879|Organism:Influenza	98.876	890	9	1	99	987	890	1	0.0	1587
728db2e6-c228-4bc3-9539-9532e8391647	gb:MK345707|Organism:Influenza	96.614	1004	16	14	106	1093	1	1002	0.0	1650
e3b88550-bc4a-4212-9e54-bab2cf92ccc9	gb:MT824898|Organism:Influenza	96.745	891	21	6	94	977	1	890	0.0	1478
e55663ed-0c95-4834-939d-061bd9cb68f1	gb:MK345707|Organism:Influenza	98.804	1003	8	4	98	1097	1	1002	0.0	1783
c832ca18-47bd-4c6e-9c18-d632d14c569b	gb:MK345707|Organism:Influenza	98.104	1002	15	3	109	1106	1002	1	0.0	1742
f59ebb4f-2b36-4e65-9a99-729d847a1261	gb:MT824898|Organism:Influenza	97.424	893	14	7	92	978	1	890	0.0	1513
cb8f230c-a60a-44fb-a376-2c28016fff3e	gb:MH546879|Organism:Influenza	94.961	893	19	13	93	962	1	890	0.0	1376
65b649e6-7d54-4df7-a2b8-e682604901da	gb:MT818948|Organism:Influenza	93.966	895	31	18	88	964	1	890	0.0	1332
67a41163-d8e4-4518-a4a6-4b4ca40e860a	gb:MK345707|Organism:Influenza	98.500	1000	9	5	103	1097	4	1002	0.0	1759
2229910b-1ac6-42da-9864-121231f474d4	gb:MH546879|Organism:Influenza	97.980	891	15	3	86	974	1	890	0.0	1543
9cdd5393-e86d-4a02-a6c7-c91bb0c81473	gb:MT565729|Organism:Influenza	96.595	1028	23	6	1364	2380	1027	1	0.0	1694
cab0c56d-c62e-4118-9f74-5231d9151a6d	gb:MK345707|Organism:Influenza	90.927	1014	50	29	115	1105	8	1002	0.0	1325
0a1eb84c-0bf0-4859-9376-ced665c71167	gb:MH546879|Organism:Influenza	98.770	894	7	1	83	976	1	890	0.0	1587
087f24a9-072c-4ad1-a7db-070b5183eb8a	gb:MK345707|Organism:Influenza	97.211	1004	16	8	109	1102	1002	1	0.0	1688
6900c0df-98b3-4372-b11e-6bf9bea49997	gb:MH546879|Organism:Influenza	94.420	896	30	18	101	982	1	890	0.0	1360
8db20640-a335-4831-b30a-45c373130f07	gb:MW875018|Organism:Influenza	91.180	873	36	31	109	956	859	3	0.0	1147
05b6a36b-0861-42ca-a36d-0a6b3a7ea95f	gb:MK345707|Organism:Influenza	98.604	1003	9	4	115	1113	1	1002	0.0	1770
05b6a36b-0861-42ca-a36d-0a6b3a7ea95f	gb:MK345707|Organism:Influenza	83.808	772	33	48	1229	1925	1002	248	0.0	649
05b6a36b-0861-42ca-a36d-0a6b3a7ea95f	gb:MK345707|Organism:Influenza	90.441	136	1	7	1934	2059	210	77	1.02e-39	169
81f4ae35-47aa-403c-b0a8-3ee0e93b045a	gb:MT824898|Organism:Influenza	97.753	890	12	7	82	963	890	1	0.0	1526
f7adc0b6-a087-47aa-b14d-68c20d799c06	gb:MH546879|Organism:Influenza	95.866	895	20	13	94	976	890	1	0.0	1432
37563e43-84bd-496b-b141-646a12f394b0	gb:MH546879|Organism:Influenza	97.978	890	13	4	98	982	890	1	0.0	1539
7070873e-d093-4abe-9746-5867c07ab5f1	gb:MH546879|Organism:Influenza	98.878	891	8	2	90	979	1	890	0.0	1589
dda0b841-8126-4dc2-b0c1-551d6304e477	gb:MH546879|Organism:Influenza	98.876	890	9	1	92	980	890	1	0.0	1587
a4e0db0f-d654-41c4-8476-f0a0d9f39cc4	gb:MK345707|Organism:Influenza	98.802	1002	11	1	109	1109	1002	1	0.0	1783
6c68275e-3d51-416f-8da0-258511bc9fe2	gb:MK326717|Organism:Influenza	93.296	895	33	23	92	964	890	1	0.0	1295
40de8869-f736-4f87-a906-993446e2e354	gb:MT565729|Organism:Influenza	97.087	1030	22	6	94	1118	1027	1	0.0	1729
01031aac-248c-4829-a1fd-35577d2c3f7d	gb:MT818944|Organism:Influenza	94.438	899	18	25	106	981	890	1	0.0	1354
c792c7fa-c4e5-48bc-84a4-83d97c930758	gb:MH546879|Organism:Influenza	95.470	905	17	15	95	990	1	890	0.0	1423
207029cf-9e52-434c-ae4b-607ecb4f17f7	gb:MH546879|Organism:Influenza	97.539	894	14	7	94	983	890	1	0.0	1522
3c271bd2-5ca9-4c11-8e83-8f6e7e0ab234	gb:MN253754|Organism:Influenza	96.709	1033	22	10	92	1118	1027	1	0.0	1709
d8570fa7-26f8-4620-8838-8b3e1fb16493	gb:MN253754|Organism:Influenza	94.332	1041	36	19	91	1122	1	1027	0.0	1574
919be88e-4e35-4168-9fb4-dc5840785d0a	gb:MK345707|Organism:Influenza	96.624	1007	15	14	104	1096	1002	1	0.0	1653
7b79104e-29e3-4492-9e1f-345f704c0605	gb:MH637219|Organism:Influenza	93.857	879	26	23	113	971	871	1	0.0	1299
8f3ec44d-7709-42b1-864c-84ac9387e44e	gb:MH546879|Organism:Influenza	98.094	892	9	5	100	985	890	1	0.0	1546
8dfc33e6-673c-4bba-aa6b-9cfb288f8e8c	gb:MK345707|Organism:Influenza	98.703	1002	11	2	103	1102	1002	1	0.0	1777
99edbe4b-4a71-43d1-8667-51ca5ede2228	gb:MK345707|Organism:Influenza	96.521	1006	16	14	114	1104	1002	1	0.0	1646
dd3bf3d3-9f42-407c-8c66-682c846ee268	gb:MH546879|Organism:Influenza	97.430	895	11	9	93	980	890	1	0.0	1515
30b3ff6b-183f-499d-b3eb-e25b63c8f0a9	gb:MK345707|Organism:Influenza	95.486	997	31	13	109	1098	1002	13	0.0	1580
74e103bb-046a-49d8-995b-ccb735b834c1	gb:MK345707|Organism:Influenza	98.801	1001	10	2	114	1112	2	1002	0.0	1781
3d635b5c-a168-427b-aec8-37888cb49d8e	gb:MH546879|Organism:Influenza	98.090	890	12	5	91	975	1	890	0.0	1544
c07c2a9f-013b-4f9a-be91-39b0b1ced143	gb:MH546879|Organism:Influenza	98.764	890	9	2	89	976	890	1	0.0	1581
1b6ff0dc-c21c-4997-85be-31b0e1f1e844	gb:KJ568157|Organism:Influenza	97.433	896	11	10	83	972	1	890	0.0	1517
2ae0b6a5-f13e-4b33-b084-c862bc0d365c	gb:MT824898|Organism:Influenza	97.427	894	14	8	92	980	1	890	0.0	1515
3e67822e-dda9-4d8c-be5a-8aaf7452f94d	gb:MN253754|Organism:Influenza	96.300	1027	23	11	85	1096	1	1027	0.0	1672
597f88a4-37dd-43dd-80c1-ffdb4809c59c	gb:MT818956|Organism:Influenza	89.709	894	47	32	97	960	12	890	0.0	1099
b5b6e650-ef28-4c40-bea5-8d9c408a0b5b	gb:MT818944|Organism:Influenza	94.388	891	30	14	90	961	1	890	0.0	1351
665cf25a-6b0e-4452-96e5-4a7c1616b685	gb:MH546879|Organism:Influenza	98.652	890	10	2	94	981	890	1	0.0	1576
beee9538-481a-4ba5-846f-fb16cd2ffb80	gb:MK345707|Organism:Influenza	94.611	1002	23	26	124	1101	8	1002	0.0	1522
d587cf64-b312-46f6-8c4b-cc94a2f5b2ea	gb:MK345707|Organism:Influenza	96.429	1008	19	8	100	1096	1002	1	0.0	1646
03129c02-165e-4440-bed4-856db1ca5a29	gb:MH546879|Organism:Influenza	96.429	896	18	11	99	986	1	890	0.0	1465
927da3ec-ef8c-4907-84e9-d67bbf1a3051	gb:MH546879|Organism:Influenza	98.653	891	10	2	87	976	1	890	0.0	1578
d780b6bd-c43d-4c41-8f76-9513454d406f	gb:MK345707|Organism:Influenza	96.389	997	20	11	113	1097	10	1002	0.0	1628
908fe753-8da1-4d29-ae68-acd54fa24ab4	gb:MH546879|Organism:Influenza	98.320	893	9	3	100	989	1	890	0.0	1561
6056dfae-6c7d-4124-90b0-1e30cda751a9	gb:MH546879|Organism:Influenza	97.978	890	16	2	90	977	890	1	0.0	1543
04b5da7c-76de-4633-9f77-e98710408725	gb:MH546879|Organism:Influenza	95.642	895	21	16	94	975	1	890	0.0	1421
54dc2470-dcde-4dbb-b48c-b556d56889a4	gb:MH546879|Organism:Influenza	95.089	896	25	15	96	978	890	1	0.0	1393
ec550734-cad0-4e0f-9f1f-1d7de8b4185d	gb:MH546879|Organism:Influenza	97.204	894	16	7	85	973	1	890	0.0	1504
d112a118-889e-4201-a50f-c5c7604b2c39	gb:MH546879|Organism:Influenza	97.870	892	12	7	95	981	890	1	0.0	1535
0feeb5a9-e5f0-4166-8004-aaf486092772	gb:MN253754|Organism:Influenza	92.093	1037	43	29	96	1103	1	1027	0.0	1424
9c0a33cf-c56c-4745-a740-709db9be8881	gb:MK345707|Organism:Influenza	96.322	1006	15	13	107	1098	1	998	0.0	1633
bbc43e60-ee92-408e-ae55-d52af99d0a9a	gb:MH546879|Organism:Influenza	94.743	894	17	19	107	974	1	890	0.0	1363
beb52e31-e18e-4fd2-87aa-519798929d79	gb:MH546879|Organism:Influenza	98.212	895	10	6	89	982	1	890	0.0	1559
30e20dec-d7f7-4f4e-8a64-d7f1dbb46c05	gb:MN253754|Organism:Influenza	96.796	1030	21	11	95	1115	1027	1	0.0	1709
16de8b5a-788e-46ef-9d52-531479467698	gb:MK345707|Organism:Influenza	94.049	1025	31	24	104	1121	1	1002	0.0	1528
defa1fd0-d1e1-49b7-9a0d-6d839f80bc37	gb:MT824898|Organism:Influenza	92.282	907	26	30	101	980	890	1	0.0	1247
ace2b65c-7e1c-4fa5-86a6-5ae031b114af	gb:MK345707|Organism:Influenza	98.100	1000	11	7	104	1098	997	1	0.0	1735
1cc5f08a-4d87-4161-8b18-643eff5eda4a	gb:MH637219|Organism:Influenza	95.393	890	19	18	88	961	1	884	0.0	1397
b5ac1c18-f747-444f-979c-7e36920c3537	gb:MT824898|Organism:Influenza	95.978	895	19	11	86	968	1	890	0.0	1437
1259f2f2-71e4-4997-b34f-411ae055f3db	gb:MK345707|Organism:Influenza	97.408	1003	14	7	109	1100	1002	1	0.0	1698
bbc03864-4605-4869-a200-8f848652e57b	gb:MH546879|Organism:Influenza	96.548	898	17	11	95	986	1	890	0.0	1474
ce8759e4-784b-4f94-b326-c9de7d536f54	gb:MT824898|Organism:Influenza	96.529	893	20	8	90	974	890	1	0.0	1467
81ed3729-302c-4cb5-b429-a2396a5fae35	gb:MT818724|Organism:Influenza	96.699	1030	21	9	96	1115	1027	1	0.0	1701
acbb070f-10a3-47c1-91eb-da59a03d7d95	gb:MN253754|Organism:Influenza	97.276	1028	16	8	95	1111	1	1027	0.0	1733
4c7139e2-54a9-415a-9062-7742350c07c0	gb:MT824898|Organism:Influenza	98.543	892	9	4	100	989	890	1	0.0	1572
15578c6c-b91d-4bfb-b551-f49d15e7855d	gb:MK345707|Organism:Influenza	99.002	1002	8	2	101	1100	1	1002	0.0	1794
611e08f4-1c6f-4410-8246-235f3ff0c7b2	gb:MH546879|Organism:Influenza	98.876	890	8	2	88	975	890	1	0.0	1587
792d10ce-22dc-4cd2-a737-2495d4e1e5de	gb:MK345707|Organism:Influenza	94.583	960	15	24	107	1033	1002	47	0.0	1450
f1f0febc-4626-40dc-8c8c-0e2d1eac406f	gb:MN253754|Organism:Influenza	95.393	1042	24	12	119	1151	1027	1	0.0	1637
492b0c16-9500-4756-883c-060c32a831a4	gb:MK345707|Organism:Influenza	97.813	1006	15	6	101	1103	1	1002	0.0	1729
82653c9a-c82c-419e-ad2c-a513972d987a	gb:MH546879|Organism:Influenza	98.876	890	9	1	90	978	1	890	0.0	1587
6fdf4a29-c0d1-4bd8-a40e-83e5224a5f48	gb:MK345707|Organism:Influenza	98.205	1003	10	6	109	1104	1002	1	0.0	1746
1d27e5ae-67b6-4f82-a214-dd16a884d088	gb:MK345707|Organism:Influenza	98.506	1004	8	7	102	1100	1002	1	0.0	1764
cd89293f-3534-4ab6-8b55-20d52d892e0e	gb:MH546879|Organism:Influenza	97.531	891	16	5	95	980	890	1	0.0	1519
917fa04d-d4d9-44bf-b3b7-35c73e8477d2	gb:MT818944|Organism:Influenza	96.644	894	21	8	91	979	1	890	0.0	1476
e664ae95-9829-4732-93e4-46bb88e78e99	gb:MH546879|Organism:Influenza	97.204	894	11	9	98	981	890	1	0.0	1500
165f2a0d-3fc2-4961-9e4a-df8411a75173	gb:MH546879|Organism:Influenza	98.873	887	10	0	97	983	887	1	0.0	1583
f2b1a06c-f0a2-48b1-b6ce-8a89764166d2	gb:MH637219|Organism:Influenza	94.631	894	31	12	93	977	1	886	0.0	1369
3722be75-be82-4e6f-a54d-75f8dcaa1ce0	gb:KJ568157|Organism:Influenza	98.876	890	10	0	98	987	1	890	0.0	1589
efb06aa6-4a2e-4646-9c64-9a128efddb91	gb:MK345707|Organism:Influenza	99.202	1002	6	2	113	1112	1	1002	0.0	1805
c4c417b9-f4da-4c7f-be37-ab3966c64c3d	gb:MH637323|Organism:Influenza	91.226	889	36	30	94	945	6	889	0.0	1171
63428b88-5beb-4d6b-b854-727c47e06cf4	gb:MT565729|Organism:Influenza	96.609	1032	20	9	96	1117	1027	1	0.0	1698
4c64b540-9996-4057-8812-040b47bcfeb8	gb:MH546879|Organism:Influenza	91.713	905	40	29	83	967	890	1	0.0	1223
24d11321-afb7-452c-8962-b42400456ca7	gb:MH546879|Organism:Influenza	98.096	893	11	4	96	985	1	890	0.0	1550
7c5fecab-fda0-4043-9854-014c36dc36ec	gb:MT824898|Organism:Influenza	96.760	895	14	11	97	981	1	890	0.0	1478
18883127-9b53-4295-82b0-f78676dfb773	gb:MW875575|Organism:Influenza	92.192	999	47	25	117	1086	997	1	0.0	1384
ee20d39f-c419-442b-a545-26f8e3a9f524	gb:MH546879|Organism:Influenza	97.374	876	12	7	105	971	17	890	0.0	1480
48bc5b64-c98d-4fed-be55-4c2b4e667750	gb:MK345707|Organism:Influenza	97.612	1005	15	9	108	1106	1002	1	0.0	1714
625f22d3-683c-4c7a-843c-4439f9d9d306	gb:MH546879|Organism:Influenza	93.096	898	37	19	100	980	890	1	0.0	1291
52f05261-82b4-47fa-8b49-ed9b21655856	gb:MK345707|Organism:Influenza	97.612	1005	14	8	109	1106	1	1002	0.0	1714
8bcf11dc-626e-4574-bf56-bc7e463403a2	gb:MK345707|Organism:Influenza	98.108	1004	13	5	107	1106	1002	1	0.0	1744
cb2aeafc-af63-475a-b182-37bfca69b8a6	gb:KY644338|Organism:Influenza	96.113	1029	25	10	102	1117	1	1027	0.0	1664
5f1a5546-fc51-4892-9a34-5fd999238fd2	gb:MT824898|Organism:Influenza	96.641	893	17	8	93	975	890	1	0.0	1471
019e7fdd-e528-42f8-8f56-9bc87ea4af00	gb:MK345707|Organism:Influenza	96.200	1000	20	16	116	1101	7	1002	0.0	1620
19e939c1-6af7-411b-af08-faedc486ff70	gb:MH546879|Organism:Influenza	96.980	894	19	8	94	983	890	1	0.0	1495
1a8c095c-374a-4ef5-82be-1e31f046a025	gb:MT824898|Organism:Influenza	98.090	890	14	1	120	1006	890	1	0.0	1546
4fd25952-5a50-4d4a-adc0-44e6f315e159	gb:MN431176|Organism:Influenza	94.848	990	29	14	116	1091	1	982	0.0	1526
97ca423e-7d0f-4238-b089-e0115f52a017	gb:MK345707|Organism:Influenza	97.809	1004	10	7	101	1094	1002	1	0.0	1722
98f75748-936e-4c06-87d7-aa83cfed8045	gb:MK345707|Organism:Influenza	99.301	1002	6	1	111	1111	1002	1	0.0	1810
92087ccb-a45e-4e5e-a4f3-9df8278c7ce3	gb:MK345707|Organism:Influenza	99.301	1002	6	1	108	1108	1002	1	0.0	1810
09787519-b76d-4bdd-a00a-db327eedfb9c	gb:MK345707|Organism:Influenza	98.308	1005	8	5	108	1106	1002	1	0.0	1753
fd834cdc-7d76-4c6e-975c-e27289aaadd0	gb:MT818944|Organism:Influenza	97.534	892	13	8	90	974	1	890	0.0	1517
e200a3a6-4b71-495f-84d2-22f3f84fd29e	gb:MG279809|Organism:Influenza	97.410	888	19	4	90	975	1	886	0.0	1509
6e61f521-4ff8-405f-86c6-aa125bff3725	gb:MK345707|Organism:Influenza	99.103	1003	7	2	103	1105	1	1001	0.0	1801
7f4114b6-3c56-4021-9d42-68f53b7ec969	gb:MH546879|Organism:Influenza	98.876	890	9	1	98	986	890	1	0.0	1587
c0668916-24cc-47e7-9164-47f3a72c166e	gb:MT824898|Organism:Influenza	95.143	906	20	15	92	989	890	1	0.0	1408
50890f58-ca3c-4ece-acad-930d21486dbd	gb:OL334695|Organism:Influenza	97.150	842	7	12	116	946	838	3	0.0	1406
e82748c3-b2f0-491c-a445-b448ebecb862	gb:MH546879|Organism:Influenza	94.058	892	32	14	88	960	1	890	0.0	1334
e82748c3-b2f0-491c-a445-b448ebecb862	gb:MH546879|Organism:Influenza	92.897	901	26	27	1072	1945	890	1	0.0	1275
d6e8c3ec-fde6-45d9-895e-3202a3df06d2	gb:MK345707|Organism:Influenza	99.103	1003	7	2	106	1107	1002	1	0.0	1801
277f0628-e06f-4c85-85fd-b7dc977eefce	gb:MK345707|Organism:Influenza	92.224	1016	37	31	103	1090	1	1002	0.0	1400
181e64e2-656e-4b06-a5d2-f1b739d5faaa	gb:MK345707|Organism:Influenza	97.913	1006	13	7	101	1102	1	1002	0.0	1735
1e3445ea-a8c9-41a7-8e98-24da1c89492d	gb:MH546879|Organism:Influenza	96.300	892	19	11	101	980	890	1	0.0	1452
9b5c15c6-aab3-439d-861f-7e4652f0035d	gb:MT824898|Organism:Influenza	95.875	897	29	7	90	985	1	890	0.0	1445
1f12ad91-ee45-48a4-b64c-4b90a10a1da6	gb:MH546879|Organism:Influenza	98.989	890	8	1	95	983	1	890	0.0	1592
7314b397-76db-469a-9582-3df06aa73a58	gb:MK345707|Organism:Influenza	98.507	1005	7	8	106	1105	1	1002	0.0	1766
beeb07ce-f750-4316-8c28-69a526c00387	gb:MH546879|Organism:Influenza	98.198	888	10	5	98	980	1	887	0.0	1546
84a3cd39-e279-474e-99f2-0aca5159dd4f	gb:MH546879|Organism:Influenza	97.984	893	10	7	98	985	1	890	0.0	1543
5f54f9e7-056a-4f7a-abcd-fb9bef54f828	gb:MN253754|Organism:Influenza	97.379	1030	21	6	85	1111	1	1027	0.0	1748
ffba6ec6-4ba9-4882-a8f0-09f23b6b411b	gb:MK236956|Organism:Influenza	95.713	1563	50	15	97	1644	1561	1	0.0	2499
cef866d1-c96c-4a01-afda-417a8c976206	gb:MH546879|Organism:Influenza	98.318	892	13	2	97	988	1	890	0.0	1563
33e6a282-4b73-459e-ba0d-7d06da9c2023	gb:MK995821|Organism:Influenza	87.445	908	58	44	88	957	1	890	0.0	994
ca88ad0c-fb90-4b89-878b-3b2ceb60f563	gb:MK345707|Organism:Influenza	97.313	1005	14	12	111	1105	1002	1	0.0	1694
4d372328-51e9-4b15-8b6a-bf43623fb9c2	gb:KJ568157|Organism:Influenza	95.270	888	30	11	93	972	1	884	0.0	1397
8cf1ac90-43d7-4e79-a5a8-3a7124000c1e	gb:MH546879|Organism:Influenza	96.756	894	17	7	94	979	1	890	0.0	1480
d5c014dd-775c-47a2-9658-49d38e669de8	gb:MH546879|Organism:Influenza	97.870	892	14	5	114	1002	890	1	0.0	1537
7f012c53-fd53-4a51-9550-04a53ed9076a	gb:MH546879|Organism:Influenza	98.427	890	13	1	99	987	1	890	0.0	1565
3d60f5b8-eee0-4e06-8857-828587c07754	gb:MT824898|Organism:Influenza	98.764	890	10	1	90	978	1	890	0.0	1581
9d31eccb-47db-4a16-a354-2c225a261d5d	gb:MK345707|Organism:Influenza	98.509	1006	7	5	111	1112	1	1002	0.0	1768
f2b8c1d3-2b58-4384-a937-d41722033ce6	gb:MH546879|Organism:Influenza	98.990	891	7	2	89	978	1	890	0.0	1594
293b6343-22c0-40c7-96c3-3df470c76b1b	gb:MW872178|Organism:Influenza	94.209	898	26	20	88	967	1	890	0.0	1347
4e0ce87e-7af7-48fe-9bf4-108a0f2d8935	gb:MK345707|Organism:Influenza	99.301	1002	7	0	106	1107	1	1002	0.0	1812
01a167d7-be23-463d-ab43-b76ec51bfdf5	gb:MN253754|Organism:Influenza	98.154	1029	15	3	110	1136	1027	1	0.0	1792
ba3c68d7-63c2-4a91-9b89-62dac0ffd725	gb:MK345707|Organism:Influenza	88.100	1000	43	55	112	1044	991	1	0.0	1118
0f04a9cb-7ac4-4e42-88dd-afd9b2ff9048	gb:MH546879|Organism:Influenza	98.092	891	14	2	92	980	1	890	0.0	1548
ed06b29e-26ce-424d-b46d-dc2f72386b8f	gb:MH546879|Organism:Influenza	96.763	896	16	11	94	982	1	890	0.0	1482
d8c07802-bbe1-40c0-93ca-e5abd837df71	gb:MT824898|Organism:Influenza	98.425	889	10	4	91	979	1	885	0.0	1561
6247f378-fdcb-405c-83ca-f5eb4f24deff	gb:MH546879|Organism:Influenza	98.316	891	10	5	97	983	890	1	0.0	1557
6247f378-fdcb-405c-83ca-f5eb4f24deff	gb:MH546879|Organism:Influenza	94.507	892	24	19	1145	2015	3	890	0.0	1352
3040473e-32fd-4cc5-8e36-ec5947706a8b	gb:MT824898|Organism:Influenza	98.539	890	11	2	88	975	890	1	0.0	1570
7ce21d7b-90e1-4797-b75a-e0e42e93cded	gb:MH546879|Organism:Influenza	97.984	893	12	6	89	978	1	890	0.0	1544
1deb7dfa-5da3-4538-8d05-4accf52b2921	gb:MK345707|Organism:Influenza	98.405	1003	11	5	107	1105	1	1002	0.0	1759
2b29dbb3-5de6-4d07-ad2b-e0d00913b959	gb:MH412324|Organism:Influenza	88.748	1022	61	45	89	1076	1025	24	0.0	1201
fa70c956-671f-4647-84a8-f8b0cf1d2612	gb:MH546879|Organism:Influenza	93.660	899	29	19	95	974	1	890	0.0	1319
4465c038-9a84-443c-8c73-4228d9126986	gb:KT887295|Organism:Influenza	96.987	896	18	9	98	990	890	1	0.0	1496
7a7aeba4-9588-4e9e-b4b5-38c3f339cc96	gb:MT565680|Organism:Influenza	95.656	1036	25	16	98	1122	1027	1	0.0	1646
6c93125e-53be-4468-afcb-f31aca001ceb	gb:MH546879|Organism:Influenza	96.861	892	26	2	87	978	1	890	0.0	1491
50eb6af8-7c94-45ae-b166-f9a60d1be9b2	gb:MH637323|Organism:Influenza	94.955	892	25	18	100	977	4	889	0.0	1380
4120030d-4535-4cfa-b9c9-ba86e05a412b	gb:MK345707|Organism:Influenza	98.705	1004	10	3	102	1104	1	1002	0.0	1779
e6bd2eb5-c112-4e64-a8e5-93eddee2ab11	gb:MN253754|Organism:Influenza	94.859	1031	30	17	82	1093	1027	1	0.0	1589
f633ce1c-3b6d-4f53-8fe2-a25c1b2b081b	gb:MH546879|Organism:Influenza	96.872	895	17	8	101	989	890	1	0.0	1487
9cdb3681-0db0-40a0-82d7-656347d19581	gb:MK345707|Organism:Influenza	98.703	1002	10	2	105	1103	1002	1	0.0	1775
63f4b545-1108-4158-a35a-1cb4b92a40d2	gb:MH546879|Organism:Influenza	97.760	893	14	5	77	966	1	890	0.0	1533
cffb0ada-b1d6-4ebd-b03d-69ae3572868a	gb:MK345707|Organism:Influenza	95.829	1007	22	13	101	1092	1	1002	0.0	1609
c471a90b-f1d0-4879-8e81-087066a86a13	gb:MH546879|Organism:Influenza	98.096	893	10	7	99	987	1	890	0.0	1548
64a33d5f-e63e-4514-88ae-418ab995bbd5	gb:MH546879|Organism:Influenza	95.964	892	23	8	96	976	890	1	0.0	1435
b127edf6-c608-4f7d-89c2-c55a91550d1a	gb:KY644399|Organism:Influenza	95.434	898	22	13	90	977	889	1	0.0	1413
799273df-a81a-460a-9445-89105fc2fefd	gb:KY673160|Organism:Influenza	93.275	907	28	24	108	1003	885	1	0.0	1306
8af3d297-1306-4119-904b-629f07632895	gb:MH546879|Organism:Influenza	96.296	891	25	7	119	1002	1	890	0.0	1456
01ec368a-ee5b-48ed-9066-5be9c2eb6602	gb:MK830107|Organism:Influenza	94.222	900	27	21	92	976	1	890	0.0	1351
52914976-f61c-4dcd-b1de-a2a5ef24867f	gb:MK345707|Organism:Influenza	91.115	1013	46	35	107	1100	1	988	0.0	1332
ade33d78-a489-4b77-8254-563ee36b4a8f	gb:MH546879|Organism:Influenza	98.098	894	13	2	83	976	1	890	0.0	1554
3f1a9d46-4eae-4b49-ac3d-5bdfeab8e5be	gb:MK345707|Organism:Influenza	97.705	1002	13	5	106	1097	1002	1	0.0	1714
61d54239-b10f-4baf-b127-e44a1908a5aa	gb:MH546879|Organism:Influenza	98.878	891	8	2	89	978	1	890	0.0	1589
7341640f-5941-4d17-9814-b34e05e71761	gb:MK345707|Organism:Influenza	98.704	1003	10	3	109	1109	1002	1	0.0	1777
a31388d7-beb4-47b1-8ddc-b786a8f0e6e2	gb:MN253754|Organism:Influenza	96.225	1033	24	13	101	1124	1027	1	0.0	1677
7e7d2e8f-755f-43d5-8a04-3cc8206926f2	gb:MT824898|Organism:Influenza	98.210	894	11	4	89	981	890	1	0.0	1557
21a4afd7-963b-4c0e-b2f1-25abafe21ceb	gb:MK345707|Organism:Influenza	98.604	1003	8	5	105	1102	1	1002	0.0	1770
39502bd4-4e9c-42b8-ac86-c6d5f91f8f2b	gb:MH546879|Organism:Influenza	98.989	890	8	1	73	961	890	1	0.0	1592
3b2bba75-6311-4ece-afe8-f309f309682d	gb:MH546879|Organism:Influenza	97.763	894	10	8	87	974	890	1	0.0	1531
0db6440f-51b3-466f-9f16-e006ad62b682	gb:MH546879|Organism:Influenza	97.870	892	17	2	94	985	1	890	0.0	1541
5077eeb5-9449-4f3a-a631-09472e1a31da	gb:MH546879|Organism:Influenza	93.882	899	31	22	93	976	890	1	0.0	1334
04bb3e2c-7314-4304-a43e-ba159f28fae7	gb:MH546879|Organism:Influenza	95.638	894	14	17	92	964	890	1	0.0	1411
31b3e712-f400-421d-8036-44319a5c9a75	gb:MH546879|Organism:Influenza	98.876	890	10	0	93	982	890	1	0.0	1589
414af1e9-fd19-4a3f-9625-4fbe9c07c002	gb:MH546879|Organism:Influenza	95.541	897	24	12	93	980	890	1	0.0	1421
36e122e6-144c-48d2-a327-d16697853f30	gb:MK345707|Organism:Influenza	95.333	1007	29	15	103	1096	1002	1	0.0	1583
090f6907-aca9-485b-8047-426132d14659	gb:KY678710|Organism:Influenza	95.265	887	28	12	97	974	1	882	0.0	1393
80d9f9ca-5839-4fda-a9d5-66722052a908	gb:MH546879|Organism:Influenza	98.429	891	10	4	92	979	1	890	0.0	1565
c6a9ed92-57a0-4e9c-a13b-fe3372feacff	gb:MH546879|Organism:Influenza	93.534	897	33	19	90	968	890	1	0.0	1312
7ab8894d-bd5f-4a75-a2ba-0b6cebe92041	gb:MH546879|Organism:Influenza	97.765	895	13	6	96	988	1	890	0.0	1535
93a96a76-7c87-41c4-b821-cb3b22cfce10	gb:MK345707|Organism:Influenza	98.606	1004	8	6	105	1104	1	1002	0.0	1772
1768e7ad-41f8-4e30-adfe-40958a11d9fa	gb:MH546879|Organism:Influenza	97.442	899	12	6	93	989	890	1	0.0	1522
d3c3ce2e-4e76-4b8b-b452-a7586b4bf85e	gb:MH546879|Organism:Influenza	96.857	891	18	6	96	977	890	1	0.0	1482
b217d02a-c137-4987-9115-ae5015357ee0	gb:MK345707|Organism:Influenza	97.866	984	15	5	104	1083	1	982	0.0	1696
320b1657-4409-4243-a5e4-75e288ec1cda	gb:MK345707|Organism:Influenza	98.308	1005	9	5	100	1099	1	1002	0.0	1755
7b46cee1-406c-4dec-8b5c-d8f41c5ed2b2	gb:MK236956|Organism:Influenza	97.624	463	9	1	104	566	1	461	0.0	793
7b46cee1-406c-4dec-8b5c-d8f41c5ed2b2	gb:MK236956|Organism:Influenza	91.146	384	18	11	559	930	380	1	8.52e-142	507
46bd5e8b-18dc-43a7-a1f8-69f9c6836b28	gb:MK345707|Organism:Influenza	97.906	1003	12	9	108	1102	1	1002	0.0	1727
4af82de5-cfbe-44c3-92d8-3caa2766ba3a	gb:MH546879|Organism:Influenza	97.770	897	11	8	93	987	890	1	0.0	1537
4610bc2c-68eb-446a-bbb9-c76c424ff729	gb:MN253754|Organism:Influenza	97.195	1034	17	6	95	1123	1027	1	0.0	1738
42312a8e-aa1b-4bab-a63d-941d69d825e2	gb:MH546879|Organism:Influenza	98.204	891	11	5	97	983	890	1	0.0	1552
f83fe5ff-c376-4bdc-a8c7-99de5c47555f	gb:MH546879|Organism:Influenza	98.764	890	10	1	87	975	890	1	0.0	1581
05ee7fff-db12-4818-8ff6-f71d412a820a	gb:MH546879|Organism:Influenza	96.872	895	17	9	94	982	1	890	0.0	1487
0055d3e2-d2db-479e-a65c-affe53bfa87f	gb:MN253754|Organism:Influenza	96.128	1033	27	12	94	1119	1027	1	0.0	1674
4d717d4e-fb7c-410d-b1e2-8a8b5c95b937	gb:MH546879|Organism:Influenza	95.759	896	22	13	87	972	890	1	0.0	1430
df7e98cc-bfef-4109-8ea8-1ddfcb2db5f0	gb:MH546879|Organism:Influenza	98.764	890	8	1	91	977	890	1	0.0	1580
f7997588-b0ce-4971-b516-c4fcabd23337	gb:MK345707|Organism:Influenza	99.004	1004	6	3	105	1106	1002	1	0.0	1796
afbbe817-c839-4ff2-a228-0ca2cdd97624	gb:HM370966|Organism:Influenza	99.333	300	2	0	671	970	1934	2233	1.44e-152	544
afbbe817-c839-4ff2-a228-0ca2cdd97624	gb:HM370966|Organism:Influenza	97.154	246	4	3	1300	1543	2178	1934	4.23e-113	412
c2664351-948b-4d96-b693-699910ca0905	gb:MH546879|Organism:Influenza	95.889	900	18	16	93	983	890	1	0.0	1439
dea85e78-5af4-4510-874a-bc2f7b412095	gb:MH546879|Organism:Influenza	98.098	894	12	3	126	1018	890	1	0.0	1552
186dda5e-941b-4ca7-afa4-50157f6e2b96	gb:MK345707|Organism:Influenza	97.517	1007	16	7	106	1108	1	1002	0.0	1712
409b3acf-2505-48ec-9b76-a739c5dc3606	gb:MH546879|Organism:Influenza	97.651	894	16	5	85	977	890	1	0.0	1530
e75100b4-4c2b-41d6-a4c8-3680746c30b3	gb:MK345707|Organism:Influenza	98.408	1005	9	3	109	1109	1002	1	0.0	1760
c2dd4285-6c21-4977-a0db-850f7ca2d36a	gb:MH546879|Organism:Influenza	97.088	893	17	6	90	976	890	1	0.0	1496
7520b0f6-ded5-4bd6-84f8-043f55f4b092	gb:MH546879|Organism:Influenza	89.282	905	53	32	83	958	890	1	0.0	1094
6fb4d8a3-e446-4dd6-8f29-1fa8edf7b1a4	gb:MN253754|Organism:Influenza	95.174	1036	24	19	99	1117	1027	1	0.0	1613
e7ee15c8-8082-4b9b-853b-e39cd5d815b9	gb:MK345707|Organism:Influenza	98.216	1009	9	8	104	1110	1	1002	0.0	1755
8d727e6e-9102-4ce2-9275-f658b50c66f2	gb:MH546879|Organism:Influenza	93.437	899	30	20	95	973	1	890	0.0	1306
d7a87f75-45fe-40bd-8d6c-5b47139b8920	gb:MK345707|Organism:Influenza	98.704	1003	9	3	102	1101	1002	1	0.0	1777
8c355b9f-b585-487c-867f-18e291504d62	gb:MK345707|Organism:Influenza	98.308	1005	8	4	107	1105	1002	1	0.0	1753
ea1643f5-6e9e-4621-812f-6c1219d083a4	gb:MN253754|Organism:Influenza	98.053	1027	16	3	93	1115	1027	1	0.0	1783
8892baf2-6e28-4103-be92-4e76bc5a799f	gb:MH546879|Organism:Influenza	97.872	893	13	6	94	983	890	1	0.0	1539
6dc30d16-76e0-493d-95a4-8b4db26b928b	gb:MH546879|Organism:Influenza	92.299	896	33	24	92	957	1	890	0.0	1240
02f67f6b-91b7-4228-8d46-339650c57865	gb:MH546879|Organism:Influenza	96.532	894	16	12	88	970	1	890	0.0	1465
5f17291f-330b-45cb-8d6f-bdfa4f231d4a	gb:MK345707|Organism:Influenza	98.804	1003	7	3	128	1126	1002	1	0.0	1781
9990737c-4dd8-43d6-989c-468e5d5d87eb	gb:MT824898|Organism:Influenza	98.539	890	9	4	89	974	890	1	0.0	1568
d2507992-0212-49ca-a935-a8b86cb1fdce	gb:MK830107|Organism:Influenza	97.706	218	2	2	95	312	1	215	1.38e-101	372
d2507992-0212-49ca-a935-a8b86cb1fdce	gb:MK830107|Organism:Influenza	98.551	69	1	0	305	373	69	1	1.53e-26	122
b937f948-b000-4cd8-b42c-e7dfc7a2777d	gb:MH546879|Organism:Influenza	96.413	892	25	7	83	969	1	890	0.0	1463
e8e89e53-95b2-4c81-8ad6-d0d2439d5e17	gb:MK236956|Organism:Influenza	95.780	1564	47	12	92	1639	1561	1	0.0	2505
ce9d2b03-009c-4c58-a298-034be9bd9d1b	gb:MH546879|Organism:Influenza	96.637	892	21	9	82	966	1	890	0.0	1472
8723f8c1-3348-4f82-9156-a7ab050da030	gb:MH546879|Organism:Influenza	98.320	893	11	2	94	985	1	890	0.0	1563
74d900af-b290-4235-8873-6900b65f8b0c	gb:MT824898|Organism:Influenza	96.309	894	19	14	89	972	1	890	0.0	1456
a9b361bd-ca91-45a7-846f-4ed14b9b8f07	gb:MT824898|Organism:Influenza	98.206	892	12	4	93	982	1	890	0.0	1555
f8c336d1-ba50-4b9d-b6f4-30efb3e3549d	gb:MK345707|Organism:Influenza	96.710	1003	15	9	114	1099	1002	1	0.0	1653
273a4994-9320-4191-b1cd-139e8745f483	gb:MK345707|Organism:Influenza	98.903	1003	6	3	106	1104	1002	1	0.0	1786
968bcbc3-b2ab-47ee-9f8c-e5c073e3be2e	gb:MK345707|Organism:Influenza	97.910	1005	10	7	105	1101	1	1002	0.0	1729
da8744f1-7f4e-47c6-bcd0-2ecbbb4e3278	gb:MH546879|Organism:Influenza	96.641	893	16	13	99	980	1	890	0.0	1471
cab4cdfb-01ef-4a00-b2c7-10dc41354c98	gb:MH546879|Organism:Influenza	98.876	890	9	1	95	983	1	890	0.0	1587
42048761-af37-475f-8236-7d3e4a0ea232	gb:MH546879|Organism:Influenza	96.333	900	18	12	91	985	890	1	0.0	1465
92de0845-ea2d-4b40-9aa5-133a8e1a160b	gb:MT824898|Organism:Influenza	96.536	895	17	12	87	972	1	890	0.0	1469
75ee00a5-ef74-4363-9092-c84345e31df5	gb:MH546879|Organism:Influenza	93.966	895	33	18	95	973	890	1	0.0	1334
6a341e2f-078a-4496-a679-ea9608a29a28	gb:MH546879|Organism:Influenza	98.206	892	10	5	100	987	890	1	0.0	1554
33199850-9ae2-45d3-b0cc-f695d8455d57	gb:MT565729|Organism:Influenza	96.210	1029	27	9	97	1115	1027	1	0.0	1674
7ff8d145-ee7c-46e7-8e38-557d632e6ffa	gb:MH546879|Organism:Influenza	99.213	890	7	0	97	986	890	1	0.0	1605
befdf875-f63b-4020-9973-02d85029a319	gb:MH546879|Organism:Influenza	97.755	891	9	5	99	979	1	890	0.0	1524
7c5fefc3-c7b0-4459-9836-f47be41bbb34	gb:MH546879|Organism:Influenza	96.756	894	14	11	93	977	3	890	0.0	1476
35bc7a6a-8542-47bc-98c0-dcf8544d8f0d	gb:MW872185|Organism:Influenza	97.419	891	20	3	95	983	1	890	0.0	1515
c28f5704-c47f-4e88-bf28-b55121dd921f	gb:MN253754|Organism:Influenza	97.672	1031	17	6	94	1121	1027	1	0.0	1764
d26ead5e-9001-4026-81dc-193cc097d7d1	gb:MH546879|Organism:Influenza	95.302	894	25	15	105	985	1	890	0.0	1402
74c5fef8-5c20-405e-8484-3b3dc3232f95	gb:MK345707|Organism:Influenza	98.902	1002	8	3	109	1107	1002	1	0.0	1786
faca9482-d417-47d8-82a2-e13d96d240f1	gb:MT818944|Organism:Influenza	97.870	892	15	4	85	974	1	890	0.0	1539
acb339c7-c3d6-48ef-bfda-04efd779317c	gb:MK345707|Organism:Influenza	95.648	1011	23	19	100	1099	1	1001	0.0	1604
e26c8b9e-68e9-44ca-9509-ff429578bebb	gb:MK345707|Organism:Influenza	97.906	1003	17	4	102	1101	1002	1	0.0	1733
ac801a04-0e59-47fe-8b7a-ddfbac83f878	gb:MH546879|Organism:Influenza	96.421	894	17	13	91	973	1	890	0.0	1459
c567210b-569d-4984-a9f8-dbde7cd1d2e6	gb:MN253754|Organism:Influenza	95.331	1028	29	14	89	1098	1	1027	0.0	1615
1184b237-a268-4a64-adf1-971c02277d34	gb:MK345707|Organism:Influenza	90.542	1015	45	38	104	1080	1002	1	0.0	1295
251f48c2-075d-4dc0-bcea-9af8ba45c04a	gb:MH135759|Organism:Influenza	94.365	905	28	13	81	978	1	889	0.0	1367
9cee2973-310e-408e-896d-32275b28ec96	gb:MH546879|Organism:Influenza	97.422	892	14	7	94	978	1	890	0.0	1511
1d600bb1-dc17-4071-a1a9-638a535e9d66	gb:MT824898|Organism:Influenza	98.094	892	14	3	97	987	1	890	0.0	1550
20cec494-c7c7-4175-9fc1-fcc36cd98314	gb:MK345707|Organism:Influenza	96.903	1001	21	8	113	1104	3	1002	0.0	1668
7dc0b321-1e2a-4f97-9483-a0c2665f25c8	gb:MH546879|Organism:Influenza	98.768	893	8	3	93	985	1	890	0.0	1585
21ec8978-ce34-43d9-9732-c16aa0e0875a	gb:MN253754|Organism:Influenza	97.570	1029	20	5	100	1125	1027	1	0.0	1757
b372d4b6-f3d2-46fa-a811-5e25b3866a53	gb:MH546879|Organism:Influenza	98.096	893	11	4	93	982	1	890	0.0	1550
e7c1f121-fe93-47cc-899e-1080042fbaa0	gb:MH546879|Organism:Influenza	95.095	897	24	16	92	975	1	890	0.0	1395
dd2b6c04-1e15-4fc7-b3bb-26e91724b43f	gb:MH546879|Organism:Influenza	98.655	892	9	3	101	991	890	1	0.0	1578
d3ba9d79-1c77-458f-8424-5e0643d33a3c	gb:MH546879|Organism:Influenza	96.976	893	15	7	100	984	889	1	0.0	1489
ab166f6d-d1ac-43d3-bf45-62661f9e008a	gb:MK345707|Organism:Influenza	98.506	1004	9	5	110	1109	1002	1	0.0	1766
34620581-3aca-4e65-a808-80111c7f34d7	gb:MH546879|Organism:Influenza	95.759	896	19	19	86	968	890	1	0.0	1426
209e2224-792e-445b-b7c0-ea67118cf34c	gb:MT824898|Organism:Influenza	95.185	893	24	12	93	969	1	890	0.0	1393
ccb39564-0771-4924-9a99-5221685ad122	gb:MT824898|Organism:Influenza	98.544	893	9	3	93	984	1	890	0.0	1574
0ffb95a7-a9d0-4c77-b617-0b80c2373c21	gb:MH637219|Organism:Influenza	96.618	887	23	5	92	972	1	886	0.0	1465
ed8fbee6-74bf-40d0-87e3-a4de7fe8c2ef	gb:MH546879|Organism:Influenza	97.536	893	13	5	97	983	1	890	0.0	1519
3fcae904-32b4-4204-a3a9-525d507de9df	gb:MH546879|Organism:Influenza	97.648	893	15	6	94	983	890	1	0.0	1528
7b53e351-3a35-4a87-a5c3-88f6f24d6217	gb:MH546879|Organism:Influenza	98.092	891	10	6	92	976	1	890	0.0	1544
bfdf8fb4-7ead-4bb8-9fcb-761dc308c064	gb:MH546879|Organism:Influenza	96.976	893	13	11	92	973	1	890	0.0	1487
3a0fd974-5c19-4185-b730-64abd3fe21f5	gb:MK345707|Organism:Influenza	97.811	1005	11	10	109	1105	1002	1	0.0	1724
c812bf75-3bfc-4873-bc2e-c181420d366b	gb:MH546879|Organism:Influenza	96.544	897	19	10	100	991	890	1	0.0	1474
310dda73-bdba-4c8b-8792-70fa651e3a17	gb:MK345707|Organism:Influenza	99.401	1002	6	0	100	1101	1	1002	0.0	1818
e49d85e5-e752-42c3-818d-62faabcf915e	gb:MT565729|Organism:Influenza	93.648	1039	38	22	102	1124	1	1027	0.0	1528
752e4f4b-04f2-4a38-8ae2-231b5e7f5136	gb:MN253715|Organism:Influenza	91.586	1034	51	29	89	1093	1	1027	0.0	1395
aeb36e23-5786-4463-8ced-0c8e1ad3da31	gb:MT818944|Organism:Influenza	98.989	890	8	1	121	1009	890	1	0.0	1592
40bc05b2-a094-4314-a4ed-f4fcdd81e97e	gb:MH546879|Organism:Influenza	96.742	890	18	10	91	969	1	890	0.0	1472
da90df69-b906-440e-ab71-188b2e798c3c	gb:MT824898|Organism:Influenza	97.877	895	12	4	99	991	890	1	0.0	1541
dfc418b3-79a4-4c5a-bb4a-5942fc4795d2	gb:MK345707|Organism:Influenza	97.410	1004	16	8	104	1099	1	1002	0.0	1701
6a84cf3a-a6b4-4856-a1f6-f88b589af750	gb:MT824898|Organism:Influenza	90.625	896	28	38	94	939	1	890	0.0	1138
5ed9fc8b-e342-4a5f-b25a-813b0862933e	gb:KJ568141|Organism:Influenza	93.088	897	34	20	86	961	890	1	0.0	1288
4417e136-ac68-4436-8e9a-52683c9dbbc1	gb:MH637219|Organism:Influenza	95.951	889	16	15	100	972	885	1	0.0	1424
455bb9f6-459e-445d-b1e5-123eeb8cb4a7	gb:MK995789|Organism:Influenza	89.099	899	44	41	91	944	1	890	0.0	1068
61a98b1f-2051-4eee-a342-38a0cd0f7d20	gb:MN254215|Organism:Influenza	96.210	897	24	8	92	985	890	1	0.0	1459
998de1ed-fd50-4b5d-a3f0-471f894a4fa9	gb:MT824898|Organism:Influenza	97.982	892	11	3	94	980	1	890	0.0	1541
6618ce3b-c92a-4f0a-aca0-9c2e3c03cee1	gb:MH546879|Organism:Influenza	97.536	893	15	7	101	989	890	1	0.0	1520
98252e9a-4051-4ee7-821b-a9d1135297ae	gb:MN253754|Organism:Influenza	94.192	1033	36	18	96	1110	1	1027	0.0	1554
dd9dddda-8f21-4355-ba32-720581d1efdc	gb:MH546879|Organism:Influenza	97.427	894	17	5	93	984	890	1	0.0	1519
415d6c32-01e5-4ff3-8764-0954883163f2	gb:MH546879|Organism:Influenza	98.090	890	13	4	77	962	1	890	0.0	1546
26879e9c-2b7c-4d34-8026-b26b0544d476	gb:MK345707|Organism:Influenza	96.123	1006	23	10	108	1101	1002	1	0.0	1628
c61a6494-59e6-4f1e-bb0c-62baa0221e46	gb:MN253754|Organism:Influenza	98.444	1028	15	1	98	1125	1	1027	0.0	1808
8188871e-9273-4c6c-baaa-074bd1e5bc14	gb:MN253754|Organism:Influenza	95.155	1032	34	10	94	1114	1027	1	0.0	1615
864d300f-9737-4e36-a1bf-a19b6d336d88	gb:MH546879|Organism:Influenza	97.207	895	13	11	92	979	1	890	0.0	1504
d1c7c277-439a-4680-bc20-4bd36b364321	gb:MK345707|Organism:Influenza	97.413	1005	21	5	96	1098	1002	1	0.0	1707
b984c99f-5c0d-46aa-9905-f3c60005c0a9	gb:MK345707|Organism:Influenza	94.935	1007	30	18	112	1102	1	1002	0.0	1557
e5fabc8a-523e-4cfb-b7d6-c316a865c008	gb:MT824898|Organism:Influenza	96.433	897	15	13	91	977	1	890	0.0	1463
d1b8265a-b713-4b01-b047-d933816a6054	gb:MH546879|Organism:Influenza	95.991	898	20	11	92	981	890	1	0.0	1445
35bf9989-e2ae-40ae-b49f-3ce78b240b6e	gb:MK345707|Organism:Influenza	99.004	1004	7	3	108	1110	1	1002	0.0	1796
0b85c01f-e6c1-4aac-8a65-32ab903877bb	gb:MN253754|Organism:Influenza	98.247	1027	16	2	94	1118	1027	1	0.0	1796
212ff40d-d656-4ed6-a301-234fc39a1160	gb:MH546879|Organism:Influenza	96.753	893	17	7	92	975	890	1	0.0	1478
d6f9569e-5355-4623-9c13-c2261a75c6a2	gb:CY131977|Organism:Influenza	91.608	989	54	19	128	1096	23	1002	0.0	1339
ddc7493a-f4c6-48e8-8e2f-0535b6627b7e	gb:MT566452|Organism:Influenza	91.020	902	55	19	102	989	890	1	0.0	1194
e5be00ca-0346-46d2-a584-a543eeb19b10	gb:MH637219|Organism:Influenza	96.018	879	18	14	109	978	871	1	0.0	1413
3e6e6c3f-2985-4cd4-8d58-477b4e865c64	gb:MN253754|Organism:Influenza	94.879	1035	29	19	86	1104	1	1027	0.0	1596
9230f25a-6597-4632-b2f3-766eb10d5767	gb:KY561127|Organism:Influenza	95.808	334	6	5	93	425	1	327	1.11e-149	532
9230f25a-6597-4632-b2f3-766eb10d5767	gb:KY561127|Organism:Influenza	90.190	316	22	7	419	728	313	1	9.07e-111	403
581e7d90-3fd9-4c7a-ba97-08b16f369a77	gb:MK345707|Organism:Influenza	98.106	1003	9	5	106	1099	1	1002	0.0	1738
f8796855-b59b-46a3-bc45-b623cc0c16d5	gb:MK345707|Organism:Influenza	98.802	1002	7	4	107	1103	1002	1	0.0	1779
153d5eca-f480-4a0c-808c-b603d8b4c1e5	gb:MK345707|Organism:Influenza	96.326	1007	19	14	104	1097	1	1002	0.0	1639
d2429abb-e00c-42c6-9cf2-6a8704bb71cb	gb:MK995789|Organism:Influenza	94.308	896	19	23	92	961	1	890	0.0	1343
4a8e1c83-003b-4ff1-8585-08828468fa73	gb:MT824898|Organism:Influenza	97.760	893	10	8	96	981	1	890	0.0	1530
57ef332a-d12e-49d7-8fd9-d2a3bb7581e5	gb:MK345707|Organism:Influenza	97.807	1003	14	5	113	1108	1	1002	0.0	1724
1d4da19d-c540-4e38-9f50-08bb159caf17	gb:MH546879|Organism:Influenza	97.760	893	16	3	98	989	1	890	0.0	1535
a392ac46-ab73-4d1e-b2d9-314d6e4d1d5c	gb:MH546879|Organism:Influenza	97.646	892	14	7	97	983	890	1	0.0	1524
871e51ee-1336-4f73-b146-0876fe53211b	gb:MK345707|Organism:Influenza	95.825	1006	18	20	108	1098	1002	6	0.0	1604
bf1e13ca-4de4-4f2e-8127-da4eff16be23	gb:MK345707|Organism:Influenza	97.707	1003	14	6	107	1101	1002	1	0.0	1716
4b857bb1-82da-4c7d-9128-c967aa981a75	gb:MK345707|Organism:Influenza	97.321	1008	14	10	109	1109	1002	1	0.0	1700
85dab04a-7a8c-433c-9a86-b5af594cbc1f	gb:MH546879|Organism:Influenza	93.778	900	24	27	93	971	2	890	0.0	1323
b0517655-b112-40bb-a9c0-af06faae542e	gb:MT824898|Organism:Influenza	97.422	892	13	8	89	972	890	1	0.0	1511
427ea811-3faf-41a7-bba5-196b2ed80b12	gb:MH546879|Organism:Influenza	95.852	892	22	12	92	974	5	890	0.0	1428
22450a66-8b71-4284-8c5b-08dfc3b5d5dc	gb:MH546879|Organism:Influenza	97.095	895	11	10	91	975	890	1	0.0	1495
13d7ce04-ea0a-48a1-a553-c33b057ccade	gb:MH546879|Organism:Influenza	99.101	890	8	0	92	981	1	890	0.0	1600
895d61a7-527b-4b41-b557-2ab1f241139b	gb:MH546879|Organism:Influenza	96.637	892	23	4	122	1008	1	890	0.0	1474
00d2e581-9a07-48e0-a334-6995d83e0364	gb:MK345707|Organism:Influenza	97.714	1006	15	7	107	1108	1	1002	0.0	1724
f957320b-26b9-41a9-ad4c-f4e2dd47a3a8	gb:MK345707|Organism:Influenza	94.851	1010	30	19	103	1098	1	1002	0.0	1557
1f996489-1de9-495a-bfa2-a9f2625eeb81	gb:MT824855|Organism:Influenza	94.451	901	27	22	96	984	1	890	0.0	1365
35ddb9d1-90a3-4987-9a56-28eb467b2823	gb:MH546879|Organism:Influenza	96.878	897	16	10	92	983	1	890	0.0	1491
2c4e3a5f-9232-4e7b-b53c-172cf09162b2	gb:MK345707|Organism:Influenza	97.714	1006	17	6	104	1107	1002	1	0.0	1725
53c9c795-f41d-4897-ae7c-03477a32390e	gb:MK345707|Organism:Influenza	98.503	1002	9	2	106	1101	1	1002	0.0	1762
5f78dcc2-1486-4dbb-b80b-4b2691629b00	gb:MN253754|Organism:Influenza	94.493	1035	38	14	87	1110	1	1027	0.0	1578
c3f6f0f1-f6df-4eac-b991-ce82f813117e	gb:MH546879|Organism:Influenza	98.092	891	12	4	94	980	890	1	0.0	1546
391d4641-4387-4ecc-bc1e-9d6551882f34	gb:MK345707|Organism:Influenza	95.405	1001	25	19	104	1090	9	1002	0.0	1574
9da0fdc9-fa0f-4d9d-9305-bc365cf4a37d	gb:MH546879|Organism:Influenza	96.102	898	17	16	97	984	1	890	0.0	1448
7bc709d9-4173-43b0-bb8a-9d404e608501	gb:MT824898|Organism:Influenza	98.429	891	8	5	100	985	890	1	0.0	1563
43c260c9-6877-4bbc-8d68-b69650626884	gb:MT818944|Organism:Influenza	96.644	894	13	12	97	977	1	890	0.0	1469
99e0680b-2893-492c-bc96-e098d67c5aef	gb:MH546879|Organism:Influenza	91.629	884	31	26	112	965	871	1	0.0	1182
21f8be8b-a493-46f4-881c-f68eaaf94f5a	gb:MH546879|Organism:Influenza	97.079	890	18	8	94	975	890	1	0.0	1493
3f9d2bf9-f365-45af-8402-695b6ef046e7	gb:MK345707|Organism:Influenza	96.340	1011	19	15	106	1107	1002	1	0.0	1646
5d93572e-f3b1-466d-93e7-6d7c39389104	gb:MH546879|Organism:Influenza	94.283	892	30	18	89	967	888	5	0.0	1345
b8502c3c-52c3-4773-9deb-080b03ff8695	gb:MK345707|Organism:Influenza	99.002	1002	8	2	104	1103	1002	1	0.0	1794
8b8c3c67-627a-4971-a28f-d9d4ce50bafb	gb:MK345707|Organism:Influenza	98.205	1003	14	4	111	1110	1002	1	0.0	1749
a013e2af-c1ae-4a54-8463-e52080a9a036	gb:MK345707|Organism:Influenza	97.416	1006	17	8	111	1111	1002	1	0.0	1705
752fb19f-cb6b-4118-8597-3fa31df9409e	gb:MH546879|Organism:Influenza	96.885	899	13	11	93	985	890	1	0.0	1491
81e391a6-2429-4134-9468-a590ea907382	gb:MN253754|Organism:Influenza	94.169	1029	38	15	97	1105	1	1027	0.0	1548
665ec872-0d41-4735-a864-abfc4712ff44	gb:MK345707|Organism:Influenza	98.905	1005	8	1	110	1114	1002	1	0.0	1792
28e9d697-adc2-4ee0-9d6f-ab92f19793cb	gb:MK345707|Organism:Influenza	97.505	1002	15	9	110	1103	3	1002	0.0	1703
c19b77ad-59c4-412e-8b83-4354cd5ab3e8	gb:MN253754|Organism:Influenza	97.379	1030	19	5	95	1119	1	1027	0.0	1746
2da63245-4508-4855-b683-db5c75e6282d	gb:MH546879|Organism:Influenza	98.090	890	12	5	1140	2024	890	1	0.0	1544
2da63245-4508-4855-b683-db5c75e6282d	gb:MH546879|Organism:Influenza	97.312	893	16	8	94	981	1	890	0.0	1509
d83f4866-507f-41ec-b9b4-35fca9008764	gb:MK345707|Organism:Influenza	97.721	1009	11	8	105	1108	1	1002	0.0	1725
b283f110-2e9f-4871-9d41-453942689dd6	gb:MN253754|Organism:Influenza	98.249	1028	14	4	88	1112	1	1027	0.0	1796
81fbc32c-0212-43cf-a932-f4d2cdefe619	gb:MH546879|Organism:Influenza	97.419	891	10	5	98	976	890	1	0.0	1506
628e9225-a471-4e28-86bc-9c3e419b6cac	gb:MH546879|Organism:Influenza	97.095	895	17	6	94	984	890	1	0.0	1500
e4badd84-63c0-436b-bb4e-1af6368b0ef7	gb:MN253754|Organism:Influenza	96.228	1034	25	7	92	1118	1	1027	0.0	1681
34f7298d-217e-43dd-89cb-e7646839c430	gb:MK345707|Organism:Influenza	97.906	1003	14	7	103	1099	1002	1	0.0	1729
e74b172e-a942-414d-8f0b-ec3a0e15b08f	gb:KT887295|Organism:Influenza	91.499	894	44	23	93	958	1	890	0.0	1201
d7bca5ef-f1eb-4f59-8e34-1cb5abb86010	gb:MK345707|Organism:Influenza	95.243	1009	30	17	102	1101	3	1002	0.0	1581
0cae685e-8ca5-4c90-ab45-447da55e3928	gb:MH546879|Organism:Influenza	97.204	894	13	7	91	976	1	890	0.0	1502
14e278a1-b25c-4564-975e-1a7959486881	gb:MH546879|Organism:Influenza	98.989	890	7	2	92	979	890	1	0.0	1592
d73fec17-50f1-4b0e-9cbb-3fc09263f037	gb:MH546879|Organism:Influenza	98.324	895	10	5	92	986	890	1	0.0	1565
c341fd58-9c2b-40bb-bf8f-723b766f3b29	gb:MH546879|Organism:Influenza	97.433	896	12	9	87	977	1	890	0.0	1517
ad6daccd-7191-470b-8895-09f588a64d5a	gb:MH546879|Organism:Influenza	97.646	892	16	5	91	979	1	890	0.0	1526
ab85258d-baab-4deb-b7e5-6dd421143c8f	gb:MH546879|Organism:Influenza	99.101	890	8	0	98	987	890	1	0.0	1600
4d39dcbc-71da-4c2c-8faf-dbca74aa7279	gb:MK345707|Organism:Influenza	97.408	1003	15	7	106	1098	1	1002	0.0	1698
27194590-9d40-4508-8d50-5bc7737d74f8	gb:MT824898|Organism:Influenza	98.541	891	11	2	104	993	1	890	0.0	1572
f0d519a3-9ba7-4139-bb2f-b2a81b5ad661	gb:MK345707|Organism:Influenza	91.691	1011	40	32	103	1078	1	1002	0.0	1362
129bf0e0-a4de-4c76-9bf9-4cdd795d3a7a	gb:MH546879|Organism:Influenza	97.982	892	11	3	683	1569	890	1	0.0	1541
827c4745-0abe-42a3-9d17-600153827fb8	gb:MK345707|Organism:Influenza	94.549	1009	29	21	111	1100	1002	1	0.0	1535
3c096369-3bbd-453f-a085-5c812ab102f5	gb:MK345707|Organism:Influenza	99.103	1003	7	2	112	1113	1	1002	0.0	1801
b311f9d9-f7d6-4dc1-aef9-5538e34a0f1a	gb:MH546879|Organism:Influenza	96.980	894	16	8	95	981	890	1	0.0	1491
35934d8f-e7d0-4277-a3c1-274f1770a748	gb:MH546879|Organism:Influenza	98.646	886	10	2	97	982	890	7	0.0	1568
9e75d663-14d1-4d20-a3bf-b08c768424b8	gb:MT824898|Organism:Influenza	97.768	896	9	9	94	984	890	1	0.0	1533
39e3ebe2-1a05-40ba-916b-9f8daf08ea62	gb:MK345707|Organism:Influenza	98.106	1003	12	3	110	1106	1002	1	0.0	1740
3e61387b-5fb1-4cbb-909c-984e4ef27535	gb:MH546879|Organism:Influenza	97.194	891	13	10	81	960	890	1	0.0	1496
f3a94068-96a7-4f5b-a3a4-c80151e05bee	gb:MK345707|Organism:Influenza	98.405	1003	11	5	118	1118	3	1002	0.0	1759
83c3ced3-50c7-4e3c-8808-05714ae09136	gb:MN253754|Organism:Influenza	97.187	1031	18	9	99	1122	1027	1	0.0	1733
3b5fc53f-d5c2-4212-836f-05a2a3ca895e	gb:MN253754|Organism:Influenza	95.930	1032	27	10	93	1114	1027	1	0.0	1659
96a8d5da-fbb4-4594-93df-3d63e1a58864	gb:MH546879|Organism:Influenza	97.879	896	9	9	100	991	890	1	0.0	1541
b6d968d5-f339-4153-a712-4049d329c7c0	gb:MH546879|Organism:Influenza	97.534	892	15	4	90	976	1	890	0.0	1519
21445792-74b3-432d-9b2f-c5291cdc5877	gb:MT818944|Organism:Influenza	93.034	890	35	23	96	964	884	1	0.0	1275
43788d74-ead0-4387-8f51-2f92a007e099	gb:MT818944|Organism:Influenza	97.758	892	16	4	128	1017	890	1	0.0	1533
1c354a7d-31ed-4d93-bd5c-22a38f4cc24d	gb:MH546879|Organism:Influenza	97.760	893	12	8	95	982	1	890	0.0	1531
2ab3125a-1ccb-4e35-a578-3e74e7e99485	gb:MH546879|Organism:Influenza	97.088	893	18	8	94	981	890	1	0.0	1498
e87182e1-4788-42b1-920b-d95e1acd9730	gb:MH546879|Organism:Influenza	97.875	894	12	5	96	986	890	1	0.0	1539
bbec7a6c-04a7-43d4-bbc5-c7a74d4aff7b	gb:MT818944|Organism:Influenza	96.429	896	20	8	92	981	890	1	0.0	1467
8f37d980-3742-4e9d-bfc8-209a939acb02	gb:MN253783|Organism:Influenza	92.174	1035	44	25	95	1100	1027	1	0.0	1428
06edc957-03b3-4c75-88d2-25b250a6b783	gb:MH546879|Organism:Influenza	96.409	891	24	7	94	977	1	890	0.0	1461
45820bcb-0592-4952-888f-2137b5b8c1f8	gb:MH546879|Organism:Influenza	98.652	890	10	1	99	986	890	1	0.0	1576
3d883278-a621-4eec-a1ae-dcee905a010a	gb:MH251159|Organism:Influenza	92.881	899	39	18	94	976	1	890	0.0	1282
9b59f0c7-7a93-40f0-9b98-6151fb8e40fd	gb:MH546879|Organism:Influenza	93.902	902	33	14	92	983	1	890	0.0	1341
c6999050-45b8-4986-b0ea-fccef3a4a2dd	gb:MN253754|Organism:Influenza	96.314	1031	20	13	84	1100	1	1027	0.0	1677
f79745bf-7558-4daa-8be2-127ea55bd1a5	gb:MK345707|Organism:Influenza	97.725	1011	12	3	109	1117	1	1002	0.0	1729
75813875-b314-4862-abd5-0f7ffc4bbc2f	gb:MT825079|Organism:Influenza	93.090	1042	44	23	94	1122	1027	1	0.0	1500
4861e14b-4f4b-44df-a39f-715fc82f2a77	gb:MH546879|Organism:Influenza	94.883	899	23	15	98	982	890	1	0.0	1384
c3094e03-0f3b-4f9b-aaec-3d102e005f8c	gb:MH546879|Organism:Influenza	98.434	894	10	3	95	988	1	890	0.0	1570
ca588762-c5ed-46ef-94d2-41869b9da5aa	gb:MH546879|Organism:Influenza	97.648	893	13	7	94	981	1	890	0.0	1526
6a2cf7b1-50b3-4371-90a8-2e04237c4832	gb:MT824898|Organism:Influenza	98.315	890	10	4	100	984	1	890	0.0	1555
cd098ee7-0094-4440-8479-058a7c2d98d1	gb:MK345707|Organism:Influenza	96.418	1005	22	10	100	1093	1002	1	0.0	1644
e8e01910-b744-4fc1-91fb-a8499a467380	gb:MN253754|Organism:Influenza	98.054	1028	18	2	98	1124	1	1027	0.0	1786
fed19108-0cd8-4cb2-8d35-3c26206c4d2a	gb:MH546879|Organism:Influenza	98.316	891	11	3	84	971	1	890	0.0	1559
fed19108-0cd8-4cb2-8d35-3c26206c4d2a	gb:MH546879|Organism:Influenza	96.656	897	16	12	1132	2021	890	1	0.0	1478
951556e5-72e8-4a60-bc3a-034132528749	gb:MK345707|Organism:Influenza	97.711	1005	14	7	114	1112	1002	1	0.0	1720
7cd15312-0c82-402b-a8da-92aacbbb2469	gb:MH546879|Organism:Influenza	98.541	891	11	2	126	1015	890	1	0.0	1572
9bbcbec3-ee94-4631-94ba-7e3404f584d8	gb:MK345707|Organism:Influenza	97.126	1009	12	12	92	1090	1002	1	0.0	1687
9b85f5d6-466a-4981-abcb-f14f8c0407af	gb:MH546879|Organism:Influenza	97.309	892	15	7	94	978	1	890	0.0	1506
346656c3-fa11-4fc4-99e2-29c1fd65e780	gb:MK995821|Organism:Influenza	97.309	892	20	4	91	981	2	890	0.0	1511
7bd2b07a-e15f-4754-b607-57dda1c8e497	gb:MH637219|Organism:Influenza	95.969	893	13	14	93	970	885	1	0.0	1428
6aee5963-3c95-4cd2-acdc-ca03d6d9982f	gb:MT824898|Organism:Influenza	96.749	892	23	5	88	975	890	1	0.0	1482
4ae8a5a9-c0dc-44b9-ad24-a570a3e1bc1a	gb:MT824898|Organism:Influenza	97.427	894	13	6	98	985	890	1	0.0	1515
f9d75ab2-3c3a-488f-bdce-3c1544b35ced	gb:MK345707|Organism:Influenza	97.009	1003	17	7	107	1097	1002	1	0.0	1674
7422d112-b2b0-4ba0-be7e-f8a130dc91ba	gb:MT824898|Organism:Influenza	97.989	895	12	5	96	989	1	890	0.0	1548
b05ef474-3752-4321-83a3-7e97b6c95262	gb:MK345707|Organism:Influenza	97.416	1006	17	9	106	1106	1	1002	0.0	1705
9a6e30c4-b7fd-4cdc-a06f-2b203e87348b	gb:MK345707|Organism:Influenza	98.603	1002	8	4	110	1105	1002	1	0.0	1768
534b9dfd-d19c-4325-a80b-c97c3d8c85da	gb:MW872185|Organism:Influenza	98.315	890	14	1	90	978	1	890	0.0	1559
50079278-6e59-4625-b813-29c620a7dc43	gb:MH546879|Organism:Influenza	96.865	893	21	7	100	988	890	1	0.0	1487
fab5a298-0926-4209-859f-d985c248f713	gb:MH546879|Organism:Influenza	98.539	890	10	2	92	978	1	890	0.0	1568
6197779d-b905-49e0-95aa-e7b3d97245dd	gb:MH546879|Organism:Influenza	97.865	890	11	6	94	980	890	6	0.0	1531
860cb44e-71a4-4718-9c16-046743089640	gb:MK345707|Organism:Influenza	98.307	1004	10	4	101	1099	1	1002	0.0	1753
05bf62c9-38aa-41b6-811b-f31b25c804e1	gb:MW872139|Organism:Influenza	95.312	896	19	19	95	973	890	1	0.0	1400
9f1b815a-3978-4996-8243-b118dea3db9d	gb:MK345707|Organism:Influenza	98.307	1004	9	6	92	1089	1002	1	0.0	1753
903af822-71ca-454f-ad73-04b297a48a4d	gb:MH546879|Organism:Influenza	96.633	891	17	11	79	957	1	890	0.0	1467
d7858c25-7bc2-47a6-8649-6898449cc22f	gb:MT566214|Organism:Influenza	96.793	1029	20	11	92	1109	1	1027	0.0	1705
726725ac-9d94-4c05-9179-47c016e044a2	gb:MN253754|Organism:Influenza	96.984	1028	23	7	95	1115	1027	1	0.0	1720
d1437436-d9f2-4c4d-96e9-8b01e4d886d1	gb:MH733752|Organism:Influenza	88.694	1026	89	18	87	1089	1026	5	0.0	1227
d0c206f0-446b-4136-8ad7-c8d234fc4c00	gb:MT824898|Organism:Influenza	92.588	904	30	24	92	972	890	1	0.0	1264
96e81dc2-bcb5-466c-b329-4781ea9aaf99	gb:MH546879|Organism:Influenza	95.969	893	21	15	91	971	1	890	0.0	1435
cd7390e7-3d22-4703-91f9-86f9fa706429	gb:MK345707|Organism:Influenza	97.512	1005	17	7	108	1107	1	1002	0.0	1711
6679723b-8aeb-4f77-aa45-5131ebf1a758	gb:MK345707|Organism:Influenza	98.703	1002	11	2	109	1108	1	1002	0.0	1777
6679723b-8aeb-4f77-aa45-5131ebf1a758	gb:MK345707|Organism:Influenza	97.024	1008	15	12	1303	2301	1002	1	0.0	1681
e75c9a89-24c9-46c7-b8b6-6cdfb54518ed	gb:MN253754|Organism:Influenza	97.478	1031	16	9	92	1116	1027	1	0.0	1751
022adaa1-d000-4142-9211-9ef2f483f386	gb:MH546879|Organism:Influenza	95.323	898	23	14	87	973	1	890	0.0	1408
3e02af1b-6b9d-4b87-996b-e92662cc0015	gb:MK236956|Organism:Influenza	96.935	1566	36	10	97	1655	1561	1	0.0	2615
e414a3bf-56c3-45e0-940b-aec184830bf6	gb:MK345707|Organism:Influenza	97.030	1010	12	12	100	1099	1	1002	0.0	1683
c64ca9e5-b81b-4f17-8e32-db1424722df4	gb:MH546879|Organism:Influenza	98.316	891	12	3	87	975	1	890	0.0	1559
6ef5ef07-bcf8-45ea-8570-c81cd7ad0fe4	gb:MT824898|Organism:Influenza	96.429	896	17	12	96	982	890	1	0.0	1463
c7a4f889-aea5-4eb0-9049-c9ce5c9a9e36	gb:MK345707|Organism:Influenza	98.902	1002	8	3	111	1109	1002	1	0.0	1786
b5586ffa-9e4a-43d1-bfe7-7c22d1d83c42	gb:MH546879|Organism:Influenza	98.764	890	11	0	96	985	1	890	0.0	1583
22c55911-dfcf-4e7c-8b80-8dbf29e004ef	gb:MH546879|Organism:Influenza	98.092	891	12	5	85	971	890	1	0.0	1546
23490645-fa29-4a90-9bc9-4cf32ebcd52b	gb:MK345707|Organism:Influenza	97.612	1005	13	8	103	1099	1	1002	0.0	1712
5f81de6b-ac38-4197-86cc-00b07b048456	gb:MK345707|Organism:Influenza	98.012	1006	10	6	143	1142	1002	1	0.0	1738
6e656b86-599d-440b-9bcd-587d82abf1ef	gb:MH546879|Organism:Influenza	97.973	888	11	5	95	978	890	6	0.0	1533
f92d8cbe-e90d-4728-a9f6-1f1803a828bd	gb:MK345707|Organism:Influenza	97.605	1002	9	9	108	1094	1	1002	0.0	1703
825ae1af-5cc8-4669-8925-592293d4ddd2	gb:MN253754|Organism:Influenza	94.316	1038	29	21	85	1103	1027	1	0.0	1563
b340d9c2-c2d5-4362-bd15-340500e8577a	gb:MH546879|Organism:Influenza	96.309	894	19	7	94	977	1	890	0.0	1456
f6193ec1-bf86-4e85-b2cc-4b5d39481c50	gb:MH546879|Organism:Influenza	98.092	891	11	5	95	980	890	1	0.0	1546
f7b40035-2c68-4543-9eda-a73a3f9edb13	gb:MN253754|Organism:Influenza	96.425	1035	21	9	90	1116	1027	1	0.0	1692
c320c6b2-ad44-41df-9982-a223d8797621	gb:MK345707|Organism:Influenza	94.930	1006	23	24	114	1095	1002	1	0.0	1550
d5b1aef6-b214-4c79-95f6-d6dd82e46125	gb:MW872185|Organism:Influenza	92.723	907	33	22	87	977	1	890	0.0	1279
7fc685c4-a862-4cc9-9b3d-d5f97f6623ea	gb:MK345707|Organism:Influenza	98.785	988	8	4	106	1089	1	988	0.0	1755
6245c93b-f2a7-477d-814a-180d8029da20	gb:MT824898|Organism:Influenza	98.079	885	13	4	88	969	1	884	0.0	1537
54d51a78-44e5-4c20-a451-9fdf037cf20a	gb:MH546879|Organism:Influenza	96.280	887	17	10	97	969	890	6	0.0	1441
208ef2d4-cd36-4e01-930c-6613b4305710	gb:MT818944|Organism:Influenza	97.753	890	18	2	90	977	1	890	0.0	1531
47555915-651b-44e1-9e4b-85bcfd6e5755	gb:MH546879|Organism:Influenza	96.970	891	16	8	72	952	890	1	0.0	1485
2ec67d19-518a-4132-8639-2ca976b35785	gb:MH546879|Organism:Influenza	97.877	895	14	4	93	987	1	890	0.0	1543
b9b824d2-5beb-4df1-a261-ad032b1b0e4b	gb:MK345707|Organism:Influenza	97.405	1002	13	9	101	1093	5	1002	0.0	1694
eae148b6-7cac-47af-9b9f-92b55d9229dd	gb:MT824898|Organism:Influenza	97.531	891	14	7	120	1003	890	1	0.0	1517
74c606f8-b5e1-4356-88f9-9c50c8c7c530	gb:MK345707|Organism:Influenza	97.120	1007	13	11	107	1105	1	999	0.0	1685
f950192e-e166-4b12-aa81-995ad192f42f	gb:MK327714|Organism:Influenza	91.794	914	37	25	93	992	890	1	0.0	1238
1856f88d-6c27-4081-b396-1aa46fe3d52f	gb:MK345707|Organism:Influenza	97.507	1003	12	7	110	1100	1002	1	0.0	1701
c7f78a05-d4a0-494e-b02e-483c5f974192	gb:MK345707|Organism:Influenza	98.606	1004	9	4	109	1109	1002	1	0.0	1772
669fe20a-abd1-47f2-af9e-2278f302f706	gb:MH546879|Organism:Influenza	97.318	895	16	7	98	989	1	890	0.0	1513
9d8448d0-3590-4bd8-90bc-e093d1d30d7e	gb:MW872139|Organism:Influenza	96.742	890	15	7	95	970	890	1	0.0	1471
333f3933-202b-4315-88a3-28b8eccda6ef	gb:MH546879|Organism:Influenza	96.536	895	15	7	92	975	1	890	0.0	1467
2da1a3f3-1870-427f-823e-f625e226e8f6	gb:MK913493|Organism:Influenza	92.643	1033	42	30	91	1095	1	1027	0.0	1456
68de7726-97ff-442e-ab84-4b2f40d248cd	gb:MK345707|Organism:Influenza	94.538	1007	27	23	104	1089	3	1002	0.0	1530
3d055fd2-6ac9-4ba5-b0ae-de7741af0fda	gb:MK995821|Organism:Influenza	97.753	890	14	4	85	968	1	890	0.0	1528
9540ef7f-8b97-45f1-bd7c-a7dbe4ed6e90	gb:MH546879|Organism:Influenza	97.427	894	17	2	94	985	1	890	0.0	1519
3e86e3b3-53e4-4fb7-93ba-b72a3e751a3a	gb:MK345707|Organism:Influenza	98.903	1003	8	3	127	1127	1002	1	0.0	1788
b9e96feb-26ce-49dc-8ef2-ef6a0bf39d99	gb:MK345707|Organism:Influenza	97.894	997	13	8	110	1099	7	1002	0.0	1718
5f2540fa-cb50-4953-ada9-4a2ddf3d6abc	gb:MH546879|Organism:Influenza	98.768	893	8	1	91	983	890	1	0.0	1585
f999cde3-e407-4c14-8ad1-3d74fa1ce54f	gb:MK345707|Organism:Influenza	98.305	1003	16	1	106	1108	1	1002	0.0	1757
b083f3ba-609c-4701-9adc-8604bf03f02b	gb:MH546879|Organism:Influenza	97.416	890	16	6	92	974	890	1	0.0	1509
09171c0b-85cf-4be2-a8d4-0a5f80fae973	gb:MK928237|Organism:Influenza	91.005	1045	47	33	90	1105	1027	1	0.0	1365
0e8cd42e-f2cf-4642-a811-4a34d48a9431	gb:MH546879|Organism:Influenza	98.652	890	10	1	94	981	890	1	0.0	1576
52613f3c-82f1-4970-a4bb-b6d7cc7dbb8d	gb:MH546879|Organism:Influenza	98.653	891	9	3	97	985	890	1	0.0	1576
fc0e8f3c-4445-49dd-85f3-fde6f2662cda	gb:OL334695|Organism:Influenza	92.874	842	31	20	118	936	838	3	0.0	1195
f102783c-498c-45ad-bc8a-969e54d8acb6	gb:MH546879|Organism:Influenza	95.762	873	22	15	112	975	872	6	0.0	1393
f1c90b5c-97a3-4563-a5bf-220169aa9c47	gb:MK345707|Organism:Influenza	98.705	1004	9	4	106	1107	1002	1	0.0	1779
9f8b843f-afed-445b-a9aa-2d8122b312e6	gb:MH546879|Organism:Influenza	97.980	891	15	3	93	981	890	1	0.0	1543
1f05498f-e71c-4204-bb5f-65a2ade9d308	gb:KY644399|Organism:Influenza	91.750	897	45	26	92	967	889	1	0.0	1219
0ec3c61f-77de-4ff9-b19a-d653befba6d2	gb:MH546879|Organism:Influenza	96.753	893	17	12	94	977	890	1	0.0	1478
e256c5d9-9757-4eda-b66b-7ed83aa3a9e6	gb:MH546879|Organism:Influenza	95.312	896	22	17	97	978	890	1	0.0	1404
69a6fade-ad51-4f87-bb5a-74cfd595e73e	gb:MH546879|Organism:Influenza	98.092	891	12	3	94	980	890	1	0.0	1546
69a6fade-ad51-4f87-bb5a-74cfd595e73e	gb:MH546879|Organism:Influenza	95.349	903	18	15	1143	2034	1	890	0.0	1413
34954acb-5cec-47e6-96ad-79f27a9c80b2	gb:MK345707|Organism:Influenza	98.303	1002	12	3	109	1105	1	1002	0.0	1751
e987b601-6fe8-4e16-93fa-f8e8ff209aa2	gb:MT818944|Organism:Influenza	96.659	898	16	9	90	981	890	1	0.0	1480
b8e18316-f952-43e4-886e-b9ffd4939dad	gb:MH546879|Organism:Influenza	96.742	890	19	7	89	968	1	890	0.0	1474
77f8d30f-9ee6-49b5-9510-ec29e9d79119	gb:MH546879|Organism:Influenza	98.206	892	13	3	98	988	890	1	0.0	1555
65d06057-a6ba-4090-a073-e68be15fb9ea	gb:MH546879|Organism:Influenza	98.989	890	9	0	1142	2031	890	1	0.0	1594
65d06057-a6ba-4090-a073-e68be15fb9ea	gb:MH546879|Organism:Influenza	98.427	890	10	4	89	974	1	890	0.0	1563
07764c16-1062-4f45-a2dd-37f0833833be	gb:MK345707|Organism:Influenza	96.329	1008	18	15	101	1098	4	1002	0.0	1639
1a7688d8-8cbf-4204-a8c0-60412125a1ea	gb:MT818944|Organism:Influenza	96.081	893	23	11	99	982	890	1	0.0	1445
0ac308d2-ec24-4713-88b2-14f709c464e6	gb:CY096675|Organism:Influenza	94.015	1036	46	13	92	1120	1	1027	0.0	1555
b7a860e4-ada8-43ae-822f-308e67d09f3c	gb:KX351668|Organism:Influenza	92.449	1033	44	21	91	1095	1027	1	0.0	1445
c3f0a7db-b988-420c-ba0f-b163a1ac475f	gb:MK345707|Organism:Influenza	98.704	1003	8	5	101	1099	1	1002	0.0	1775
fb89fe5f-9e13-47aa-8849-905287bce6cb	gb:MK345707|Organism:Influenza	97.610	1004	14	7	110	1105	1002	1	0.0	1712
2ca6af33-eeac-4e62-b793-37bb4f3eb0d2	gb:MK236956|Organism:Influenza	96.737	1563	42	8	91	1646	1561	1	0.0	2595
50cd43a4-eec2-4cbf-9782-afe4d516df0c	gb:MN253754|Organism:Influenza	94.595	1036	35	17	99	1122	1	1027	0.0	1583
1c883832-49f0-4abf-8e09-30e12a7a13fe	gb:MK345707|Organism:Influenza	98.804	1003	7	5	106	1104	1002	1	0.0	1781
43f5b0f6-d8cb-44b0-a7de-88506ef44cfa	gb:MK345707|Organism:Influenza	98.903	1003	9	2	106	1107	1002	1	0.0	1790
ccdc67e5-0252-4a68-a524-f6c576628c53	gb:MW875018|Organism:Influenza	97.683	863	10	7	119	974	860	1	0.0	1474
34e63922-156b-4399-99f3-7ac5d6d0e002	gb:MK345707|Organism:Influenza	96.020	1005	22	13	106	1095	1	1002	0.0	1618
3f2769ef-174a-49e7-a148-2422255e330b	gb:MK345707|Organism:Influenza	98.600	1000	10	4	107	1104	998	1	0.0	1766
15f0220a-339f-4a0f-98d3-c219a80ee2bf	gb:MH546879|Organism:Influenza	98.430	892	10	3	90	979	1	890	0.0	1567
15f0220a-339f-4a0f-98d3-c219a80ee2bf	gb:MH546879|Organism:Influenza	97.534	892	10	7	1147	2033	885	1	0.0	1515
606744fc-e7a7-4567-843f-34ed8f2e8e70	gb:MW872139|Organism:Influenza	98.873	355	3	1	97	451	890	537	1.09e-179	632
606744fc-e7a7-4567-843f-34ed8f2e8e70	gb:MW872139|Organism:Influenza	90.604	298	13	10	444	727	565	861	4.36e-104	381
fb8cba5c-2f9e-4dc6-a50f-c15dd1eabc21	gb:MK345707|Organism:Influenza	97.027	1009	17	10	97	1099	1002	1	0.0	1685
02f3dd50-d47a-441a-a6b2-88f4ed32e11f	gb:MH546879|Organism:Influenza	98.090	890	15	2	93	980	890	1	0.0	1548
ac80f10f-7b01-4c63-a4ba-383ba749bfe0	gb:MN253754|Organism:Influenza	97.760	1027	21	1	93	1117	1	1027	0.0	1768
ac46a3b3-14bc-41ea-a564-0d5c5a9026b8	gb:MK345707|Organism:Influenza	94.530	969	30	19	143	1099	45	1002	0.0	1474
a27506db-4fb2-41aa-850f-8792b7345cc5	gb:MT824898|Organism:Influenza	97.978	890	15	3	100	986	1	890	0.0	1541
c543ee32-9e1d-444f-b022-b8c7373f42ce	gb:MH546879|Organism:Influenza	96.540	896	16	13	100	986	890	1	0.0	1469
9bc47b76-446f-4013-a53c-1be0bcfc3b10	gb:MH546879|Organism:Influenza	95.773	899	23	15	1133	2025	890	1	0.0	1435
9bc47b76-446f-4013-a53c-1be0bcfc3b10	gb:MH546879|Organism:Influenza	95.196	895	21	15	89	966	1	890	0.0	1395
d47a1b72-fcdb-45f7-aa8a-cefdda973701	gb:MH546879|Organism:Influenza	98.879	892	8	2	93	984	890	1	0.0	1591
1f5eb785-d241-41f5-88e8-5020adaa02aa	gb:MH637219|Organism:Influenza	97.185	888	16	9	92	974	1	884	0.0	1493
8643393f-d893-4617-b00b-6db4eaf4738a	gb:MK345707|Organism:Influenza	98.113	1007	8	10	104	1104	1002	1	0.0	1744
2b7abb7a-01d1-4ec7-80c6-4e487ac52859	gb:MW872139|Organism:Influenza	95.201	896	16	15	96	970	890	1	0.0	1391
9f6ec8ad-9e76-41fe-94a6-37e7b24d2f65	gb:MW872139|Organism:Influenza	97.309	892	17	6	95	981	890	1	0.0	1507
a8c67883-5d1c-4919-8cae-6c6d89ff133e	gb:MH546879|Organism:Influenza	97.865	890	17	2	95	982	890	1	0.0	1537
e7dd9e32-7f3a-4772-be50-a2db4c40f823	gb:MH546879|Organism:Influenza	99.214	891	5	2	656	1545	1	890	0.0	1605
bea593dc-abff-4000-8d04-e6600afab17e	gb:MT824898|Organism:Influenza	98.098	894	11	4	91	982	1	890	0.0	1552
c3ee5a1a-9748-428d-9252-830e8bffc172	gb:MH546879|Organism:Influenza	97.303	890	14	5	133	1012	1	890	0.0	1502
9ff1f57a-9f62-404d-9cef-8456770f105e	gb:MT824898|Organism:Influenza	98.989	890	9	0	90	979	890	1	0.0	1594
11b97135-c65d-410d-a48d-1520db9cf74e	gb:MH546879|Organism:Influenza	91.722	906	40	27	89	975	890	1	0.0	1225
078369d9-b8eb-43fe-83aa-94d233f9623a	gb:MT824898|Organism:Influenza	95.404	892	24	14	95	975	890	5	0.0	1404
8d047907-4f3c-4a54-8edb-12f792d10ce8	gb:MT824898|Organism:Influenza	98.398	874	8	4	139	1007	18	890	0.0	1531
c89401a1-48ff-4e93-beef-730ca1fc4753	gb:MH546879|Organism:Influenza	97.978	890	12	4	96	979	890	1	0.0	1539
22231836-585d-4347-82ec-e9f12e6610aa	gb:MH546879|Organism:Influenza	97.191	890	15	8	91	970	1	890	0.0	1496
e8aefb48-fee8-4d28-8fb2-c2f74646e615	gb:MT824898|Organism:Influenza	97.536	893	14	6	99	986	890	1	0.0	1520
f336e91d-ae54-4b86-bcc0-4686be6763ef	gb:MH546879|Organism:Influenza	99.213	890	7	0	124	1013	890	1	0.0	1605
a825ac5c-20f8-49cc-8a6e-12eddc65e75e	gb:MH546879|Organism:Influenza	97.312	893	12	10	94	977	890	1	0.0	1506
43cd8fbd-24db-4742-a912-99a1e91a805d	gb:MK345707|Organism:Influenza	98.804	1003	8	4	110	1109	1	1002	0.0	1783
ee73a2c5-04de-4de6-acdc-97f84ddb93ed	gb:MT824898|Organism:Influenza	95.787	902	21	11	82	978	1	890	0.0	1439
89010c43-567b-4ede-9492-2d3261b1b4ee	gb:MT818944|Organism:Influenza	98.206	892	10	6	94	981	890	1	0.0	1554
891e7a0e-796c-4731-94ad-feb97afd39b4	gb:MN253731|Organism:Influenza	92.926	1032	42	19	92	1097	1027	1	0.0	1472
6dfb42b7-5d31-4b67-86e1-b6694cf316c2	gb:MN253754|Organism:Influenza	96.893	1030	20	10	92	1112	1	1027	0.0	1714
f3b46289-6d97-4019-babe-89e239f9ee83	gb:MH546879|Organism:Influenza	96.648	895	18	10	120	1007	1	890	0.0	1476
80b05fe3-0ead-4d77-9e20-60c0b2240519	gb:MK345707|Organism:Influenza	95.945	1011	20	15	105	1103	1002	1	0.0	1620
d2463b24-1ee5-47fb-8a7a-dc2126f4d120	gb:MN253754|Organism:Influenza	97.858	1027	19	3	91	1114	1027	1	0.0	1772
91e8fef5-aad0-4aaf-9447-89439f870c25	gb:MH637219|Organism:Influenza	98.307	886	11	4	96	979	884	1	0.0	1550
4e981a11-f7d0-471d-a2a8-2dbe30388678	gb:MK345707|Organism:Influenza	98.014	1007	13	4	107	1111	1	1002	0.0	1742
f739b6e9-9ec6-43fd-b5a7-c3bb3350457b	gb:MH546879|Organism:Influenza	98.876	890	8	2	93	980	890	1	0.0	1587
baf04329-2c73-4570-9696-69fe14cc0b31	gb:MK345707|Organism:Influenza	98.193	996	15	3	106	1099	8	1002	0.0	1736
51320a0a-2f04-41e3-a788-1ad8abdd837b	gb:MH546879|Organism:Influenza	97.982	892	15	3	98	988	890	1	0.0	1544
52ca56ec-d07b-4771-b329-a1730de5adf0	gb:MK345707|Organism:Influenza	97.809	1004	12	6	111	1106	1002	1	0.0	1724
570a5720-7c93-45be-83f5-1313bfc1d350	gb:MH546879|Organism:Influenza	95.212	898	22	17	90	974	890	1	0.0	1400
a8f42c50-a390-4acd-8782-7263516d38df	gb:MT824898|Organism:Influenza	97.545	896	10	9	94	983	890	1	0.0	1522
8151da79-2b83-45e0-80ef-379884c244c8	gb:MK345707|Organism:Influenza	98.411	1007	7	6	111	1113	1002	1	0.0	1762
fe29779e-79a2-43cb-98c5-242d025bbd59	gb:MW872139|Organism:Influenza	96.210	897	18	13	93	980	890	1	0.0	1454
992f3d1b-f728-4343-917d-e27f4cf9ba99	gb:MK345707|Organism:Influenza	94.328	1005	22	26	1258	2237	995	1	0.0	1507
992f3d1b-f728-4343-917d-e27f4cf9ba99	gb:MK345707|Organism:Influenza	91.296	1011	42	28	105	1078	1	1002	0.0	1338
c7a18bba-8dde-4804-b625-6da9715dbffb	gb:MH546879|Organism:Influenza	95.424	896	27	11	90	977	1	890	0.0	1415
f3bdffd9-2463-4ab3-a6a6-662da4aa0f52	gb:MK345707|Organism:Influenza	99.002	1002	7	2	100	1098	1002	1	0.0	1792
1d80c34a-6a76-4b89-85fd-dda94396e283	gb:MK345707|Organism:Influenza	98.802	1002	8	2	118	1115	1	1002	0.0	1781
026874f0-eea9-4229-8066-d95cd7a6e7a0	gb:MH546879|Organism:Influenza	93.437	899	26	25	91	965	890	1	0.0	1303
ef8ed9a9-4f50-4f56-be4e-f53b8d733982	gb:MH546879|Organism:Influenza	97.095	895	16	10	92	981	890	1	0.0	1500
cc9bf423-67fc-479c-9da4-b7863ea7bca1	gb:MH637219|Organism:Influenza	97.860	888	12	7	98	981	885	1	0.0	1528
e3ea73e1-3f5e-4c2c-a08b-07c66d74d71d	gb:MH546879|Organism:Influenza	95.768	898	19	16	97	983	890	1	0.0	1430
685c0fdb-466a-42ed-b1aa-3aa058ab909b	gb:MH546879|Organism:Influenza	98.092	891	12	4	96	982	1	890	0.0	1546
454d9e05-732b-44a0-918b-ff37758f22b6	gb:MT824898|Organism:Influenza	97.770	897	12	6	95	990	1	890	0.0	1539
b0164157-dbdc-428b-84d1-1540cfc14c0f	gb:MN253754|Organism:Influenza	97.085	1029	18	8	93	1111	1027	1	0.0	1724
52046de5-a3ec-4208-8e7c-e4e6cd68c1ec	gb:MK345707|Organism:Influenza	97.206	1002	19	9	106	1098	1002	1	0.0	1687
ee5f197f-00cc-4c6a-b0ff-f00879134330	gb:MH546879|Organism:Influenza	98.765	891	10	1	98	988	890	1	0.0	1583
6a03e976-95d7-42e0-8e14-f4bc7f9ab9f4	gb:MH546879|Organism:Influenza	96.976	893	19	8	85	972	1	890	0.0	1493
9d23e2fe-1105-44b1-a277-d28688a478cf	gb:MT824898|Organism:Influenza	98.989	890	8	1	96	984	1	890	0.0	1592
5895baf4-6513-4f0d-b5ab-430919202472	gb:MH546879|Organism:Influenza	98.315	890	10	2	94	978	890	1	0.0	1555
a286154d-3516-4a66-b75d-f73a6f42e2da	gb:KY644464|Organism:Influenza	92.473	1023	40	22	120	1106	1022	1	0.0	1428
2788967f-033a-496a-8ddc-0b7aeebd1d72	gb:MK345707|Organism:Influenza	98.307	1004	13	3	102	1103	1002	1	0.0	1757
41e91e91-e0fe-48bb-ada0-42f78eb22ddc	gb:MT912516|Organism:Influenza	95.509	1002	27	17	104	1090	4	1002	0.0	1585
3970ba44-04f3-49c5-b7c8-6037efa7e28c	gb:MK345707|Organism:Influenza	98.808	1007	6	4	108	1113	1002	1	0.0	1788
22327ac6-9d1c-43ea-bbee-1802efcec679	gb:MK326816|Organism:Influenza	93.192	896	36	20	85	961	1	890	0.0	1293
92cb035c-9368-48f7-9415-3fdffd649bcb	gb:MH546879|Organism:Influenza	95.506	890	18	16	90	962	1	885	0.0	1402
0d6641b0-13e7-498a-bbbf-50b8e733879d	gb:MK345707|Organism:Influenza	97.106	1002	20	8	1291	2285	3	1002	0.0	1681
0d6641b0-13e7-498a-bbbf-50b8e733879d	gb:MK345707|Organism:Influenza	96.816	1005	21	7	108	1107	999	1	0.0	1668
ea593c2d-afd1-42fe-be32-51d57bf00a70	gb:MN253754|Organism:Influenza	98.056	1029	16	4	100	1126	1027	1	0.0	1786
747194b7-941b-4b15-a7cf-683b25e5f001	gb:MH546879|Organism:Influenza	96.756	894	16	9	92	976	1	890	0.0	1478
fe267741-af78-467e-adf3-81256e1b5828	gb:MK345707|Organism:Influenza	98.903	1003	9	2	115	1116	1002	1	0.0	1790
45c8880a-ddd8-43f9-bcca-6da6eac610a3	gb:MK345707|Organism:Influenza	97.316	1006	12	10	107	1101	1002	1	0.0	1694
1bdac6ba-a14e-4cee-81b8-30950e544376	gb:MH546879|Organism:Influenza	93.473	904	31	20	85	974	890	1	0.0	1317
37beecd9-c73d-41d2-ae27-ebf991ccf7b8	gb:MH546879|Organism:Influenza	97.980	891	15	3	97	985	890	1	0.0	1543
b7cb24e3-0c9c-4816-851c-89565fb0921a	gb:MK995789|Organism:Influenza	97.427	894	16	7	98	988	1	890	0.0	1517
7d009234-8b01-4565-b6d9-1a3e94cb2dd9	gb:MK345707|Organism:Influenza	98.704	1003	10	3	1286	2286	1002	1	0.0	1777
7d009234-8b01-4565-b6d9-1a3e94cb2dd9	gb:MK345707|Organism:Influenza	97.208	1003	16	7	107	1098	1	1002	0.0	1687
78ec3a43-367f-4ad9-ade8-20f359ac6913	gb:MH546879|Organism:Influenza	97.875	894	13	6	97	988	890	1	0.0	1541
e21eb1c2-297a-44fc-9975-617fb81c6c1f	gb:MT824898|Organism:Influenza	98.320	893	11	4	89	980	890	1	0.0	1563
a11928b5-04c8-401b-b653-b764c1971eb7	gb:MH546879|Organism:Influenza	97.422	892	14	6	84	968	890	1	0.0	1511
ad13588e-75c5-4930-9a7f-40403789eac0	gb:MH546879|Organism:Influenza	93.080	896	23	27	93	961	1	884	0.0	1275
68f891b3-54bb-4ae9-bf38-68a3636c17a9	gb:MK345707|Organism:Influenza	95.635	1008	18	16	102	1089	1002	1	0.0	1594
00b85b7e-ae97-4876-9616-3e4f2a0870a4	gb:MH546879|Organism:Influenza	97.092	894	13	11	93	977	890	1	0.0	1495
a7b6f0fa-3456-49e5-aa0f-662cace088ca	gb:MH546879|Organism:Influenza	96.076	892	15	12	93	966	890	1	0.0	1435
b442dbee-f9b6-4e94-9a7b-41f10ccdd9da	gb:MH546879|Organism:Influenza	92.913	903	34	24	94	981	888	1	0.0	1286
610e62c9-be9b-4638-adda-993ee3619ae6	gb:MT824898|Organism:Influenza	96.072	891	19	11	94	969	890	1	0.0	1437
063b3f62-3e14-4fe2-886d-4e79a0594d11	gb:MT824898|Organism:Influenza	97.982	892	11	7	97	983	890	1	0.0	1541
4651ac6a-4a19-4848-bea6-2ea904a89dbd	gb:MK345707|Organism:Influenza	97.992	996	13	5	104	1094	7	1000	0.0	1722
115a32a0-8679-4f32-b024-1203782d67bb	gb:MH546879|Organism:Influenza	98.539	890	9	4	92	977	890	1	0.0	1568
12c9c78e-930d-4b3c-adae-ebcc2936e0c5	gb:MH546879|Organism:Influenza	97.309	892	16	8	133	1018	890	1	0.0	1507
a77a14c7-b822-471a-98ba-0d9154e3a72e	gb:MK345707|Organism:Influenza	98.902	1002	9	2	147	1146	1002	1	0.0	1788
88807f7b-76b2-4804-a870-d339d80c7787	gb:MH637219|Organism:Influenza	99.096	885	8	0	103	987	885	1	0.0	1591
15cf002d-cc26-4cb4-811b-1cb72cc7123b	gb:MW872139|Organism:Influenza	97.422	892	15	8	101	986	890	1	0.0	1513
139260b3-a1bf-4161-a907-fd9db0c0daa4	gb:MH546879|Organism:Influenza	98.653	891	8	3	92	979	1	890	0.0	1576
454675ea-48e1-41ee-a57b-b5c5a866e2a2	gb:MT824898|Organism:Influenza	97.870	892	15	2	96	985	890	1	0.0	1539
97224d6c-3832-48e0-a826-64c2583aa764	gb:MH546879|Organism:Influenza	96.633	891	22	6	99	982	890	1	0.0	1472
ecadfbb8-8598-42bf-9e48-8e609149690c	gb:MH546879|Organism:Influenza	97.872	893	10	9	93	979	1	890	0.0	1535
d38fb52a-5880-4648-b614-d450a48c5681	gb:MK345707|Organism:Influenza	98.903	1003	7	3	107	1106	1002	1	0.0	1788
62f16b09-745d-4e88-8d3e-b88ff5ceb593	gb:MK345707|Organism:Influenza	98.010	1005	15	5	101	1103	1	1002	0.0	1740
8b605440-9553-4e4f-afcc-a73443422d21	gb:MH546879|Organism:Influenza	98.989	890	8	1	94	982	890	1	0.0	1592
b6e3dd1d-024e-4eba-b305-6ae82e22665e	gb:MK345707|Organism:Influenza	93.781	1013	38	19	106	1104	1002	1	0.0	1498
afefa364-9523-4685-9c85-47fa07ee54e4	gb:KJ568157|Organism:Influenza	96.111	900	8	17	89	971	890	1	0.0	1443
04a21909-88a8-4a87-823b-11a20dbeb639	gb:MH546879|Organism:Influenza	97.098	896	15	8	98	988	890	1	0.0	1500
b82681cb-db45-4c7e-97b4-024894e48336	gb:MH637219|Organism:Influenza	96.745	891	17	8	105	989	885	1	0.0	1474
372cbddb-11b2-4a8a-9df5-39dbaf158b74	gb:MK995821|Organism:Influenza	94.667	900	22	17	89	972	1	890	0.0	1373
d9e59890-ccb9-4b75-ab0a-7898b17863b1	gb:MK345707|Organism:Influenza	95.536	1008	30	14	106	1104	1002	1	0.0	1598
4ab1475f-d338-4924-855d-86d7a2958f29	gb:MK345707|Organism:Influenza	97.413	1005	12	10	111	1104	1002	1	0.0	1700
283b1e5c-f5ed-4400-988a-fcdeba449d39	gb:MH546879|Organism:Influenza	97.531	891	11	6	121	1001	1	890	0.0	1513
109711b4-930c-4ee9-bd92-2e8a98f3ec9d	gb:MK345707|Organism:Influenza	98.408	1005	8	7	108	1107	1002	1	0.0	1760
e679b206-51db-4010-8aaa-82e30589ce4e	gb:MT824898|Organism:Influenza	96.641	893	21	9	96	982	890	1	0.0	1474
5b9cad85-e562-414b-9394-49a01b22d34b	gb:MH546151|Organism:Influenza	92.972	868	40	15	109	958	865	1	0.0	1245
46b15c34-e29a-497e-8c7d-e8a2766f2f15	gb:MK345707|Organism:Influenza	97.807	1003	11	10	112	1104	1	1002	0.0	1720
096ee055-0a8e-487e-8d16-7de9188c8220	gb:MG279809|Organism:Influenza	97.294	887	15	9	104	982	1	886	0.0	1496
14a5c998-b602-403b-b84f-4b5e76bf52a9	gb:MH546879|Organism:Influenza	97.875	894	12	6	115	1005	890	1	0.0	1539
f16147f3-689b-4331-bbde-b5a58c365e00	gb:MH546879|Organism:Influenza	98.876	890	8	1	90	977	1	890	0.0	1587
6d2eb554-4235-4263-bffd-d117dcd4d162	gb:MK345707|Organism:Influenza	98.104	1002	18	1	106	1106	1002	1	0.0	1744
dd64cc1e-fccf-45d0-869b-1ee409e7b8f7	gb:MH637219|Organism:Influenza	97.188	889	15	10	96	978	885	1	0.0	1495
db8b4a93-5f00-44ba-a253-e7112f2143b3	gb:MH546879|Organism:Influenza	95.681	903	20	15	93	989	1	890	0.0	1434
f531747c-b43f-4d87-9109-c7445f2e9833	gb:MK345707|Organism:Influenza	93.314	1017	32	36	110	1105	1002	1	0.0	1469
a8f912a0-0c48-48d6-b23e-cfaee50a8ef8	gb:MN253754|Organism:Influenza	97.575	1031	18	7	90	1117	1	1027	0.0	1759
a43d82a4-31b0-49f9-84a2-dba57a135eb3	gb:MT824898|Organism:Influenza	98.765	891	9	2	99	988	890	1	0.0	1583
da08b7a2-a35d-4b5e-a12d-61608849a841	gb:MW872185|Organism:Influenza	99.070	215	2	0	98	312	1	215	5.21e-106	387
da08b7a2-a35d-4b5e-a12d-61608849a841	gb:MW872185|Organism:Influenza	98.551	69	0	1	305	372	69	1	5.83e-26	121
79050a3d-9a57-4f8f-82e0-90e925f8fd5a	gb:MH546879|Organism:Influenza	98.316	891	12	3	91	979	890	1	0.0	1559
622671ec-ba79-4a43-a95c-8d1349ac1a7e	gb:MN253754|Organism:Influenza	93.586	1029	38	22	91	1093	1	1027	0.0	1509
982f9d25-e307-4478-8df3-94d22615a748	gb:MH546879|Organism:Influenza	98.878	891	8	2	96	985	890	1	0.0	1589
49a8ba53-8a81-49b8-8c67-f63500bbf8b0	gb:MT824898|Organism:Influenza	98.767	892	9	2	97	988	890	1	0.0	1585
3e5f40d5-6ed7-4703-9125-c7f50ca23681	gb:MT912516|Organism:Influenza	91.395	1011	44	38	114	1096	7	1002	0.0	1345
35f42d59-404e-4d0c-9442-dd04c6a86788	gb:MT824898|Organism:Influenza	99.101	890	8	0	93	982	1	890	0.0	1600
5da7810f-cbd8-4d1d-bb83-89ee22fa0a7c	gb:MK345707|Organism:Influenza	97.311	1004	17	5	126	1121	1002	1	0.0	1696
2b8e32e8-da87-4ad7-86fa-c9dd52641f05	gb:MN253754|Organism:Influenza	97.763	1028	17	4	116	1138	1027	1	0.0	1766
4440403c-01fa-451a-9bc2-8a9af29dc2ff	gb:MT824898|Organism:Influenza	98.546	894	9	3	92	985	1	890	0.0	1576
fc086109-9cc3-484e-b339-cec17edd69e1	gb:MW875018|Organism:Influenza	97.688	865	10	7	106	964	861	1	0.0	1478
5be20785-efb7-4f43-b6fc-8481005db9d2	gb:MT824898|Organism:Influenza	97.758	892	14	5	91	978	890	1	0.0	1531
3e134f3c-24a4-4a8e-814c-cbbfca867414	gb:MK345707|Organism:Influenza	97.711	1005	18	4	99	1101	1	1002	0.0	1724
ea429783-0423-4ba9-b8e1-2511eb61f88d	gb:MK345707|Organism:Influenza	96.150	961	18	10	139	1082	44	1002	0.0	1552
078f8b89-b932-4064-a50f-acd882938687	gb:MH546879|Organism:Influenza	96.976	893	17	8	94	979	890	1	0.0	1491
3f0f98d8-c30d-45ca-bca7-3d87afa98d01	gb:MH546879|Organism:Influenza	98.430	892	12	2	99	990	890	1	0.0	1568
9ee0cf4d-0e84-47a8-b398-414cdc09b729	gb:MN253754|Organism:Influenza	97.763	1028	17	4	136	1158	1	1027	0.0	1766
c60a594f-884e-4b2c-9157-c8bae4009103	gb:MK345707|Organism:Influenza	97.813	1006	17	4	108	1112	1002	1	0.0	1731
fe36155e-d34e-4f4f-8a5c-bc70d9f756fa	gb:MW875018|Organism:Influenza	97.222	864	10	10	116	968	861	1	0.0	1450
0cffb885-260b-4ec9-a829-2c0ea56d9596	gb:MT818944|Organism:Influenza	93.631	895	30	20	96	968	1	890	0.0	1312
990e7af8-2dc4-484b-82a1-23424454bea4	gb:MH546879|Organism:Influenza	96.970	891	18	8	90	975	1	887	0.0	1487
ed621e4f-bb1a-4c72-bf75-bc2db3c54f4b	gb:MH546879|Organism:Influenza	97.312	893	16	5	95	982	1	890	0.0	1509
a558f21d-7faf-49ac-b7ce-b1b6a157f8e3	gb:MH546879|Organism:Influenza	98.989	890	9	0	99	988	890	1	0.0	1594
f9126b0f-ff08-42c5-82c8-743662e97af6	gb:MK345707|Organism:Influenza	97.614	1006	16	6	108	1109	1	1002	0.0	1718
f9126b0f-ff08-42c5-82c8-743662e97af6	gb:MK345707|Organism:Influenza	96.713	1004	12	8	1299	2283	1002	1	0.0	1652
259191d2-6a5f-4104-bc98-4e48d60e4240	gb:MH637219|Organism:Influenza	98.400	875	12	2	109	982	874	1	0.0	1537
e6adce35-8209-4245-be21-d8ec8cfdff5d	gb:MT824898|Organism:Influenza	97.996	898	10	3	94	991	890	1	0.0	1552
5414c76a-5761-49ab-bf61-83ccc446a53b	gb:MK345707|Organism:Influenza	97.707	1003	14	8	102	1096	1	1002	0.0	1716
9bc57801-96fc-493e-8789-a47e678c2ee0	gb:MH546879|Organism:Influenza	98.206	892	9	6	96	982	890	1	0.0	1552
6798523a-5abc-427f-aad0-45db5a586f18	gb:MN253754|Organism:Influenza	97.860	1028	17	5	90	1113	1	1027	0.0	1772
aa55ffff-09c6-4060-a739-76d7bc7d0139	gb:MK345707|Organism:Influenza	97.614	1006	11	8	109	1105	1002	1	0.0	1712
aa55ffff-09c6-4060-a739-76d7bc7d0139	gb:MK345707|Organism:Influenza	95.418	1004	21	15	1290	2270	1	1002	0.0	1576
11946bc1-a035-4878-8c2a-9f035d207860	gb:MH546879|Organism:Influenza	97.197	892	20	3	93	981	890	1	0.0	1504
58a84454-2304-462f-baea-ebaeba249a77	gb:MT824898|Organism:Influenza	98.206	892	11	4	95	983	890	1	0.0	1554
42247155-fd4b-49af-8da7-2ffc315b9950	gb:MK345707|Organism:Influenza	98.606	1004	9	4	102	1102	1	1002	0.0	1772
2c679c8a-3a85-4b78-b5d6-6336aa812a55	gb:MH546879|Organism:Influenza	92.984	898	35	23	93	970	1	890	0.0	1284
297650b5-4c78-4b6d-af1f-bed44eecc0a3	gb:MH546879|Organism:Influenza	96.313	895	15	15	98	979	890	1	0.0	1454
ffb0b42d-5689-4917-969f-2a72ce8a4bde	gb:MH546879|Organism:Influenza	96.882	898	12	8	93	982	1	890	0.0	1489
aa2dca30-4bd5-4a27-9500-7786b90ae17e	gb:MT824898|Organism:Influenza	97.531	891	9	12	1133	2011	890	1	0.0	1511
aa2dca30-4bd5-4a27-9500-7786b90ae17e	gb:MT824898|Organism:Influenza	95.623	891	22	12	98	972	1	890	0.0	1413
0f34102b-fc15-49e0-a062-72427d83a1f3	gb:MH546879|Organism:Influenza	99.102	891	7	1	87	977	890	1	0.0	1600
5b0433a0-ca72-4d4c-9d06-b0b4eb793cdf	gb:MN253783|Organism:Influenza	98.496	532	5	2	93	622	1027	497	0.0	935
5b0433a0-ca72-4d4c-9d06-b0b4eb793cdf	gb:MN253783|Organism:Influenza	82.732	527	31	30	611	1088	512	1027	6.18e-114	414
e66f3e03-482b-4bc7-859e-3600ea6b6444	gb:MH546879|Organism:Influenza	99.209	885	7	0	96	980	890	6	0.0	1596
30c6f786-625f-4c8e-8196-4fda3fb83401	gb:MK345707|Organism:Influenza	98.500	1000	11	4	116	1111	3	1002	0.0	1760
88deeefa-a77f-4c76-9951-ac56415c41ef	gb:MT824898|Organism:Influenza	96.641	893	16	8	114	995	890	1	0.0	1471
6b23dee3-e8d5-4e95-bb52-b61b7b14eb74	gb:MH546879|Organism:Influenza	95.033	906	25	13	92	993	1	890	0.0	1406
aaf90b1f-e6a4-4be5-9b7a-cde5c4bd51d0	gb:MH546879|Organism:Influenza	98.544	893	9	3	94	985	890	1	0.0	1574
714b95c2-409f-4639-9251-d9141ded8157	gb:MT824898|Organism:Influenza	98.092	891	14	3	132	1020	1	890	0.0	1548
31032a3a-fa39-440b-89b7-2a8e23b0bd74	gb:MT824898|Organism:Influenza	97.306	891	14	8	122	1003	1	890	0.0	1504
09847c6a-2bfd-4fb0-8f32-041492427baa	gb:MH546879|Organism:Influenza	97.088	893	14	8	86	969	890	1	0.0	1495
10853167-1915-4eb9-8303-4c23573fae62	gb:MH546879|Organism:Influenza	96.309	894	18	11	92	974	1	890	0.0	1454
505bd01a-5455-4d38-9398-e72d30243626	gb:MK345707|Organism:Influenza	99.202	1002	7	1	107	1107	1002	1	0.0	1805
ab049348-4266-4424-9b90-07b931c9b833	gb:MK345707|Organism:Influenza	90.575	1008	42	38	91	1051	1	1002	0.0	1286
c52914ea-076e-43ff-b933-f5326113beb8	gb:MN253754|Organism:Influenza	97.483	1033	19	2	92	1123	1	1027	0.0	1757
d007cc2f-5c58-497c-989a-45ed487fee08	gb:MK345707|Organism:Influenza	98.305	1003	13	3	109	1108	1	1002	0.0	1755
4dfd3e2d-ebdb-4b4f-ba77-2bd3f4e04186	gb:MT818944|Organism:Influenza	97.082	891	17	7	98	980	1	890	0.0	1493
ac347af7-d2fe-4475-b37d-525c42a98488	gb:MN254190|Organism:Influenza	94.725	891	28	15	103	980	885	1	0.0	1367
ef0483e2-3804-43b4-85c9-a75db10e3256	gb:MH546879|Organism:Influenza	98.989	890	8	1	93	981	890	1	0.0	1592
a69fbba0-ce11-4db0-b7cb-4df1002749c8	gb:MK345707|Organism:Influenza	93.744	1007	21	24	116	1085	1002	1	0.0	1472
56e3c603-853c-4398-a339-31212dcd871f	gb:MH546879|Organism:Influenza	97.755	891	13	6	87	971	890	1	0.0	1528
96a4a0e6-efa4-45dd-a41a-9c0b629032c6	gb:MK345707|Organism:Influenza	94.955	1011	15	18	109	1092	1	1002	0.0	1552
4b4888b2-63a8-4ebe-a56a-4c9836bb2f53	gb:MT824898|Organism:Influenza	96.076	892	18	10	94	970	1	890	0.0	1437
a555bd49-bbb8-4f8b-b24e-f585e0eedd88	gb:MH546879|Organism:Influenza	98.212	895	9	6	99	991	890	1	0.0	1557
74075c56-fd91-45c4-99f9-dcd96e449e20	gb:MT824898|Organism:Influenza	98.432	893	10	3	101	992	1	890	0.0	1568
833b74ec-bbe5-4a1e-b8fa-5944409041c4	gb:MT824898|Organism:Influenza	96.760	895	13	14	103	986	890	1	0.0	1478
7c077eb4-30db-4de0-bfe2-919b916c9430	gb:MT824898|Organism:Influenza	98.208	893	10	2	90	979	890	1	0.0	1555
ec9b5b3f-4ba1-4998-a053-254b4d18df80	gb:MH546879|Organism:Influenza	97.092	894	15	7	89	975	1	890	0.0	1496
d00f9179-98da-4a57-a726-f29efd017a64	gb:MH546879|Organism:Influenza	98.878	891	8	2	103	992	890	1	0.0	1589
66a09adb-ef13-423f-907d-839e22070f59	gb:MT824898|Organism:Influenza	96.421	894	19	11	93	977	890	1	0.0	1461
d82429b9-07a1-4eb6-bdc7-b30bda2053df	gb:MK345707|Organism:Influenza	94.821	1004	30	17	109	1098	996	1	0.0	1546
de8eea8f-a5e5-4612-81cb-aeaff7028515	gb:MH546879|Organism:Influenza	97.982	892	10	5	98	983	1	890	0.0	1541
95e75317-ae8b-416d-885a-809227bf0097	gb:MH546879|Organism:Influenza	97.982	892	10	5	96	981	890	1	0.0	1541
1986217c-c5d9-4922-be02-ff2e43f9e2d8	gb:MH546879|Organism:Influenza	97.980	891	15	3	95	983	1	890	0.0	1543
c986fe00-9336-4009-8500-2ebbd1460815	gb:KT887279|Organism:Influenza	87.265	903	57	42	87	947	890	4	0.0	977
eefd675a-84da-44f5-a75d-593c074a726b	gb:MK345707|Organism:Influenza	96.810	1003	21	11	111	1106	4	1002	0.0	1664
07ca91fe-fcc7-4219-a263-da411572f885	gb:MK345707|Organism:Influenza	97.408	1003	16	7	113	1106	1002	1	0.0	1700
05cbca22-ce1e-43b7-bda9-ca2426ad6e12	gb:MK995850|Organism:Influenza	93.230	1034	34	25	85	1089	1	1027	0.0	1489
101dac39-682d-45aa-aadb-695a2838a002	gb:MK345707|Organism:Influenza	97.211	1004	17	10	99	1093	1002	1	0.0	1688
65369d95-7ee2-413e-ad3b-4bb40ec74028	gb:MK345707|Organism:Influenza	98.506	1004	9	5	111	1110	1	1002	0.0	1766
9de3e505-abc1-4a73-a1d3-0fa13153c82c	gb:MT818944|Organism:Influenza	96.214	898	19	12	95	985	1	890	0.0	1456
e0861b08-11f1-43ef-95e3-cf83a2b2cb89	gb:OL334695|Organism:Influenza	91.509	848	23	38	126	934	838	1	0.0	1122
1a2ad374-4ceb-4e5b-8c4a-0e2e9d1a7923	gb:MH546879|Organism:Influenza	98.202	890	11	5	81	965	890	1	0.0	1550
5130ea6c-de6c-47e3-9b68-185a43a1af91	gb:MK345707|Organism:Influenza	95.842	1010	22	17	104	1101	1	1002	0.0	1615
909ea2b9-7429-45d2-9ba4-37a5d75b10b5	gb:MT824898|Organism:Influenza	96.993	898	15	11	86	979	1	890	0.0	1498
ac4c5ebf-56d9-4959-a1d1-459eac79e2a3	gb:MN253754|Organism:Influenza	91.188	1044	51	31	88	1107	1027	1	0.0	1380
35e19d46-e629-4c02-a56c-d8fb6598e16f	gb:MN253754|Organism:Influenza	96.802	1032	20	12	91	1114	1	1027	0.0	1711
3f29f3d4-7e39-4f74-bd33-f235de4f850c	gb:MK345707|Organism:Influenza	98.608	1006	6	4	103	1104	1	1002	0.0	1773
5de14a8a-4e52-453a-9b76-44f48e933555	gb:MK345707|Organism:Influenza	98.703	1002	11	2	108	1107	1002	1	0.0	1777
de1af0fd-8dce-47e6-bc54-239c66c40b37	gb:MN253754|Organism:Influenza	96.787	1027	21	11	151	1165	1	1027	0.0	1703
4fd1af48-6119-4bc8-a034-0bff808b01e6	gb:MT818948|Organism:Influenza	93.987	898	26	19	89	966	1	890	0.0	1334
78c0ccaf-17b6-4bd4-8b72-738d323f441f	gb:MH546879|Organism:Influenza	97.528	890	15	7	92	974	890	1	0.0	1515
8d37e08c-08b7-4965-a153-f4cc5ff61c61	gb:MK236956|Organism:Influenza	93.215	1577	57	44	98	1640	1561	1	0.0	2274
200be526-0989-4cd5-8d51-b25d8f447ab8	gb:MK345707|Organism:Influenza	98.705	1004	8	5	107	1107	1	1002	0.0	1777
b5989357-110f-4144-be2a-7e76c65bbb99	gb:MT818944|Organism:Influenza	97.489	876	14	7	109	979	18	890	0.0	1489
c05d65e8-ddd4-4e2a-a10e-17287ac4cc97	gb:MH637219|Organism:Influenza	97.632	887	13	6	94	974	885	1	0.0	1515
3204fe8a-ce67-4abc-a488-1b592a567326	gb:MT824898|Organism:Influenza	97.648	893	8	7	88	970	1	890	0.0	1520
14c10d06-a9f4-4d82-b132-a279aaa23bcc	gb:MH546879|Organism:Influenza	98.879	892	8	1	87	978	1	890	0.0	1591
32d9e3f8-5634-4dd5-a133-5868c8654202	gb:MH546879|Organism:Influenza	98.320	893	10	4	88	978	1	890	0.0	1561
8e375485-c25e-42c9-83de-4f1c06608638	gb:MH546879|Organism:Influenza	98.204	891	13	3	100	988	890	1	0.0	1554
f6ca484e-3936-436b-a9d1-52a97d97101e	gb:MK345707|Organism:Influenza	98.305	1003	11	6	107	1104	1	1002	0.0	1753
0ea7f20f-8319-4fc3-937c-90c28b3d9b15	gb:MH637219|Organism:Influenza	94.613	891	27	17	99	973	886	1	0.0	1360
bf7917df-ec5d-4b97-90fd-7413a95fd7b9	gb:MH546879|Organism:Influenza	98.204	891	10	3	96	981	890	1	0.0	1552
6bdfbc26-f335-44e6-a252-44a2c7b5c8b7	gb:MH546879|Organism:Influenza	96.205	896	17	12	92	976	890	1	0.0	1450
5b01344d-0c3a-4252-b010-bfebf0486340	gb:MT824898|Organism:Influenza	96.973	892	21	4	93	980	1	890	0.0	1493
3b0c58ba-d8bf-42ad-b2a6-7b23f3b6f0c4	gb:MW872139|Organism:Influenza	98.989	890	8	1	101	989	890	1	0.0	1592
df46dcc9-0e03-4b7a-971a-02fd0c133ac4	gb:MK928165|Organism:Influenza	94.095	1033	34	22	91	1102	1027	1	0.0	1544
02726445-07c8-4903-990d-00edcde96895	gb:MK345707|Organism:Influenza	98.706	1005	9	4	109	1112	1002	1	0.0	1781
02726445-07c8-4903-990d-00edcde96895	gb:MK345707|Organism:Influenza	98.307	1004	13	4	1307	2308	1	1002	0.0	1757
04e8bda5-9841-4e6b-8eca-6011508c448b	gb:MW872139|Organism:Influenza	95.652	897	21	18	104	989	890	1	0.0	1424
915cd0a1-ee7b-4d51-b7f6-90197ba05f88	gb:MK345707|Organism:Influenza	97.225	1009	15	10	100	1102	1	1002	0.0	1696
3e4d6bc2-2caf-482d-a8ea-b059df7f498b	gb:MT824898|Organism:Influenza	96.313	895	20	12	95	981	1	890	0.0	1458
a44039d9-a478-44c1-839e-cecd1795029b	gb:MN253754|Organism:Influenza	94.767	1032	33	19	89	1104	1	1027	0.0	1587
ca734a9d-b5e5-4853-9cc3-a02d9ed769dc	gb:MK345707|Organism:Influenza	96.634	1010	20	13	116	1119	1002	1	0.0	1664
0375fa74-ca3f-4a40-a282-51f8921e7341	gb:MK345707|Organism:Influenza	98.205	1003	8	5	113	1106	1002	1	0.0	1744
e574dadb-d241-4c87-943e-afafe8fb1c9d	gb:MH546879|Organism:Influenza	96.970	891	11	10	95	970	1	890	0.0	1482
703db0fc-75ea-44c8-b975-6ea380b57235	gb:MK345707|Organism:Influenza	98.796	997	10	2	114	1109	7	1002	0.0	1773
dd78c022-db44-4bd1-a842-50099468d9c8	gb:MT824898|Organism:Influenza	98.543	892	11	2	91	982	1	890	0.0	1574
447d469d-c2dd-4d4a-a760-93f3fd35501b	gb:MK345707|Organism:Influenza	97.605	1002	17	4	100	1094	1	1002	0.0	1711
817e32f7-b7c8-421b-b5a6-736f93ccc084	gb:MH546879|Organism:Influenza	98.765	891	10	1	99	989	890	1	0.0	1583
89b10b1b-1414-4211-b84d-55d858bcd858	gb:MH546879|Organism:Influenza	94.943	870	29	11	116	972	873	6	0.0	1349
4f46f88f-8e7e-44d9-8a52-f4db08e57019	gb:MK995821|Organism:Influenza	93.080	896	33	21	86	958	1	890	0.0	1284
0896059b-28b4-4ccd-be31-5ef22d400295	gb:MH546879|Organism:Influenza	97.868	891	17	2	94	983	1	890	0.0	1539
c1d94fe7-5592-4775-a0fd-a0df7c611931	gb:MT824898|Organism:Influenza	98.429	891	11	3	85	973	1	890	0.0	1565
8b8eb092-45d1-4baa-b26c-9c102d9c9bde	gb:MH546879|Organism:Influenza	98.989	890	9	0	91	980	890	1	0.0	1594
3bfe9e22-30ce-4731-98b4-2a2057bf3d51	gb:MK345707|Organism:Influenza	97.512	1005	13	9	106	1101	1	1002	0.0	1707
ab000e37-a921-4ad7-bbba-e1d59609df23	gb:MK345707|Organism:Influenza	98.405	1003	11	5	107	1105	1	1002	0.0	1759
f06abaa4-8d1d-4b68-acfb-96642b8c5e87	gb:MH546879|Organism:Influenza	96.987	896	14	10	90	978	890	1	0.0	1493
3f07b228-c897-4e43-8ea5-f5f4d16006c5	gb:MH546879|Organism:Influenza	98.096	893	11	5	95	984	1	890	0.0	1550
37e58c14-d10c-4d58-aed5-97b7b3b94b3f	gb:MK345707|Organism:Influenza	93.756	1009	34	22	103	1089	1	1002	0.0	1487
31a1a86f-396c-4bff-8238-4718f7494c8e	gb:MH546879|Organism:Influenza	96.188	892	17	14	93	970	889	1	0.0	1443
32502814-6db5-4ef3-b6f4-d5a5ec386ccf	gb:MH546879|Organism:Influenza	96.540	896	21	10	95	986	890	1	0.0	1474
76ad1f44-dea1-43f7-b8a1-61e39e43690e	gb:MH546879|Organism:Influenza	98.094	892	12	4	95	983	890	1	0.0	1548
b9e41020-a6cb-42a7-9007-564d8d5560f7	gb:MT824898|Organism:Influenza	96.861	892	12	8	98	975	890	1	0.0	1478
49ac9136-0261-4937-ab81-1a6afc731790	gb:MH546879|Organism:Influenza	96.018	904	14	16	103	998	1	890	0.0	1450
5b973658-a985-4069-bc25-240465d75cb9	gb:MH546879|Organism:Influenza	98.989	890	9	0	87	976	890	1	0.0	1594
daaffe4a-43b4-4fd2-b648-10ea19b8e016	gb:MH546879|Organism:Influenza	96.085	894	19	13	94	975	1	890	0.0	1443
0aebe971-e1a1-4315-b330-3deec393cd16	gb:MK345707|Organism:Influenza	96.510	1003	19	10	107	1094	1	1002	0.0	1644
31ab8087-d146-4a0f-a40d-3e55787cf625	gb:MH546879|Organism:Influenza	97.868	891	14	5	111	997	890	1	0.0	1535
b447bd99-8d0c-41be-8c14-f05f78f75910	gb:MH546879|Organism:Influenza	97.648	893	10	6	93	977	1	890	0.0	1522
84d5d136-60d9-457b-8a72-5015416a7a5d	gb:KX351600|Organism:Influenza	86.252	531	13	20	99	579	1024	504	3.18e-146	521
84d5d136-60d9-457b-8a72-5015416a7a5d	gb:KX351600|Organism:Influenza	82.514	183	19	10	616	793	423	249	6.22e-34	148
3cdb78a5-b0e7-4d1d-9a1e-137e8bf294cd	gb:MW872139|Organism:Influenza	96.421	894	19	10	99	983	890	1	0.0	1461
6a92a737-caa2-4c03-b519-a300b4b20c50	gb:MN253754|Organism:Influenza	96.311	1030	25	11	98	1117	1027	1	0.0	1679
4d15b655-f264-4d42-92f3-ab56d70b017f	gb:MN253754|Organism:Influenza	91.538	1040	41	35	92	1097	1027	1	0.0	1389
60516b49-77fc-4099-bf09-e6e7d2355c12	gb:MT824898|Organism:Influenza	98.652	890	10	2	103	990	890	1	0.0	1576
392b3b40-0f20-4bc7-a907-4bd9584d7edf	gb:MH546879|Organism:Influenza	98.539	890	10	3	88	974	890	1	0.0	1568
a468ee11-6b61-46ef-a852-c8a7a5450db2	gb:MH546879|Organism:Influenza	97.210	896	18	5	85	979	1	890	0.0	1509
795112e8-27b8-4f23-99fd-b7de909b881c	gb:MK995821|Organism:Influenza	96.659	898	17	8	90	982	1	890	0.0	1480
6995b0e4-c7ff-4b85-8bc7-ff058a30bee0	gb:MH546879|Organism:Influenza	97.661	898	11	7	96	991	1	890	0.0	1533
6995b0e4-c7ff-4b85-8bc7-ff058a30bee0	gb:MH546879|Organism:Influenza	90.089	898	42	34	1046	1904	890	1	0.0	1122
e46d6db1-0e95-4cf4-8300-b852da842fdf	gb:MK345707|Organism:Influenza	97.910	1005	11	8	111	1108	1002	1	0.0	1731
d92dfb6e-8143-430e-809a-8ebf3b0daeb0	gb:MH546879|Organism:Influenza	96.625	889	17	8	88	967	6	890	0.0	1463
7239e028-e250-421e-9f29-1126f23b0145	gb:CY206483|Organism:Influenza	94.725	872	30	14	109	971	865	1	0.0	1341
11d3150a-d348-4523-b69e-33b50025c674	gb:MH546879|Organism:Influenza	97.422	892	14	8	93	980	1	887	0.0	1511
23f8608c-f7ad-4c18-91ec-4bb00456500e	gb:MH546879|Organism:Influenza	98.652	890	12	0	89	978	890	1	0.0	1578
702bf29f-05a1-45c3-bc7c-fdeba6e0bef1	gb:MH546879|Organism:Influenza	98.878	891	9	1	93	983	890	1	0.0	1589
60e55e50-19d1-415d-b6f3-eae7291f145c	gb:MT824898|Organism:Influenza	96.063	889	24	8	93	975	1	884	0.0	1437
d50edac0-5ab6-4585-b04e-ff34c670e876	gb:MH546879|Organism:Influenza	96.210	897	17	13	93	979	890	1	0.0	1452
93809fd0-ef9b-4dac-96af-4d23c825b4e8	gb:MH546879|Organism:Influenza	98.429	891	11	3	94	982	890	1	0.0	1565
4beb9708-468d-4f1a-948a-68d1206edc27	gb:MH546879|Organism:Influenza	98.315	890	13	2	81	968	890	1	0.0	1559
90a257a2-54b1-4dfd-b0dc-a76477dc47e6	gb:MH546879|Organism:Influenza	98.539	890	12	1	96	984	1	890	0.0	1570
51c7d793-bea4-410e-b3b4-63c8173cfcb7	gb:MT824898|Organism:Influenza	97.868	891	15	3	95	982	890	1	0.0	1537
12f17c35-54c6-44c0-95c2-f47560871f8e	gb:MK345707|Organism:Influenza	96.196	999	22	11	105	1091	8	1002	0.0	1620
ce75c057-7679-415a-8ab4-7d119ee681b5	gb:MK995821|Organism:Influenza	95.871	896	19	15	472	1358	4	890	0.0	1434
3b048c36-a050-4e34-a7f8-8bdd36ae54a9	gb:MT824898|Organism:Influenza	98.206	892	11	5	102	990	890	1	0.0	1554
b2f05b8e-c072-4cbd-b72b-68c4a9f8f12c	gb:MK345707|Organism:Influenza	98.705	1004	10	3	105	1107	1002	1	0.0	1779
698b657d-5095-43b2-969a-477c15d0fc34	gb:MH546879|Organism:Influenza	92.232	914	31	33	91	988	890	1	0.0	1258
225ed207-4410-4df6-b93f-a579df5177fe	gb:MT565729|Organism:Influenza	93.314	1047	36	27	96	1128	1027	1	0.0	1515
13e0fa47-cb22-4920-a4a1-3de30fbb5ca7	gb:MH546879|Organism:Influenza	94.860	895	28	14	87	968	890	1	0.0	1382
946c5cac-b344-48ed-a59c-1ce088edc4cc	gb:MH546879|Organism:Influenza	96.756	894	21	7	99	988	890	1	0.0	1483
cc4896be-88bd-472b-ad9b-8955349e788f	gb:MT824898|Organism:Influenza	94.525	895	27	16	93	970	890	1	0.0	1362
ef0b304f-6b37-4bf2-919b-34444382fba7	gb:MH546879|Organism:Influenza	97.868	891	13	4	90	975	1	890	0.0	1535
84ba09a4-a91c-4516-ba96-b4f6cc6e55d8	gb:MK345707|Organism:Influenza	95.821	1005	21	17	126	1112	1	1002	0.0	1604
1e4d4a75-d1ed-4ef1-8d5b-d583ff3ed745	gb:MH546879|Organism:Influenza	98.652	890	10	2	120	1007	890	1	0.0	1576
8f4d9fd7-e9ad-470d-affe-3eba60140eab	gb:MH546879|Organism:Influenza	98.990	891	8	1	95	985	890	1	0.0	1594
3dd7f032-c660-489e-8876-8ed5cf2ddb5d	gb:MH251186|Organism:Influenza	96.314	1031	26	9	97	1119	1027	1	0.0	1683
4027e929-72dd-405a-b64f-a11e909bab34	gb:MH546879|Organism:Influenza	97.315	894	19	5	104	996	890	1	0.0	1513
