e8563b0a-87bc-417d-a660-01eaf364ec74	gb:MH546879|Organism:Influenza	96.440	899	15	16	80	970	1	890	0.0	1467
9d61bb2e-6bfa-4f3a-b834-955752c4b24f	gb:MH546879|Organism:Influenza	97.082	891	11	10	97	977	890	5	0.0	1487
3ce7262a-b3b6-4bbb-b89c-0c4abe816110	gb:MH546879|Organism:Influenza	95.328	899	21	21	86	972	1	890	0.0	1408
a6bfb8a3-7519-4d1b-93d0-5711b3c512de	gb:MH546879|Organism:Influenza	96.107	899	19	15	92	983	1	890	0.0	1452
7a51a3ca-a977-4f08-ac47-91237692fc91	gb:MT818944|Organism:Influenza	97.534	892	12	8	93	976	1	890	0.0	1517
6a6eef4a-50ae-4048-9767-d0da951b84b0	gb:MH546879|Organism:Influenza	98.765	891	8	2	94	982	1	890	0.0	1581
0b684b24-e0aa-453e-9732-ddb023886f27	gb:MH546879|Organism:Influenza	96.753	893	20	8	92	978	890	1	0.0	1480
8159f013-075d-4865-8da3-fca40392f95a	gb:MH546879|Organism:Influenza	94.525	895	21	22	94	965	1	890	0.0	1356
d49e04c4-68fa-4985-bb1f-e52b0b1450cb	gb:MK913496|Organism:Influenza	96.922	1462	37	6	99	1553	1461	1	0.0	2444
1c0b42cb-5fec-4e14-9dbc-aff5224885c5	gb:MH546879|Organism:Influenza	93.771	899	30	19	85	966	890	1	0.0	1327
3b0c40e9-7359-43ac-af17-1453c6ad3f18	gb:MH546879|Organism:Influenza	95.861	894	25	12	97	982	890	1	0.0	1435
3203f239-abba-43f0-b2d0-5de739eea54b	gb:MH546879|Organism:Influenza	95.409	893	26	12	97	977	1	890	0.0	1408
6908f3d0-4f9b-4cea-b2ef-0d942c9e82eb	gb:MH546879|Organism:Influenza	97.640	890	15	4	95	978	1	890	0.0	1522
1bb20774-1cb3-47f9-a559-c3c06ef177ce	gb:MH546879|Organism:Influenza	97.092	894	14	10	82	967	1	890	0.0	1496
7edb6f99-1c53-4261-abcc-04be783043d4	gb:MH546455|Organism:Influenza	86.585	902	71	43	98	970	881	1	0.0	950
0a2966f6-7724-4552-95cd-a1e149ecd25e	gb:MH546879|Organism:Influenza	98.206	892	14	2	94	985	890	1	0.0	1557
30c4243a-bdf5-4786-86de-aca3b502b7b0	gb:MH637219|Organism:Influenza	98.167	873	11	5	109	977	872	1	0.0	1519
2759ff18-a963-4630-90ce-79e5fd77b31f	gb:MH546879|Organism:Influenza	95.642	895	24	10	101	985	890	1	0.0	1423
80b9baf7-192d-44a7-9d43-f0a122e433e2	gb:OL416395|Organism:Influenza	96.323	843	13	17	125	957	835	1	0.0	1369
02e9402b-c0a9-4e89-a0c7-54d70aec14a1	gb:MH546879|Organism:Influenza	97.646	892	14	6	94	980	890	1	0.0	1524
4df2a7cd-1d48-43f6-aa78-a5c579089705	gb:MK913496|Organism:Influenza	95.166	1448	48	22	112	1545	1441	2	0.0	2266
b69dc8e7-54f7-447a-9bbc-2bf90359469a	gb:MH546879|Organism:Influenza	97.213	897	15	7	90	983	1	890	0.0	1509
7c71f5a3-0626-4ef5-84c4-20f2c117cae3	gb:MK913496|Organism:Influenza	94.751	1467	57	14	85	1537	1461	1	0.0	2265
34dc48c7-370e-47d0-b7f0-61e371885196	gb:MH546879|Organism:Influenza	96.536	895	16	14	92	976	1	890	0.0	1467
6b6ff232-b868-4819-b0b1-0b30140188f4	gb:MH546879|Organism:Influenza	96.625	889	18	11	101	981	885	1	0.0	1465
2b5ece7a-c436-419f-b925-c3ac5e4e31bc	gb:MK913496|Organism:Influenza	96.790	1464	37	9	92	1548	1	1461	0.0	2435
2ca35879-bc3d-401d-a565-a4fd1b1889fa	gb:MK913496|Organism:Influenza	95.277	1461	51	14	111	1559	1	1455	0.0	2300
4919bd16-868a-493f-b2db-ff894c5698a1	gb:MH546879|Organism:Influenza	98.429	891	7	6	99	983	890	1	0.0	1561
e9c5a393-ab85-4ae3-ac2b-af7ae8231dd7	gb:MH546879|Organism:Influenza	97.755	891	18	2	104	993	890	1	0.0	1533
fd8db1ab-d209-4576-940c-24970de86c48	gb:MH637219|Organism:Influenza	92.666	859	31	22	92	920	1	857	0.0	1208
06c903b1-d48a-444f-ae2c-207a4140a6a5	gb:MH546879|Organism:Influenza	97.870	892	15	3	94	983	1	890	0.0	1539
161a140b-0a1e-4d41-b938-6843c98fbfd9	gb:MH546879|Organism:Influenza	93.855	895	32	16	86	966	890	5	0.0	1327
58c34777-2d0b-4fac-ad75-79da7dbc6568	gb:MH546879|Organism:Influenza	99.326	890	6	0	96	985	890	1	0.0	1611
7529879e-f36b-402f-b76b-39e70f43adf7	gb:MH546879|Organism:Influenza	98.541	891	9	3	97	984	1	890	0.0	1570
08d40865-4e28-43e7-b944-f7679455213c	gb:MT818953|Organism:Influenza	95.424	896	28	12	90	978	1	890	0.0	1415
9a7e265b-bdcf-4f9a-8699-05b3bab3a79f	gb:MK913496|Organism:Influenza	96.109	1465	44	12	97	1552	1461	1	0.0	2377
c716db55-3ca6-4042-90a6-263ff9e83f34	gb:MH546879|Organism:Influenza	97.868	891	14	5	94	980	890	1	0.0	1535
1ba92c04-481a-4dbf-9579-ea42fa9bef7d	gb:MH546879|Organism:Influenza	96.956	887	15	11	94	970	890	6	0.0	1478
7139bf89-778e-4003-9bca-a5ae8331f17d	gb:MH546879|Organism:Influenza	97.539	894	12	10	98	985	1	890	0.0	1520
863f8392-a07d-46cc-a533-2bd10e0afb0f	gb:MK913496|Organism:Influenza	97.541	1464	30	5	125	1585	1	1461	0.0	2499
cc5433f3-711a-4a8a-846c-ae977f4f8729	gb:MH546879|Organism:Influenza	98.878	891	7	3	95	983	1	890	0.0	1587
0fa4a804-2cf8-464b-869a-3e54e886f4e4	gb:MH546879|Organism:Influenza	98.879	892	8	2	89	980	1	890	0.0	1591
0e139c0b-33d7-48ee-9cd7-ab3afe097013	gb:MH546879|Organism:Influenza	95.516	892	21	14	94	968	890	1	0.0	1408
29a12e0e-79c6-43ba-81d3-972413a461d2	gb:MH546879|Organism:Influenza	98.767	892	8	3	99	989	1	890	0.0	1583
ddac4014-b1e2-4f9c-9b27-877797a821fa	gb:MH546879|Organism:Influenza	98.315	890	10	2	95	979	890	1	0.0	1555
e1e74203-8c99-4a60-bb59-2751e34f65a1	gb:MK913496|Organism:Influenza	96.922	1462	38	3	97	1552	1	1461	0.0	2444
1c44c310-30e9-430e-8597-c63468489f54	gb:MH546879|Organism:Influenza	97.980	891	14	4	87	974	890	1	0.0	1543
0a6181aa-f959-442a-8b10-e95e42c7ca76	gb:MH546879|Organism:Influenza	95.787	902	21	11	90	986	1	890	0.0	1439
f34a3e27-9cfd-4436-8b09-cc5c2b280115	gb:MH546879|Organism:Influenza	96.970	891	11	14	96	971	890	1	0.0	1482
a893eeaf-db57-4197-8fd7-c38780bc18b8	gb:MN254287|Organism:Influenza	94.866	896	31	9	98	984	890	1	0.0	1386
c8316857-cf31-40b3-b025-d7fd7c166bc8	gb:MH546879|Organism:Influenza	96.525	892	16	12	88	966	1	890	0.0	1461
0a75631f-7623-406a-8384-2937ac373c09	gb:MH546879|Organism:Influenza	98.543	892	10	3	91	981	1	890	0.0	1572
710eb7b2-626f-4f52-acf9-2966ddf53f1d	gb:MH546879|Organism:Influenza	97.758	892	14	4	95	982	890	1	0.0	1531
d4f898f2-6d1d-4126-93d6-9b22842fa450	gb:MK913496|Organism:Influenza	97.270	1465	34	6	85	1547	1461	1	0.0	2479
5690e138-ffd6-48d3-89c0-58a4c5684de1	gb:MH546879|Organism:Influenza	97.875	894	15	4	97	990	890	1	0.0	1543
8b518a0d-18dc-4931-9d3c-59b25ff945ad	gb:MK913496|Organism:Influenza	96.594	1468	38	10	96	1558	1461	1	0.0	2423
c603c8e7-c0cd-4deb-800c-5911899ad267	gb:MH546879|Organism:Influenza	97.872	893	11	8	95	982	890	1	0.0	1537
069bd8bb-c15b-4e14-b4d6-b190e7b2434f	gb:MH546879|Organism:Influenza	97.422	892	10	7	96	976	1	890	0.0	1507
ffba01a3-01f4-4cf1-8a9d-a420e18eccc6	gb:MH546879|Organism:Influenza	98.879	892	7	3	95	985	890	1	0.0	1589
6ca65aeb-cf1a-48d9-901b-5ada1868ff00	gb:MH546879|Organism:Influenza	98.098	894	8	7	90	978	1	890	0.0	1548
0605eeda-e083-4222-aba5-3209bdfb79c5	gb:MH546879|Organism:Influenza	97.635	888	12	5	87	966	1	887	0.0	1515
60e49aa8-b457-4e33-9318-618c128a1e45	gb:MH546879|Organism:Influenza	97.303	890	16	8	93	978	890	5	0.0	1504
e0280e53-a703-4e0b-bcfc-925719a8fc93	gb:MH546879|Organism:Influenza	92.905	902	26	27	80	955	1	890	0.0	1277
b5d8e303-d23c-4d92-b6bd-5bf69c94be5e	gb:MT818944|Organism:Influenza	97.422	892	14	7	87	971	1	890	0.0	1511
32e146f6-d39d-4602-b12f-57aed4d1649c	gb:MH546879|Organism:Influenza	98.878	891	8	2	97	986	1	890	0.0	1589
4328fe5f-4302-4dd9-9072-581d8036ddc5	gb:MK913496|Organism:Influenza	96.107	1464	44	9	94	1547	1	1461	0.0	2375
af17f495-5555-4671-b766-b711194d02c9	gb:MK913496|Organism:Influenza	96.524	1467	37	10	103	1561	1461	1	0.0	2414
13938c65-bf80-400d-ab08-f64d4c72b8e7	gb:MH546879|Organism:Influenza	95.754	895	14	19	94	969	890	1	0.0	1421
78c7b5be-f763-416f-9d72-23c77ae99843	gb:MH546879|Organism:Influenza	97.978	890	12	5	92	975	890	1	0.0	1539
64f7e0c4-737e-4776-ada6-0294d0e855d5	gb:MH546879|Organism:Influenza	96.637	892	17	9	83	963	890	1	0.0	1469
244a79a1-ac1f-4479-a374-0e674c9a8a68	gb:MH546879|Organism:Influenza	98.315	890	10	5	93	977	890	1	0.0	1555
bea0dc3d-763d-4ca2-80bc-b674b74d86f1	gb:MH546879|Organism:Influenza	98.765	891	7	4	91	978	1	890	0.0	1581
4142d049-7c9b-4743-a4d6-28052b256184	gb:MH546879|Organism:Influenza	98.098	894	11	4	98	989	1	890	0.0	1552
fbc9045d-92d4-449c-abdd-34fb4bb58c7d	gb:MK913438|Organism:Influenza	87.491	1455	92	68	122	1506	1435	1	0.0	1596
8580f300-2618-47ae-a34c-6c6e1c6d8859	gb:MH546879|Organism:Influenza	98.320	893	12	2	95	987	890	1	0.0	1563
f2036307-624d-42da-88c2-525e2ffe2ce6	gb:MK913496|Organism:Influenza	94.847	1475	51	17	93	1556	1461	1	0.0	2279
fc0f1ead-023c-4625-ae7d-2ac2bb53dbe9	gb:MK913496|Organism:Influenza	96.651	1463	39	5	91	1545	1	1461	0.0	2422
db6cd8fd-ee13-43b9-97e3-0d847fb26341	gb:MH546879|Organism:Influenza	97.309	892	13	11	96	978	890	1	0.0	1504
8cf51326-2005-4b1e-b80d-1c3456378a6a	gb:MK913496|Organism:Influenza	94.210	1468	56	24	103	1548	1	1461	0.0	2213
682c944b-2c24-4f73-8b53-33967d9136f4	gb:MH546879|Organism:Influenza	98.653	891	8	2	93	980	1	890	0.0	1576
fb844bb1-c36a-4a5e-a1ce-cc42700efb7e	gb:MH546879|Organism:Influenza	98.315	890	11	4	97	982	890	1	0.0	1557
1ab8e88f-5692-4459-8cf6-fc5907cf65d7	gb:MH546879|Organism:Influenza	98.105	897	9	7	100	995	890	1	0.0	1555
fde68e6b-0dbf-417c-b2bf-15dce2baaff0	gb:MK913496|Organism:Influenza	96.468	1444	38	11	120	1553	1441	1	0.0	2372
4c603f36-bd9b-4093-9c8e-615940aabd62	gb:MH733812|Organism:Influenza	95.880	898	27	5	97	993	889	1	0.0	1445
8197c55a-5241-4eeb-9645-e170c825b862	gb:MH546879|Organism:Influenza	94.989	898	19	20	102	981	890	1	0.0	1386
a0dba487-0ea8-4d86-b559-eed196c47ba8	gb:MH546879|Organism:Influenza	96.425	895	18	12	86	971	890	1	0.0	1463
41031adb-b52e-4f96-9b93-fb856879cb03	gb:MK913496|Organism:Influenza	96.049	1468	45	10	96	1557	1461	1	0.0	2377
b95c3c0d-0259-4a1f-add3-2b2e96cfd5c4	gb:MH637219|Organism:Influenza	96.453	874	13	15	107	967	869	1	0.0	1426
abf4c4a1-abb2-4ca5-be48-05a2ece40295	gb:MH546879|Organism:Influenza	96.980	894	18	9	88	976	890	1	0.0	1493
0d917565-788e-4abe-933f-d1e4f625f474	gb:MK913496|Organism:Influenza	96.243	1464	44	10	91	1546	1	1461	0.0	2388
ab1dabe5-485e-48bf-865b-086bb218b990	gb:MK913496|Organism:Influenza	95.774	1467	43	16	91	1544	1461	1	0.0	2348
1e2238d4-8f12-471e-ad81-e4e7d661b758	gb:MK913438|Organism:Influenza	94.479	1467	54	21	98	1543	1461	1	0.0	2235
cc5f1000-970b-4514-b312-c7d2fc8ca027	gb:MH546879|Organism:Influenza	97.872	893	11	7	98	985	890	1	0.0	1537
3f31defb-ea3c-4144-8fd8-8dcbfa9aeb5e	gb:MH546879|Organism:Influenza	97.528	890	13	6	96	978	3	890	0.0	1513
5519447e-fb9b-4b6e-84b9-5c6596fd4e9c	gb:MH546879|Organism:Influenza	93.973	896	28	20	88	963	890	1	0.0	1332
13deaa72-8859-47f3-b56e-f27947778254	gb:MH546879|Organism:Influenza	98.316	891	13	2	96	985	1	890	0.0	1561
12173053-456e-4ba2-af92-0801863df38b	gb:MH546879|Organism:Influenza	97.422	892	15	6	93	978	890	1	0.0	1513
d345da41-a0ed-451a-933b-c3f2dc3a5fb7	gb:MK913496|Organism:Influenza	97.196	1462	35	6	97	1553	1461	1	0.0	2468
e0e52469-a10b-4453-9dbe-78c29f39b486	gb:MH546879|Organism:Influenza	96.976	893	16	8	94	978	1	890	0.0	1489
a6ab7076-7d14-42fa-81dd-a1615359c616	gb:MH546879|Organism:Influenza	98.318	892	8	6	91	977	1	890	0.0	1557
67f6b4d9-604b-45db-af68-437f7cbcc483	gb:MK913496|Organism:Influenza	90.996	1466	70	41	100	1518	1456	6	0.0	1919
290857ff-3c50-401f-afbc-8d3926a4b024	gb:MH546879|Organism:Influenza	95.782	901	18	16	89	980	1	890	0.0	1435
0bc30b17-572c-4728-af44-c2880f475852	gb:MH546879|Organism:Influenza	98.073	882	9	5	91	965	890	10	0.0	1528
5d82390c-b151-427b-8449-41c70477eeb3	gb:MH546879|Organism:Influenza	97.760	893	13	7	97	985	890	1	0.0	1531
c7d2e79b-435c-443a-9c6d-fc1071ac306c	gb:MH546879|Organism:Influenza	99.101	890	7	1	94	982	1	890	0.0	1598
8603c90a-50c7-4232-9700-44630c2265d4	gb:MH546879|Organism:Influenza	96.644	894	17	11	91	975	1	890	0.0	1472
269e17e0-465f-4875-8a4b-bba9f77d1fea	gb:MH546879|Organism:Influenza	98.876	890	8	2	93	980	890	1	0.0	1587
4128c00d-2152-4319-96e7-dfac66220b12	gb:MK913496|Organism:Influenza	97.941	1457	29	1	92	1547	5	1461	0.0	2523
ec56139a-b17d-4836-a43d-ef20df3fa5fe	gb:MT818944|Organism:Influenza	97.422	892	14	7	99	983	1	890	0.0	1511
d54ba2ce-1726-486f-8cce-3a3b22b100ff	gb:MK913496|Organism:Influenza	92.755	1463	76	23	96	1533	1	1458	0.0	2087
0b4897c2-f304-4f29-ae2e-4709543d3ae5	gb:MH546879|Organism:Influenza	97.773	898	9	7	96	990	890	1	0.0	1537
bf76c50f-1054-4ef3-81a9-dea5eb10b971	gb:MH546879|Organism:Influenza	95.829	887	22	14	95	968	890	6	0.0	1419
c1edb599-4b0f-4e53-abc7-1a9450d3966b	gb:MH546879|Organism:Influenza	99.326	890	5	1	93	981	1	890	0.0	1609
c8a8fde8-553e-4240-af01-68dede9d2d77	gb:MH546879|Organism:Influenza	98.538	889	10	3	94	979	890	2	0.0	1567
56ae104d-1e5b-4399-8024-05ead0e9db3d	gb:MH546879|Organism:Influenza	98.210	894	12	4	95	988	890	1	0.0	1559
0707bc1a-b5a9-4dec-88f0-137a0b1846e9	gb:MH546879|Organism:Influenza	97.654	895	7	11	94	979	1	890	0.0	1524
5d3ac791-016b-49f9-a09e-5307e7be645f	gb:MH546879|Organism:Influenza	98.541	891	8	5	93	979	890	1	0.0	1568
926600a8-2f0a-4829-8ce5-4918d2cf52f6	gb:MH637323|Organism:Influenza	95.652	897	15	20	100	980	1	889	0.0	1419
ca5c9ef8-3edc-4ed2-8871-7b7b997795bc	gb:MH546879|Organism:Influenza	98.432	893	7	5	93	981	890	1	0.0	1565
f78714ae-4c93-493b-b9b7-ace7fab98b7e	gb:MH546879|Organism:Influenza	96.325	898	16	14	91	979	1	890	0.0	1459
9d8c2365-45ad-46a1-bf50-8e1dca2e16b8	gb:KJ568189|Organism:Influenza	91.406	896	39	25	89	952	1	890	0.0	1194
26bb9621-9daa-43fc-b075-89e34c35f1e3	gb:MK913496|Organism:Influenza	94.369	1474	44	27	83	1530	1461	1	0.0	2226
b56fdf79-5f89-457c-aa2b-4b45e960c2a7	gb:MK913496|Organism:Influenza	97.399	1461	33	2	361	1816	1	1461	0.0	2483
b56fdf79-5f89-457c-aa2b-4b45e960c2a7	gb:MK913496|Organism:Influenza	99.387	163	0	1	102	263	1461	1299	1.38e-77	294
f879c8ea-42df-44c3-96e6-65c39e0eef5b	gb:MT818944|Organism:Influenza	96.536	895	14	12	87	969	1	890	0.0	1465
b1a75eb5-bae3-45a7-92b5-d6cbb8ac0ac3	gb:MK913438|Organism:Influenza	90.835	1473	77	43	96	1522	1	1461	0.0	1919
f0bef703-24dd-49d6-9ad6-1aede20466ee	gb:MH546879|Organism:Influenza	95.754	895	22	12	91	974	890	1	0.0	1428
6874f9b7-be93-4dc7-b60a-58ef54b19ef8	gb:MH546879|Organism:Influenza	97.191	890	14	8	92	970	1	890	0.0	1495
39805f9c-8541-4e15-9261-91e20a44a40d	gb:MH546879|Organism:Influenza	94.046	907	24	19	91	984	890	1	0.0	1349
fd6d4581-da33-4913-8d61-8aef41c23c30	gb:MH546879|Organism:Influenza	97.763	894	10	8	98	985	890	1	0.0	1531
37c02138-1939-4f6f-8105-a019afe8da76	gb:MH546879|Organism:Influenza	98.543	892	9	3	94	983	1	890	0.0	1572
a44ba099-33f0-463c-9096-d6120b401f2f	gb:MH546879|Organism:Influenza	92.453	901	34	24	88	965	1	890	0.0	1256
0a18005d-9718-4d8f-9c6d-c65d34db5458	gb:MK913496|Organism:Influenza	97.071	1468	34	6	89	1554	1	1461	0.0	2464
4e05924f-ca52-47a3-8eff-48f3495c951d	gb:MH546879|Organism:Influenza	98.879	892	8	2	102	993	1	890	0.0	1591
305185e6-899c-4797-9fbe-2bb9d27a3dea	gb:MK913496|Organism:Influenza	94.286	1470	59	19	89	1542	1	1461	0.0	2226
69d09fac-f5c0-4c46-bc16-2434702904a3	gb:MH546879|Organism:Influenza	97.545	896	13	8	83	975	890	1	0.0	1524
41ce8acf-2d5b-4fd6-b9dd-970e413d5a6a	gb:MH637219|Organism:Influenza	91.601	893	40	28	94	960	1	884	0.0	1201
feda57f6-afcc-4327-91ac-1a144c62c224	gb:MH546879|Organism:Influenza	97.200	893	11	7	98	979	1	890	0.0	1498
2baa00bd-ae17-45a7-8566-ed5218bfcfbc	gb:MH546879|Organism:Influenza	97.433	896	13	8	98	989	1	890	0.0	1519
5d652373-ef49-452a-ac28-0607ee7f73dd	gb:MH546879|Organism:Influenza	95.501	889	22	11	98	970	887	1	0.0	1404
a4432593-d5f7-432c-baf2-31843ab825bc	gb:MH546879|Organism:Influenza	98.879	892	7	2	97	987	1	890	0.0	1589
a6c6c695-97d2-4d41-8a75-d6e95f0177a1	gb:MK326778|Organism:Influenza	92.754	897	34	23	92	964	1	890	0.0	1267
021bc02c-4749-4b56-9df0-a85e2ee82edb	gb:MK913496|Organism:Influenza	93.052	1468	62	25	104	1543	1456	1	0.0	2109
4c87ef50-990b-418e-9e8c-de3154777517	gb:MH546879|Organism:Influenza	98.655	892	6	2	92	979	1	890	0.0	1576
c9174bf6-121a-4e93-97a0-cfe1117d1b88	gb:MK913496|Organism:Influenza	95.300	1468	45	20	90	1540	1	1461	0.0	2307
00bcc46d-a9ae-4690-bb56-9dc41482c02c	gb:MK913496|Organism:Influenza	95.779	1469	41	14	99	1554	1461	1	0.0	2350
f5b28179-c793-4a71-af69-e64d15f8fc99	gb:MK913496|Organism:Influenza	97.194	1461	35	6	97	1551	1461	1	0.0	2466
3d7f27db-3188-4dcd-8a0e-6542445d2a94	gb:MH637219|Organism:Influenza	95.541	897	18	15	95	980	1	886	0.0	1415
0313dd83-83ad-4d72-97dc-68522a5f34de	gb:MH546879|Organism:Influenza	97.765	895	12	8	102	993	890	1	0.0	1535
fabc645a-2582-4c93-b43f-0d4bda45cfa2	gb:MH546879|Organism:Influenza	98.098	894	10	6	92	982	1	890	0.0	1550
420c2558-436f-43c8-bc25-fd3787a47020	gb:MH637219|Organism:Influenza	96.449	873	19	8	115	976	872	1	0.0	1430
55c4f25e-7429-43e3-bdd4-ab0ea5bc6673	gb:MH546879|Organism:Influenza	94.545	880	17	21	113	969	872	1	0.0	1330
8e5cf01f-2c9d-4263-85bc-1b4b28b5fcdc	gb:MH546879|Organism:Influenza	96.976	893	8	9	89	965	1	890	0.0	1482
2ee27c2e-57d7-470c-848b-32a3e5634100	gb:MH546879|Organism:Influenza	97.534	892	12	6	86	969	890	1	0.0	1517
801e3d25-0014-4c6f-8f12-1d49ee4294a0	gb:MH637323|Organism:Influenza	92.920	904	31	26	100	985	1	889	0.0	1284
410eebe8-e05a-4638-b95f-16f6adad1138	gb:MH546879|Organism:Influenza	98.202	890	12	4	93	978	890	1	0.0	1552
9bad2780-6053-4748-83ce-2ac3b8a6de2a	gb:MH546879|Organism:Influenza	98.544	893	8	4	102	992	890	1	0.0	1572
f1a69f98-5209-404a-87dc-3d0fd34b2316	gb:MH546879|Organism:Influenza	96.980	894	16	9	93	979	1	890	0.0	1491
4910a2b8-4a7b-41e9-98b4-ea1188333860	gb:MH546879|Organism:Influenza	96.753	893	17	12	89	972	1	890	0.0	1478
e5e54fd8-cb1c-4477-9e7d-27a71c42dea1	gb:MH546879|Organism:Influenza	98.318	892	8	4	92	978	890	1	0.0	1557
e4356a2e-873c-4491-b34c-b05587ef25dc	gb:MK913496|Organism:Influenza	97.067	1466	36	6	92	1555	1	1461	0.0	2462
d082f027-fa23-4f1a-b18d-e6c7a360c41a	gb:MH546879|Organism:Influenza	96.648	895	20	7	87	976	1	890	0.0	1478
69cfffed-b4c1-4f93-9f75-2c64712653f6	gb:MH546879|Organism:Influenza	95.439	899	20	19	93	983	5	890	0.0	1413
7f5acef6-d7c2-40e3-8dce-e8dd542ec27c	gb:MH637323|Organism:Influenza	91.265	893	33	28	89	944	889	5	0.0	1175
23d970f6-f884-4ce6-9c87-4c1ef1e0baa4	gb:MH546879|Organism:Influenza	98.174	876	8	7	95	964	1	874	0.0	1522
8a3d60b3-d0e4-4ec2-9d68-b2b852c07aee	gb:MH546879|Organism:Influenza	97.765	895	9	4	90	978	890	1	0.0	1531
fb774f11-4c28-4085-9a1f-8d3ce6e8453d	gb:MK913496|Organism:Influenza	97.264	1462	34	5	92	1548	1	1461	0.0	2473
f1b9bba8-c499-409b-b07b-ee3c051ae283	gb:MH546879|Organism:Influenza	98.430	892	9	4	96	984	1	890	0.0	1565
faf8029c-4e2b-4f58-84fa-fb42197203b4	gb:MH546879|Organism:Influenza	99.102	891	7	1	93	983	890	1	0.0	1600
90bd960b-751c-4764-a686-3a61ab261b69	gb:MN254264|Organism:Influenza	94.196	896	29	16	91	969	890	1	0.0	1345
1f246731-43a0-47b4-8878-ba0997318e59	gb:MH546879|Organism:Influenza	98.541	891	8	5	94	980	890	1	0.0	1568
74a90569-6b01-4edb-af45-a2e50e2c1881	gb:MH546879|Organism:Influenza	98.989	890	9	0	104	993	890	1	0.0	1594
eb8e308a-66e7-43f8-84be-13beffec2d24	gb:MK913496|Organism:Influenza	97.133	1465	34	8	92	1552	1461	1	0.0	2466
3f92bc3e-1279-49fb-abb7-3b56e933ad7f	gb:MH546879|Organism:Influenza	95.871	896	18	13	93	975	890	1	0.0	1432
b7c6dc46-4f89-4d86-8bbf-a2456a7758ed	gb:MK913496|Organism:Influenza	92.469	1474	72	30	91	1543	1461	6	0.0	2071
07a5c889-7880-4f42-8d6a-73df640fec86	gb:MH546879|Organism:Influenza	94.661	899	23	17	94	976	890	1	0.0	1371
fe146813-7e9e-4fa4-b8ce-c7253f1218bd	gb:MT818944|Organism:Influenza	93.750	896	26	20	89	960	1	890	0.0	1317
729fa075-8057-4c0a-ba08-b37f908b680a	gb:MH546879|Organism:Influenza	97.868	891	9	10	94	975	890	1	0.0	1531
3168b1ff-8ae4-4a7c-b1db-bc034f7e9c35	gb:MH546879|Organism:Influenza	95.106	899	19	22	90	972	1	890	0.0	1393
3c033b20-d705-476c-9039-d44d1bc8fca6	gb:MH546879|Organism:Influenza	99.214	891	6	1	95	985	890	1	0.0	1605
f610604a-d85e-4e5c-b214-f7b06aacef00	gb:MH546879|Organism:Influenza	95.346	881	20	21	125	993	19	890	0.0	1380
9358fc0e-7419-43d3-91ac-dc4380a02d0a	gb:MH546879|Organism:Influenza	92.650	898	40	25	95	974	1	890	0.0	1269
4fff21be-249f-4c3b-b5d5-c31cd74fe77a	gb:MH546879|Organism:Influenza	97.773	898	9	5	98	992	1	890	0.0	1537
08cfe1a7-346e-4a40-a97f-17a9dc9f22cd	gb:MH546879|Organism:Influenza	97.982	892	11	6	98	984	1	890	0.0	1541
4d18748b-969f-4eef-afc8-8ec77e26fc36	gb:MH546879|Organism:Influenza	97.975	889	13	5	95	980	887	1	0.0	1537
ecb3b460-7533-4b56-ad70-f9a6da3cc57c	gb:MH546879|Organism:Influenza	98.655	892	9	3	92	982	1	890	0.0	1578
92f10164-59c9-47a9-838e-e2ecebc80d5b	gb:MH546879|Organism:Influenza	98.096	893	12	5	98	988	1	890	0.0	1550
71fef0de-022d-4e02-b7e3-da5329508b45	gb:MK913496|Organism:Influenza	94.418	1469	47	27	93	1534	1	1461	0.0	2226
00d32150-5b45-47e2-955d-3391ac8cfa3e	gb:MK913496|Organism:Influenza	93.162	1477	67	28	99	1557	1	1461	0.0	2137
7939d914-e731-45f2-ad42-618002fadcfe	gb:MH546879|Organism:Influenza	94.078	895	26	20	90	966	888	3	0.0	1334
40ae984f-3cce-462c-b36b-b6eaae827e88	gb:MK913496|Organism:Influenza	96.719	1463	37	10	94	1547	1461	1	0.0	2425
3a1a182e-67d0-49aa-ac55-4ffc51be5787	gb:MH546879|Organism:Influenza	96.525	892	18	10	86	966	1	890	0.0	1463
1bfce4f9-9047-4fb1-99ec-1b94b02e0cf0	gb:MK913496|Organism:Influenza	96.862	1466	35	7	83	1542	1	1461	0.0	2442
71bb5582-5322-4adc-802e-a11d4b54daf6	gb:MH546879|Organism:Influenza	98.880	893	6	4	93	984	1	890	0.0	1591
4a39ce80-d09b-4c01-9a70-dc30e5029382	gb:MH546879|Organism:Influenza	91.510	907	37	31	92	975	1	890	0.0	1212
fb9bc885-a0b4-4486-adb4-706d7367138f	gb:MH546879|Organism:Influenza	98.429	891	8	5	98	983	1	890	0.0	1563
dd44f0ac-667a-4575-ab7a-dcc0e253e699	gb:MH546879|Organism:Influenza	92.222	900	41	23	88	968	1	890	0.0	1247
be5076ae-b5d7-41d4-8190-6972084e1263	gb:MK913496|Organism:Influenza	95.365	1467	49	13	89	1542	1	1461	0.0	2314
cdf1c58f-cfd8-43eb-ac05-415d9b156c97	gb:MH546879|Organism:Influenza	98.878	891	8	2	95	984	890	1	0.0	1589
00c46c7d-5461-4a10-90d4-1ccaf11f8dfb	gb:MK913496|Organism:Influenza	95.708	1468	43	15	97	1551	1461	1	0.0	2344
e6f14510-d060-4b0d-8bd7-1b1347181332	gb:MK913496|Organism:Influenza	96.512	1462	45	5	89	1545	1	1461	0.0	2412
59bbbde6-a8d7-4d3c-8507-cf54c12c2789	gb:MH546879|Organism:Influenza	95.536	896	20	17	97	978	890	1	0.0	1415
5cc867b9-fb33-4f4e-9d0e-a1e3211bc35c	gb:MK913496|Organism:Influenza	95.251	1474	50	15	102	1568	1461	1	0.0	2316
d86f2ef0-720b-4907-98f3-cea99c0c215e	gb:MH546879|Organism:Influenza	97.978	890	9	8	94	974	890	1	0.0	1535
601b6889-393c-47a4-b42f-7a11e8ac3e7f	gb:MH501869|Organism:Influenza	93.119	872	31	17	108	957	1	865	0.0	1251
fe780e85-7187-4097-8c44-cd4bba2c9a1d	gb:MH546879|Organism:Influenza	97.105	898	17	9	96	992	890	1	0.0	1506
97a29133-c182-461a-984c-8d8dde14bb1d	gb:MH546879|Organism:Influenza	97.763	894	13	6	123	1013	890	1	0.0	1533
d814c96a-2fcf-46ac-bcbe-ff20ceba1d49	gb:MH546879|Organism:Influenza	98.429	891	10	4	93	980	890	1	0.0	1565
3423dcdc-d082-4332-abe6-dfb0eb7bffcb	gb:MK913496|Organism:Influenza	94.983	1475	45	19	92	1551	1461	1	0.0	2287
a9c19520-410f-4282-905f-cead15e56e9f	gb:MK913496|Organism:Influenza	97.199	1464	34	6	91	1550	1	1461	0.0	2470
94ef9978-8c4e-4026-bfa6-7b7a5fdee560	gb:MH546879|Organism:Influenza	99.102	891	6	2	97	986	1	890	0.0	1600
38620b10-7c72-4762-8659-22004dcafcbd	gb:MH546879|Organism:Influenza	98.655	892	8	4	95	984	890	1	0.0	1578
65f40e68-5a70-4b1c-a5f4-20762a8b4b10	gb:MH546879|Organism:Influenza	98.765	891	9	2	102	991	890	1	0.0	1583
3efe1b7f-644d-48c4-9cb1-bfb170b3d34e	gb:MH546879|Organism:Influenza	97.539	894	12	9	96	983	890	1	0.0	1520
0d8c6ae4-dc91-4b11-9c62-d211a7f1fdb0	gb:MH546879|Organism:Influenza	96.521	891	17	8	86	963	890	1	0.0	1461
cd63893b-b560-4de1-95af-4070b6dc715a	gb:MH546879|Organism:Influenza	96.976	893	15	9	95	978	1	890	0.0	1489
76221ad0-5124-4939-a9d7-191a91f5c944	gb:MH546879|Organism:Influenza	95.745	893	24	11	95	976	1	890	0.0	1426
2eba4d1c-14c8-4581-ad02-4f426fd693a9	gb:MH546879|Organism:Influenza	95.657	898	16	17	100	982	1	890	0.0	1421
80ba9bf1-d818-4ffb-8a70-30cfbbbc039a	gb:MK913438|Organism:Influenza	94.840	1473	44	24	93	1545	1461	1	0.0	2270
d10c8f0a-98d8-4976-b5e5-1baf86041e74	gb:MH546879|Organism:Influenza	95.778	900	19	16	95	985	890	1	0.0	1434
3966e257-aa2e-4b3a-88fa-fb21a7f86366	gb:MH546879|Organism:Influenza	98.096	893	9	5	85	972	890	1	0.0	1548
d519020c-c7f5-47e2-9bc2-2be91a50f6f9	gb:MK913496|Organism:Influenza	96.238	1462	45	9	94	1546	1	1461	0.0	2386
5cc9dfb0-e0c0-48d1-b32e-30128f98b50e	gb:MK913496|Organism:Influenza	97.395	1459	32	6	102	1557	1456	1	0.0	2479
44ba35a9-d57c-44e6-a48e-d1b1d08e137d	gb:MK913496|Organism:Influenza	96.587	1465	41	7	94	1553	1461	1	0.0	2420
3cb59820-dfcb-4e0b-a77c-0c1c0b4b5514	gb:MH546879|Organism:Influenza	98.315	890	12	3	96	982	1	890	0.0	1557
0c5489f4-3560-46cc-8466-8e4e1b95df7e	gb:MH546879|Organism:Influenza	95.875	897	19	14	96	981	890	1	0.0	1435
3297f072-ace2-4203-a648-c8778fe4f0b4	gb:MH546879|Organism:Influenza	98.876	890	8	2	99	986	890	1	0.0	1587
d1c7d196-8415-4706-b502-cf792aced27d	gb:MK913496|Organism:Influenza	97.127	1462	33	7	99	1552	1	1461	0.0	2459
4c9e4268-89da-4ee2-8984-b05317571dad	gb:MH546879|Organism:Influenza	98.652	890	9	2	96	982	890	1	0.0	1574
c2f649b7-78f4-4701-bdb2-6560db4476a6	gb:MH546879|Organism:Influenza	97.648	893	14	5	93	981	1	890	0.0	1526
0dd1a01c-9b4c-4dd4-adeb-3899579ccf36	gb:MH546879|Organism:Influenza	96.648	895	19	9	93	981	1	890	0.0	1476
5ec6732e-e797-4be5-9697-4f9fb2c31fff	gb:MH546879|Organism:Influenza	96.872	895	15	9	90	976	1	890	0.0	1485
ae12a363-62e1-4305-8075-88c4f6f4eb10	gb:MH546879|Organism:Influenza	98.208	893	8	6	90	977	1	890	0.0	1554
8ccea645-eab7-4057-9b4b-4085ebc7be0f	gb:MH546879|Organism:Influenza	97.419	891	11	7	92	971	1	890	0.0	1507
31dc0b4e-6492-4e6c-a57f-d4c6e902f19e	gb:MH546879|Organism:Influenza	98.655	892	7	3	89	977	890	1	0.0	1576
5c67b82c-0d9c-4bdf-91a3-c7c423fd335f	gb:MH546879|Organism:Influenza	97.656	896	11	9	93	984	1	890	0.0	1530
0ce55ccf-57a4-4c0d-8a90-92f999da6f12	gb:MH546879|Organism:Influenza	92.667	900	34	27	96	973	890	1	0.0	1267
ab9bf284-9841-42c7-8b36-2ff910f2f1d2	gb:MH546879|Organism:Influenza	97.324	897	14	8	92	985	890	1	0.0	1515
a5370705-c510-4a29-b7e5-c54f5d74e6ab	gb:MH546879|Organism:Influenza	95.884	899	21	12	94	985	1	890	0.0	1441
4393b486-1269-4639-9123-7c22f5b2bd69	gb:MK913496|Organism:Influenza	97.332	1462	33	4	94	1550	1	1461	0.0	2479
6fd04f8b-e885-411e-88ad-6971ad5fc2ed	gb:MH546879|Organism:Influenza	98.422	887	11	3	98	981	890	4	0.0	1557
cd1301da-d43e-413d-9bba-da8d22ccdff9	gb:MK861133|Organism:Influenza	91.399	872	34	30	121	963	860	1	0.0	1157
596abefe-5c4e-4de6-b82b-b0d6802671f7	gb:MH546879|Organism:Influenza	96.175	889	17	13	93	968	890	6	0.0	1437
9bb58b8b-f1e6-4e8c-a737-9fd4d38d3097	gb:MH546879|Organism:Influenza	98.101	895	10	4	100	994	888	1	0.0	1552
82c46d0d-93e6-4522-9f5e-61f81d0b0ef6	gb:MH546879|Organism:Influenza	98.427	890	8	4	95	978	890	1	0.0	1561
c0350bf3-55dd-4957-9f8b-e94b83125a6b	gb:MH546879|Organism:Influenza	97.763	894	11	4	100	988	1	890	0.0	1531
46ecf65e-e654-42fe-9820-5525e2705958	gb:MK913496|Organism:Influenza	97.611	1465	30	2	98	1561	1461	1	0.0	2507
1e7dd311-dc01-4eb2-8d36-50f9f2cb9312	gb:MH546879|Organism:Influenza	98.320	893	7	8	90	977	890	1	0.0	1559
9d98c9a7-1342-45c0-b55f-7800fca79f4f	gb:MH546879|Organism:Influenza	94.241	903	27	23	94	984	890	1	0.0	1356
cb44483c-392f-4b87-9d7b-a28e0e09c616	gb:MK913496|Organism:Influenza	96.801	1469	34	9	95	1558	1461	1	0.0	2440
7430846c-61f9-4473-9bf9-9abf6b15e0df	gb:MH546879|Organism:Influenza	98.432	893	9	4	96	986	1	890	0.0	1567
706099ad-125f-415e-93e2-6cd59cae5b23	gb:MH546879|Organism:Influenza	97.098	896	10	6	103	988	890	1	0.0	1496
8746e31c-7301-465d-bac1-2225760e2195	gb:MH546879|Organism:Influenza	99.102	891	6	2	88	977	890	1	0.0	1600
3a35abb4-500e-4d82-b662-04c8aa92ab36	gb:CY142350|Organism:Influenza	94.111	849	29	14	117	948	1	845	0.0	1271
ccc776c5-21af-4413-90b7-a72e4b759a9c	gb:MH546879|Organism:Influenza	98.879	892	6	4	92	981	890	1	0.0	1589
e425e481-0ef1-42d1-bc85-a52ed5628dbb	gb:MH546879|Organism:Influenza	99.214	891	5	2	97	986	890	1	0.0	1605
aa6d439c-b7a6-46e8-9ecc-2150671b6bd4	gb:MH546879|Organism:Influenza	96.201	895	21	7	97	983	1	890	0.0	1452
5b4df7d7-ab20-49fc-9854-2e1bb96f8e56	gb:MK913496|Organism:Influenza	96.271	1475	34	15	92	1559	1461	1	0.0	2399
4bf8697a-bb61-47fd-bd4f-31ea66832328	gb:MH546879|Organism:Influenza	97.442	899	11	11	95	990	890	1	0.0	1522
1d156d05-bdb9-4f83-bea6-33ed770c2a00	gb:MH546879|Organism:Influenza	98.765	891	8	3	94	982	1	890	0.0	1581
426d788f-7e01-4877-9458-47df3af9a8ca	gb:MH546879|Organism:Influenza	98.652	890	10	2	102	989	890	1	0.0	1576
9c5dda3e-6c08-49cf-a89a-5d2223f4a8e7	gb:MT818944|Organism:Influenza	97.865	890	12	4	92	974	1	890	0.0	1531
3070c3b8-0bae-4f27-a6d2-18977ec5e426	gb:MH546879|Organism:Influenza	98.876	890	7	3	102	988	890	1	0.0	1585
ca69c047-4353-46e8-9e8b-3acf0f869d3c	gb:MH546471|Organism:Influenza	92.597	878	40	20	97	952	1	875	0.0	1238
04c597d4-3bd2-4206-94b7-d568fefd0cf8	gb:MH546879|Organism:Influenza	97.982	892	10	5	95	980	890	1	0.0	1541
c415cbd8-fb72-4acd-bfe7-377dd09a8f77	gb:MH546879|Organism:Influenza	98.543	892	9	4	92	981	890	1	0.0	1572
558def8c-c08f-48ba-8238-24f4176714bf	gb:MH546879|Organism:Influenza	96.544	897	18	13	96	986	890	1	0.0	1472
d4a77329-2010-4aae-b312-45c8818449f4	gb:MH546879|Organism:Influenza	98.878	891	7	3	95	983	890	1	0.0	1587
45cbaaa5-20ad-48cc-8094-5f517d54866a	gb:MH546879|Organism:Influenza	98.652	890	11	1	94	982	1	890	0.0	1576
2e00384b-f743-4391-8352-7229f827508a	gb:MH546879|Organism:Influenza	98.427	890	9	3	97	981	1	890	0.0	1561
8c2c6101-4b66-4172-8608-b1a0ee68bab9	gb:MH546879|Organism:Influenza	96.767	897	15	11	89	978	1	890	0.0	1483
5cc3fee4-108c-4fe6-983c-c4c5855626e0	gb:MK913496|Organism:Influenza	95.374	1470	47	14	88	1545	1461	1	0.0	2318
7702e54d-86f9-40e9-91fd-216b331478e6	gb:MK913496|Organism:Influenza	97.192	1460	36	4	88	1544	1	1458	0.0	2464
12fadeca-9dab-4b43-b117-efb8b718f5a0	gb:MH546879|Organism:Influenza	94.989	898	24	17	94	978	890	1	0.0	1389
3abc2f6e-118f-472f-9a23-8015212a3f63	gb:MH546879|Organism:Influenza	97.984	893	10	6	120	1007	890	1	0.0	1543
7e518cb8-fa4e-4b8c-9b64-c33b96ad05fd	gb:MK913496|Organism:Influenza	97.741	1461	30	3	93	1550	1461	1	0.0	2512
581f04d4-040f-41c4-9fc0-c639f33d3991	gb:MK913496|Organism:Influenza	97.473	1464	32	3	91	1552	1	1461	0.0	2494
359e9540-77fb-4ae9-84d3-85fe84d72bdd	gb:MH546879|Organism:Influenza	96.659	898	15	13	89	979	890	1	0.0	1478
1b4fe940-edf7-4140-a732-b92a6688ec24	gb:MH546879|Organism:Influenza	97.654	895	8	8	84	970	890	1	0.0	1524
3ce30f59-87e7-4162-8146-5b57d6d4a759	gb:MK913496|Organism:Influenza	96.125	1471	32	16	94	1549	1	1461	0.0	2377
11edf77f-53a1-4e57-b7c5-ec3ca5d5a0ef	gb:MH546879|Organism:Influenza	97.101	897	13	10	93	983	890	1	0.0	1500
46a04fd7-ac12-4242-9b00-9446080a8df1	gb:MH546879|Organism:Influenza	97.528	890	17	4	97	981	890	1	0.0	1517
96e5fa6b-106c-4c22-928b-72f77e6e2ebf	gb:MH546879|Organism:Influenza	97.427	894	14	7	102	990	890	1	0.0	1515
d4e54270-44aa-4a29-b40b-7376860878eb	gb:MK913496|Organism:Influenza	94.361	1472	61	20	93	1553	1461	1	0.0	2239
3be0188a-715e-4646-8942-8367ccfb0e7b	gb:MH546879|Organism:Influenza	98.990	891	6	3	90	978	890	1	0.0	1592
bc7ab0ab-1c55-459c-b233-736d64429963	gb:MH546879|Organism:Influenza	97.324	897	15	8	101	995	1	890	0.0	1515
b014ba11-a84f-4676-a75c-67187da3a6dd	gb:MK913496|Organism:Influenza	96.794	1466	40	7	94	1557	1	1461	0.0	2440
ba91a68e-56d7-432e-985a-e85203290e2a	gb:MK913496|Organism:Influenza	96.580	1462	39	10	114	1565	1	1461	0.0	2412
51150453-13a5-47a7-90f6-2ea7df7d58ed	gb:MH546879|Organism:Influenza	98.878	891	7	2	94	982	890	1	0.0	1587
813a51d7-4482-4d1c-a1a3-91ddcff2d3e2	gb:MH546879|Organism:Influenza	97.654	895	13	6	88	979	1	890	0.0	1530
7710046e-f670-44ff-8dcc-2ea31f1ae644	gb:MK913496|Organism:Influenza	96.431	1457	42	8	89	1537	1	1455	0.0	2394
222bc7ff-9350-477c-be19-7487e2eedca4	gb:MH546879|Organism:Influenza	96.521	891	16	11	90	966	890	1	0.0	1459
36cae31c-c471-4f82-aa7a-ce9a9ca2cb51	gb:MH546879|Organism:Influenza	96.085	894	19	11	96	977	1	890	0.0	1443
b26852e1-0861-479c-ab5f-5903a8bd5db7	gb:MG279807|Organism:Influenza	94.314	897	26	20	94	976	886	1	0.0	1351
2d8cbe6f-4a7f-4c71-9a03-81be7a027053	gb:MH546879|Organism:Influenza	96.865	893	17	8	97	981	1	890	0.0	1483
9cf8cc98-6e27-4513-866c-268982f70614	gb:MK913496|Organism:Influenza	96.997	1465	38	4	100	1562	1461	1	0.0	2457
c6d363ae-eb9d-4fc6-8553-69c42bb793b2	gb:MH546879|Organism:Influenza	96.760	895	15	10	91	976	1	890	0.0	1480
067eafd6-daac-49e2-97aa-458ad05ede50	gb:MH546879|Organism:Influenza	98.878	891	8	2	96	985	890	1	0.0	1589
3146c34a-f203-439a-a058-fccfa5ccbd78	gb:MH546879|Organism:Influenza	97.870	892	10	7	99	983	1	890	0.0	1533
dfe4b376-802e-431c-9534-63ba25338e91	gb:MH546879|Organism:Influenza	99.214	891	5	2	94	983	890	1	0.0	1605
dfe4b376-802e-431c-9534-63ba25338e91	gb:MH546879|Organism:Influenza	96.868	894	8	13	1139	2018	1	888	0.0	1478
d3ff74ef-4f51-47f3-81fd-8c68423c9e05	gb:MK913496|Organism:Influenza	91.769	1470	74	35	92	1523	1	1461	0.0	2001
c27b102b-17d7-49a8-9481-debebf781fdf	gb:MK913496|Organism:Influenza	97.203	1466	36	2	89	1554	1	1461	0.0	2475
48c55c7e-e58b-460d-9c13-0597f349ac2b	gb:MK913496|Organism:Influenza	94.805	1463	49	21	105	1553	12	1461	0.0	2255
fde33c11-6b7b-45a4-b35f-fd8431821c1c	gb:MH546879|Organism:Influenza	98.541	891	7	3	82	967	1	890	0.0	1568
af5b135d-9eb0-441a-ba37-37a02e014ce3	gb:MT818944|Organism:Influenza	97.197	892	18	6	93	979	1	890	0.0	1502
003e0d78-d5d9-4776-ab48-b829e35f4f84	gb:MH546879|Organism:Influenza	87.912	910	55	42	95	969	1	890	0.0	1020
e85be357-cb1a-44d7-9266-7c46e57f8e30	gb:MK913496|Organism:Influenza	88.558	1477	101	56	93	1517	1461	1	0.0	1729
1e477bde-8a51-4668-b75a-92f4f71c1101	gb:MH546879|Organism:Influenza	94.352	903	23	22	92	979	1	890	0.0	1360
5e8d49c1-4649-49c0-a95d-5fe8e98054db	gb:MH546879|Organism:Influenza	96.966	890	17	6	96	975	1	890	0.0	1485
caebae93-37bb-4978-9346-2dfbdab43f14	gb:MH546879|Organism:Influenza	97.882	897	12	4	88	984	1	890	0.0	1544
9c6e9019-b206-4099-a548-2226879e61b8	gb:MK913496|Organism:Influenza	94.266	1465	55	17	97	1542	1455	1	0.0	2213
b07cc6ef-1bf2-42e7-85d6-2a2c201f1e87	gb:MK913496|Organism:Influenza	96.860	1465	36	10	100	1558	1461	1	0.0	2442
acaa44c6-ff6a-4d59-84e4-7cada8018dd9	gb:MK913496|Organism:Influenza	97.067	1466	32	8	100	1559	1	1461	0.0	2459
da2a3db7-dd15-4fb2-824f-1e1fbe2e8b05	gb:MK913496|Organism:Influenza	97.467	1461	32	4	95	1550	1461	1	0.0	2488
686bb1e1-d28a-4681-b838-4e8f79071943	gb:MH637323|Organism:Influenza	97.638	889	11	8	113	993	889	3	0.0	1517
13af58a5-45e1-435b-a6ed-f30d0b974ec7	gb:MK913496|Organism:Influenza	86.221	1495	114	63	92	1534	1	1455	0.0	1535
08cbbe49-7049-4b6b-a1f4-ac92095f79af	gb:MT818944|Organism:Influenza	95.089	896	26	10	94	977	890	1	0.0	1395
e15e9c6a-5fd9-41ca-8716-a6c40791bc3d	gb:MT818944|Organism:Influenza	94.085	896	29	20	93	970	1	890	0.0	1339
8d0d1861-e031-4379-ada7-88ef56bc0c8f	gb:MK913496|Organism:Influenza	97.201	1465	35	5	89	1551	1	1461	0.0	2473
d6baade8-046a-4afb-a14f-f0e5a64bb46e	gb:MH546879|Organism:Influenza	98.432	893	8	5	92	981	890	1	0.0	1567
f7b821bb-8ef8-4e56-8d03-70f8ff693e3a	gb:MK913438|Organism:Influenza	91.173	1484	85	32	95	1555	1461	1	0.0	1973
d11f5c59-37f2-45bc-897c-0b774d69993e	gb:MG280249|Organism:Influenza	92.205	898	33	27	106	990	13	886	0.0	1236
c340a2bf-58e0-40f0-b512-9a4e6acae6ce	gb:MK913496|Organism:Influenza	93.741	1470	53	29	104	1546	1458	1	0.0	2169
197ab801-9fd7-4e5b-b8ad-b38893ad8fa6	gb:MH546879|Organism:Influenza	97.536	893	14	7	97	984	890	1	0.0	1520
a1528e3e-986b-41b5-b39a-c4a5b9352a61	gb:MK913496|Organism:Influenza	96.246	1465	41	11	97	1551	1461	1	0.0	2388
8d983443-ff42-4153-9061-d699880406d8	gb:MH546879|Organism:Influenza	99.213	890	7	0	95	984	1	890	0.0	1605
40b9798a-8b83-4a3e-9fac-aabc81fc95eb	gb:MK913496|Organism:Influenza	96.995	1464	35	8	92	1549	1	1461	0.0	2451
c69d186c-3d90-47cf-b510-70db09f322a3	gb:MH546879|Organism:Influenza	98.767	892	8	3	88	978	1	890	0.0	1583
a1e12a7f-48e5-44d0-988d-4c2c34e2b5ad	gb:MK913496|Organism:Influenza	97.196	1462	32	7	95	1548	1	1461	0.0	2464
05f06b30-8f2d-4bd3-b0c7-efd3e1996b46	gb:MH546879|Organism:Influenza	97.755	891	18	2	88	977	890	1	0.0	1533
f6bdb6e2-ae12-47f2-bf5e-b56acf9c06c6	gb:MH546879|Organism:Influenza	95.117	901	14	22	96	977	1	890	0.0	1393
114234f6-a3d1-4f3c-98e5-1d24a1168eee	gb:KY561241|Organism:Influenza	94.649	1439	57	17	109	1533	1	1433	0.0	2213
6a91fad6-f6d8-40e9-9fe3-d2068934a1d9	gb:MK913496|Organism:Influenza	96.785	1462	32	5	92	1539	1461	1	0.0	2425
88b67412-ec59-43d3-83eb-a45f4d3ad6b9	gb:MH637219|Organism:Influenza	93.750	896	29	25	91	971	1	884	0.0	1319
0bffd76c-ef97-48e1-91b9-c50f7d200466	gb:MH546879|Organism:Influenza	94.673	901	28	15	95	986	1	890	0.0	1380
152b28c6-f818-414b-9a26-d189a4de2b5d	gb:MH546879|Organism:Influenza	98.202	890	12	4	101	986	890	1	0.0	1552
ece42148-a20f-4e69-826e-781712897c84	gb:MH637219|Organism:Influenza	96.119	876	13	14	106	963	873	1	0.0	1410
16ec9e3f-c2cf-469e-83b9-260f74df200c	gb:MH546879|Organism:Influenza	98.544	893	8	5	95	985	1	890	0.0	1572
1333651c-75e2-44bd-a2dc-bbf878792aa2	gb:MH546879|Organism:Influenza	97.194	891	17	6	92	975	890	1	0.0	1500
8ea9dc9c-ac56-413b-9e34-f264be65a6b4	gb:MK913496|Organism:Influenza	95.845	1468	39	18	97	1549	1	1461	0.0	2353
f02767c5-6046-43b5-9727-523a26ddcba8	gb:MH637219|Organism:Influenza	95.318	897	19	20	92	977	1	885	0.0	1402
102b699b-7cfb-4ac4-89ae-6ca1aa561b1a	gb:MH546879|Organism:Influenza	96.983	895	17	9	91	980	1	890	0.0	1495
132fb194-83d8-4030-939f-f8d4648df268	gb:MH546879|Organism:Influenza	97.254	874	12	9	113	977	20	890	0.0	1471
a3737410-c0b8-467e-a54d-5b10cc69109a	gb:MK913496|Organism:Influenza	95.157	1466	50	15	94	1543	1461	1	0.0	2294
9bb323d2-4ff0-4362-bf1d-4a20e8857db8	gb:MH546879|Organism:Influenza	95.884	899	18	15	90	978	890	1	0.0	1437
34711008-3027-47e0-9125-1837bd000421	gb:MH637323|Organism:Influenza	98.990	891	5	3	92	980	889	1	0.0	1592
5a160720-58b0-45f9-927c-55d00da8a788	gb:MH546879|Organism:Influenza	95.201	896	25	18	92	975	890	1	0.0	1400
1cea7c24-c735-465c-a298-1b6f306d3709	gb:MH546879|Organism:Influenza	98.990	891	7	2	92	981	1	890	0.0	1594
36b95401-13f0-4b09-bb83-189abbb0c1c8	gb:MH546879|Organism:Influenza	92.486	905	41	22	109	1001	890	1	0.0	1269
444c27be-463d-4dba-9f72-6e6dc2fde13d	gb:MH546879|Organism:Influenza	95.419	895	16	19	94	968	1	890	0.0	1402
1e81da33-0a8c-4eec-9559-824df9b085fd	gb:MH546879|Organism:Influenza	96.872	895	13	12	95	979	1	890	0.0	1483
17e7b584-e723-4df5-a9f0-0ffdb1aa6c6b	gb:MK913496|Organism:Influenza	96.854	1462	38	7	95	1549	1	1461	0.0	2438
2bfd8499-92d3-4560-aaa2-60f420753ea9	gb:MH546879|Organism:Influenza	96.321	897	23	9	93	986	1	890	0.0	1465
c1945652-2d6f-41d6-a8f5-25ec7637c942	gb:MH546879|Organism:Influenza	95.196	895	28	14	96	980	1	890	0.0	1400
f6b2d8ab-90ce-4031-8079-eac6a5eeb458	gb:MK913496|Organism:Influenza	95.978	1467	40	13	95	1548	1	1461	0.0	2364
aeecfa82-9e3e-45c8-a5b4-1c4f28dc00c2	gb:MH546879|Organism:Influenza	98.206	892	9	3	95	981	1	890	0.0	1552
27dda7cb-5687-4a24-9043-ccfd483254a6	gb:MK913496|Organism:Influenza	97.678	1464	31	3	100	1563	1	1461	0.0	2512
8ca7f736-191f-49cf-b4ab-e78731d46346	gb:MH546879|Organism:Influenza	97.987	894	11	7	96	986	890	1	0.0	1544
80ae667f-3973-4560-9f83-7c67ecd917ab	gb:MH546879|Organism:Influenza	97.987	894	11	4	90	980	1	890	0.0	1544
1fa6f744-b6f8-4d51-824f-4eda3df67dd6	gb:MK913496|Organism:Influenza	93.601	1469	63	19	98	1543	1461	1	0.0	2163
203cff10-26ef-443b-aab5-d6322ac8aee4	gb:MH546879|Organism:Influenza	97.534	892	11	10	88	970	1	890	0.0	1515
bc2be805-724c-485a-bf2b-4e1790f88d51	gb:MW872178|Organism:Influenza	96.081	893	19	13	93	972	1	890	0.0	1441
98ca295e-e868-48ff-8c3b-ad750560469e	gb:MH546879|Organism:Influenza	98.286	875	8	4	116	985	18	890	0.0	1526
86d5cf14-32b2-4aeb-9afd-e2755fd56a4e	gb:MH546879|Organism:Influenza	97.755	891	11	7	88	970	1	890	0.0	1526
7e3dc6e9-a878-48a3-a1ca-fef1e5a2bf83	gb:MK913496|Organism:Influenza	97.207	1468	30	9	96	1559	1	1461	0.0	2473
e3c8290d-8495-48dc-ba2f-c194e1b4a3d1	gb:MH546879|Organism:Influenza	97.547	897	12	8	100	993	890	1	0.0	1526
b3da18e3-1170-40f5-9826-2e7ead86a86b	gb:MK913496|Organism:Influenza	96.041	1465	38	15	98	1546	1	1461	0.0	2366
64604dca-1ada-455d-87a3-8c5d1686207c	gb:MK913496|Organism:Influenza	94.361	1472	55	20	96	1550	1	1461	0.0	2233
7fb47061-a946-48e3-b871-9855283f60e8	gb:MH546879|Organism:Influenza	97.984	893	14	3	104	995	890	1	0.0	1546
9c3745dc-6c96-42e3-85b6-f062c793a2fc	gb:MH546879|Organism:Influenza	98.653	891	10	2	99	988	890	1	0.0	1578
40484a12-84e2-4d2b-9cc5-0ca04bc58c93	gb:MH546879|Organism:Influenza	99.326	890	6	0	96	985	1	890	0.0	1611
daedcdc5-4a76-47f2-aba6-0fa1c90e5f30	gb:MH546879|Organism:Influenza	94.170	892	23	18	90	954	1	890	0.0	1332
989b37b1-000d-4094-9d76-f002d10afff4	gb:MH546879|Organism:Influenza	97.427	894	10	9	96	980	1	890	0.0	1511
1ed0e45b-f6f8-4d35-8e98-4455631f5f37	gb:MH546879|Organism:Influenza	97.870	892	12	6	119	1005	890	1	0.0	1535
3ab8a18c-c15e-4692-ab54-0c8c81a0fb81	gb:MH546879|Organism:Influenza	93.016	902	27	26	94	971	1	890	0.0	1284
33c2f8de-e3d4-4f2c-a593-b96467bca96b	gb:MH546879|Organism:Influenza	99.213	890	6	1	90	978	1	890	0.0	1604
deba804b-ca5a-4e83-b3a8-5947cc0fd713	gb:MH546879|Organism:Influenza	99.102	891	5	3	89	977	890	1	0.0	1598
0a355ff8-6176-41b7-9ea1-a9752edb6481	gb:MH546879|Organism:Influenza	96.089	895	24	7	94	982	890	1	0.0	1448
61ee48d5-92b6-49f1-b98e-5eb2eb974562	gb:MH546879|Organism:Influenza	98.544	893	6	7	91	979	890	1	0.0	1570
04aaead3-04a8-4fd7-bead-5451b27495a4	gb:MT818944|Organism:Influenza	96.663	899	15	7	88	980	1	890	0.0	1480
3b8f4582-5985-4659-b300-d7e3a5e70200	gb:MH546879|Organism:Influenza	98.543	892	10	3	108	998	890	1	0.0	1572
4ac96ffc-8105-4e2c-b677-c6000d453493	gb:MK913496|Organism:Influenza	96.655	1465	41	7	96	1556	1461	1	0.0	2427
f9d26213-0fa1-4434-b159-234f81b57488	gb:MH546879|Organism:Influenza	92.650	898	39	20	94	972	890	1	0.0	1267
c3c5df2b-3747-41a2-84e0-2464fb60b634	gb:MH546879|Organism:Influenza	92.350	902	33	27	92	969	890	1	0.0	1251
2d54658b-52ef-4b94-9cfd-683cde123c3a	gb:KY063978|Organism:Influenza	94.788	1439	57	12	108	1531	1	1436	0.0	2226
ced6c03c-a822-4f27-8188-edb1da136dba	gb:MH546879|Organism:Influenza	97.875	894	11	6	91	980	1	890	0.0	1539
8f691c32-d9a2-4e0c-bdfb-7dc37b9caacf	gb:MH546879|Organism:Influenza	98.098	894	10	6	91	981	890	1	0.0	1550
6b5d436a-f4b0-4439-9768-5f9225d68479	gb:MH546879|Organism:Influenza	97.194	891	11	11	98	975	890	1	0.0	1495
3bd9de1c-a74b-4efc-a2d5-752f77aa568c	gb:MK913496|Organism:Influenza	96.246	1465	44	10	84	1541	1461	1	0.0	2390
813240ec-d9cb-4a6d-8c0b-900ec624d468	gb:MH546879|Organism:Influenza	98.655	892	5	6	93	979	1	890	0.0	1574
f32f0441-5b46-4b99-beac-312407ef68d0	gb:MH546879|Organism:Influenza	99.327	891	5	1	53	943	890	1	0.0	1611
fab9ccbf-b26f-4094-89fc-1e0765275e86	gb:MH546879|Organism:Influenza	97.706	872	11	7	109	972	871	1	0.0	1491
66ca0fcd-31de-4c52-91f2-7a67119897d6	gb:MH546879|Organism:Influenza	98.430	892	10	4	99	988	890	1	0.0	1567
c6d3f1b9-474d-4d86-a963-e1ec4ce4661d	gb:MH637219|Organism:Influenza	96.708	881	22	6	99	973	1	880	0.0	1459
b199e478-a82d-4f0c-9378-429c309b2deb	gb:MK913496|Organism:Influenza	95.575	1469	47	12	95	1553	1461	1	0.0	2337
8ba2de55-7611-4434-8dfb-a56feb613bac	gb:MK913496|Organism:Influenza	95.504	1468	35	17	97	1540	1461	1	0.0	2316
dd52e7eb-839f-49ca-90f4-549fcdd3db8e	gb:MH546879|Organism:Influenza	97.528	890	12	6	90	969	1	890	0.0	1513
b97ae58f-a827-4366-8563-b9e0e6233d20	gb:MH546879|Organism:Influenza	98.543	892	7	5	96	983	890	1	0.0	1570
e5799192-1b2f-411c-8311-7ef7effd900e	gb:MK327714|Organism:Influenza	89.266	913	48	32	92	977	1	890	0.0	1098
de1a4519-7407-4a01-8196-6d5e9578b9d9	gb:MH546879|Organism:Influenza	98.204	891	7	8	95	977	1	890	0.0	1548
70193730-0902-46b6-adfc-101618a46e9d	gb:MH546879|Organism:Influenza	98.094	892	11	5	96	983	890	1	0.0	1548
a74c63bb-aa58-401f-839a-c13f609ccfc4	gb:MH546879|Organism:Influenza	98.096	893	9	6	97	984	890	1	0.0	1548
79971526-0bb1-4127-8ebb-e0467e220c50	gb:MK913496|Organism:Influenza	95.374	1470	42	17	156	1608	1461	1	0.0	2314
8b82da61-142d-44be-a71a-f2c9697e16ec	gb:MH546879|Organism:Influenza	98.202	890	12	3	93	978	1	890	0.0	1552
853686d0-deb3-410e-9292-adaabe3117d0	gb:MK913438|Organism:Influenza	95.913	1468	42	16	100	1556	1461	1	0.0	2362
4708839f-16cd-49e0-8c2f-ecd9efdd7ea3	gb:MK913496|Organism:Influenza	96.099	1461	44	11	98	1550	1	1456	0.0	2370
9d0a6692-3752-49fe-9781-1becb5e5051b	gb:MH546879|Organism:Influenza	97.422	892	7	9	93	970	1	890	0.0	1506
35baded2-4943-48ae-9281-3aee18a2fa23	gb:MH546879|Organism:Influenza	99.325	889	6	0	96	984	889	1	0.0	1609
2725914a-9044-4c0c-b201-f38492519aba	gb:MH546879|Organism:Influenza	97.870	892	13	6	97	984	1	890	0.0	1537
af4a6e10-f609-40b3-9815-b2e033922a57	gb:MH546879|Organism:Influenza	96.300	892	15	14	96	971	1	890	0.0	1448
70216f42-ac69-4a5e-b2c5-450f9dd48e1d	gb:MT818944|Organism:Influenza	95.861	894	20	13	92	972	1	890	0.0	1430
25b51e22-c114-41e0-9916-be5120a1562a	gb:MK913496|Organism:Influenza	97.541	1464	30	6	100	1560	1461	1	0.0	2499
7466db14-b549-424a-8ef8-307ebbc288a6	gb:MH546879|Organism:Influenza	98.429	891	10	4	97	984	890	1	0.0	1565
f764e27f-d88c-408d-81e7-fde06828fbc8	gb:MK913496|Organism:Influenza	94.305	1475	56	24	93	1553	1461	1	0.0	2233
380a06fe-bf1b-420f-900f-2f5f4b29ccd8	gb:MH546879|Organism:Influenza	97.200	893	11	6	88	969	1	890	0.0	1498
5772c07f-e1c4-48e3-9b98-c80e1b5932a0	gb:MH546879|Organism:Influenza	97.200	893	16	9	114	1000	1	890	0.0	1502
9df2f7e5-481f-4168-8cc4-de80339250a3	gb:MH546879|Organism:Influenza	98.541	891	9	3	90	977	1	890	0.0	1570
e88e6d9e-7c2a-44c6-9896-9e03810614d2	gb:MH546879|Organism:Influenza	98.764	890	7	4	87	972	1	890	0.0	1580
7bc20b39-7d1f-4826-8ca4-7145619f1d81	gb:MK913496|Organism:Influenza	93.068	1457	52	33	115	1538	1441	1	0.0	2085
7bc20b39-7d1f-4826-8ca4-7145619f1d81	gb:MK913496|Organism:Influenza	87.517	1474	106	54	1698	3106	1	1461	0.0	1631
8d8d3c62-2aad-4774-9670-e6641cda4f8e	gb:MH546879|Organism:Influenza	98.432	893	8	6	97	986	890	1	0.0	1567
3d05a822-1e4a-4099-bed0-d1d3aa979f63	gb:MT818944|Organism:Influenza	92.770	899	42	17	92	981	890	6	0.0	1279
8f78ab1f-c2b9-4671-abe6-e04c3915eced	gb:MH546879|Organism:Influenza	98.096	893	8	4	97	983	890	1	0.0	1546
4aa0f6db-4e70-4839-869f-9837ee20c965	gb:MH546879|Organism:Influenza	97.318	895	14	7	96	985	1	890	0.0	1511
d5eabae1-c3a4-4dec-92f1-6d351868abc0	gb:MH546879|Organism:Influenza	96.445	872	16	13	111	971	872	5	0.0	1424
be44f352-4a43-4f94-936e-1987f3a68d61	gb:MG280186|Organism:Influenza	92.188	1741	83	41	694	2394	1728	1	0.0	2412
9916f53d-0479-4f05-bd31-c6e9dfa6cc07	gb:MH546879|Organism:Influenza	96.085	894	23	12	82	967	1	890	0.0	1447
239e1827-8c81-404d-a3e4-1a33dbec48a6	gb:MH546879|Organism:Influenza	97.531	891	12	7	96	977	890	1	0.0	1515
73b617b4-94bb-48e9-b539-73ca38b63432	gb:MK913496|Organism:Influenza	91.593	1475	81	36	94	1539	1	1461	0.0	1997
8c396abc-235b-4c08-a423-ca8412e1ea89	gb:MK913496|Organism:Influenza	95.362	1466	46	19	93	1541	1461	1	0.0	2311
d1de4e5a-197e-4c21-85cf-5d85a4b74771	gb:MH546879|Organism:Influenza	97.982	892	10	6	92	977	890	1	0.0	1541
218ac515-bab1-494f-8c25-6a7efe600dbf	gb:MH546879|Organism:Influenza	97.865	890	14	5	98	982	890	1	0.0	1533
ccf984d9-68d4-4aac-9913-5da44ed655a0	gb:MH546879|Organism:Influenza	98.429	891	12	2	98	987	890	1	0.0	1567
eb4188c8-f69f-4cd6-a876-f350dce9c7a4	gb:MH546879|Organism:Influenza	97.424	893	15	5	89	976	890	1	0.0	1515
4b258d5e-683d-4782-8b56-ab5e2f46a8dc	gb:MH546879|Organism:Influenza	98.324	895	8	5	94	986	890	1	0.0	1563
bf09878b-e566-4732-b6f2-f065e7920fc8	gb:MK913496|Organism:Influenza	95.089	1466	53	17	93	1544	1	1461	0.0	2290
8fa703f9-bcc5-42d8-bbdd-c1beab089913	gb:MK913496|Organism:Influenza	96.790	1464	39	6	98	1556	1	1461	0.0	2436
e7ede0f8-d070-4579-aa64-846babe50e82	gb:MH546879|Organism:Influenza	96.760	895	18	10	120	1008	890	1	0.0	1482
21b92757-e098-4c08-aaab-466f21bdc4a9	gb:MH546879|Organism:Influenza	96.222	900	20	12	96	991	890	1	0.0	1461
cb76d1b6-33d7-4194-9dca-e0ee4b9a4fb4	gb:MH546879|Organism:Influenza	96.548	898	17	11	98	989	1	890	0.0	1474
293dd914-7c01-46fe-b9e5-a5f8c6957d37	gb:MH546879|Organism:Influenza	96.193	893	16	15	97	974	890	1	0.0	1445
33f820c8-ae5b-44a4-95b9-b60b130dbd39	gb:MK913496|Organism:Influenza	97.676	1463	29	4	92	1551	1461	1	0.0	2508
9829133c-4cb0-4a99-89ba-887ffaa243ba	gb:MH546879|Organism:Influenza	96.637	892	25	4	93	981	1	890	0.0	1476
e0d68044-8f1a-442a-adc0-d44edd6e1fe8	gb:MK913496|Organism:Influenza	96.382	1465	43	10	123	1581	1	1461	0.0	2403
f4853355-b24a-446b-8e83-bedf5860f4d0	gb:MH546879|Organism:Influenza	91.676	901	38	28	92	966	1	890	0.0	1214
f55fa91c-2d40-41ca-bc22-fb73a6469f41	gb:MH546879|Organism:Influenza	96.861	892	22	6	99	986	890	1	0.0	1487
087e6f0a-70a7-47c9-b47e-e6bc8d5f5f1c	gb:MK913496|Organism:Influenza	97.266	1463	34	6	94	1552	1	1461	0.0	2475
d205a6f7-8a7e-4228-a8b8-94ec7713204e	gb:MH546879|Organism:Influenza	98.652	890	10	2	117	1004	1	890	0.0	1576
625eedb6-63f7-4911-b108-d536bbcb1180	gb:MG280249|Organism:Influenza	96.843	887	17	10	93	969	886	1	0.0	1472
b0154e19-7768-4d9e-bb2b-798020faeb3d	gb:MH546879|Organism:Influenza	95.872	872	22	11	90	950	1	869	0.0	1399
ba962d85-287b-420a-ac51-9c0a075aec5a	gb:MH546879|Organism:Influenza	91.319	910	36	29	94	980	890	1	0.0	1203
47e09028-769a-407a-84bc-30d24c878ff6	gb:MH546879|Organism:Influenza	98.653	891	7	5	100	986	890	1	0.0	1574
4967faae-bec7-4ec7-98c5-e61f9b327b97	gb:MH546879|Organism:Influenza	97.984	893	12	5	96	985	1	890	0.0	1544
e8231fff-ff4d-4972-897e-104ce38ebea7	gb:MH546879|Organism:Influenza	97.427	894	15	8	88	977	890	1	0.0	1517
d5cd1f4b-b131-4045-9589-4e2256305d3e	gb:MH546879|Organism:Influenza	98.764	890	10	1	91	979	890	1	0.0	1581
30213deb-7652-4f62-8d8f-fefb412f56ce	gb:MH546879|Organism:Influenza	97.758	892	13	4	115	1001	1	890	0.0	1530
04a53dd4-7707-4ca4-b8bd-80b253d6d953	gb:MG280249|Organism:Influenza	97.856	886	16	2	95	977	1	886	0.0	1528
e2096a4d-6f8f-4f1e-8556-b7fb00611c75	gb:MH546879|Organism:Influenza	98.204	891	11	5	90	976	1	890	0.0	1552
7a5abbce-cd95-4196-96cc-4081999c85ba	gb:MH546879|Organism:Influenza	97.868	891	12	6	102	986	890	1	0.0	1533
6f0034a9-5cc5-4c95-8c2a-f87b2eebadb9	gb:MH546879|Organism:Influenza	97.207	895	19	6	94	987	890	1	0.0	1509
c34d1267-e584-4434-a873-6a3cbbbfaadb	gb:MT818944|Organism:Influenza	96.644	894	19	11	94	980	1	890	0.0	1474
f1ff9428-af0d-4c64-8bf4-c154c6a80561	gb:MH546879|Organism:Influenza	97.422	892	15	7	96	981	890	1	0.0	1513
2128c108-81ce-42d7-a9d4-b639239dcd50	gb:MH546879|Organism:Influenza	97.654	895	8	6	92	978	1	890	0.0	1524
de17e609-0f0c-4b18-9b1b-19a113e7991a	gb:MH546879|Organism:Influenza	93.743	895	30	18	107	980	890	1	0.0	1319
900200f9-2553-4b84-a720-8be6a619d69d	gb:MT818944|Organism:Influenza	89.294	906	44	37	96	966	888	1	0.0	1086
8a14ace6-3cb1-4fcc-bb3b-17dffca2693c	gb:MN254190|Organism:Influenza	96.753	893	20	8	712	1598	890	1	0.0	1480
00bc5b5f-a0db-480d-8f31-ed0a26d45cb5	gb:MK913477|Organism:Influenza	92.799	1472	68	26	112	1556	1	1461	0.0	2097
639e2ad0-c3ea-4ce1-a5aa-54793e4cc690	gb:MH546879|Organism:Influenza	99.101	890	7	1	92	980	890	1	0.0	1598
24ec9a29-9bf5-448b-884a-182b0a6860cf	gb:MH637219|Organism:Influenza	96.409	891	20	11	93	976	1	886	0.0	1458
7f37d3fc-4d7f-4df6-b237-d444113833c8	gb:MK913496|Organism:Influenza	96.990	1462	31	6	84	1533	1	1461	0.0	2444
afddcfee-511a-49fc-8699-38c4b1f007c8	gb:MH546879|Organism:Influenza	98.318	892	10	3	95	983	890	1	0.0	1559
b5f19c0b-1ae3-4749-8479-5683e9a9878a	gb:MH546879|Organism:Influenza	97.210	896	15	7	94	985	890	1	0.0	1507
efe4e8c4-5521-4558-8e56-2ff368630f4e	gb:MH546879|Organism:Influenza	98.764	890	10	1	87	975	1	890	0.0	1581
1b9c8739-81a8-4347-8b27-7dd2d5a34494	gb:MH546879|Organism:Influenza	98.315	890	9	5	93	976	1	890	0.0	1555
94b17b5f-2d03-4c11-b5e2-a5fc611c727a	gb:MH546879|Organism:Influenza	98.090	890	13	3	93	978	890	1	0.0	1546
69f649f8-e96c-4fee-8fd5-a8d1bf36fac3	gb:MH546879|Organism:Influenza	94.789	902	21	20	85	972	890	1	0.0	1382
f89a30d7-9f73-4734-9297-6c351db2aeb8	gb:MH546879|Organism:Influenza	97.309	892	20	4	88	977	890	1	0.0	1511
313d3985-899d-4535-9782-9e7d291451bd	gb:OL416378|Organism:Influenza	91.234	1426	87	28	114	1517	1	1410	0.0	1906
36418603-467c-4dac-a08e-8015992abbfc	gb:MH546879|Organism:Influenza	96.976	893	9	14	97	974	1	890	0.0	1483
21c793ba-67ce-4ff5-8bf6-e04d9b448151	gb:MH546879|Organism:Influenza	98.765	891	10	1	92	982	890	1	0.0	1583
39f425cd-24b2-4421-9352-7f3fee356156	gb:MK913496|Organism:Influenza	93.265	1470	63	27	96	1538	1	1461	0.0	2134
f9a94e04-1111-4056-ab2c-62a4456226be	gb:MH546879|Organism:Influenza	94.872	897	24	15	89	970	890	1	0.0	1382
7356932e-3598-44cc-aca7-7b2d71073b81	gb:MH546879|Organism:Influenza	98.770	894	7	3	98	991	1	890	0.0	1587
fcd8116a-8bca-4aae-becf-1ee4d69d10b7	gb:MH546879|Organism:Influenza	97.984	893	10	5	98	985	1	890	0.0	1543
7a6bcd7d-596a-431a-987c-527e2c2a654e	gb:MK913496|Organism:Influenza	96.314	1465	36	10	93	1543	1	1461	0.0	2390
3cc76d42-2ea5-470f-b81d-d1b242de3284	gb:MH546879|Organism:Influenza	96.413	892	14	12	114	989	1	890	0.0	1454
f0d20c80-9de8-4136-ab38-686d3577fe35	gb:MH546879|Organism:Influenza	97.982	892	12	5	100	987	890	1	0.0	1543
0695a89f-785d-4b1a-93d2-da7d89d9a71c	gb:MH546879|Organism:Influenza	97.534	892	10	10	111	992	1	890	0.0	1515
3722305d-4e50-407c-9315-27ecc761fe6e	gb:MK913496|Organism:Influenza	96.057	1471	34	17	93	1549	1461	1	0.0	2374
77c02404-272b-4700-a1fe-259400cdcf8d	gb:MK913496|Organism:Influenza	97.266	1463	30	7	102	1556	1461	1	0.0	2471
d1916232-b4de-4418-9dcc-bd10b248304a	gb:MK913496|Organism:Influenza	94.894	1469	44	27	87	1532	1	1461	0.0	2268
7bd4fa55-aa29-40fc-8814-685b4ad37b47	gb:MK995821|Organism:Influenza	94.872	897	16	20	87	960	1	890	0.0	1375
bd421646-7484-4bb3-af70-bcd715a109bf	gb:MW872185|Organism:Influenza	98.652	890	9	3	90	976	1	890	0.0	1574
fe983337-f9f3-43e3-9333-68775690126a	gb:MH546879|Organism:Influenza	96.760	895	20	7	96	986	890	1	0.0	1483
f6a66e7d-ca2a-4752-8283-596f5608e352	gb:MK913496|Organism:Influenza	97.331	1461	35	3	95	1551	1	1461	0.0	2479
d56d32a2-2755-476a-a6ca-d6eef19bc9de	gb:MH546879|Organism:Influenza	96.648	895	20	10	91	980	890	1	0.0	1478
d90e245e-411d-4260-91dc-4d1a65c0df01	gb:MH637219|Organism:Influenza	98.053	873	13	4	108	977	872	1	0.0	1515
77c59766-7beb-424d-991a-45ce0bffae2e	gb:MH546879|Organism:Influenza	98.204	891	11	4	80	966	1	890	0.0	1552
e497bd91-50e0-4863-81bc-4100168acc1f	gb:MK913496|Organism:Influenza	95.964	1462	43	13	89	1535	1	1461	0.0	2359
6356240c-d491-4245-9ac7-b4c64f71e8f3	gb:MH546879|Organism:Influenza	99.326	890	5	1	94	982	1	890	0.0	1609
2edfbc67-b8a8-42f9-b8b0-e33fac54d2f7	gb:MH546879|Organism:Influenza	98.094	892	14	3	92	982	890	1	0.0	1550
6b1ad341-2c01-421b-be3e-f098b9eea6b4	gb:MK913496|Organism:Influenza	97.476	1466	31	2	93	1557	1461	1	0.0	2497
3aad6260-b627-4ad8-8e36-cf350bcc73d9	gb:MK913496|Organism:Influenza	97.270	1465	33	5	95	1556	1	1461	0.0	2477
53d79f78-d16d-4cf5-8914-6a78685e1ec2	gb:MH546879|Organism:Influenza	96.644	894	16	12	93	976	1	890	0.0	1472
31a298ed-111c-432f-8f96-5bc3c4415d14	gb:MK913496|Organism:Influenza	95.374	1470	47	17	98	1555	1461	1	0.0	2318
4f422e60-510e-469f-970a-150f77d7ae4a	gb:MT818944|Organism:Influenza	96.857	891	23	5	102	988	1	890	0.0	1485
eca284f3-c38b-4455-92f5-dc2eee3f092e	gb:MH546879|Organism:Influenza	95.439	899	24	10	96	986	890	1	0.0	1417
1d68e562-3cf3-47f5-9c95-7df50392847b	gb:MH546879|Organism:Influenza	97.770	897	10	6	100	993	1	890	0.0	1537
faa0550b-ef29-4bce-a17e-afed327b2d3a	gb:MT818944|Organism:Influenza	93.984	881	31	20	85	946	1	878	0.0	1314
f21c966a-0e46-4393-9dc5-0cfcf72089d1	gb:MH546879|Organism:Influenza	97.427	894	18	3	89	981	890	1	0.0	1519
31da94da-9682-492d-acb2-dd47487f9543	gb:MK913496|Organism:Influenza	97.674	1462	33	1	97	1558	1	1461	0.0	2510
201da04a-f5be-403f-b148-1fc26057d438	gb:MH546879|Organism:Influenza	98.656	893	9	3	97	989	1	890	0.0	1580
eadee759-9384-4b40-8e05-906a6b2135c8	gb:MT818944|Organism:Influenza	98.214	896	7	6	95	987	1	890	0.0	1557
f7cb3a4b-c791-4c8f-be97-491268acc4d4	gb:MH546879|Organism:Influenza	98.878	891	7	3	93	981	1	890	0.0	1587
9092ba3d-8498-4af1-9448-a69af8d00c99	gb:MH546879|Organism:Influenza	97.868	891	11	7	93	976	890	1	0.0	1533
18da86d4-8980-4f25-aa9e-9d398fc58616	gb:KJ413631|Organism:Influenza	91.047	860	36	29	127	960	30	874	0.0	1127
2afad726-e097-489c-b114-fc18b0d37bfe	gb:MH546879|Organism:Influenza	98.320	893	8	3	94	982	1	890	0.0	1559
c673bce3-045e-493b-a15a-1d54e28b3da5	gb:MK913496|Organism:Influenza	95.414	1461	44	10	104	1547	7	1461	0.0	2305
f1b50a03-ce00-41f1-9b2d-278485e9eea6	gb:MH546879|Organism:Influenza	96.749	892	20	9	83	967	890	1	0.0	1478
8a06095b-5263-4d4f-8f3d-1b70378eeea7	gb:MH546879|Organism:Influenza	98.989	890	9	0	94	983	890	1	0.0	1594
c0b35850-f0bd-42fd-b078-98ff856e3406	gb:MH546879|Organism:Influenza	96.868	894	15	8	96	980	1	890	0.0	1483
e57f319e-a844-40b0-8465-e6fc7e1209cb	gb:MH546879|Organism:Influenza	96.325	898	16	9	97	985	1	890	0.0	1459
81b13deb-2b16-4171-99c4-78f047acb524	gb:MK913496|Organism:Influenza	97.539	1463	29	6	95	1553	1461	2	0.0	2495
03bd89e0-31a2-445b-886b-1b33849d11f3	gb:MH546879|Organism:Influenza	96.218	899	13	17	93	979	1	890	0.0	1452
50943783-0f76-45ab-9b4e-e27a9ff95171	gb:MH546879|Organism:Influenza	98.539	890	6	4	95	977	1	890	0.0	1565
3700f81b-f822-4243-b183-56cbfa139faa	gb:MH546879|Organism:Influenza	97.984	893	13	4	94	984	890	1	0.0	1544
a45443c1-63b1-4a00-86e4-a0bae9328f8e	gb:MH546879|Organism:Influenza	93.750	896	37	16	98	980	890	1	0.0	1327
eefb8437-62aa-40a6-9afa-f25a856c68eb	gb:MH546879|Organism:Influenza	96.300	892	19	9	90	969	1	890	0.0	1452
9fddd659-9ffd-4493-845c-f7bcc573396b	gb:MK913496|Organism:Influenza	96.920	1461	39	6	98	1552	1	1461	0.0	2444
d88d5b57-459d-4bb5-a6e0-6b075156a0d1	gb:MH637219|Organism:Influenza	98.867	883	8	2	101	981	883	1	0.0	1574
c81b007f-4329-4f22-9c4a-0ec3bc77958c	gb:MH546879|Organism:Influenza	92.691	903	29	22	87	965	890	1	0.0	1267
b9205b1a-fc4d-4947-8c2a-63e0a981cb9b	gb:MK913496|Organism:Influenza	96.732	1469	36	8	92	1556	1	1461	0.0	2436
6da70c4c-f521-4888-9105-6ea9e0c46fd4	gb:MH546879|Organism:Influenza	97.433	896	16	4	92	986	890	1	0.0	1520
ed4df15b-5e02-42cf-ac15-4666ca1440de	gb:MH546879|Organism:Influenza	98.212	895	9	6	100	992	1	890	0.0	1557
f4941194-0c3d-4524-b827-bcd13368d443	gb:MH546879|Organism:Influenza	98.098	894	9	7	90	979	1	890	0.0	1550
d9ab508a-43e0-45bf-bd06-6143eca82dca	gb:MK913496|Organism:Influenza	96.204	1449	40	13	104	1544	1442	1	0.0	2357
24286598-f910-4df7-a5fc-97b5e7230941	gb:MH546879|Organism:Influenza	99.101	890	7	1	98	986	890	1	0.0	1598
c9b61fd4-b840-4f51-84f2-e0021ccffde2	gb:MH546879|Organism:Influenza	95.312	896	17	19	96	975	1	887	0.0	1399
3250f2c9-1cc5-45b1-a18f-58c8cb98de52	gb:MH546879|Organism:Influenza	98.318	892	11	4	95	984	1	890	0.0	1561
3956c809-d301-4850-9000-11952fb00bda	gb:MK913496|Organism:Influenza	96.866	1468	36	6	95	1559	1	1461	0.0	2447
c39bd319-8700-407c-83e9-01a12950810b	gb:MH546879|Organism:Influenza	98.204	891	7	5	94	976	1	890	0.0	1548
c39bd319-8700-407c-83e9-01a12950810b	gb:MH546879|Organism:Influenza	93.461	887	28	22	1146	2005	884	1	0.0	1290
105d9edd-3859-4914-9b1c-3ef78fe21bd7	gb:MH546879|Organism:Influenza	97.879	896	11	5	93	986	890	1	0.0	1543
5008674c-7225-4430-92bf-9656fea09094	gb:MH637219|Organism:Influenza	96.796	874	14	12	132	993	1	872	0.0	1447
2ed46272-da54-467c-b817-35aaabad94f1	gb:MH546879|Organism:Influenza	97.318	895	12	7	92	979	1	890	0.0	1509
07c5e55b-20bd-486e-b7d1-fb7868a76580	gb:MH546879|Organism:Influenza	98.320	893	11	4	97	988	890	1	0.0	1563
29f1f573-2f6a-4426-a896-2f03345514ba	gb:MH546879|Organism:Influenza	98.757	885	8	2	91	972	890	6	0.0	1570
4a163f87-a28a-4883-895c-25f8813e5f41	gb:MH546879|Organism:Influenza	98.202	890	12	4	101	986	890	1	0.0	1552
13d01b6c-444e-46d4-8800-92706fca24a9	gb:MH546879|Organism:Influenza	98.652	890	10	2	93	980	1	890	0.0	1576
b7a41e81-e701-4169-b0f9-9c3a55ab02d1	gb:MH251160|Organism:Influenza	92.810	904	31	21	91	974	890	1	0.0	1279
d0c5fdfd-3721-4e02-a875-c62d1745841e	gb:MH546879|Organism:Influenza	98.212	895	10	5	93	986	1	890	0.0	1559
635aa582-32b9-4551-b95d-b59631c5b60d	gb:MK913496|Organism:Influenza	97.467	1461	31	6	97	1551	1461	1	0.0	2488
19da62d8-211c-4a03-94de-dc013c568507	gb:MH546879|Organism:Influenza	97.422	892	13	9	91	974	1	890	0.0	1511
6df2d700-f429-42dd-8771-6af762c01f96	gb:MK913496|Organism:Influenza	96.854	1462	37	8	119	1572	1461	1	0.0	2436
23b6bf92-c8eb-466b-b825-33f34b2be518	gb:MH546879|Organism:Influenza	98.192	885	8	7	100	976	890	6	0.0	1539
9c6f4ec1-d73c-477d-8bd0-31f8b7126fc6	gb:MH546879|Organism:Influenza	99.102	891	6	2	100	989	1	890	0.0	1600
3734bc27-692c-49ea-863f-95ddffa33055	gb:MH546879|Organism:Influenza	95.633	893	21	17	91	968	1	890	0.0	1417
98d14b09-e627-4d52-96d4-6e00db5d3981	gb:MH546879|Organism:Influenza	98.202	890	11	4	112	996	1	890	0.0	1550
0bacf80d-6913-4c79-a375-d5f152344558	gb:MK913496|Organism:Influenza	95.613	1459	48	12	106	1551	1456	1	0.0	2326
940d2c08-0ac6-4010-965f-6c599ff0e7a9	gb:MH546879|Organism:Influenza	95.011	902	22	17	88	978	1	890	0.0	1395
02633308-552c-4a5d-9298-ee12f4058f26	gb:MK913496|Organism:Influenza	91.927	1474	72	33	98	1537	1	1461	0.0	2019
68b28a3b-84f8-4c50-aed3-1c03f90acecd	gb:MH546879|Organism:Influenza	97.085	892	17	8	97	981	1	890	0.0	1495
8fca9b55-1de2-4b6a-adc5-7420677b232f	gb:MK913496|Organism:Influenza	96.117	1468	45	9	96	1558	1	1461	0.0	2385
e8091163-0283-4db3-a766-c6d637d31b6c	gb:MH546879|Organism:Influenza	96.532	894	21	10	97	984	1	890	0.0	1471
93764696-2b6a-48dc-8aa2-60db18174de1	gb:MH546879|Organism:Influenza	97.539	894	12	10	87	974	890	1	0.0	1520
c10b97cb-8472-4329-b991-45a9981fff31	gb:MH546879|Organism:Influenza	99.213	890	7	0	92	981	1	890	0.0	1605
714e852a-b5d0-41bb-b88f-8a046a780697	gb:MH546879|Organism:Influenza	98.765	891	8	3	91	979	890	1	0.0	1581
738c6a3e-1e0a-4cc7-8278-d463f10d9435	gb:MH546879|Organism:Influenza	98.991	892	7	1	93	984	1	890	0.0	1596
be27e1fa-6bf2-4d0d-88c4-ee373517013f	gb:MK913496|Organism:Influenza	96.526	1468	36	13	96	1555	1461	1	0.0	2414
46b244c8-3f3e-46d9-b848-d857f5f80ccb	gb:MH546879|Organism:Influenza	98.990	891	7	2	95	984	890	1	0.0	1594
8539e69a-da04-48c0-abbd-b719f74d46b1	gb:MH546879|Organism:Influenza	96.756	894	15	11	126	1009	890	1	0.0	1478
efaf40c3-4b6b-41f8-9554-46fad355737b	gb:MK913496|Organism:Influenza	96.658	1466	35	12	98	1554	1461	1	0.0	2423
e93bb9fe-ada8-487a-8f61-0ba06d72aaa3	gb:MH546879|Organism:Influenza	98.546	894	9	3	92	985	1	890	0.0	1576
5a9ad072-0a8e-46f3-b18b-653316d45c37	gb:MH546879|Organism:Influenza	98.764	890	9	2	121	1008	890	1	0.0	1581
77a4a200-8eca-45dc-8842-9d27b83a4984	gb:MH546879|Organism:Influenza	97.987	894	11	6	97	987	1	890	0.0	1544
a5bfc6db-f106-468d-9ed2-9ff68fa94465	gb:MH546879|Organism:Influenza	98.765	891	9	2	83	972	890	1	0.0	1583
3b1b1b3e-039c-45a7-8e9d-006f90f7cf37	gb:MH546879|Organism:Influenza	96.637	892	20	7	95	978	890	1	0.0	1472
923107bd-a47f-43ca-8d45-8ab709fa9903	gb:MH546879|Organism:Influenza	98.871	886	7	2	94	976	890	5	0.0	1578
9b0d6159-1c01-4a4b-bbb6-6d0347cfe1ae	gb:MK913496|Organism:Influenza	97.673	1461	33	1	98	1557	1461	1	0.0	2508
053bd164-563e-4905-92c3-3af3311a4472	gb:MT818944|Organism:Influenza	97.088	893	17	9	94	980	890	1	0.0	1496
6e970188-868d-4e96-98cf-8546000143dd	gb:MH637219|Organism:Influenza	96.133	362	10	4	92	449	1	362	2.49e-166	588
6e970188-868d-4e96-98cf-8546000143dd	gb:MH637219|Organism:Influenza	91.714	350	17	10	446	787	346	1	2.02e-132	475
10e0a0d0-4d15-465a-8e65-1524fbf2fdbb	gb:MH546879|Organism:Influenza	98.432	893	10	3	100	991	890	1	0.0	1568
2cb22114-3688-4304-a8ea-3621c6e263ee	gb:CY004950|Organism:Influenza	91.620	895	48	23	93	965	890	1	0.0	1212
d6545702-bfa7-4f9f-b3a5-46100524fd89	gb:MH546879|Organism:Influenza	98.429	891	10	3	98	985	890	1	0.0	1565
f23dab90-ce70-408b-8553-498046113582	gb:MH546879|Organism:Influenza	96.637	892	19	6	97	979	1	890	0.0	1471
85cdec4b-b844-46fd-b527-84cb40ab7abc	gb:MH546879|Organism:Influenza	99.101	890	7	1	95	983	890	1	0.0	1598
852de058-b96a-4d7f-a6f0-9f9f1fc6e5a7	gb:MH546879|Organism:Influenza	98.652	890	9	3	98	984	890	1	0.0	1574
2ca92d98-e9ae-413b-8fc4-b84458ab23d5	gb:MK913496|Organism:Influenza	97.606	1462	31	4	99	1557	1461	1	0.0	2503
4ea0f2b2-69d6-444d-9d22-3996e37d3788	gb:MH546879|Organism:Influenza	97.758	892	14	6	93	980	1	890	0.0	1531
cac747c4-a24d-4064-aa2a-f798e14d615c	gb:MH546879|Organism:Influenza	97.197	892	17	8	101	986	890	1	0.0	1502
2dd2a2bd-e58f-40fc-9a20-5ec15fbfc924	gb:MH546879|Organism:Influenza	95.638	894	16	18	93	967	1	890	0.0	1413
10718777-fd18-43ed-8e6b-2e36882cd4f5	gb:MK237309|Organism:Influenza	92.522	896	37	20	107	982	1	886	0.0	1256
afd607d2-0ebc-47d9-8106-ba88c09912f4	gb:MH546879|Organism:Influenza	93.031	904	36	23	98	988	890	1	0.0	1295
88fc8373-f4b7-4483-8ac0-29c4004aff86	gb:MH637219|Organism:Influenza	96.963	889	14	10	98	978	1	884	0.0	1480
37ab225c-e908-48a4-b370-e756a66bb09c	gb:MH546879|Organism:Influenza	98.653	891	9	3	685	1573	890	1	0.0	1576
6df2a064-88a6-4a12-9488-2982792ad15d	gb:MH546879|Organism:Influenza	96.663	899	15	10	122	1014	1	890	0.0	1480
9a4dd8fd-faef-4ea1-b9e8-3c01b80e654f	gb:MH546879|Organism:Influenza	98.655	892	7	4	89	977	1	890	0.0	1576
ca38720d-baca-41c9-9776-a4579d9913b3	gb:MH546879|Organism:Influenza	96.433	897	12	12	93	976	1	890	0.0	1461
